┌ Info: Threading setup: 
│   Threads.nthreads() = 1
│   n_DFTK = 1
│   n_fft = 1
└   n_blas = 1
┌ Info: 2025-05-13T14:44:15.791
│   name = "Si"
│   Ecut = 18.0
│   kgrid = MonkhorstPack([14, 14, 14])
│   p0 = ComponentVector{Float64}(a = 10.347246312603742)
│   temperature = 0.001
└   smearing = DFTK.Smearing.Gaussian()
n     Energy            log10(ΔE)   log10(Δρ)   Diag   Δtime
---   ---------------   ---------   ---------   ----   ------
  1   -8.447029369242                   -0.97    7.2    13.4s
  2   -8.449334812963       -2.64       -1.73    2.1    7.79s
  3   -8.449391884993       -4.24       -2.86    3.9    3.23s
  4   -8.449392481893       -6.22       -3.94    3.7    2.35s
  5   -8.449392482666       -9.11       -4.71    3.6    2.56s
  6   -8.449392482696      -10.52       -5.89    3.5    2.46s
  7   -8.449392482697      -11.91       -6.56    4.3    2.85s
  8   -8.449392482697      -14.27       -7.66    2.8    2.06s
Iter     Function value   Gradient norm 
     0    -8.449392e+00     6.036646e-03
 * time: 5.1975250244140625e-5
n     Energy            log10(ΔE)   log10(Δρ)   Diag   Δtime
---   ---------------   ---------   ---------   ----   ------
  1   -8.447025311263                   -0.97    7.2    3.14s
  2   -8.449363911718       -2.63       -1.73    2.4    1.91s
  3   -8.449427111538       -4.20       -2.87    3.8    2.23s
  4   -8.449427655175       -6.26       -3.99    3.8    2.33s
  5   -8.449427656483       -8.88       -4.71    4.0    2.17s
  6   -8.449427656576      -10.03       -5.70    4.0    2.43s
  7   -8.449427656578      -11.73       -6.63    4.0    2.08s
  8   -8.449427656578      -13.91       -7.65    4.0    2.77s
n     Energy            log10(ΔE)   log10(Δρ)   Diag   Δtime
---   ---------------   ---------   ---------   ----   ------
  1   -8.447022460004                   -0.97    7.2    3.50s
  2   -8.449362521704       -2.63       -1.73    2.3    1.74s
  3   -8.449427005696       -4.19       -2.86    3.8    1.81s
  4   -8.449427655579       -6.19       -3.97    3.9    2.34s
  5   -8.449427656500       -9.04       -4.71    3.8    2.18s
  6   -8.449427656576      -10.12       -5.74    3.9    2.46s
  7   -8.449427656578      -11.77       -6.59    4.2    2.01s
  8   -8.449427656578      -13.71       -7.68    3.9    2.36s
     1    -8.449428e+00     5.616410e-03
 * time: 53.55227613449097
n     Energy            log10(ΔE)   log10(Δρ)   Diag   Δtime
---   ---------------   ---------   ---------   ----   ------
  1   -8.447065646203                   -0.96    7.1    2.84s
  2   -8.449585396083       -2.60       -1.77    2.3    1.30s
  3   -8.449647139998       -4.21       -2.82    3.9    2.27s
  4   -8.449647641159       -6.30       -4.01    3.8    2.12s
  5   -8.449647646068       -8.31       -4.52    4.4    2.53s
  6   -8.449647646444       -9.43       -5.62    3.7    1.96s
  7   -8.449647646449      -11.31       -6.67    4.1    1.88s
  8   -8.449647646449      -13.45       -7.60    4.3    2.31s
n     Energy            log10(ΔE)   log10(Δρ)   Diag   Δtime
---   ---------------   ---------   ---------   ----   ------
  1   -8.447064820745                   -0.96    7.1    2.94s
  2   -8.449583041116       -2.60       -1.77    2.0    1.71s
  3   -8.449647018066       -4.19       -2.82    3.8    1.85s
  4   -8.449647641594       -6.21       -4.00    3.8    2.23s
  5   -8.449647646051       -8.35       -4.51    4.3    1.95s
  6   -8.449647646444       -9.40       -5.60    3.7    1.99s
  7   -8.449647646449      -11.34       -6.61    4.1    1.93s
  8   -8.449647646449      -13.32       -7.68    4.3    2.57s
     2    -8.449648e+00     2.372128e-04
 * time: 101.67531514167786
n     Energy            log10(ΔE)   log10(Δρ)   Diag   Δtime
---   ---------------   ---------   ---------   ----   ------
  1   -8.447072810988                   -0.96    7.3    4.41s
  2   -8.449590058045       -2.60       -1.77    2.4    1.64s
  3   -8.449647490931       -4.24       -2.81    4.0    2.33s
  4   -8.449648015921       -6.28       -4.02    3.8    2.11s
  5   -8.449648019512       -8.44       -4.58    4.3    2.56s
  6   -8.449648019763       -9.60       -5.64    3.9    2.08s
  7   -8.449648019766      -11.43       -6.64    4.3    2.67s
  8   -8.449648019766      -13.45       -7.74    4.5    2.30s
n     Energy            log10(ΔE)   log10(Δρ)   Diag   Δtime
---   ---------------   ---------   ---------   ----   ------
  1   -8.447077867076                   -0.96    7.4    4.05s
  2   -8.449589694077       -2.60       -1.77    2.3    1.84s
  3   -8.449647579353       -4.24       -2.81    3.9    3.55s
  4   -8.449648015546       -6.36       -4.02    3.8    3.02s
  5   -8.449648019469       -8.41       -4.56    4.5    3.70s
  6   -8.449648019762       -9.53       -5.63    3.9    2.60s
  7   -8.449648019766      -11.38       -6.66    4.4    2.84s
  8   -8.449648019766      -13.47       -7.72    4.4    2.63s
     3    -8.449648e+00     8.726647e-06
 * time: 161.6426920890808
n     Energy            log10(ΔE)   log10(Δρ)   Diag   Δtime
---   ---------------   ---------   ---------   ----   ------
  1   -8.447085493594                   -0.96    7.6    3.42s
  2   -8.449588037647       -2.60       -1.77    2.3    1.92s
  3   -8.449647479323       -4.23       -2.81    4.0    2.65s
  4   -8.449648016862       -6.27       -4.01    3.8    2.25s
  5   -8.449648020038       -8.50       -4.59    4.3    2.06s
  6   -8.449648020269       -9.64       -5.64    3.9    2.11s
  7   -8.449648020273      -11.40       -6.63    4.4    2.05s
  8   -8.449648020273      -13.30       -7.67    4.3    2.32s
n     Energy            log10(ΔE)   log10(Δρ)   Diag   Δtime
---   ---------------   ---------   ---------   ----   ------
  1   -8.447091455605                   -0.96    7.5    4.06s
  2   -8.449591167168       -2.60       -1.77    2.5    2.10s
  3   -8.449647496090       -4.25       -2.81    4.0    1.99s
  4   -8.449648017178       -6.28       -4.00    4.0    2.56s
  5   -8.449648020059       -8.54       -4.60    4.3    2.37s
  6   -8.449648020269       -9.68       -5.66    4.0    2.52s
  7   -8.449648020273      -11.46       -6.64    4.2    2.33s
  8   -8.449648020273      -13.35       -7.82    4.3    2.66s
     4    -8.449648e+00     1.264051e-08
 * time: 216.01519298553467
 * Status: success

 * Candidate solution
    Final objective value:     -8.449648e+00

 * Found with
    Algorithm:     L-BFGS

 * Convergence measures
    |x - x'|               = 1.16e-04 ≰ -1.0e+00
    |x - x'|/|x'|          = 1.13e-05 ≰ 0.0e+00
    |f(x) - f(x')|         = 5.07e-10 ≤ 1.0e-08
    |f(x) - f(x')|/|f(x')| = 6.00e-11 ≰ 0.0e+00
    |g(x)|                 = 1.26e-08 ≤ 1.0e-06

 * Work counters
    Seconds run:   216  (vs limit Inf)
    Iterations:    4
    f(x) calls:    5
    ∇f(x) calls:   5

Si: 308.325243 seconds (367.55 M allocations: 73.609 GiB, 7.77% gc time, 20.58% compilation time: <1% of which was recompilation)
┌ Info: 2025-05-13T14:49:24.960
│   name = "NaCl"
│   Ecut = 44.0
│   kgrid = MonkhorstPack([13, 13, 13])
│   p0 = ComponentVector{Float64}(a = 10.746130571470083)
│   temperature = 0
└   smearing = DFTK.Smearing.None()
n     Energy            log10(ΔE)   log10(Δρ)   Diag   Δtime
---   ---------------   ---------   ---------   ----   ------
  1   -62.04086983018                   -1.20    8.5    21.4s
  2   -62.04337491159       -2.60       -1.26    2.8    13.1s
  3   -62.04680860998       -2.46       -2.17    4.2    13.0s
  4   -62.04680956003       -6.02       -2.56    4.2    11.5s
  5   -62.04681774364       -5.09       -3.63    3.5    10.7s
  6   -62.04681775128       -8.12       -4.55    4.1    16.4s
  7   -62.04681775145       -9.76       -5.42    4.2    13.0s
  8   -62.04681775145      -11.52       -7.33    4.2    11.6s
Iter     Function value   Gradient norm 
     0    -6.204682e+01     1.113424e-02
 * time: 3.600120544433594e-5
n     Energy            log10(ΔE)   log10(Δρ)   Diag   Δtime
---   ---------------   ---------   ---------   ----   ------
  1   -62.04101779663                   -1.20    8.8    22.9s
  2   -62.04352070817       -2.60       -1.26    2.9    9.84s
  3   -62.04693173339       -2.47       -2.17    4.2    11.5s
  4   -62.04693281964       -5.96       -2.57    4.1    12.2s
  5   -62.04694076418       -5.10       -3.63    3.4    10.1s
  6   -62.04694077161       -8.13       -4.57    4.2    12.0s
  7   -62.04694077177       -9.80       -5.39    4.3    12.5s
  8   -62.04694077177      -11.46       -7.40    4.2    13.0s
n     Energy            log10(ΔE)   log10(Δρ)   Diag   Δtime
---   ---------------   ---------   ---------   ----   ------
  1   -62.04101948700                   -1.20    8.7    18.8s
  2   -62.04352387901       -2.60       -1.26    2.9    10.2s
  3   -62.04693169217       -2.47       -2.17    4.2    12.3s
  4   -62.04693279243       -5.96       -2.57    4.1    12.3s
  5   -62.04694076387       -5.10       -3.63    3.4    10.0s
  6   -62.04694077160       -8.11       -4.56    4.2    11.4s
  7   -62.04694077177       -9.78       -5.45    4.3    12.8s
  8   -62.04694077177      -11.58       -7.41    4.2    15.5s
     1    -6.204694e+01     1.096307e-02
 * time: 242.89656710624695
n     Energy            log10(ΔE)   log10(Δρ)   Diag   Δtime
---   ---------------   ---------   ---------   ----   ------
  1   -62.04443281769                   -1.21    8.8    18.0s
  2   -62.04716211569       -2.56       -1.31    3.3    10.0s
  3   -62.04944342627       -2.64       -2.22    4.5    14.9s
  4   -62.04944756408       -5.38       -2.76    4.3    14.5s
  5   -62.04945032762       -5.56       -3.73    3.8    11.8s
  6   -62.04945033102       -8.47       -4.76    4.3    13.6s
  7   -62.04945033107      -10.23       -5.75    4.4    13.4s
  8   -62.04945033108      -12.14       -7.25    4.2    12.8s
n     Energy            log10(ΔE)   log10(Δρ)   Diag   Δtime
---   ---------------   ---------   ---------   ----   ------
  1   -62.04443554718                   -1.21    8.8    22.3s
  2   -62.04716343958       -2.56       -1.31    3.2    8.16s
  3   -62.04944337880       -2.64       -2.22    4.5    13.5s
  4   -62.04944760009       -5.37       -2.76    4.4    14.7s
  5   -62.04945032738       -5.56       -3.73    3.7    11.2s
  6   -62.04945033101       -8.44       -4.72    4.2    12.9s
  7   -62.04945033107      -10.18       -5.67    4.4    12.4s
  8   -62.04945033108      -12.06       -7.23    4.2    12.4s
     2    -6.204945e+01     6.225223e-03
 * time: 492.2720000743866
n     Energy            log10(ΔE)   log10(Δρ)   Diag   Δtime
---   ---------------   ---------   ---------   ----   ------
  1   -62.04477893209                   -1.21    8.4    17.7s
  2   -62.04741712097       -2.58       -1.30    2.8    9.45s
  3   -62.04998690894       -2.59       -2.20    4.3    12.2s
  4   -62.04998980954       -5.54       -2.67    4.3    13.9s
  5   -62.04999428120       -5.35       -3.67    3.6    14.4s
  6   -62.04999428658       -8.27       -4.60    4.2    18.5s
  7   -62.04999428669       -9.93       -5.86    4.3    18.6s
  8   -62.04999428669      -12.38       -7.50    4.3    19.1s
n     Energy            log10(ΔE)   log10(Δρ)   Diag   Δtime
---   ---------------   ---------   ---------   ----   ------
  1   -62.04478245555                   -1.21    8.5    19.1s
  2   -62.04740776211       -2.58       -1.30    3.0    8.55s
  3   -62.04998713889       -2.59       -2.21    4.3    13.6s
  4   -62.04998993497       -5.55       -2.68    4.2    11.6s
  5   -62.04999428187       -5.36       -3.69    3.8    14.1s
  6   -62.04999428660       -8.33       -4.66    4.2    18.7s
  7   -62.04999428669      -10.03       -5.51    4.3    19.0s
  8   -62.04999428669      -11.74       -7.23    4.2    17.8s
     3    -6.204999e+01     1.641099e-03
 * time: 787.7130501270294
n     Energy            log10(ΔE)   log10(Δρ)   Diag   Δtime
---   ---------------   ---------   ---------   ----   ------
  1   -62.04488180799                   -1.21    8.6    23.4s
  2   -62.04753002835       -2.58       -1.30    3.0    11.2s
  3   -62.05003661811       -2.60       -2.21    4.2    11.5s
  4   -62.05003968859       -5.51       -2.69    4.3    10.8s
  5   -62.05004372997       -5.39       -3.69    3.6    10.1s
  6   -62.05004373452       -8.34       -4.67    4.2    10.8s
  7   -62.05004373461      -10.06       -5.62    4.4    11.9s
  8   -62.05004373461      -11.96       -7.20    4.3    11.1s
n     Energy            log10(ΔE)   log10(Δρ)   Diag   Δtime
---   ---------------   ---------   ---------   ----   ------
  1   -62.04488130790                   -1.21    8.5    24.1s
  2   -62.04752554163       -2.58       -1.30    3.1    10.6s
  3   -62.05003664799       -2.60       -2.21    4.3    14.4s
  4   -62.05003968446       -5.52       -2.69    4.3    14.0s
  5   -62.05004373013       -5.39       -3.70    3.6    12.0s
  6   -62.05004373453       -8.36       -4.70    4.2    13.9s
  7   -62.05004373461      -10.11       -5.64    4.3    13.9s
  8   -62.05004373461      -11.96       -7.02    4.2    14.5s
     4    -6.205004e+01     1.796493e-04
 * time: 1044.8666801452637
n     Energy            log10(ΔE)   log10(Δρ)   Diag   Δtime
---   ---------------   ---------   ---------   ----   ------
  1   -62.04489133751                   -1.21    8.3    20.5s
  2   -62.04753502321       -2.58       -1.30    2.9    8.86s
  3   -62.05003725991       -2.60       -2.21    4.3    14.2s
  4   -62.05004040409       -5.50       -2.70    4.2    17.8s
  5   -62.05004430591       -5.41       -3.70    3.5    8.83s
  6   -62.05004431043       -8.35       -4.70    4.2    14.0s
  7   -62.05004431051      -10.11       -5.59    4.3    12.9s
  8   -62.05004431051      -11.87       -7.13    4.1    10.6s
n     Energy            log10(ΔE)   log10(Δρ)   Diag   Δtime
---   ---------------   ---------   ---------   ----   ------
  1   -62.04488669241                   -1.21    8.4    18.0s
  2   -62.04753439904       -2.58       -1.30    3.0    9.22s
  3   -62.05003714955       -2.60       -2.21    4.1    10.6s
  4   -62.05004036455       -5.49       -2.69    4.2    10.2s
  5   -62.05004430583       -5.40       -3.70    3.5    9.83s
  6   -62.05004431042       -8.34       -4.68    4.2    11.4s
  7   -62.05004431051      -10.07       -5.56    4.3    11.4s
  8   -62.05004431051      -11.85       -7.24    4.1    10.5s
     5    -6.205004e+01     6.072919e-06
 * time: 1281.0358409881592
n     Energy            log10(ΔE)   log10(Δρ)   Diag   Δtime
---   ---------------   ---------   ---------   ----   ------
  1   -62.04488742139                   -1.21    8.1    20.4s
  2   -62.04754303731       -2.58       -1.30    2.8    10.0s
  3   -62.05003710524       -2.60       -2.21    4.1    11.9s
  4   -62.05004031074       -5.49       -2.69    4.2    10.8s
  5   -62.05004430615       -5.40       -3.69    3.5    8.70s
  6   -62.05004431105       -8.31       -4.62    4.1    9.92s
  7   -62.05004431116       -9.99       -5.76    4.3    10.5s
  8   -62.05004431116      -12.27       -7.28    4.2    10.4s
n     Energy            log10(ΔE)   log10(Δρ)   Diag   Δtime
---   ---------------   ---------   ---------   ----   ------
  1   -62.04488875404                   -1.21    8.2    16.4s
  2   -62.04753676439       -2.58       -1.30    2.9    8.24s
  3   -62.05003715126       -2.60       -2.21    4.0    10.1s
  4   -62.05004034069       -5.50       -2.69    4.2    9.88s
  5   -62.05004430610       -5.40       -3.69    3.5    8.46s
  6   -62.05004431105       -8.31       -4.64    4.2    11.1s
  7   -62.05004431116       -9.97       -5.61    4.2    11.3s
  8   -62.05004431116      -11.93       -7.35    4.2    12.5s
     6    -6.205004e+01     3.626195e-08
 * time: 1498.023106098175
 * Status: success

 * Candidate solution
    Final objective value:     -6.205004e+01

 * Found with
    Algorithm:     L-BFGS

 * Convergence measures
    |x - x'|               = 2.17e-04 ≰ -1.0e+00
    |x - x'|/|x'|          = 2.12e-05 ≰ 0.0e+00
    |f(x) - f(x')|         = 6.47e-10 ≤ 1.0e-08
    |f(x) - f(x')|/|f(x')| = 1.04e-11 ≰ 0.0e+00
    |g(x)|                 = 3.63e-08 ≤ 1.0e-06

 * Work counters
    Seconds run:   1498  (vs limit Inf)
    Iterations:    6
    f(x) calls:    7
    ∇f(x) calls:   7

NaCl: 1638.530628 seconds (1.20 G allocations: 348.183 GiB, 4.74% gc time, 0.26% compilation time)
┌ Info: 2025-05-13T15:16:43.561
│   name = "Al"
│   Ecut = 20.0
│   kgrid = MonkhorstPack([18, 18, 18])
│   p0 = ComponentVector{Float64}(a = 7.641925528121933)
│   temperature = 0.001
└   smearing = DFTK.Smearing.Gaussian()
n     Energy            log10(ΔE)   log10(Δρ)   Diag   Δtime
---   ---------------   ---------   ---------   ----   ------
  1   -2.316567987848                   -1.46    5.5    1.85s
  2   -2.316667827935       -4.00       -1.85    1.5    1.19s
  3   -2.316690737703       -4.64       -3.57    3.3    1.39s
  4   -2.316690922117       -6.73       -3.98    4.6    2.08s
  5   -2.316690922709       -9.23       -4.25    2.3    1.05s
  6   -2.316690922907       -9.70       -5.14    2.6    1.27s
  7   -2.316690922912      -11.37       -6.00    3.0    1.64s
  8   -2.316690922912      -12.97       -6.64    3.2    1.34s
  9   -2.316690922912      -14.57       -7.06    2.4    1.40s
Iter     Function value   Gradient norm 
     0    -2.316691e+00     9.572429e-04
 * time: 3.2901763916015625e-5
n     Energy            log10(ΔE)   log10(Δρ)   Diag   Δtime
---   ---------------   ---------   ---------   ----   ------
  1   -2.316567096590                   -1.46    5.4    2.65s
  2   -2.316669377651       -3.99       -1.85    1.4    1.02s
  3   -2.316691602779       -4.65       -3.59    3.4    2.25s
  4   -2.316691819014       -6.67       -3.98    4.6    2.26s
  5   -2.316691819553       -9.27       -4.25    2.1    1.23s
  6   -2.316691819748       -9.71       -5.17    2.5    1.01s
  7   -2.316691819752      -11.39       -5.97    3.1    1.49s
  8   -2.316691819752      -13.03       -6.63    3.1    1.22s
  9   -2.316691819752      -14.31       -7.06    2.7    1.42s
n     Energy            log10(ΔE)   log10(Δρ)   Diag   Δtime
---   ---------------   ---------   ---------   ----   ------
  1   -2.316568966077                   -1.46    5.4    2.19s
  2   -2.316669310039       -4.00       -1.85    1.4    785ms
  3   -2.316691584922       -4.65       -3.58    3.4    1.57s
  4   -2.316691818966       -6.63       -3.98    4.5    2.54s
  5   -2.316691819547       -9.24       -4.25    2.2    1.57s
  6   -2.316691819747       -9.70       -5.13    2.4    1.27s
  7   -2.316691819752      -11.34       -6.00    3.1    1.70s
  8   -2.316691819752      -12.95       -6.65    3.2    1.42s
  9   -2.316691819752      -14.51       -7.01    2.5    1.52s
     1    -2.316692e+00     9.165592e-04
 * time: 64.16008186340332
n     Energy            log10(ΔE)   log10(Δρ)   Diag   Δtime
---   ---------------   ---------   ---------   ----   ------
  1   -2.316583800949                   -1.46    5.5    3.62s
  2   -2.316679595927       -4.02       -1.85    1.4    1.33s
  3   -2.316701642182       -4.66       -3.55    3.3    2.49s
  4   -2.316701873258       -6.64       -3.93    4.5    2.49s
  5   -2.316701874111       -9.07       -4.19    2.2    1.87s
  6   -2.316701874437       -9.49       -4.96    2.7    1.34s
  7   -2.316701874444      -11.17       -5.77    2.7    1.48s
  8   -2.316701874444      -12.71       -6.32    2.6    1.24s
  9   -2.316701874444      -14.45       -6.89    2.1    1.02s
 10   -2.316701874444   +    -Inf       -7.47    2.6    1.50s
n     Energy            log10(ΔE)   log10(Δρ)   Diag   Δtime
---   ---------------   ---------   ---------   ----   ------
  1   -2.316586098132                   -1.46    5.4    2.50s
  2   -2.316680023914       -4.03       -1.85    1.4    961ms
  3   -2.316701705031       -4.66       -3.55    3.3    1.89s
  4   -2.316701873307       -6.77       -3.94    4.5    1.87s
  5   -2.316701874125       -9.09       -4.19    2.2    1.49s
  6   -2.316701874437       -9.50       -4.98    2.6    1.19s
  7   -2.316701874444      -11.19       -5.78    2.7    1.48s
  8   -2.316701874444      -12.76       -5.93    2.7    1.17s
  9   -2.316701874444      -14.12       -6.97    1.2    750ms
 10   -2.316701874444      -14.75       -7.53    3.1    1.81s
     2    -2.316702e+00     2.174044e-05
 * time: 132.95747184753418
n     Energy            log10(ΔE)   log10(Δρ)   Diag   Δtime
---   ---------------   ---------   ---------   ----   ------
  1   -2.316584571626                   -1.46    5.5    2.26s
  2   -2.316679956006       -4.02       -1.85    1.4    847ms
  3   -2.316701634595       -4.66       -3.55    3.4    1.70s
  4   -2.316701879054       -6.61       -3.93    4.5    2.10s
  5   -2.316701879901       -9.07       -4.19    2.2    1.56s
  6   -2.316701880219       -9.50       -4.95    2.8    1.31s
  7   -2.316701880226      -11.18       -5.80    2.7    1.63s
  8   -2.316701880226      -12.79       -6.25    2.9    1.22s
  9   -2.316701880226      -14.27       -6.83    1.8    950ms
 10   -2.316701880226      -15.35       -7.31    2.5    1.52s
n     Energy            log10(ΔE)   log10(Δρ)   Diag   Δtime
---   ---------------   ---------   ---------   ----   ------
  1   -2.316586360255                   -1.46    5.6    2.18s
  2   -2.316679738382       -4.03       -1.85    1.4    1.03s
  3   -2.316701702753       -4.66       -3.54    3.4    2.33s
  4   -2.316701878967       -6.75       -3.91    4.5    2.50s
  5   -2.316701879887       -9.04       -4.18    2.3    1.87s
  6   -2.316701880219       -9.48       -4.96    2.6    1.62s
  7   -2.316701880226      -11.13       -5.78    2.8    2.10s
  8   -2.316701880226      -12.66       -6.09    2.7    1.55s
  9   -2.316701880226      -14.31       -6.88    1.5    890ms
 10   -2.316701880226   +    -Inf       -7.47    2.7    1.91s
     3    -2.316702e+00     3.266908e-07
 * time: 202.56359887123108
 * Status: success

 * Candidate solution
    Final objective value:     -2.316702e+00

 * Found with
    Algorithm:     L-BFGS

 * Convergence measures
    |x - x'|               = 5.24e-04 ≰ -1.0e+00
    |x - x'|/|x'|          = 6.88e-05 ≰ 0.0e+00
    |f(x) - f(x')|         = 5.78e-09 ≤ 1.0e-08
    |f(x) - f(x')|/|f(x')| = 2.50e-09 ≰ 0.0e+00
    |g(x)|                 = 3.27e-07 ≤ 1.0e-06

 * Work counters
    Seconds run:   203  (vs limit Inf)
    Iterations:    3
    f(x) calls:    4
    ∇f(x) calls:   4

Al: 237.465036 seconds (164.13 M allocations: 38.958 GiB, 6.41% gc time, 0.00% compilation time)
┌ Info: 2025-05-13T15:20:41.026
│   name = "V"
│   Ecut = 42.0
│   kgrid = MonkhorstPack([20, 20, 20])
│   p0 = ComponentVector{Float64}(a = 5.699267600684394)
│   temperature = 0.001
└   smearing = DFTK.Smearing.Gaussian()
┌ Warning: Negative ρcore detected: -3.4151886922104144e-8
└ @ DFTK ~/.julia/packages/DFTK/n2IL4/src/terms/xc.jl:39
n     Energy            log10(ΔE)   log10(Δρ)   Diag   Δtime
---   ---------------   ---------   ---------   ----   ------
  1   -73.69454219508                   -0.80    9.6    17.4s
  2   -73.71057340662       -1.80       -1.00    5.2    6.52s
  3   -73.71882454900       -2.08       -1.32    6.5    8.89s
  4   -73.72046041824       -2.79       -1.74    6.0    7.58s
  5   -73.72062566491       -3.78       -2.28    5.1    6.82s
  6   -73.72064358586       -4.75       -3.10    5.5    6.99s
  7   -73.72064353519   +   -7.30       -3.48    5.2    7.68s
  8   -73.72064360398       -7.16       -3.92    5.3    6.88s
  9   -73.72064360818       -8.38       -4.28    5.6    7.22s
 10   -73.72064361116       -8.53       -4.85    5.5    6.53s
 11   -73.72064361120      -10.35       -5.55    5.4    7.10s
 12   -73.72064361120      -11.52       -6.25    5.3    7.12s
 13   -73.72064361120      -13.15       -6.31    4.7    6.61s
 14   -73.72064361120   +  -13.07       -7.25    5.2    7.04s
┌ Warning: Negative ρcore detected: Dual{ForwardDiff.Tag{var"#19#21"{@NamedTuple{ham::Hamiltonian, basis::PlaneWaveBasis{Float64, Float64, DFTK.CPU, FFTGrid{Float64, Float64, Array{StaticArraysCore.SVector{3, Int64}, 3}, Array{StaticArraysCore.SVector{3, Float64}, 3}}, Vector{StaticArraysCore.SVector{3, Int64}}}, energies::Energies{Float64}, converged::Bool, occupation_threshold::Float64, ρ::Array{Float64, 4}, τ::Nothing, α::Float64, eigenvalues::Vector{Vector{Float64}}, occupation::Vector{Vector{Float64}}, εF::Float64, n_bands_converge::Int64, n_iter::Int64, n_matvec::Int64, ψ::Vector{Matrix{ComplexF64}}, diagonalization::Vector{@NamedTuple{λ::Vector{Vector{Float64}}, X::Vector{Matrix{ComplexF64}}, residual_norms::Vector{Vector{Float64}}, n_iter::Vector{Int64}, converged::Bool, n_matvec::Int64}}, stage::Symbol, history_Δρ::Vector{Float64}, history_Etot::Vector{Float64}, timedout::Bool, runtime_ns::UInt64, algorithm::String}, Model{Float64, Float64}, Float64, MonkhorstPack, var"#case#4"{Matrix{Float64}, Float64, MonkhorstPack, Vector{StaticArraysCore.SVector{3, Float64}}, Vector{ElementPsp{PspUpf{Float64, Interpolations.Extrapolation{Float64, 1, Interpolations.GriddedInterpolation{Float64, 1, Vector{Float64}, Interpolations.Gridded{Interpolations.Linear{Interpolations.Throw{Interpolations.OnGrid}}}, Tuple{Vector{Float64}}}, Interpolations.Gridded{Interpolations.Linear{Interpolations.Throw{Interpolations.OnGrid}}}, Interpolations.Throw{Nothing}}}}}, Float64, Float64, String}}, Float64}}(-3.4151886922104144e-8,-1.2413273474001241e-8)
└ @ DFTK ~/.julia/packages/DFTK/n2IL4/src/terms/xc.jl:39
Iter     Function value   Gradient norm 
     0    -7.372064e+01     2.599452e-02
 * time: 4.100799560546875e-5
┌ Warning: Negative ρcore detected: -3.2325734866516825e-8
└ @ DFTK ~/.julia/packages/DFTK/n2IL4/src/terms/xc.jl:39
n     Energy            log10(ΔE)   log10(Δρ)   Diag   Δtime
---   ---------------   ---------   ---------   ----   ------
  1   -73.69604119232                   -0.81    9.6    11.2s
  2   -73.71130662027       -1.82       -1.01    5.2    6.15s
  3   -73.71948153176       -2.09       -1.33    6.6    7.98s
  4   -73.72108668742       -2.79       -1.74    6.0    7.23s
  5   -73.72125248592       -3.78       -2.28    5.1    7.37s
  6   -73.72127027811       -4.75       -3.09    5.5    6.96s
  7   -73.72127024789   +   -7.52       -3.51    5.1    6.25s
  8   -73.72127029600       -7.32       -3.91    5.1    6.39s
  9   -73.72127029954       -8.45       -4.28    5.6    9.09s
 10   -73.72127030268       -8.50       -4.80    5.5    6.88s
 11   -73.72127030279       -9.98       -5.52    5.4    6.51s
 12   -73.72127030280      -11.07       -6.18    5.1    8.63s
 13   -73.72127030280      -12.17       -6.71    5.0    7.48s
 14   -73.72127030280      -13.07       -7.36    4.7    6.62s
┌ Warning: Negative ρcore detected: -3.2325734866516825e-8
└ @ DFTK ~/.julia/packages/DFTK/n2IL4/src/terms/xc.jl:39
n     Energy            log10(ΔE)   log10(Δρ)   Diag   Δtime
---   ---------------   ---------   ---------   ----   ------
  1   -73.69603333078                   -0.81    9.6    13.7s
  2   -73.71130815409       -1.82       -1.01    5.2    8.05s
  3   -73.71948223128       -2.09       -1.33    6.6    10.9s
  4   -73.72108650254       -2.79       -1.74    6.0    9.44s
  5   -73.72125283692       -3.78       -2.28    5.1    6.63s
  6   -73.72127027762       -4.76       -3.09    5.4    7.26s
  7   -73.72127024590   +   -7.50       -3.51    5.1    6.48s
  8   -73.72127029610       -7.30       -3.92    5.2    6.33s
  9   -73.72127029943       -8.48       -4.27    5.5    7.14s
 10   -73.72127030268       -8.49       -4.81    5.5    8.69s
 11   -73.72127030279       -9.98       -5.52    5.3    7.67s
 12   -73.72127030280      -11.05       -6.18    5.1    7.98s
 13   -73.72127030280      -12.30       -6.65    5.0    6.10s
 14   -73.72127030280      -12.73       -7.37    4.9    7.20s
┌ Warning: Negative ρcore detected: Dual{ForwardDiff.Tag{var"#19#21"{@NamedTuple{ham::Hamiltonian, basis::PlaneWaveBasis{Float64, Float64, DFTK.CPU, FFTGrid{Float64, Float64, Array{StaticArraysCore.SVector{3, Int64}, 3}, Array{StaticArraysCore.SVector{3, Float64}, 3}}, Vector{StaticArraysCore.SVector{3, Int64}}}, energies::Energies{Float64}, converged::Bool, occupation_threshold::Float64, ρ::Array{Float64, 4}, τ::Nothing, α::Float64, eigenvalues::Vector{Vector{Float64}}, occupation::Vector{Vector{Float64}}, εF::Float64, n_bands_converge::Int64, n_iter::Int64, n_matvec::Int64, ψ::Vector{Matrix{ComplexF64}}, diagonalization::Vector{@NamedTuple{λ::Vector{Vector{Float64}}, X::Vector{Matrix{ComplexF64}}, residual_norms::Vector{Vector{Float64}}, n_iter::Vector{Int64}, converged::Bool, n_matvec::Int64}}, stage::Symbol, history_Δρ::Vector{Float64}, history_Etot::Vector{Float64}, timedout::Bool, runtime_ns::UInt64, algorithm::String}, Model{Float64, Float64}, Float64, MonkhorstPack, var"#case#4"{Matrix{Float64}, Float64, MonkhorstPack, Vector{StaticArraysCore.SVector{3, Float64}}, Vector{ElementPsp{PspUpf{Float64, Interpolations.Extrapolation{Float64, 1, Interpolations.GriddedInterpolation{Float64, 1, Vector{Float64}, Interpolations.Gridded{Interpolations.Linear{Interpolations.Throw{Interpolations.OnGrid}}}, Tuple{Vector{Float64}}}, Interpolations.Gridded{Interpolations.Linear{Interpolations.Throw{Interpolations.OnGrid}}}, Interpolations.Throw{Nothing}}}}}, Float64, Float64, String}}, Float64}}(-3.2325734866516825e-8,-1.3153735794384158e-7)
└ @ DFTK ~/.julia/packages/DFTK/n2IL4/src/terms/xc.jl:39
     1    -7.372127e+01     2.219743e-02
 * time: 287.05681800842285
┌ Warning: Negative ρcore detected: -4.228719047247352e-8
└ @ DFTK ~/.julia/packages/DFTK/n2IL4/src/terms/xc.jl:39
n     Energy            log10(ΔE)   log10(Δρ)   Diag   Δtime
---   ---------------   ---------   ---------   ----   ------
  1   -73.70082147410                   -0.82    9.6    13.6s
  2   -73.71428278134       -1.87       -1.02    5.1    8.59s
  3   -73.72127182602       -2.16       -1.35    6.5    10.4s
  4   -73.72260325554       -2.88       -1.74    5.8    9.14s
  5   -73.72279465601       -3.72       -2.60    5.3    7.75s
  6   -73.72279592372       -5.90       -3.16    5.2    9.82s
  7   -73.72279597843       -7.26       -3.72    5.1    10.7s
  8   -73.72279598596       -8.12       -4.09    4.7    10.1s
  9   -73.72279598732       -8.86       -4.64    5.3    9.01s
 10   -73.72279598768       -9.45       -5.64    5.1    7.72s
 11   -73.72279598768   +  -12.70       -6.14    5.4    8.20s
 12   -73.72279598768      -12.15       -7.01    5.4    8.11s
┌ Warning: Negative ρcore detected: -4.228719047247352e-8
└ @ DFTK ~/.julia/packages/DFTK/n2IL4/src/terms/xc.jl:39
n     Energy            log10(ΔE)   log10(Δρ)   Diag   Δtime
---   ---------------   ---------   ---------   ----   ------
  1   -73.70082905350                   -0.82    9.5    17.2s
  2   -73.71427666338       -1.87       -1.02    5.0    10.9s
  3   -73.72127147051       -2.16       -1.35    6.4    13.7s
  4   -73.72260348172       -2.88       -1.74    5.8    11.2s
  5   -73.72279467252       -3.72       -2.60    5.4    10.8s
  6   -73.72279592050       -5.90       -3.16    5.2    9.85s
  7   -73.72279597906       -7.23       -3.72    5.1    11.1s
  8   -73.72279598607       -8.15       -4.09    4.8    12.0s
  9   -73.72279598732       -8.90       -4.64    5.3    11.0s
 10   -73.72279598768       -9.44       -5.63    5.2    8.97s
 11   -73.72279598768   +  -12.89       -6.13    5.5    9.02s
 12   -73.72279598768      -12.11       -7.01    5.4    9.09s
┌ Warning: Negative ρcore detected: Dual{ForwardDiff.Tag{var"#19#21"{@NamedTuple{ham::Hamiltonian, basis::PlaneWaveBasis{Float64, Float64, DFTK.CPU, FFTGrid{Float64, Float64, Array{StaticArraysCore.SVector{3, Int64}, 3}, Array{StaticArraysCore.SVector{3, Float64}, 3}}, Vector{StaticArraysCore.SVector{3, Int64}}}, energies::Energies{Float64}, converged::Bool, occupation_threshold::Float64, ρ::Array{Float64, 4}, τ::Nothing, α::Float64, eigenvalues::Vector{Vector{Float64}}, occupation::Vector{Vector{Float64}}, εF::Float64, n_bands_converge::Int64, n_iter::Int64, n_matvec::Int64, ψ::Vector{Matrix{ComplexF64}}, diagonalization::Vector{@NamedTuple{λ::Vector{Vector{Float64}}, X::Vector{Matrix{ComplexF64}}, residual_norms::Vector{Vector{Float64}}, n_iter::Vector{Int64}, converged::Bool, n_matvec::Int64}}, stage::Symbol, history_Δρ::Vector{Float64}, history_Etot::Vector{Float64}, timedout::Bool, runtime_ns::UInt64, algorithm::String}, Model{Float64, Float64}, Float64, MonkhorstPack, var"#case#4"{Matrix{Float64}, Float64, MonkhorstPack, Vector{StaticArraysCore.SVector{3, Float64}}, Vector{ElementPsp{PspUpf{Float64, Interpolations.Extrapolation{Float64, 1, Interpolations.GriddedInterpolation{Float64, 1, Vector{Float64}, Interpolations.Gridded{Interpolations.Linear{Interpolations.Throw{Interpolations.OnGrid}}}, Tuple{Vector{Float64}}}, Interpolations.Gridded{Interpolations.Linear{Interpolations.Throw{Interpolations.OnGrid}}}, Interpolations.Throw{Nothing}}}}}, Float64, Float64, String}}, Float64}}(-4.228719047247352e-8,-4.6136696596015905e-11)
└ @ DFTK ~/.julia/packages/DFTK/n2IL4/src/terms/xc.jl:39
     2    -7.372280e+01     2.902412e-03
 * time: 601.7405421733856
┌ Warning: Negative ρcore detected: -4.1527144380004846e-8
└ @ DFTK ~/.julia/packages/DFTK/n2IL4/src/terms/xc.jl:39
n     Energy            log10(ΔE)   log10(Δρ)   Diag   Δtime
---   ---------------   ---------   ---------   ----   ------
  1   -73.70050477414                   -0.82    9.5    13.0s
  2   -73.71414384086       -1.87       -1.02    5.1    8.30s
  3   -73.72125739933       -2.15       -1.35    6.4    9.55s
  4   -73.72260732325       -2.87       -1.72    5.7    10.4s
  5   -73.72281818210       -3.68       -2.59    5.4    11.8s
  6   -73.72281911246       -6.03       -3.17    5.3    10.8s
  7   -73.72281916452       -7.28       -3.75    5.0    11.3s
  8   -73.72281916635       -8.74       -4.05    4.2    8.78s
  9   -73.72281916686       -9.29       -4.60    5.2    8.67s
 10   -73.72281916733       -9.32       -5.20    5.1    9.04s
 11   -73.72281916735      -10.79       -6.14    5.1    8.08s
 12   -73.72281916735      -13.25       -6.58    5.3    11.7s
 13   -73.72281916735      -13.55       -7.03    4.8    9.61s
┌ Warning: Negative ρcore detected: -4.1527144380004846e-8
└ @ DFTK ~/.julia/packages/DFTK/n2IL4/src/terms/xc.jl:39
n     Energy            log10(ΔE)   log10(Δρ)   Diag   Δtime
---   ---------------   ---------   ---------   ----   ------
  1   -73.70050251590                   -0.82    9.6    13.5s
  2   -73.71414708735       -1.87       -1.02    5.0    7.41s
  3   -73.72125734321       -2.15       -1.35    6.5    10.1s
  4   -73.72260688518       -2.87       -1.72    5.8    11.5s
  5   -73.72281818513       -3.68       -2.60    5.3    9.53s
  6   -73.72281911637       -6.03       -3.17    5.4    11.6s
  7   -73.72281916422       -7.32       -3.75    5.0    9.81s
  8   -73.72281916623       -8.70       -4.04    4.3    8.01s
  9   -73.72281916685       -9.21       -4.60    5.2    8.52s
 10   -73.72281916733       -9.32       -5.19    5.1    10.6s
 11   -73.72281916735      -10.79       -6.14    5.1    8.23s
 12   -73.72281916735      -12.94       -6.58    5.2    8.40s
 13   -73.72281916735      -13.37       -7.03    4.8    8.05s
┌ Warning: Negative ρcore detected: Dual{ForwardDiff.Tag{var"#19#21"{@NamedTuple{ham::Hamiltonian, basis::PlaneWaveBasis{Float64, Float64, DFTK.CPU, FFTGrid{Float64, Float64, Array{StaticArraysCore.SVector{3, Int64}, 3}, Array{StaticArraysCore.SVector{3, Float64}, 3}}, Vector{StaticArraysCore.SVector{3, Int64}}}, energies::Energies{Float64}, converged::Bool, occupation_threshold::Float64, ρ::Array{Float64, 4}, τ::Nothing, α::Float64, eigenvalues::Vector{Vector{Float64}}, occupation::Vector{Vector{Float64}}, εF::Float64, n_bands_converge::Int64, n_iter::Int64, n_matvec::Int64, ψ::Vector{Matrix{ComplexF64}}, diagonalization::Vector{@NamedTuple{λ::Vector{Vector{Float64}}, X::Vector{Matrix{ComplexF64}}, residual_norms::Vector{Vector{Float64}}, n_iter::Vector{Int64}, converged::Bool, n_matvec::Int64}}, stage::Symbol, history_Δρ::Vector{Float64}, history_Etot::Vector{Float64}, timedout::Bool, runtime_ns::UInt64, algorithm::String}, Model{Float64, Float64}, Float64, MonkhorstPack, var"#case#4"{Matrix{Float64}, Float64, MonkhorstPack, Vector{StaticArraysCore.SVector{3, Float64}}, Vector{ElementPsp{PspUpf{Float64, Interpolations.Extrapolation{Float64, 1, Interpolations.GriddedInterpolation{Float64, 1, Vector{Float64}, Interpolations.Gridded{Interpolations.Linear{Interpolations.Throw{Interpolations.OnGrid}}}, Tuple{Vector{Float64}}}, Interpolations.Gridded{Interpolations.Linear{Interpolations.Throw{Interpolations.OnGrid}}}, Interpolations.Throw{Nothing}}}}}, Float64, Float64, String}}, Float64}}(-4.1527144380004846e-8,8.464784320795682e-8)
└ @ DFTK ~/.julia/packages/DFTK/n2IL4/src/terms/xc.jl:39
     3    -7.372282e+01     2.483662e-04
 * time: 928.9988970756531
┌ Warning: Negative ρcore detected: -4.164006662151728e-8
└ @ DFTK ~/.julia/packages/DFTK/n2IL4/src/terms/xc.jl:39
n     Energy            log10(ΔE)   log10(Δρ)   Diag   Δtime
---   ---------------   ---------   ---------   ----   ------
  1   -73.70051094196                   -0.82    9.6    14.5s
  2   -73.71416480033       -1.86       -1.02    5.1    7.73s
  3   -73.72126175645       -2.15       -1.35    6.5    9.39s
  4   -73.72260810559       -2.87       -1.72    5.7    8.14s
  5   -73.72281829760       -3.68       -2.59    5.3    7.72s
  6   -73.72281928551       -6.01       -3.17    5.3    8.26s
  7   -73.72281933743       -7.28       -3.75    5.1    10.3s
  8   -73.72281934016       -8.56       -4.05    4.4    8.46s
  9   -73.72281934103       -9.06       -4.60    5.3    8.93s
 10   -73.72281934150       -9.33       -5.23    5.1    10.5s
 11   -73.72281934151      -10.92       -6.14    5.1    7.99s
 12   -73.72281934151      -12.81       -6.58    5.5    11.0s
 13   -73.72281934151      -13.25       -7.05    4.8    9.33s
┌ Warning: Negative ρcore detected: -4.164006662151728e-8
└ @ DFTK ~/.julia/packages/DFTK/n2IL4/src/terms/xc.jl:39
n     Energy            log10(ΔE)   log10(Δρ)   Diag   Δtime
---   ---------------   ---------   ---------   ----   ------
  1   -73.70050420612                   -0.82    9.6    12.4s
  2   -73.71416988351       -1.86       -1.02    5.0    7.69s
  3   -73.72126112537       -2.15       -1.35    6.4    9.38s
  4   -73.72260891485       -2.87       -1.72    5.8    8.19s
  5   -73.72281825277       -3.68       -2.59    5.3    8.16s
  6   -73.72281928474       -5.99       -3.17    5.3    8.38s
  7   -73.72281933647       -7.29       -3.74    5.0    7.65s
  8   -73.72281933987       -8.47       -4.02    4.4    6.94s
  9   -73.72281934104       -8.93       -4.60    5.2    8.54s
 10   -73.72281934150       -9.34       -5.23    5.1    8.02s
 11   -73.72281934151      -10.95       -6.10    5.3    7.81s
 12   -73.72281934151      -12.43       -6.51    5.6    8.28s
 13   -73.72281934151   +  -13.25       -7.06    4.9    7.57s
┌ Warning: Negative ρcore detected: Dual{ForwardDiff.Tag{var"#19#21"{@NamedTuple{ham::Hamiltonian, basis::PlaneWaveBasis{Float64, Float64, DFTK.CPU, FFTGrid{Float64, Float64, Array{StaticArraysCore.SVector{3, Int64}, 3}, Array{StaticArraysCore.SVector{3, Float64}, 3}}, Vector{StaticArraysCore.SVector{3, Int64}}}, energies::Energies{Float64}, converged::Bool, occupation_threshold::Float64, ρ::Array{Float64, 4}, τ::Nothing, α::Float64, eigenvalues::Vector{Vector{Float64}}, occupation::Vector{Vector{Float64}}, εF::Float64, n_bands_converge::Int64, n_iter::Int64, n_matvec::Int64, ψ::Vector{Matrix{ComplexF64}}, diagonalization::Vector{@NamedTuple{λ::Vector{Vector{Float64}}, X::Vector{Matrix{ComplexF64}}, residual_norms::Vector{Vector{Float64}}, n_iter::Vector{Int64}, converged::Bool, n_matvec::Int64}}, stage::Symbol, history_Δρ::Vector{Float64}, history_Etot::Vector{Float64}, timedout::Bool, runtime_ns::UInt64, algorithm::String}, Model{Float64, Float64}, Float64, MonkhorstPack, var"#case#4"{Matrix{Float64}, Float64, MonkhorstPack, Vector{StaticArraysCore.SVector{3, Float64}}, Vector{ElementPsp{PspUpf{Float64, Interpolations.Extrapolation{Float64, 1, Interpolations.GriddedInterpolation{Float64, 1, Vector{Float64}, Interpolations.Gridded{Interpolations.Linear{Interpolations.Throw{Interpolations.OnGrid}}}, Tuple{Vector{Float64}}}, Interpolations.Gridded{Interpolations.Linear{Interpolations.Throw{Interpolations.OnGrid}}}, Interpolations.Throw{Nothing}}}}}, Float64, Float64, String}}, Float64}}(-4.164006662151728e-8,7.838783099114853e-8)
└ @ DFTK ~/.julia/packages/DFTK/n2IL4/src/terms/xc.jl:39
     4    -7.372282e+01     3.442950e-06
 * time: 1226.3354830741882
┌ Warning: Negative ρcore detected: -4.1641591445500944e-8
└ @ DFTK ~/.julia/packages/DFTK/n2IL4/src/terms/xc.jl:39
n     Energy            log10(ΔE)   log10(Δρ)   Diag   Δtime
---   ---------------   ---------   ---------   ----   ------
  1   -73.70051612249                   -0.82    9.7    18.4s
  2   -73.71416536406       -1.86       -1.02    5.0    11.9s
  3   -73.72125991914       -2.15       -1.35    6.4    12.4s
  4   -73.72260889621       -2.87       -1.72    5.8    8.49s
  5   -73.72281830192       -3.68       -2.59    5.3    8.99s
  6   -73.72281928728       -6.01       -3.17    5.4    10.2s
  7   -73.72281933735       -7.30       -3.74    5.0    8.68s
  8   -73.72281934016       -8.55       -4.04    4.4    8.26s
  9   -73.72281934105       -9.05       -4.60    5.2    10.6s
 10   -73.72281934152       -9.32       -5.22    5.0    10.6s
 11   -73.72281934154      -10.89       -6.14    5.1    9.43s
 12   -73.72281934154      -12.81       -6.58    5.5    9.36s
 13   -73.72281934154      -13.25       -7.05    4.8    8.18s
┌ Warning: Negative ρcore detected: -4.1641591445500944e-8
└ @ DFTK ~/.julia/packages/DFTK/n2IL4/src/terms/xc.jl:39
n     Energy            log10(ΔE)   log10(Δρ)   Diag   Δtime
---   ---------------   ---------   ---------   ----   ------
  1   -73.70050954909                   -0.82    9.6    14.4s
  2   -73.71416381273       -1.86       -1.02    5.1    8.28s
  3   -73.72126120857       -2.15       -1.35    6.4    11.0s
  4   -73.72260864984       -2.87       -1.72    5.7    9.21s
  5   -73.72281830527       -3.68       -2.59    5.4    9.11s
  6   -73.72281928912       -6.01       -3.17    5.3    9.15s
  7   -73.72281933774       -7.31       -3.75    5.0    8.11s
  8   -73.72281934027       -8.60       -4.04    4.4    7.97s
  9   -73.72281934102       -9.12       -4.59    5.3    8.68s
 10   -73.72281934152       -9.30       -5.22    5.1    8.88s
 11   -73.72281934154      -10.88       -6.14    5.1    8.20s
 12   -73.72281934154      -12.85       -6.60    5.4    8.74s
 13   -73.72281934154      -13.55       -7.05    4.8    7.97s
┌ Warning: Negative ρcore detected: Dual{ForwardDiff.Tag{var"#19#21"{@NamedTuple{ham::Hamiltonian, basis::PlaneWaveBasis{Float64, Float64, DFTK.CPU, FFTGrid{Float64, Float64, Array{StaticArraysCore.SVector{3, Int64}, 3}, Array{StaticArraysCore.SVector{3, Float64}, 3}}, Vector{StaticArraysCore.SVector{3, Int64}}}, energies::Energies{Float64}, converged::Bool, occupation_threshold::Float64, ρ::Array{Float64, 4}, τ::Nothing, α::Float64, eigenvalues::Vector{Vector{Float64}}, occupation::Vector{Vector{Float64}}, εF::Float64, n_bands_converge::Int64, n_iter::Int64, n_matvec::Int64, ψ::Vector{Matrix{ComplexF64}}, diagonalization::Vector{@NamedTuple{λ::Vector{Vector{Float64}}, X::Vector{Matrix{ComplexF64}}, residual_norms::Vector{Vector{Float64}}, n_iter::Vector{Int64}, converged::Bool, n_matvec::Int64}}, stage::Symbol, history_Δρ::Vector{Float64}, history_Etot::Vector{Float64}, timedout::Bool, runtime_ns::UInt64, algorithm::String}, Model{Float64, Float64}, Float64, MonkhorstPack, var"#case#4"{Matrix{Float64}, Float64, MonkhorstPack, Vector{StaticArraysCore.SVector{3, Float64}}, Vector{ElementPsp{PspUpf{Float64, Interpolations.Extrapolation{Float64, 1, Interpolations.GriddedInterpolation{Float64, 1, Vector{Float64}, Interpolations.Gridded{Interpolations.Linear{Interpolations.Throw{Interpolations.OnGrid}}}, Tuple{Vector{Float64}}}, Interpolations.Gridded{Interpolations.Linear{Interpolations.Throw{Interpolations.OnGrid}}}, Interpolations.Throw{Nothing}}}}}, Float64, Float64, String}}, Float64}}(-4.1641591445500944e-8,7.829932144835473e-8)
└ @ DFTK ~/.julia/packages/DFTK/n2IL4/src/terms/xc.jl:39
     5    -7.372282e+01     1.593482e-09
 * time: 1550.1308860778809
 * Status: success

 * Candidate solution
    Final objective value:     -7.372282e+01

 * Found with
    Algorithm:     L-BFGS

 * Convergence measures
    |x - x'|               = 1.95e-05 ≰ -1.0e+00
    |x - x'|/|x'|          = 3.52e-06 ≰ 0.0e+00
    |f(x) - f(x')|         = 2.96e-11 ≤ 1.0e-08
    |f(x) - f(x')|/|f(x')| = 4.02e-13 ≰ 0.0e+00
    |g(x)|                 = 1.59e-09 ≤ 1.0e-06

 * Work counters
    Seconds run:   1550  (vs limit Inf)
    Iterations:    5
    f(x) calls:    6
    ∇f(x) calls:   6

V: 1714.962168 seconds (791.06 M allocations: 375.790 GiB, 4.90% gc time, 0.01% compilation time)
