┌ Info: Threading setup: 
│   Threads.nthreads() = 1
│   n_DFTK = 1
│   n_fft = 1
└   n_blas = 1
┌ Info: 2025-05-13T15:43:48.357
│   name = "Si"
│   Ecut = 18.0
│   kgrid = MonkhorstPack([14, 14, 14])
│   p0 = ComponentVector{Float64}(a = 10.347246312603742)
│   temperature = 0.001
└   smearing = DFTK.Smearing.Gaussian()
n     Energy            log10(ΔE)   log10(Δρ)   Diag   Δtime
---   ---------------   ---------   ---------   ----   ------
  1   -8.450665643043                   -0.96    6.9    13.7s
  2   -8.452699578913       -2.69       -1.76    2.0    5.86s
  3   -8.452758380715       -4.23       -2.82    3.7    3.11s
  4   -8.452758902694       -6.28       -3.94    4.0    2.32s
  5   -8.452758909866       -8.14       -4.43    4.3    2.59s
  6   -8.452758910302       -9.36       -5.54    3.8    2.37s
  7   -8.452758910309      -11.20       -6.18    4.4    1.85s
  8   -8.452758910309      -12.71       -7.76    3.6    1.94s
Iter     Function value   Gradient norm 
     0    -8.452759e+00     3.595052e-03
 * time: 5.0067901611328125e-5
n     Energy            log10(ΔE)   log10(Δρ)   Diag   Δtime
---   ---------------   ---------   ---------   ----   ------
  1   -8.450662964511                   -0.96    7.1    3.58s
  2   -8.452708845773       -2.69       -1.76    2.3    1.46s
  3   -8.452770833890       -4.21       -2.81    3.8    3.02s
  4   -8.452771378885       -6.26       -3.93    4.3    2.53s
  5   -8.452771386367       -8.13       -4.42    4.4    2.22s
  6   -8.452771386832       -9.33       -5.55    3.9    1.64s
  7   -8.452771386839      -11.17       -6.23    4.5    3.01s
  8   -8.452771386839      -12.85       -7.76    3.8    1.69s
n     Energy            log10(ΔE)   log10(Δρ)   Diag   Δtime
---   ---------------   ---------   ---------   ----   ------
  1   -8.450644196583                   -0.96    7.1    4.07s
  2   -8.452707792168       -2.69       -1.76    2.2    1.61s
  3   -8.452770778051       -4.20       -2.81    3.8    2.45s
  4   -8.452771380108       -6.22       -3.94    4.1    2.41s
  5   -8.452771386410       -8.20       -4.44    4.5    2.34s
  6   -8.452771386833       -9.37       -5.57    3.9    2.59s
  7   -8.452771386839      -11.24       -6.22    4.4    2.15s
  8   -8.452771386839      -12.88       -7.67    3.7    2.17s
     1    -8.452771e+00     3.345753e-03
 * time: 55.27209711074829
n     Energy            log10(ΔE)   log10(Δρ)   Diag   Δtime
---   ---------------   ---------   ---------   ----   ------
  1   -8.450670328203                   -0.96    7.0    3.07s
  2   -8.452788933202       -2.67       -1.76    2.1    1.47s
  3   -8.452849998157       -4.21       -2.81    3.9    2.48s
  4   -8.452850702028       -6.15       -3.95    4.0    3.42s
  5   -8.452850706096       -8.39       -4.53    4.2    3.10s
  6   -8.452850706334       -9.62       -5.55    3.8    2.85s
  7   -8.452850706339      -11.33       -6.18    4.2    2.59s
  8   -8.452850706339      -12.67       -7.76    3.8    2.59s
n     Energy            log10(ΔE)   log10(Δρ)   Diag   Δtime
---   ---------------   ---------   ---------   ----   ------
  1   -8.450673601848                   -0.96    7.0    2.95s
  2   -8.452789131071       -2.67       -1.76    2.1    1.82s
  3   -8.452850076233       -4.22       -2.81    3.8    2.66s
  4   -8.452850701090       -6.20       -3.95    4.1    2.69s
  5   -8.452850706052       -8.30       -4.50    4.4    2.66s
  6   -8.452850706334       -9.55       -5.55    3.9    2.70s
  7   -8.452850706339      -11.29       -6.15    4.3    2.59s
  8   -8.452850706339      -12.62       -7.77    3.8    2.78s
     2    -8.452851e+00     8.393648e-05
 * time: 113.95674109458923
n     Energy            log10(ΔE)   log10(Δρ)   Diag   Δtime
---   ---------------   ---------   ---------   ----   ------
  1   -8.450673939158                   -0.96    7.1    3.83s
  2   -8.452791967656       -2.67       -1.76    2.2    1.65s
  3   -8.452850116427       -4.24       -2.81    3.9    2.83s
  4   -8.452850750314       -6.20       -3.96    4.2    3.06s
  5   -8.452850754557       -8.37       -4.54    4.2    3.03s
  6   -8.452850754770       -9.67       -5.60    4.0    2.19s
  7   -8.452850754774      -11.40       -6.19    4.4    2.48s
  8   -8.452850754775      -12.71       -7.76    3.7    2.47s
n     Energy            log10(ΔE)   log10(Δρ)   Diag   Δtime
---   ---------------   ---------   ---------   ----   ------
  1   -8.450668972740                   -0.96    7.1    2.99s
  2   -8.452789338529       -2.67       -1.76    2.2    1.60s
  3   -8.452850202626       -4.22       -2.79    3.8    1.76s
  4   -8.452850749552       -6.26       -3.94    4.1    2.09s
  5   -8.452850754492       -8.31       -4.48    4.3    1.88s
  6   -8.452850754769       -9.56       -5.57    3.8    1.87s
  7   -8.452850754774      -11.28       -6.17    4.5    1.87s
  8   -8.452850754775      -12.66       -7.92    3.9    2.00s
     3    -8.452851e+00     1.883378e-06
 * time: 164.9986171722412
n     Energy            log10(ΔE)   log10(Δρ)   Diag   Δtime
---   ---------------   ---------   ---------   ----   ------
  1   -8.450668940378                   -0.96    7.2    2.72s
  2   -8.452788462770       -2.67       -1.76    2.2    1.24s
  3   -8.452850171756       -4.21       -2.82    3.7    2.02s
  4   -8.452850749976       -6.24       -3.95    4.1    2.07s
  5   -8.452850754520       -8.34       -4.51    4.3    1.86s
  6   -8.452850754794       -9.56       -5.56    3.8    1.93s
  7   -8.452850754799      -11.30       -6.20    4.4    1.84s
  8   -8.452850754799      -12.76       -7.88    3.8    1.95s
n     Energy            log10(ΔE)   log10(Δρ)   Diag   Δtime
---   ---------------   ---------   ---------   ----   ------
  1   -8.450667703316                   -0.96    7.2    2.98s
  2   -8.452789429752       -2.67       -1.76    2.2    1.62s
  3   -8.452850135475       -4.22       -2.81    3.8    1.74s
  4   -8.452850749432       -6.21       -3.96    4.2    2.12s
  5   -8.452850754481       -8.30       -4.49    4.5    2.25s
  6   -8.452850754793       -9.51       -5.54    3.7    2.16s
  7   -8.452850754799      -11.26       -6.18    4.4    1.88s
  8   -8.452850754799      -12.66       -7.78    3.8    2.04s
     4    -8.452851e+00     1.214356e-11
 * time: 210.72943902015686
 * Status: success

 * Candidate solution
    Final objective value:     -8.452851e+00

 * Found with
    Algorithm:     L-BFGS

 * Convergence measures
    |x - x'|               = 2.59e-05 ≰ -1.0e+00
    |x - x'|/|x'|          = 2.52e-06 ≰ 0.0e+00
    |f(x) - f(x')|         = 2.44e-11 ≤ 1.0e-08
    |f(x) - f(x')|/|f(x')| = 2.88e-12 ≰ 0.0e+00
    |g(x)|                 = 1.21e-11 ≤ 1.0e-06

 * Work counters
    Seconds run:   211  (vs limit Inf)
    Iterations:    4
    f(x) calls:    5
    ∇f(x) calls:   5

Si: 304.338539 seconds (366.96 M allocations: 73.429 GiB, 7.73% gc time, 21.51% compilation time: <1% of which was recompilation)
┌ Info: 2025-05-13T15:48:53.544
│   name = "NaCl"
│   Ecut = 44.0
│   kgrid = MonkhorstPack([13, 13, 13])
│   p0 = ComponentVector{Float64}(a = 10.746130571470083)
│   temperature = 0
└   smearing = DFTK.Smearing.None()
n     Energy            log10(ΔE)   log10(Δρ)   Diag   Δtime
---   ---------------   ---------   ---------   ----   ------
  1   -62.12253341584                   -1.19    8.4    25.1s
  2   -62.12578081876       -2.49       -1.23    2.9    11.6s
  3   -62.12982199896       -2.39       -2.10    4.4    12.6s
  4   -62.12984048609       -4.73       -2.73    4.0    13.3s
  5   -62.12984289628       -5.62       -3.63    3.9    13.7s
  6   -62.12984290302       -8.17       -4.57    4.2    13.9s
  7   -62.12984290321       -9.73       -5.37    4.2    13.7s
  8   -62.12984290321      -11.18       -6.77    4.1    15.2s
  9   -62.12984290321   +  -14.15       -8.07    4.5    15.7s
Iter     Function value   Gradient norm 
     0    -6.212984e+01     6.171724e-03
 * time: 3.600120544433594e-5
n     Energy            log10(ΔE)   log10(Δρ)   Diag   Δtime
---   ---------------   ---------   ---------   ----   ------
  1   -62.12257761918                   -1.19    8.4    21.8s
  2   -62.12583582880       -2.49       -1.23    2.7    9.57s
  3   -62.12985982225       -2.40       -2.10    4.4    13.7s
  4   -62.12987834390       -4.73       -2.74    4.0    12.1s
  5   -62.12988065387       -5.64       -3.65    4.0    12.9s
  6   -62.12988066008       -8.21       -4.60    4.2    12.7s
  7   -62.12988066027       -9.73       -5.38    4.2    12.7s
  8   -62.12988066027      -11.14       -6.89    4.1    13.1s
  9   -62.12988066027   +  -13.45       -8.08    4.6    14.2s
n     Energy            log10(ΔE)   log10(Δρ)   Diag   Δtime
---   ---------------   ---------   ---------   ----   ------
  1   -62.12257932569                   -1.19    8.6    19.8s
  2   -62.12583446620       -2.49       -1.23    2.8    9.84s
  3   -62.12985988781       -2.40       -2.10    4.5    13.5s
  4   -62.12987831527       -4.73       -2.74    4.0    15.1s
  5   -62.12988065382       -5.63       -3.65    4.0    12.2s
  6   -62.12988066009       -8.20       -4.60    4.2    13.3s
  7   -62.12988066026       -9.75       -5.35    4.2    13.8s
  8   -62.12988066027      -11.09       -6.96    4.2    14.8s
  9   -62.12988066027   +  -13.19       -8.08    4.6    13.6s
     1    -6.212988e+01     6.063657e-03
 * time: 285.46003007888794
n     Energy            log10(ΔE)   log10(Δρ)   Diag   Δtime
---   ---------------   ---------   ---------   ----   ------
  1   -62.12426721067                   -1.20    8.0    17.6s
  2   -62.12758074665       -2.48       -1.27    2.9    10.5s
  3   -62.13076709912       -2.50       -2.14    4.3    10.4s
  4   -62.13078130719       -4.85       -2.86    4.0    9.61s
  5   -62.13078241985       -5.95       -3.71    3.9    9.41s
  6   -62.13078242386       -8.40       -4.70    4.3    10.4s
  7   -62.13078242395      -10.08       -5.42    4.1    11.5s
  8   -62.13078242395      -11.41       -7.44    4.1    11.0s
n     Energy            log10(ΔE)   log10(Δρ)   Diag   Δtime
---   ---------------   ---------   ---------   ----   ------
  1   -62.12426182619                   -1.20    8.2    15.5s
  2   -62.12757624973       -2.48       -1.27    2.9    7.67s
  3   -62.13076714392       -2.50       -2.14    4.3    9.69s
  4   -62.13078128924       -4.85       -2.86    4.1    9.63s
  5   -62.13078241984       -5.95       -3.71    3.9    9.59s
  6   -62.13078242386       -8.40       -4.70    4.3    10.4s
  7   -62.13078242395      -10.05       -5.43    4.2    10.5s
  8   -62.13078242395      -11.37       -7.42    4.1    11.5s
     2    -6.213078e+01     1.329989e-03
 * time: 491.59152388572693
n     Energy            log10(ΔE)   log10(Δρ)   Diag   Δtime
---   ---------------   ---------   ---------   ----   ------
  1   -62.12418212050                   -1.20    8.3    19.2s
  2   -62.12748291131       -2.48       -1.26    2.9    9.82s
  3   -62.13079809455       -2.48       -2.13    4.2    12.9s
  4   -62.13081310608       -4.82       -2.83    3.9    14.5s
  5   -62.13081444036       -5.87       -3.67    3.9    14.2s
  6   -62.13081444535       -8.30       -4.62    4.3    15.0s
  7   -62.13081444546       -9.96       -5.39    4.2    13.2s
  8   -62.13081444547      -11.41       -7.07    4.1    12.3s
n     Energy            log10(ΔE)   log10(Δρ)   Diag   Δtime
---   ---------------   ---------   ---------   ----   ------
  1   -62.12418440618                   -1.20    8.2    19.4s
  2   -62.12748166571       -2.48       -1.26    2.9    9.60s
  3   -62.13079814766       -2.48       -2.13    4.2    11.9s
  4   -62.13081312734       -4.82       -2.83    4.0    12.4s
  5   -62.13081444060       -5.88       -3.68    3.9    12.7s
  6   -62.13081444535       -8.32       -4.63    4.2    12.2s
  7   -62.13081444546       -9.97       -5.38    4.1    12.2s
  8   -62.13081444547      -11.38       -7.22    4.1    12.1s
     3    -6.213081e+01     2.116429e-04
 * time: 740.4717059135437
n     Energy            log10(ΔE)   log10(Δρ)   Diag   Δtime
---   ---------------   ---------   ---------   ----   ------
  1   -62.12419654310                   -1.20    8.2    21.2s
  2   -62.12750511476       -2.48       -1.26    3.0    9.84s
  3   -62.13079923935       -2.48       -2.13    4.2    12.8s
  4   -62.13081402986       -4.83       -2.82    3.9    12.2s
  5   -62.13081537245       -5.87       -3.67    3.9    12.8s
  6   -62.13081537738       -8.31       -4.62    4.3    13.1s
  7   -62.13081537749       -9.95       -5.36    4.1    12.1s
  8   -62.13081537750      -11.34       -7.33    4.1    12.2s
n     Energy            log10(ΔE)   log10(Δρ)   Diag   Δtime
---   ---------------   ---------   ---------   ----   ------
  1   -62.12419451590                   -1.20    8.2    18.0s
  2   -62.12750396374       -2.48       -1.26    2.9    9.01s
  3   -62.13079922150       -2.48       -2.13    4.1    11.4s
  4   -62.13081404694       -4.83       -2.83    4.0    11.4s
  5   -62.13081537266       -5.88       -3.68    3.9    11.0s
  6   -62.13081537739       -8.33       -4.63    4.2    12.2s
  7   -62.13081537750       -9.97       -5.40    4.2    12.3s
  8   -62.13081537750      -11.38       -7.35    4.0    11.6s
     4    -6.213082e+01     6.046277e-06
 * time: 976.0681080818176
n     Energy            log10(ΔE)   log10(Δρ)   Diag   Δtime
---   ---------------   ---------   ---------   ----   ------
  1   -62.12419906140                   -1.20    8.5    18.8s
  2   -62.12750789534       -2.48       -1.26    3.0    8.78s
  3   -62.13079920981       -2.48       -2.14    4.2    11.4s
  4   -62.13081408247       -4.83       -2.83    4.0    11.7s
  5   -62.13081537345       -5.89       -3.68    4.0    11.3s
  6   -62.13081537815       -8.33       -4.63    4.3    12.9s
  7   -62.13081537825       -9.98       -5.36    4.2    12.3s
  8   -62.13081537826      -11.33       -7.33    4.2    11.9s
n     Energy            log10(ΔE)   log10(Δρ)   Diag   Δtime
---   ---------------   ---------   ---------   ----   ------
  1   -62.12419770655                   -1.20    8.5    19.5s
  2   -62.12750392532       -2.48       -1.26    3.0    10.1s
  3   -62.13079917330       -2.48       -2.13    4.4    12.9s
  4   -62.13081407342       -4.83       -2.83    4.0    11.6s
  5   -62.13081537331       -5.89       -3.67    3.9    11.2s
  6   -62.13081537814       -8.32       -4.62    4.3    12.0s
  7   -62.13081537825       -9.97       -5.33    4.3    12.7s
  8   -62.13081537826      -11.31       -7.41    4.1    12.8s
     5    -6.213082e+01     3.018732e-08
 * time: 1213.045401096344
 * Status: success

 * Candidate solution
    Final objective value:     -6.213082e+01

 * Found with
    Algorithm:     L-BFGS

 * Convergence measures
    |x - x'|               = 2.51e-04 ≰ -1.0e+00
    |x - x'|/|x'|          = 2.41e-05 ≰ 0.0e+00
    |f(x) - f(x')|         = 7.56e-10 ≤ 1.0e-08
    |f(x) - f(x')|/|f(x')| = 1.22e-11 ≰ 0.0e+00
    |g(x)|                 = 3.02e-08 ≤ 1.0e-06

 * Work counters
    Seconds run:   1213  (vs limit Inf)
    Iterations:    5
    f(x) calls:    6
    ∇f(x) calls:   6

NaCl: 1383.966418 seconds (1.13 G allocations: 326.337 GiB, 4.73% gc time, 0.28% compilation time)
┌ Info: 2025-05-13T16:11:57.546
│   name = "Al"
│   Ecut = 20.0
│   kgrid = MonkhorstPack([18, 18, 18])
│   p0 = ComponentVector{Float64}(a = 7.641925528121933)
│   temperature = 0.001
└   smearing = DFTK.Smearing.Gaussian()
n     Energy            log10(ΔE)   log10(Δρ)   Diag   Δtime
---   ---------------   ---------   ---------   ----   ------
  1   -2.316333121543                   -1.46    5.5    2.68s
  2   -2.316420928502       -4.06       -1.84    1.4    1.48s
  3   -2.316441161390       -4.69       -3.59    3.3    1.65s
  4   -2.316441422088       -6.58       -4.08    4.7    2.26s
  5   -2.316441422586       -9.30       -4.39    2.4    1.07s
  6   -2.316441422718       -9.88       -5.03    2.7    1.42s
  7   -2.316441422721      -11.41       -5.92    2.5    1.16s
  8   -2.316441422722      -13.13       -6.40    2.9    1.47s
  9   -2.316441422722      -14.31       -7.24    2.1    1.06s
Iter     Function value   Gradient norm 
     0    -2.316441e+00     9.302047e-04
 * time: 4.1961669921875e-5
n     Energy            log10(ΔE)   log10(Δρ)   Diag   Δtime
---   ---------------   ---------   ---------   ----   ------
  1   -2.316332531352                   -1.46    5.4    2.04s
  2   -2.316421246157       -4.05       -1.84    1.4    799ms
  3   -2.316442085911       -4.68       -3.58    3.4    1.67s
  4   -2.316442269573       -6.74       -4.08    4.5    1.69s
  5   -2.316442270059       -9.31       -4.40    2.4    1.37s
  6   -2.316442270183       -9.91       -5.04    2.8    1.13s
  7   -2.316442270187      -11.40       -5.91    2.5    1.36s
  8   -2.316442270187      -12.94       -6.38    2.8    1.22s
  9   -2.316442270187      -14.31       -7.33    1.8    946ms
n     Energy            log10(ΔE)   log10(Δρ)   Diag   Δtime
---   ---------------   ---------   ---------   ----   ------
  1   -2.316333198749                   -1.46    5.4    2.00s
  2   -2.316421626121       -4.05       -1.84    1.3    770ms
  3   -2.316442056399       -4.69       -3.58    3.2    1.78s
  4   -2.316442269593       -6.67       -4.08    4.6    1.87s
  5   -2.316442270061       -9.33       -4.40    2.4    1.32s
  6   -2.316442270183       -9.92       -5.04    2.6    1.09s
  7   -2.316442270187      -11.38       -5.92    2.5    1.33s
  8   -2.316442270187      -12.92       -6.47    3.0    1.18s
  9   -2.316442270187      -14.35       -7.28    2.0    1.03s
     1    -2.316442e+00     8.919090e-04
 * time: 56.888206005096436
n     Energy            log10(ΔE)   log10(Δρ)   Diag   Δtime
---   ---------------   ---------   ---------   ----   ------
  1   -2.316347918014                   -1.46    5.5    2.97s
  2   -2.316432562341       -4.07       -1.84    1.3    1.07s
┌ Warning: Eigensolver not converged
│   n_iter =
│    195-element Vector{Int64}:
│     6
│     5
│     6
│     5
│     ⋮
│     3
│     3
│     3
└ @ DFTK ~/.julia/packages/DFTK/n2IL4/src/scf/self_consistent_field.jl:76
  3   -2.316451818973       -4.72       -3.57    3.2    1.91s
  4   -2.316452049743       -6.64       -4.05    4.6    1.72s
  5   -2.316452050327       -9.23       -4.35    2.4    1.46s
  6   -2.316452050496       -9.77       -4.97    2.7    1.19s
  7   -2.316452050502      -11.25       -5.65    2.4    1.36s
  8   -2.316452050502      -12.78       -6.26    2.6    1.22s
  9   -2.316452050502      -13.99       -6.92    2.4    1.08s
 10   -2.316452050502      -14.88       -7.45    2.3    1.32s
n     Energy            log10(ΔE)   log10(Δρ)   Diag   Δtime
---   ---------------   ---------   ---------   ----   ------
  1   -2.316351214928                   -1.46    5.4    2.02s
  2   -2.316432313489       -4.09       -1.84    1.3    777ms
  3   -2.316451862670       -4.71       -3.55    3.3    1.63s
  4   -2.316452049645       -6.73       -4.02    4.4    1.63s
  5   -2.316452050309       -9.18       -4.34    2.5    1.36s
  6   -2.316452050495       -9.73       -4.95    2.8    1.14s
  7   -2.316452050502      -11.21       -5.63    2.3    1.28s
  8   -2.316452050502      -12.72       -6.34    2.6    1.09s
  9   -2.316452050502      -14.15       -7.10    2.4    1.08s
     2    -2.316452e+00     1.358558e-05
 * time: 115.73781204223633
n     Energy            log10(ΔE)   log10(Δρ)   Diag   Δtime
---   ---------------   ---------   ---------   ----   ------
  1   -2.316348907238                   -1.46    5.5    2.27s
  2   -2.316432272007       -4.08       -1.84    1.4    955ms
  3   -2.316451862406       -4.71       -3.55    3.3    1.96s
  4   -2.316452051921       -6.72       -4.02    4.5    1.85s
  5   -2.316452052593       -9.17       -4.34    2.5    1.41s
  6   -2.316452052779       -9.73       -4.95    2.8    1.45s
  7   -2.316452052785      -11.23       -5.61    2.4    1.79s
  8   -2.316452052785      -12.72       -6.33    2.7    2.08s
  9   -2.316452052785      -14.12       -7.10    2.4    1.33s
n     Energy            log10(ΔE)   log10(Δρ)   Diag   Δtime
---   ---------------   ---------   ---------   ----   ------
  1   -2.316351849071                   -1.46    5.6    2.11s
  2   -2.316432812844       -4.09       -1.84    1.4    828ms
  3   -2.316451849208       -4.72       -3.56    3.3    1.75s
  4   -2.316452051971       -6.69       -4.03    4.5    1.91s
  5   -2.316452052609       -9.20       -4.35    2.5    1.68s
  6   -2.316452052779       -9.77       -4.95    2.8    1.27s
  7   -2.316452052785      -11.21       -5.65    2.4    1.61s
  8   -2.316452052785      -12.77       -6.35    2.7    1.26s
  9   -2.316452052785      -14.12       -7.07    2.4    1.34s
     3    -2.316452e+00     3.707846e-08
 * time: 177.31377983093262
 * Status: success

 * Candidate solution
    Final objective value:     -2.316452e+00

 * Found with
    Algorithm:     L-BFGS

 * Convergence measures
    |x - x'|               = 3.35e-04 ≰ -1.0e+00
    |x - x'|/|x'|          = 4.40e-05 ≰ 0.0e+00
    |f(x) - f(x')|         = 2.28e-09 ≤ 1.0e-08
    |f(x) - f(x')|/|f(x')| = 9.86e-10 ≰ 0.0e+00
    |g(x)|                 = 3.71e-08 ≤ 1.0e-06

 * Work counters
    Seconds run:   177  (vs limit Inf)
    Iterations:    3
    f(x) calls:    4
    ∇f(x) calls:   4

Al: 213.939764 seconds (158.88 M allocations: 37.536 GiB, 6.35% gc time, 0.04% compilation time)
┌ Info: 2025-05-13T16:15:31.487
│   name = "V"
│   Ecut = 42.0
│   kgrid = MonkhorstPack([20, 20, 20])
│   p0 = ComponentVector{Float64}(a = 5.699267600684394)
│   temperature = 0.001
└   smearing = DFTK.Smearing.Gaussian()
┌ Warning: Negative ρcore detected: -3.4151886922104144e-8
└ @ DFTK ~/.julia/packages/DFTK/n2IL4/src/terms/xc.jl:39
n     Energy            log10(ΔE)   log10(Δρ)   Diag   Δtime
---   ---------------   ---------   ---------   ----   ------
  1   -73.73028824920                   -0.84    9.7    10.2s
  2   -73.74339026010       -1.88       -1.04    5.4    6.45s
  3   -73.75053059193       -2.15       -1.37    6.7    8.47s
  4   -73.75181207730       -2.89       -1.76    6.0    6.72s
  5   -73.75197714537       -3.78       -2.25    5.0    6.26s
  6   -73.75199700836       -4.70       -3.08    5.5    6.50s
  7   -73.75199702057       -7.91       -3.54    4.8    6.13s
  8   -73.75199703342       -7.89       -4.12    5.3    6.91s
  9   -73.75199703232   +   -8.96       -4.38    5.8    6.31s
 10   -73.75199703379       -8.83       -4.79    5.6    5.93s
 11   -73.75199703381      -10.80       -5.58    3.8    4.79s
 12   -73.75199703381      -12.08       -6.27    4.9    5.98s
 13   -73.75199703381      -12.67       -6.50    4.7    5.56s
 14   -73.75199703381   +  -13.00       -6.92    5.2    5.70s
 15   -73.75199703381   +  -13.00       -7.73    4.9    5.67s
┌ Warning: Negative ρcore detected: Dual{ForwardDiff.Tag{var"#19#21"{@NamedTuple{ham::Hamiltonian, basis::PlaneWaveBasis{Float64, Float64, DFTK.CPU, FFTGrid{Float64, Float64, Array{StaticArraysCore.SVector{3, Int64}, 3}, Array{StaticArraysCore.SVector{3, Float64}, 3}}, Vector{StaticArraysCore.SVector{3, Int64}}}, energies::Energies{Float64}, converged::Bool, occupation_threshold::Float64, ρ::Array{Float64, 4}, τ::Nothing, α::Float64, eigenvalues::Vector{Vector{Float64}}, occupation::Vector{Vector{Float64}}, εF::Float64, n_bands_converge::Int64, n_iter::Int64, n_matvec::Int64, ψ::Vector{Matrix{ComplexF64}}, diagonalization::Vector{@NamedTuple{λ::Vector{Vector{Float64}}, X::Vector{Matrix{ComplexF64}}, residual_norms::Vector{Vector{Float64}}, n_iter::Vector{Int64}, converged::Bool, n_matvec::Int64}}, stage::Symbol, history_Δρ::Vector{Float64}, history_Etot::Vector{Float64}, timedout::Bool, runtime_ns::UInt64, algorithm::String}, Model{Float64, Float64}, Float64, MonkhorstPack, var"#case#4"{Matrix{Float64}, Float64, MonkhorstPack, Vector{StaticArraysCore.SVector{3, Float64}}, Vector{ElementPsp{PspUpf{Float64, Interpolations.Extrapolation{Float64, 1, Interpolations.GriddedInterpolation{Float64, 1, Vector{Float64}, Interpolations.Gridded{Interpolations.Linear{Interpolations.Throw{Interpolations.OnGrid}}}, Tuple{Vector{Float64}}}, Interpolations.Gridded{Interpolations.Linear{Interpolations.Throw{Interpolations.OnGrid}}}, Interpolations.Throw{Nothing}}}}}, Float64, Float64, String}}, Float64}}(-3.4151886922104144e-8,-1.2413273474001241e-8)
└ @ DFTK ~/.julia/packages/DFTK/n2IL4/src/terms/xc.jl:39
Iter     Function value   Gradient norm 
     0    -7.375200e+01     1.566799e-02
 * time: 3.790855407714844e-5
┌ Warning: Negative ρcore detected: -3.342416429653461e-8
└ @ DFTK ~/.julia/packages/DFTK/n2IL4/src/terms/xc.jl:39
n     Energy            log10(ΔE)   log10(Δρ)   Diag   Δtime
---   ---------------   ---------   ---------   ----   ------
  1   -73.73093180901                   -0.84    9.7    10.1s
  2   -73.74366641149       -1.90       -1.04    5.3    5.73s
  3   -73.75077476958       -2.15       -1.37    6.7    7.30s
  4   -73.75203939579       -2.90       -1.75    5.9    5.96s
  5   -73.75220391726       -3.78       -2.24    5.0    5.59s
  6   -73.75222429099       -4.69       -3.08    5.5    6.30s
  7   -73.75222430291       -7.92       -3.54    5.0    5.81s
  8   -73.75222431374       -7.97       -4.08    5.2    5.76s
  9   -73.75222431307   +   -9.18       -4.42    5.8    6.26s
 10   -73.75222431426       -8.92       -4.81    5.8    6.24s
 11   -73.75222431429      -10.53       -5.52    4.9    5.84s
 12   -73.75222431430      -11.68       -6.22    4.9    5.81s
 13   -73.75222431430      -12.70       -6.52    5.2    6.45s
 14   -73.75222431430   +  -13.00       -6.92    5.1    6.56s
 15   -73.75222431430   +  -13.55       -7.65    5.0    6.82s
┌ Warning: Negative ρcore detected: -3.342416429653461e-8
└ @ DFTK ~/.julia/packages/DFTK/n2IL4/src/terms/xc.jl:39
n     Energy            log10(ΔE)   log10(Δρ)   Diag   Δtime
---   ---------------   ---------   ---------   ----   ------
  1   -73.73095019867                   -0.84    9.7    9.70s
  2   -73.74367078637       -1.90       -1.04    5.3    6.22s
  3   -73.75077179985       -2.15       -1.37    6.7    7.86s
  4   -73.75203956327       -2.90       -1.75    5.9    6.35s
  5   -73.75220437196       -3.78       -2.25    5.1    6.02s
  6   -73.75222429160       -4.70       -3.08    5.6    6.81s
  7   -73.75222430322       -7.93       -3.54    4.8    6.52s
  8   -73.75222431367       -7.98       -4.08    5.2    5.72s
  9   -73.75222431301   +   -9.18       -4.40    5.8    6.36s
 10   -73.75222431426       -8.90       -4.81    5.6    6.12s
 11   -73.75222431429      -10.52       -5.51    5.0    5.88s
 12   -73.75222431430      -11.62       -6.30    4.9    5.89s
 13   -73.75222431430      -12.89       -6.55    5.0    6.21s
 14   -73.75222431430   +  -13.07       -6.91    5.2    5.68s
 15   -73.75222431430   +  -13.25       -7.66    5.0    5.74s
┌ Warning: Negative ρcore detected: Dual{ForwardDiff.Tag{var"#19#21"{@NamedTuple{ham::Hamiltonian, basis::PlaneWaveBasis{Float64, Float64, DFTK.CPU, FFTGrid{Float64, Float64, Array{StaticArraysCore.SVector{3, Int64}, 3}, Array{StaticArraysCore.SVector{3, Float64}, 3}}, Vector{StaticArraysCore.SVector{3, Int64}}}, energies::Energies{Float64}, converged::Bool, occupation_threshold::Float64, ρ::Array{Float64, 4}, τ::Nothing, α::Float64, eigenvalues::Vector{Vector{Float64}}, occupation::Vector{Vector{Float64}}, εF::Float64, n_bands_converge::Int64, n_iter::Int64, n_matvec::Int64, ψ::Vector{Matrix{ComplexF64}}, diagonalization::Vector{@NamedTuple{λ::Vector{Vector{Float64}}, X::Vector{Matrix{ComplexF64}}, residual_norms::Vector{Vector{Float64}}, n_iter::Vector{Int64}, converged::Bool, n_matvec::Int64}}, stage::Symbol, history_Δρ::Vector{Float64}, history_Etot::Vector{Float64}, timedout::Bool, runtime_ns::UInt64, algorithm::String}, Model{Float64, Float64}, Float64, MonkhorstPack, var"#case#4"{Matrix{Float64}, Float64, MonkhorstPack, Vector{StaticArraysCore.SVector{3, Float64}}, Vector{ElementPsp{PspUpf{Float64, Interpolations.Extrapolation{Float64, 1, Interpolations.GriddedInterpolation{Float64, 1, Vector{Float64}, Interpolations.Gridded{Interpolations.Linear{Interpolations.Throw{Interpolations.OnGrid}}}, Tuple{Vector{Float64}}}, Interpolations.Gridded{Interpolations.Linear{Interpolations.Throw{Interpolations.OnGrid}}}, Interpolations.Throw{Nothing}}}}}, Float64, Float64, String}}, Float64}}(-3.342416429653461e-8,-8.174023064369809e-8)
└ @ DFTK ~/.julia/packages/DFTK/n2IL4/src/terms/xc.jl:39
     1    -7.375222e+01     1.333315e-02
 * time: 258.1996338367462
┌ Warning: Negative ρcore detected: -3.4161658971562304e-8
└ @ DFTK ~/.julia/packages/DFTK/n2IL4/src/terms/xc.jl:39
n     Energy            log10(ΔE)   log10(Δρ)   Diag   Δtime
---   ---------------   ---------   ---------   ----   ------
  1   -73.73348176345                   -0.85    9.7    9.40s
  2   -73.74502451166       -1.94       -1.05    5.3    6.05s
  3   -73.75143552923       -2.19       -1.38    6.7    7.65s
  4   -73.75264239926       -2.92       -1.80    5.9    6.31s
  5   -73.75277591701       -3.87       -2.38    5.0    7.06s
  6   -73.75278533971       -5.03       -3.14    5.6    6.88s
  7   -73.75278533391   +   -8.24       -3.60    4.8    6.18s
  8   -73.75278536875       -7.46       -4.08    5.2    5.90s
  9   -73.75278536877      -10.79       -4.38    5.6    7.73s
 10   -73.75278537057       -8.75       -5.06    5.6    6.03s
 11   -73.75278537057      -11.34       -5.49    4.2    5.39s
 12   -73.75278537058      -11.07       -6.20    5.2    6.55s
 13   -73.75278537058      -12.62       -6.65    5.2    6.74s
 14   -73.75278537058   +  -12.94       -7.68    5.2    6.64s
┌ Warning: Negative ρcore detected: -3.4161658971562304e-8
└ @ DFTK ~/.julia/packages/DFTK/n2IL4/src/terms/xc.jl:39
n     Energy            log10(ΔE)   log10(Δρ)   Diag   Δtime
---   ---------------   ---------   ---------   ----   ------
  1   -73.73347961320                   -0.85    9.7    11.2s
  2   -73.74501615503       -1.94       -1.05    5.3    6.36s
  3   -73.75143669577       -2.19       -1.38    6.6    7.32s
  4   -73.75264235733       -2.92       -1.80    5.8    6.04s
  5   -73.75277559681       -3.88       -2.38    5.0    5.61s
  6   -73.75278533904       -5.01       -3.14    5.5    7.34s
  7   -73.75278533519   +   -8.42       -3.59    4.8    5.95s
  8   -73.75278536874       -7.47       -4.07    5.2    6.01s
  9   -73.75278536875      -10.93       -4.38    5.5    7.56s
 10   -73.75278537056       -8.74       -5.03    5.6    6.96s
 11   -73.75278537057      -11.00       -5.49    4.8    5.93s
 12   -73.75278537058      -11.09       -6.20    5.1    6.40s
 13   -73.75278537058      -12.70       -6.64    5.2    6.60s
 14   -73.75278537058      -13.85       -7.63    5.2    5.95s
┌ Warning: Negative ρcore detected: Dual{ForwardDiff.Tag{var"#19#21"{@NamedTuple{ham::Hamiltonian, basis::PlaneWaveBasis{Float64, Float64, DFTK.CPU, FFTGrid{Float64, Float64, Array{StaticArraysCore.SVector{3, Int64}, 3}, Array{StaticArraysCore.SVector{3, Float64}, 3}}, Vector{StaticArraysCore.SVector{3, Int64}}}, energies::Energies{Float64}, converged::Bool, occupation_threshold::Float64, ρ::Array{Float64, 4}, τ::Nothing, α::Float64, eigenvalues::Vector{Vector{Float64}}, occupation::Vector{Vector{Float64}}, εF::Float64, n_bands_converge::Int64, n_iter::Int64, n_matvec::Int64, ψ::Vector{Matrix{ComplexF64}}, diagonalization::Vector{@NamedTuple{λ::Vector{Vector{Float64}}, X::Vector{Matrix{ComplexF64}}, residual_norms::Vector{Vector{Float64}}, n_iter::Vector{Int64}, converged::Bool, n_matvec::Int64}}, stage::Symbol, history_Δρ::Vector{Float64}, history_Etot::Vector{Float64}, timedout::Bool, runtime_ns::UInt64, algorithm::String}, Model{Float64, Float64}, Float64, MonkhorstPack, var"#case#4"{Matrix{Float64}, Float64, MonkhorstPack, Vector{StaticArraysCore.SVector{3, Float64}}, Vector{ElementPsp{PspUpf{Float64, Interpolations.Extrapolation{Float64, 1, Interpolations.GriddedInterpolation{Float64, 1, Vector{Float64}, Interpolations.Gridded{Interpolations.Linear{Interpolations.Throw{Interpolations.OnGrid}}}, Tuple{Vector{Float64}}}, Interpolations.Gridded{Interpolations.Linear{Interpolations.Throw{Interpolations.OnGrid}}}, Interpolations.Throw{Nothing}}}}}, Float64, Float64, String}}, Float64}}(-3.4161658971562304e-8,1.4975343036556572e-8)
└ @ DFTK ~/.julia/packages/DFTK/n2IL4/src/terms/xc.jl:39
     2    -7.375279e+01     1.101494e-03
 * time: 513.3502099514008
┌ Warning: Negative ρcore detected: -3.394794101858799e-8
└ @ DFTK ~/.julia/packages/DFTK/n2IL4/src/terms/xc.jl:39
n     Energy            log10(ΔE)   log10(Δρ)   Diag   Δtime
---   ---------------   ---------   ---------   ----   ------
  1   -73.73337491559                   -0.85    9.7    9.77s
  2   -73.74498538958       -1.94       -1.05    5.3    5.93s
  3   -73.75142574083       -2.19       -1.38    6.8    7.64s
  4   -73.75264265020       -2.91       -1.80    6.0    7.06s
  5   -73.75277885491       -3.87       -2.38    5.1    6.43s
  6   -73.75278886304       -5.00       -3.13    5.6    6.61s
  7   -73.75278885606   +   -8.16       -3.58    4.9    6.95s
  8   -73.75278889476       -7.41       -4.06    5.3    6.77s
  9   -73.75278889495       -9.71       -4.35    5.7    6.93s
 10   -73.75278889701       -8.69       -5.02    5.6    6.49s
 11   -73.75278889702      -10.96       -5.44    4.8    5.81s
 12   -73.75278889703      -10.96       -6.18    5.3    5.97s
 13   -73.75278889703      -12.55       -6.62    5.3    6.11s
 14   -73.75278889703   +  -13.07       -7.57    5.4    6.59s
┌ Warning: Negative ρcore detected: -3.394794101858799e-8
└ @ DFTK ~/.julia/packages/DFTK/n2IL4/src/terms/xc.jl:39
n     Energy            log10(ΔE)   log10(Δρ)   Diag   Δtime
---   ---------------   ---------   ---------   ----   ------
  1   -73.73338532986                   -0.85    9.8    11.5s
  2   -73.74498229722       -1.94       -1.05    5.3    5.76s
  3   -73.75142599591       -2.19       -1.38    6.8    7.14s
  4   -73.75264178896       -2.92       -1.80    6.1    6.06s
  5   -73.75277863624       -3.86       -2.37    5.1    5.75s
  6   -73.75278886322       -4.99       -3.13    5.7    6.53s
  7   -73.75278885405   +   -8.04       -3.57    4.9    5.56s
  8   -73.75278889477       -7.39       -4.05    5.3    5.61s
  9   -73.75278889476   +  -11.22       -4.33    5.6    5.96s
 10   -73.75278889701       -8.65       -5.01    5.7    5.85s
 11   -73.75278889702      -10.91       -5.42    4.9    5.59s
 12   -73.75278889703      -10.94       -6.14    5.3    6.06s
 13   -73.75278889703      -12.37       -6.64    5.4    6.02s
 14   -73.75278889703   +  -12.94       -7.59    5.2    5.63s
┌ Warning: Negative ρcore detected: Dual{ForwardDiff.Tag{var"#19#21"{@NamedTuple{ham::Hamiltonian, basis::PlaneWaveBasis{Float64, Float64, DFTK.CPU, FFTGrid{Float64, Float64, Array{StaticArraysCore.SVector{3, Int64}, 3}, Array{StaticArraysCore.SVector{3, Float64}, 3}}, Vector{StaticArraysCore.SVector{3, Int64}}}, energies::Energies{Float64}, converged::Bool, occupation_threshold::Float64, ρ::Array{Float64, 4}, τ::Nothing, α::Float64, eigenvalues::Vector{Vector{Float64}}, occupation::Vector{Vector{Float64}}, εF::Float64, n_bands_converge::Int64, n_iter::Int64, n_matvec::Int64, ψ::Vector{Matrix{ComplexF64}}, diagonalization::Vector{@NamedTuple{λ::Vector{Vector{Float64}}, X::Vector{Matrix{ComplexF64}}, residual_norms::Vector{Vector{Float64}}, n_iter::Vector{Int64}, converged::Bool, n_matvec::Int64}}, stage::Symbol, history_Δρ::Vector{Float64}, history_Etot::Vector{Float64}, timedout::Bool, runtime_ns::UInt64, algorithm::String}, Model{Float64, Float64}, Float64, MonkhorstPack, var"#case#4"{Matrix{Float64}, Float64, MonkhorstPack, Vector{StaticArraysCore.SVector{3, Float64}}, Vector{ElementPsp{PspUpf{Float64, Interpolations.Extrapolation{Float64, 1, Interpolations.GriddedInterpolation{Float64, 1, Vector{Float64}, Interpolations.Gridded{Interpolations.Linear{Interpolations.Throw{Interpolations.OnGrid}}}, Tuple{Vector{Float64}}}, Interpolations.Gridded{Interpolations.Linear{Interpolations.Throw{Interpolations.OnGrid}}}, Interpolations.Throw{Nothing}}}}}, Float64, Float64, String}}, Float64}}(-3.394794101858799e-8,4.733069419968708e-8)
└ @ DFTK ~/.julia/packages/DFTK/n2IL4/src/terms/xc.jl:39
     3    -7.375279e+01     6.666594e-05
 * time: 760.7339060306549
┌ Warning: Negative ρcore detected: -3.3966032935654165e-8
└ @ DFTK ~/.julia/packages/DFTK/n2IL4/src/terms/xc.jl:39
n     Energy            log10(ΔE)   log10(Δρ)   Diag   Δtime
---   ---------------   ---------   ---------   ----   ------
  1   -73.73339335506                   -0.85    9.7    9.41s
  2   -73.74497188790       -1.94       -1.05    5.3    5.46s
  3   -73.75142872431       -2.19       -1.38    6.8    6.90s
  4   -73.75264220164       -2.92       -1.80    6.0    5.97s
  5   -73.75277846199       -3.87       -2.36    5.1    5.59s
  6   -73.75278887638       -4.98       -3.13    5.6    6.08s
  7   -73.75278887255   +   -8.42       -3.58    4.9    5.44s
  8   -73.75278890797       -7.45       -4.06    5.4    6.01s
  9   -73.75278890808       -9.95       -4.36    5.6    5.95s
 10   -73.75278891006       -8.70       -5.00    5.6    5.86s
 11   -73.75278891007      -10.91       -5.44    4.8    5.55s
 12   -73.75278891008      -11.00       -6.16    5.2    5.74s
 13   -73.75278891008      -12.57       -6.67    5.4    6.03s
 14   -73.75278891008   +  -13.25       -7.59    5.1    5.84s
┌ Warning: Negative ρcore detected: -3.3966032935654165e-8
└ @ DFTK ~/.julia/packages/DFTK/n2IL4/src/terms/xc.jl:39
n     Energy            log10(ΔE)   log10(Δρ)   Diag   Δtime
---   ---------------   ---------   ---------   ----   ------
  1   -73.73339021514                   -0.85    9.7    9.20s
  2   -73.74497865497       -1.94       -1.05    5.4    5.45s
  3   -73.75142764911       -2.19       -1.38    6.8    7.66s
  4   -73.75264228724       -2.92       -1.80    5.9    5.90s
  5   -73.75277830477       -3.87       -2.36    5.2    5.42s
  6   -73.75278887811       -4.98       -3.13    5.6    5.85s
  7   -73.75278886764   +   -7.98       -3.57    4.9    5.44s
  8   -73.75278890768       -7.40       -4.05    5.2    5.59s
  9   -73.75278890801       -9.49       -4.35    5.8    6.00s
 10   -73.75278891006       -8.69       -5.00    5.6    5.74s
 11   -73.75278891007      -10.81       -5.44    5.1    5.70s
 12   -73.75278891008      -10.98       -6.15    5.2    5.60s
 13   -73.75278891008      -12.55       -6.65    5.4    5.77s
 14   -73.75278891008   +  -13.37       -7.63    5.2    5.60s
┌ Warning: Negative ρcore detected: Dual{ForwardDiff.Tag{var"#19#21"{@NamedTuple{ham::Hamiltonian, basis::PlaneWaveBasis{Float64, Float64, DFTK.CPU, FFTGrid{Float64, Float64, Array{StaticArraysCore.SVector{3, Int64}, 3}, Array{StaticArraysCore.SVector{3, Float64}, 3}}, Vector{StaticArraysCore.SVector{3, Int64}}}, energies::Energies{Float64}, converged::Bool, occupation_threshold::Float64, ρ::Array{Float64, 4}, τ::Nothing, α::Float64, eigenvalues::Vector{Vector{Float64}}, occupation::Vector{Vector{Float64}}, εF::Float64, n_bands_converge::Int64, n_iter::Int64, n_matvec::Int64, ψ::Vector{Matrix{ComplexF64}}, diagonalization::Vector{@NamedTuple{λ::Vector{Vector{Float64}}, X::Vector{Matrix{ComplexF64}}, residual_norms::Vector{Vector{Float64}}, n_iter::Vector{Int64}, converged::Bool, n_matvec::Int64}}, stage::Symbol, history_Δρ::Vector{Float64}, history_Etot::Vector{Float64}, timedout::Bool, runtime_ns::UInt64, algorithm::String}, Model{Float64, Float64}, Float64, MonkhorstPack, var"#case#4"{Matrix{Float64}, Float64, MonkhorstPack, Vector{StaticArraysCore.SVector{3, Float64}}, Vector{ElementPsp{PspUpf{Float64, Interpolations.Extrapolation{Float64, 1, Interpolations.GriddedInterpolation{Float64, 1, Vector{Float64}, Interpolations.Gridded{Interpolations.Linear{Interpolations.Throw{Interpolations.OnGrid}}}, Tuple{Vector{Float64}}}, Interpolations.Gridded{Interpolations.Linear{Interpolations.Throw{Interpolations.OnGrid}}}, Interpolations.Throw{Nothing}}}}}, Float64, Float64, String}}, Float64}}(-3.3966032935654165e-8,4.553243707539162e-8)
└ @ DFTK ~/.julia/packages/DFTK/n2IL4/src/terms/xc.jl:39
     4    -7.375279e+01     2.872060e-07
 * time: 992.5727078914642
 * Status: success

 * Candidate solution
    Final objective value:     -7.375279e+01

 * Found with
    Algorithm:     L-BFGS

 * Convergence measures
    |x - x'|               = 3.90e-04 ≰ -1.0e+00
    |x - x'|/|x'|          = 6.96e-05 ≰ 0.0e+00
    |f(x) - f(x')|         = 1.31e-08 ≰ 1.0e-08
    |f(x) - f(x')|/|f(x')| = 1.77e-10 ≰ 0.0e+00
    |g(x)|                 = 2.87e-07 ≤ 1.0e-06

 * Work counters
    Seconds run:   993  (vs limit Inf)
    Iterations:    4
    f(x) calls:    5
    ∇f(x) calls:   5

V: 1134.629969 seconds (740.28 M allocations: 355.054 GiB, 5.96% gc time, 0.01% compilation time)
