┌ Info: Threading setup: 
│   Threads.nthreads() = 1
│   n_DFTK = 1
│   n_fft = 1
└   n_blas = 1
┌ Info: 2025-05-13T14:44:12.979
│   name = "Si"
│   Ecut = 18.0
│   kgrid = MonkhorstPack([14, 14, 14])
│   p0 = ComponentVector{Float64}(a = 10.347246312603742)
│   temperature = 0.001
└   smearing = DFTK.Smearing.Gaussian()
n     Energy            log10(ΔE)   log10(Δρ)   Diag   Δtime
---   ---------------   ---------   ---------   ----   ------
  1   -8.432979205576                   -0.97    7.1    13.8s
  2   -8.435210644589       -2.65       -1.75    2.0    6.25s
  3   -8.435275193051       -4.19       -2.92    3.8    1.96s
  4   -8.435275733297       -6.27       -3.99    4.0    2.28s
  5   -8.435275734359       -8.97       -4.74    3.9    2.29s
  6   -8.435275734440      -10.09       -5.80    4.0    1.87s
  7   -8.435275734441      -11.88       -6.87    4.1    2.59s
  8   -8.435275734441      -14.75       -7.71    4.1    2.55s
Iter     Function value   Gradient norm 
     0    -8.435276e+00     7.097573e-03
 * time: 5.1975250244140625e-5
n     Energy            log10(ΔE)   log10(Δρ)   Diag   Δtime
---   ---------------   ---------   ---------   ----   ------
  1   -8.432994479728                   -0.97    7.2    3.86s
  2   -8.435257073269       -2.65       -1.75    2.1    2.04s
  3   -8.435323937072       -4.17       -2.92    4.0    2.19s
  4   -8.435324364134       -6.37       -4.01    4.1    2.92s
  5   -8.435324365446       -8.88       -4.70    4.1    2.40s
  6   -8.435324365567       -9.92       -5.76    4.0    2.50s
  7   -8.435324365568      -11.94       -6.91    4.1    2.56s
  8   -8.435324365568      -14.05       -7.70    4.3    2.95s
n     Energy            log10(ΔE)   log10(Δρ)   Diag   Δtime
---   ---------------   ---------   ---------   ----   ------
  1   -8.432998623144                   -0.97    7.1    3.99s
  2   -8.435256602096       -2.65       -1.75    2.3    1.81s
  3   -8.435323908264       -4.17       -2.91    3.8    1.92s
  4   -8.435324364728       -6.34       -3.99    4.2    2.36s
  5   -8.435324365490       -9.12       -4.74    4.0    1.86s
  6   -8.435324365567      -10.12       -5.81    4.0    2.18s
  7   -8.435324365568      -11.87       -6.90    4.1    1.85s
  8   -8.435324365568      -14.05       -7.67    4.3    2.28s
     1    -8.435324e+00     6.605474e-03
 * time: 55.90133190155029
n     Energy            log10(ΔE)   log10(Δρ)   Diag   Δtime
---   ---------------   ---------   ---------   ----   ------
  1   -8.433114671010                   -0.96    7.3    3.94s
  2   -8.435560226471       -2.61       -1.79    2.2    2.03s
  3   -8.435627841982       -4.17       -2.84    4.2    3.40s
  4   -8.435628212307       -6.43       -4.01    4.0    2.97s
  5   -8.435628216261       -8.40       -4.53    4.4    3.51s
  6   -8.435628216569       -9.51       -5.68    3.8    2.68s
  7   -8.435628216573      -11.39       -6.75    4.5    3.05s
  8   -8.435628216573      -14.45       -7.62    3.5    2.15s
n     Energy            log10(ΔE)   log10(Δρ)   Diag   Δtime
---   ---------------   ---------   ---------   ----   ------
  1   -8.433098072866                   -0.96    7.2    3.72s
  2   -8.435559293612       -2.61       -1.79    2.1    1.63s
  3   -8.435627887353       -4.16       -2.84    4.0    2.89s
  4   -8.435628212426       -6.49       -4.01    3.9    1.81s
  5   -8.435628216289       -8.41       -4.54    4.3    2.46s
  6   -8.435628216569       -9.55       -5.67    3.8    2.07s
  7   -8.435628216573      -11.37       -6.71    4.4    2.89s
  8   -8.435628216573      -14.05       -7.64    3.8    2.32s
     2    -8.435628e+00     3.304671e-04
 * time: 115.02163195610046
n     Energy            log10(ΔE)   log10(Δρ)   Diag   Δtime
---   ---------------   ---------   ---------   ----   ------
  1   -8.433134626360                   -0.96    7.1    3.23s
  2   -8.435557402686       -2.62       -1.79    2.1    1.77s
  3   -8.435628482218       -4.15       -2.84    4.0    2.12s
  4   -8.435628927859       -6.35       -3.98    3.9    2.21s
  5   -8.435628933344       -8.26       -4.48    4.3    2.51s
  6   -8.435628933759       -9.38       -5.61    3.8    2.56s
  7   -8.435628933765      -11.26       -6.70    4.2    2.46s
  8   -8.435628933765      -14.15       -7.43    3.5    2.52s
n     Energy            log10(ΔE)   log10(Δρ)   Diag   Δtime
---   ---------------   ---------   ---------   ----   ------
  1   -8.433140723203                   -0.96    7.2    3.47s
  2   -8.435557887673       -2.62       -1.79    1.8    1.93s
  3   -8.435628474496       -4.15       -2.84    4.2    2.47s
  4   -8.435628927806       -6.34       -3.99    3.9    2.70s
  5   -8.435628933354       -8.26       -4.48    4.3    1.92s
  6   -8.435628933759       -9.39       -5.62    3.5    1.93s
  7   -8.435628933765      -11.26       -6.69    4.5    2.11s
  8   -8.435628933765      -14.45       -7.46    3.5    2.86s
     3    -8.435629e+00     1.423926e-05
 * time: 169.07095885276794
n     Energy            log10(ΔE)   log10(Δρ)   Diag   Δtime
---   ---------------   ---------   ---------   ----   ------
  1   -8.433142329818                   -0.96    7.1    3.69s
  2   -8.435562849255       -2.62       -1.79    2.1    1.50s
  3   -8.435628405664       -4.18       -2.83    4.0    2.54s
  4   -8.435628930669       -6.28       -3.98    3.9    2.25s
  5   -8.435628934766       -8.39       -4.51    4.3    2.09s
  6   -8.435628935097       -9.48       -5.64    3.7    2.16s
  7   -8.435628935102      -11.34       -6.70    4.3    2.49s
  8   -8.435628935102      -14.27       -7.51    3.5    2.54s
n     Energy            log10(ΔE)   log10(Δρ)   Diag   Δtime
---   ---------------   ---------   ---------   ----   ------
  1   -8.433141607285                   -0.96    7.1    3.24s
  2   -8.435557473987       -2.62       -1.79    2.1    1.87s
  3   -8.435628455795       -4.15       -2.83    4.0    1.96s
  4   -8.435628929947       -6.32       -3.98    3.9    2.18s
  5   -8.435628934731       -8.32       -4.49    4.2    2.36s
  6   -8.435628935097       -9.44       -5.63    3.8    2.60s
  7   -8.435628935102      -11.30       -6.71    4.3    2.49s
  8   -8.435628935102   +    -Inf       -7.39    3.8    2.62s
     4    -8.435629e+00     3.032239e-08
 * time: 223.1885850429535
 * Status: success

 * Candidate solution
    Final objective value:     -8.435629e+00

 * Found with
    Algorithm:     L-BFGS

 * Convergence measures
    |x - x'|               = 1.88e-04 ≰ -1.0e+00
    |x - x'|/|x'|          = 1.83e-05 ≰ 0.0e+00
    |f(x) - f(x')|         = 1.34e-09 ≤ 1.0e-08
    |f(x) - f(x')|/|f(x')| = 1.58e-10 ≰ 0.0e+00
    |g(x)|                 = 3.03e-08 ≤ 1.0e-06

 * Work counters
    Seconds run:   223  (vs limit Inf)
    Iterations:    4
    f(x) calls:    5
    ∇f(x) calls:   5

Si: 320.231563 seconds (365.86 M allocations: 73.136 GiB, 7.83% gc time, 21.42% compilation time: <1% of which was recompilation)
┌ Info: 2025-05-13T14:49:34.151
│   name = "NaCl"
│   Ecut = 44.0
│   kgrid = MonkhorstPack([13, 13, 13])
│   p0 = ComponentVector{Float64}(a = 10.746130571470083)
│   temperature = 0
└   smearing = DFTK.Smearing.None()
n     Energy            log10(ΔE)   log10(Δρ)   Diag   Δtime
---   ---------------   ---------   ---------   ----   ------
  1   -61.97609175241                   -1.19    8.4    22.1s
  2   -61.97865353465       -2.59       -1.26    2.9    11.2s
  3   -61.98198936608       -2.48       -2.18    4.2    14.6s
  4   -61.98198911852   +   -6.61       -2.56    4.1    14.1s
  5   -61.98199731499       -5.09       -3.62    3.5    11.1s
  6   -61.98199732375       -8.06       -4.59    4.2    13.0s
  7   -61.98199732388       -9.86       -5.25    4.4    13.5s
  8   -61.98199732389      -11.20       -7.29    4.1    15.3s
Iter     Function value   Gradient norm 
     0    -6.198200e+01     1.077251e-02
 * time: 4.00543212890625e-5
n     Energy            log10(ΔE)   log10(Δρ)   Diag   Δtime
---   ---------------   ---------   ---------   ----   ------
  1   -61.97622661149                   -1.19    8.3    18.3s
  2   -61.97880321830       -2.59       -1.26    2.8    8.41s
  3   -61.98210461679       -2.48       -2.18    4.1    11.0s
  4   -61.98210431540   +   -6.52       -2.56    4.1    12.2s
  5   -61.98211247126       -5.09       -3.61    3.3    9.32s
  6   -61.98211248058       -8.03       -4.56    4.2    12.3s
  7   -61.98211248074       -9.80       -5.24    4.3    16.3s
  8   -61.98211248074      -11.17       -7.31    4.0    15.0s
n     Energy            log10(ΔE)   log10(Δρ)   Diag   Δtime
---   ---------------   ---------   ---------   ----   ------
  1   -61.97622892215                   -1.19    8.3    23.6s
  2   -61.97879650109       -2.59       -1.26    2.9    11.5s
  3   -61.98210463775       -2.48       -2.18    4.1    12.7s
  4   -61.98210433836   +   -6.52       -2.56    4.1    12.8s
  5   -61.98211247157       -5.09       -3.62    3.4    9.66s
  6   -61.98211248058       -8.04       -4.58    4.3    14.0s
  7   -61.98211248074       -9.82       -5.30    4.4    14.5s
  8   -61.98211248074      -11.28       -7.36    4.1    12.1s
     1    -6.198211e+01     1.060688e-02
 * time: 254.90692901611328
n     Energy            log10(ΔE)   log10(Δρ)   Diag   Δtime
---   ---------------   ---------   ---------   ----   ------
  1   -61.97955343232                   -1.20    8.3    16.1s
  2   -61.98230499389       -2.56       -1.31    3.0    8.31s
  3   -61.98451497491       -2.66       -2.23    4.3    11.0s
  4   -61.98451818731       -5.49       -2.74    4.2    11.5s
  5   -61.98452111349       -5.53       -3.68    3.6    10.4s
  6   -61.98452111906       -8.25       -4.66    4.2    11.9s
  7   -61.98452111915      -10.05       -5.50    4.3    12.5s
  8   -61.98452111915      -11.73       -6.92    4.1    11.0s
  9   -61.98452111915   +  -13.25       -8.31    4.3    14.4s
n     Energy            log10(ΔE)   log10(Δρ)   Diag   Δtime
---   ---------------   ---------   ---------   ----   ------
  1   -61.97955214094                   -1.20    8.3    20.7s
  2   -61.98230275274       -2.56       -1.31    3.0    12.0s
  3   -61.98451500914       -2.66       -2.23    4.3    14.9s
  4   -61.98451814370       -5.50       -2.74    4.2    13.9s
  5   -61.98452111361       -5.53       -3.68    3.7    12.6s
  6   -61.98452111907       -8.26       -4.68    4.1    11.5s
  7   -61.98452111915      -10.11       -5.50    4.3    11.5s
  8   -61.98452111915      -11.75       -6.91    4.1    10.4s
  9   -61.98452111915      -14.15       -8.37    4.4    10.9s
     2    -6.198452e+01     5.739632e-03
 * time: 519.9038300514221
n     Energy            log10(ΔE)   log10(Δρ)   Diag   Δtime
---   ---------------   ---------   ---------   ----   ------
  1   -61.97983236993                   -1.20    8.2    15.9s
  2   -61.98249160439       -2.58       -1.30    2.9    7.81s
  3   -61.98499113891       -2.60       -2.22    4.3    10.3s
  4   -61.98499288689       -5.76       -2.67    4.2    10.4s
  5   -61.98499729442       -5.36       -3.68    3.6    8.96s
  6   -61.98499730007       -8.25       -4.72    4.1    10.4s
  7   -61.98499730014      -10.17       -5.49    4.4    11.0s
  8   -61.98499730014      -11.71       -7.18    4.1    10.6s
n     Energy            log10(ΔE)   log10(Δρ)   Diag   Δtime
---   ---------------   ---------   ---------   ----   ------
  1   -61.97983054434                   -1.20    8.1    16.3s
  2   -61.98248985923       -2.58       -1.30    2.9    8.04s
  3   -61.98499114180       -2.60       -2.22    4.2    10.2s
  4   -61.98499286557       -5.76       -2.67    4.2    11.1s
  5   -61.98499729431       -5.35       -3.68    3.7    9.19s
  6   -61.98499730006       -8.24       -4.71    4.2    10.7s
  7   -61.98499730014      -10.14       -5.43    4.4    11.0s
  8   -61.98499730014      -11.56       -7.02    4.0    13.7s
     3    -6.198500e+01     1.487983e-03
 * time: 731.9675149917603
n     Energy            log10(ΔE)   log10(Δρ)   Diag   Δtime
---   ---------------   ---------   ---------   ----   ------
  1   -61.97992778022                   -1.20    8.3    16.6s
  2   -61.98259843583       -2.57       -1.30    3.1    8.21s
  3   -61.98503245690       -2.61       -2.22    4.3    14.2s
  4   -61.98503440297       -5.71       -2.68    4.2    10.5s
  5   -61.98503852677       -5.38       -3.68    3.7    9.73s
  6   -61.98503853245       -8.25       -4.70    4.3    11.3s
  7   -61.98503853252      -10.13       -5.47    4.5    11.2s
  8   -61.98503853252      -11.66       -6.93    4.2    13.7s
  9   -61.98503853252   +  -13.67       -8.20    4.4    15.4s
n     Energy            log10(ΔE)   log10(Δρ)   Diag   Δtime
---   ---------------   ---------   ---------   ----   ------
  1   -61.97993116673                   -1.20    8.2    20.2s
  2   -61.98259724055       -2.57       -1.30    3.0    10.0s
  3   -61.98503248805       -2.61       -2.22    4.3    11.0s
  4   -61.98503443600       -5.71       -2.68    4.3    11.6s
  5   -61.98503852693       -5.39       -3.68    3.6    9.83s
  6   -61.98503853245       -8.26       -4.73    4.2    11.5s
  7   -61.98503853252      -10.17       -5.52    4.3    14.4s
  8   -61.98503853252      -11.74       -7.05    4.1    11.4s
     4    -6.198504e+01     1.532311e-04
 * time: 973.5148220062256
n     Energy            log10(ΔE)   log10(Δρ)   Diag   Δtime
---   ---------------   ---------   ---------   ----   ------
  1   -61.97993343821                   -1.20    8.1    17.3s
  2   -61.98260448593       -2.57       -1.30    3.0    8.16s
  3   -61.98503285302       -2.61       -2.22    4.2    12.9s
  4   -61.98503485118       -5.70       -2.68    4.1    13.8s
  5   -61.98503895235       -5.39       -3.68    3.5    9.59s
  6   -61.98503895822       -8.23       -4.68    4.1    11.6s
  7   -61.98503895830      -10.09       -5.41    4.2    11.1s
  8   -61.98503895830      -11.52       -6.98    3.9    10.5s
  9   -61.98503895830   +  -13.45       -8.22    4.3    11.5s
n     Energy            log10(ΔE)   log10(Δρ)   Diag   Δtime
---   ---------------   ---------   ---------   ----   ------
  1   -61.97993257293                   -1.20    8.1    19.0s
  2   -61.98260584406       -2.57       -1.30    2.9    8.15s
  3   -61.98503286100       -2.61       -2.22    4.3    11.0s
  4   -61.98503486099       -5.70       -2.68    4.1    11.2s
  5   -61.98503895234       -5.39       -3.68    3.7    12.4s
  6   -61.98503895822       -8.23       -4.68    4.1    13.4s
  7   -61.98503895830      -10.08       -5.44    4.3    13.4s
  8   -61.98503895830      -11.60       -7.02    4.0    13.5s
     5    -6.198504e+01     4.763934e-06
 * time: 1216.6175401210785
n     Energy            log10(ΔE)   log10(Δρ)   Diag   Δtime
---   ---------------   ---------   ---------   ----   ------
  1   -61.97992931775                   -1.20    8.2    20.5s
  2   -61.98260551213       -2.57       -1.30    2.9    10.5s
  3   -61.98503281077       -2.61       -2.22    4.1    12.4s
  4   -61.98503483991       -5.69       -2.68    4.1    10.8s
  5   -61.98503895274       -5.39       -3.67    3.6    9.80s
  6   -61.98503895862       -8.23       -4.66    4.1    10.8s
  7   -61.98503895870      -10.08       -5.38    4.3    11.8s
  8   -61.98503895870      -11.50       -7.01    3.9    9.51s
n     Energy            log10(ΔE)   log10(Δρ)   Diag   Δtime
---   ---------------   ---------   ---------   ----   ------
  1   -61.97993341198                   -1.20    8.0    15.8s
  2   -61.98260246839       -2.57       -1.30    2.9    7.53s
  3   -61.98503282936       -2.61       -2.22    4.1    9.39s
  4   -61.98503486036       -5.69       -2.68    4.1    9.81s
  5   -61.98503895268       -5.39       -3.67    3.5    8.37s
  6   -61.98503895862       -8.23       -4.68    4.1    10.1s
  7   -61.98503895870      -10.08       -5.38    4.3    10.2s
  8   -61.98503895870      -11.46       -6.96    3.9    9.31s
  9   -61.98503895870   +  -13.37       -8.17    4.4    10.3s
     6    -6.198504e+01     6.753904e-08
 * time: 1432.1589391231537
 * Status: success

 * Candidate solution
    Final objective value:     -6.198504e+01

 * Found with
    Algorithm:     L-BFGS

 * Convergence measures
    |x - x'|               = 1.73e-04 ≰ -1.0e+00
    |x - x'|/|x'|          = 1.69e-05 ≰ 0.0e+00
    |f(x) - f(x')|         = 4.00e-10 ≤ 1.0e-08
    |f(x) - f(x')|/|f(x')| = 6.46e-12 ≰ 0.0e+00
    |g(x)|                 = 6.75e-08 ≤ 1.0e-06

 * Work counters
    Seconds run:   1432  (vs limit Inf)
    Iterations:    6
    f(x) calls:    7
    ∇f(x) calls:   7

NaCl: 1580.838104 seconds (1.23 G allocations: 357.919 GiB, 4.91% gc time, 0.25% compilation time)
┌ Info: 2025-05-13T15:15:55.028
│   name = "Al"
│   Ecut = 20.0
│   kgrid = MonkhorstPack([18, 18, 18])
│   p0 = ComponentVector{Float64}(a = 7.641925528121933)
│   temperature = 0.001
└   smearing = DFTK.Smearing.Gaussian()
n     Energy            log10(ΔE)   log10(Δρ)   Diag   Δtime
---   ---------------   ---------   ---------   ----   ------
  1   -2.314133108528                   -1.45    5.5    1.81s
  2   -2.314251204005       -3.93       -1.84    1.5    1.12s
  3   -2.314279524146       -4.55       -3.60    3.4    1.36s
  4   -2.314279711269       -6.73       -4.23    4.6    1.99s
  5   -2.314279711484       -9.67       -4.77    2.7    1.10s
  6   -2.314279711507      -10.63       -5.41    2.8    1.59s
  7   -2.314279711508      -11.92       -6.12    2.7    1.29s
  8   -2.314279711508      -13.20       -6.66    3.0    1.46s
  9   -2.314279711508      -14.65       -7.27    2.6    1.06s
Iter     Function value   Gradient norm 
     0    -2.314280e+00     2.191767e-03
 * time: 3.814697265625e-5
n     Energy            log10(ΔE)   log10(Δρ)   Diag   Δtime
---   ---------------   ---------   ---------   ----   ------
  1   -2.314135317814                   -1.45    5.5    2.21s
  2   -2.314255693721       -3.92       -1.84    1.5    1.30s
  3   -2.314284195800       -4.55       -3.60    3.5    1.70s
  4   -2.314284415852       -6.66       -4.20    4.7    2.36s
  5   -2.314284416085       -9.63       -4.74    2.6    1.20s
  6   -2.314284416111      -10.59       -5.36    2.9    1.66s
  7   -2.314284416112      -11.82       -6.04    2.7    1.30s
  8   -2.314284416112      -13.05       -6.63    3.1    1.33s
  9   -2.314284416112      -14.35       -7.26    2.8    1.54s
n     Energy            log10(ΔE)   log10(Δρ)   Diag   Δtime
---   ---------------   ---------   ---------   ----   ------
  1   -2.314132649584                   -1.45    5.5    2.13s
  2   -2.314255495699       -3.91       -1.84    1.5    1.34s
  3   -2.314284180079       -4.54       -3.61    3.6    2.50s
  4   -2.314284415876       -6.63       -4.20    4.6    2.68s
  5   -2.314284416087       -9.68       -4.75    2.6    1.21s
  6   -2.314284416111      -10.63       -5.37    2.9    2.02s
  7   -2.314284416112      -11.84       -6.03    2.8    1.60s
  8   -2.314284416112      -13.06       -6.62    3.1    1.79s
  9   -2.314284416112      -14.24       -7.31    2.9    2.21s
     1    -2.314284e+00     2.101261e-03
 * time: 65.87388110160828
n     Energy            log10(ΔE)   log10(Δρ)   Diag   Δtime
---   ---------------   ---------   ---------   ----   ------
  1   -2.314200236936                   -1.45    5.4    2.11s
  2   -2.314310649245       -3.96       -1.84    1.4    1.10s
  3   -2.314337699833       -4.57       -3.54    3.5    2.33s
  4   -2.314337885481       -6.73       -4.21    4.4    1.99s
  5   -2.314337885754       -9.56       -4.84    2.8    1.99s
  6   -2.314337885771      -10.78       -5.57    3.1    1.69s
  7   -2.314337885771      -12.35       -6.29    2.9    2.07s
  8   -2.314337885771      -13.48       -6.87    3.2    1.79s
  9   -2.314337885771      -14.65       -7.52    3.0    2.02s
n     Energy            log10(ΔE)   log10(Δρ)   Diag   Δtime
---   ---------------   ---------   ---------   ----   ------
  1   -2.314202814245                   -1.45    5.4    2.12s
  2   -2.314311442086       -3.96       -1.84    1.5    892ms
  3   -2.314337690678       -4.58       -3.57    3.5    1.80s
  4   -2.314337885515       -6.71       -4.24    4.6    1.69s
  5   -2.314337885754       -9.62       -4.84    2.8    1.56s
  6   -2.314337885771      -10.77       -5.55    3.0    1.23s
  7   -2.314337885771      -12.34       -6.32    3.0    1.49s
  8   -2.314337885771      -13.51       -6.86    3.3    1.50s
  9   -2.314337885771      -14.57       -7.61    3.0    1.63s
     2    -2.314338e+00     3.459874e-05
 * time: 128.06791806221008
n     Energy            log10(ΔE)   log10(Δρ)   Diag   Δtime
---   ---------------   ---------   ---------   ----   ------
  1   -2.314199989398                   -1.45    5.4    2.26s
  2   -2.314311059731       -3.95       -1.84    1.5    821ms
  3   -2.314337707627       -4.57       -3.57    3.4    1.72s
  4   -2.314337898720       -6.72       -4.25    4.5    2.44s
  5   -2.314337898937       -9.66       -4.87    2.7    2.10s
  6   -2.314337898950      -10.88       -5.61    3.1    1.80s
  7   -2.314337898950      -12.40       -6.32    3.0    2.10s
  8   -2.314337898950      -13.60       -6.83    3.1    1.78s
  9   -2.314337898950      -14.51       -7.50    2.9    2.15s
n     Energy            log10(ΔE)   log10(Δρ)   Diag   Δtime
---   ---------------   ---------   ---------   ----   ------
  1   -2.314198343335                   -1.45    5.4    2.97s
  2   -2.314310800491       -3.95       -1.84    1.5    1.13s
  3   -2.314337692212       -4.57       -3.58    3.4    2.32s
  4   -2.314337898735       -6.69       -4.26    4.6    2.35s
  5   -2.314337898936       -9.70       -4.88    2.7    1.97s
  6   -2.314337898950      -10.86       -5.66    3.1    1.82s
  7   -2.314337898950      -12.53       -6.36    3.0    2.15s
  8   -2.314337898950      -13.74       -6.82    3.0    1.79s
  9   -2.314337898950      -14.51       -7.52    2.9    2.09s
     3    -2.314338e+00     2.592901e-06
 * time: 197.8696050643921
n     Energy            log10(ΔE)   log10(Δρ)   Diag   Δtime
---   ---------------   ---------   ---------   ----   ------
  1   -2.314197857372                   -1.45    5.5    2.96s
  2   -2.314310353637       -3.95       -1.84    1.5    1.19s
  3   -2.314337701126       -4.56       -3.56    3.5    1.95s
  4   -2.314337898778       -6.70       -4.23    4.6    2.25s
  5   -2.314337899011       -9.63       -4.86    2.8    1.93s
  6   -2.314337899025      -10.85       -5.65    3.1    1.34s
  7   -2.314337899025      -12.45       -6.34    3.1    2.18s
  8   -2.314337899025      -13.65       -6.82    3.1    1.76s
  9   -2.314337899025      -14.65       -7.52    3.1    2.14s
n     Energy            log10(ΔE)   log10(Δρ)   Diag   Δtime
---   ---------------   ---------   ---------   ----   ------
  1   -2.314196964354                   -1.45    5.4    2.39s
  2   -2.314310144995       -3.95       -1.84    1.4    1.17s
  3   -2.314337690725       -4.56       -3.55    3.5    2.38s
  4   -2.314337898773       -6.68       -4.22    4.5    2.49s
  5   -2.314337899010       -9.63       -4.86    2.8    2.07s
  6   -2.314337899025      -10.83       -5.64    3.1    1.77s
  7   -2.314337899025      -12.45       -6.32    3.0    2.15s
  8   -2.314337899025      -13.59       -6.81    3.1    1.78s
  9   -2.314337899025      -14.57       -7.51    3.0    1.60s
     4    -2.314338e+00     4.235424e-09
 * time: 270.1839220523834
 * Status: success

 * Candidate solution
    Final objective value:     -2.314338e+00

 * Found with
    Algorithm:     L-BFGS

 * Convergence measures
    |x - x'|               = 5.75e-05 ≰ -1.0e+00
    |x - x'|/|x'|          = 7.57e-06 ≰ 0.0e+00
    |f(x) - f(x')|         = 7.48e-11 ≤ 1.0e-08
    |f(x) - f(x')|/|f(x')| = 3.23e-11 ≰ 0.0e+00
    |g(x)|                 = 4.24e-09 ≤ 1.0e-06

 * Work counters
    Seconds run:   270  (vs limit Inf)
    Iterations:    4
    f(x) calls:    5
    ∇f(x) calls:   5

Al: 304.047425 seconds (205.18 M allocations: 49.321 GiB, 6.47% gc time, 0.00% compilation time)
┌ Info: 2025-05-13T15:20:59.076
│   name = "V"
│   Ecut = 42.0
│   kgrid = MonkhorstPack([20, 20, 20])
│   p0 = ComponentVector{Float64}(a = 5.699267600684394)
│   temperature = 0.001
└   smearing = DFTK.Smearing.Gaussian()
┌ Warning: Negative ρcore detected: -3.4151886922104144e-8
└ @ DFTK ~/.julia/packages/DFTK/n2IL4/src/terms/xc.jl:39
n     Energy            log10(ΔE)   log10(Δρ)   Diag   Δtime
---   ---------------   ---------   ---------   ----   ------
  1   -73.63417230879                   -0.79    9.7    10.5s
  2   -73.65192870455       -1.75       -1.00    5.5    6.67s
  3   -73.66039253901       -2.07       -1.31    6.7    8.52s
  4   -73.66214946872       -2.76       -1.74    6.0    7.33s
  5   -73.66231738516       -3.77       -2.24    5.1    7.71s
  6   -73.66233667113       -4.71       -3.08    5.5    7.34s
  7   -73.66233670263       -7.50       -3.54    4.2    5.90s
  8   -73.66233673276       -7.52       -4.29    5.5    7.09s
  9   -73.66233673113   +   -8.79       -4.37    5.2    7.03s
 10   -73.66233673311       -8.70       -4.93    5.8    6.89s
 11   -73.66233673312      -11.08       -5.76    4.9    5.90s
 12   -73.66233673312      -12.49       -6.33    5.2    6.23s
 13   -73.66233673312      -13.37       -6.46    4.8    5.88s
 14   -73.66233673312   +  -13.85       -7.14    4.9    6.01s
┌ Warning: Negative ρcore detected: Dual{ForwardDiff.Tag{var"#19#21"{@NamedTuple{ham::Hamiltonian, basis::PlaneWaveBasis{Float64, Float64, DFTK.CPU, FFTGrid{Float64, Float64, Array{StaticArraysCore.SVector{3, Int64}, 3}, Array{StaticArraysCore.SVector{3, Float64}, 3}}, Vector{StaticArraysCore.SVector{3, Int64}}}, energies::Energies{Float64}, converged::Bool, occupation_threshold::Float64, ρ::Array{Float64, 4}, τ::Nothing, α::Float64, eigenvalues::Vector{Vector{Float64}}, occupation::Vector{Vector{Float64}}, εF::Float64, n_bands_converge::Int64, n_iter::Int64, n_matvec::Int64, ψ::Vector{Matrix{ComplexF64}}, diagonalization::Vector{@NamedTuple{λ::Vector{Vector{Float64}}, X::Vector{Matrix{ComplexF64}}, residual_norms::Vector{Vector{Float64}}, n_iter::Vector{Int64}, converged::Bool, n_matvec::Int64}}, stage::Symbol, history_Δρ::Vector{Float64}, history_Etot::Vector{Float64}, timedout::Bool, runtime_ns::UInt64, algorithm::String}, Model{Float64, Float64}, Float64, MonkhorstPack, var"#case#4"{Matrix{Float64}, Float64, MonkhorstPack, Vector{StaticArraysCore.SVector{3, Float64}}, Vector{ElementPsp{PspUpf{Float64, Interpolations.Extrapolation{Float64, 1, Interpolations.GriddedInterpolation{Float64, 1, Vector{Float64}, Interpolations.Gridded{Interpolations.Linear{Interpolations.Throw{Interpolations.OnGrid}}}, Tuple{Vector{Float64}}}, Interpolations.Gridded{Interpolations.Linear{Interpolations.Throw{Interpolations.OnGrid}}}, Interpolations.Throw{Nothing}}}}}, Float64, Float64, String}}, Float64}}(-3.4151886922104144e-8,-1.2413273474001241e-8)
└ @ DFTK ~/.julia/packages/DFTK/n2IL4/src/terms/xc.jl:39
Iter     Function value   Gradient norm 
     0    -7.366234e+01     2.617745e-02
 * time: 3.910064697265625e-5
┌ Warning: Negative ρcore detected: -3.2301589168560726e-8
└ @ DFTK ~/.julia/packages/DFTK/n2IL4/src/terms/xc.jl:39
n     Energy            log10(ΔE)   log10(Δρ)   Diag   Δtime
---   ---------------   ---------   ---------   ----   ------
  1   -73.63558669358                   -0.79    9.7    11.4s
  2   -73.65264046107       -1.77       -1.00    5.4    6.20s
  3   -73.66108824158       -2.07       -1.31    6.8    7.76s
  4   -73.66279305501       -2.77       -1.75    6.1    7.71s
  5   -73.66295505002       -3.79       -2.28    5.2    6.24s
  6   -73.66297233436       -4.76       -3.10    5.5    6.60s
  7   -73.66297233365   +   -9.15       -3.54    4.9    6.39s
  8   -73.66297237266       -7.41       -4.21    5.4    6.67s
  9   -73.66297237065   +   -8.70       -4.34    5.7    7.37s
 10   -73.66297237294       -8.64       -4.90    5.9    6.92s
 11   -73.66297237294      -11.10       -5.61    4.8    6.36s
 12   -73.66297237294      -11.86       -6.27    5.0    6.59s
 13   -73.66297237294   +  -13.15       -6.51    3.5    6.24s
 14   -73.66297237294   +  -12.94       -7.10    5.2    7.74s
┌ Warning: Negative ρcore detected: -3.2301589168560726e-8
└ @ DFTK ~/.julia/packages/DFTK/n2IL4/src/terms/xc.jl:39
n     Energy            log10(ΔE)   log10(Δρ)   Diag   Δtime
---   ---------------   ---------   ---------   ----   ------
  1   -73.63557247482                   -0.79    9.7    14.7s
  2   -73.65263911855       -1.77       -1.00    5.4    7.54s
  3   -73.66108887422       -2.07       -1.31    6.7    9.73s
  4   -73.66279317979       -2.77       -1.75    6.1    6.83s
  5   -73.66295487228       -3.79       -2.28    5.1    6.19s
  6   -73.66297233207       -4.76       -3.10    5.6    6.75s
  7   -73.66297233435       -8.64       -3.54    4.8    6.93s
  8   -73.66297237273       -7.42       -4.22    5.5    6.39s
  9   -73.66297237066   +   -8.68       -4.34    5.6    6.88s
 10   -73.66297237293       -8.64       -4.89    5.9    6.39s
 11   -73.66297237294      -11.07       -5.61    4.8    6.62s
 12   -73.66297237294      -11.91       -6.25    5.0    7.42s
 13   -73.66297237294   +  -13.37       -6.51    3.7    4.70s
 14   -73.66297237294   +  -12.85       -7.08    5.3    5.84s
┌ Warning: Negative ρcore detected: Dual{ForwardDiff.Tag{var"#19#21"{@NamedTuple{ham::Hamiltonian, basis::PlaneWaveBasis{Float64, Float64, DFTK.CPU, FFTGrid{Float64, Float64, Array{StaticArraysCore.SVector{3, Int64}, 3}, Array{StaticArraysCore.SVector{3, Float64}, 3}}, Vector{StaticArraysCore.SVector{3, Int64}}}, energies::Energies{Float64}, converged::Bool, occupation_threshold::Float64, ρ::Array{Float64, 4}, τ::Nothing, α::Float64, eigenvalues::Vector{Vector{Float64}}, occupation::Vector{Vector{Float64}}, εF::Float64, n_bands_converge::Int64, n_iter::Int64, n_matvec::Int64, ψ::Vector{Matrix{ComplexF64}}, diagonalization::Vector{@NamedTuple{λ::Vector{Vector{Float64}}, X::Vector{Matrix{ComplexF64}}, residual_norms::Vector{Vector{Float64}}, n_iter::Vector{Int64}, converged::Bool, n_matvec::Int64}}, stage::Symbol, history_Δρ::Vector{Float64}, history_Etot::Vector{Float64}, timedout::Bool, runtime_ns::UInt64, algorithm::String}, Model{Float64, Float64}, Float64, MonkhorstPack, var"#case#4"{Matrix{Float64}, Float64, MonkhorstPack, Vector{StaticArraysCore.SVector{3, Float64}}, Vector{ElementPsp{PspUpf{Float64, Interpolations.Extrapolation{Float64, 1, Interpolations.GriddedInterpolation{Float64, 1, Vector{Float64}, Interpolations.Gridded{Interpolations.Linear{Interpolations.Throw{Interpolations.OnGrid}}}, Tuple{Vector{Float64}}}, Interpolations.Gridded{Interpolations.Linear{Interpolations.Throw{Interpolations.OnGrid}}}, Interpolations.Throw{Nothing}}}}}, Float64, Float64, String}}, Float64}}(-3.2301589168560726e-8,-1.3244853885642097e-7)
└ @ DFTK ~/.julia/packages/DFTK/n2IL4/src/terms/xc.jl:39
     1    -7.366297e+01     2.235712e-02
 * time: 274.6587460041046
┌ Warning: Negative ρcore detected: -4.228195233763625e-8
└ @ DFTK ~/.julia/packages/DFTK/n2IL4/src/terms/xc.jl:39
n     Energy            log10(ΔE)   log10(Δρ)   Diag   Δtime
---   ---------------   ---------   ---------   ----   ------
  1   -73.64124688463                   -0.81    9.5    13.5s
  2   -73.65552534823       -1.85       -1.01    5.2    7.50s
  3   -73.66286561050       -2.13       -1.34    6.5    10.9s
  4   -73.66429622919       -2.84       -1.72    5.8    8.83s
  5   -73.66451220287       -3.67       -2.56    5.3    9.08s
  6   -73.66451340394       -5.92       -3.17    5.4    10.2s
  7   -73.66451342970       -7.59       -3.76    4.9    8.42s
  8   -73.66451343186       -8.67       -4.05    4.4    7.97s
  9   -73.66451343202       -9.79       -4.56    5.3    8.81s
 10   -73.66451343265       -9.21       -5.13    5.2    11.1s
 11   -73.66451343266      -10.75       -6.12    5.0    8.55s
 12   -73.66451343266      -13.85       -6.51    4.7    8.32s
 13   -73.66451343266   +    -Inf       -6.98    4.8    8.53s
 14   -73.66451343266   +  -13.85       -7.91    5.2    8.72s
┌ Warning: Negative ρcore detected: -4.228195233763625e-8
└ @ DFTK ~/.julia/packages/DFTK/n2IL4/src/terms/xc.jl:39
n     Energy            log10(ΔE)   log10(Δρ)   Diag   Δtime
---   ---------------   ---------   ---------   ----   ------
  1   -73.64125677088                   -0.81    9.6    14.6s
  2   -73.65551620306       -1.85       -1.01    5.1    10.6s
  3   -73.66286662616       -2.13       -1.34    6.5    10.0s
  4   -73.66429587528       -2.84       -1.72    5.8    11.7s
  5   -73.66451225625       -3.66       -2.56    5.3    8.98s
  6   -73.66451339825       -5.94       -3.16    5.3    9.48s
  7   -73.66451342941       -7.51       -3.77    5.0    12.0s
  8   -73.66451343178       -8.63       -4.05    4.4    10.5s
  9   -73.66451343208       -9.53       -4.58    5.4    9.87s
 10   -73.66451343265       -9.25       -5.14    5.2    10.4s
 11   -73.66451343266      -10.80       -6.12    5.0    10.1s
 12   -73.66451343266      -13.25       -6.51    4.8    12.5s
 13   -73.66451343266      -13.37       -7.00    4.8    7.44s
 14   -73.66451343266      -13.85       -7.95    5.2    8.11s
┌ Warning: Negative ρcore detected: Dual{ForwardDiff.Tag{var"#19#21"{@NamedTuple{ham::Hamiltonian, basis::PlaneWaveBasis{Float64, Float64, DFTK.CPU, FFTGrid{Float64, Float64, Array{StaticArraysCore.SVector{3, Int64}, 3}, Array{StaticArraysCore.SVector{3, Float64}, 3}}, Vector{StaticArraysCore.SVector{3, Int64}}}, energies::Energies{Float64}, converged::Bool, occupation_threshold::Float64, ρ::Array{Float64, 4}, τ::Nothing, α::Float64, eigenvalues::Vector{Vector{Float64}}, occupation::Vector{Vector{Float64}}, εF::Float64, n_bands_converge::Int64, n_iter::Int64, n_matvec::Int64, ψ::Vector{Matrix{ComplexF64}}, diagonalization::Vector{@NamedTuple{λ::Vector{Vector{Float64}}, X::Vector{Matrix{ComplexF64}}, residual_norms::Vector{Vector{Float64}}, n_iter::Vector{Int64}, converged::Bool, n_matvec::Int64}}, stage::Symbol, history_Δρ::Vector{Float64}, history_Etot::Vector{Float64}, timedout::Bool, runtime_ns::UInt64, algorithm::String}, Model{Float64, Float64}, Float64, MonkhorstPack, var"#case#4"{Matrix{Float64}, Float64, MonkhorstPack, Vector{StaticArraysCore.SVector{3, Float64}}, Vector{ElementPsp{PspUpf{Float64, Interpolations.Extrapolation{Float64, 1, Interpolations.GriddedInterpolation{Float64, 1, Vector{Float64}, Interpolations.Gridded{Interpolations.Linear{Interpolations.Throw{Interpolations.OnGrid}}}, Tuple{Vector{Float64}}}, Interpolations.Gridded{Interpolations.Linear{Interpolations.Throw{Interpolations.OnGrid}}}, Interpolations.Throw{Nothing}}}}}, Float64, Float64, String}}, Float64}}(-4.228195233763625e-8,-7.365645903422323e-9)
└ @ DFTK ~/.julia/packages/DFTK/n2IL4/src/terms/xc.jl:39
     2    -7.366451e+01     3.041184e-03
 * time: 617.8284342288971
┌ Warning: Negative ρcore detected: -4.15807613956182e-8
└ @ DFTK ~/.julia/packages/DFTK/n2IL4/src/terms/xc.jl:39
n     Energy            log10(ΔE)   log10(Δρ)   Diag   Δtime
---   ---------------   ---------   ---------   ----   ------
  1   -73.64110094360                   -0.81    9.8    13.4s
  2   -73.65539691705       -1.84       -1.01    5.3    8.30s
  3   -73.66282482365       -2.13       -1.33    6.7    10.3s
  4   -73.66430868846       -2.83       -1.71    5.9    10.0s
  5   -73.66453781088       -3.64       -2.57    5.4    9.31s
  6   -73.66453901649       -5.92       -3.17    5.5    9.74s
  7   -73.66453903750       -7.68       -3.72    5.0    8.46s
  8   -73.66453904133       -8.42       -4.01    4.6    7.90s
  9   -73.66453904221       -9.06       -4.56    5.4    8.06s
 10   -73.66453904274       -9.27       -4.94    5.1    9.18s
 11   -73.66453904279      -10.24       -5.82    5.1    8.82s
 12   -73.66453904280      -11.78       -6.27    5.2    9.73s
 13   -73.66453904280   +  -12.85       -6.99    5.5    10.1s
 14   -73.66453904280      -13.37       -7.36    5.2    9.73s
┌ Warning: Negative ρcore detected: -4.15807613956182e-8
└ @ DFTK ~/.julia/packages/DFTK/n2IL4/src/terms/xc.jl:39
n     Energy            log10(ΔE)   log10(Δρ)   Diag   Δtime
---   ---------------   ---------   ---------   ----   ------
  1   -73.64109685704                   -0.81    9.8    18.1s
  2   -73.65540645270       -1.84       -1.01    5.3    10.0s
  3   -73.66282343555       -2.13       -1.33    6.7    10.9s
  4   -73.66430854059       -2.83       -1.71    5.9    11.6s
  5   -73.66453775901       -3.64       -2.57    5.5    12.7s
  6   -73.66453901997       -5.90       -3.17    5.5    11.3s
  7   -73.66453903675       -7.78       -3.71    5.1    10.7s
  8   -73.66453904105       -8.37       -3.99    4.5    8.14s
  9   -73.66453904220       -8.94       -4.55    5.3    10.3s
 10   -73.66453904274       -9.27       -4.93    5.0    9.34s
 11   -73.66453904279      -10.25       -5.79    5.1    9.62s
 12   -73.66453904280      -11.76       -6.25    5.3    9.01s
 13   -73.66453904280   +  -13.25       -7.00    5.5    8.50s
┌ Warning: Negative ρcore detected: Dual{ForwardDiff.Tag{var"#19#21"{@NamedTuple{ham::Hamiltonian, basis::PlaneWaveBasis{Float64, Float64, DFTK.CPU, FFTGrid{Float64, Float64, Array{StaticArraysCore.SVector{3, Int64}, 3}, Array{StaticArraysCore.SVector{3, Float64}, 3}}, Vector{StaticArraysCore.SVector{3, Int64}}}, energies::Energies{Float64}, converged::Bool, occupation_threshold::Float64, ρ::Array{Float64, 4}, τ::Nothing, α::Float64, eigenvalues::Vector{Vector{Float64}}, occupation::Vector{Vector{Float64}}, εF::Float64, n_bands_converge::Int64, n_iter::Int64, n_matvec::Int64, ψ::Vector{Matrix{ComplexF64}}, diagonalization::Vector{@NamedTuple{λ::Vector{Vector{Float64}}, X::Vector{Matrix{ComplexF64}}, residual_norms::Vector{Vector{Float64}}, n_iter::Vector{Int64}, converged::Bool, n_matvec::Int64}}, stage::Symbol, history_Δρ::Vector{Float64}, history_Etot::Vector{Float64}, timedout::Bool, runtime_ns::UInt64, algorithm::String}, Model{Float64, Float64}, Float64, MonkhorstPack, var"#case#4"{Matrix{Float64}, Float64, MonkhorstPack, Vector{StaticArraysCore.SVector{3, Float64}}, Vector{ElementPsp{PspUpf{Float64, Interpolations.Extrapolation{Float64, 1, Interpolations.GriddedInterpolation{Float64, 1, Vector{Float64}, Interpolations.Gridded{Interpolations.Linear{Interpolations.Throw{Interpolations.OnGrid}}}, Tuple{Vector{Float64}}}, Interpolations.Gridded{Interpolations.Linear{Interpolations.Throw{Interpolations.OnGrid}}}, Interpolations.Throw{Nothing}}}}}, Float64, Float64, String}}, Float64}}(-4.15807613956182e-8,8.17441943802404e-8)
└ @ DFTK ~/.julia/packages/DFTK/n2IL4/src/terms/xc.jl:39
     3    -7.366454e+01     2.368854e-04
 * time: 965.8377351760864
┌ Warning: Negative ρcore detected: -4.168513530424773e-8
└ @ DFTK ~/.julia/packages/DFTK/n2IL4/src/terms/xc.jl:39
n     Energy            log10(ΔE)   log10(Δρ)   Diag   Δtime
---   ---------------   ---------   ---------   ----   ------
  1   -73.64111588050                   -0.81    9.9    14.3s
  2   -73.65542085487       -1.84       -1.01    5.3    7.81s
  3   -73.66282809934       -2.13       -1.33    6.6    9.25s
  4   -73.66430998451       -2.83       -1.71    5.8    8.49s
  5   -73.66453791956       -3.64       -2.57    5.5    9.81s
  6   -73.66453918180       -5.90       -3.18    5.4    10.8s
  7   -73.66453919583       -7.85       -3.72    5.0    9.26s
  8   -73.66453919980       -8.40       -4.01    4.5    7.88s
  9   -73.66453920070       -9.04       -4.57    5.4    10.0s
 10   -73.66453920123       -9.28       -5.00    5.1    8.99s
 11   -73.66453920128      -10.31       -5.93    5.1    8.96s
 12   -73.66453920128      -12.50       -6.28    4.8    10.1s
 13   -73.66453920128   +    -Inf       -7.05    4.8    8.15s
┌ Warning: Negative ρcore detected: -4.168513530424773e-8
└ @ DFTK ~/.julia/packages/DFTK/n2IL4/src/terms/xc.jl:39
n     Energy            log10(ΔE)   log10(Δρ)   Diag   Δtime
---   ---------------   ---------   ---------   ----   ------
  1   -73.64112014778                   -0.81    9.8    13.3s
  2   -73.65541375619       -1.84       -1.01    5.3    8.51s
  3   -73.66282795097       -2.13       -1.33    6.7    13.8s
  4   -73.66431045410       -2.83       -1.71    5.9    11.1s
  5   -73.66453783758       -3.64       -2.56    5.4    10.2s
  6   -73.66453917883       -5.87       -3.17    5.4    8.90s
  7   -73.66453919562       -7.77       -3.72    5.1    11.4s
  8   -73.66453919966       -8.39       -4.00    4.4    11.7s
  9   -73.66453920074       -8.97       -4.57    5.3    11.5s
 10   -73.66453920123       -9.31       -4.99    5.0    8.23s
 11   -73.66453920128      -10.29       -5.93    5.2    8.81s
 12   -73.66453920128      -12.34       -6.29    4.9    8.48s
 13   -73.66453920128   +  -13.07       -7.05    4.0    10.6s
┌ Warning: Negative ρcore detected: Dual{ForwardDiff.Tag{var"#19#21"{@NamedTuple{ham::Hamiltonian, basis::PlaneWaveBasis{Float64, Float64, DFTK.CPU, FFTGrid{Float64, Float64, Array{StaticArraysCore.SVector{3, Int64}, 3}, Array{StaticArraysCore.SVector{3, Float64}, 3}}, Vector{StaticArraysCore.SVector{3, Int64}}}, energies::Energies{Float64}, converged::Bool, occupation_threshold::Float64, ρ::Array{Float64, 4}, τ::Nothing, α::Float64, eigenvalues::Vector{Vector{Float64}}, occupation::Vector{Vector{Float64}}, εF::Float64, n_bands_converge::Int64, n_iter::Int64, n_matvec::Int64, ψ::Vector{Matrix{ComplexF64}}, diagonalization::Vector{@NamedTuple{λ::Vector{Vector{Float64}}, X::Vector{Matrix{ComplexF64}}, residual_norms::Vector{Vector{Float64}}, n_iter::Vector{Int64}, converged::Bool, n_matvec::Int64}}, stage::Symbol, history_Δρ::Vector{Float64}, history_Etot::Vector{Float64}, timedout::Bool, runtime_ns::UInt64, algorithm::String}, Model{Float64, Float64}, Float64, MonkhorstPack, var"#case#4"{Matrix{Float64}, Float64, MonkhorstPack, Vector{StaticArraysCore.SVector{3, Float64}}, Vector{ElementPsp{PspUpf{Float64, Interpolations.Extrapolation{Float64, 1, Interpolations.GriddedInterpolation{Float64, 1, Vector{Float64}, Interpolations.Gridded{Interpolations.Linear{Interpolations.Throw{Interpolations.OnGrid}}}, Tuple{Vector{Float64}}}, Interpolations.Gridded{Interpolations.Linear{Interpolations.Throw{Interpolations.OnGrid}}}, Interpolations.Throw{Nothing}}}}}, Float64, Float64, String}}, Float64}}(-4.168513530424773e-8,7.572304291696725e-8)
└ @ DFTK ~/.julia/packages/DFTK/n2IL4/src/terms/xc.jl:39
     4    -7.366454e+01     2.259014e-06
 * time: 1296.7472450733185
┌ Warning: Negative ρcore detected: -4.1686101394807744e-8
└ @ DFTK ~/.julia/packages/DFTK/n2IL4/src/terms/xc.jl:39
n     Energy            log10(ΔE)   log10(Δρ)   Diag   Δtime
---   ---------------   ---------   ---------   ----   ------
  1   -73.64112317926                   -0.81    9.8    14.0s
  2   -73.65541015567       -1.85       -1.01    5.2    8.27s
  3   -73.66282808966       -2.13       -1.33    6.7    9.67s
  4   -73.66431040092       -2.83       -1.71    5.9    10.2s
  5   -73.66453790487       -3.64       -2.57    5.4    8.68s
  6   -73.66453918007       -5.89       -3.17    5.4    10.0s
  7   -73.66453919643       -7.79       -3.72    5.1    8.50s
  8   -73.66453919985       -8.47       -4.00    4.4    7.05s
  9   -73.66453920072       -9.06       -4.56    5.3    7.74s
 10   -73.66453920124       -9.28       -4.98    5.0    8.94s
 11   -73.66453920130      -10.28       -5.89    5.1    8.63s
 12   -73.66453920130      -12.23       -6.30    5.0    7.95s
 13   -73.66453920130      -13.55       -7.06    4.0    7.91s
┌ Warning: Negative ρcore detected: -4.1686101394807744e-8
└ @ DFTK ~/.julia/packages/DFTK/n2IL4/src/terms/xc.jl:39
n     Energy            log10(ΔE)   log10(Δρ)   Diag   Δtime
---   ---------------   ---------   ---------   ----   ------
  1   -73.64112785577                   -0.81    9.8    14.6s
  2   -73.65542208311       -1.84       -1.01    5.3    8.61s
  3   -73.66282685397       -2.13       -1.33    6.6    10.7s
  4   -73.66430995905       -2.83       -1.71    5.9    8.82s
  5   -73.66453794017       -3.64       -2.57    5.4    8.64s
  6   -73.66453917654       -5.91       -3.17    5.5    11.4s
  7   -73.66453919582       -7.71       -3.72    5.1    9.55s
  8   -73.66453919970       -8.41       -3.99    4.5    8.18s
  9   -73.66453920073       -8.99       -4.56    5.3    7.94s
 10   -73.66453920125       -9.28       -4.99    5.0    8.43s
 11   -73.66453920130      -10.30       -5.91    5.1    8.36s
 12   -73.66453920130      -12.19       -6.42    5.0    8.63s
 13   -73.66453920130   +  -13.37       -7.06    4.0    7.40s
┌ Warning: Negative ρcore detected: Dual{ForwardDiff.Tag{var"#19#21"{@NamedTuple{ham::Hamiltonian, basis::PlaneWaveBasis{Float64, Float64, DFTK.CPU, FFTGrid{Float64, Float64, Array{StaticArraysCore.SVector{3, Int64}, 3}, Array{StaticArraysCore.SVector{3, Float64}, 3}}, Vector{StaticArraysCore.SVector{3, Int64}}}, energies::Energies{Float64}, converged::Bool, occupation_threshold::Float64, ρ::Array{Float64, 4}, τ::Nothing, α::Float64, eigenvalues::Vector{Vector{Float64}}, occupation::Vector{Vector{Float64}}, εF::Float64, n_bands_converge::Int64, n_iter::Int64, n_matvec::Int64, ψ::Vector{Matrix{ComplexF64}}, diagonalization::Vector{@NamedTuple{λ::Vector{Vector{Float64}}, X::Vector{Matrix{ComplexF64}}, residual_norms::Vector{Vector{Float64}}, n_iter::Vector{Int64}, converged::Bool, n_matvec::Int64}}, stage::Symbol, history_Δρ::Vector{Float64}, history_Etot::Vector{Float64}, timedout::Bool, runtime_ns::UInt64, algorithm::String}, Model{Float64, Float64}, Float64, MonkhorstPack, var"#case#4"{Matrix{Float64}, Float64, MonkhorstPack, Vector{StaticArraysCore.SVector{3, Float64}}, Vector{ElementPsp{PspUpf{Float64, Interpolations.Extrapolation{Float64, 1, Interpolations.GriddedInterpolation{Float64, 1, Vector{Float64}, Interpolations.Gridded{Interpolations.Linear{Interpolations.Throw{Interpolations.OnGrid}}}, Tuple{Vector{Float64}}}, Interpolations.Gridded{Interpolations.Linear{Interpolations.Throw{Interpolations.OnGrid}}}, Interpolations.Throw{Nothing}}}}}, Float64, Float64, String}}, Float64}}(-4.1686101394807744e-8,7.566475190390999e-8)
└ @ DFTK ~/.julia/packages/DFTK/n2IL4/src/terms/xc.jl:39
     5    -7.366454e+01     1.023289e-08
 * time: 1602.1980350017548
 * Status: success

 * Candidate solution
    Final objective value:     -7.366454e+01

 * Found with
    Algorithm:     L-BFGS

 * Convergence measures
    |x - x'|               = 1.28e-05 ≰ -1.0e+00
    |x - x'|/|x'|          = 2.31e-06 ≰ 0.0e+00
    |f(x) - f(x')|         = 1.35e-11 ≤ 1.0e-08
    |f(x) - f(x')|/|f(x')| = 1.83e-13 ≰ 0.0e+00
    |g(x)|                 = 1.02e-08 ≤ 1.0e-06

 * Work counters
    Seconds run:   1602  (vs limit Inf)
    Iterations:    5
    f(x) calls:    6
    ∇f(x) calls:   6

V: 1751.381430 seconds (811.69 M allocations: 385.699 GiB, 4.99% gc time, 0.00% compilation time)
