n     Energy            log10(ΔE)   log10(Δρ)   Diag   Δtime
---   ---------------   ---------   ---------   ----   ------
  1   -8.368567509213                   -0.99    7.0    10.1s
  2   -8.371083780674       -2.60       -1.85    2.0    4.70s
  3   -8.371186518464       -3.99       -2.91    4.2    2.00s
  4   -8.371187040957       -6.28       -3.84    4.0    1.65s
  5   -8.371187047913       -8.16       -4.35    4.1    1.87s
  6   -8.371187048940       -8.99       -5.35    3.8    1.73s
  7   -8.371187048956      -10.81       -6.48    3.9    1.56s
  8   -8.371187048956      -13.60       -7.70    3.9    1.88s
Iter     Function value   Gradient norm 
     0    -8.371187e+00     1.536445e-02
 * time: 7.867813110351562e-6
n     Energy            log10(ΔE)   log10(Δρ)   Diag   Δtime
---   ---------------   ---------   ---------   ----   ------
  1   -8.368737406532                   -0.98    7.1    2.43s
  2   -8.371297468072       -2.59       -1.85    2.1    1.38s
  3   -8.371414467437       -3.93       -2.90    4.2    1.69s
  4   -8.371415053851       -6.23       -3.82    4.0    1.89s
  5   -8.371415062480       -8.06       -4.31    4.1    1.63s
  6   -8.371415063712       -8.91       -5.37    3.8    1.78s
  7   -8.371415063727      -10.81       -6.56    4.1    1.64s
  8   -8.371415063727      -13.67       -7.78    3.8    1.85s
n     Energy            log10(ΔE)   log10(Δρ)   Diag   Δtime
---   ---------------   ---------   ---------   ----   ------
  1   -8.368742869973                   -0.98    7.2    2.38s
  2   -8.371297636900       -2.59       -1.85    2.0    1.32s
  3   -8.371414494334       -3.93       -2.89    4.3    1.68s
  4   -8.371415056033       -6.25       -3.83    4.1    1.86s
  5   -8.371415062823       -8.17       -4.36    4.1    1.64s
  6   -8.371415063707       -9.05       -5.28    3.7    1.76s
  7   -8.371415063727      -10.69       -6.32    4.0    1.61s
  8   -8.371415063727      -13.23       -7.77    3.9    1.84s
     1    -8.371415e+00     1.431379e-02
 * time: 39.999171018600464
n     Energy            log10(ΔE)   log10(Δρ)   Diag   Δtime
---   ---------------   ---------   ---------   ----   ------
  1   -8.369644709674                   -0.97    7.2    2.34s
  2   -8.372679570511       -2.52       -1.86    1.8    1.02s
  3   -8.372798527809       -3.92       -2.82    4.4    1.99s
  4   -8.372799126974       -6.22       -3.77    4.0    1.65s
  5   -8.372799134184       -8.14       -4.47    3.9    1.82s
  6   -8.372799134418       -9.63       -5.26    3.6    1.48s
  7   -8.372799134428      -11.00       -6.92    3.8    1.80s
  8   -8.372799134428      -13.50       -7.99    4.7    1.81s
n     Energy            log10(ΔE)   log10(Δρ)   Diag   Δtime
---   ---------------   ---------   ---------   ----   ------
  1   -8.369651348327                   -0.97    7.1    2.33s
  2   -8.372679444017       -2.52       -1.86    1.8    1.01s
  3   -8.372798475769       -3.92       -2.81    4.3    1.92s
  4   -8.372799127526       -6.19       -3.78    4.0    1.57s
  5   -8.372799134208       -8.18       -4.48    3.8    1.82s
  6   -8.372799134420       -9.67       -5.29    3.6    1.48s
  7   -8.372799134428      -11.06       -6.79    3.7    1.79s
  8   -8.372799134428      -13.34       -7.66    4.7    1.80s
     2    -8.372799e+00     1.590215e-03
 * time: 79.01089596748352
n     Energy            log10(ΔE)   log10(Δρ)   Diag   Δtime
---   ---------------   ---------   ---------   ----   ------
  1   -8.369716435190                   -0.97    7.3    2.41s
  2   -8.372699582696       -2.53       -1.87    2.2    1.38s
  3   -8.372813655500       -3.94       -2.83    4.5    1.72s
  4   -8.372814276325       -6.21       -3.82    4.2    1.89s
  5   -8.372814283690       -8.13       -4.48    4.2    1.63s
  6   -8.372814283945       -9.59       -5.34    3.9    1.79s
  7   -8.372814283953      -11.06       -6.69    3.9    1.56s
  8   -8.372814283954      -13.23       -7.81    4.6    2.01s
n     Energy            log10(ΔE)   log10(Δρ)   Diag   Δtime
---   ---------------   ---------   ---------   ----   ------
  1   -8.369710177698                   -0.97    7.3    2.35s
  2   -8.372694835546       -2.53       -1.87    2.1    1.32s
  3   -8.372813600696       -3.93       -2.83    4.3    1.67s
  4   -8.372814276295       -6.17       -3.80    4.2    1.90s
  5   -8.372814283674       -8.13       -4.46    4.1    1.61s
  6   -8.372814283944       -9.57       -5.33    3.8    1.78s
  7   -8.372814283953      -11.03       -6.65    4.0    1.64s
  8   -8.372814283954      -13.14       -7.98    4.6    2.03s
     3    -8.372814e+00     1.371417e-04
 * time: 118.88680386543274
n     Energy            log10(ΔE)   log10(Δρ)   Diag   Δtime
---   ---------------   ---------   ---------   ----   ------
  1   -8.369714997867                   -0.97    7.2    2.37s
  2   -8.372693475212       -2.53       -1.86    1.9    1.04s
  3   -8.372813699035       -3.92       -2.81    4.3    1.97s
  4   -8.372814390249       -6.16       -3.77    4.1    1.59s
  5   -8.372814398587       -8.08       -4.45    4.0    1.84s
  6   -8.372814398891       -9.52       -5.30    3.7    1.48s
  7   -8.372814398901      -10.99       -6.49    3.8    1.80s
  8   -8.372814398901      -13.00       -7.82    4.3    1.66s
n     Energy            log10(ΔE)   log10(Δρ)   Diag   Δtime
---   ---------------   ---------   ---------   ----   ------
  1   -8.369719489073                   -0.97    7.2    2.35s
  2   -8.372690845194       -2.53       -1.86    1.9    1.04s
  3   -8.372813719226       -3.91       -2.81    4.3    1.90s
  4   -8.372814389199       -6.17       -3.76    4.0    1.54s
  5   -8.372814398539       -8.03       -4.42    3.9    1.80s
  6   -8.372814398890       -9.45       -5.28    3.6    1.45s
  7   -8.372814398901      -10.95       -6.60    3.8    1.83s
  8   -8.372814398901      -13.11       -7.66    4.4    1.70s
     4    -8.372814e+00     1.178190e-06
 * time: 157.54421401023865
n     Energy            log10(ΔE)   log10(Δρ)   Diag   Δtime
---   ---------------   ---------   ---------   ----   ------
  1   -8.369714310558                   -0.97    7.1    2.39s
  2   -8.372698259254       -2.53       -1.86    2.0    1.33s
  3   -8.372813809287       -3.94       -2.83    4.3    1.67s
  4   -8.372814390430       -6.24       -3.79    3.9    1.83s
  5   -8.372814398636       -8.09       -4.47    3.9    1.55s
  6   -8.372814398900       -9.58       -5.33    3.7    1.76s
  7   -8.372814398909      -11.04       -6.73    3.9    1.59s
  8   -8.372814398909      -13.26       -7.72    4.6    2.01s
n     Energy            log10(ΔE)   log10(Δρ)   Diag   Δtime
---   ---------------   ---------   ---------   ----   ------
  1   -8.369721248696                   -0.97    7.2    2.37s
  2   -8.372691877916       -2.53       -1.86    2.0    1.33s
  3   -8.372813687055       -3.91       -2.81    4.4    1.73s
  4   -8.372814390344       -6.15       -3.77    3.9    1.84s
  5   -8.372814398607       -8.08       -4.45    3.9    1.56s
  6   -8.372814398898       -9.54       -5.29    3.8    1.78s
  7   -8.372814398909      -10.96       -6.64    3.9    1.58s
  8   -8.372814398909      -13.17       -7.99    4.6    2.01s
     5    -8.372814e+00     3.138175e-09
 * time: 196.89378094673157
 * Status: success

 * Candidate solution
    Final objective value:     -8.372814e+00

 * Found with
    Algorithm:     L-BFGS

 * Convergence measures
    |x - x'|               = 1.44e-05 ≰ -1.0e+00
    |x - x'|/|x'|          = 1.42e-06 ≰ 0.0e+00
    |f(x) - f(x')|         = 8.41e-12 ≤ 1.0e-08
    |f(x) - f(x')|/|f(x')| = 1.00e-12 ≰ 0.0e+00
    |g(x)|                 = 3.14e-09 ≤ 1.0e-06

 * Work counters
    Seconds run:   197  (vs limit Inf)
    Iterations:    5
    f(x) calls:    6
    ∇f(x) calls:   6

Si: 265.534564 seconds (425.49 M allocations: 88.411 GiB, 8.35% gc time, 17.69% compilation time: <1% of which was recompilation)
n     Energy            log10(ΔE)   log10(Δρ)   Diag   Δtime
---   ---------------   ---------   ---------   ----   ------
  1   -61.58972031284                   -1.13    8.3    19.1s
  2   -61.59211879623       -2.62       -1.29    2.8    8.47s
  3   -61.59433683632       -2.65       -2.27    4.1    10.8s
  4   -61.59434343771       -5.18       -2.46    4.3    10.1s
  5   -61.59435748638       -4.85       -3.53    3.2    6.99s
  6   -61.59435752499       -7.41       -4.44    4.2    10.5s
  7   -61.59435752575       -9.12       -5.58    4.0    10.1s
  8   -61.59435752576      -11.18       -6.96    4.2    10.7s
  9   -61.59435752576   +  -13.30       -7.56    4.1    10.7s
Iter     Function value   Gradient norm 
     0    -6.159436e+01     1.512399e-02
 * time: 4.0531158447265625e-6
n     Energy            log10(ΔE)   log10(Δρ)   Diag   Δtime
---   ---------------   ---------   ---------   ----   ------
  1   -61.58998457666                   -1.13    8.9    18.2s
  2   -61.59237253413       -2.62       -1.30    3.0    8.17s
  3   -61.59456440725       -2.66       -2.27    4.3    10.6s
  4   -61.59457094538       -5.18       -2.46    4.2    10.5s
  5   -61.59458478722       -4.86       -3.54    3.2    7.28s
  6   -61.59458482670       -7.40       -4.44    4.3    10.6s
  7   -61.59458482747       -9.12       -5.65    4.1    10.6s
  8   -61.59458482747      -11.29       -6.90    4.2    10.7s
  9   -61.59458482747   +  -13.55       -7.62    4.2    10.8s
n     Energy            log10(ΔE)   log10(Δρ)   Diag   Δtime
---   ---------------   ---------   ---------   ----   ------
  1   -61.58998365720                   -1.13    8.8    17.5s
  2   -61.59236217944       -2.62       -1.30    3.1    8.18s
  3   -61.59456402872       -2.66       -2.27    4.2    10.2s
  4   -61.59457094094       -5.16       -2.46    4.2    9.90s
  5   -61.59458478982       -4.86       -3.54    3.2    7.23s
  6   -61.59458482676       -7.43       -4.47    4.4    10.3s
  7   -61.59458482747       -9.15       -5.62    4.2    10.5s
  8   -61.59458482747      -11.24       -6.91    4.2    10.4s
  9   -61.59458482747      -13.85       -7.61    4.4    10.5s
     1    -6.159458e+01     1.493380e-02
 * time: 223.44029188156128
n     Energy            log10(ΔE)   log10(Δρ)   Diag   Δtime
---   ---------------   ---------   ---------   ----   ------
  1   -61.59259123021                   -1.13    8.6    14.1s
  2   -61.59525801518       -2.57       -1.32    3.4    7.38s
  3   -61.59664488156       -2.86       -2.32    4.5    9.11s
  4   -61.59664541362       -6.27       -2.72    4.2    8.75s
  5   -61.59664882880       -5.47       -3.65    3.8    6.97s
  6   -61.59664883932       -7.98       -4.74    4.2    8.89s
  7   -61.59664883939      -10.13       -5.70    4.2    9.07s
  8   -61.59664883939      -11.96       -6.58    4.2    8.94s
  9   -61.59664883939   +  -13.67       -7.83    4.4    9.16s
n     Energy            log10(ΔE)   log10(Δρ)   Diag   Δtime
---   ---------------   ---------   ---------   ----   ------
  1   -61.59259300429                   -1.13    8.7    14.1s
  2   -61.59525995188       -2.57       -1.32    3.5    7.40s
  3   -61.59664490726       -2.86       -2.32    4.4    8.76s
  4   -61.59664540527       -6.30       -2.72    4.2    8.68s
  5   -61.59664882873       -5.47       -3.65    3.8    6.80s
  6   -61.59664883931       -7.98       -4.73    4.1    8.61s
  7   -61.59664883939      -10.12       -5.78    4.2    8.95s
  8   -61.59664883939      -12.16       -6.57    4.1    8.78s
  9   -61.59664883939      -13.67       -7.84    4.2    8.71s
     2    -6.159665e+01     1.914057e-02
 * time: 412.64834690093994
n     Energy            log10(ΔE)   log10(Δρ)   Diag   Δtime
---   ---------------   ---------   ---------   ----   ------
  1   -61.59615187314                   -1.13    8.4    14.6s
  2   -61.59854230408       -2.62       -1.32    3.1    7.40s
  3   -61.60016435664       -2.79       -2.33    4.3    9.31s
  4   -61.60016659275       -5.65       -2.56    4.2    8.95s
  5   -61.60017476757       -5.09       -3.60    3.2    6.50s
  6   -61.60017478462       -7.77       -4.81    4.1    9.04s
  7   -61.60017478482       -9.72       -5.69    4.2    9.27s
  8   -61.60017478482      -11.36       -6.99    3.9    8.67s
  9   -61.60017478482   +    -Inf       -7.72    4.1    9.11s
n     Energy            log10(ΔE)   log10(Δρ)   Diag   Δtime
---   ---------------   ---------   ---------   ----   ------
  1   -61.59614958969                   -1.13    8.2    14.3s
  2   -61.59854255765       -2.62       -1.32    3.1    7.19s
  3   -61.60016433474       -2.79       -2.33    4.2    8.94s
  4   -61.60016658307       -5.65       -2.56    4.2    8.87s
  5   -61.60017476734       -5.09       -3.61    3.2    6.30s
  6   -61.60017478458       -7.76       -4.79    4.2    8.93s
  7   -61.60017478481       -9.63       -5.64    4.3    8.91s
  8   -61.60017478482      -11.23       -7.03    3.9    8.38s
     3    -6.160017e+01     5.502219e-03
 * time: 592.1351959705353
n     Energy            log10(ΔE)   log10(Δρ)   Diag   Δtime
---   ---------------   ---------   ---------   ----   ------
  1   -61.59674595738                   -1.14    8.6    14.5s
  2   -61.59917100496       -2.62       -1.33    3.3    7.39s
  3   -61.60069674318       -2.82       -2.34    4.3    9.23s
  4   -61.60069807294       -5.88       -2.59    4.2    9.04s
  5   -61.60070498730       -5.16       -3.62    3.3    6.53s
  6   -61.60070500220       -7.83       -4.85    4.1    8.90s
  7   -61.60070500237       -9.76       -5.73    4.4    9.14s
  8   -61.60070500237      -11.56       -7.00    4.1    8.87s
  9   -61.60070500237   +    -Inf       -7.77    4.0    8.69s
n     Energy            log10(ΔE)   log10(Δρ)   Diag   Δtime
---   ---------------   ---------   ---------   ----   ------
  1   -61.59674322119                   -1.14    8.4    14.4s
  2   -61.59916892673       -2.62       -1.33    3.2    7.21s
  3   -61.60069677419       -2.82       -2.34    4.4    9.13s
  4   -61.60069808801       -5.88       -2.59    4.3    8.98s
  5   -61.60070498846       -5.16       -3.62    3.3    6.47s
  6   -61.60070500218       -7.86       -4.84    4.1    8.72s
  7   -61.60070500237       -9.73       -5.70    4.4    9.05s
  8   -61.60070500237      -11.49       -7.01    4.0    8.66s
     4    -6.160071e+01     1.500374e-03
 * time: 773.6968688964844
n     Energy            log10(ΔE)   log10(Δρ)   Diag   Δtime
---   ---------------   ---------   ---------   ----   ------
  1   -61.59680170220                   -1.14    8.1    14.0s
  2   -61.59923594313       -2.61       -1.33    3.2    7.36s
  3   -61.60073458132       -2.82       -2.34    4.3    9.04s
  4   -61.60073569766       -5.95       -2.61    4.2    8.91s
  5   -61.60074211950       -5.19       -3.62    3.3    6.46s
  6   -61.60074213335       -7.86       -4.84    4.1    8.69s
  7   -61.60074213348       -9.89       -5.74    4.3    9.19s
  8   -61.60074213348      -11.48       -6.97    4.2    8.27s
  9   -61.60074213348      -14.15       -7.83    4.2    9.00s
n     Energy            log10(ΔE)   log10(Δρ)   Diag   Δtime
---   ---------------   ---------   ---------   ----   ------
  1   -61.59680124651                   -1.14    8.2    14.2s
  2   -61.59923496876       -2.61       -1.33    3.2    7.30s
  3   -61.60073459427       -2.82       -2.34    4.3    8.90s
  4   -61.60073569403       -5.96       -2.61    4.2    8.64s
  5   -61.60074212032       -5.19       -3.63    3.3    6.51s
  6   -61.60074213336       -7.88       -4.91    4.1    8.65s
  7   -61.60074213348       -9.93       -5.76    4.3    9.19s
  8   -61.60074213348      -11.53       -7.01    3.9    8.23s
     5    -6.160074e+01     1.888727e-04
 * time: 950.96133685112
n     Energy            log10(ΔE)   log10(Δρ)   Diag   Δtime
---   ---------------   ---------   ---------   ----   ------
  1   -61.59679594246                   -1.14    8.0    14.0s
  2   -61.59923081179       -2.61       -1.33    3.2    7.25s
  3   -61.60073503404       -2.82       -2.34    4.3    9.06s
  4   -61.60073615146       -5.95       -2.60    4.1    8.87s
  5   -61.60074269116       -5.18       -3.62    3.3    6.46s
  6   -61.60074270486       -7.86       -4.85    4.0    8.68s
  7   -61.60074270502       -9.81       -5.75    4.2    9.02s
  8   -61.60074270502      -11.74       -6.98    4.0    8.87s
  9   -61.60074270502      -13.15       -7.79    3.8    8.64s
n     Energy            log10(ΔE)   log10(Δρ)   Diag   Δtime
---   ---------------   ---------   ---------   ----   ------
  1   -61.59679645928                   -1.14    8.0    13.9s
  2   -61.59923422418       -2.61       -1.33    3.2    7.04s
  3   -61.60073503191       -2.82       -2.34    4.3    8.96s
  4   -61.60073615590       -5.95       -2.60    4.1    8.70s
  5   -61.60074268972       -5.18       -3.62    3.3    6.38s
  6   -61.60074270487       -7.82       -4.84    4.0    8.66s
  7   -61.60074270502       -9.84       -5.82    4.2    8.93s
  8   -61.60074270502      -11.75       -6.87    3.9    8.31s
  9   -61.60074270502   +  -13.85       -7.93    4.2    8.97s
     6    -6.160074e+01     5.520901e-06
 * time: 1138.8929889202118
n     Energy            log10(ΔE)   log10(Δρ)   Diag   Δtime
---   ---------------   ---------   ---------   ----   ------
  1   -61.59679345035                   -1.14    8.1    14.2s
  2   -61.59923087431       -2.61       -1.33    3.2    7.39s
  3   -61.60073496272       -2.82       -2.34    4.2    8.96s
  4   -61.60073612021       -5.94       -2.60    4.1    8.82s
  5   -61.60074269133       -5.18       -3.61    3.4    6.55s
  6   -61.60074270537       -7.85       -4.85    4.0    8.66s
  7   -61.60074270551       -9.85       -5.82    4.2    9.04s
  8   -61.60074270551      -11.85       -7.00    4.0    8.89s
n     Energy            log10(ΔE)   log10(Δρ)   Diag   Δtime
---   ---------------   ---------   ---------   ----   ------
  1   -61.59679464325                   -1.14    8.2    14.0s
  2   -61.59922909562       -2.61       -1.33    3.1    7.13s
  3   -61.60073501009       -2.82       -2.34    4.3    8.94s
  4   -61.60073617276       -5.93       -2.60    4.1    8.58s
  5   -61.60074268982       -5.19       -3.62    3.3    6.25s
  6   -61.60074270537       -7.81       -4.85    4.0    8.33s
  7   -61.60074270551       -9.87       -5.77    4.3    8.95s
  8   -61.60074270551      -11.59       -6.88    4.0    7.82s
  9   -61.60074270551      -13.37       -7.89    4.3    8.82s
     7    -6.160074e+01     1.685325e-08
 * time: 1317.4608089923859
 * Status: success

 * Candidate solution
    Final objective value:     -6.160074e+01

 * Found with
    Algorithm:     L-BFGS

 * Convergence measures
    |x - x'|               = 1.77e-04 ≰ -1.0e+00
    |x - x'|/|x'|          = 1.77e-05 ≰ 0.0e+00
    |f(x) - f(x')|         = 4.91e-10 ≤ 1.0e-08
    |f(x) - f(x')|/|f(x')| = 7.97e-12 ≰ 0.0e+00
    |g(x)|                 = 1.69e-08 ≤ 1.0e-06

 * Work counters
    Seconds run:   1317  (vs limit Inf)
    Iterations:    7
    f(x) calls:    8
    ∇f(x) calls:   8

NaCl: 1438.641577 seconds (1.42 G allocations: 407.010 GiB, 5.00% gc time, 0.22% compilation time)
n     Energy            log10(ΔE)   log10(Δρ)   Diag   Δtime
---   ---------------   ---------   ---------   ----   ------
  1   -2.304125840958                   -1.40    5.6    1.61s
  2   -2.304455686021       -3.48       -1.83    1.6    994ms
  3   -2.304532424612       -4.11       -3.23    3.7    1.27s
  4   -2.304532810832       -6.41       -3.73    4.1    1.65s
  5   -2.304532817530       -8.17       -4.21    2.8    994ms
  6   -2.304532818643       -8.95       -4.78    2.8    1.31s
  7   -2.304532818735      -10.03       -5.70    3.0    1.07s
  8   -2.304532818737      -11.80       -6.43    3.5    1.21s
  9   -2.304532818737      -13.68       -7.33    3.0    1.39s
Iter     Function value   Gradient norm 
     0    -2.304533e+00     7.347712e-03
 * time: 3.0994415283203125e-6
n     Energy            log10(ΔE)   log10(Δρ)   Diag   Δtime
---   ---------------   ---------   ---------   ----   ------
  1   -2.304186506103                   -1.40    5.4    1.84s
  2   -2.304510574367       -3.49       -1.83    1.5    828ms
  3   -2.304585284127       -4.13       -3.25    3.6    1.53s
  4   -2.304585675825       -6.41       -3.75    4.2    1.41s
  5   -2.304585682072       -8.20       -4.22    2.6    1.26s
  6   -2.304585683133       -8.97       -4.80    2.9    1.09s
  7   -2.304585683214      -10.09       -5.69    2.9    1.36s
  8   -2.304585683216      -11.82       -6.43    3.5    1.21s
  9   -2.304585683216      -13.70       -7.37    2.9    1.35s
n     Energy            log10(ΔE)   log10(Δρ)   Diag   Δtime
---   ---------------   ---------   ---------   ----   ------
  1   -2.304182056436                   -1.40    5.4    1.79s
  2   -2.304509702274       -3.48       -1.83    1.5    739ms
  3   -2.304585287809       -4.12       -3.25    3.6    1.49s
  4   -2.304585675556       -6.41       -3.74    4.2    1.39s
  5   -2.304585682058       -8.19       -4.22    2.6    1.19s
  6   -2.304585683122       -8.97       -4.78    3.0    1.06s
  7   -2.304585683214      -10.04       -5.71    2.9    1.29s
  8   -2.304585683216      -11.84       -6.44    3.5    1.19s
  9   -2.304585683216      -13.77       -7.32    2.9    1.31s
     1    -2.304586e+00     7.041129e-03
 * time: 51.23259997367859
n     Energy            log10(ΔE)   log10(Δρ)   Diag   Δtime
---   ---------------   ---------   ---------   ----   ------
  1   -2.304681491352                   -1.40    5.5    1.83s
  2   -2.304999363154       -3.50       -1.84    1.6    755ms
  3   -2.305068216807       -4.16       -3.32    3.8    1.57s
  4   -2.305068525902       -6.51       -3.84    4.1    1.37s
  5   -2.305068530952       -8.30       -4.32    2.9    1.31s
  6   -2.305068531704       -9.12       -5.23    3.1    1.11s
  7   -2.305068531717      -10.90       -6.03    3.6    1.53s
  8   -2.305068531717      -12.63       -6.85    3.4    1.21s
  9   -2.305068531717      -14.35       -8.00    3.4    1.46s
n     Energy            log10(ΔE)   log10(Δρ)   Diag   Δtime
---   ---------------   ---------   ---------   ----   ------
  1   -2.304679260324                   -1.40    5.5    1.82s
  2   -2.304999235202       -3.49       -1.84    1.6    743ms
  3   -2.305068205827       -4.16       -3.32    3.7    1.49s
  4   -2.305068525961       -6.49       -3.84    4.2    1.39s
  5   -2.305068530963       -8.30       -4.33    2.9    1.26s
  6   -2.305068531705       -9.13       -5.24    3.1    1.08s
  7   -2.305068531717      -10.92       -5.99    3.4    1.43s
  8   -2.305068531717      -12.56       -6.90    3.3    1.17s
  9   -2.305068531717      -14.51       -7.99    3.4    1.45s
     2    -2.305069e+00     1.783290e-03
 * time: 102.84296298027039
n     Energy            log10(ΔE)   log10(Δρ)   Diag   Δtime
---   ---------------   ---------   ---------   ----   ------
  1   -2.304706555178                   -1.40    5.6    1.84s
  2   -2.305027950908       -3.49       -1.84    1.6    770ms
  3   -2.305095521105       -4.17       -3.39    3.8    1.61s
  4   -2.305095803728       -6.55       -3.93    4.4    1.45s
  5   -2.305095806824       -8.51       -4.45    2.9    1.32s
  6   -2.305095807231       -9.39       -5.35    3.1    1.09s
  7   -2.305095807238      -11.17       -6.14    3.6    1.50s
  8   -2.305095807238      -12.77       -6.81    3.2    1.15s
  9   -2.305095807238      -13.88       -8.24    3.3    1.40s
n     Energy            log10(ΔE)   log10(Δρ)   Diag   Δtime
---   ---------------   ---------   ---------   ----   ------
  1   -2.304704962370                   -1.40    5.6    1.84s
  2   -2.305028294064       -3.49       -1.84    1.6    765ms
  3   -2.305095518885       -4.17       -3.40    3.8    1.52s
  4   -2.305095803790       -6.55       -3.94    4.3    1.42s
  5   -2.305095806841       -8.52       -4.46    3.0    1.28s
  6   -2.305095807231       -9.41       -5.35    3.1    1.09s
  7   -2.305095807238      -11.15       -6.16    3.6    1.45s
  8   -2.305095807238      -12.78       -6.82    3.4    1.18s
  9   -2.305095807238      -13.94       -8.23    3.3    1.42s
     3    -2.305096e+00     1.801417e-04
 * time: 154.7538800239563
n     Energy            log10(ΔE)   log10(Δρ)   Diag   Δtime
---   ---------------   ---------   ---------   ----   ------
  1   -2.304708806420                   -1.40    5.6    1.86s
  2   -2.305028686855       -3.50       -1.84    1.6    758ms
  3   -2.305095770622       -4.17       -3.39    3.7    1.52s
  4   -2.305096087499       -6.50       -3.92    4.3    1.45s
  5   -2.305096090806       -8.48       -4.44    2.9    1.31s
  6   -2.305096091238       -9.36       -5.32    3.2    1.10s
  7   -2.305096091246      -11.11       -6.11    3.5    1.48s
  8   -2.305096091246      -12.74       -6.78    3.3    1.18s
  9   -2.305096091246      -14.07       -8.20    3.3    1.43s
n     Energy            log10(ΔE)   log10(Δρ)   Diag   Δtime
---   ---------------   ---------   ---------   ----   ------
  1   -2.304703904126                   -1.40    5.6    1.86s
  2   -2.305027685720       -3.49       -1.84    1.6    748ms
  3   -2.305095788647       -4.17       -3.38    3.9    1.54s
  4   -2.305096087586       -6.52       -3.93    4.2    1.41s
  5   -2.305096090807       -8.49       -4.44    2.9    1.29s
  6   -2.305096091239       -9.36       -5.35    3.1    1.10s
  7   -2.305096091246      -11.19       -6.13    3.6    1.44s
  8   -2.305096091246      -12.78       -6.84    3.2    1.14s
  9   -2.305096091246      -14.18       -8.20    3.3    1.39s
     4    -2.305096e+00     1.292772e-06
 * time: 206.9105281829834
n     Energy            log10(ΔE)   log10(Δρ)   Diag   Δtime
---   ---------------   ---------   ---------   ----   ------
  1   -2.304707610392                   -1.40    5.6    1.88s
  2   -2.305029090390       -3.49       -1.84    1.6    771ms
  3   -2.305095747552       -4.18       -3.39    3.8    1.55s
  4   -2.305096087596       -6.47       -3.93    4.3    1.45s
  5   -2.305096090821       -8.49       -4.44    2.9    1.32s
  6   -2.305096091254       -9.36       -5.35    3.2    1.12s
  7   -2.305096091261      -11.20       -6.14    3.5    1.49s
  8   -2.305096091261      -12.81       -6.82    3.3    1.17s
  9   -2.305096091261      -14.01       -8.16    3.3    1.46s
n     Energy            log10(ΔE)   log10(Δρ)   Diag   Δtime
---   ---------------   ---------   ---------   ----   ------
  1   -2.304705740979                   -1.40    5.6    1.93s
  2   -2.305027599129       -3.49       -1.84    1.6    800ms
  3   -2.305095811214       -4.17       -3.38    3.8    1.58s
  4   -2.305096087454       -6.56       -3.91    4.2    1.44s
  5   -2.305096090817       -8.47       -4.44    2.9    1.32s
  6   -2.305096091254       -9.36       -5.34    3.2    1.12s
  7   -2.305096091261      -11.16       -6.11    3.4    1.49s
  8   -2.305096091261      -12.73       -6.80    3.3    1.18s
  9   -2.305096091261      -13.97       -8.22    3.3    1.46s
     5    -2.305096e+00     1.765931e-09
 * time: 259.5101671218872
 * Status: success

 * Candidate solution
    Final objective value:     -2.305096e+00

 * Found with
    Algorithm:     L-BFGS

 * Convergence measures
    |x - x'|               = 2.26e-05 ≰ -1.0e+00
    |x - x'|/|x'|          = 3.02e-06 ≰ 0.0e+00
    |f(x) - f(x')|         = 1.48e-11 ≤ 1.0e-08
    |f(x) - f(x')|/|f(x')| = 6.44e-12 ≰ 0.0e+00
    |g(x)|                 = 1.77e-09 ≤ 1.0e-06

 * Work counters
    Seconds run:   260  (vs limit Inf)
    Iterations:    5
    f(x) calls:    6
    ∇f(x) calls:   6

Al: 290.269615 seconds (251.06 M allocations: 60.424 GiB, 6.37% gc time, 0.02% compilation time)
n     Energy            log10(ΔE)   log10(Δρ)   Diag   Δtime
---   ---------------   ---------   ---------   ----   ------
  1   -73.32616161242                   -0.70    9.8    9.02s
  2   -73.35315281547       -1.57       -0.91    5.9    5.60s
  3   -73.36559014613       -1.91       -1.20    6.9    6.73s
  4   -73.36850204527       -2.54       -1.57    6.3    5.97s
  5   -73.36892178392       -3.38       -2.37    5.6    5.40s
  6   -73.36892850943       -5.17       -2.95    5.4    5.83s
  7   -73.36892861109       -6.99       -3.43    5.2    5.28s
  8   -73.36892864498       -7.47       -3.83    5.0    5.07s
  9   -73.36892865693       -7.92       -4.42    5.7    5.74s
 10   -73.36892865805       -8.95       -4.75    5.2    5.43s
 11   -73.36892865822       -9.77       -5.63    5.3    5.39s
 12   -73.36892865822   +  -12.67       -6.20    5.3    5.67s
 13   -73.36892865822      -12.50       -6.49    6.0    5.92s
 14   -73.36892865822   +  -13.25       -7.32    5.4    5.49s
Iter     Function value   Gradient norm 
     0    -7.336893e+01     4.078033e-02
 * time: 5.0067901611328125e-6
n     Energy            log10(ΔE)   log10(Δρ)   Diag   Δtime
---   ---------------   ---------   ---------   ----   ------
  1   -73.32926892909                   -0.71    9.8    8.73s
  2   -73.35555007416       -1.58       -0.92    5.7    5.72s
  3   -73.36722013716       -1.93       -1.20    7.0    6.78s
  4   -73.37015590257       -2.53       -1.62    6.2    5.96s
  5   -73.37046352267       -3.51       -2.32    5.4    5.37s
  6   -73.37047528865       -4.93       -3.03    5.4    5.64s
  7   -73.37047522543   +   -7.20       -3.41    5.4    5.52s
  8   -73.37047530312       -7.11       -3.88    5.5    5.46s
  9   -73.37047531287       -8.01       -4.45    5.5    5.71s
 10   -73.37047531311       -9.63       -4.79    4.8    5.25s
 11   -73.37047531331       -9.70       -5.69    5.5    5.56s
 12   -73.37047531330   +  -11.70       -6.54    5.6    5.92s
 13   -73.37047531330      -12.50       -6.96    5.3    5.59s
 14   -73.37047531330      -13.55       -7.30    4.5    4.97s
n     Energy            log10(ΔE)   log10(Δρ)   Diag   Δtime
---   ---------------   ---------   ---------   ----   ------
  1   -73.32927483482                   -0.71    9.8    8.98s
  2   -73.35554162598       -1.58       -0.92    5.7    5.41s
  3   -73.36721731310       -1.93       -1.20    6.9    6.64s
  4   -73.37015797430       -2.53       -1.62    6.2    5.80s
  5   -73.37046388435       -3.51       -2.32    5.5    5.24s
  6   -73.37047528599       -4.94       -3.03    5.4    5.56s
  7   -73.37047522295   +   -7.20       -3.41    5.4    5.38s
  8   -73.37047530351       -7.09       -3.89    5.4    5.32s
  9   -73.37047531292       -8.03       -4.44    5.5    5.68s
 10   -73.37047531310       -9.75       -4.78    4.7    5.02s
 11   -73.37047531331       -9.69       -5.68    5.5    5.42s
 12   -73.37047531330   +  -11.69       -6.53    5.6    5.82s
 13   -73.37047531330      -12.57       -6.93    5.6    5.59s
 14   -73.37047531330      -13.37       -7.26    4.4    4.82s
     1    -7.337048e+01     3.499585e-02
 * time: 220.17418003082275
n     Energy            log10(ΔE)   log10(Δρ)   Diag   Δtime
---   ---------------   ---------   ---------   ----   ------
  1   -73.34191780569                   -0.73   10.0    11.1s
  2   -73.36225099379       -1.69       -0.95    5.3    6.56s
  3   -73.37180393233       -2.02       -1.26    6.8    8.11s
  4   -73.37394204606       -2.67       -1.75    6.0    6.93s
  5   -73.37409798323       -3.81       -2.51    5.4    6.54s
  6   -73.37410005306       -5.68       -3.16    5.4    7.04s
  7   -73.37410006632       -7.88       -3.84    5.1    6.63s
  8   -73.37410007069       -8.36       -4.29    5.0    6.52s
  9   -73.37410007040   +   -9.55       -4.69    5.5    6.72s
 10   -73.37410007077       -9.43       -5.75    5.1    6.56s
 11   -73.37410007077      -11.62       -6.35    5.5    7.02s
 12   -73.37410007077   +  -12.45       -6.99    5.5    6.94s
 13   -73.37410007077      -12.64       -8.02    5.3    6.83s
n     Energy            log10(ΔE)   log10(Δρ)   Diag   Δtime
---   ---------------   ---------   ---------   ----   ------
  1   -73.34191198183                   -0.73   10.1    11.0s
  2   -73.36224576201       -1.69       -0.95    5.3    6.56s
  3   -73.37180438726       -2.02       -1.26    6.7    8.12s
  4   -73.37394214162       -2.67       -1.75    6.0    6.99s
  5   -73.37409801822       -3.81       -2.52    5.3    6.52s
  6   -73.37410005137       -5.69       -3.16    5.4    6.96s
  7   -73.37410006597       -7.84       -3.83    5.1    6.46s
  8   -73.37410007068       -8.33       -4.29    5.1    6.50s
  9   -73.37410007041   +   -9.56       -4.70    5.5    6.77s
 10   -73.37410007077       -9.44       -5.74    5.2    6.50s
 11   -73.37410007077      -11.57       -6.35    5.5    7.05s
 12   -73.37410007077   +  -12.64       -6.98    5.6    6.98s
 13   -73.37410007077   +  -13.15       -8.02    5.4    6.92s
     2    -7.337410e+01     7.833320e-03
 * time: 463.8614881038666
n     Energy            log10(ΔE)   log10(Δρ)   Diag   Δtime
---   ---------------   ---------   ---------   ----   ------
  1   -73.34052931823                   -0.73    9.5    10.6s
  2   -73.36178974543       -1.67       -0.94    5.2    6.29s
  3   -73.37182025718       -2.00       -1.25    6.6    7.89s
  4   -73.37404160057       -2.65       -1.71    5.8    6.93s
  5   -73.37425150656       -3.68       -2.55    5.2    6.31s
  6   -73.37425268184       -5.93       -3.18    5.3    6.88s
  7   -73.37425269036       -8.07       -3.75    4.8    6.25s
  8   -73.37425269407       -8.43       -4.11    4.6    6.21s
  9   -73.37425269308   +   -9.01       -4.45    5.2    6.60s
 10   -73.37425269420       -8.95       -5.04    4.9    6.37s
 11   -73.37425269425      -10.35       -5.90    5.0    6.41s
 12   -73.37425269425      -12.47       -6.78    5.3    6.73s
 13   -73.37425269425   +  -13.15       -7.33    4.9    6.52s
n     Energy            log10(ΔE)   log10(Δρ)   Diag   Δtime
---   ---------------   ---------   ---------   ----   ------
  1   -73.34052762835                   -0.73    9.4    10.3s
  2   -73.36181252597       -1.67       -0.94    5.1    6.69s
  3   -73.37181897250       -2.00       -1.25    6.6    7.99s
  4   -73.37404124839       -2.65       -1.71    5.9    6.91s
  5   -73.37425147514       -3.68       -2.55    5.2    6.44s
  6   -73.37425268138       -5.92       -3.18    5.4    6.94s
  7   -73.37425268975       -8.08       -3.74    4.7    6.16s
  8   -73.37425269404       -8.37       -4.11    4.6    6.04s
  9   -73.37425269300   +   -8.99       -4.44    5.2    6.51s
 10   -73.37425269420       -8.92       -5.03    4.9    6.30s
 11   -73.37425269425      -10.31       -5.88    4.9    6.53s
 12   -73.37425269425      -12.27       -6.76    5.3    6.81s
 13   -73.37425269425   +  -13.25       -7.32    4.8    6.45s
     3    -7.337425e+01     9.596930e-04
 * time: 700.7350091934204
n     Energy            log10(ΔE)   log10(Δρ)   Diag   Δtime
---   ---------------   ---------   ---------   ----   ------
  1   -73.34073639793                   -0.73    9.5    10.8s
  2   -73.36187367938       -1.67       -0.94    5.2    6.41s
  3   -73.37183830000       -2.00       -1.25    6.6    8.03s
  4   -73.37404936019       -2.66       -1.71    5.9    6.94s
  5   -73.37425387361       -3.69       -2.54    5.2    6.39s
  6   -73.37425511236       -5.91       -3.18    5.4    7.10s
  7   -73.37425512093       -8.07       -3.75    4.9    6.38s
  8   -73.37425512521       -8.37       -4.12    4.7    6.24s
  9   -73.37425512418   +   -8.99       -4.44    5.3    6.62s
 10   -73.37425512536       -8.93       -5.06    5.0    6.50s
 11   -73.37425512540      -10.38       -5.91    5.0    6.49s
 12   -73.37425512540      -13.07       -6.80    5.3    6.75s
 13   -73.37425512540      -13.37       -7.41    4.6    6.30s
n     Energy            log10(ΔE)   log10(Δρ)   Diag   Δtime
---   ---------------   ---------   ---------   ----   ------
  1   -73.34073989365                   -0.73    9.5    10.5s
  2   -73.36188394683       -1.67       -0.94    5.2    6.65s
  3   -73.37183479501       -2.00       -1.25    6.6    8.13s
  4   -73.37405068057       -2.65       -1.72    5.9    6.94s
  5   -73.37425381789       -3.69       -2.54    5.2    6.38s
  6   -73.37425511198       -5.89       -3.18    5.3    6.87s
  7   -73.37425511917       -8.14       -3.75    4.8    6.31s
  8   -73.37425512509       -8.23       -4.12    4.7    6.16s
  9   -73.37425512418   +   -9.04       -4.44    5.2    6.58s
 10   -73.37425512536       -8.93       -5.09    5.0    6.45s
 11   -73.37425512540      -10.42       -5.94    5.0    6.49s
 12   -73.37425512540      -13.37       -6.80    5.3    6.87s
 13   -73.37425512540      -13.85       -7.46    4.5    6.22s
     4    -7.337426e+01     2.718263e-05
 * time: 938.7851431369781
n     Energy            log10(ΔE)   log10(Δρ)   Diag   Δtime
---   ---------------   ---------   ---------   ----   ------
  1   -73.34075622267                   -0.73    9.7    10.9s
  2   -73.36188525911       -1.68       -0.94    5.4    6.59s
  3   -73.37183615410       -2.00       -1.25    6.7    8.06s
  4   -73.37405010383       -2.65       -1.71    5.9    7.00s
  5   -73.37425385865       -3.69       -2.55    5.3    6.45s
  6   -73.37425511418       -5.90       -3.18    5.4    7.04s
  7   -73.37425512223       -8.09       -3.75    4.8    6.38s
  8   -73.37425512710       -8.31       -4.12    4.7    6.26s
  9   -73.37425512611   +   -9.00       -4.44    5.3    6.64s
 10   -73.37425512728       -8.93       -5.06    5.0    6.49s
 11   -73.37425512732      -10.36       -5.93    5.0    6.57s
 12   -73.37425512732      -13.37       -6.76    5.4    6.83s
 13   -73.37425512732      -13.55       -7.42    4.8    6.44s
n     Energy            log10(ΔE)   log10(Δρ)   Diag   Δtime
---   ---------------   ---------   ---------   ----   ------
  1   -73.34076274966                   -0.73    9.7    10.7s
  2   -73.36189213403       -1.68       -0.94    5.3    6.46s
  3   -73.37183274299       -2.00       -1.25    6.7    8.39s
  4   -73.37405111769       -2.65       -1.72    5.9    7.05s
  5   -73.37425395550       -3.69       -2.55    5.2    6.60s
  6   -73.37425510999       -5.94       -3.17    5.4    7.14s
  7   -73.37425512159       -7.94       -3.75    5.0    6.41s
  8   -73.37425512707       -8.26       -4.12    4.8    6.19s
  9   -73.37425512608   +   -9.00       -4.44    5.2    6.52s
 10   -73.37425512728       -8.92       -5.07    5.0    6.34s
 11   -73.37425512732      -10.36       -5.90    5.0    6.39s
 12   -73.37425512732      -12.67       -6.77    5.3    6.57s
 13   -73.37425512732   +  -13.55       -7.42    5.2    6.81s
     5    -7.337426e+01     6.834927e-08
 * time: 1179.107933998108
┌ Info: Threading setup: 
│   Threads.nthreads() = 1
│   n_DFTK = 1
│   n_fft = 1
└   n_blas = 1
┌ Info: 2025-05-16T11:19:04.614
│   name = "Si"
│   Ecut = 18.0
│   kgrid = MonkhorstPack([14, 14, 14])
│   p0 = ComponentVector{Float64}(a = 10.347246312603742)
│   temperature = 0.001
└   smearing = DFTK.Smearing.Gaussian()
┌ Info: 2025-05-16T11:23:30.715
│   name = "NaCl"
│   Ecut = 44.0
│   kgrid = MonkhorstPack([13, 13, 13])
│   p0 = ComponentVector{Float64}(a = 10.746130571470083)
│   temperature = 0
└   smearing = DFTK.Smearing.None()
┌ Info: 2025-05-16T11:47:29.388
│   name = "Al"
│   Ecut = 20.0
│   kgrid = MonkhorstPack([18, 18, 18])
│   p0 = ComponentVector{Float64}(a = 7.641925528121933)
│   temperature = 0.001
└   smearing = DFTK.Smearing.Gaussian()
┌ Warning: Eigensolver not converged
│   n_iter =
│    195-element Vector{Int64}:
│     2
│     1
│     2
│     2
│     ⋮
│     2
│     1
│     2
└ @ DFTK ~/.julia/packages/DFTK/n2IL4/src/scf/self_consistent_field.jl:76
┌ Info: 2025-05-16T11:52:19.658
│   name = "V"
│   Ecut = 42.0
│   kgrid = MonkhorstPack([20, 20, 20])
│   p0 = ComponentVector{Float64}(a = 5.699267600684394)
│   temperature = 0.001
└   smearing = DFTK.Smearing.Gaussian()
┌ Warning: Negative ρcore detected: -3.4151886922104144e-8
└ @ DFTK ~/.julia/packages/DFTK/n2IL4/src/terms/xc.jl:39
┌ Warning: Negative ρcore detected: Dual{ForwardDiff.Tag{var"#19#21"{@NamedTuple{ham::Hamiltonian, basis::PlaneWaveBasis{Float64, Float64, DFTK.CPU, FFTGrid{Float64, Float64, Array{StaticArraysCore.SVector{3, Int64}, 3}, Array{StaticArraysCore.SVector{3, Float64}, 3}}, Vector{StaticArraysCore.SVector{3, Int64}}}, energies::Energies{Float64}, converged::Bool, occupation_threshold::Float64, ρ::Array{Float64, 4}, τ::Nothing, α::Float64, eigenvalues::Vector{Vector{Float64}}, occupation::Vector{Vector{Float64}}, εF::Float64, n_bands_converge::Int64, n_iter::Int64, n_matvec::Int64, ψ::Vector{Matrix{ComplexF64}}, diagonalization::Vector{@NamedTuple{λ::Vector{Vector{Float64}}, X::Vector{Matrix{ComplexF64}}, residual_norms::Vector{Vector{Float64}}, n_iter::Vector{Int64}, converged::Bool, n_matvec::Int64}}, stage::Symbol, history_Δρ::Vector{Float64}, history_Etot::Vector{Float64}, timedout::Bool, runtime_ns::UInt64, algorithm::String}, Model{Float64, Float64}, Float64, MonkhorstPack, var"#case#4"{Matrix{Float64}, Float64, MonkhorstPack, Vector{StaticArraysCore.SVector{3, Float64}}, Vector{ElementPsp{PspUpf{Float64, Interpolations.Extrapolation{Float64, 1, Interpolations.GriddedInterpolation{Float64, 1, Vector{Float64}, Interpolations.Gridded{Interpolations.Linear{Interpolations.Throw{Interpolations.OnGrid}}}, Tuple{Vector{Float64}}}, Interpolations.Gridded{Interpolations.Linear{Interpolations.Throw{Interpolations.OnGrid}}}, Interpolations.Throw{Nothing}}}}}, Float64, Float64, String}}, Float64}}(-3.4151886922104144e-8,-1.2413273474001241e-8)
└ @ DFTK ~/.julia/packages/DFTK/n2IL4/src/terms/xc.jl:39
┌ Warning: Negative ρcore detected: -3.1402489293842756e-8
└ @ DFTK ~/.julia/packages/DFTK/n2IL4/src/terms/xc.jl:39
┌ Warning: Negative ρcore detected: -3.1402489293842756e-8
└ @ DFTK ~/.julia/packages/DFTK/n2IL4/src/terms/xc.jl:39
┌ Warning: Negative ρcore detected: Dual{ForwardDiff.Tag{var"#19#21"{@NamedTuple{ham::Hamiltonian, basis::PlaneWaveBasis{Float64, Float64, DFTK.CPU, FFTGrid{Float64, Float64, Array{StaticArraysCore.SVector{3, Int64}, 3}, Array{StaticArraysCore.SVector{3, Float64}, 3}}, Vector{StaticArraysCore.SVector{3, Int64}}}, energies::Energies{Float64}, converged::Bool, occupation_threshold::Float64, ρ::Array{Float64, 4}, τ::Nothing, α::Float64, eigenvalues::Vector{Vector{Float64}}, occupation::Vector{Vector{Float64}}, εF::Float64, n_bands_converge::Int64, n_iter::Int64, n_matvec::Int64, ψ::Vector{Matrix{ComplexF64}}, diagonalization::Vector{@NamedTuple{λ::Vector{Vector{Float64}}, X::Vector{Matrix{ComplexF64}}, residual_norms::Vector{Vector{Float64}}, n_iter::Vector{Int64}, converged::Bool, n_matvec::Int64}}, stage::Symbol, history_Δρ::Vector{Float64}, history_Etot::Vector{Float64}, timedout::Bool, runtime_ns::UInt64, algorithm::String}, Model{Float64, Float64}, Float64, MonkhorstPack, var"#case#4"{Matrix{Float64}, Float64, MonkhorstPack, Vector{StaticArraysCore.SVector{3, Float64}}, Vector{ElementPsp{PspUpf{Float64, Interpolations.Extrapolation{Float64, 1, Interpolations.GriddedInterpolation{Float64, 1, Vector{Float64}, Interpolations.Gridded{Interpolations.Linear{Interpolations.Throw{Interpolations.OnGrid}}}, Tuple{Vector{Float64}}}, Interpolations.Gridded{Interpolations.Linear{Interpolations.Throw{Interpolations.OnGrid}}}, Interpolations.Throw{Nothing}}}}}, Float64, Float64, String}}, Float64}}(-3.1402489293842756e-8,1.895831971842532e-8)
└ @ DFTK ~/.julia/packages/DFTK/n2IL4/src/terms/xc.jl:39
┌ Warning: Negative ρcore detected: -3.8245415040945645e-8
└ @ DFTK ~/.julia/packages/DFTK/n2IL4/src/terms/xc.jl:39
┌ Warning: Negative ρcore detected: -3.8245415040945645e-8
└ @ DFTK ~/.julia/packages/DFTK/n2IL4/src/terms/xc.jl:39
┌ Warning: Negative ρcore detected: Dual{ForwardDiff.Tag{var"#19#21"{@NamedTuple{ham::Hamiltonian, basis::PlaneWaveBasis{Float64, Float64, DFTK.CPU, FFTGrid{Float64, Float64, Array{StaticArraysCore.SVector{3, Int64}, 3}, Array{StaticArraysCore.SVector{3, Float64}, 3}}, Vector{StaticArraysCore.SVector{3, Int64}}}, energies::Energies{Float64}, converged::Bool, occupation_threshold::Float64, ρ::Array{Float64, 4}, τ::Nothing, α::Float64, eigenvalues::Vector{Vector{Float64}}, occupation::Vector{Vector{Float64}}, εF::Float64, n_bands_converge::Int64, n_iter::Int64, n_matvec::Int64, ψ::Vector{Matrix{ComplexF64}}, diagonalization::Vector{@NamedTuple{λ::Vector{Vector{Float64}}, X::Vector{Matrix{ComplexF64}}, residual_norms::Vector{Vector{Float64}}, n_iter::Vector{Int64}, converged::Bool, n_matvec::Int64}}, stage::Symbol, history_Δρ::Vector{Float64}, history_Etot::Vector{Float64}, timedout::Bool, runtime_ns::UInt64, algorithm::String}, Model{Float64, Float64}, Float64, MonkhorstPack, var"#case#4"{Matrix{Float64}, Float64, MonkhorstPack, Vector{StaticArraysCore.SVector{3, Float64}}, Vector{ElementPsp{PspUpf{Float64, Interpolations.Extrapolation{Float64, 1, Interpolations.GriddedInterpolation{Float64, 1, Vector{Float64}, Interpolations.Gridded{Interpolations.Linear{Interpolations.Throw{Interpolations.OnGrid}}}, Tuple{Vector{Float64}}}, Interpolations.Gridded{Interpolations.Linear{Interpolations.Throw{Interpolations.OnGrid}}}, Interpolations.Throw{Nothing}}}}}, Float64, Float64, String}}, Float64}}(-3.8245415040945645e-8,-1.0733393780513304e-7)
└ @ DFTK ~/.julia/packages/DFTK/n2IL4/src/terms/xc.jl:39
┌ Warning: Negative ρcore detected: -3.7840892788437365e-8
└ @ DFTK ~/.julia/packages/DFTK/n2IL4/src/terms/xc.jl:39
┌ Warning: Negative ρcore detected: -3.7840892788437365e-8
└ @ DFTK ~/.julia/packages/DFTK/n2IL4/src/terms/xc.jl:39
┌ Warning: Negative ρcore detected: Dual{ForwardDiff.Tag{var"#19#21"{@NamedTuple{ham::Hamiltonian, basis::PlaneWaveBasis{Float64, Float64, DFTK.CPU, FFTGrid{Float64, Float64, Array{StaticArraysCore.SVector{3, Int64}, 3}, Array{StaticArraysCore.SVector{3, Float64}, 3}}, Vector{StaticArraysCore.SVector{3, Int64}}}, energies::Energies{Float64}, converged::Bool, occupation_threshold::Float64, ρ::Array{Float64, 4}, τ::Nothing, α::Float64, eigenvalues::Vector{Vector{Float64}}, occupation::Vector{Vector{Float64}}, εF::Float64, n_bands_converge::Int64, n_iter::Int64, n_matvec::Int64, ψ::Vector{Matrix{ComplexF64}}, diagonalization::Vector{@NamedTuple{λ::Vector{Vector{Float64}}, X::Vector{Matrix{ComplexF64}}, residual_norms::Vector{Vector{Float64}}, n_iter::Vector{Int64}, converged::Bool, n_matvec::Int64}}, stage::Symbol, history_Δρ::Vector{Float64}, history_Etot::Vector{Float64}, timedout::Bool, runtime_ns::UInt64, algorithm::String}, Model{Float64, Float64}, Float64, MonkhorstPack, var"#case#4"{Matrix{Float64}, Float64, MonkhorstPack, Vector{StaticArraysCore.SVector{3, Float64}}, Vector{ElementPsp{PspUpf{Float64, Interpolations.Extrapolation{Float64, 1, Interpolations.GriddedInterpolation{Float64, 1, Vector{Float64}, Interpolations.Gridded{Interpolations.Linear{Interpolations.Throw{Interpolations.OnGrid}}}, Tuple{Vector{Float64}}}, Interpolations.Gridded{Interpolations.Linear{Interpolations.Throw{Interpolations.OnGrid}}}, Interpolations.Throw{Nothing}}}}}, Float64, Float64, String}}, Float64}}(-3.7840892788437365e-8,1.1263035722555833e-7)
└ @ DFTK ~/.julia/packages/DFTK/n2IL4/src/terms/xc.jl:39
┌ Warning: Negative ρcore detected: -3.8345978374721034e-8
└ @ DFTK ~/.julia/packages/DFTK/n2IL4/src/terms/xc.jl:39
┌ Warning: Negative ρcore detected: -3.8345978374721034e-8
└ @ DFTK ~/.julia/packages/DFTK/n2IL4/src/terms/xc.jl:39
┌ Warning: Negative ρcore detected: Dual{ForwardDiff.Tag{var"#19#21"{@NamedTuple{ham::Hamiltonian, basis::PlaneWaveBasis{Float64, Float64, DFTK.CPU, FFTGrid{Float64, Float64, Array{StaticArraysCore.SVector{3, Int64}, 3}, Array{StaticArraysCore.SVector{3, Float64}, 3}}, Vector{StaticArraysCore.SVector{3, Int64}}}, energies::Energies{Float64}, converged::Bool, occupation_threshold::Float64, ρ::Array{Float64, 4}, τ::Nothing, α::Float64, eigenvalues::Vector{Vector{Float64}}, occupation::Vector{Vector{Float64}}, εF::Float64, n_bands_converge::Int64, n_iter::Int64, n_matvec::Int64, ψ::Vector{Matrix{ComplexF64}}, diagonalization::Vector{@NamedTuple{λ::Vector{Vector{Float64}}, X::Vector{Matrix{ComplexF64}}, residual_norms::Vector{Vector{Float64}}, n_iter::Vector{Int64}, converged::Bool, n_matvec::Int64}}, stage::Symbol, history_Δρ::Vector{Float64}, history_Etot::Vector{Float64}, timedout::Bool, runtime_ns::UInt64, algorithm::String}, Model{Float64, Float64}, Float64, MonkhorstPack, var"#case#4"{Matrix{Float64}, Float64, MonkhorstPack, Vector{StaticArraysCore.SVector{3, Float64}}, Vector{ElementPsp{PspUpf{Float64, Interpolations.Extrapolation{Float64, 1, Interpolations.GriddedInterpolation{Float64, 1, Vector{Float64}, Interpolations.Gridded{Interpolations.Linear{Interpolations.Throw{Interpolations.OnGrid}}}, Tuple{Vector{Float64}}}, Interpolations.Gridded{Interpolations.Linear{Interpolations.Throw{Interpolations.OnGrid}}}, Interpolations.Throw{Nothing}}}}}, Float64, Float64, String}}, Float64}}(-3.8345978374721034e-8,9.232903727264709e-8)
└ @ DFTK ~/.julia/packages/DFTK/n2IL4/src/terms/xc.jl:39
┌ Warning: Negative ρcore detected: -3.835918980113047e-8
└ @ DFTK ~/.julia/packages/DFTK/n2IL4/src/terms/xc.jl:39
┌ Warning: Negative ρcore detected: -3.835918980113047e-8
└ @ DFTK ~/.julia/packages/DFTK/n2IL4/src/terms/xc.jl:39
┌ Warning: Negative ρcore detected: Dual{ForwardDiff.Tag{var"#19#21"{@NamedTuple{ham::Hamiltonian, basis::PlaneWaveBasis{Float64, Float64, DFTK.CPU, FFTGrid{Float64, Float64, Array{StaticArraysCore.SVector{3, Int64}, 3}, Array{StaticArraysCore.SVector{3, Float64}, 3}}, Vector{StaticArraysCore.SVector{3, Int64}}}, energies::Energies{Float64}, converged::Bool, occupation_threshold::Float64, ρ::Array{Float64, 4}, τ::Nothing, α::Float64, eigenvalues::Vector{Vector{Float64}}, occupation::Vector{Vector{Float64}}, εF::Float64, n_bands_converge::Int64, n_iter::Int64, n_matvec::Int64, ψ::Vector{Matrix{ComplexF64}}, diagonalization::Vector{@NamedTuple{λ::Vector{Vector{Float64}}, X::Vector{Matrix{ComplexF64}}, residual_norms::Vector{Vector{Float64}}, n_iter::Vector{Int64}, converged::Bool, n_matvec::Int64}}, stage::Symbol, history_Δρ::Vector{Float64}, history_Etot::Vector{Float64}, timedout::Bool, runtime_ns::UInt64, algorithm::String}, Model{Float64, Float64}, Float64, MonkhorstPack, var"#case#4"{Matrix{Float64}, Float64, MonkhorstPack, Vector{StaticArraysCore.SVector{3, Float64}}, Vector{ElementPsp{PspUpf{Float64, Interpolations.Extrapolation{Float64, 1, Interpolations.GriddedInterpolation{Float64, 1, Vector{Float64}, Interpolations.Gridded{Interpolations.Linear{Interpolations.Throw{Interpolations.OnGrid}}}, Tuple{Vector{Float64}}}, Interpolations.Gridded{Interpolations.Linear{Interpolations.Throw{Interpolations.OnGrid}}}, Interpolations.Throw{Nothing}}}}}, Float64, Float64, String}}, Float64}}(-3.835918980113047e-8,9.172350829452035e-8)
└ @ DFTK ~/.julia/packages/DFTK/n2IL4/src/terms/xc.jl:39
 * Status: success

 * Candidate solution
    Final objective value:     -7.337426e+01

 * Found with
    Algorithm:     L-BFGS

 * Convergence measures
    |x - x'|               = 1.44e-04 ≰ -1.0e+00
    |x - x'|/|x'|          = 2.63e-05 ≰ 0.0e+00
    |f(x) - f(x')|         = 1.92e-09 ≤ 1.0e-08
    |f(x) - f(x')|/|f(x')| = 2.62e-11 ≰ 0.0e+00
    |g(x)|                 = 6.83e-08 ≤ 1.0e-06

 * Work counters
    Seconds run:   1179  (vs limit Inf)
    Iterations:    5
    f(x) calls:    6
    ∇f(x) calls:   6

V: 1301.824921 seconds (800.23 M allocations: 374.787 GiB, 5.04% gc time, 0.00% compilation time)
