n     Energy            log10(ΔE)   log10(Δρ)   Diag   Δtime
---   ---------------   ---------   ---------   ----   ------
  1   -8.368558269510                   -0.99    7.0    10.1s
  2   -8.371077887928       -2.60       -1.85    1.9    4.79s
  3   -8.371186533145       -3.96       -2.90    4.2    1.73s
  4   -8.371187040200       -6.29       -3.82    4.0    1.89s
  5   -8.371187047781       -8.12       -4.32    4.2    1.62s
  6   -8.371187048939       -8.94       -5.32    3.7    1.79s
  7   -8.371187048956      -10.76       -6.51    4.0    1.55s
  8   -8.371187048956      -13.67       -7.83    3.8    1.80s
Iter     Function value   Gradient norm 
     0    -8.371187e+00     1.536445e-02
 * time: 8.106231689453125e-6
n     Energy            log10(ΔE)   log10(Δρ)   Diag   Δtime
---   ---------------   ---------   ---------   ----   ------
  1   -8.368742534577                   -0.98    7.2    2.33s
  2   -8.371299849731       -2.59       -1.89    1.9    1.33s
  3   -8.371414514498       -3.94       -2.86    4.4    1.74s
  4   -8.371415051966       -6.27       -3.82    3.9    1.85s
  5   -8.371415062419       -7.98       -4.29    4.2    1.64s
  6   -8.371415063666       -8.90       -5.24    3.7    1.78s
  7   -8.371415063689      -10.63       -6.61    4.0    1.60s
  8   -8.371415063689      -13.47       -7.55    4.2    1.95s
n     Energy            log10(ΔE)   log10(Δρ)   Diag   Δtime
---   ---------------   ---------   ---------   ----   ------
  1   -8.368741232393                   -0.98    7.1    2.34s
  2   -8.371305492474       -2.59       -1.89    2.1    1.35s
  3   -8.371414547810       -3.96       -2.88    4.2    1.66s
  4   -8.371415053514       -6.30       -3.84    4.0    1.82s
  5   -8.371415062560       -8.04       -4.32    4.3    1.67s
  6   -8.371415063665       -8.96       -5.26    3.6    1.74s
  7   -8.371415063689      -10.62       -6.53    3.9    1.59s
  8   -8.371415063689      -13.55       -7.82    4.2    1.92s
     1    -8.371415e+00     1.431379e-02
 * time: 40.31486701965332
n     Energy            log10(ΔE)   log10(Δρ)   Diag   Δtime
---   ---------------   ---------   ---------   ----   ------
  1   -8.369644763117                   -0.97    7.1    2.29s
  2   -8.372685644468       -2.52       -1.86    2.0    1.06s
  3   -8.372798530368       -3.95       -2.83    4.3    1.95s
  4   -8.372799128287       -6.22       -3.80    4.0    1.61s
  5   -8.372799134526       -8.20       -4.51    3.8    1.82s
  6   -8.372799134719       -9.71       -5.30    3.6    1.47s
  7   -8.372799134727      -11.09       -6.93    3.8    1.78s
  8   -8.372799134727      -13.39       -7.94    4.7    1.81s
n     Energy            log10(ΔE)   log10(Δρ)   Diag   Δtime
---   ---------------   ---------   ---------   ----   ------
  1   -8.369651218156                   -0.97    7.1    2.29s
  2   -8.372686256161       -2.52       -1.86    2.0    1.03s
  3   -8.372798563814       -3.95       -2.83    4.3    1.91s
  4   -8.372799128857       -6.25       -3.80    4.0    1.55s
  5   -8.372799134560       -8.24       -4.52    3.9    1.78s
  6   -8.372799134719       -9.80       -5.30    3.8    1.50s
  7   -8.372799134727      -11.11       -6.88    3.8    1.78s
  8   -8.372799134727      -13.57       -7.66    4.7    1.81s
     2    -8.372799e+00     1.590199e-03
 * time: 78.93682599067688
n     Energy            log10(ΔE)   log10(Δρ)   Diag   Δtime
---   ---------------   ---------   ---------   ----   ------
  1   -8.369723565209                   -0.97    7.3    2.34s
  2   -8.372704206888       -2.53       -1.87    2.1    1.10s
  3   -8.372813647782       -3.96       -2.84    4.4    2.00s
  4   -8.372814277418       -6.20       -3.82    4.1    1.87s
  5   -8.372814283743       -8.20       -4.51    4.0    1.57s
  6   -8.372814283948       -9.69       -5.38    3.7    1.77s
  7   -8.372814283955      -11.16       -6.51    4.0    1.59s
  8   -8.372814283955      -13.12       -8.06    4.3    1.93s
n     Energy            log10(ΔE)   log10(Δρ)   Diag   Δtime
---   ---------------   ---------   ---------   ----   ------
  1   -8.369719760812                   -0.97    7.4    2.37s
  2   -8.372699991024       -2.53       -1.87    2.2    1.34s
  3   -8.372813637267       -3.94       -2.83    4.5    1.69s
  4   -8.372814276168       -6.19       -3.81    4.1    1.80s
  5   -8.372814283657       -8.13       -4.46    4.1    1.60s
  6   -8.372814283946       -9.54       -5.34    3.9    1.78s
  7   -8.372814283955      -11.03       -6.60    3.9    1.58s
  8   -8.372814283955      -13.16       -8.02    4.5    2.04s
     3    -8.372814e+00     1.371407e-04
 * time: 118.08290100097656
n     Energy            log10(ΔE)   log10(Δρ)   Diag   Δtime
---   ---------------   ---------   ---------   ----   ------
  1   -8.369726061885                   -0.97    7.2    2.30s
  2   -8.372690464807       -2.53       -1.86    1.8    1.01s
  3   -8.372813632942       -3.91       -2.81    4.4    1.96s
  4   -8.372814389796       -6.12       -3.76    3.9    1.57s
  5   -8.372814398588       -8.06       -4.43    3.9    1.82s
  6   -8.372814398889       -9.52       -5.27    3.7    1.48s
  7   -8.372814398901      -10.95       -6.61    3.8    1.79s
  8   -8.372814398901      -13.04       -7.76    4.5    1.74s
n     Energy            log10(ΔE)   log10(Δρ)   Diag   Δtime
---   ---------------   ---------   ---------   ----   ------
  1   -8.369717032949                   -0.97    7.2    2.30s
  2   -8.372693645150       -2.53       -1.86    2.0    1.03s
  3   -8.372813775689       -3.92       -2.81    4.3    1.95s
  4   -8.372814387959       -6.21       -3.76    3.9    1.51s
  5   -8.372814398554       -7.97       -4.42    4.0    1.80s
  6   -8.372814398889       -9.47       -5.28    3.7    1.46s
  7   -8.372814398901      -10.94       -6.77    3.8    1.78s
  8   -8.372814398901      -13.30       -7.54    4.6    1.77s
     4    -8.372814e+00     1.178640e-06
 * time: 156.85501313209534
n     Energy            log10(ΔE)   log10(Δρ)   Diag   Δtime
---   ---------------   ---------   ---------   ----   ------
  1   -8.369714425252                   -0.97    7.1    2.37s
  2   -8.372695750802       -2.53       -1.86    2.1    1.07s
  3   -8.372813801292       -3.93       -2.82    4.4    1.96s
  4   -8.372814389012       -6.23       -3.79    3.9    1.81s
  5   -8.372814398586       -8.02       -4.45    4.1    1.57s
  6   -8.372814398898       -9.51       -5.29    3.7    1.74s
  7   -8.372814398909      -10.96       -6.83    3.7    1.51s
  8   -8.372814398909      -13.32       -7.63    4.7    2.11s
n     Energy            log10(ΔE)   log10(Δρ)   Diag   Δtime
---   ---------------   ---------   ---------   ----   ------
  1   -8.369716148880                   -0.97    7.2    2.36s
  2   -8.372697238537       -2.53       -1.87    2.1    1.32s
  3   -8.372813746591       -3.93       -2.82    4.5    1.71s
  4   -8.372814390442       -6.19       -3.80    4.0    1.84s
  5   -8.372814398601       -8.09       -4.45    4.0    1.57s
  6   -8.372814398900       -9.52       -5.33    3.7    1.75s
  7   -8.372814398909      -11.03       -6.67    3.9    1.56s
  8   -8.372814398909      -13.26       -7.77    4.6    2.00s
     5    -8.372814e+00     1.512966e-09
 * time: 195.76900815963745
 * Status: success

 * Candidate solution
    Final objective value:     -8.372814e+00

 * Found with
    Algorithm:     L-BFGS

 * Convergence measures
    |x - x'|               = 1.44e-05 ≰ -1.0e+00
    |x - x'|/|x'|          = 1.42e-06 ≰ 0.0e+00
    |f(x) - f(x')|         = 8.43e-12 ≤ 1.0e-08
    |f(x) - f(x')|/|f(x')| = 1.01e-12 ≰ 0.0e+00
    |g(x)|                 = 1.51e-09 ≤ 1.0e-06

 * Work counters
    Seconds run:   196  (vs limit Inf)
    Iterations:    5
    f(x) calls:    6
    ∇f(x) calls:   6

Si: 263.909915 seconds (425.55 M allocations: 88.564 GiB, 8.02% gc time, 17.77% compilation time: <1% of which was recompilation)
n     Energy            log10(ΔE)   log10(Δρ)   Diag   Δtime
---   ---------------   ---------   ---------   ----   ------
  1   -61.58972406944                   -1.13    8.2    18.1s
  2   -61.59211844534       -2.62       -1.29    2.9    8.18s
  3   -61.59433648082       -2.65       -2.27    4.2    10.0s
  4   -61.59434333657       -5.16       -2.46    4.2    9.90s
  5   -61.59435748554       -4.85       -3.53    3.1    6.65s
  6   -61.59435752486       -7.41       -4.42    4.3    9.75s
  7   -61.59435752575       -9.05       -5.66    4.0    10.0s
  8   -61.59435752576      -11.28       -6.91    4.1    10.0s
  9   -61.59435752576   +  -13.07       -7.64    4.2    10.1s
Iter     Function value   Gradient norm 
     0    -6.159436e+01     1.512399e-02
 * time: 3.0994415283203125e-6
n     Energy            log10(ΔE)   log10(Δρ)   Diag   Δtime
---   ---------------   ---------   ---------   ----   ------
  1   -61.58998370280                   -1.13    9.0    16.8s
  2   -61.59236917564       -2.62       -1.30    3.0    7.74s
  3   -61.59456432791       -2.66       -2.27    4.2    10.1s
  4   -61.59457095156       -5.18       -2.46    4.2    9.78s
  5   -61.59458479139       -4.86       -3.55    3.1    6.84s
  6   -61.59458482665       -7.45       -4.46    4.3    10.4s
  7   -61.59458482742       -9.11       -5.52    4.1    9.77s
  8   -61.59458482743      -11.00       -6.85    4.2    10.0s
  9   -61.59458482743   +    -Inf       -7.58    4.4    10.7s
n     Energy            log10(ΔE)   log10(Δρ)   Diag   Δtime
---   ---------------   ---------   ---------   ----   ------
  1   -61.58998840750                   -1.13    8.8    16.9s
  2   -61.59236744519       -2.62       -1.30    3.0    7.85s
  3   -61.59456410483       -2.66       -2.27    4.3    10.4s
  4   -61.59457092142       -5.17       -2.46    4.2    9.66s
  5   -61.59458478971       -4.86       -3.55    3.1    6.73s
  6   -61.59458482663       -7.43       -4.47    4.3    9.85s
  7   -61.59458482743       -9.10       -5.58    4.0    10.0s
  8   -61.59458482743      -11.11       -6.87    4.1    9.90s
  9   -61.59458482743   +  -13.67       -7.67    4.3    10.4s
     1    -6.159458e+01     1.493380e-02
 * time: 212.74794793128967
n     Energy            log10(ΔE)   log10(Δρ)   Diag   Δtime
---   ---------------   ---------   ---------   ----   ------
  1   -61.59259144445                   -1.13    8.5    13.9s
  2   -61.59525996232       -2.57       -1.32    3.5    7.57s
  3   -61.59664518618       -2.86       -2.32    4.4    8.89s
  4   -61.59664575390       -6.25       -2.73    4.1    8.47s
  5   -61.59664915382       -5.47       -3.64    3.9    6.93s
  6   -61.59664916541       -7.94       -4.71    4.2    8.81s
  7   -61.59664916549      -10.11       -5.70    4.3    9.15s
  8   -61.59664916549      -12.08       -6.52    4.3    9.09s
  9   -61.59664916549      -13.85       -7.82    4.1    8.69s
n     Energy            log10(ΔE)   log10(Δρ)   Diag   Δtime
---   ---------------   ---------   ---------   ----   ------
  1   -61.59258992347                   -1.13    8.5    13.9s
  2   -61.59525890891       -2.57       -1.32    3.5    7.47s
  3   -61.59664519960       -2.86       -2.32    4.5    8.88s
  4   -61.59664573473       -6.27       -2.72    4.2    8.50s
  5   -61.59664915444       -5.47       -3.65    3.7    6.65s
  6   -61.59664916542       -7.96       -4.73    4.2    8.69s
  7   -61.59664916549      -10.11       -5.79    4.3    8.95s
  8   -61.59664916549      -12.18       -6.56    4.3    9.07s
  9   -61.59664916549      -12.97       -7.84    4.2    8.78s
     2    -6.159665e+01     1.913968e-02
 * time: 399.0758330821991
n     Energy            log10(ΔE)   log10(Δρ)   Diag   Δtime
---   ---------------   ---------   ---------   ----   ------
  1   -61.59615087150                   -1.13    8.3    14.7s
  2   -61.59854254602       -2.62       -1.32    3.2    7.52s
  3   -61.60016435926       -2.79       -2.33    4.2    9.10s
  4   -61.60016659269       -5.65       -2.56    4.2    8.92s
  5   -61.60017480043       -5.09       -3.61    3.4    6.62s
  6   -61.60017481788       -7.76       -4.82    4.1    8.89s
  7   -61.60017481807       -9.73       -5.73    4.2    9.51s
  8   -61.60017481807      -11.45       -6.97    3.9    8.37s
  9   -61.60017481807      -13.85       -7.76    4.1    9.15s
n     Energy            log10(ΔE)   log10(Δρ)   Diag   Δtime
---   ---------------   ---------   ---------   ----   ------
  1   -61.59615116054                   -1.13    8.3    14.5s
  2   -61.59854363069       -2.62       -1.32    3.1    7.19s
  3   -61.60016438989       -2.79       -2.33    4.3    8.86s
  4   -61.60016661120       -5.65       -2.56    4.2    8.66s
  5   -61.60017480047       -5.09       -3.60    3.2    6.30s
  6   -61.60017481786       -7.76       -4.79    4.1    8.91s
  7   -61.60017481807       -9.68       -5.70    4.3    9.19s
  8   -61.60017481807      -11.37       -6.96    3.8    8.26s
  9   -61.60017481807   +  -13.45       -7.76    4.2    9.12s
     3    -6.160017e+01     5.502100e-03
 * time: 590.4724481105804
n     Energy            log10(ΔE)   log10(Δρ)   Diag   Δtime
---   ---------------   ---------   ---------   ----   ------
  1   -61.59674597635                   -1.14    8.4    14.5s
  2   -61.59917268128       -2.61       -1.33    3.2    7.26s
  3   -61.60069663606       -2.82       -2.34    4.3    9.04s
  4   -61.60069801170       -5.86       -2.59    4.2    8.92s
  5   -61.60070499267       -5.16       -3.61    3.5    6.67s
  6   -61.60070500787       -7.82       -4.80    4.1    8.89s
  7   -61.60070500804       -9.77       -5.78    4.2    9.17s
  8   -61.60070500804      -12.00       -6.90    4.1    9.07s
  9   -61.60070500804   +  -14.15       -7.78    3.7    8.37s
n     Energy            log10(ΔE)   log10(Δρ)   Diag   Δtime
---   ---------------   ---------   ---------   ----   ------
  1   -61.59674379464                   -1.14    8.5    14.3s
  2   -61.59916951895       -2.62       -1.33    3.2    7.19s
  3   -61.60069673462       -2.82       -2.34    4.3    8.84s
  4   -61.60069805638       -5.88       -2.59    4.3    8.87s
  5   -61.60070499402       -5.16       -3.62    3.4    6.65s
  6   -61.60070500790       -7.86       -4.87    4.0    8.67s
  7   -61.60070500804       -9.88       -5.80    4.2    9.00s
  8   -61.60070500804      -11.69       -6.98    4.0    8.61s
  9   -61.60070500804   +  -13.37       -7.82    4.1    8.87s
     4    -6.160071e+01     1.500294e-03
 * time: 777.5560739040375
n     Energy            log10(ΔE)   log10(Δρ)   Diag   Δtime
---   ---------------   ---------   ---------   ----   ------
  1   -61.59679906197                   -1.14    8.0    14.2s
  2   -61.59923340299       -2.61       -1.33    3.1    7.54s
  3   -61.60073455125       -2.82       -2.34    4.2    8.89s
  4   -61.60073565756       -5.96       -2.61    4.2    8.94s
  5   -61.60074211989       -5.19       -3.63    3.3    6.45s
  6   -61.60074213327       -7.87       -4.88    4.1    8.85s
  7   -61.60074213339       -9.92       -5.78    4.4    9.21s
  8   -61.60074213339      -11.60       -6.94    4.0    8.29s
  9   -61.60074213339   +    -Inf       -7.84    4.1    9.00s
n     Energy            log10(ΔE)   log10(Δρ)   Diag   Δtime
---   ---------------   ---------   ---------   ----   ------
  1   -61.59679704324                   -1.14    8.2    14.1s
  2   -61.59923368244       -2.61       -1.33    3.2    7.35s
  3   -61.60073467885       -2.82       -2.34    4.2    8.91s
  4   -61.60073574679       -5.97       -2.61    4.1    8.75s
  5   -61.60074212005       -5.20       -3.62    3.4    6.55s
  6   -61.60074213329       -7.88       -4.90    4.1    8.76s
  7   -61.60074213339      -10.00       -5.75    4.3    9.27s
  8   -61.60074213339      -11.52       -6.95    4.0    8.02s
  9   -61.60074213339      -13.55       -7.83    4.3    9.18s
     5    -6.160074e+01     1.888440e-04
 * time: 965.1237280368805
n     Energy            log10(ΔE)   log10(Δρ)   Diag   Δtime
---   ---------------   ---------   ---------   ----   ------
  1   -61.59679736135                   -1.14    8.0    13.7s
  2   -61.59923173114       -2.61       -1.33    3.2    7.20s
  3   -61.60073499270       -2.82       -2.34    4.2    8.79s
  4   -61.60073616378       -5.93       -2.60    4.0    8.64s
  5   -61.60074269117       -5.19       -3.61    3.3    6.48s
  6   -61.60074270490       -7.86       -4.86    4.1    8.64s
  7   -61.60074270503       -9.90       -5.79    4.2    9.10s
  8   -61.60074270503      -11.62       -6.90    4.0    8.41s
  9   -61.60074270503      -13.55       -7.88    4.2    9.09s
n     Energy            log10(ΔE)   log10(Δρ)   Diag   Δtime
---   ---------------   ---------   ---------   ----   ------
  1   -61.59679144627                   -1.14    8.0    13.8s
  2   -61.59922936804       -2.61       -1.33    3.3    7.34s
  3   -61.60073496188       -2.82       -2.34    4.4    9.02s
  4   -61.60073616240       -5.92       -2.60    4.1    8.72s
  5   -61.60074268896       -5.19       -3.61    3.3    6.47s
  6   -61.60074270485       -7.80       -4.82    4.0    8.62s
  7   -61.60074270503       -9.75       -5.79    4.2    8.96s
  8   -61.60074270503      -11.65       -6.95    3.9    8.55s
  9   -61.60074270503      -13.45       -7.87    4.1    8.94s
     6    -6.160074e+01     5.476956e-06
 * time: 1152.2589468955994
n     Energy            log10(ΔE)   log10(Δρ)   Diag   Δtime
---   ---------------   ---------   ---------   ----   ------
  1   -61.59679755265                   -1.14    8.2    14.4s
  2   -61.59922976285       -2.61       -1.33    3.2    7.49s
  3   -61.60073491095       -2.82       -2.34    4.3    9.22s
  4   -61.60073609415       -5.93       -2.60    4.2    9.06s
  5   -61.60074269247       -5.18       -3.62    3.2    6.47s
  6   -61.60074270534       -7.89       -4.84    4.1    8.88s
  7   -61.60074270551       -9.76       -5.74    4.2    8.88s
  8   -61.60074270551      -11.70       -7.01    4.0    8.78s
n     Energy            log10(ΔE)   log10(Δρ)   Diag   Δtime
---   ---------------   ---------   ---------   ----   ------
  1   -61.59679569015                   -1.14    8.2    14.0s
  2   -61.59923200232       -2.61       -1.33    3.2    7.09s
  3   -61.60073493989       -2.82       -2.34    4.2    8.79s
  4   -61.60073611323       -5.93       -2.60    4.1    8.45s
  5   -61.60074269132       -5.18       -3.61    3.3    6.28s
  6   -61.60074270538       -7.85       -4.84    4.1    8.55s
  7   -61.60074270551       -9.90       -5.86    4.2    8.87s
  8   -61.60074270551      -11.91       -6.84    3.9    8.07s
  9   -61.60074270551   +  -13.37       -7.99    4.2    8.77s
     7    -6.160074e+01     1.983600e-08
 * time: 1329.7293620109558
 * Status: success

 * Candidate solution
    Final objective value:     -6.160074e+01

 * Found with
    Algorithm:     L-BFGS

 * Convergence measures
    |x - x'|               = 1.76e-04 ≰ -1.0e+00
    |x - x'|/|x'|          = 1.76e-05 ≰ 0.0e+00
    |f(x) - f(x')|         = 4.83e-10 ≤ 1.0e-08
    |f(x) - f(x')|/|f(x')| = 7.85e-12 ≰ 0.0e+00
    |g(x)|                 = 1.98e-08 ≤ 1.0e-06

 * Work counters
    Seconds run:   1330  (vs limit Inf)
    Iterations:    7
    f(x) calls:    8
    ∇f(x) calls:   8

NaCl: 1446.368159 seconds (1.43 G allocations: 413.191 GiB, 4.99% gc time, 0.21% compilation time)
n     Energy            log10(ΔE)   log10(Δρ)   Diag   Δtime
---   ---------------   ---------   ---------   ----   ------
  1   -2.304124791759                   -1.40    5.4    1.61s
  2   -2.304455464813       -3.48       -1.83    1.6    1.07s
  3   -2.304532421102       -4.11       -3.23    3.7    1.34s
  4   -2.304532810713       -6.41       -3.73    4.1    1.76s
  5   -2.304532817527       -8.17       -4.21    2.8    1.04s
  6   -2.304532818647       -8.95       -4.78    3.0    1.19s
  7   -2.304532818736      -10.05       -5.70    2.9    1.35s
  8   -2.304532818737      -11.83       -6.44    3.6    1.26s
  9   -2.304532818737      -13.74       -7.27    3.0    1.46s
Iter     Function value   Gradient norm 
     0    -2.304533e+00     7.347711e-03
 * time: 4.0531158447265625e-6
n     Energy            log10(ΔE)   log10(Δρ)   Diag   Δtime
---   ---------------   ---------   ---------   ----   ------
  1   -2.304184405948                   -1.40    5.3    1.95s
  2   -2.304510174706       -3.49       -1.83    1.6    823ms
  3   -2.304585315342       -4.12       -3.25    3.7    1.65s
  4   -2.304585675643       -6.44       -3.74    4.1    1.49s
  5   -2.304585682062       -8.19       -4.22    2.7    1.37s
  6   -2.304585683122       -8.97       -4.79    3.0    1.17s
  7   -2.304585683208      -10.07       -5.70    3.0    1.41s
  8   -2.304585683210      -11.77       -6.41    3.5    1.31s
  9   -2.304585683210      -13.61       -7.35    2.9    1.38s
n     Energy            log10(ΔE)   log10(Δρ)   Diag   Δtime
---   ---------------   ---------   ---------   ----   ------
  1   -2.304183095890                   -1.40    5.3    1.89s
  2   -2.304509827847       -3.49       -1.83    1.5    804ms
  3   -2.304585282783       -4.12       -3.25    3.7    1.61s
  4   -2.304585675886       -6.41       -3.74    4.1    1.46s
  5   -2.304585682120       -8.21       -4.23    2.5    1.28s
  6   -2.304585683119       -9.00       -4.79    2.9    1.12s
  7   -2.304585683209      -10.05       -5.71    2.9    1.37s
  8   -2.304585683210      -11.83       -6.44    3.6    1.28s
  9   -2.304585683210      -13.72       -7.28    3.0    1.39s
     1    -2.304586e+00     7.041128e-03
 * time: 52.4831759929657
n     Energy            log10(ΔE)   log10(Δρ)   Diag   Δtime
---   ---------------   ---------   ---------   ----   ------
  1   -2.304677212080                   -1.40    5.5    1.91s
  2   -2.305000561561       -3.49       -1.84    1.6    805ms
  3   -2.305068195144       -4.17       -3.34    3.7    1.64s
  4   -2.305068525726       -6.48       -3.86    4.2    1.44s
  5   -2.305068530482       -8.32       -4.33    2.9    1.33s
  6   -2.305068531211       -9.14       -5.26    3.1    1.19s
  7   -2.305068531223      -10.94       -6.03    3.5    1.45s
  8   -2.305068531223      -12.64       -6.87    3.4    1.26s
  9   -2.305068531223      -14.27       -8.03    3.4    1.21s
n     Energy            log10(ΔE)   log10(Δρ)   Diag   Δtime
---   ---------------   ---------   ---------   ----   ------
  1   -2.304678209868                   -1.40    5.6    1.89s
  2   -2.304998982681       -3.49       -1.84    1.5    762ms
  3   -2.305068201201       -4.16       -3.31    3.7    1.60s
  4   -2.305068525242       -6.49       -3.84    4.2    1.44s
  5   -2.305068530443       -8.28       -4.32    2.9    1.34s
  6   -2.305068531210       -9.12       -5.22    3.1    1.14s
  7   -2.305068531223      -10.90       -6.01    3.5    1.50s
  8   -2.305068531223      -12.58       -6.86    3.4    1.26s
  9   -2.305068531223      -14.31       -7.96    3.4    1.48s
     2    -2.305069e+00     1.783306e-03
 * time: 105.26433992385864
n     Energy            log10(ΔE)   log10(Δρ)   Diag   Δtime
---   ---------------   ---------   ---------   ----   ------
  1   -2.304703059283                   -1.40    5.6    1.69s
  2   -2.305027049250       -3.49       -1.84    1.6    1.06s
  3   -2.305095560659       -4.16       -3.39    3.8    1.36s
  4   -2.305095803752       -6.61       -3.93    4.3    1.76s
  5   -2.305095806829       -8.51       -4.45    2.9    1.08s
  6   -2.305095807228       -9.40       -5.36    3.1    1.40s
  7   -2.305095807235      -11.16       -6.15    3.5    1.22s
  8   -2.305095807235      -12.77       -6.82    3.4    1.45s
  9   -2.305095807235      -13.91       -8.25    3.3    1.20s
n     Energy            log10(ΔE)   log10(Δρ)   Diag   Δtime
---   ---------------   ---------   ---------   ----   ------
  1   -2.304707085811                   -1.40    5.5    1.68s
  2   -2.305029197211       -3.49       -1.84    1.5    1.04s
  3   -2.305095523005       -4.18       -3.41    3.8    1.33s
  4   -2.305095803791       -6.55       -3.94    4.3    1.77s
  5   -2.305095806837       -8.52       -4.46    2.9    1.08s
  6   -2.305095807228       -9.41       -5.37    3.2    1.41s
  7   -2.305095807235      -11.18       -6.18    3.5    1.25s
  8   -2.305095807235      -12.83       -6.86    3.3    1.49s
  9   -2.305095807235      -13.94       -8.29    3.2    1.20s
     3    -2.305096e+00     1.801424e-04
 * time: 157.9050259590149
n     Energy            log10(ΔE)   log10(Δρ)   Diag   Δtime
---   ---------------   ---------   ---------   ----   ------
  1   -2.304706785796                   -1.40    5.6    1.97s
  2   -2.305028791826       -3.49       -1.84    1.6    842ms
  3   -2.305095762733       -4.17       -3.40    3.6    1.54s
  4   -2.305096087753       -6.49       -3.94    4.4    1.55s
  5   -2.305096090822       -8.51       -4.45    3.0    1.35s
  6   -2.305096091240       -9.38       -5.36    3.2    1.15s
  7   -2.305096091246      -11.20       -6.15    3.6    1.54s
  8   -2.305096091246      -12.82       -6.83    3.3    1.20s
  9   -2.305096091246      -14.15       -8.24    3.2    1.46s
n     Energy            log10(ΔE)   log10(Δρ)   Diag   Δtime
---   ---------------   ---------   ---------   ----   ------
  1   -2.304705500649                   -1.40    5.5    1.93s
  2   -2.305027336159       -3.49       -1.84    1.6    789ms
  3   -2.305095773776       -4.16       -3.38    3.8    1.55s
  4   -2.305096087528       -6.50       -3.92    4.2    1.49s
  5   -2.305096090797       -8.49       -4.43    2.9    1.35s
  6   -2.305096091239       -9.35       -5.35    3.1    1.13s
  7   -2.305096091246      -11.15       -6.11    3.6    1.52s
  8   -2.305096091246      -12.75       -6.79    3.2    1.24s
  9   -2.305096091246      -14.05       -8.21    3.3    1.50s
     4    -2.305096e+00     1.292762e-06
 * time: 210.61181497573853
n     Energy            log10(ΔE)   log10(Δρ)   Diag   Δtime
---   ---------------   ---------   ---------   ----   ------
  1   -2.304707788100                   -1.40    5.6    1.95s
  2   -2.305028038849       -3.49       -1.84    1.6    795ms
  3   -2.305095781156       -4.17       -3.38    3.7    1.55s
  4   -2.305096087526       -6.51       -3.92    4.3    1.47s
  5   -2.305096090823       -8.48       -4.44    2.9    1.08s
  6   -2.305096091253       -9.37       -5.34    3.1    1.40s
  7   -2.305096091261      -11.14       -6.11    3.6    1.23s
  8   -2.305096091261      -12.75       -6.77    3.3    1.51s
  9   -2.305096091261      -14.05       -8.23    3.4    1.23s
n     Energy            log10(ΔE)   log10(Δρ)   Diag   Δtime
---   ---------------   ---------   ---------   ----   ------
  1   -2.304707505719                   -1.40    5.6    1.78s
  2   -2.305028290507       -3.49       -1.84    1.6    1.09s
  3   -2.305095755386       -4.17       -3.39    3.7    1.34s
  4   -2.305096087640       -6.48       -3.93    4.3    1.80s
  5   -2.305096090830       -8.50       -4.44    2.9    1.13s
  6   -2.305096091253       -9.37       -5.35    3.2    1.45s
  7   -2.305096091261      -11.14       -6.12    3.5    1.25s
  8   -2.305096091261      -12.76       -6.80    3.3    1.51s
  9   -2.305096091261      -14.05       -8.20    3.3    1.23s
     5    -2.305096e+00     1.754299e-09
 * time: 263.6643240451813
 * Status: success

 * Candidate solution
    Final objective value:     -2.305096e+00

 * Found with
    Algorithm:     L-BFGS

 * Convergence measures
    |x - x'|               = 2.26e-05 ≰ -1.0e+00
    |x - x'|/|x'|          = 3.02e-06 ≰ 0.0e+00
    |f(x) - f(x')|         = 1.48e-11 ≤ 1.0e-08
    |f(x) - f(x')|/|f(x')| = 6.44e-12 ≰ 0.0e+00
    |g(x)|                 = 1.75e-09 ≤ 1.0e-06

 * Work counters
    Seconds run:   264  (vs limit Inf)
    Iterations:    5
    f(x) calls:    6
    ∇f(x) calls:   6

Al: 294.916925 seconds (250.81 M allocations: 60.371 GiB, 6.04% gc time, 0.02% compilation time)
n     Energy            log10(ΔE)   log10(Δρ)   Diag   Δtime
---   ---------------   ---------   ---------   ----   ------
  1   -73.32615865227                   -0.70    9.7    8.92s
  2   -73.35315415034       -1.57       -0.91    5.7    5.60s
  3   -73.36559195391       -1.91       -1.20    7.0    6.70s
  4   -73.36850149818       -2.54       -1.57    6.2    5.71s
  5   -73.36892192971       -3.38       -2.37    5.7    5.29s
  6   -73.36892848605       -5.18       -2.95    5.4    5.60s
  7   -73.36892860311       -6.93       -3.43    5.3    5.45s
  8   -73.36892864318       -7.40       -3.82    5.1    5.17s
  9   -73.36892865704       -7.86       -4.41    5.7    5.84s
 10   -73.36892865805       -9.00       -4.75    5.1    5.32s
 11   -73.36892865822       -9.76       -5.62    5.4    5.42s
 12   -73.36892865822   +  -12.73       -6.23    5.2    5.57s
 13   -73.36892865822      -12.70       -6.52    5.9    5.93s
 14   -73.36892865822   +  -12.94       -7.35    5.3    5.43s
Iter     Function value   Gradient norm 
     0    -7.336893e+01     4.078032e-02
 * time: 4.0531158447265625e-6
n     Energy            log10(ΔE)   log10(Δρ)   Diag   Δtime
---   ---------------   ---------   ---------   ----   ------
  1   -73.32926959972                   -0.71    9.9    8.70s
  2   -73.35556138827       -1.58       -0.92    5.7    5.73s
  3   -73.36721585043       -1.93       -1.20    6.9    6.84s
  4   -73.37015713154       -2.53       -1.62    6.2    5.82s
  5   -73.37046358268       -3.51       -2.32    5.5    5.28s
  6   -73.37047528803       -4.93       -3.03    5.4    5.67s
  7   -73.37047521485   +   -7.14       -3.40    5.4    5.62s
  8   -73.37047530234       -7.06       -3.88    5.6    5.61s
  9   -73.37047531261       -7.99       -4.44    5.5    5.72s
 10   -73.37047531275       -9.85       -4.78    4.6    5.01s
 11   -73.37047531295       -9.70       -5.69    5.5    5.54s
 12   -73.37047531295   +  -11.73       -6.54    5.6    5.92s
 13   -73.37047531295      -12.67       -6.96    5.2    5.51s
 14   -73.37047531295      -13.00       -7.29    4.5    4.90s
n     Energy            log10(ΔE)   log10(Δρ)   Diag   Δtime
---   ---------------   ---------   ---------   ----   ------
  1   -73.32927600251                   -0.71    9.9    8.95s
  2   -73.35556008150       -1.58       -0.92    5.6    5.36s
  3   -73.36721441064       -1.93       -1.20    6.9    6.64s
  4   -73.37015829629       -2.53       -1.62    6.3    5.73s
  5   -73.37046342281       -3.52       -2.32    5.5    5.19s
  6   -73.37047528742       -4.93       -3.03    5.4    5.53s
  7   -73.37047521870   +   -7.16       -3.40    5.3    5.56s
  8   -73.37047530243       -7.08       -3.87    5.5    5.37s
  9   -73.37047531262       -7.99       -4.44    5.5    5.56s
 10   -73.37047531274       -9.91       -4.78    4.4    4.79s
 11   -73.37047531295       -9.68       -5.68    5.4    5.42s
 12   -73.37047531295   +  -11.74       -6.50    5.6    5.81s
 13   -73.37047531295      -12.77       -6.90    5.8    5.77s
 14   -73.37047531295      -12.81       -7.27    4.6    4.85s
     1    -7.337048e+01     3.499585e-02
 * time: 219.8061170578003
n     Energy            log10(ΔE)   log10(Δρ)   Diag   Δtime
---   ---------------   ---------   ---------   ----   ------
  1   -73.34191440617                   -0.73   10.0    11.1s
  2   -73.36224861552       -1.69       -0.95    5.3    6.47s
  3   -73.37180305575       -2.02       -1.26    6.7    8.05s
  4   -73.37394296986       -2.67       -1.75    5.9    6.94s
  5   -73.37409797059       -3.81       -2.51    5.3    6.55s
  6   -73.37410004954       -5.68       -3.16    5.3    7.08s
  7   -73.37410006360       -7.85       -3.82    5.1    6.58s
  8   -73.37410006904       -8.26       -4.30    5.0    6.54s
  9   -73.37410006876   +   -9.55       -4.70    5.5    6.80s
 10   -73.37410006913       -9.43       -5.77    5.2    6.60s
 11   -73.37410006913      -11.76       -6.36    5.5    7.05s
 12   -73.37410006913   +  -12.43       -7.01    5.5    6.90s
n     Energy            log10(ΔE)   log10(Δρ)   Diag   Δtime
---   ---------------   ---------   ---------   ----   ------
  1   -73.34191461865                   -0.73   10.0    11.0s
  2   -73.36224587502       -1.69       -0.95    5.4    6.67s
  3   -73.37180324431       -2.02       -1.26    6.7    8.20s
  4   -73.37394280058       -2.67       -1.75    6.0    6.97s
  5   -73.37409795514       -3.81       -2.51    5.4    6.58s
  6   -73.37410005123       -5.68       -3.16    5.5    7.02s
  7   -73.37410006426       -7.89       -3.83    5.1    6.44s
  8   -73.37410006903       -8.32       -4.29    5.0    6.50s
  9   -73.37410006875   +   -9.55       -4.69    5.6    6.81s
 10   -73.37410006913       -9.43       -5.75    5.2    6.48s
 11   -73.37410006913      -11.69       -6.35    5.6    7.16s
 12   -73.37410006913   +  -12.55       -6.97    5.5    6.81s
 13   -73.37410006913      -12.89       -7.98    5.5    6.82s
     2    -7.337410e+01     7.833368e-03
 * time: 456.84254002571106
n     Energy            log10(ΔE)   log10(Δρ)   Diag   Δtime
---   ---------------   ---------   ---------   ----   ------
  1   -73.34053369488                   -0.73    9.6    10.5s
  2   -73.36179482824       -1.67       -0.94    5.1    6.57s
  3   -73.37182088655       -2.00       -1.25    6.6    7.94s
  4   -73.37404090706       -2.65       -1.71    5.8    6.97s
  5   -73.37425150399       -3.68       -2.55    5.2    6.49s
  6   -73.37425268163       -5.93       -3.18    5.4    7.05s
  7   -73.37425269022       -8.07       -3.75    4.7    6.34s
  8   -73.37425269401       -8.42       -4.11    4.6    6.28s
  9   -73.37425269300   +   -8.99       -4.45    5.2    6.64s
 10   -73.37425269415       -8.94       -5.04    5.0    6.52s
 11   -73.37425269419      -10.34       -5.88    5.0    6.50s
 12   -73.37425269419      -12.36       -6.78    5.2    6.77s
 13   -73.37425269419      -13.85       -7.33    4.8    6.54s
n     Energy            log10(ΔE)   log10(Δρ)   Diag   Δtime
---   ---------------   ---------   ---------   ----   ------
  1   -73.34052886075                   -0.73    9.4    10.4s
  2   -73.36179495872       -1.67       -0.94    5.1    6.29s
  3   -73.37182083124       -2.00       -1.25    6.6    8.01s
  4   -73.37404120964       -2.65       -1.71    5.8    6.81s
  5   -73.37425151200       -3.68       -2.55    5.2    6.32s
  6   -73.37425267872       -5.93       -3.17    5.3    6.79s
  7   -73.37425268935       -7.97       -3.76    4.8    6.23s
  8   -73.37425269395       -8.34       -4.11    4.6    6.01s
  9   -73.37425269300   +   -9.02       -4.45    5.2    6.47s
 10   -73.37425269415       -8.94       -5.06    5.0    6.42s
 11   -73.37425269419      -10.33       -5.85    4.9    6.42s
 12   -73.37425269419      -12.22       -6.80    5.3    6.72s
 13   -73.37425269419   +  -13.55       -7.35    4.7    6.30s
     3    -7.337425e+01     9.596967e-04
 * time: 692.9538688659668
n     Energy            log10(ΔE)   log10(Δρ)   Diag   Δtime
---   ---------------   ---------   ---------   ----   ------
  1   -73.34074203555                   -0.73    9.5    10.6s
  2   -73.36189624647       -1.67       -0.94    5.1    6.56s
  3   -73.37183366509       -2.00       -1.25    6.6    7.93s
  4   -73.37405084439       -2.65       -1.72    5.8    6.88s
  5   -73.37425385961       -3.69       -2.55    5.2    6.34s
  6   -73.37425511103       -5.90       -3.18    5.3    6.85s
  7   -73.37425511932       -8.08       -3.75    4.9    6.38s
  8   -73.37425512510       -8.24       -4.12    4.7    6.24s
  9   -73.37425512415   +   -9.02       -4.43    5.3    6.61s
 10   -73.37425512536       -8.92       -5.07    5.1    6.44s
 11   -73.37425512540      -10.38       -5.90    5.0    6.44s
 12   -73.37425512540      -12.85       -6.78    5.3    6.71s
 13   -73.37425512540   +  -13.15       -7.46    4.7    6.32s
n     Energy            log10(ΔE)   log10(Δρ)   Diag   Δtime
---   ---------------   ---------   ---------   ----   ------
  1   -73.34073774335                   -0.73    9.6    10.4s
  2   -73.36187660351       -1.67       -0.94    5.2    6.39s
  3   -73.37183866825       -2.00       -1.25    6.6    8.06s
  4   -73.37404916961       -2.66       -1.71    5.8    6.86s
  5   -73.37425385823       -3.69       -2.54    5.2    6.36s
  6   -73.37425511162       -5.90       -3.18    5.4    6.89s
  7   -73.37425512028       -8.06       -3.75    4.9    6.31s
  8   -73.37425512519       -8.31       -4.12    4.7    6.10s
  9   -73.37425512416   +   -8.99       -4.44    5.1    6.46s
 10   -73.37425512536       -8.92       -5.08    5.0    6.32s
 11   -73.37425512540      -10.43       -5.96    5.0    6.50s
 12   -73.37425512540      -13.37       -6.80    5.2    6.75s
 13   -73.37425512540   +    -Inf       -7.44    5.1    6.66s
     4    -7.337426e+01     2.718419e-05
 * time: 929.235188961029
n     Energy            log10(ΔE)   log10(Δρ)   Diag   Δtime
---   ---------------   ---------   ---------   ----   ------
  1   -73.34073279397                   -0.73    9.8    11.1s
  2   -73.36189655492       -1.67       -0.94    5.3    6.75s
  3   -73.37183623053       -2.00       -1.25    6.8    8.30s
  4   -73.37405034990       -2.65       -1.71    5.9    7.02s
  5   -73.37425383603       -3.69       -2.55    5.2    6.56s
  6   -73.37425511517       -5.89       -3.18    5.4    7.13s
  7   -73.37425512148       -8.20       -3.74    4.9    6.49s
  8   -73.37425512706       -8.25       -4.12    4.7    6.35s
  9   -73.37425512607   +   -9.00       -4.43    5.3    6.82s
 10   -73.37425512728       -8.91       -5.08    5.1    6.62s
 11   -73.37425512732      -10.42       -5.94    5.1    6.58s
 12   -73.37425512732   +  -13.15       -6.79    5.3    6.69s
 13   -73.37425512732      -12.85       -7.44    4.6    6.30s
n     Energy            log10(ΔE)   log10(Δρ)   Diag   Δtime
---   ---------------   ---------   ---------   ----   ------
  1   -73.34076107603                   -0.73    9.7    10.4s
  2   -73.36189206111       -1.68       -0.94    5.3    6.41s
  3   -73.37183398078       -2.00       -1.25    6.7    8.03s
  4   -73.37405038203       -2.65       -1.71    6.0    7.02s
  5   -73.37425392235       -3.69       -2.55    5.2    6.38s
  6   -73.37425511194       -5.92       -3.18    5.4    6.89s
  7   -73.37425512197       -8.00       -3.75    5.0    6.35s
  8   -73.37425512710       -8.29       -4.12    4.8    6.12s
  9   -73.37425512610   +   -9.00       -4.44    5.3    6.49s
 10   -73.37425512728       -8.93       -5.08    5.1    6.30s
 11   -73.37425512732      -10.38       -5.94    5.1    6.36s
 12   -73.37425512732      -13.37       -6.76    5.4    6.54s
 13   -73.37425512732   +    -Inf       -7.43    5.2    6.60s
     5    -7.337426e+01     5.858900e-08
 * time: 1167.9404668807983
┌ Info: Threading setup: 
│   Threads.nthreads() = 1
│   n_DFTK = 1
│   n_fft = 1
└   n_blas = 1
┌ Info: 2025-05-16T11:19:04.105
│   name = "Si"
│   Ecut = 18.0
│   kgrid = MonkhorstPack([14, 14, 14])
│   p0 = ComponentVector{Float64}(a = 10.347246312603742)
│   temperature = 0.001
└   smearing = DFTK.Smearing.Gaussian()
┌ Info: 2025-05-16T11:23:28.592
│   name = "NaCl"
│   Ecut = 44.0
│   kgrid = MonkhorstPack([13, 13, 13])
│   p0 = ComponentVector{Float64}(a = 10.746130571470083)
│   temperature = 0
└   smearing = DFTK.Smearing.None()
┌ Info: 2025-05-16T11:47:34.989
│   name = "Al"
│   Ecut = 20.0
│   kgrid = MonkhorstPack([18, 18, 18])
│   p0 = ComponentVector{Float64}(a = 7.641925528121933)
│   temperature = 0.001
└   smearing = DFTK.Smearing.Gaussian()
┌ Warning: Eigensolver not converged
│   n_iter =
│    195-element Vector{Int64}:
│     3
│     4
│     3
│     5
│     ⋮
│     3
│     3
│     3
└ @ DFTK ~/.julia/packages/DFTK/n2IL4/src/scf/self_consistent_field.jl:76
┌ Info: 2025-05-16T11:52:29.906
│   name = "V"
│   Ecut = 42.0
│   kgrid = MonkhorstPack([20, 20, 20])
│   p0 = ComponentVector{Float64}(a = 5.699267600684394)
│   temperature = 0.001
└   smearing = DFTK.Smearing.Gaussian()
┌ Warning: Negative ρcore detected: -3.4151886922104144e-8
└ @ DFTK ~/.julia/packages/DFTK/n2IL4/src/terms/xc.jl:39
┌ Warning: Negative ρcore detected: Dual{ForwardDiff.Tag{var"#19#21"{@NamedTuple{ham::Hamiltonian, basis::PlaneWaveBasis{Float64, Float64, DFTK.CPU, FFTGrid{Float64, Float64, Array{StaticArraysCore.SVector{3, Int64}, 3}, Array{StaticArraysCore.SVector{3, Float64}, 3}}, Vector{StaticArraysCore.SVector{3, Int64}}}, energies::Energies{Float64}, converged::Bool, occupation_threshold::Float64, ρ::Array{Float64, 4}, τ::Nothing, α::Float64, eigenvalues::Vector{Vector{Float64}}, occupation::Vector{Vector{Float64}}, εF::Float64, n_bands_converge::Int64, n_iter::Int64, n_matvec::Int64, ψ::Vector{Matrix{ComplexF64}}, diagonalization::Vector{@NamedTuple{λ::Vector{Vector{Float64}}, X::Vector{Matrix{ComplexF64}}, residual_norms::Vector{Vector{Float64}}, n_iter::Vector{Int64}, converged::Bool, n_matvec::Int64}}, stage::Symbol, history_Δρ::Vector{Float64}, history_Etot::Vector{Float64}, timedout::Bool, runtime_ns::UInt64, algorithm::String}, Model{Float64, Float64}, Float64, MonkhorstPack, var"#case#4"{Matrix{Float64}, Float64, MonkhorstPack, Vector{StaticArraysCore.SVector{3, Float64}}, Vector{ElementPsp{PspUpf{Float64, Interpolations.Extrapolation{Float64, 1, Interpolations.GriddedInterpolation{Float64, 1, Vector{Float64}, Interpolations.Gridded{Interpolations.Linear{Interpolations.Throw{Interpolations.OnGrid}}}, Tuple{Vector{Float64}}}, Interpolations.Gridded{Interpolations.Linear{Interpolations.Throw{Interpolations.OnGrid}}}, Interpolations.Throw{Nothing}}}}}, Float64, Float64, String}}, Float64}}(-3.4151886922104144e-8,-1.2413273474001241e-8)
└ @ DFTK ~/.julia/packages/DFTK/n2IL4/src/terms/xc.jl:39
┌ Warning: Negative ρcore detected: -3.140248914196498e-8
└ @ DFTK ~/.julia/packages/DFTK/n2IL4/src/terms/xc.jl:39
┌ Warning: Negative ρcore detected: -3.140248914196498e-8
└ @ DFTK ~/.julia/packages/DFTK/n2IL4/src/terms/xc.jl:39
┌ Warning: Negative ρcore detected: Dual{ForwardDiff.Tag{var"#19#21"{@NamedTuple{ham::Hamiltonian, basis::PlaneWaveBasis{Float64, Float64, DFTK.CPU, FFTGrid{Float64, Float64, Array{StaticArraysCore.SVector{3, Int64}, 3}, Array{StaticArraysCore.SVector{3, Float64}, 3}}, Vector{StaticArraysCore.SVector{3, Int64}}}, energies::Energies{Float64}, converged::Bool, occupation_threshold::Float64, ρ::Array{Float64, 4}, τ::Nothing, α::Float64, eigenvalues::Vector{Vector{Float64}}, occupation::Vector{Vector{Float64}}, εF::Float64, n_bands_converge::Int64, n_iter::Int64, n_matvec::Int64, ψ::Vector{Matrix{ComplexF64}}, diagonalization::Vector{@NamedTuple{λ::Vector{Vector{Float64}}, X::Vector{Matrix{ComplexF64}}, residual_norms::Vector{Vector{Float64}}, n_iter::Vector{Int64}, converged::Bool, n_matvec::Int64}}, stage::Symbol, history_Δρ::Vector{Float64}, history_Etot::Vector{Float64}, timedout::Bool, runtime_ns::UInt64, algorithm::String}, Model{Float64, Float64}, Float64, MonkhorstPack, var"#case#4"{Matrix{Float64}, Float64, MonkhorstPack, Vector{StaticArraysCore.SVector{3, Float64}}, Vector{ElementPsp{PspUpf{Float64, Interpolations.Extrapolation{Float64, 1, Interpolations.GriddedInterpolation{Float64, 1, Vector{Float64}, Interpolations.Gridded{Interpolations.Linear{Interpolations.Throw{Interpolations.OnGrid}}}, Tuple{Vector{Float64}}}, Interpolations.Gridded{Interpolations.Linear{Interpolations.Throw{Interpolations.OnGrid}}}, Interpolations.Throw{Nothing}}}}}, Float64, Float64, String}}, Float64}}(-3.140248914196498e-8,1.8958359286834223e-8)
└ @ DFTK ~/.julia/packages/DFTK/n2IL4/src/terms/xc.jl:39
┌ Warning: Negative ρcore detected: -3.824539244478071e-8
└ @ DFTK ~/.julia/packages/DFTK/n2IL4/src/terms/xc.jl:39
┌ Warning: Negative ρcore detected: -3.824539244478071e-8
└ @ DFTK ~/.julia/packages/DFTK/n2IL4/src/terms/xc.jl:39
┌ Warning: Negative ρcore detected: Dual{ForwardDiff.Tag{var"#19#21"{@NamedTuple{ham::Hamiltonian, basis::PlaneWaveBasis{Float64, Float64, DFTK.CPU, FFTGrid{Float64, Float64, Array{StaticArraysCore.SVector{3, Int64}, 3}, Array{StaticArraysCore.SVector{3, Float64}, 3}}, Vector{StaticArraysCore.SVector{3, Int64}}}, energies::Energies{Float64}, converged::Bool, occupation_threshold::Float64, ρ::Array{Float64, 4}, τ::Nothing, α::Float64, eigenvalues::Vector{Vector{Float64}}, occupation::Vector{Vector{Float64}}, εF::Float64, n_bands_converge::Int64, n_iter::Int64, n_matvec::Int64, ψ::Vector{Matrix{ComplexF64}}, diagonalization::Vector{@NamedTuple{λ::Vector{Vector{Float64}}, X::Vector{Matrix{ComplexF64}}, residual_norms::Vector{Vector{Float64}}, n_iter::Vector{Int64}, converged::Bool, n_matvec::Int64}}, stage::Symbol, history_Δρ::Vector{Float64}, history_Etot::Vector{Float64}, timedout::Bool, runtime_ns::UInt64, algorithm::String}, Model{Float64, Float64}, Float64, MonkhorstPack, var"#case#4"{Matrix{Float64}, Float64, MonkhorstPack, Vector{StaticArraysCore.SVector{3, Float64}}, Vector{ElementPsp{PspUpf{Float64, Interpolations.Extrapolation{Float64, 1, Interpolations.GriddedInterpolation{Float64, 1, Vector{Float64}, Interpolations.Gridded{Interpolations.Linear{Interpolations.Throw{Interpolations.OnGrid}}}, Tuple{Vector{Float64}}}, Interpolations.Gridded{Interpolations.Linear{Interpolations.Throw{Interpolations.OnGrid}}}, Interpolations.Throw{Nothing}}}}}, Float64, Float64, String}}, Float64}}(-3.824539244478071e-8,-1.0733513588009889e-7)
└ @ DFTK ~/.julia/packages/DFTK/n2IL4/src/terms/xc.jl:39
┌ Warning: Negative ρcore detected: -3.7840886072752326e-8
└ @ DFTK ~/.julia/packages/DFTK/n2IL4/src/terms/xc.jl:39
┌ Warning: Negative ρcore detected: -3.7840886072752326e-8
└ @ DFTK ~/.julia/packages/DFTK/n2IL4/src/terms/xc.jl:39
┌ Warning: Negative ρcore detected: Dual{ForwardDiff.Tag{var"#19#21"{@NamedTuple{ham::Hamiltonian, basis::PlaneWaveBasis{Float64, Float64, DFTK.CPU, FFTGrid{Float64, Float64, Array{StaticArraysCore.SVector{3, Int64}, 3}, Array{StaticArraysCore.SVector{3, Float64}, 3}}, Vector{StaticArraysCore.SVector{3, Int64}}}, energies::Energies{Float64}, converged::Bool, occupation_threshold::Float64, ρ::Array{Float64, 4}, τ::Nothing, α::Float64, eigenvalues::Vector{Vector{Float64}}, occupation::Vector{Vector{Float64}}, εF::Float64, n_bands_converge::Int64, n_iter::Int64, n_matvec::Int64, ψ::Vector{Matrix{ComplexF64}}, diagonalization::Vector{@NamedTuple{λ::Vector{Vector{Float64}}, X::Vector{Matrix{ComplexF64}}, residual_norms::Vector{Vector{Float64}}, n_iter::Vector{Int64}, converged::Bool, n_matvec::Int64}}, stage::Symbol, history_Δρ::Vector{Float64}, history_Etot::Vector{Float64}, timedout::Bool, runtime_ns::UInt64, algorithm::String}, Model{Float64, Float64}, Float64, MonkhorstPack, var"#case#4"{Matrix{Float64}, Float64, MonkhorstPack, Vector{StaticArraysCore.SVector{3, Float64}}, Vector{ElementPsp{PspUpf{Float64, Interpolations.Extrapolation{Float64, 1, Interpolations.GriddedInterpolation{Float64, 1, Vector{Float64}, Interpolations.Gridded{Interpolations.Linear{Interpolations.Throw{Interpolations.OnGrid}}}, Tuple{Vector{Float64}}}, Interpolations.Gridded{Interpolations.Linear{Interpolations.Throw{Interpolations.OnGrid}}}, Interpolations.Throw{Nothing}}}}}, Float64, Float64, String}}, Float64}}(-3.7840886072752326e-8,1.1263059084865551e-7)
└ @ DFTK ~/.julia/packages/DFTK/n2IL4/src/terms/xc.jl:39
┌ Warning: Negative ρcore detected: -3.834597465732762e-8
└ @ DFTK ~/.julia/packages/DFTK/n2IL4/src/terms/xc.jl:39
┌ Warning: Negative ρcore detected: -3.834597465732762e-8
└ @ DFTK ~/.julia/packages/DFTK/n2IL4/src/terms/xc.jl:39
┌ Warning: Negative ρcore detected: Dual{ForwardDiff.Tag{var"#19#21"{@NamedTuple{ham::Hamiltonian, basis::PlaneWaveBasis{Float64, Float64, DFTK.CPU, FFTGrid{Float64, Float64, Array{StaticArraysCore.SVector{3, Int64}, 3}, Array{StaticArraysCore.SVector{3, Float64}, 3}}, Vector{StaticArraysCore.SVector{3, Int64}}}, energies::Energies{Float64}, converged::Bool, occupation_threshold::Float64, ρ::Array{Float64, 4}, τ::Nothing, α::Float64, eigenvalues::Vector{Vector{Float64}}, occupation::Vector{Vector{Float64}}, εF::Float64, n_bands_converge::Int64, n_iter::Int64, n_matvec::Int64, ψ::Vector{Matrix{ComplexF64}}, diagonalization::Vector{@NamedTuple{λ::Vector{Vector{Float64}}, X::Vector{Matrix{ComplexF64}}, residual_norms::Vector{Vector{Float64}}, n_iter::Vector{Int64}, converged::Bool, n_matvec::Int64}}, stage::Symbol, history_Δρ::Vector{Float64}, history_Etot::Vector{Float64}, timedout::Bool, runtime_ns::UInt64, algorithm::String}, Model{Float64, Float64}, Float64, MonkhorstPack, var"#case#4"{Matrix{Float64}, Float64, MonkhorstPack, Vector{StaticArraysCore.SVector{3, Float64}}, Vector{ElementPsp{PspUpf{Float64, Interpolations.Extrapolation{Float64, 1, Interpolations.GriddedInterpolation{Float64, 1, Vector{Float64}, Interpolations.Gridded{Interpolations.Linear{Interpolations.Throw{Interpolations.OnGrid}}}, Tuple{Vector{Float64}}}, Interpolations.Gridded{Interpolations.Linear{Interpolations.Throw{Interpolations.OnGrid}}}, Interpolations.Throw{Nothing}}}}}, Float64, Float64, String}}, Float64}}(-3.834597465732762e-8,9.23291976837959e-8)
└ @ DFTK ~/.julia/packages/DFTK/n2IL4/src/terms/xc.jl:39
┌ Warning: Negative ρcore detected: -3.8359187039149495e-8
└ @ DFTK ~/.julia/packages/DFTK/n2IL4/src/terms/xc.jl:39
┌ Warning: Negative ρcore detected: -3.8359187039149495e-8
└ @ DFTK ~/.julia/packages/DFTK/n2IL4/src/terms/xc.jl:39
┌ Warning: Negative ρcore detected: Dual{ForwardDiff.Tag{var"#19#21"{@NamedTuple{ham::Hamiltonian, basis::PlaneWaveBasis{Float64, Float64, DFTK.CPU, FFTGrid{Float64, Float64, Array{StaticArraysCore.SVector{3, Int64}, 3}, Array{StaticArraysCore.SVector{3, Float64}, 3}}, Vector{StaticArraysCore.SVector{3, Int64}}}, energies::Energies{Float64}, converged::Bool, occupation_threshold::Float64, ρ::Array{Float64, 4}, τ::Nothing, α::Float64, eigenvalues::Vector{Vector{Float64}}, occupation::Vector{Vector{Float64}}, εF::Float64, n_bands_converge::Int64, n_iter::Int64, n_matvec::Int64, ψ::Vector{Matrix{ComplexF64}}, diagonalization::Vector{@NamedTuple{λ::Vector{Vector{Float64}}, X::Vector{Matrix{ComplexF64}}, residual_norms::Vector{Vector{Float64}}, n_iter::Vector{Int64}, converged::Bool, n_matvec::Int64}}, stage::Symbol, history_Δρ::Vector{Float64}, history_Etot::Vector{Float64}, timedout::Bool, runtime_ns::UInt64, algorithm::String}, Model{Float64, Float64}, Float64, MonkhorstPack, var"#case#4"{Matrix{Float64}, Float64, MonkhorstPack, Vector{StaticArraysCore.SVector{3, Float64}}, Vector{ElementPsp{PspUpf{Float64, Interpolations.Extrapolation{Float64, 1, Interpolations.GriddedInterpolation{Float64, 1, Vector{Float64}, Interpolations.Gridded{Interpolations.Linear{Interpolations.Throw{Interpolations.OnGrid}}}, Tuple{Vector{Float64}}}, Interpolations.Gridded{Interpolations.Linear{Interpolations.Throw{Interpolations.OnGrid}}}, Interpolations.Throw{Nothing}}}}}, Float64, Float64, String}}, Float64}}(-3.8359187039149495e-8,9.172363332844356e-8)
└ @ DFTK ~/.julia/packages/DFTK/n2IL4/src/terms/xc.jl:39
 * Status: success

 * Candidate solution
    Final objective value:     -7.337426e+01

 * Found with
    Algorithm:     L-BFGS

 * Convergence measures
    |x - x'|               = 1.44e-04 ≰ -1.0e+00
    |x - x'|/|x'|          = 2.63e-05 ≰ 0.0e+00
    |f(x) - f(x')|         = 1.92e-09 ≤ 1.0e-08
    |f(x) - f(x')|/|f(x')| = 2.62e-11 ≰ 0.0e+00
    |g(x)|                 = 5.86e-08 ≤ 1.0e-06

 * Work counters
    Seconds run:   1168  (vs limit Inf)
    Iterations:    5
    f(x) calls:    6
    ∇f(x) calls:   6

V: 1290.026251 seconds (792.83 M allocations: 372.070 GiB, 5.02% gc time, 0.00% compilation time)
