n     Energy            log10(ΔE)   log10(Δρ)   Diag   Δtime
---   ---------------   ---------   ---------   ----   ------
  1   -8.368562889691                   -0.99    7.0    9.77s
  2   -8.371079758185       -2.60       -1.85    1.9    4.14s
  3   -8.371186465767       -3.97       -2.90    4.1    1.90s
  4   -8.371187040086       -6.24       -3.83    4.1    1.57s
  5   -8.371187047802       -8.11       -4.33    4.1    1.78s
  6   -8.371187048937       -8.94       -5.30    3.7    1.66s
  7   -8.371187048956      -10.74       -6.49    4.0    1.53s
  8   -8.371187048956      -13.57       -7.64    3.9    1.82s
Iter     Function value   Gradient norm 
     0    -8.371187e+00     1.536445e-02
 * time: 7.867813110351562e-6
n     Energy            log10(ΔE)   log10(Δρ)   Diag   Δtime
---   ---------------   ---------   ---------   ----   ------
  1   -8.368751046386                   -0.98    7.1    2.48s
  2   -8.371301492248       -2.59       -1.85    2.0    1.06s
  3   -8.371414492606       -3.95       -2.89    4.4    2.00s
  4   -8.371415053550       -6.25       -3.82    4.1    1.86s
  5   -8.371415062457       -8.05       -4.30    4.2    1.62s
  6   -8.371415063704       -8.90       -5.19    3.8    1.78s
  7   -8.371415063733      -10.53       -6.43    4.0    1.58s
  8   -8.371415063734      -13.15       -7.72    4.2    1.91s
n     Energy            log10(ΔE)   log10(Δρ)   Diag   Δtime
---   ---------------   ---------   ---------   ----   ------
  1   -8.368739222390                   -0.98    7.2    2.43s
  2   -8.371297200512       -2.59       -1.85    2.0    1.31s
  3   -8.371414515607       -3.93       -2.89    4.2    1.66s
  4   -8.371415054877       -6.27       -3.83    4.0    1.79s
  5   -8.371415062681       -8.11       -4.34    4.2    1.59s
  6   -8.371415063703       -8.99       -5.19    3.7    1.71s
  7   -8.371415063733      -10.52       -6.31    4.0    1.54s
  8   -8.371415063734      -13.08       -7.75    4.1    1.86s
     1    -8.371415e+00     1.431379e-02
 * time: 40.57761788368225
n     Energy            log10(ΔE)   log10(Δρ)   Diag   Δtime
---   ---------------   ---------   ---------   ----   ------
  1   -8.369656648518                   -0.97    7.0    2.32s
  2   -8.372684312549       -2.52       -1.86    2.0    1.03s
  3   -8.372798562199       -3.94       -2.83    4.3    1.93s
  4   -8.372799127806       -6.25       -3.80    4.1    1.55s
  5   -8.372799134475       -8.18       -4.51    4.0    1.77s
  6   -8.372799134662       -9.73       -5.30    3.7    1.46s
  7   -8.372799134670      -11.10       -6.98    3.8    1.74s
  8   -8.372799134670      -13.55       -8.03    4.8    1.77s
n     Energy            log10(ΔE)   log10(Δρ)   Diag   Δtime
---   ---------------   ---------   ---------   ----   ------
  1   -8.369651446557                   -0.97    7.0    2.37s
  2   -8.372678279380       -2.52       -1.86    2.0    1.05s
  3   -8.372798452060       -3.92       -2.82    4.3    1.96s
  4   -8.372799127641       -6.17       -3.78    4.0    1.57s
  5   -8.372799134457       -8.17       -4.49    3.8    1.79s
  6   -8.372799134662       -9.69       -5.30    3.8    1.49s
  7   -8.372799134670      -11.09       -6.84    3.8    1.79s
  8   -8.372799134670      -13.35       -7.84    4.7    1.74s
     2    -8.372799e+00     1.590203e-03
 * time: 79.16369390487671
n     Energy            log10(ΔE)   log10(Δρ)   Diag   Δtime
---   ---------------   ---------   ---------   ----   ------
  1   -8.369710314412                   -0.97    7.3    2.46s
  2   -8.372699635150       -2.52       -1.87    2.1    1.37s
  3   -8.372813551041       -3.94       -2.83    4.4    1.69s
  4   -8.372814277178       -6.14       -3.82    4.1    1.88s
  5   -8.372814283698       -8.19       -4.48    3.9    1.50s
  6   -8.372814283946       -9.61       -5.36    3.8    1.70s
  7   -8.372814283955      -11.09       -6.48    4.0    1.53s
  8   -8.372814283955      -13.04       -7.98    4.4    1.88s
n     Energy            log10(ΔE)   log10(Δρ)   Diag   Δtime
---   ---------------   ---------   ---------   ----   ------
  1   -8.369709622003                   -0.97    7.2    2.42s
  2   -8.372697677989       -2.52       -1.87    2.1    1.34s
  3   -8.372813636231       -3.94       -2.83    4.4    1.77s
  4   -8.372814276359       -6.19       -3.82    4.2    1.89s
  5   -8.372814283676       -8.14       -4.47    4.1    1.60s
  6   -8.372814283945       -9.57       -5.32    3.8    1.78s
  7   -8.372814283955      -11.01       -6.79    4.0    1.57s
  8   -8.372814283955      -13.30       -8.16    4.8    2.02s
     3    -8.372814e+00     1.371406e-04
 * time: 118.59083890914917
n     Energy            log10(ΔE)   log10(Δρ)   Diag   Δtime
---   ---------------   ---------   ---------   ----   ------
  1   -8.369717237286                   -0.97    7.1    2.39s
  2   -8.372693164376       -2.53       -1.86    1.9    1.04s
  3   -8.372813723213       -3.92       -2.81    4.3    1.96s
  4   -8.372814388716       -6.18       -3.77    3.9    1.56s
  5   -8.372814398551       -8.01       -4.43    4.1    1.80s
  6   -8.372814398890       -9.47       -5.29    3.8    1.45s
  7   -8.372814398901      -10.95       -6.65    3.9    1.77s
  8   -8.372814398901      -13.15       -7.72    4.5    1.68s
n     Energy            log10(ΔE)   log10(Δρ)   Diag   Δtime
---   ---------------   ---------   ---------   ----   ------
  1   -8.369716231014                   -0.97    7.1    2.38s
  2   -8.372690475604       -2.53       -1.86    1.9    1.02s
  3   -8.372813680480       -3.91       -2.81    4.4    1.97s
  4   -8.372814389765       -6.15       -3.76    4.0    1.57s
  5   -8.372814398558       -8.06       -4.42    4.0    1.82s
  6   -8.372814398889       -9.48       -5.28    3.6    1.44s
  7   -8.372814398901      -10.94       -6.65    3.8    1.79s
  8   -8.372814398901      -13.14       -8.13    4.5    1.68s
     4    -8.372814e+00     1.176027e-06
 * time: 156.87188601493835
n     Energy            log10(ΔE)   log10(Δρ)   Diag   Δtime
---   ---------------   ---------   ---------   ----   ------
  1   -8.369713697717                   -0.97    7.2    2.41s
  2   -8.372698266291       -2.53       -1.86    2.0    1.34s
  3   -8.372813757613       -3.94       -2.82    4.3    1.69s
  4   -8.372814390466       -6.20       -3.79    4.1    1.90s
  5   -8.372814398637       -8.09       -4.46    4.0    1.53s
  6   -8.372814398900       -9.58       -5.33    3.7    1.68s
  7   -8.372814398909      -11.03       -6.66    3.9    1.51s
  8   -8.372814398909      -13.17       -8.19    4.5    1.93s
n     Energy            log10(ΔE)   log10(Δρ)   Diag   Δtime
---   ---------------   ---------   ---------   ----   ------
  1   -8.369715311569                   -0.97    7.0    2.36s
  2   -8.372697602139       -2.53       -1.86    2.0    1.32s
  3   -8.372813701186       -3.94       -2.82    4.3    1.68s
  4   -8.372814391728       -6.16       -3.79    3.8    1.81s
  5   -8.372814398658       -8.16       -4.48    4.0    1.54s
  6   -8.372814398900       -9.61       -5.32    3.7    1.76s
  7   -8.372814398909      -11.05       -6.55    3.8    1.51s
  8   -8.372814398909      -13.06       -7.65    4.3    1.92s
     5    -8.372814e+00     1.195909e-09
 * time: 196.0695080757141
 * Status: success

 * Candidate solution
    Final objective value:     -8.372814e+00

 * Found with
    Algorithm:     L-BFGS

 * Convergence measures
    |x - x'|               = 1.44e-05 ≰ -1.0e+00
    |x - x'|/|x'|          = 1.42e-06 ≰ 0.0e+00
    |f(x) - f(x')|         = 8.42e-12 ≤ 1.0e-08
    |f(x) - f(x')|/|f(x')| = 1.01e-12 ≰ 0.0e+00
    |g(x)|                 = 1.20e-09 ≤ 1.0e-06

 * Work counters
    Seconds run:   196  (vs limit Inf)
    Iterations:    5
    f(x) calls:    6
    ∇f(x) calls:   6

Si: 262.946427 seconds (426.11 M allocations: 88.578 GiB, 8.33% gc time, 17.48% compilation time: <1% of which was recompilation)
n     Energy            log10(ΔE)   log10(Δρ)   Diag   Δtime
---   ---------------   ---------   ---------   ----   ------
  1   -61.58972239251                   -1.13    8.3    17.8s
  2   -61.59212004349       -2.62       -1.29    2.9    8.33s
  3   -61.59433673847       -2.65       -2.27    4.2    10.2s
  4   -61.59434342569       -5.17       -2.46    4.2    9.67s
  5   -61.59435748464       -4.85       -3.53    3.2    6.78s
  6   -61.59435752493       -7.39       -4.43    4.2    9.95s
  7   -61.59435752575       -9.08       -5.65    4.0    10.1s
  8   -61.59435752576      -11.31       -6.98    4.3    10.4s
  9   -61.59435752576      -13.37       -7.65    4.0    10.0s
Iter     Function value   Gradient norm 
     0    -6.159436e+01     1.512398e-02
 * time: 5.0067901611328125e-6
n     Energy            log10(ΔE)   log10(Δρ)   Diag   Δtime
---   ---------------   ---------   ---------   ----   ------
  1   -61.58998390126                   -1.13    8.9    17.2s
  2   -61.59236407299       -2.62       -1.30    3.1    8.03s
  3   -61.59456404537       -2.66       -2.27    4.2    10.4s
  4   -61.59457090268       -5.16       -2.46    4.2    9.74s
  5   -61.59458479141       -4.86       -3.54    3.1    7.10s
  6   -61.59458482670       -7.45       -4.48    4.3    10.1s
  7   -61.59458482739       -9.16       -5.58    4.2    10.1s
  8   -61.59458482740      -11.12       -6.86    4.1    10.1s
  9   -61.59458482740      -13.11       -7.63    4.4    10.9s
n     Energy            log10(ΔE)   log10(Δρ)   Diag   Δtime
---   ---------------   ---------   ---------   ----   ------
  1   -61.58998667447                   -1.13    8.8    17.0s
  2   -61.59236366601       -2.62       -1.30    3.1    8.06s
  3   -61.59456405733       -2.66       -2.27    4.2    10.2s
  4   -61.59457095922       -5.16       -2.46    4.3    9.76s
  5   -61.59458478751       -4.86       -3.55    3.1    6.87s
  6   -61.59458482654       -7.41       -4.46    4.3    10.3s
  7   -61.59458482739       -9.07       -5.68    4.0    9.79s
  8   -61.59458482740      -11.31       -6.82    4.2    10.0s
  9   -61.59458482740      -13.55       -7.69    4.3    10.6s
     1    -6.159458e+01     1.493380e-02
 * time: 218.20154309272766
n     Energy            log10(ΔE)   log10(Δρ)   Diag   Δtime
---   ---------------   ---------   ---------   ----   ------
  1   -61.59259364822                   -1.13    8.6    14.3s
  2   -61.59525864175       -2.57       -1.32    3.5    7.97s
  3   -61.59664459453       -2.86       -2.32    4.4    9.13s
  4   -61.59664518827       -6.23       -2.73    4.2    8.76s
  5   -61.59664859019       -5.47       -3.64    3.7    6.75s
  6   -61.59664860144       -7.95       -4.70    4.1    8.83s
  7   -61.59664860153      -10.07       -5.63    4.3    9.33s
  8   -61.59664860153      -11.89       -6.57    4.2    9.01s
  9   -61.59664860153   +  -14.15       -7.87    4.3    9.11s
n     Energy            log10(ΔE)   log10(Δρ)   Diag   Δtime
---   ---------------   ---------   ---------   ----   ------
  1   -61.59259130692                   -1.13    8.7    14.4s
  2   -61.59525905378       -2.57       -1.32    3.4    7.54s
  3   -61.59664465017       -2.86       -2.32    4.4    8.99s
  4   -61.59664519271       -6.27       -2.73    4.1    8.79s
  5   -61.59664859035       -5.47       -3.65    3.6    6.71s
  6   -61.59664860145       -7.95       -4.74    4.1    8.63s
  7   -61.59664860153      -10.10       -5.73    4.3    9.18s
  8   -61.59664860153      -12.08       -6.58    4.2    9.02s
  9   -61.59664860153      -13.55       -7.83    4.2    8.86s
     2    -6.159665e+01     1.914122e-02
 * time: 408.200541973114
n     Energy            log10(ΔE)   log10(Δρ)   Diag   Δtime
---   ---------------   ---------   ---------   ----   ------
  1   -61.59614815334                   -1.13    8.2    14.6s
  2   -61.59854344452       -2.62       -1.32    3.0    7.26s
  3   -61.60016437871       -2.79       -2.33    4.1    8.98s
  4   -61.60016658808       -5.66       -2.56    4.3    8.90s
  5   -61.60017474291       -5.09       -3.60    3.3    6.47s
  6   -61.60017475952       -7.78       -4.79    4.2    8.85s
  7   -61.60017475974       -9.66       -5.61    4.3    9.35s
  8   -61.60017475975      -11.18       -7.03    3.8    8.25s
n     Energy            log10(ΔE)   log10(Δρ)   Diag   Δtime
---   ---------------   ---------   ---------   ----   ------
  1   -61.59614929208                   -1.13    8.3    14.7s
  2   -61.59854167352       -2.62       -1.32    3.2    7.50s
  3   -61.60016424770       -2.79       -2.33    4.2    9.08s
  4   -61.60016655096       -5.64       -2.56    4.2    9.01s
  5   -61.60017474285       -5.09       -3.60    3.3    6.60s
  6   -61.60017475953       -7.78       -4.80    4.1    8.72s
  7   -61.60017475974       -9.68       -5.68    4.3    9.15s
  8   -61.60017475975      -11.35       -7.02    3.9    8.52s
     3    -6.160017e+01     5.502335e-03
 * time: 580.6692399978638
n     Energy            log10(ΔE)   log10(Δρ)   Diag   Δtime
---   ---------------   ---------   ---------   ----   ------
  1   -61.59674228846                   -1.14    8.5    14.4s
  2   -61.59916793881       -2.62       -1.33    3.3    7.58s
  3   -61.60069667500       -2.82       -2.34    4.2    8.98s
  4   -61.60069803290       -5.87       -2.59    4.1    8.69s
  5   -61.60070498453       -5.16       -3.61    3.3    6.35s
  6   -61.60070499882       -7.84       -4.83    4.1    8.65s
  7   -61.60070499900       -9.75       -5.75    4.3    9.00s
  8   -61.60070499900      -11.61       -6.97    4.0    8.69s
  9   -61.60070499900      -14.15       -7.78    4.0    8.67s
n     Energy            log10(ΔE)   log10(Δρ)   Diag   Δtime
---   ---------------   ---------   ---------   ----   ------
  1   -61.59674613072                   -1.14    8.4    14.3s
  2   -61.59917228933       -2.62       -1.33    3.2    7.42s
  3   -61.60069685739       -2.82       -2.34    4.2    9.01s
  4   -61.60069811047       -5.90       -2.59    4.2    8.80s
  5   -61.60070498466       -5.16       -3.62    3.3    6.44s
  6   -61.60070499887       -7.85       -4.86    4.1    8.78s
  7   -61.60070499900       -9.91       -5.75    4.4    9.28s
  8   -61.60070499900      -11.54       -6.90    4.2    8.26s
  9   -61.60070499900   +  -13.85       -7.89    4.4    9.24s
     4    -6.160070e+01     1.500471e-03
 * time: 769.5817279815674
n     Energy            log10(ΔE)   log10(Δρ)   Diag   Δtime
---   ---------------   ---------   ---------   ----   ------
  1   -61.59679981748                   -1.14    8.2    14.4s
  2   -61.59923312546       -2.61       -1.33    3.1    7.32s
  3   -61.60073463798       -2.82       -2.34    4.2    8.99s
  4   -61.60073571744       -5.97       -2.61    4.1    8.89s
  5   -61.60074211948       -5.19       -3.63    3.4    6.56s
  6   -61.60074213299       -7.87       -4.90    4.1    8.86s
  7   -61.60074213311       -9.93       -5.71    4.4    9.23s
  8   -61.60074213311      -11.39       -6.98    3.9    8.25s
  9   -61.60074213311      -13.55       -7.76    4.3    9.34s
n     Energy            log10(ΔE)   log10(Δρ)   Diag   Δtime
---   ---------------   ---------   ---------   ----   ------
  1   -61.59680129952                   -1.14    8.2    14.3s
  2   -61.59923370242       -2.61       -1.33    3.2    7.26s
  3   -61.60073463436       -2.82       -2.34    4.2    8.79s
  4   -61.60073571677       -5.97       -2.61    4.2    8.66s
  5   -61.60074211889       -5.19       -3.63    3.4    6.64s
  6   -61.60074213297       -7.85       -4.89    4.0    8.45s
  7   -61.60074213311       -9.86       -5.72    4.3    9.04s
  8   -61.60074213311      -11.44       -6.96    4.0    8.28s
  9   -61.60074213311      -13.85       -7.72    4.1    8.73s
     5    -6.160074e+01     1.888877e-04
 * time: 956.8674960136414
n     Energy            log10(ΔE)   log10(Δρ)   Diag   Δtime
---   ---------------   ---------   ---------   ----   ------
  1   -61.59679524372                   -1.14    7.9    13.9s
  2   -61.59923475430       -2.61       -1.33    3.1    7.20s
  3   -61.60073509768       -2.82       -2.34    4.2    8.83s
  4   -61.60073616439       -5.97       -2.60    4.1    8.68s
  5   -61.60074269049       -5.19       -3.62    3.3    6.33s
  6   -61.60074270489       -7.84       -4.83    4.1    8.68s
  7   -61.60074270503       -9.85       -5.81    4.2    9.03s
  8   -61.60074270503      -11.71       -6.90    3.8    8.40s
  9   -61.60074270503   +  -13.03       -7.88    4.0    8.83s
n     Energy            log10(ΔE)   log10(Δρ)   Diag   Δtime
---   ---------------   ---------   ---------   ----   ------
  1   -61.59679448339                   -1.14    8.0    13.6s
  2   -61.59923156893       -2.61       -1.33    3.2    7.20s
  3   -61.60073504092       -2.82       -2.34    4.3    8.88s
  4   -61.60073615954       -5.95       -2.60    4.1    8.77s
  5   -61.60074269178       -5.18       -3.62    3.2    6.52s
  6   -61.60074270491       -7.88       -4.87    4.1    8.67s
  7   -61.60074270503       -9.93       -5.77    4.3    9.19s
  8   -61.60074270503      -11.57       -6.86    4.0    7.94s
  9   -61.60074270503      -13.55       -7.90    4.2    8.87s
     6    -6.160074e+01     5.473214e-06
 * time: 1141.8496420383453
n     Energy            log10(ΔE)   log10(Δρ)   Diag   Δtime
---   ---------------   ---------   ---------   ----   ------
  1   -61.59679645326                   -1.14    8.2    14.2s
  2   -61.59923131385       -2.61       -1.33    3.2    7.39s
  3   -61.60073507437       -2.82       -2.34    4.2    8.92s
  4   -61.60073619040       -5.95       -2.60    4.2    8.79s
  5   -61.60074269138       -5.19       -3.63    3.4    6.41s
  6   -61.60074270538       -7.85       -4.87    4.1    8.64s
  7   -61.60074270551       -9.90       -5.77    4.3    9.10s
  8   -61.60074270551      -11.57       -6.89    4.0    8.30s
  9   -61.60074270551      -13.03       -7.86    4.2    9.07s
n     Energy            log10(ΔE)   log10(Δρ)   Diag   Δtime
---   ---------------   ---------   ---------   ----   ------
  1   -61.59679592092                   -1.14    8.1    14.2s
  2   -61.59923569069       -2.61       -1.33    3.1    7.23s
  3   -61.60073520534       -2.82       -2.34    4.2    8.96s
  4   -61.60073624819       -5.98       -2.61    4.2    8.94s
  5   -61.60074269173       -5.19       -3.62    3.3    6.53s
  6   -61.60074270538       -7.86       -4.85    4.1    8.65s
  7   -61.60074270551       -9.90       -5.76    4.2    9.04s
  8   -61.60074270551      -11.56       -6.86    4.0    8.15s
  9   -61.60074270551      -13.85       -7.88    4.3    9.17s
     7    -6.160074e+01     2.196504e-08
 * time: 1330.0616781711578
 * Status: success

 * Candidate solution
    Final objective value:     -6.160074e+01

 * Found with
    Algorithm:     L-BFGS

 * Convergence measures
    |x - x'|               = 1.76e-04 ≰ -1.0e+00
    |x - x'|/|x'|          = 1.76e-05 ≰ 0.0e+00
    |f(x) - f(x')|         = 4.83e-10 ≤ 1.0e-08
    |f(x) - f(x')|/|f(x')| = 7.85e-12 ≰ 0.0e+00
    |g(x)|                 = 2.20e-08 ≤ 1.0e-06

 * Work counters
    Seconds run:   1330  (vs limit Inf)
    Iterations:    7
    f(x) calls:    8
    ∇f(x) calls:   8

NaCl: 1447.170138 seconds (1.43 G allocations: 411.229 GiB, 4.96% gc time, 0.21% compilation time)
n     Energy            log10(ΔE)   log10(Δρ)   Diag   Δtime
---   ---------------   ---------   ---------   ----   ------
  1   -2.304128812026                   -1.40    5.5    1.64s
  2   -2.304456305898       -3.48       -1.83    1.6    770ms
  3   -2.304532384185       -4.12       -3.24    3.7    1.59s
  4   -2.304532810831       -6.37       -3.73    4.2    1.77s
  5   -2.304532817537       -8.17       -4.22    2.6    1.10s
  6   -2.304532818641       -8.96       -4.77    3.0    1.15s
  7   -2.304532818736      -10.02       -5.70    3.0    1.45s
  8   -2.304532818737      -11.83       -6.42    3.5    1.24s
  9   -2.304532818737      -13.63       -7.34    2.9    1.39s
Iter     Function value   Gradient norm 
     0    -2.304533e+00     7.347713e-03
 * time: 2.86102294921875e-6
n     Energy            log10(ΔE)   log10(Δρ)   Diag   Δtime
---   ---------------   ---------   ---------   ----   ------
  1   -2.304179946749                   -1.40    5.5    1.85s
  2   -2.304512150424       -3.48       -1.83    1.7    785ms
  3   -2.304585316850       -4.14       -3.27    3.7    1.56s
  4   -2.304585676497       -6.44       -3.78    4.1    1.42s
  5   -2.304585682064       -8.25       -4.22    2.5    1.25s
  6   -2.304585683142       -8.97       -4.82    3.0    1.10s
  7   -2.304585683220      -10.11       -5.74    3.0    1.36s
  8   -2.304585683221      -11.91       -6.48    3.5    1.24s
  9   -2.304585683221      -13.78       -7.38    3.1    1.38s
n     Energy            log10(ΔE)   log10(Δρ)   Diag   Δtime
---   ---------------   ---------   ---------   ----   ------
  1   -2.304182925102                   -1.40    5.3    1.84s
  2   -2.304510075765       -3.49       -1.83    1.6    750ms
  3   -2.304585258549       -4.12       -3.25    3.7    1.51s
  4   -2.304585675964       -6.38       -3.75    4.1    1.42s
  5   -2.304585682118       -8.21       -4.23    2.6    1.25s
  6   -2.304585683131       -8.99       -4.79    3.0    1.08s
  7   -2.304585683219      -10.05       -5.72    2.8    1.32s
  8   -2.304585683221      -11.81       -6.44    3.6    1.25s
  9   -2.304585683221      -13.68       -7.35    3.0    1.39s
     1    -2.304586e+00     7.041129e-03
 * time: 52.097424030303955
n     Energy            log10(ΔE)   log10(Δρ)   Diag   Δtime
---   ---------------   ---------   ---------   ----   ------
  1   -2.304677804415                   -1.40    5.5    1.86s
  2   -2.304998758249       -3.49       -1.84    1.6    765ms
  3   -2.305068191784       -4.16       -3.32    3.7    1.55s
  4   -2.305068526333       -6.48       -3.85    4.2    1.43s
  5   -2.305068531377       -8.30       -4.32    2.9    1.35s
  6   -2.305068532134       -9.12       -5.23    3.1    1.14s
  7   -2.305068532147      -10.91       -6.03    3.5    1.51s
  8   -2.305068532147      -12.61       -6.84    3.4    1.27s
  9   -2.305068532147      -14.40       -8.02    3.4    1.48s
n     Energy            log10(ΔE)   log10(Δρ)   Diag   Δtime
---   ---------------   ---------   ---------   ----   ------
  1   -2.304679409524                   -1.40    5.5    1.85s
  2   -2.304999562395       -3.49       -1.84    1.7    770ms
  3   -2.305068193636       -4.16       -3.33    3.7    1.53s
  4   -2.305068526354       -6.48       -3.84    4.2    1.44s
  5   -2.305068531403       -8.30       -4.33    2.9    1.30s
  6   -2.305068532134       -9.14       -5.24    3.1    1.09s
  7   -2.305068532147      -10.90       -6.01    3.6    1.50s
  8   -2.305068532147      -12.59       -6.88    3.3    1.20s
  9   -2.305068532147      -14.27       -8.03    3.5    1.50s
     2    -2.305069e+00     1.783277e-03
 * time: 104.50989389419556
n     Energy            log10(ΔE)   log10(Δρ)   Diag   Δtime
---   ---------------   ---------   ---------   ----   ------
  1   -2.304707233555                   -1.40    5.6    1.85s
  2   -2.305028193179       -3.49       -1.84    1.6    757ms
  3   -2.305095485560       -4.17       -3.39    3.8    1.55s
  4   -2.305095803717       -6.50       -3.93    4.3    1.43s
  5   -2.305095806832       -8.51       -4.45    2.9    1.33s
  6   -2.305095807234       -9.40       -5.35    3.2    1.13s
  7   -2.305095807241      -11.18       -6.15    3.6    1.49s
  8   -2.305095807241      -12.76       -6.82    3.4    1.21s
  9   -2.305095807241      -13.89       -8.25    3.4    1.46s
n     Energy            log10(ΔE)   log10(Δρ)   Diag   Δtime
---   ---------------   ---------   ---------   ----   ------
  1   -2.304703555246                   -1.40    5.6    1.85s
  2   -2.305028065450       -3.49       -1.84    1.6    761ms
  3   -2.305095529082       -4.17       -3.40    3.8    1.51s
  4   -2.305095803755       -6.56       -3.93    4.3    1.44s
  5   -2.305095806837       -8.51       -4.46    2.9    1.32s
  6   -2.305095807235       -9.40       -5.36    3.2    1.12s
  7   -2.305095807241      -11.22       -6.15    3.6    1.45s
  8   -2.305095807241      -12.76       -6.85    3.3    1.18s
  9   -2.305095807241      -13.95       -8.23    3.3    1.42s
     3    -2.305096e+00     1.801406e-04
 * time: 156.38487100601196
n     Energy            log10(ΔE)   log10(Δρ)   Diag   Δtime
---   ---------------   ---------   ---------   ----   ------
  1   -2.304707146587                   -1.40    5.6    1.88s
  2   -2.305029203865       -3.49       -1.84    1.6    760ms
  3   -2.305095796599       -4.18       -3.39    3.7    1.53s
  4   -2.305096087553       -6.54       -3.93    4.3    1.47s
  5   -2.305096090804       -8.49       -4.44    2.8    1.30s
  6   -2.305096091240       -9.36       -5.37    3.1    1.12s
  7   -2.305096091246      -11.20       -6.15    3.6    1.47s
  8   -2.305096091246      -12.84       -6.85    3.3    1.22s
  9   -2.305096091246      -14.21       -8.25    3.4    1.47s
n     Energy            log10(ΔE)   log10(Δρ)   Diag   Δtime
---   ---------------   ---------   ---------   ----   ------
  1   -2.304706728720                   -1.40    5.6    1.85s
  2   -2.305027815773       -3.49       -1.84    1.6    758ms
  3   -2.305095781536       -4.17       -3.38    3.8    1.53s
  4   -2.305096087491       -6.51       -3.92    4.3    1.45s
  5   -2.305096090805       -8.48       -4.44    2.9    1.29s
  6   -2.305096091239       -9.36       -5.34    3.2    1.12s
  7   -2.305096091246      -11.16       -6.11    3.5    1.43s
  8   -2.305096091246      -12.75       -6.77    3.3    1.16s
  9   -2.305096091246      -14.05       -8.21    3.3    1.39s
     4    -2.305096e+00     1.292743e-06
 * time: 208.16339683532715
n     Energy            log10(ΔE)   log10(Δρ)   Diag   Δtime
---   ---------------   ---------   ---------   ----   ------
  1   -2.304707056533                   -1.40    5.5    1.90s
  2   -2.305027916457       -3.49       -1.84    1.5    763ms
  3   -2.305095766912       -4.17       -3.38    3.8    1.55s
  4   -2.305096087648       -6.49       -3.92    4.3    1.48s
  5   -2.305096090823       -8.50       -4.44    2.9    1.36s
  6   -2.305096091255       -9.36       -5.34    3.2    1.17s
  7   -2.305096091261      -11.22       -6.11    3.4    1.48s
  8   -2.305096091261      -12.76       -6.79    3.2    1.18s
  9   -2.305096091261      -13.95       -8.19    3.3    1.44s
n     Energy            log10(ΔE)   log10(Δρ)   Diag   Δtime
---   ---------------   ---------   ---------   ----   ------
  1   -2.304707163215                   -1.40    5.6    1.85s
  2   -2.305028298537       -3.49       -1.84    1.7    758ms
  3   -2.305095747037       -4.17       -3.39    3.8    1.51s
  4   -2.305096087692       -6.47       -3.93    4.3    1.41s
  5   -2.305096090835       -8.50       -4.44    3.0    1.31s
  6   -2.305096091253       -9.38       -5.35    3.1    1.09s
  7   -2.305096091261      -11.12       -6.14    3.5    1.46s
  8   -2.305096091261      -12.80       -6.79    3.2    1.17s
  9   -2.305096091261      -13.92       -8.20    3.4    1.47s
     5    -2.305096e+00     1.606296e-09
 * time: 260.3009099960327
 * Status: success

 * Candidate solution
    Final objective value:     -2.305096e+00

 * Found with
    Algorithm:     L-BFGS

 * Convergence measures
    |x - x'|               = 2.26e-05 ≰ -1.0e+00
    |x - x'|/|x'|          = 3.02e-06 ≰ 0.0e+00
    |f(x) - f(x')|         = 1.48e-11 ≤ 1.0e-08
    |f(x) - f(x')|/|f(x')| = 6.44e-12 ≰ 0.0e+00
    |g(x)|                 = 1.61e-09 ≤ 1.0e-06

 * Work counters
    Seconds run:   260  (vs limit Inf)
    Iterations:    5
    f(x) calls:    6
    ∇f(x) calls:   6

Al: 291.744218 seconds (251.22 M allocations: 60.481 GiB, 6.25% gc time, 0.03% compilation time)
n     Energy            log10(ΔE)   log10(Δρ)   Diag   Δtime
---   ---------------   ---------   ---------   ----   ------
  1   -73.32615297448                   -0.70    9.7    9.05s
  2   -73.35315848230       -1.57       -0.91    5.9    5.52s
  3   -73.36559235142       -1.91       -1.20    7.0    6.60s
  4   -73.36850183850       -2.54       -1.57    6.2    5.77s
  5   -73.36892173981       -3.38       -2.37    5.7    5.38s
  6   -73.36892851143       -5.17       -2.96    5.3    5.76s
  7   -73.36892860990       -7.01       -3.43    5.3    5.44s
  8   -73.36892864456       -7.46       -3.83    5.0    5.13s
  9   -73.36892865699       -7.91       -4.42    5.7    5.61s
 10   -73.36892865805       -8.97       -4.75    5.2    5.40s
 11   -73.36892865822       -9.77       -5.63    5.4    5.46s
 12   -73.36892865822   +  -12.81       -6.20    5.4    5.84s
 13   -73.36892865822      -12.59       -6.50    5.9    5.74s
 14   -73.36892865822   +  -13.37       -7.32    5.4    5.37s
Iter     Function value   Gradient norm 
     0    -7.336893e+01     4.078033e-02
 * time: 4.0531158447265625e-6
n     Energy            log10(ΔE)   log10(Δρ)   Diag   Δtime
---   ---------------   ---------   ---------   ----   ------
  1   -73.32927844864                   -0.71    9.7    8.67s
  2   -73.35556314172       -1.58       -0.92    5.7    5.79s
  3   -73.36721580077       -1.93       -1.20    6.9    6.67s
  4   -73.37015651781       -2.53       -1.62    6.2    5.81s
  5   -73.37046391420       -3.51       -2.33    5.4    5.25s
  6   -73.37047528772       -4.94       -3.03    5.3    5.56s
  7   -73.37047521434   +   -7.13       -3.40    5.4    5.50s
  8   -73.37047530287       -7.05       -3.88    5.4    5.38s
  9   -73.37047531286       -8.00       -4.44    5.5    5.55s
 10   -73.37047531304       -9.75       -4.78    4.7    4.99s
 11   -73.37047531324       -9.69       -5.71    5.6    5.45s
 12   -73.37047531324   +  -11.76       -6.51    5.6    5.82s
 13   -73.37047531324   +  -13.85       -6.91    5.9    5.94s
 14   -73.37047531324      -12.73       -7.29    4.6    4.92s
n     Energy            log10(ΔE)   log10(Δρ)   Diag   Δtime
---   ---------------   ---------   ---------   ----   ------
  1   -73.32926154921                   -0.71    9.9    9.24s
  2   -73.35556424158       -1.58       -0.92    5.7    5.55s
  3   -73.36721612848       -1.93       -1.20    6.9    6.76s
  4   -73.37015671515       -2.53       -1.62    6.2    5.87s
  5   -73.37046349752       -3.51       -2.32    5.5    5.36s
  6   -73.37047528784       -4.93       -3.03    5.4    5.75s
  7   -73.37047521631   +   -7.15       -3.40    5.2    5.45s
  8   -73.37047530302       -7.06       -3.88    5.5    5.37s
  9   -73.37047531289       -8.01       -4.44    5.4    5.49s
 10   -73.37047531304       -9.82       -4.78    4.6    4.89s
 11   -73.37047531324       -9.69       -5.69    5.5    5.42s
 12   -73.37047531324   +  -11.69       -6.51    5.7    5.81s
 13   -73.37047531324      -12.94       -6.89    5.8    5.74s
 14   -73.37047531324      -12.67       -7.29    4.7    4.83s
     1    -7.337048e+01     3.499584e-02
 * time: 220.90541911125183
n     Energy            log10(ΔE)   log10(Δρ)   Diag   Δtime
---   ---------------   ---------   ---------   ----   ------
  1   -73.34192132343                   -0.73   10.0    12.6s
  2   -73.36224814374       -1.69       -0.95    5.4    7.71s
  3   -73.37180413126       -2.02       -1.26    6.7    9.28s
  4   -73.37394202692       -2.67       -1.75    6.1    8.29s
  5   -73.37409796131       -3.81       -2.51    5.3    7.61s
  6   -73.37410005670       -5.68       -3.17    5.5    8.19s
  7   -73.37410006898       -7.91       -3.84    5.1    7.51s
  8   -73.37410007346       -8.35       -4.29    5.0    7.40s
  9   -73.37410007319   +   -9.57       -4.70    5.6    7.84s
 10   -73.37410007355       -9.44       -5.75    5.2    7.51s
 11   -73.37410007355      -11.67       -6.36    5.5    8.11s
 12   -73.37410007355   +  -12.40       -6.99    5.5    8.01s
 13   -73.37410007355      -12.67       -8.01    5.4    7.77s
n     Energy            log10(ΔE)   log10(Δρ)   Diag   Δtime
---   ---------------   ---------   ---------   ----   ------
  1   -73.34191892792                   -0.73   10.0    12.5s
  2   -73.36224162014       -1.69       -0.95    5.3    7.52s
  3   -73.37180481921       -2.02       -1.26    6.7    9.51s
  4   -73.37394234263       -2.67       -1.75    5.9    8.26s
  5   -73.37409801856       -3.81       -2.51    5.4    7.60s
  6   -73.37410005055       -5.69       -3.16    5.4    8.06s
  7   -73.37410006834       -7.75       -3.83    5.1    7.57s
  8   -73.37410007345       -8.29       -4.29    5.1    7.51s
  9   -73.37410007320   +   -9.59       -4.71    5.6    7.79s
 10   -73.37410007355       -9.45       -5.77    5.2    7.50s
 11   -73.37410007355      -11.72       -6.37    5.4    8.05s
 12   -73.37410007355   +  -12.47       -7.00    5.6    7.99s
     2    -7.337410e+01     7.833040e-03
 * time: 484.39569997787476
n     Energy            log10(ΔE)   log10(Δρ)   Diag   Δtime
---   ---------------   ---------   ---------   ----   ------
  1   -73.34051467479                   -0.73    9.5    12.3s
  2   -73.36179742151       -1.67       -0.94    5.1    7.55s
  3   -73.37182061924       -2.00       -1.25    6.6    9.51s
  4   -73.37404135338       -2.65       -1.71    5.8    8.21s
  5   -73.37425137919       -3.68       -2.54    5.1    7.65s
  6   -73.37425268233       -5.89       -3.17    5.3    8.21s
  7   -73.37425269003       -8.11       -3.74    4.7    7.34s
  8   -73.37425269495       -8.31       -4.11    4.6    7.15s
  9   -73.37425269401   +   -9.03       -4.44    5.2    7.64s
 10   -73.37425269518       -8.93       -5.04    4.9    7.54s
 11   -73.37425269523      -10.33       -5.87    5.0    7.69s
 12   -73.37425269523      -12.36       -6.78    5.4    8.07s
 13   -73.37425269523      -12.94       -7.33    5.0    7.76s
n     Energy            log10(ΔE)   log10(Δρ)   Diag   Δtime
---   ---------------   ---------   ---------   ----   ------
  1   -73.34053532459                   -0.73    9.5    11.9s
  2   -73.36178418696       -1.67       -0.94    5.1    7.52s
  3   -73.37182255817       -2.00       -1.25    6.6    9.16s
  4   -73.37404042688       -2.65       -1.71    5.8    7.98s
  5   -73.37425158356       -3.68       -2.56    5.2    7.48s
  6   -73.37425267930       -5.96       -3.17    5.3    7.96s
  7   -73.37425269188       -7.90       -3.75    4.8    7.21s
  8   -73.37425269508       -8.50       -4.11    4.5    6.94s
  9   -73.37425269406   +   -8.99       -4.45    5.2    7.43s
 10   -73.37425269517       -8.95       -5.02    4.9    7.22s
 11   -73.37425269523      -10.25       -5.82    4.9    7.43s
 12   -73.37425269523      -12.11       -6.76    5.3    7.64s
 13   -73.37425269523   +    -Inf       -7.31    4.7    7.22s
     3    -7.337425e+01     9.594870e-04
 * time: 750.7762839794159
n     Energy            log10(ΔE)   log10(Δρ)   Diag   Δtime
---   ---------------   ---------   ---------   ----   ------
  1   -73.34072935058                   -0.73    9.5    12.7s
  2   -73.36188465803       -1.67       -0.94    5.2    7.59s
  3   -73.37183655577       -2.00       -1.25    6.6    9.50s
  4   -73.37405006604       -2.65       -1.71    5.9    8.18s
  5   -73.37425373828       -3.69       -2.54    5.3    7.72s
  6   -73.37425511262       -5.86       -3.18    5.4    8.32s
  7   -73.37425511835       -8.24       -3.75    4.8    7.58s
  8   -73.37425512503       -8.18       -4.12    4.8    7.50s
  9   -73.37425512417   +   -9.06       -4.44    5.3    7.85s
 10   -73.37425512537       -8.92       -5.11    5.1    7.62s
 11   -73.37425512540      -10.49       -5.94    5.0    7.61s
 12   -73.37425512540      -13.00       -6.85    5.4    8.04s
 13   -73.37425512540      -13.37       -7.48    4.6    7.40s
n     Energy            log10(ΔE)   log10(Δρ)   Diag   Δtime
---   ---------------   ---------   ---------   ----   ------
  1   -73.34074699074                   -0.73    9.6    12.0s
  2   -73.36187800847       -1.68       -0.94    5.1    7.54s
  3   -73.37183688284       -2.00       -1.25    6.7    9.27s
  4   -73.37404978194       -2.66       -1.71    5.9    8.05s
  5   -73.37425381971       -3.69       -2.54    5.2    7.38s
  6   -73.37425511101       -5.89       -3.17    5.3    7.99s
  7   -73.37425512010       -8.04       -3.75    4.8    7.29s
  8   -73.37425512518       -8.29       -4.13    4.7    7.13s
  9   -73.37425512418   +   -9.00       -4.44    5.2    7.51s
 10   -73.37425512536       -8.93       -5.07    5.0    7.28s
 11   -73.37425512540      -10.38       -5.90    4.9    7.33s
 12   -73.37425512540      -13.00       -6.80    5.3    7.60s
 13   -73.37425512540   +  -13.55       -7.42    4.9    7.41s
     4    -7.337426e+01     2.715733e-05
 * time: 1018.1119689941406
n     Energy            log10(ΔE)   log10(Δρ)   Diag   Δtime
---   ---------------   ---------   ---------   ----   ------
  1   -73.34075523959                   -0.73    9.6    12.6s
  2   -73.36189161319       -1.67       -0.94    5.2    7.58s
  3   -73.37183514232       -2.00       -1.25    6.7    9.47s
  4   -73.37405060871       -2.65       -1.72    5.9    8.38s
  5   -73.37425389111       -3.69       -2.55    5.3    7.84s
  6   -73.37425511427       -5.91       -3.18    5.4    8.23s
  7   -73.37425512195       -8.11       -3.75    4.9    7.50s
  8   -73.37425512707       -8.29       -4.12    4.7    7.31s
  9   -73.37425512610   +   -9.01       -4.44    5.3    7.75s
 10   -73.37425512728       -8.93       -5.08    5.1    7.50s
 11   -73.37425512732      -10.42       -5.94    5.1    7.56s
 12   -73.37425512732      -13.85       -6.80    5.3    7.96s
 13   -73.37425512732      -13.85       -7.46    4.7    7.47s
n     Energy            log10(ΔE)   log10(Δρ)   Diag   Δtime
---   ---------------   ---------   ---------   ----   ------
  1   -73.34075428656                   -0.73    9.6    12.1s
  2   -73.36189454136       -1.67       -0.94    5.2    7.64s
  3   -73.37183601646       -2.00       -1.25    6.7    9.16s
  4   -73.37404985877       -2.65       -1.71    5.9    7.91s
  5   -73.37425386892       -3.69       -2.54    5.3    7.41s
  6   -73.37425511410       -5.90       -3.18    5.4    7.92s
  7   -73.37425512149       -8.13       -3.75    4.9    7.20s
  8   -73.37425512705       -8.25       -4.12    4.8    7.00s
  9   -73.37425512606   +   -9.00       -4.43    5.3    7.08s
 10   -73.37425512728       -8.91       -5.07    5.1    6.78s
 11   -73.37425512732      -10.39       -5.94    5.1    6.80s
 12   -73.37425512732      -13.25       -6.79    5.4    7.24s
 13   -73.37425512732      -13.25       -7.45    5.2    7.22s
     5    -7.337426e+01     5.232660e-08
 * time: 1281.6033279895782
┌ Info: Threading setup: 
│   Threads.nthreads() = 1
│   n_DFTK = 1
│   n_fft = 1
└   n_blas = 1
┌ Info: 2025-05-16T11:18:11.370
│   name = "Si"
│   Ecut = 18.0
│   kgrid = MonkhorstPack([14, 14, 14])
│   p0 = ComponentVector{Float64}(a = 10.347246312603742)
│   temperature = 0.001
└   smearing = DFTK.Smearing.Gaussian()
┌ Info: 2025-05-16T11:22:34.892
│   name = "NaCl"
│   Ecut = 44.0
│   kgrid = MonkhorstPack([13, 13, 13])
│   p0 = ComponentVector{Float64}(a = 10.746130571470083)
│   temperature = 0
└   smearing = DFTK.Smearing.None()
┌ Info: 2025-05-16T11:46:42.091
│   name = "Al"
│   Ecut = 20.0
│   kgrid = MonkhorstPack([18, 18, 18])
│   p0 = ComponentVector{Float64}(a = 7.641925528121933)
│   temperature = 0.001
└   smearing = DFTK.Smearing.Gaussian()
┌ Warning: Eigensolver not converged
│   n_iter =
│    195-element Vector{Int64}:
│     4
│     4
│     3
│     5
│     ⋮
│     4
│     1
│     3
└ @ DFTK ~/.julia/packages/DFTK/n2IL4/src/scf/self_consistent_field.jl:76
┌ Info: 2025-05-16T11:51:33.836
│   name = "V"
│   Ecut = 42.0
│   kgrid = MonkhorstPack([20, 20, 20])
│   p0 = ComponentVector{Float64}(a = 5.699267600684394)
│   temperature = 0.001
└   smearing = DFTK.Smearing.Gaussian()
┌ Warning: Negative ρcore detected: -3.4151886922104144e-8
└ @ DFTK ~/.julia/packages/DFTK/n2IL4/src/terms/xc.jl:39
┌ Warning: Negative ρcore detected: Dual{ForwardDiff.Tag{var"#19#21"{@NamedTuple{ham::Hamiltonian, basis::PlaneWaveBasis{Float64, Float64, DFTK.CPU, FFTGrid{Float64, Float64, Array{StaticArraysCore.SVector{3, Int64}, 3}, Array{StaticArraysCore.SVector{3, Float64}, 3}}, Vector{StaticArraysCore.SVector{3, Int64}}}, energies::Energies{Float64}, converged::Bool, occupation_threshold::Float64, ρ::Array{Float64, 4}, τ::Nothing, α::Float64, eigenvalues::Vector{Vector{Float64}}, occupation::Vector{Vector{Float64}}, εF::Float64, n_bands_converge::Int64, n_iter::Int64, n_matvec::Int64, ψ::Vector{Matrix{ComplexF64}}, diagonalization::Vector{@NamedTuple{λ::Vector{Vector{Float64}}, X::Vector{Matrix{ComplexF64}}, residual_norms::Vector{Vector{Float64}}, n_iter::Vector{Int64}, converged::Bool, n_matvec::Int64}}, stage::Symbol, history_Δρ::Vector{Float64}, history_Etot::Vector{Float64}, timedout::Bool, runtime_ns::UInt64, algorithm::String}, Model{Float64, Float64}, Float64, MonkhorstPack, var"#case#4"{Matrix{Float64}, Float64, MonkhorstPack, Vector{StaticArraysCore.SVector{3, Float64}}, Vector{ElementPsp{PspUpf{Float64, Interpolations.Extrapolation{Float64, 1, Interpolations.GriddedInterpolation{Float64, 1, Vector{Float64}, Interpolations.Gridded{Interpolations.Linear{Interpolations.Throw{Interpolations.OnGrid}}}, Tuple{Vector{Float64}}}, Interpolations.Gridded{Interpolations.Linear{Interpolations.Throw{Interpolations.OnGrid}}}, Interpolations.Throw{Nothing}}}}}, Float64, Float64, String}}, Float64}}(-3.4151886922104144e-8,-1.2413273474001241e-8)
└ @ DFTK ~/.julia/packages/DFTK/n2IL4/src/terms/xc.jl:39
┌ Warning: Negative ρcore detected: -3.140248916708385e-8
└ @ DFTK ~/.julia/packages/DFTK/n2IL4/src/terms/xc.jl:39
┌ Warning: Negative ρcore detected: -3.140248916708385e-8
└ @ DFTK ~/.julia/packages/DFTK/n2IL4/src/terms/xc.jl:39
┌ Warning: Negative ρcore detected: Dual{ForwardDiff.Tag{var"#19#21"{@NamedTuple{ham::Hamiltonian, basis::PlaneWaveBasis{Float64, Float64, DFTK.CPU, FFTGrid{Float64, Float64, Array{StaticArraysCore.SVector{3, Int64}, 3}, Array{StaticArraysCore.SVector{3, Float64}, 3}}, Vector{StaticArraysCore.SVector{3, Int64}}}, energies::Energies{Float64}, converged::Bool, occupation_threshold::Float64, ρ::Array{Float64, 4}, τ::Nothing, α::Float64, eigenvalues::Vector{Vector{Float64}}, occupation::Vector{Vector{Float64}}, εF::Float64, n_bands_converge::Int64, n_iter::Int64, n_matvec::Int64, ψ::Vector{Matrix{ComplexF64}}, diagonalization::Vector{@NamedTuple{λ::Vector{Vector{Float64}}, X::Vector{Matrix{ComplexF64}}, residual_norms::Vector{Vector{Float64}}, n_iter::Vector{Int64}, converged::Bool, n_matvec::Int64}}, stage::Symbol, history_Δρ::Vector{Float64}, history_Etot::Vector{Float64}, timedout::Bool, runtime_ns::UInt64, algorithm::String}, Model{Float64, Float64}, Float64, MonkhorstPack, var"#case#4"{Matrix{Float64}, Float64, MonkhorstPack, Vector{StaticArraysCore.SVector{3, Float64}}, Vector{ElementPsp{PspUpf{Float64, Interpolations.Extrapolation{Float64, 1, Interpolations.GriddedInterpolation{Float64, 1, Vector{Float64}, Interpolations.Gridded{Interpolations.Linear{Interpolations.Throw{Interpolations.OnGrid}}}, Tuple{Vector{Float64}}}, Interpolations.Gridded{Interpolations.Linear{Interpolations.Throw{Interpolations.OnGrid}}}, Interpolations.Throw{Nothing}}}}}, Float64, Float64, String}}, Float64}}(-3.140248916708385e-8,1.8958326588222707e-8)
└ @ DFTK ~/.julia/packages/DFTK/n2IL4/src/terms/xc.jl:39
┌ Warning: Negative ρcore detected: -3.824545309845595e-8
└ @ DFTK ~/.julia/packages/DFTK/n2IL4/src/terms/xc.jl:39
┌ Warning: Negative ρcore detected: -3.824545309845595e-8
└ @ DFTK ~/.julia/packages/DFTK/n2IL4/src/terms/xc.jl:39
┌ Warning: Negative ρcore detected: Dual{ForwardDiff.Tag{var"#19#21"{@NamedTuple{ham::Hamiltonian, basis::PlaneWaveBasis{Float64, Float64, DFTK.CPU, FFTGrid{Float64, Float64, Array{StaticArraysCore.SVector{3, Int64}, 3}, Array{StaticArraysCore.SVector{3, Float64}, 3}}, Vector{StaticArraysCore.SVector{3, Int64}}}, energies::Energies{Float64}, converged::Bool, occupation_threshold::Float64, ρ::Array{Float64, 4}, τ::Nothing, α::Float64, eigenvalues::Vector{Vector{Float64}}, occupation::Vector{Vector{Float64}}, εF::Float64, n_bands_converge::Int64, n_iter::Int64, n_matvec::Int64, ψ::Vector{Matrix{ComplexF64}}, diagonalization::Vector{@NamedTuple{λ::Vector{Vector{Float64}}, X::Vector{Matrix{ComplexF64}}, residual_norms::Vector{Vector{Float64}}, n_iter::Vector{Int64}, converged::Bool, n_matvec::Int64}}, stage::Symbol, history_Δρ::Vector{Float64}, history_Etot::Vector{Float64}, timedout::Bool, runtime_ns::UInt64, algorithm::String}, Model{Float64, Float64}, Float64, MonkhorstPack, var"#case#4"{Matrix{Float64}, Float64, MonkhorstPack, Vector{StaticArraysCore.SVector{3, Float64}}, Vector{ElementPsp{PspUpf{Float64, Interpolations.Extrapolation{Float64, 1, Interpolations.GriddedInterpolation{Float64, 1, Vector{Float64}, Interpolations.Gridded{Interpolations.Linear{Interpolations.Throw{Interpolations.OnGrid}}}, Tuple{Vector{Float64}}}, Interpolations.Gridded{Interpolations.Linear{Interpolations.Throw{Interpolations.OnGrid}}}, Interpolations.Throw{Nothing}}}}}, Float64, Float64, String}}, Float64}}(-3.824545309845595e-8,-1.0733191198588894e-7)
└ @ DFTK ~/.julia/packages/DFTK/n2IL4/src/terms/xc.jl:39
┌ Warning: Negative ρcore detected: -3.7841007676595155e-8
└ @ DFTK ~/.julia/packages/DFTK/n2IL4/src/terms/xc.jl:39
┌ Warning: Negative ρcore detected: -3.7841007676595155e-8
└ @ DFTK ~/.julia/packages/DFTK/n2IL4/src/terms/xc.jl:39
┌ Warning: Negative ρcore detected: Dual{ForwardDiff.Tag{var"#19#21"{@NamedTuple{ham::Hamiltonian, basis::PlaneWaveBasis{Float64, Float64, DFTK.CPU, FFTGrid{Float64, Float64, Array{StaticArraysCore.SVector{3, Int64}, 3}, Array{StaticArraysCore.SVector{3, Float64}, 3}}, Vector{StaticArraysCore.SVector{3, Int64}}}, energies::Energies{Float64}, converged::Bool, occupation_threshold::Float64, ρ::Array{Float64, 4}, τ::Nothing, α::Float64, eigenvalues::Vector{Vector{Float64}}, occupation::Vector{Vector{Float64}}, εF::Float64, n_bands_converge::Int64, n_iter::Int64, n_matvec::Int64, ψ::Vector{Matrix{ComplexF64}}, diagonalization::Vector{@NamedTuple{λ::Vector{Vector{Float64}}, X::Vector{Matrix{ComplexF64}}, residual_norms::Vector{Vector{Float64}}, n_iter::Vector{Int64}, converged::Bool, n_matvec::Int64}}, stage::Symbol, history_Δρ::Vector{Float64}, history_Etot::Vector{Float64}, timedout::Bool, runtime_ns::UInt64, algorithm::String}, Model{Float64, Float64}, Float64, MonkhorstPack, var"#case#4"{Matrix{Float64}, Float64, MonkhorstPack, Vector{StaticArraysCore.SVector{3, Float64}}, Vector{ElementPsp{PspUpf{Float64, Interpolations.Extrapolation{Float64, 1, Interpolations.GriddedInterpolation{Float64, 1, Vector{Float64}, Interpolations.Gridded{Interpolations.Linear{Interpolations.Throw{Interpolations.OnGrid}}}, Tuple{Vector{Float64}}}, Interpolations.Gridded{Interpolations.Linear{Interpolations.Throw{Interpolations.OnGrid}}}, Interpolations.Throw{Nothing}}}}}, Float64, Float64, String}}, Float64}}(-3.7841007676595155e-8,1.1262624867962704e-7)
└ @ DFTK ~/.julia/packages/DFTK/n2IL4/src/terms/xc.jl:39
┌ Warning: Negative ρcore detected: -3.8345986169183886e-8
└ @ DFTK ~/.julia/packages/DFTK/n2IL4/src/terms/xc.jl:39
┌ Warning: Negative ρcore detected: -3.8345986169183886e-8
└ @ DFTK ~/.julia/packages/DFTK/n2IL4/src/terms/xc.jl:39
┌ Warning: Negative ρcore detected: Dual{ForwardDiff.Tag{var"#19#21"{@NamedTuple{ham::Hamiltonian, basis::PlaneWaveBasis{Float64, Float64, DFTK.CPU, FFTGrid{Float64, Float64, Array{StaticArraysCore.SVector{3, Int64}, 3}, Array{StaticArraysCore.SVector{3, Float64}, 3}}, Vector{StaticArraysCore.SVector{3, Int64}}}, energies::Energies{Float64}, converged::Bool, occupation_threshold::Float64, ρ::Array{Float64, 4}, τ::Nothing, α::Float64, eigenvalues::Vector{Vector{Float64}}, occupation::Vector{Vector{Float64}}, εF::Float64, n_bands_converge::Int64, n_iter::Int64, n_matvec::Int64, ψ::Vector{Matrix{ComplexF64}}, diagonalization::Vector{@NamedTuple{λ::Vector{Vector{Float64}}, X::Vector{Matrix{ComplexF64}}, residual_norms::Vector{Vector{Float64}}, n_iter::Vector{Int64}, converged::Bool, n_matvec::Int64}}, stage::Symbol, history_Δρ::Vector{Float64}, history_Etot::Vector{Float64}, timedout::Bool, runtime_ns::UInt64, algorithm::String}, Model{Float64, Float64}, Float64, MonkhorstPack, var"#case#4"{Matrix{Float64}, Float64, MonkhorstPack, Vector{StaticArraysCore.SVector{3, Float64}}, Vector{ElementPsp{PspUpf{Float64, Interpolations.Extrapolation{Float64, 1, Interpolations.GriddedInterpolation{Float64, 1, Vector{Float64}, Interpolations.Gridded{Interpolations.Linear{Interpolations.Throw{Interpolations.OnGrid}}}, Tuple{Vector{Float64}}}, Interpolations.Gridded{Interpolations.Linear{Interpolations.Throw{Interpolations.OnGrid}}}, Interpolations.Throw{Nothing}}}}}, Float64, Float64, String}}, Float64}}(-3.8345986169183886e-8,9.232867855973217e-8)
└ @ DFTK ~/.julia/packages/DFTK/n2IL4/src/terms/xc.jl:39
┌ Warning: Negative ρcore detected: -3.83591854639592e-8
└ @ DFTK ~/.julia/packages/DFTK/n2IL4/src/terms/xc.jl:39
┌ Warning: Negative ρcore detected: -3.83591854639592e-8
└ @ DFTK ~/.julia/packages/DFTK/n2IL4/src/terms/xc.jl:39
┌ Warning: Negative ρcore detected: Dual{ForwardDiff.Tag{var"#19#21"{@NamedTuple{ham::Hamiltonian, basis::PlaneWaveBasis{Float64, Float64, DFTK.CPU, FFTGrid{Float64, Float64, Array{StaticArraysCore.SVector{3, Int64}, 3}, Array{StaticArraysCore.SVector{3, Float64}, 3}}, Vector{StaticArraysCore.SVector{3, Int64}}}, energies::Energies{Float64}, converged::Bool, occupation_threshold::Float64, ρ::Array{Float64, 4}, τ::Nothing, α::Float64, eigenvalues::Vector{Vector{Float64}}, occupation::Vector{Vector{Float64}}, εF::Float64, n_bands_converge::Int64, n_iter::Int64, n_matvec::Int64, ψ::Vector{Matrix{ComplexF64}}, diagonalization::Vector{@NamedTuple{λ::Vector{Vector{Float64}}, X::Vector{Matrix{ComplexF64}}, residual_norms::Vector{Vector{Float64}}, n_iter::Vector{Int64}, converged::Bool, n_matvec::Int64}}, stage::Symbol, history_Δρ::Vector{Float64}, history_Etot::Vector{Float64}, timedout::Bool, runtime_ns::UInt64, algorithm::String}, Model{Float64, Float64}, Float64, MonkhorstPack, var"#case#4"{Matrix{Float64}, Float64, MonkhorstPack, Vector{StaticArraysCore.SVector{3, Float64}}, Vector{ElementPsp{PspUpf{Float64, Interpolations.Extrapolation{Float64, 1, Interpolations.GriddedInterpolation{Float64, 1, Vector{Float64}, Interpolations.Gridded{Interpolations.Linear{Interpolations.Throw{Interpolations.OnGrid}}}, Tuple{Vector{Float64}}}, Interpolations.Gridded{Interpolations.Linear{Interpolations.Throw{Interpolations.OnGrid}}}, Interpolations.Throw{Nothing}}}}}, Float64, Float64, String}}, Float64}}(-3.83591854639592e-8,9.172371089530263e-8)
└ @ DFTK ~/.julia/packages/DFTK/n2IL4/src/terms/xc.jl:39
 * Status: success

 * Candidate solution
    Final objective value:     -7.337426e+01

 * Found with
    Algorithm:     L-BFGS

 * Convergence measures
    |x - x'|               = 1.43e-04 ≰ -1.0e+00
    |x - x'|/|x'|          = 2.63e-05 ≰ 0.0e+00
    |f(x) - f(x')|         = 1.92e-09 ≤ 1.0e-08
    |f(x) - f(x')|/|f(x')| = 2.62e-11 ≰ 0.0e+00
    |g(x)|                 = 5.23e-08 ≤ 1.0e-06

 * Work counters
    Seconds run:   1282  (vs limit Inf)
    Iterations:    5
    f(x) calls:    6
    ∇f(x) calls:   6

V: 1403.657718 seconds (793.57 M allocations: 372.561 GiB, 4.58% gc time, 0.00% compilation time)
