n     Energy            log10(ΔE)   log10(Δρ)   Diag   Δtime
---   ---------------   ---------   ---------   ----   ------
  1   -8.368566158669                   -0.99    7.0    9.71s
  2   -8.371082272207       -2.60       -1.85    2.0    4.17s
  3   -8.371186502922       -3.98       -2.91    4.3    1.93s
  4   -8.371187041655       -6.27       -3.85    4.1    1.59s
  5   -8.371187048021       -8.20       -4.37    4.0    1.83s
  6   -8.371187048941       -9.04       -5.33    3.8    1.45s
  7   -8.371187048956      -10.82       -6.49    4.0    1.75s
  8   -8.371187048956      -13.60       -7.47    3.8    1.73s
Iter     Function value   Gradient norm 
     0    -8.371187e+00     1.536446e-02
 * time: 7.867813110351562e-6
n     Energy            log10(ΔE)   log10(Δρ)   Diag   Δtime
---   ---------------   ---------   ---------   ----   ------
  1   -8.368762033958                   -0.98    7.2    2.47s
  2   -8.371294752639       -2.60       -1.85    1.9    1.04s
  3   -8.371414431524       -3.92       -2.87    4.4    1.98s
  4   -8.371415054356       -6.21       -3.80    4.2    1.90s
  5   -8.371415062625       -8.08       -4.31    4.2    1.64s
  6   -8.371415063746       -8.95       -5.17    3.8    1.81s
  7   -8.371415063778      -10.50       -6.30    3.9    1.56s
  8   -8.371415063778      -13.03       -7.64    4.0    1.92s
n     Energy            log10(ΔE)   log10(Δρ)   Diag   Δtime
---   ---------------   ---------   ---------   ----   ------
  1   -8.368743583619                   -0.98    7.3    2.45s
  2   -8.371291356247       -2.59       -1.85    1.8    1.29s
  3   -8.371414412087       -3.91       -2.88    4.3    1.66s
  4   -8.371415055047       -6.19       -3.81    4.1    1.83s
  5   -8.371415062649       -8.12       -4.32    4.2    1.59s
  6   -8.371415063755       -8.96       -5.26    3.8    1.76s
  7   -8.371415063778      -10.65       -6.43    4.0    1.55s
  8   -8.371415063778      -13.29       -7.71    4.0    1.84s
     1    -8.371415e+00     1.431379e-02
 * time: 40.49022698402405
n     Energy            log10(ΔE)   log10(Δρ)   Diag   Δtime
---   ---------------   ---------   ---------   ----   ------
  1   -8.369649884281                   -0.97    7.1    2.33s
  2   -8.372678447504       -2.52       -1.86    1.8    1.00s
  3   -8.372798502421       -3.92       -2.82    4.3    1.95s
  4   -8.372799128602       -6.20       -3.78    4.0    1.55s
  5   -8.372799135565       -8.16       -4.48    3.9    1.77s
  6   -8.372799135788       -9.65       -5.29    3.6    1.44s
  7   -8.372799135796      -11.06       -6.83    3.7    1.74s
  8   -8.372799135796      -13.45       -7.68    4.6    1.71s
n     Energy            log10(ΔE)   log10(Δρ)   Diag   Δtime
---   ---------------   ---------   ---------   ----   ------
  1   -8.369647329575                   -0.97    6.9    2.35s
  2   -8.372679849103       -2.52       -1.86    1.9    1.03s
  3   -8.372798532615       -3.93       -2.82    4.2    1.94s
  4   -8.372799126899       -6.23       -3.77    4.1    1.60s
  5   -8.372799135516       -8.06       -4.45    3.9    1.83s
  6   -8.372799135786       -9.57       -5.26    3.7    1.47s
  7   -8.372799135796      -10.98       -6.98    3.8    1.81s
  8   -8.372799135796      -13.47       -7.99    4.8    1.80s
     2    -8.372799e+00     1.590145e-03
 * time: 79.07959508895874
n     Energy            log10(ΔE)   log10(Δρ)   Diag   Δtime
---   ---------------   ---------   ---------   ----   ------
  1   -8.369711628122                   -0.97    7.2    2.47s
  2   -8.372703083707       -2.52       -1.87    2.2    1.11s
  3   -8.372813662488       -3.96       -2.83    4.3    1.98s
  4   -8.372814275931       -6.21       -3.82    4.2    1.60s
  5   -8.372814283691       -8.11       -4.47    4.2    1.87s
  6   -8.372814283952       -9.58       -5.35    3.8    1.44s
  7   -8.372814283961      -11.08       -6.66    4.0    1.77s
  8   -8.372814283961      -13.25       -7.90    4.5    1.68s
n     Energy            log10(ΔE)   log10(Δρ)   Diag   Δtime
---   ---------------   ---------   ---------   ----   ------
  1   -8.369714161973                   -0.97    7.3    2.43s
  2   -8.372694890778       -2.53       -1.87    2.2    1.10s
  3   -8.372813579195       -3.93       -2.82    4.5    2.05s
  4   -8.372814275173       -6.16       -3.80    4.2    1.62s
  5   -8.372814283649       -8.07       -4.45    4.1    1.85s
  6   -8.372814283951       -9.52       -5.33    3.7    1.49s
  7   -8.372814283961      -11.03       -6.55    3.9    1.85s
  8   -8.372814283961      -13.12       -8.08    4.4    1.67s
     3    -8.372814e+00     1.371374e-04
 * time: 118.19860005378723
n     Energy            log10(ΔE)   log10(Δρ)   Diag   Δtime
---   ---------------   ---------   ---------   ----   ------
  1   -8.369704586951                   -0.97    7.1    2.39s
  2   -8.372691780096       -2.52       -1.86    2.0    1.08s
  3   -8.372813683700       -3.91       -2.82    4.3    1.98s
  4   -8.372814390521       -6.15       -3.79    4.0    1.59s
  5   -8.372814398611       -8.09       -4.46    3.9    1.79s
  6   -8.372814398890       -9.55       -5.30    3.8    1.44s
  7   -8.372814398901      -10.98       -6.64    3.8    1.75s
  8   -8.372814398901      -13.16       -7.83    4.5    1.68s
n     Energy            log10(ΔE)   log10(Δρ)   Diag   Δtime
---   ---------------   ---------   ---------   ----   ------
  1   -8.369715088697                   -0.97    7.3    2.39s
  2   -8.372694810759       -2.53       -1.86    2.0    1.07s
  3   -8.372813728078       -3.92       -2.82    4.4    1.98s
  4   -8.372814389941       -6.18       -3.79    3.8    1.52s
  5   -8.372814398609       -8.06       -4.46    3.9    1.82s
  6   -8.372814398891       -9.55       -5.32    3.6    1.43s
  7   -8.372814398901      -11.01       -6.71    3.8    1.79s
  8   -8.372814398901      -13.29       -8.15    4.6    1.72s
     4    -8.372814e+00     1.175774e-06
 * time: 157.2554988861084
n     Energy            log10(ΔE)   log10(Δρ)   Diag   Δtime
---   ---------------   ---------   ---------   ----   ------
  1   -8.369698785201                   -0.97    7.2    2.41s
  2   -8.372696290224       -2.52       -1.86    2.0    1.35s
  3   -8.372813805284       -3.93       -2.82    4.4    1.73s
  4   -8.372814390019       -6.23       -3.79    4.0    1.88s
  5   -8.372814398597       -8.07       -4.45    4.0    1.53s
  6   -8.372814398900       -9.52       -5.33    3.7    1.69s
  7   -8.372814398909      -11.04       -6.69    4.0    1.52s
  8   -8.372814398909      -13.21       -7.93    4.6    1.94s
n     Energy            log10(ΔE)   log10(Δρ)   Diag   Δtime
---   ---------------   ---------   ---------   ----   ------
  1   -8.369709329507                   -0.97    7.2    2.38s
  2   -8.372695271590       -2.52       -1.86    1.9    1.31s
  3   -8.372813817613       -3.93       -2.82    4.3    1.68s
  4   -8.372814389352       -6.24       -3.78    4.0    1.84s
  5   -8.372814398584       -8.03       -4.44    3.9    1.55s
  6   -8.372814398899       -9.50       -5.30    3.6    1.72s
  7   -8.372814398909      -10.98       -6.73    3.8    1.52s
  8   -8.372814398909      -13.34       -7.70    4.6    1.99s
     5    -8.372814e+00     8.779715e-10
 * time: 195.63805890083313
 * Status: success

 * Candidate solution
    Final objective value:     -8.372814e+00

 * Found with
    Algorithm:     L-BFGS

 * Convergence measures
    |x - x'|               = 1.44e-05 ≰ -1.0e+00
    |x - x'|/|x'|          = 1.42e-06 ≰ 0.0e+00
    |f(x) - f(x')|         = 8.42e-12 ≤ 1.0e-08
    |f(x) - f(x')|/|f(x')| = 1.01e-12 ≰ 0.0e+00
    |g(x)|                 = 8.78e-10 ≤ 1.0e-06

 * Work counters
    Seconds run:   196  (vs limit Inf)
    Iterations:    5
    f(x) calls:    6
    ∇f(x) calls:   6

Si: 262.513712 seconds (425.90 M allocations: 88.592 GiB, 8.25% gc time, 17.44% compilation time: <1% of which was recompilation)
n     Energy            log10(ΔE)   log10(Δρ)   Diag   Δtime
---   ---------------   ---------   ---------   ----   ------
  1   -61.58972420242                   -1.13    8.2    17.8s
  2   -61.59211606875       -2.62       -1.29    2.9    8.39s
  3   -61.59433651682       -2.65       -2.27    4.2    9.89s
  4   -61.59434339771       -5.16       -2.46    4.2    9.81s
  5   -61.59435748502       -4.85       -3.53    3.3    6.79s
  6   -61.59435752499       -7.40       -4.44    4.3    9.83s
  7   -61.59435752575       -9.12       -5.56    4.0    9.78s
  8   -61.59435752576      -11.17       -6.98    4.1    10.4s
  9   -61.59435752576      -13.45       -7.65    4.2    10.2s
Iter     Function value   Gradient norm 
     0    -6.159436e+01     1.512399e-02
 * time: 5.0067901611328125e-6
n     Energy            log10(ΔE)   log10(Δρ)   Diag   Δtime
---   ---------------   ---------   ---------   ----   ------
  1   -61.58998637262                   -1.13    8.9    17.7s
  2   -61.59236453297       -2.62       -1.30    3.1    8.16s
  3   -61.59456394144       -2.66       -2.27    4.2    10.2s
  4   -61.59457085254       -5.16       -2.46    4.2    10.0s
  5   -61.59458479340       -4.86       -3.54    3.2    6.99s
  6   -61.59458482673       -7.48       -4.48    4.4    10.1s
  7   -61.59458482742       -9.16       -5.59    4.1    10.3s
  8   -61.59458482742      -11.11       -6.80    4.2    10.3s
  9   -61.59458482742   +    -Inf       -7.61    4.3    10.9s
n     Energy            log10(ΔE)   log10(Δρ)   Diag   Δtime
---   ---------------   ---------   ---------   ----   ------
  1   -61.58998075664                   -1.13    8.8    16.9s
  2   -61.59236854156       -2.62       -1.30    3.1    7.88s
  3   -61.59456420007       -2.66       -2.27    4.1    9.82s
  4   -61.59457089664       -5.17       -2.46    4.2    9.94s
  5   -61.59458479098       -4.86       -3.54    3.1    6.89s
  6   -61.59458482670       -7.45       -4.46    4.2    9.85s
  7   -61.59458482742       -9.15       -5.62    4.1    10.2s
  8   -61.59458482742      -11.20       -6.90    4.2    10.1s
  9   -61.59458482742      -13.67       -7.63    4.3    10.2s
     1    -6.159458e+01     1.493380e-02
 * time: 217.76327681541443
n     Energy            log10(ΔE)   log10(Δρ)   Diag   Δtime
---   ---------------   ---------   ---------   ----   ------
  1   -61.59259018896                   -1.13    8.6    13.9s
  2   -61.59526233458       -2.57       -1.32    3.4    7.65s
  3   -61.59664499240       -2.86       -2.32    4.5    9.00s
  4   -61.59664554952       -6.25       -2.72    4.2    8.65s
  5   -61.59664896752       -5.47       -3.64    3.8    6.83s
  6   -61.59664897832       -7.97       -4.64    4.3    8.72s
  7   -61.59664897843       -9.98       -5.77    4.2    8.81s
  8   -61.59664897843      -12.19       -6.42    4.3    9.11s
  9   -61.59664897843      -13.11       -7.93    3.4    7.53s
n     Energy            log10(ΔE)   log10(Δρ)   Diag   Δtime
---   ---------------   ---------   ---------   ----   ------
  1   -61.59259374169                   -1.13    8.6    14.0s
  2   -61.59526094493       -2.57       -1.32    3.4    7.74s
  3   -61.59664503825       -2.86       -2.32    4.5    9.06s
  4   -61.59664556937       -6.27       -2.73    4.1    8.69s
  5   -61.59664896792       -5.47       -3.65    3.8    6.99s
  6   -61.59664897835       -7.98       -4.71    4.2    8.72s
  7   -61.59664897843      -10.11       -5.70    4.3    8.98s
  8   -61.59664897843      -12.00       -6.53    4.2    8.90s
  9   -61.59664897843   +  -13.45       -7.84    4.1    8.57s
     2    -6.159665e+01     1.914019e-02
 * time: 402.4161868095398
n     Energy            log10(ΔE)   log10(Δρ)   Diag   Δtime
---   ---------------   ---------   ---------   ----   ------
  1   -61.59615097534                   -1.13    8.3    14.6s
  2   -61.59854728646       -2.62       -1.32    3.1    7.19s
  3   -61.60016452451       -2.79       -2.33    4.2    8.89s
  4   -61.60016662521       -5.68       -2.56    4.1    8.76s
  5   -61.60017478135       -5.09       -3.60    3.3    6.37s
  6   -61.60017479855       -7.76       -4.79    4.1    8.70s
  7   -61.60017479874       -9.72       -5.73    4.2    9.39s
  8   -61.60017479874      -11.46       -6.93    3.9    8.39s
  9   -61.60017479874   +  -13.55       -7.75    4.1    9.09s
n     Energy            log10(ΔE)   log10(Δρ)   Diag   Δtime
---   ---------------   ---------   ---------   ----   ------
  1   -61.59614895321                   -1.13    8.4    14.7s
  2   -61.59854716416       -2.62       -1.32    3.1    7.41s
  3   -61.60016452894       -2.79       -2.33    4.3    9.23s
  4   -61.60016666778       -5.67       -2.56    4.1    8.96s
  5   -61.60017478115       -5.09       -3.60    3.3    6.53s
  6   -61.60017479854       -7.76       -4.78    4.1    8.85s
  7   -61.60017479874       -9.70       -5.65    4.3    9.30s
  8   -61.60017479874      -11.25       -7.01    4.2    8.13s
     3    -6.160017e+01     5.502147e-03
 * time: 584.2497169971466
n     Energy            log10(ΔE)   log10(Δρ)   Diag   Δtime
---   ---------------   ---------   ---------   ----   ------
  1   -61.59674074451                   -1.14    8.5    14.4s
  2   -61.59916839063       -2.61       -1.33    3.2    7.31s
  3   -61.60069666520       -2.82       -2.34    4.3    8.97s
  4   -61.60069798652       -5.88       -2.59    4.2    8.70s
  5   -61.60070499036       -5.15       -3.62    3.3    6.28s
  6   -61.60070500391       -7.87       -4.85    4.2    8.73s
  7   -61.60070500406       -9.81       -5.81    4.2    8.77s
  8   -61.60070500406      -11.94       -7.00    4.0    8.79s
n     Energy            log10(ΔE)   log10(Δρ)   Diag   Δtime
---   ---------------   ---------   ---------   ----   ------
  1   -61.59674629278                   -1.14    8.5    14.3s
  2   -61.59917182352       -2.62       -1.33    3.3    7.40s
  3   -61.60069675642       -2.82       -2.34    4.3    9.06s
  4   -61.60069807488       -5.88       -2.59    4.1    8.77s
  5   -61.60070499044       -5.16       -3.62    3.4    6.58s
  6   -61.60070500392       -7.87       -4.88    4.2    8.99s
  7   -61.60070500406       -9.86       -5.79    4.4    9.36s
  8   -61.60070500406      -11.68       -7.00    4.0    8.69s
     4    -6.160071e+01     1.500327e-03
 * time: 756.2015678882599
n     Energy            log10(ΔE)   log10(Δρ)   Diag   Δtime
---   ---------------   ---------   ---------   ----   ------
  1   -61.59680087641                   -1.14    8.2    13.9s
  2   -61.59923491422       -2.61       -1.33    3.2    7.37s
  3   -61.60073461603       -2.82       -2.34    4.3    9.01s
  4   -61.60073570483       -5.96       -2.61    4.2    8.71s
  5   -61.60074212005       -5.19       -3.63    3.4    6.38s
  6   -61.60074213351       -7.87       -4.89    4.0    8.42s
  7   -61.60074213363       -9.92       -5.75    4.4    9.13s
  8   -61.60074213363      -11.47       -6.98    3.8    7.97s
  9   -61.60074213363   +  -13.85       -7.80    4.2    8.91s
n     Energy            log10(ΔE)   log10(Δρ)   Diag   Δtime
---   ---------------   ---------   ---------   ----   ------
  1   -61.59680105009                   -1.14    8.2    14.3s
  2   -61.59923461980       -2.61       -1.33    3.1    7.31s
  3   -61.60073462995       -2.82       -2.34    4.2    8.96s
  4   -61.60073572187       -5.96       -2.61    4.1    8.81s
  5   -61.60074212000       -5.19       -3.63    3.4    6.60s
  6   -61.60074213351       -7.87       -4.90    4.1    8.75s
  7   -61.60074213363       -9.94       -5.74    4.4    9.45s
  8   -61.60074213363      -11.47       -6.93    4.1    8.05s
  9   -61.60074213363      -14.15       -7.82    4.2    9.10s
     5    -6.160074e+01     1.888030e-04
 * time: 945.4749279022217
n     Energy            log10(ΔE)   log10(Δρ)   Diag   Δtime
---   ---------------   ---------   ---------   ----   ------
  1   -61.59679512681                   -1.14    8.0    13.6s
  2   -61.59923035162       -2.61       -1.33    3.2    7.27s
  3   -61.60073489659       -2.82       -2.34    4.2    8.80s
  4   -61.60073611492       -5.91       -2.60    4.1    8.61s
  5   -61.60074269018       -5.18       -3.61    3.3    6.34s
  6   -61.60074270485       -7.83       -4.82    4.1    8.67s
  7   -61.60074270502       -9.75       -5.76    4.2    8.90s
  8   -61.60074270503      -11.60       -6.99    3.9    8.37s
  9   -61.60074270503      -13.85       -7.81    3.9    8.52s
n     Energy            log10(ΔE)   log10(Δρ)   Diag   Δtime
---   ---------------   ---------   ---------   ----   ------
  1   -61.59679896164                   -1.14    8.1    13.8s
  2   -61.59923028555       -2.61       -1.33    3.2    7.40s
  3   -61.60073495477       -2.82       -2.34    4.3    9.29s
  4   -61.60073615043       -5.92       -2.60    4.2    8.91s
  5   -61.60074269055       -5.18       -3.61    3.3    6.37s
  6   -61.60074270487       -7.84       -4.83    4.0    8.66s
  7   -61.60074270502       -9.81       -5.76    4.4    9.68s
  8   -61.60074270503      -11.52       -6.94    4.0    8.33s
  9   -61.60074270503   +  -13.19       -7.87    4.2    9.15s
     6    -6.160074e+01     5.480382e-06
 * time: 1130.9581248760223
n     Energy            log10(ΔE)   log10(Δρ)   Diag   Δtime
---   ---------------   ---------   ---------   ----   ------
  1   -61.59679568485                   -1.14    8.3    14.1s
  2   -61.59923310948       -2.61       -1.33    3.2    7.41s
  3   -61.60073492079       -2.82       -2.34    4.2    8.87s
  4   -61.60073605758       -5.94       -2.60    4.1    8.63s
  5   -61.60074269185       -5.18       -3.62    3.3    6.38s
  6   -61.60074270535       -7.87       -4.85    4.1    8.68s
  7   -61.60074270551       -9.79       -5.78    4.1    8.84s
  8   -61.60074270551      -12.02       -6.95    4.0    8.64s
  9   -61.60074270551   +  -13.67       -7.91    3.8    8.49s
n     Energy            log10(ΔE)   log10(Δρ)   Diag   Δtime
---   ---------------   ---------   ---------   ----   ------
  1   -61.59679601979                   -1.14    8.1    14.1s
  2   -61.59923014639       -2.61       -1.33    3.1    7.31s
  3   -61.60073502464       -2.82       -2.34    4.2    9.06s
  4   -61.60073617175       -5.94       -2.60    4.1    8.89s
  5   -61.60074269206       -5.19       -3.62    3.3    6.45s
  6   -61.60074270538       -7.88       -4.87    4.1    8.73s
  7   -61.60074270551       -9.90       -5.77    4.3    9.14s
  8   -61.60074270551      -11.59       -6.99    4.0    8.34s
  9   -61.60074270551   +  -13.67       -7.86    4.2    9.07s
     7    -6.160074e+01     1.788921e-08
 * time: 1319.125510931015
 * Status: success

 * Candidate solution
    Final objective value:     -6.160074e+01

 * Found with
    Algorithm:     L-BFGS

 * Convergence measures
    |x - x'|               = 1.76e-04 ≰ -1.0e+00
    |x - x'|/|x'|          = 1.76e-05 ≰ 0.0e+00
    |f(x) - f(x')|         = 4.84e-10 ≤ 1.0e-08
    |f(x) - f(x')|/|f(x')| = 7.86e-12 ≰ 0.0e+00
    |g(x)|                 = 1.79e-08 ≤ 1.0e-06

 * Work counters
    Seconds run:   1319  (vs limit Inf)
    Iterations:    7
    f(x) calls:    8
    ∇f(x) calls:   8

NaCl: 1436.271347 seconds (1.43 G allocations: 408.934 GiB, 5.01% gc time, 0.21% compilation time)
n     Energy            log10(ΔE)   log10(Δρ)   Diag   Δtime
---   ---------------   ---------   ---------   ----   ------
  1   -2.304124980971                   -1.40    5.5    1.68s
  2   -2.304455102681       -3.48       -1.83    1.6    792ms
  3   -2.304532407787       -4.11       -3.23    3.7    1.58s
  4   -2.304532810846       -6.39       -3.73    4.2    1.48s
  5   -2.304532817537       -8.17       -4.21    2.6    1.28s
  6   -2.304532818640       -8.96       -4.77    2.9    1.07s
  7   -2.304532818735      -10.02       -5.69    3.0    1.38s
  8   -2.304532818737      -11.77       -6.41    3.5    1.26s
  9   -2.304532818737      -13.65       -7.30    2.9    1.13s
Iter     Function value   Gradient norm 
     0    -2.304533e+00     7.347712e-03
 * time: 3.814697265625e-6
n     Energy            log10(ΔE)   log10(Δρ)   Diag   Δtime
---   ---------------   ---------   ---------   ----   ------
  1   -2.304181213323                   -1.40    5.4    1.86s
  2   -2.304509889070       -3.48       -1.83    1.6    761ms
  3   -2.304585295296       -4.12       -3.25    3.7    1.55s
  4   -2.304585675818       -6.42       -3.74    4.1    1.37s
  5   -2.304585682090       -8.20       -4.23    2.6    1.21s
  6   -2.304585683123       -8.99       -4.78    3.0    1.06s
  7   -2.304585683215      -10.04       -5.71    3.0    1.07s
  8   -2.304585683216      -11.84       -6.42    3.5    1.45s
  9   -2.304585683216      -13.63       -7.26    3.0    1.09s
n     Energy            log10(ΔE)   log10(Δρ)   Diag   Δtime
---   ---------------   ---------   ---------   ----   ------
  1   -2.304182281254                   -1.40    5.4    1.88s
  2   -2.304509193363       -3.49       -1.83    1.5    741ms
  3   -2.304585316382       -4.12       -3.24    3.6    1.53s
  4   -2.304585675572       -6.44       -3.74    4.1    1.37s
  5   -2.304585682068       -8.19       -4.22    2.6    1.23s
  6   -2.304585683129       -8.97       -4.79    2.9    1.04s
  7   -2.304585683215      -10.06       -5.70    2.9    1.07s
  8   -2.304585683216      -11.86       -6.44    3.5    1.42s
  9   -2.304585683216      -13.73       -7.30    2.9    1.06s
     1    -2.304586e+00     7.041128e-03
 * time: 51.42676281929016
n     Energy            log10(ΔE)   log10(Δρ)   Diag   Δtime
---   ---------------   ---------   ---------   ----   ------
  1   -2.304683025538                   -1.40    5.6    1.86s
  2   -2.305000140141       -3.50       -1.84    1.5    1.00s
  3   -2.305068155081       -4.17       -3.33    3.7    1.27s
  4   -2.305068527348       -6.43       -3.85    4.3    1.65s
  5   -2.305068532247       -8.31       -4.32    2.9    1.02s
  6   -2.305068532997       -9.13       -5.23    3.1    1.09s
  7   -2.305068533009      -10.91       -6.01    3.5    1.45s
  8   -2.305068533009      -12.60       -6.86    3.4    1.17s
  9   -2.305068533009      -14.24       -8.01    3.5    1.43s
n     Energy            log10(ΔE)   log10(Δρ)   Diag   Δtime
---   ---------------   ---------   ---------   ----   ------
  1   -2.304678037940                   -1.40    5.5    1.87s
  2   -2.305000014923       -3.49       -1.84    1.6    769ms
  3   -2.305068246613       -4.17       -3.34    3.8    1.52s
  4   -2.305068527449       -6.55       -3.86    4.2    1.40s
  5   -2.305068532267       -8.32       -4.33    2.9    1.27s
  6   -2.305068532997       -9.14       -5.25    3.1    1.06s
  7   -2.305068533009      -10.93       -6.03    3.5    1.47s
  8   -2.305068533009      -12.67       -6.88    3.4    1.15s
  9   -2.305068533009      -14.40       -8.00    3.5    1.21s
     2    -2.305069e+00     1.783249e-03
 * time: 102.97170782089233
n     Energy            log10(ΔE)   log10(Δρ)   Diag   Δtime
---   ---------------   ---------   ---------   ----   ------
  1   -2.304704650778                   -1.40    5.6    1.95s
  2   -2.305028247539       -3.49       -1.84    1.6    753ms
  3   -2.305095470912       -4.17       -3.39    3.7    1.53s
  4   -2.305095803722       -6.48       -3.93    4.4    1.44s
  5   -2.305095806839       -8.51       -4.45    3.0    1.06s
  6   -2.305095807242       -9.39       -5.36    3.2    1.35s
  7   -2.305095807248      -11.23       -6.12    3.4    1.18s
  8   -2.305095807248      -12.74       -6.83    3.3    1.39s
  9   -2.305095807248      -13.89       -8.18    3.3    1.15s
n     Energy            log10(ΔE)   log10(Δρ)   Diag   Δtime
---   ---------------   ---------   ---------   ----   ------
  1   -2.304706525975                   -1.40    5.5    1.63s
  2   -2.305029285007       -3.49       -1.84    1.7    1.03s
  3   -2.305095508268       -4.18       -3.40    3.7    1.26s
  4   -2.305095803709       -6.53       -3.93    4.3    1.66s
  5   -2.305095806850       -8.50       -4.46    2.9    1.03s
  6   -2.305095807242       -9.41       -5.35    3.1    1.34s
  7   -2.305095807248      -11.19       -6.14    3.5    1.16s
  8   -2.305095807248      -12.77       -6.82    3.3    1.43s
  9   -2.305095807248      -13.89       -8.20    3.2    1.12s
     3    -2.305096e+00     1.801382e-04
 * time: 154.86470890045166
n     Energy            log10(ΔE)   log10(Δρ)   Diag   Δtime
---   ---------------   ---------   ---------   ----   ------
  1   -2.304708507560                   -1.40    5.6    1.87s
  2   -2.305029026862       -3.49       -1.84    1.7    774ms
  3   -2.305095740840       -4.18       -3.39    3.8    1.53s
  4   -2.305096087588       -6.46       -3.93    4.3    1.42s
  5   -2.305096090798       -8.49       -4.43    3.0    1.29s
  6   -2.305096091239       -9.36       -5.36    3.1    1.08s
  7   -2.305096091246      -11.16       -6.14    3.5    1.44s
  8   -2.305096091246      -12.80       -6.83    3.3    1.20s
  9   -2.305096091246      -14.10       -8.18    3.3    1.14s
n     Energy            log10(ΔE)   log10(Δρ)   Diag   Δtime
---   ---------------   ---------   ---------   ----   ------
  1   -2.304708582299                   -1.40    5.5    1.84s
  2   -2.305028476042       -3.49       -1.84    1.6    755ms
  3   -2.305095742111       -4.17       -3.38    3.7    1.51s
  4   -2.305096087510       -6.46       -3.92    4.3    1.44s
  5   -2.305096090799       -8.48       -4.43    2.9    1.28s
  6   -2.305096091239       -9.36       -5.33    3.1    1.09s
  7   -2.305096091246      -11.15       -6.10    3.4    1.43s
  8   -2.305096091246      -12.74       -6.77    3.3    1.15s
  9   -2.305096091246      -14.05       -8.17    3.3    1.16s
     4    -2.305096e+00     1.292733e-06
 * time: 206.74471592903137
n     Energy            log10(ΔE)   log10(Δρ)   Diag   Δtime
---   ---------------   ---------   ---------   ----   ------
  1   -2.304703406627                   -1.40    5.6    1.90s
  2   -2.305027813755       -3.49       -1.84    1.6    757ms
  3   -2.305095782169       -4.17       -3.38    3.8    1.54s
  4   -2.305096087556       -6.52       -3.92    4.3    1.43s
  5   -2.305096090820       -8.49       -4.44    2.8    1.03s
  6   -2.305096091254       -9.36       -5.35    3.2    1.34s
  7   -2.305096091261      -11.18       -6.13    3.6    1.21s
  8   -2.305096091261      -12.80       -6.80    3.3    1.39s
  9   -2.305096091261      -14.12       -8.24    3.3    1.15s
n     Energy            log10(ΔE)   log10(Δρ)   Diag   Δtime
---   ---------------   ---------   ---------   ----   ------
  1   -2.304704675323                   -1.40    5.6    1.63s
  2   -2.305027882553       -3.49       -1.84    1.6    1.01s
  3   -2.305095783901       -4.17       -3.38    3.8    1.29s
  4   -2.305096087512       -6.52       -3.93    4.3    1.68s
  5   -2.305096090809       -8.48       -4.43    2.9    1.03s
  6   -2.305096091254       -9.35       -5.35    3.2    1.36s
  7   -2.305096091261      -11.19       -6.14    3.5    1.17s
  8   -2.305096091261      -12.80       -6.84    3.3    1.42s
  9   -2.305096091261      -14.15       -8.22    3.3    1.13s
     5    -2.305096e+00     1.535691e-09
 * time: 258.54746198654175
 * Status: success

 * Candidate solution
    Final objective value:     -2.305096e+00

 * Found with
    Algorithm:     L-BFGS

 * Convergence measures
    |x - x'|               = 2.26e-05 ≰ -1.0e+00
    |x - x'|/|x'|          = 3.02e-06 ≰ 0.0e+00
    |f(x) - f(x')|         = 1.48e-11 ≤ 1.0e-08
    |f(x) - f(x')|/|f(x')| = 6.44e-12 ≰ 0.0e+00
    |g(x)|                 = 1.54e-09 ≤ 1.0e-06

 * Work counters
    Seconds run:   259  (vs limit Inf)
    Iterations:    5
    f(x) calls:    6
    ∇f(x) calls:   6

Al: 289.786788 seconds (252.16 M allocations: 60.575 GiB, 6.06% gc time, 0.00% compilation time)
n     Energy            log10(ΔE)   log10(Δρ)   Diag   Δtime
---   ---------------   ---------   ---------   ----   ------
  1   -73.32616093585                   -0.70    9.9    8.82s
  2   -73.35314488284       -1.57       -0.91    5.8    5.47s
  3   -73.36559202678       -1.90       -1.20    7.0    6.61s
  4   -73.36850312593       -2.54       -1.57    6.2    5.87s
  5   -73.36892188908       -3.38       -2.37    5.7    5.33s
  6   -73.36892848301       -5.18       -2.95    5.3    5.49s
  7   -73.36892860440       -6.92       -3.43    5.3    5.38s
  8   -73.36892864340       -7.41       -3.82    5.1    5.17s
  9   -73.36892865707       -7.86       -4.41    5.7    5.64s
 10   -73.36892865805       -9.01       -4.75    5.1    5.29s
 11   -73.36892865822       -9.76       -5.62    5.4    5.32s
 12   -73.36892865822   +  -12.94       -6.23    5.1    5.39s
 13   -73.36892865822      -12.67       -6.53    5.8    5.78s
 14   -73.36892865822      -13.25       -7.33    5.3    5.36s
Iter     Function value   Gradient norm 
     0    -7.336893e+01     4.078033e-02
 * time: 2.86102294921875e-6
n     Energy            log10(ΔE)   log10(Δρ)   Diag   Δtime
---   ---------------   ---------   ---------   ----   ------
  1   -73.32927587557                   -0.71    9.8    8.85s
  2   -73.35555656871       -1.58       -0.92    5.7    5.37s
  3   -73.36721717217       -1.93       -1.20    7.0    6.65s
  4   -73.37015619450       -2.53       -1.62    6.3    5.90s
  5   -73.37046373751       -3.51       -2.32    5.5    5.23s
  6   -73.37047528701       -4.94       -3.03    5.3    5.51s
  7   -73.37047521958   +   -7.17       -3.40    5.4    5.43s
  8   -73.37047530301       -7.08       -3.88    5.5    5.34s
  9   -73.37047531274       -8.01       -4.45    5.5    5.49s
 10   -73.37047531292       -9.74       -4.78    4.7    4.96s
 11   -73.37047531313       -9.69       -5.69    5.6    5.43s
 12   -73.37047531313   +  -11.74       -6.51    5.6    5.77s
 13   -73.37047531313      -13.55       -6.90    5.8    5.73s
 14   -73.37047531313      -12.81       -7.30    4.6    4.91s
n     Energy            log10(ΔE)   log10(Δρ)   Diag   Δtime
---   ---------------   ---------   ---------   ----   ------
  1   -73.32927950445                   -0.71    9.9    9.00s
  2   -73.35556383250       -1.58       -0.92    5.7    5.45s
  3   -73.36721477260       -1.93       -1.20    6.9    6.78s
  4   -73.37015693167       -2.53       -1.62    6.3    5.88s
  5   -73.37046378944       -3.51       -2.33    5.4    5.20s
  6   -73.37047528839       -4.94       -3.04    5.4    5.57s
  7   -73.37047521957   +   -7.16       -3.40    5.3    5.44s
  8   -73.37047530269       -7.08       -3.88    5.5    5.43s
  9   -73.37047531274       -8.00       -4.45    5.4    5.65s
 10   -73.37047531291       -9.77       -4.77    4.6    4.98s
 11   -73.37047531313       -9.67       -5.70    5.5    5.44s
 12   -73.37047531313   +  -11.79       -6.48    5.7    5.83s
 13   -73.37047531313   +    -Inf       -6.88    5.8    5.77s
 14   -73.37047531313      -12.81       -7.28    4.7    4.98s
     1    -7.337048e+01     3.499584e-02
 * time: 219.25698900222778
n     Energy            log10(ΔE)   log10(Δρ)   Diag   Δtime
---   ---------------   ---------   ---------   ----   ------
  1   -73.34190744843                   -0.73   10.0    10.9s
  2   -73.36225350143       -1.69       -0.95    5.4    6.79s
  3   -73.37180357647       -2.02       -1.26    6.7    8.21s
  4   -73.37394266417       -2.67       -1.75    6.1    7.13s
  5   -73.37409785278       -3.81       -2.51    5.3    6.51s
  6   -73.37410005722       -5.66       -3.17    5.4    7.06s
  7   -73.37410006710       -8.01       -3.83    5.0    6.60s
  8   -73.37410007167       -8.34       -4.29    5.0    6.60s
  9   -73.37410007140   +   -9.57       -4.69    5.6    6.89s
 10   -73.37410007178       -9.42       -5.75    5.2    6.53s
 11   -73.37410007178      -11.75       -6.35    5.5    7.01s
 12   -73.37410007178   +  -12.57       -6.94    5.5    7.03s
 13   -73.37410007178      -12.94       -7.90    5.4    6.87s
n     Energy            log10(ΔE)   log10(Δρ)   Diag   Δtime
---   ---------------   ---------   ---------   ----   ------
  1   -73.34191393975                   -0.73   10.0    11.1s
  2   -73.36224486137       -1.69       -0.95    5.3    6.63s
  3   -73.37180463647       -2.02       -1.26    6.8    8.18s
  4   -73.37394219929       -2.67       -1.75    6.1    7.12s
  5   -73.37409793219       -3.81       -2.51    5.3    6.58s
  6   -73.37410005427       -5.67       -3.17    5.4    7.02s
  7   -73.37410006602       -7.93       -3.83    5.1    6.61s
  8   -73.37410007168       -8.25       -4.29    5.1    6.59s
  9   -73.37410007142   +   -9.60       -4.70    5.6    6.90s
 10   -73.37410007178       -9.45       -5.78    5.2    6.59s
 11   -73.37410007178      -11.97       -6.37    5.4    6.94s
 12   -73.37410007178   +  -12.73       -7.01    5.5    6.90s
     2    -7.337410e+01     7.833088e-03
 * time: 456.37043499946594
n     Energy            log10(ΔE)   log10(Δρ)   Diag   Δtime
---   ---------------   ---------   ---------   ----   ------
  1   -73.34051842806                   -0.73    9.5    10.4s
  2   -73.36181269169       -1.67       -0.94    5.2    6.63s
  3   -73.37181825733       -2.00       -1.25    6.6    8.08s
  4   -73.37404232238       -2.65       -1.71    5.9    7.02s
  5   -73.37425142232       -3.68       -2.55    5.2    6.52s
  6   -73.37425268239       -5.90       -3.18    5.4    7.06s
  7   -73.37425269031       -8.10       -3.74    4.7    6.28s
  8   -73.37425269493       -8.34       -4.10    4.6    6.11s
  9   -73.37425269397   +   -9.02       -4.44    5.1    6.64s
 10   -73.37425269514       -8.93       -5.03    5.0    6.37s
 11   -73.37425269519      -10.31       -5.88    5.0    6.40s
 12   -73.37425269519      -12.33       -6.76    5.3    6.78s
 13   -73.37425269519      -13.85       -7.33    4.9    6.64s
n     Energy            log10(ΔE)   log10(Δρ)   Diag   Δtime
---   ---------------   ---------   ---------   ----   ------
  1   -73.34052730572                   -0.73    9.5    10.5s
  2   -73.36179900143       -1.67       -0.94    5.2    6.54s
  3   -73.37182073126       -2.00       -1.25    6.6    8.12s
  4   -73.37404122925       -2.65       -1.71    5.8    6.99s
  5   -73.37425149924       -3.68       -2.55    5.2    6.52s
  6   -73.37425268079       -5.93       -3.17    5.3    7.05s
  7   -73.37425269037       -8.02       -3.75    4.7    6.41s
  8   -73.37425269495       -8.34       -4.11    4.6    6.20s
  9   -73.37425269400   +   -9.02       -4.45    5.2    6.61s
 10   -73.37425269514       -8.94       -5.05    4.9    6.37s
 11   -73.37425269519      -10.32       -5.85    5.0    6.40s
 12   -73.37425269519      -12.20       -6.78    5.2    6.83s
 13   -73.37425269519      -13.25       -7.33    4.6    6.43s
     3    -7.337425e+01     9.594971e-04
 * time: 694.4304769039154
n     Energy            log10(ΔE)   log10(Δρ)   Diag   Δtime
---   ---------------   ---------   ---------   ----   ------
  1   -73.34073079851                   -0.73    9.6    10.6s
  2   -73.36188840931       -1.67       -0.94    5.1    6.58s
  3   -73.37183622707       -2.00       -1.25    6.6    8.07s
  4   -73.37405046535       -2.65       -1.71    5.9    6.97s
  5   -73.37425382147       -3.69       -2.54    5.2    6.50s
  6   -73.37425511116       -5.89       -3.18    5.4    7.04s
  7   -73.37425511864       -8.13       -3.75    4.9    6.43s
  8   -73.37425512507       -8.19       -4.12    4.8    6.31s
  9   -73.37425512417   +   -9.04       -4.44    5.2    6.67s
 10   -73.37425512537       -8.92       -5.10    5.1    6.46s
 11   -73.37425512540      -10.44       -5.94    5.1    6.57s
 12   -73.37425512540      -13.25       -6.80    5.3    6.77s
 13   -73.37425512540   +    -Inf       -7.44    5.2    6.91s
n     Energy            log10(ΔE)   log10(Δρ)   Diag   Δtime
---   ---------------   ---------   ---------   ----   ------
  1   -73.34075102285                   -0.73    9.6    10.8s
  2   -73.36187640630       -1.68       -0.94    5.2    6.64s
  3   -73.37183755321       -2.00       -1.25    6.7    8.34s
  4   -73.37404895951       -2.66       -1.71    5.8    7.08s
  5   -73.37425388934       -3.69       -2.55    5.3    6.64s
  6   -73.37425511094       -5.91       -3.18    5.4    7.13s
  7   -73.37425511993       -8.05       -3.75    4.9    6.50s
  8   -73.37425512518       -8.28       -4.13    4.7    6.41s
  9   -73.37425512417   +   -8.99       -4.44    5.3    6.76s
 10   -73.37425512536       -8.92       -5.08    5.0    6.44s
 11   -73.37425512540      -10.38       -5.91    5.0    6.55s
 12   -73.37425512540      -12.77       -6.79    5.3    6.83s
 13   -73.37425512540      -13.25       -7.38    5.3    7.12s
     4    -7.337426e+01     2.714647e-05
 * time: 935.7738828659058
n     Energy            log10(ΔE)   log10(Δρ)   Diag   Δtime
---   ---------------   ---------   ---------   ----   ------
  1   -73.34075263109                   -0.73    9.6    10.6s
  2   -73.36188649664       -1.68       -0.94    5.2    6.71s
  3   -73.37183656895       -2.00       -1.25    6.7    8.13s
  4   -73.37404985562       -2.65       -1.71    5.9    6.96s
  5   -73.37425388043       -3.69       -2.55    5.4    6.47s
  6   -73.37425511300       -5.91       -3.18    5.4    6.99s
  7   -73.37425512178       -8.06       -3.75    5.0    6.36s
  8   -73.37425512709       -8.28       -4.12    4.7    6.12s
  9   -73.37425512608   +   -9.00       -4.44    5.2    6.46s
 10   -73.37425512728       -8.92       -5.08    5.1    6.43s
 11   -73.37425512732      -10.40       -5.91    5.0    6.58s
 12   -73.37425512732      -13.15       -6.80    5.4    6.91s
 13   -73.37425512732      -13.07       -7.41    5.0    6.80s
n     Energy            log10(ΔE)   log10(Δρ)   Diag   Δtime
---   ---------------   ---------   ---------   ----   ------
  1   -73.34075441751                   -0.73    9.7    11.0s
  2   -73.36188772866       -1.68       -0.94    5.4    6.79s
  3   -73.37183676747       -2.00       -1.25    6.7    8.42s
  4   -73.37405038101       -2.65       -1.72    6.0    7.30s
  5   -73.37425382678       -3.69       -2.54    5.3    6.65s
  6   -73.37425511502       -5.89       -3.18    5.4    7.16s
  7   -73.37425512293       -8.10       -3.75    4.8    6.48s
  8   -73.37425512712       -8.38       -4.12    4.7    6.28s
  9   -73.37425512610   +   -8.99       -4.44    5.2    6.64s
 10   -73.37425512728       -8.93       -5.05    5.1    6.58s
 11   -73.37425512732      -10.37       -5.92    5.0    6.66s
 12   -73.37425512732      -13.85       -6.79    5.3    7.01s
 13   -73.37425512732      -13.15       -7.44    4.9    6.88s
     5    -7.337426e+01     3.951146e-08
 * time: 1177.5970408916473
┌ Info: Threading setup: 
│   Threads.nthreads() = 1
│   n_DFTK = 1
│   n_fft = 1
└   n_blas = 1
┌ Info: 2025-05-16T11:18:11.231
│   name = "Si"
│   Ecut = 18.0
│   kgrid = MonkhorstPack([14, 14, 14])
│   p0 = ComponentVector{Float64}(a = 10.347246312603742)
│   temperature = 0.001
└   smearing = DFTK.Smearing.Gaussian()
┌ Info: 2025-05-16T11:22:34.296
│   name = "NaCl"
│   Ecut = 44.0
│   kgrid = MonkhorstPack([13, 13, 13])
│   p0 = ComponentVector{Float64}(a = 10.746130571470083)
│   temperature = 0
└   smearing = DFTK.Smearing.None()
┌ Info: 2025-05-16T11:46:30.599
│   name = "Al"
│   Ecut = 20.0
│   kgrid = MonkhorstPack([18, 18, 18])
│   p0 = ComponentVector{Float64}(a = 7.641925528121933)
│   temperature = 0.001
└   smearing = DFTK.Smearing.Gaussian()
┌ Info: 2025-05-16T11:51:20.386
│   name = "V"
│   Ecut = 42.0
│   kgrid = MonkhorstPack([20, 20, 20])
│   p0 = ComponentVector{Float64}(a = 5.699267600684394)
│   temperature = 0.001
└   smearing = DFTK.Smearing.Gaussian()
┌ Warning: Negative ρcore detected: -3.4151886922104144e-8
└ @ DFTK ~/.julia/packages/DFTK/n2IL4/src/terms/xc.jl:39
┌ Warning: Negative ρcore detected: Dual{ForwardDiff.Tag{var"#19#21"{@NamedTuple{ham::Hamiltonian, basis::PlaneWaveBasis{Float64, Float64, DFTK.CPU, FFTGrid{Float64, Float64, Array{StaticArraysCore.SVector{3, Int64}, 3}, Array{StaticArraysCore.SVector{3, Float64}, 3}}, Vector{StaticArraysCore.SVector{3, Int64}}}, energies::Energies{Float64}, converged::Bool, occupation_threshold::Float64, ρ::Array{Float64, 4}, τ::Nothing, α::Float64, eigenvalues::Vector{Vector{Float64}}, occupation::Vector{Vector{Float64}}, εF::Float64, n_bands_converge::Int64, n_iter::Int64, n_matvec::Int64, ψ::Vector{Matrix{ComplexF64}}, diagonalization::Vector{@NamedTuple{λ::Vector{Vector{Float64}}, X::Vector{Matrix{ComplexF64}}, residual_norms::Vector{Vector{Float64}}, n_iter::Vector{Int64}, converged::Bool, n_matvec::Int64}}, stage::Symbol, history_Δρ::Vector{Float64}, history_Etot::Vector{Float64}, timedout::Bool, runtime_ns::UInt64, algorithm::String}, Model{Float64, Float64}, Float64, MonkhorstPack, var"#case#4"{Matrix{Float64}, Float64, MonkhorstPack, Vector{StaticArraysCore.SVector{3, Float64}}, Vector{ElementPsp{PspUpf{Float64, Interpolations.Extrapolation{Float64, 1, Interpolations.GriddedInterpolation{Float64, 1, Vector{Float64}, Interpolations.Gridded{Interpolations.Linear{Interpolations.Throw{Interpolations.OnGrid}}}, Tuple{Vector{Float64}}}, Interpolations.Gridded{Interpolations.Linear{Interpolations.Throw{Interpolations.OnGrid}}}, Interpolations.Throw{Nothing}}}}}, Float64, Float64, String}}, Float64}}(-3.4151886922104144e-8,-1.2413273474001241e-8)
└ @ DFTK ~/.julia/packages/DFTK/n2IL4/src/terms/xc.jl:39
┌ Warning: Negative ρcore detected: -3.140248917369463e-8
└ @ DFTK ~/.julia/packages/DFTK/n2IL4/src/terms/xc.jl:39
┌ Warning: Negative ρcore detected: -3.140248917369463e-8
└ @ DFTK ~/.julia/packages/DFTK/n2IL4/src/terms/xc.jl:39
┌ Warning: Negative ρcore detected: Dual{ForwardDiff.Tag{var"#19#21"{@NamedTuple{ham::Hamiltonian, basis::PlaneWaveBasis{Float64, Float64, DFTK.CPU, FFTGrid{Float64, Float64, Array{StaticArraysCore.SVector{3, Int64}, 3}, Array{StaticArraysCore.SVector{3, Float64}, 3}}, Vector{StaticArraysCore.SVector{3, Int64}}}, energies::Energies{Float64}, converged::Bool, occupation_threshold::Float64, ρ::Array{Float64, 4}, τ::Nothing, α::Float64, eigenvalues::Vector{Vector{Float64}}, occupation::Vector{Vector{Float64}}, εF::Float64, n_bands_converge::Int64, n_iter::Int64, n_matvec::Int64, ψ::Vector{Matrix{ComplexF64}}, diagonalization::Vector{@NamedTuple{λ::Vector{Vector{Float64}}, X::Vector{Matrix{ComplexF64}}, residual_norms::Vector{Vector{Float64}}, n_iter::Vector{Int64}, converged::Bool, n_matvec::Int64}}, stage::Symbol, history_Δρ::Vector{Float64}, history_Etot::Vector{Float64}, timedout::Bool, runtime_ns::UInt64, algorithm::String}, Model{Float64, Float64}, Float64, MonkhorstPack, var"#case#4"{Matrix{Float64}, Float64, MonkhorstPack, Vector{StaticArraysCore.SVector{3, Float64}}, Vector{ElementPsp{PspUpf{Float64, Interpolations.Extrapolation{Float64, 1, Interpolations.GriddedInterpolation{Float64, 1, Vector{Float64}, Interpolations.Gridded{Interpolations.Linear{Interpolations.Throw{Interpolations.OnGrid}}}, Tuple{Vector{Float64}}}, Interpolations.Gridded{Interpolations.Linear{Interpolations.Throw{Interpolations.OnGrid}}}, Interpolations.Throw{Nothing}}}}}, Float64, Float64, String}}, Float64}}(-3.140248917369463e-8,1.8958339426568435e-8)
└ @ DFTK ~/.julia/packages/DFTK/n2IL4/src/terms/xc.jl:39
┌ Warning: Negative ρcore detected: -3.824542900580812e-8
└ @ DFTK ~/.julia/packages/DFTK/n2IL4/src/terms/xc.jl:39
┌ Warning: Negative ρcore detected: -3.824542900580812e-8
└ @ DFTK ~/.julia/packages/DFTK/n2IL4/src/terms/xc.jl:39
┌ Warning: Negative ρcore detected: Dual{ForwardDiff.Tag{var"#19#21"{@NamedTuple{ham::Hamiltonian, basis::PlaneWaveBasis{Float64, Float64, DFTK.CPU, FFTGrid{Float64, Float64, Array{StaticArraysCore.SVector{3, Int64}, 3}, Array{StaticArraysCore.SVector{3, Float64}, 3}}, Vector{StaticArraysCore.SVector{3, Int64}}}, energies::Energies{Float64}, converged::Bool, occupation_threshold::Float64, ρ::Array{Float64, 4}, τ::Nothing, α::Float64, eigenvalues::Vector{Vector{Float64}}, occupation::Vector{Vector{Float64}}, εF::Float64, n_bands_converge::Int64, n_iter::Int64, n_matvec::Int64, ψ::Vector{Matrix{ComplexF64}}, diagonalization::Vector{@NamedTuple{λ::Vector{Vector{Float64}}, X::Vector{Matrix{ComplexF64}}, residual_norms::Vector{Vector{Float64}}, n_iter::Vector{Int64}, converged::Bool, n_matvec::Int64}}, stage::Symbol, history_Δρ::Vector{Float64}, history_Etot::Vector{Float64}, timedout::Bool, runtime_ns::UInt64, algorithm::String}, Model{Float64, Float64}, Float64, MonkhorstPack, var"#case#4"{Matrix{Float64}, Float64, MonkhorstPack, Vector{StaticArraysCore.SVector{3, Float64}}, Vector{ElementPsp{PspUpf{Float64, Interpolations.Extrapolation{Float64, 1, Interpolations.GriddedInterpolation{Float64, 1, Vector{Float64}, Interpolations.Gridded{Interpolations.Linear{Interpolations.Throw{Interpolations.OnGrid}}}, Tuple{Vector{Float64}}}, Interpolations.Gridded{Interpolations.Linear{Interpolations.Throw{Interpolations.OnGrid}}}, Interpolations.Throw{Nothing}}}}}, Float64, Float64, String}}, Float64}}(-3.824542900580812e-8,-1.0733320288121125e-7)
└ @ DFTK ~/.julia/packages/DFTK/n2IL4/src/terms/xc.jl:39
┌ Warning: Negative ρcore detected: -3.784100310642402e-8
└ @ DFTK ~/.julia/packages/DFTK/n2IL4/src/terms/xc.jl:39
┌ Warning: Negative ρcore detected: -3.784100310642402e-8
└ @ DFTK ~/.julia/packages/DFTK/n2IL4/src/terms/xc.jl:39
┌ Warning: Negative ρcore detected: Dual{ForwardDiff.Tag{var"#19#21"{@NamedTuple{ham::Hamiltonian, basis::PlaneWaveBasis{Float64, Float64, DFTK.CPU, FFTGrid{Float64, Float64, Array{StaticArraysCore.SVector{3, Int64}, 3}, Array{StaticArraysCore.SVector{3, Float64}, 3}}, Vector{StaticArraysCore.SVector{3, Int64}}}, energies::Energies{Float64}, converged::Bool, occupation_threshold::Float64, ρ::Array{Float64, 4}, τ::Nothing, α::Float64, eigenvalues::Vector{Vector{Float64}}, occupation::Vector{Vector{Float64}}, εF::Float64, n_bands_converge::Int64, n_iter::Int64, n_matvec::Int64, ψ::Vector{Matrix{ComplexF64}}, diagonalization::Vector{@NamedTuple{λ::Vector{Vector{Float64}}, X::Vector{Matrix{ComplexF64}}, residual_norms::Vector{Vector{Float64}}, n_iter::Vector{Int64}, converged::Bool, n_matvec::Int64}}, stage::Symbol, history_Δρ::Vector{Float64}, history_Etot::Vector{Float64}, timedout::Bool, runtime_ns::UInt64, algorithm::String}, Model{Float64, Float64}, Float64, MonkhorstPack, var"#case#4"{Matrix{Float64}, Float64, MonkhorstPack, Vector{StaticArraysCore.SVector{3, Float64}}, Vector{ElementPsp{PspUpf{Float64, Interpolations.Extrapolation{Float64, 1, Interpolations.GriddedInterpolation{Float64, 1, Vector{Float64}, Interpolations.Gridded{Interpolations.Linear{Interpolations.Throw{Interpolations.OnGrid}}}, Tuple{Vector{Float64}}}, Interpolations.Gridded{Interpolations.Linear{Interpolations.Throw{Interpolations.OnGrid}}}, Interpolations.Throw{Nothing}}}}}, Float64, Float64, String}}, Float64}}(-3.784100310642402e-8,1.1262640979424365e-7)
└ @ DFTK ~/.julia/packages/DFTK/n2IL4/src/terms/xc.jl:39
┌ Warning: Negative ρcore detected: -3.834598664022549e-8
└ @ DFTK ~/.julia/packages/DFTK/n2IL4/src/terms/xc.jl:39
┌ Warning: Negative ρcore detected: -3.834598664022549e-8
└ @ DFTK ~/.julia/packages/DFTK/n2IL4/src/terms/xc.jl:39
┌ Warning: Negative ρcore detected: Dual{ForwardDiff.Tag{var"#19#21"{@NamedTuple{ham::Hamiltonian, basis::PlaneWaveBasis{Float64, Float64, DFTK.CPU, FFTGrid{Float64, Float64, Array{StaticArraysCore.SVector{3, Int64}, 3}, Array{StaticArraysCore.SVector{3, Float64}, 3}}, Vector{StaticArraysCore.SVector{3, Int64}}}, energies::Energies{Float64}, converged::Bool, occupation_threshold::Float64, ρ::Array{Float64, 4}, τ::Nothing, α::Float64, eigenvalues::Vector{Vector{Float64}}, occupation::Vector{Vector{Float64}}, εF::Float64, n_bands_converge::Int64, n_iter::Int64, n_matvec::Int64, ψ::Vector{Matrix{ComplexF64}}, diagonalization::Vector{@NamedTuple{λ::Vector{Vector{Float64}}, X::Vector{Matrix{ComplexF64}}, residual_norms::Vector{Vector{Float64}}, n_iter::Vector{Int64}, converged::Bool, n_matvec::Int64}}, stage::Symbol, history_Δρ::Vector{Float64}, history_Etot::Vector{Float64}, timedout::Bool, runtime_ns::UInt64, algorithm::String}, Model{Float64, Float64}, Float64, MonkhorstPack, var"#case#4"{Matrix{Float64}, Float64, MonkhorstPack, Vector{StaticArraysCore.SVector{3, Float64}}, Vector{ElementPsp{PspUpf{Float64, Interpolations.Extrapolation{Float64, 1, Interpolations.GriddedInterpolation{Float64, 1, Vector{Float64}, Interpolations.Gridded{Interpolations.Linear{Interpolations.Throw{Interpolations.OnGrid}}}, Tuple{Vector{Float64}}}, Interpolations.Gridded{Interpolations.Linear{Interpolations.Throw{Interpolations.OnGrid}}}, Interpolations.Throw{Nothing}}}}}, Float64, Float64, String}}, Float64}}(-3.834598664022549e-8,9.232864326773471e-8)
└ @ DFTK ~/.julia/packages/DFTK/n2IL4/src/terms/xc.jl:39
┌ Warning: Negative ρcore detected: -3.8359180931239574e-8
└ @ DFTK ~/.julia/packages/DFTK/n2IL4/src/terms/xc.jl:39
┌ Warning: Negative ρcore detected: -3.8359180931239574e-8
└ @ DFTK ~/.julia/packages/DFTK/n2IL4/src/terms/xc.jl:39
┌ Warning: Negative ρcore detected: Dual{ForwardDiff.Tag{var"#19#21"{@NamedTuple{ham::Hamiltonian, basis::PlaneWaveBasis{Float64, Float64, DFTK.CPU, FFTGrid{Float64, Float64, Array{StaticArraysCore.SVector{3, Int64}, 3}, Array{StaticArraysCore.SVector{3, Float64}, 3}}, Vector{StaticArraysCore.SVector{3, Int64}}}, energies::Energies{Float64}, converged::Bool, occupation_threshold::Float64, ρ::Array{Float64, 4}, τ::Nothing, α::Float64, eigenvalues::Vector{Vector{Float64}}, occupation::Vector{Vector{Float64}}, εF::Float64, n_bands_converge::Int64, n_iter::Int64, n_matvec::Int64, ψ::Vector{Matrix{ComplexF64}}, diagonalization::Vector{@NamedTuple{λ::Vector{Vector{Float64}}, X::Vector{Matrix{ComplexF64}}, residual_norms::Vector{Vector{Float64}}, n_iter::Vector{Int64}, converged::Bool, n_matvec::Int64}}, stage::Symbol, history_Δρ::Vector{Float64}, history_Etot::Vector{Float64}, timedout::Bool, runtime_ns::UInt64, algorithm::String}, Model{Float64, Float64}, Float64, MonkhorstPack, var"#case#4"{Matrix{Float64}, Float64, MonkhorstPack, Vector{StaticArraysCore.SVector{3, Float64}}, Vector{ElementPsp{PspUpf{Float64, Interpolations.Extrapolation{Float64, 1, Interpolations.GriddedInterpolation{Float64, 1, Vector{Float64}, Interpolations.Gridded{Interpolations.Linear{Interpolations.Throw{Interpolations.OnGrid}}}, Tuple{Vector{Float64}}}, Interpolations.Gridded{Interpolations.Linear{Interpolations.Throw{Interpolations.OnGrid}}}, Interpolations.Throw{Nothing}}}}}, Float64, Float64, String}}, Float64}}(-3.8359180931239574e-8,9.172392539869129e-8)
└ @ DFTK ~/.julia/packages/DFTK/n2IL4/src/terms/xc.jl:39
 * Status: success

 * Candidate solution
    Final objective value:     -7.337426e+01

 * Found with
    Algorithm:     L-BFGS

 * Convergence measures
    |x - x'|               = 1.43e-04 ≰ -1.0e+00
    |x - x'|/|x'|          = 2.63e-05 ≰ 0.0e+00
    |f(x) - f(x')|         = 1.92e-09 ≤ 1.0e-08
    |f(x) - f(x')|/|f(x')| = 2.62e-11 ≰ 0.0e+00
    |g(x)|                 = 3.95e-08 ≤ 1.0e-06

 * Work counters
    Seconds run:   1178  (vs limit Inf)
    Iterations:    5
    f(x) calls:    6
    ∇f(x) calls:   6

V: 1298.627062 seconds (793.52 M allocations: 372.783 GiB, 4.92% gc time, 0.01% compilation time)
