n     Energy            log10(ΔE)   log10(Δρ)   Diag   Δtime
---   ---------------   ---------   ---------   ----   ------
  1   -8.368560908278                   -0.99    7.1    9.56s
  2   -8.371080412029       -2.60       -1.85    2.1    4.31s
  3   -8.371186503285       -3.97       -2.90    4.2    1.90s
  4   -8.371187039719       -6.27       -3.82    4.1    1.58s
  5   -8.371187047748       -8.10       -4.32    4.1    1.78s
  6   -8.371187048937       -8.92       -5.30    3.8    1.75s
  7   -8.371187048956      -10.74       -6.56    4.0    1.57s
  8   -8.371187048956      -13.64       -7.80    4.0    1.77s
Iter     Function value   Gradient norm 
     0    -8.371187e+00     1.536445e-02
 * time: 8.106231689453125e-6
n     Energy            log10(ΔE)   log10(Δρ)   Diag   Δtime
---   ---------------   ---------   ---------   ----   ------
  1   -8.368725512964                   -0.98    7.2    2.45s
  2   -8.371286519624       -2.59       -1.85    2.0    1.08s
  3   -8.371414388812       -3.89       -2.87    4.2    1.94s
  4   -8.371415053418       -6.18       -3.80    4.1    1.85s
  5   -8.371415062390       -8.05       -4.28    4.2    1.64s
  6   -8.371415063678       -8.89       -5.17    3.7    1.75s
  7   -8.371415063711      -10.49       -6.37    4.0    1.62s
  8   -8.371415063711      -13.32       -7.79    4.1    1.95s
n     Energy            log10(ΔE)   log10(Δρ)   Diag   Δtime
---   ---------------   ---------   ---------   ----   ------
  1   -8.368743431252                   -0.98    7.2    2.47s
  2   -8.371297054472       -2.59       -1.85    2.0    1.35s
  3   -8.371414512888       -3.93       -2.89    4.3    1.71s
  4   -8.371415055292       -6.27       -3.83    4.1    1.84s
  5   -8.371415062666       -8.13       -4.34    4.1    1.61s
  6   -8.371415063681       -8.99       -5.19    3.8    1.77s
  7   -8.371415063711      -10.53       -6.31    4.0    1.57s
  8   -8.371415063711      -13.06       -7.72    4.1    1.86s
     1    -8.371415e+00     1.431379e-02
 * time: 40.28700113296509
n     Energy            log10(ΔE)   log10(Δρ)   Diag   Δtime
---   ---------------   ---------   ---------   ----   ------
  1   -8.369661044472                   -0.97    7.0    2.36s
  2   -8.372681048139       -2.52       -1.86    1.8    1.01s
  3   -8.372798519555       -3.93       -2.82    4.4    1.95s
  4   -8.372799126966       -6.22       -3.77    4.0    1.57s
  5   -8.372799133834       -8.16       -4.48    3.8    1.77s
  6   -8.372799134048       -9.67       -5.29    3.6    1.45s
  7   -8.372799134056      -11.07       -6.83    3.8    1.78s
  8   -8.372799134056      -13.41       -7.63    4.6    1.77s
n     Energy            log10(ΔE)   log10(Δρ)   Diag   Δtime
---   ---------------   ---------   ---------   ----   ------
  1   -8.369644746613                   -0.97    6.9    2.37s
  2   -8.372683688877       -2.52       -1.86    1.8    1.04s
  3   -8.372798489832       -3.94       -2.83    4.3    2.00s
  4   -8.372799127694       -6.20       -3.79    4.0    1.60s
  5   -8.372799133858       -8.21       -4.50    4.0    1.85s
  6   -8.372799134048       -9.72       -5.30    3.8    1.51s
  7   -8.372799134056      -11.10       -6.86    3.8    1.82s
  8   -8.372799134056      -13.41       -7.57    4.6    1.78s
     2    -8.372799e+00     1.590234e-03
 * time: 79.31363201141357
n     Energy            log10(ΔE)   log10(Δρ)   Diag   Δtime
---   ---------------   ---------   ---------   ----   ------
  1   -8.369714021432                   -0.97    7.4    2.51s
  2   -8.372689352057       -2.53       -1.86    1.9    1.33s
  3   -8.372813644945       -3.91       -2.81    4.6    1.79s
  4   -8.372814275069       -6.20       -3.77    4.1    1.90s
  5   -8.372814283610       -8.07       -4.43    4.0    1.59s
  6   -8.372814283941       -9.48       -5.31    3.7    1.70s
  7   -8.372814283952      -10.96       -6.53    4.0    1.55s
  8   -8.372814283952      -13.04       -8.18    4.5    1.93s
n     Energy            log10(ΔE)   log10(Δρ)   Diag   Δtime
---   ---------------   ---------   ---------   ----   ------
  1   -8.369699002827                   -0.97    7.3    2.41s
  2   -8.372701612550       -2.52       -1.87    2.1    1.39s
  3   -8.372813659893       -3.95       -2.84    4.4    1.76s
  4   -8.372814276985       -6.21       -3.84    4.1    1.92s
  5   -8.372814283712       -8.17       -4.50    4.1    1.61s
  6   -8.372814283944       -9.63       -5.37    3.9    1.80s
  7   -8.372814283952      -11.10       -6.82    3.9    1.57s
  8   -8.372814283952      -13.43       -8.23    4.8    2.08s
     3    -8.372814e+00     1.371418e-04
 * time: 119.15625596046448
n     Energy            log10(ΔE)   log10(Δρ)   Diag   Δtime
---   ---------------   ---------   ---------   ----   ------
  1   -8.369700844658                   -0.97    7.2    2.44s
  2   -8.372699243571       -2.52       -1.87    2.1    1.11s
  3   -8.372813718967       -3.94       -2.83    4.4    2.00s
  4   -8.372814391776       -6.17       -3.82    3.9    1.59s
  5   -8.372814398666       -8.16       -4.49    4.0    1.84s
  6   -8.372814398893       -9.65       -5.35    3.6    1.42s
  7   -8.372814398901      -11.09       -6.67    3.8    1.76s
  8   -8.372814398901      -13.23       -7.95    4.6    1.69s
n     Energy            log10(ΔE)   log10(Δρ)   Diag   Δtime
---   ---------------   ---------   ---------   ----   ------
  1   -8.369706276185                   -0.97    7.2    2.41s
  2   -8.372694554921       -2.52       -1.86    2.0    1.07s
  3   -8.372813720311       -3.92       -2.82    4.3    1.98s
  4   -8.372814389956       -6.17       -3.79    3.9    1.57s
  5   -8.372814398588       -8.06       -4.45    4.0    1.84s
  6   -8.372814398891       -9.52       -5.31    3.7    1.49s
  7   -8.372814398901      -11.00       -6.58    3.9    1.84s
  8   -8.372814398901      -13.06       -7.93    4.4    1.68s
     4    -8.372814e+00     1.177388e-06
 * time: 158.38640308380127
n     Energy            log10(ΔE)   log10(Δρ)   Diag   Δtime
---   ---------------   ---------   ---------   ----   ------
  1   -8.369706544342                   -0.97    7.1    2.43s
  2   -8.372695172322       -2.52       -1.86    2.1    1.36s
  3   -8.372813804108       -3.93       -2.82    4.4    1.81s
  4   -8.372814389520       -6.23       -3.78    4.0    1.86s
  5   -8.372814398586       -8.04       -4.44    4.0    1.58s
  6   -8.372814398899       -9.50       -5.30    3.7    1.71s
  7   -8.372814398909      -10.97       -6.78    3.8    1.49s
  8   -8.372814398909      -13.34       -8.09    4.7    1.97s
n     Energy            log10(ΔE)   log10(Δρ)   Diag   Δtime
---   ---------------   ---------   ---------   ----   ------
  1   -8.369719226032                   -0.97    7.2    2.38s
  2   -8.372695093606       -2.53       -1.86    2.0    1.35s
  3   -8.372813772262       -3.93       -2.81    4.2    1.71s
  4   -8.372814389703       -6.21       -3.78    3.9    1.84s
  5   -8.372814398584       -8.05       -4.43    3.9    1.59s
  6   -8.372814398898       -9.50       -5.28    3.7    1.80s
  7   -8.372814398909      -10.94       -6.69    3.8    1.55s
  8   -8.372814398909      -13.30       -7.90    4.7    2.02s
     5    -8.372814e+00     3.539050e-09
 * time: 198.1632580757141
 * Status: success

 * Candidate solution
    Final objective value:     -8.372814e+00

 * Found with
    Algorithm:     L-BFGS

 * Convergence measures
    |x - x'|               = 1.44e-05 ≰ -1.0e+00
    |x - x'|/|x'|          = 1.42e-06 ≰ 0.0e+00
    |f(x) - f(x')|         = 8.44e-12 ≤ 1.0e-08
    |f(x) - f(x')|/|f(x')| = 1.01e-12 ≰ 0.0e+00
    |g(x)|                 = 3.54e-09 ≤ 1.0e-06

 * Work counters
    Seconds run:   198  (vs limit Inf)
    Iterations:    5
    f(x) calls:    6
    ∇f(x) calls:   6

Si: 264.483111 seconds (426.23 M allocations: 88.659 GiB, 8.23% gc time, 17.07% compilation time: <1% of which was recompilation)
n     Energy            log10(ΔE)   log10(Δρ)   Diag   Δtime
---   ---------------   ---------   ---------   ----   ------
  1   -61.58972641527                   -1.13    8.4    17.8s
  2   -61.59211820786       -2.62       -1.29    2.9    8.52s
  3   -61.59433654253       -2.65       -2.27    4.2    9.75s
  4   -61.59434341359       -5.16       -2.46    4.1    9.47s
  5   -61.59435748734       -4.85       -3.53    3.2    6.98s
  6   -61.59435752505       -7.42       -4.44    4.2    9.63s
  7   -61.59435752575       -9.15       -5.62    4.0    9.77s
  8   -61.59435752576      -11.28       -6.91    4.2    10.5s
  9   -61.59435752576      -13.45       -7.65    4.2    10.0s
Iter     Function value   Gradient norm 
     0    -6.159436e+01     1.512399e-02
 * time: 6.9141387939453125e-6
n     Energy            log10(ΔE)   log10(Δρ)   Diag   Δtime
---   ---------------   ---------   ---------   ----   ------
  1   -61.58998394064                   -1.13    8.9    17.1s
  2   -61.59237041015       -2.62       -1.30    3.0    7.61s
  3   -61.59456429346       -2.66       -2.27    4.2    9.88s
  4   -61.59457091430       -5.18       -2.46    4.3    9.71s
  5   -61.59458479087       -4.86       -3.54    3.1    6.63s
  6   -61.59458482676       -7.45       -4.46    4.3    9.79s
  7   -61.59458482741       -9.19       -5.50    4.1    10.1s
  8   -61.59458482742      -11.05       -6.95    4.2    10.1s
  9   -61.59458482742      -13.15       -7.62    4.2    10.2s
n     Energy            log10(ΔE)   log10(Δρ)   Diag   Δtime
---   ---------------   ---------   ---------   ----   ------
  1   -61.58998254226                   -1.13    8.9    17.3s
  2   -61.59236910306       -2.62       -1.30    3.0    7.77s
  3   -61.59456451106       -2.66       -2.28    4.2    9.90s
  4   -61.59457102108       -5.19       -2.46    4.3    10.1s
  5   -61.59458479089       -4.86       -3.55    3.2    6.78s
  6   -61.59458482667       -7.45       -4.47    4.3    10.0s
  7   -61.59458482741       -9.13       -5.53    4.2    10.2s
  8   -61.59458482742      -11.01       -6.86    4.0    9.72s
  9   -61.59458482742   +  -14.15       -7.58    4.4    10.5s
     1    -6.159458e+01     1.493380e-02
 * time: 216.5182728767395
n     Energy            log10(ΔE)   log10(Δρ)   Diag   Δtime
---   ---------------   ---------   ---------   ----   ------
  1   -61.59259136107                   -1.13    8.7    14.3s
  2   -61.59526050368       -2.57       -1.32    3.5    7.53s
  3   -61.59664433715       -2.86       -2.32    4.4    8.92s
  4   -61.59664491450       -6.24       -2.73    4.2    8.52s
  5   -61.59664832648       -5.47       -3.64    3.6    6.57s
  6   -61.59664833748       -7.96       -4.69    4.2    8.57s
  7   -61.59664833757      -10.05       -5.81    4.2    8.83s
  8   -61.59664833757      -12.25       -6.51    4.2    9.00s
  9   -61.59664833757      -13.15       -7.82    4.2    8.67s
n     Energy            log10(ΔE)   log10(Δρ)   Diag   Δtime
---   ---------------   ---------   ---------   ----   ------
  1   -61.59259326696                   -1.13    8.7    14.2s
  2   -61.59526050848       -2.57       -1.32    3.5    7.60s
  3   -61.59664441789       -2.86       -2.32    4.4    8.98s
  4   -61.59664496588       -6.26       -2.73    4.2    8.75s
  5   -61.59664832674       -5.47       -3.65    3.8    6.94s
  6   -61.59664833749       -7.97       -4.70    4.2    8.60s
  7   -61.59664833757      -10.10       -5.67    4.3    9.13s
  8   -61.59664833757      -11.99       -6.53    4.2    8.91s
  9   -61.59664833757      -14.15       -7.87    3.9    8.49s
     2    -6.159665e+01     1.914195e-02
 * time: 403.7093939781189
n     Energy            log10(ΔE)   log10(Δρ)   Diag   Δtime
---   ---------------   ---------   ---------   ----   ------
  1   -61.59615109585                   -1.13    8.4    14.3s
  2   -61.59854126476       -2.62       -1.32    3.1    7.16s
  3   -61.60016436664       -2.79       -2.33    4.2    8.73s
  4   -61.60016658488       -5.65       -2.56    4.3    8.76s
  5   -61.60017471437       -5.09       -3.61    3.2    6.20s
  6   -61.60017473244       -7.74       -4.78    4.1    8.82s
  7   -61.60017473269       -9.59       -5.61    4.3    8.95s
  8   -61.60017473270      -11.18       -7.01    3.8    8.36s
n     Energy            log10(ΔE)   log10(Δρ)   Diag   Δtime
---   ---------------   ---------   ---------   ----   ------
  1   -61.59614869407                   -1.13    8.3    14.5s
  2   -61.59854482439       -2.62       -1.32    3.2    7.39s
  3   -61.60016445305       -2.79       -2.33    4.2    9.00s
  4   -61.60016658075       -5.67       -2.56    4.2    8.96s
  5   -61.60017471596       -5.09       -3.60    3.3    6.45s
  6   -61.60017473247       -7.78       -4.79    4.0    8.94s
  7   -61.60017473269       -9.65       -5.65    4.3    9.15s
  8   -61.60017473270      -11.27       -6.96    3.9    8.42s
  9   -61.60017473270   +  -13.07       -7.63    4.2    8.84s
     3    -6.160017e+01     5.502480e-03
 * time: 585.3655757904053
n     Energy            log10(ΔE)   log10(Δρ)   Diag   Δtime
---   ---------------   ---------   ---------   ----   ------
  1   -61.59674412197                   -1.14    8.4    14.2s
  2   -61.59916872231       -2.62       -1.33    3.3    7.33s
  3   -61.60069665076       -2.82       -2.34    4.3    8.88s
  4   -61.60069802200       -5.86       -2.59    4.2    8.68s
  5   -61.60070498160       -5.16       -3.62    3.3    6.27s
  6   -61.60070499570       -7.85       -4.85    4.1    8.79s
  7   -61.60070499589       -9.72       -5.73    4.4    8.88s
  8   -61.60070499590      -11.54       -7.06    4.1    8.70s
n     Energy            log10(ΔE)   log10(Δρ)   Diag   Δtime
---   ---------------   ---------   ---------   ----   ------
  1   -61.59674491339                   -1.14    8.5    14.2s
  2   -61.59916875373       -2.62       -1.33    3.3    7.36s
  3   -61.60069673190       -2.82       -2.34    4.2    8.79s
  4   -61.60069806364       -5.88       -2.59    4.2    8.80s
  5   -61.60070498202       -5.16       -3.62    3.4    6.49s
  6   -61.60070499573       -7.86       -4.86    4.0    8.67s
  7   -61.60070499589       -9.79       -5.74    4.4    9.03s
  8   -61.60070499590      -11.54       -6.97    4.0    8.59s
  9   -61.60070499590   +    -Inf       -7.80    3.9    8.53s
     4    -6.160070e+01     1.500531e-03
 * time: 762.6580829620361
n     Energy            log10(ΔE)   log10(Δρ)   Diag   Δtime
---   ---------------   ---------   ---------   ----   ------
  1   -61.59679717780                   -1.14    8.2    14.0s
  2   -61.59923768642       -2.61       -1.33    3.2    7.24s
  3   -61.60073457275       -2.82       -2.34    4.2    8.77s
  4   -61.60073565691       -5.96       -2.61    4.2    8.69s
  5   -61.60074211968       -5.19       -3.62    3.4    6.45s
  6   -61.60074213298       -7.88       -4.87    4.0    8.47s
  7   -61.60074213310       -9.91       -5.83    4.3    8.92s
  8   -61.60074213310      -11.84       -7.01    4.1    8.58s
n     Energy            log10(ΔE)   log10(Δρ)   Diag   Δtime
---   ---------------   ---------   ---------   ----   ------
  1   -61.59680098198                   -1.14    8.1    13.8s
  2   -61.59923371758       -2.61       -1.33    3.3    7.30s
  3   -61.60073451939       -2.82       -2.34    4.3    8.85s
  4   -61.60073565301       -5.95       -2.60    4.1    8.55s
  5   -61.60074211984       -5.19       -3.63    3.3    6.36s
  6   -61.60074213298       -7.88       -4.88    4.1    8.63s
  7   -61.60074213310       -9.92       -5.76    4.3    9.05s
  8   -61.60074213310      -11.52       -6.98    4.2    8.24s
  9   -61.60074213310   +  -14.15       -7.85    4.3    9.03s
     5    -6.160074e+01     1.888901e-04
 * time: 941.4131789207458
n     Energy            log10(ΔE)   log10(Δρ)   Diag   Δtime
---   ---------------   ---------   ---------   ----   ------
  1   -61.59679840750                   -1.14    7.9    13.5s
  2   -61.59923536398       -2.61       -1.33    3.1    7.03s
  3   -61.60073503499       -2.82       -2.34    4.3    8.90s
  4   -61.60073613023       -5.96       -2.60    4.1    8.52s
  5   -61.60074269133       -5.18       -3.62    3.3    6.31s
  6   -61.60074270490       -7.87       -4.86    4.1    8.50s
  7   -61.60074270503       -9.89       -5.82    4.1    8.60s
  8   -61.60074270503      -12.04       -6.92    4.0    8.43s
  9   -61.60074270503   +  -13.85       -7.93    4.0    8.62s
n     Energy            log10(ΔE)   log10(Δρ)   Diag   Δtime
---   ---------------   ---------   ---------   ----   ------
  1   -61.59679651597                   -1.14    8.0    13.6s
  2   -61.59923250240       -2.61       -1.33    3.2    7.10s
  3   -61.60073493400       -2.82       -2.34    4.2    8.68s
  4   -61.60073612137       -5.93       -2.60    4.1    8.59s
  5   -61.60074268939       -5.18       -3.61    3.3    6.46s
  6   -61.60074270486       -7.81       -4.83    4.0    8.56s
  7   -61.60074270503       -9.78       -5.84    4.3    9.14s
  8   -61.60074270503      -11.78       -6.89    3.8    8.30s
  9   -61.60074270503      -13.00       -7.94    4.2    9.08s
     6    -6.160074e+01     5.478170e-06
 * time: 1124.0993030071259
n     Energy            log10(ΔE)   log10(Δρ)   Diag   Δtime
---   ---------------   ---------   ---------   ----   ------
  1   -61.59679325780                   -1.14    8.2    13.7s
  2   -61.59923077502       -2.61       -1.33    3.2    7.16s
  3   -61.60073496730       -2.82       -2.34    4.3    9.02s
  4   -61.60073611754       -5.94       -2.60    4.1    8.62s
  5   -61.60074269150       -5.18       -3.62    3.4    6.40s
  6   -61.60074270537       -7.86       -4.88    4.1    8.60s
  7   -61.60074270551       -9.85       -5.79    4.3    8.77s
  8   -61.60074270551      -11.69       -7.02    3.9    8.26s
n     Energy            log10(ΔE)   log10(Δρ)   Diag   Δtime
---   ---------------   ---------   ---------   ----   ------
  1   -61.59679830259                   -1.14    8.2    14.0s
  2   -61.59923246560       -2.61       -1.33    3.2    7.17s
  3   -61.60073503846       -2.82       -2.34    4.2    8.70s
  4   -61.60073617476       -5.94       -2.60    4.2    8.66s
  5   -61.60074269080       -5.19       -3.61    3.4    6.50s
  6   -61.60074270537       -7.84       -4.85    4.1    8.69s
  7   -61.60074270551       -9.85       -5.81    4.3    9.07s
  8   -61.60074270551      -11.72       -6.93    3.9    8.54s
  9   -61.60074270551      -13.07       -7.87    4.1    8.83s
     7    -6.160074e+01     1.838666e-08
 * time: 1300.4117407798767
 * Status: success

 * Candidate solution
    Final objective value:     -6.160074e+01

 * Found with
    Algorithm:     L-BFGS

 * Convergence measures
    |x - x'|               = 1.76e-04 ≰ -1.0e+00
    |x - x'|/|x'|          = 1.76e-05 ≰ 0.0e+00
    |f(x) - f(x')|         = 4.83e-10 ≤ 1.0e-08
    |f(x) - f(x')|/|f(x')| = 7.85e-12 ≰ 0.0e+00
    |g(x)|                 = 1.84e-08 ≤ 1.0e-06

 * Work counters
    Seconds run:   1300  (vs limit Inf)
    Iterations:    7
    f(x) calls:    8
    ∇f(x) calls:   8

NaCl: 1416.712914 seconds (1.42 G allocations: 408.072 GiB, 5.06% gc time, 0.24% compilation time)
n     Energy            log10(ΔE)   log10(Δρ)   Diag   Δtime
---   ---------------   ---------   ---------   ----   ------
  1   -2.304125011059                   -1.40    5.4    1.71s
  2   -2.304455724376       -3.48       -1.83    1.6    1.10s
  3   -2.304532449480       -4.12       -3.24    3.8    1.38s
  4   -2.304532811360       -6.44       -3.75    4.1    1.78s
  5   -2.304532817563       -8.21       -4.22    2.7    1.04s
  6   -2.304532818651       -8.96       -4.80    2.9    1.40s
  7   -2.304532818736      -10.07       -5.70    3.0    1.12s
  8   -2.304532818737      -11.85       -6.44    3.5    1.27s
  9   -2.304532818737      -13.65       -7.29    3.1    1.38s
Iter     Function value   Gradient norm 
     0    -2.304533e+00     7.347713e-03
 * time: 4.0531158447265625e-6
n     Energy            log10(ΔE)   log10(Δρ)   Diag   Δtime
---   ---------------   ---------   ---------   ----   ------
  1   -2.304180155668                   -1.40    5.4    1.94s
  2   -2.304509510888       -3.48       -1.83    1.6    799ms
  3   -2.304585303150       -4.12       -3.25    3.7    1.61s
  4   -2.304585675914       -6.43       -3.75    4.1    1.46s
  5   -2.304585682077       -8.21       -4.22    2.6    1.32s
  6   -2.304585683132       -8.98       -4.79    2.9    1.12s
  7   -2.304585683219      -10.06       -5.71    2.9    1.40s
  8   -2.304585683221      -11.81       -6.42    3.5    1.24s
  9   -2.304585683221      -13.63       -7.31    3.0    1.42s
n     Energy            log10(ΔE)   log10(Δρ)   Diag   Δtime
---   ---------------   ---------   ---------   ----   ------
  1   -2.304183570377                   -1.40    5.5    1.87s
  2   -2.304510128672       -3.49       -1.83    1.5    750ms
  3   -2.304585300105       -4.12       -3.24    3.6    1.52s
  4   -2.304585675531       -6.43       -3.74    4.1    1.43s
  5   -2.304585682080       -8.18       -4.22    2.7    1.27s
  6   -2.304585683128       -8.98       -4.78    3.0    1.10s
  7   -2.304585683219      -10.04       -5.70    3.0    1.34s
  8   -2.304585683221      -11.77       -6.44    3.5    1.23s
  9   -2.304585683221      -13.75       -7.29    2.9    1.35s
     1    -2.304586e+00     7.041128e-03
 * time: 51.90708684921265
n     Energy            log10(ΔE)   log10(Δρ)   Diag   Δtime
---   ---------------   ---------   ---------   ----   ------
  1   -2.304682511618                   -1.40    5.5    1.91s
  2   -2.305000120881       -3.50       -1.84    1.6    778ms
  3   -2.305068237187       -4.17       -3.33    3.7    1.58s
  4   -2.305068527830       -6.54       -3.86    4.2    1.43s
  5   -2.305068532641       -8.32       -4.33    2.9    1.37s
  6   -2.305068533365       -9.14       -5.26    3.0    1.15s
  7   -2.305068533376      -10.96       -6.02    3.6    1.52s
  8   -2.305068533376      -12.60       -6.93    3.4    1.22s
  9   -2.305068533376      -15.35       -8.02    3.5    1.49s
n     Energy            log10(ΔE)   log10(Δρ)   Diag   Δtime
---   ---------------   ---------   ---------   ----   ------
  1   -2.304685916904                   -1.40    5.5    1.84s
  2   -2.305001393963       -3.50       -1.84    1.7    762ms
  3   -2.305068148512       -4.18       -3.33    3.7    1.53s
  4   -2.305068527736       -6.42       -3.85    4.3    1.44s
  5   -2.305068532645       -8.31       -4.33    2.9    1.31s
  6   -2.305068533363       -9.14       -5.24    3.2    1.12s
  7   -2.305068533376      -10.90       -6.01    3.6    1.51s
  8   -2.305068533376      -12.60       -6.83    3.4    1.22s
  9   -2.305068533376      -14.51       -8.06    3.4    1.48s
     2    -2.305069e+00     1.783237e-03
 * time: 104.69514608383179
n     Energy            log10(ΔE)   log10(Δρ)   Diag   Δtime
---   ---------------   ---------   ---------   ----   ------
  1   -2.304711302574                   -1.40    5.5    1.89s
  2   -2.305028919279       -3.50       -1.84    1.6    780ms
  3   -2.305095513186       -4.18       -3.39    3.7    1.55s
  4   -2.305095803750       -6.54       -3.93    4.3    1.47s
  5   -2.305095806846       -8.51       -4.45    3.0    1.33s
  6   -2.305095807245       -9.40       -5.34    3.2    1.14s
  7   -2.305095807251      -11.20       -6.13    3.5    1.47s
  8   -2.305095807251      -12.75       -6.81    3.3    1.20s
  9   -2.305095807251      -13.82       -8.22    3.3    1.41s
n     Energy            log10(ΔE)   log10(Δρ)   Diag   Δtime
---   ---------------   ---------   ---------   ----   ------
  1   -2.304709757433                   -1.40    5.6    1.88s
  2   -2.305028693238       -3.50       -1.84    1.6    764ms
  3   -2.305095535309       -4.17       -3.39    3.8    1.55s
  4   -2.305095803728       -6.57       -3.93    4.3    1.46s
  5   -2.305095806843       -8.51       -4.45    3.0    1.32s
  6   -2.305095807245       -9.40       -5.35    3.2    1.14s
  7   -2.305095807251      -11.17       -6.13    3.6    1.50s
  8   -2.305095807251      -12.74       -6.79    3.3    1.18s
  9   -2.305095807251      -13.88       -8.20    3.3    1.43s
     3    -2.305096e+00     1.801372e-04
 * time: 156.7959270477295
n     Energy            log10(ΔE)   log10(Δρ)   Diag   Δtime
---   ---------------   ---------   ---------   ----   ------
  1   -2.304706830881                   -1.40    5.6    1.89s
  2   -2.305028661467       -3.49       -1.84    1.7    797ms
  3   -2.305095771185       -4.17       -3.39    3.8    1.55s
  4   -2.305096087632       -6.50       -3.93    4.3    1.47s
  5   -2.305096090801       -8.50       -4.43    2.9    1.31s
  6   -2.305096091239       -9.36       -5.36    3.1    1.10s
  7   -2.305096091246      -11.16       -6.15    3.5    1.47s
  8   -2.305096091246      -12.83       -6.84    3.4    1.19s
  9   -2.305096091246      -14.24       -8.20    3.3    1.43s
n     Energy            log10(ΔE)   log10(Δρ)   Diag   Δtime
---   ---------------   ---------   ---------   ----   ------
  1   -2.304706667545                   -1.40    5.5    1.87s
  2   -2.305028950691       -3.49       -1.84    1.6    776ms
  3   -2.305095775403       -4.18       -3.39    3.7    1.54s
  4   -2.305096087577       -6.51       -3.93    4.3    1.53s
  5   -2.305096090800       -8.49       -4.44    2.9    1.30s
  6   -2.305096091238       -9.36       -5.36    3.1    1.10s
  7   -2.305096091246      -11.12       -6.15    3.5    1.47s
  8   -2.305096091246      -12.82       -6.82    3.3    1.17s
  9   -2.305096091246      -14.10       -8.23    3.3    1.44s
     4    -2.305096e+00     1.292851e-06
 * time: 208.65036487579346
n     Energy            log10(ΔE)   log10(Δρ)   Diag   Δtime
---   ---------------   ---------   ---------   ----   ------
  1   -2.304709236737                   -1.40    5.6    1.90s
  2   -2.305028493649       -3.50       -1.84    1.5    759ms
  3   -2.305095792889       -4.17       -3.38    3.8    1.55s
  4   -2.305096087519       -6.53       -3.92    4.3    1.46s
  5   -2.305096090817       -8.48       -4.44    3.0    1.32s
  6   -2.305096091254       -9.36       -5.35    3.2    1.12s
  7   -2.305096091261      -11.16       -6.11    3.5    1.47s
  8   -2.305096091261      -12.75       -6.81    3.2    1.16s
  9   -2.305096091261      -14.01       -8.19    3.3    1.41s
n     Energy            log10(ΔE)   log10(Δρ)   Diag   Δtime
---   ---------------   ---------   ---------   ----   ------
  1   -2.304707470639                   -1.40    5.6    1.87s
  2   -2.305028343839       -3.49       -1.84    1.6    771ms
  3   -2.305095734068       -4.17       -3.38    3.8    1.55s
  4   -2.305096087570       -6.45       -3.93    4.3    1.47s
  5   -2.305096090808       -8.49       -4.43    2.9    1.30s
  6   -2.305096091254       -9.35       -5.35    3.2    1.12s
  7   -2.305096091261      -11.18       -6.12    3.5    1.46s
  8   -2.305096091261      -12.77       -6.79    3.2    1.17s
  9   -2.305096091261      -13.95       -8.20    3.3    1.45s
     5    -2.305096e+00     1.691482e-09
 * time: 260.59275007247925
 * Status: success

 * Candidate solution
    Final objective value:     -2.305096e+00

 * Found with
    Algorithm:     L-BFGS

 * Convergence measures
    |x - x'|               = 2.26e-05 ≰ -1.0e+00
    |x - x'|/|x'|          = 3.02e-06 ≰ 0.0e+00
    |f(x) - f(x')|         = 1.48e-11 ≤ 1.0e-08
    |f(x) - f(x')|/|f(x')| = 6.44e-12 ≰ 0.0e+00
    |g(x)|                 = 1.69e-09 ≤ 1.0e-06

 * Work counters
    Seconds run:   261  (vs limit Inf)
    Iterations:    5
    f(x) calls:    6
    ∇f(x) calls:   6

Al: 292.089335 seconds (250.29 M allocations: 60.326 GiB, 6.19% gc time, 0.00% compilation time)
n     Energy            log10(ΔE)   log10(Δρ)   Diag   Δtime
---   ---------------   ---------   ---------   ----   ------
  1   -73.32617261582                   -0.70    9.8    8.83s
  2   -73.35315584178       -1.57       -0.91    5.8    5.43s
  3   -73.36559184913       -1.91       -1.20    7.0    6.66s
  4   -73.36850063048       -2.54       -1.57    6.2    5.86s
  5   -73.36892187562       -3.38       -2.37    5.6    5.40s
  6   -73.36892851405       -5.18       -2.96    5.3    5.72s
  7   -73.36892861150       -7.01       -3.43    5.3    5.64s
  8   -73.36892864504       -7.47       -3.83    5.0    5.16s
  9   -73.36892865709       -7.92       -4.45    5.7    5.67s
 10   -73.36892865807       -9.01       -4.77    5.3    5.42s
 11   -73.36892865822       -9.82       -5.62    5.4    5.36s
 12   -73.36892865822   +  -12.77       -6.24    4.8    5.23s
 13   -73.36892865822      -12.53       -6.58    5.6    5.75s
 14   -73.36892865822   +  -13.25       -7.31    5.3    5.35s
Iter     Function value   Gradient norm 
     0    -7.336893e+01     4.078033e-02
 * time: 5.0067901611328125e-6
n     Energy            log10(ΔE)   log10(Δρ)   Diag   Δtime
---   ---------------   ---------   ---------   ----   ------
  1   -73.32927979129                   -0.71    9.8    8.98s
  2   -73.35555403656       -1.58       -0.92    5.6    5.42s
  3   -73.36721421351       -1.93       -1.20    7.0    6.77s
  4   -73.37015847657       -2.53       -1.62    6.2    5.87s
  5   -73.37046384153       -3.52       -2.32    5.4    5.35s
  6   -73.37047528727       -4.94       -3.03    5.4    5.71s
  7   -73.37047522076   +   -7.18       -3.40    5.3    5.54s
  8   -73.37047530325       -7.08       -3.88    5.5    5.44s
  9   -73.37047531295       -8.01       -4.45    5.5    5.58s
 10   -73.37047531314       -9.73       -4.78    4.8    5.04s
 11   -73.37047531334       -9.69       -5.68    5.5    5.41s
 12   -73.37047531334   +  -11.74       -6.53    5.6    5.84s
 13   -73.37047531334      -12.94       -6.93    5.7    5.75s
 14   -73.37047531334      -12.73       -7.28    4.6    4.89s
n     Energy            log10(ΔE)   log10(Δρ)   Diag   Δtime
---   ---------------   ---------   ---------   ----   ------
  1   -73.32926945490                   -0.71    9.9    9.17s
  2   -73.35556338528       -1.58       -0.92    5.8    5.49s
  3   -73.36721706361       -1.93       -1.20    6.9    6.73s
  4   -73.37015688614       -2.53       -1.62    6.2    5.87s
  5   -73.37046388765       -3.51       -2.33    5.5    5.42s
  6   -73.37047528500       -4.94       -3.03    5.4    5.79s
  7   -73.37047521389   +   -7.15       -3.40    5.4    5.64s
  8   -73.37047530297       -7.05       -3.88    5.5    5.52s
  9   -73.37047531296       -8.00       -4.45    5.5    5.67s
 10   -73.37047531314       -9.73       -4.79    4.8    5.21s
 11   -73.37047531334       -9.71       -5.71    5.5    5.54s
 12   -73.37047531334   +  -11.70       -6.52    5.6    5.88s
 13   -73.37047531334      -12.73       -6.89    5.9    5.83s
 14   -73.37047531334      -13.00       -7.30    4.8    4.97s
     1    -7.337048e+01     3.499584e-02
 * time: 221.80540084838867
n     Energy            log10(ΔE)   log10(Δρ)   Diag   Δtime
---   ---------------   ---------   ---------   ----   ------
  1   -73.34191386387                   -0.73   10.0    11.1s
  2   -73.36224250751       -1.69       -0.95    5.3    6.50s
  3   -73.37180399105       -2.02       -1.26    6.8    8.17s
  4   -73.37394246023       -2.67       -1.75    6.0    7.03s
  5   -73.37409802605       -3.81       -2.51    5.2    6.49s
  6   -73.37410005442       -5.69       -3.16    5.4    6.89s
  7   -73.37410006992       -7.81       -3.83    5.1    6.45s
  8   -73.37410007465       -8.32       -4.29    5.0    6.40s
  9   -73.37410007440   +   -9.60       -4.71    5.5    6.68s
 10   -73.37410007475       -9.45       -5.77    5.2    6.44s
 11   -73.37410007475      -11.74       -6.37    5.4    6.86s
 12   -73.37410007475   +  -12.49       -7.00    5.5    6.84s
 13   -73.37410007475      -12.73       -7.98    5.3    6.77s
n     Energy            log10(ΔE)   log10(Δρ)   Diag   Δtime
---   ---------------   ---------   ---------   ----   ------
  1   -73.34191400530                   -0.73   10.0    10.7s
  2   -73.36224132327       -1.69       -0.95    5.4    6.55s
  3   -73.37180434349       -2.02       -1.26    6.8    8.07s
  4   -73.37394263571       -2.67       -1.75    6.0    6.98s
  5   -73.37409790388       -3.81       -2.51    5.3    6.47s
  6   -73.37410005779       -5.67       -3.16    5.4    6.95s
  7   -73.37410007031       -7.90       -3.83    5.0    6.45s
  8   -73.37410007464       -8.36       -4.29    5.0    6.37s
  9   -73.37410007438   +   -9.58       -4.69    5.5    6.59s
 10   -73.37410007475       -9.43       -5.74    5.2    6.44s
 11   -73.37410007475      -11.69       -6.35    5.4    6.99s
 12   -73.37410007475   +  -12.42       -6.95    5.5    6.84s
 13   -73.37410007475      -12.89       -7.92    5.4    6.77s
     2    -7.337410e+01     7.833223e-03
 * time: 463.50695300102234
n     Energy            log10(ΔE)   log10(Δρ)   Diag   Δtime
---   ---------------   ---------   ---------   ----   ------
  1   -73.34053037463                   -0.73    9.5    10.6s
  2   -73.36179583874       -1.67       -0.94    5.1    6.25s
  3   -73.37182163752       -2.00       -1.25    6.6    7.98s
  4   -73.37404106908       -2.65       -1.71    5.9    6.93s
  5   -73.37425150517       -3.68       -2.55    5.2    6.47s
  6   -73.37425267913       -5.93       -3.17    5.4    6.91s
  7   -73.37425268977       -7.97       -3.76    4.8    6.24s
  8   -73.37425269406       -8.37       -4.11    4.6    6.00s
  9   -73.37425269310   +   -9.02       -4.45    5.2    6.41s
 10   -73.37425269423       -8.95       -5.05    4.9    6.28s
 11   -73.37425269428      -10.31       -5.85    4.9    6.34s
 12   -73.37425269428      -12.22       -6.78    5.3    6.75s
 13   -73.37425269428   +    -Inf       -7.34    4.7    6.35s
n     Energy            log10(ΔE)   log10(Δρ)   Diag   Δtime
---   ---------------   ---------   ---------   ----   ------
  1   -73.34053809420                   -0.73    9.5    10.2s
  2   -73.36180166447       -1.67       -0.94    5.1    6.50s
  3   -73.37181933635       -2.00       -1.25    6.5    7.99s
  4   -73.37404185104       -2.65       -1.71    5.8    6.99s
  5   -73.37425148075       -3.68       -2.55    5.2    6.49s
  6   -73.37425268188       -5.92       -3.18    5.3    6.99s
  7   -73.37425268986       -8.10       -3.74    4.8    6.24s
  8   -73.37425269408       -8.38       -4.11    4.6    6.07s
  9   -73.37425269306   +   -8.99       -4.44    5.1    6.42s
 10   -73.37425269423       -8.93       -5.04    4.9    6.25s
 11   -73.37425269428      -10.33       -5.88    5.0    6.31s
 12   -73.37425269428      -12.33       -6.76    5.3    6.70s
 13   -73.37425269428      -12.89       -7.32    5.0    6.67s
     3    -7.337425e+01     9.596830e-04
 * time: 698.353189945221
n     Energy            log10(ΔE)   log10(Δρ)   Diag   Δtime
---   ---------------   ---------   ---------   ----   ------
  1   -73.34073883386                   -0.73    9.5    10.6s
  2   -73.36189947161       -1.67       -0.94    5.2    6.33s
  3   -73.37183483800       -2.00       -1.25    6.7    8.12s
  4   -73.37405043361       -2.65       -1.72    5.9    6.98s
  5   -73.37425379469       -3.69       -2.54    5.2    6.45s
  6   -73.37425511281       -5.88       -3.18    5.4    6.88s
  7   -73.37425511933       -8.19       -3.74    4.9    6.26s
  8   -73.37425512511       -8.24       -4.12    4.8    6.08s
  9   -73.37425512412   +   -9.01       -4.43    5.2    6.50s
 10   -73.37425512536       -8.91       -5.08    5.1    6.28s
 11   -73.37425512540      -10.44       -5.97    5.0    6.32s
 12   -73.37425512540   +    -Inf       -6.80    5.3    6.76s
 13   -73.37425512540      -13.00       -7.49    4.4    6.16s
n     Energy            log10(ΔE)   log10(Δρ)   Diag   Δtime
---   ---------------   ---------   ---------   ----   ------
  1   -73.34074064037                   -0.73    9.5    10.2s
  2   -73.36188125850       -1.67       -0.94    5.3    6.55s
  3   -73.37183688864       -2.00       -1.25    6.6    7.98s
  4   -73.37405003764       -2.65       -1.71    5.9    6.96s
  5   -73.37425384175       -3.69       -2.54    5.3    6.56s
  6   -73.37425511173       -5.90       -3.18    5.3    6.98s
  7   -73.37425512035       -8.06       -3.75    4.9    6.30s
  8   -73.37425512517       -8.32       -4.12    4.6    6.06s
  9   -73.37425512416   +   -8.99       -4.44    5.2    6.50s
 10   -73.37425512536       -8.92       -5.07    5.0    6.23s
 11   -73.37425512540      -10.40       -5.91    5.0    6.29s
 12   -73.37425512540      -13.55       -6.81    5.3    6.65s
 13   -73.37425512540      -13.37       -7.44    4.6    6.27s
     4    -7.337426e+01     2.718157e-05
 * time: 934.1004409790039
n     Energy            log10(ΔE)   log10(Δρ)   Diag   Δtime
---   ---------------   ---------   ---------   ----   ------
  1   -73.34074823661                   -0.73    9.7    10.8s
  2   -73.36190078197       -1.67       -0.94    5.2    6.35s
  3   -73.37183484164       -2.00       -1.25    6.7    8.05s
  4   -73.37405039841       -2.65       -1.71    6.0    7.05s
  5   -73.37425389640       -3.69       -2.55    5.4    6.55s
  6   -73.37425511396       -5.91       -3.18    5.5    7.00s
  7   -73.37425512203       -8.09       -3.75    4.9    6.30s
  8   -73.37425512708       -8.30       -4.12    4.7    6.12s
  9   -73.37425512607   +   -9.00       -4.44    5.3    6.58s
 10   -73.37425512728       -8.92       -5.07    5.1    6.34s
 11   -73.37425512732      -10.40       -5.94    5.1    6.39s
 12   -73.37425512732      -13.25       -6.80    5.4    6.74s
 13   -73.37425512732   +  -13.85       -7.48    4.5    6.16s
n     Energy            log10(ΔE)   log10(Δρ)   Diag   Δtime
---   ---------------   ---------   ---------   ----   ------
  1   -73.34074507374                   -0.73    9.7    10.4s
  2   -73.36189026575       -1.67       -0.94    5.2    6.42s
  3   -73.37183673836       -2.00       -1.25    6.6    7.86s
  4   -73.37405015883       -2.65       -1.71    5.9    6.90s
  5   -73.37425385841       -3.69       -2.54    5.3    6.46s
  6   -73.37425511420       -5.90       -3.18    5.4    7.00s
  7   -73.37425512190       -8.11       -3.75    4.9    6.33s
  8   -73.37425512708       -8.29       -4.12    4.7    6.08s
  9   -73.37425512607   +   -9.00       -4.43    5.3    6.46s
 10   -73.37425512728       -8.92       -5.06    5.0    6.21s
 11   -73.37425512732      -10.37       -5.91    5.0    6.28s
 12   -73.37425512732      -12.94       -6.77    5.3    6.57s
 13   -73.37425512732      -13.25       -7.40    4.8    6.29s
     5    -7.337426e+01     6.527036e-08
 * time: 1170.9277160167694
┌ Info: Threading setup: 
│   Threads.nthreads() = 1
│   n_DFTK = 1
│   n_fft = 1
└   n_blas = 1
┌ Info: 2025-05-16T11:18:11.226
│   name = "Si"
│   Ecut = 18.0
│   kgrid = MonkhorstPack([14, 14, 14])
│   p0 = ComponentVector{Float64}(a = 10.347246312603742)
│   temperature = 0.001
└   smearing = DFTK.Smearing.Gaussian()
┌ Info: 2025-05-16T11:22:36.254
│   name = "NaCl"
│   Ecut = 44.0
│   kgrid = MonkhorstPack([13, 13, 13])
│   p0 = ComponentVector{Float64}(a = 10.746130571470083)
│   temperature = 0
└   smearing = DFTK.Smearing.None()
┌ Info: 2025-05-16T11:46:12.997
│   name = "Al"
│   Ecut = 20.0
│   kgrid = MonkhorstPack([18, 18, 18])
│   p0 = ComponentVector{Float64}(a = 7.641925528121933)
│   temperature = 0.001
└   smearing = DFTK.Smearing.Gaussian()
┌ Info: 2025-05-16T11:51:05.087
│   name = "V"
│   Ecut = 42.0
│   kgrid = MonkhorstPack([20, 20, 20])
│   p0 = ComponentVector{Float64}(a = 5.699267600684394)
│   temperature = 0.001
└   smearing = DFTK.Smearing.Gaussian()
┌ Warning: Negative ρcore detected: -3.4151886922104144e-8
└ @ DFTK ~/.julia/packages/DFTK/n2IL4/src/terms/xc.jl:39
┌ Warning: Negative ρcore detected: Dual{ForwardDiff.Tag{var"#19#21"{@NamedTuple{ham::Hamiltonian, basis::PlaneWaveBasis{Float64, Float64, DFTK.CPU, FFTGrid{Float64, Float64, Array{StaticArraysCore.SVector{3, Int64}, 3}, Array{StaticArraysCore.SVector{3, Float64}, 3}}, Vector{StaticArraysCore.SVector{3, Int64}}}, energies::Energies{Float64}, converged::Bool, occupation_threshold::Float64, ρ::Array{Float64, 4}, τ::Nothing, α::Float64, eigenvalues::Vector{Vector{Float64}}, occupation::Vector{Vector{Float64}}, εF::Float64, n_bands_converge::Int64, n_iter::Int64, n_matvec::Int64, ψ::Vector{Matrix{ComplexF64}}, diagonalization::Vector{@NamedTuple{λ::Vector{Vector{Float64}}, X::Vector{Matrix{ComplexF64}}, residual_norms::Vector{Vector{Float64}}, n_iter::Vector{Int64}, converged::Bool, n_matvec::Int64}}, stage::Symbol, history_Δρ::Vector{Float64}, history_Etot::Vector{Float64}, timedout::Bool, runtime_ns::UInt64, algorithm::String}, Model{Float64, Float64}, Float64, MonkhorstPack, var"#case#4"{Matrix{Float64}, Float64, MonkhorstPack, Vector{StaticArraysCore.SVector{3, Float64}}, Vector{ElementPsp{PspUpf{Float64, Interpolations.Extrapolation{Float64, 1, Interpolations.GriddedInterpolation{Float64, 1, Vector{Float64}, Interpolations.Gridded{Interpolations.Linear{Interpolations.Throw{Interpolations.OnGrid}}}, Tuple{Vector{Float64}}}, Interpolations.Gridded{Interpolations.Linear{Interpolations.Throw{Interpolations.OnGrid}}}, Interpolations.Throw{Nothing}}}}}, Float64, Float64, String}}, Float64}}(-3.4151886922104144e-8,-1.2413273474001241e-8)
└ @ DFTK ~/.julia/packages/DFTK/n2IL4/src/terms/xc.jl:39
┌ Warning: Negative ρcore detected: -3.140248942454403e-8
└ @ DFTK ~/.julia/packages/DFTK/n2IL4/src/terms/xc.jl:39
┌ Warning: Negative ρcore detected: -3.140248942454403e-8
└ @ DFTK ~/.julia/packages/DFTK/n2IL4/src/terms/xc.jl:39
┌ Warning: Negative ρcore detected: Dual{ForwardDiff.Tag{var"#19#21"{@NamedTuple{ham::Hamiltonian, basis::PlaneWaveBasis{Float64, Float64, DFTK.CPU, FFTGrid{Float64, Float64, Array{StaticArraysCore.SVector{3, Int64}, 3}, Array{StaticArraysCore.SVector{3, Float64}, 3}}, Vector{StaticArraysCore.SVector{3, Int64}}}, energies::Energies{Float64}, converged::Bool, occupation_threshold::Float64, ρ::Array{Float64, 4}, τ::Nothing, α::Float64, eigenvalues::Vector{Vector{Float64}}, occupation::Vector{Vector{Float64}}, εF::Float64, n_bands_converge::Int64, n_iter::Int64, n_matvec::Int64, ψ::Vector{Matrix{ComplexF64}}, diagonalization::Vector{@NamedTuple{λ::Vector{Vector{Float64}}, X::Vector{Matrix{ComplexF64}}, residual_norms::Vector{Vector{Float64}}, n_iter::Vector{Int64}, converged::Bool, n_matvec::Int64}}, stage::Symbol, history_Δρ::Vector{Float64}, history_Etot::Vector{Float64}, timedout::Bool, runtime_ns::UInt64, algorithm::String}, Model{Float64, Float64}, Float64, MonkhorstPack, var"#case#4"{Matrix{Float64}, Float64, MonkhorstPack, Vector{StaticArraysCore.SVector{3, Float64}}, Vector{ElementPsp{PspUpf{Float64, Interpolations.Extrapolation{Float64, 1, Interpolations.GriddedInterpolation{Float64, 1, Vector{Float64}, Interpolations.Gridded{Interpolations.Linear{Interpolations.Throw{Interpolations.OnGrid}}}, Tuple{Vector{Float64}}}, Interpolations.Gridded{Interpolations.Linear{Interpolations.Throw{Interpolations.OnGrid}}}, Interpolations.Throw{Nothing}}}}}, Float64, Float64, String}}, Float64}}(-3.140248942454403e-8,1.895831575193292e-8)
└ @ DFTK ~/.julia/packages/DFTK/n2IL4/src/terms/xc.jl:39
┌ Warning: Negative ρcore detected: -3.824546958943859e-8
└ @ DFTK ~/.julia/packages/DFTK/n2IL4/src/terms/xc.jl:39
┌ Warning: Negative ρcore detected: -3.824546958943859e-8
└ @ DFTK ~/.julia/packages/DFTK/n2IL4/src/terms/xc.jl:39
┌ Warning: Negative ρcore detected: Dual{ForwardDiff.Tag{var"#19#21"{@NamedTuple{ham::Hamiltonian, basis::PlaneWaveBasis{Float64, Float64, DFTK.CPU, FFTGrid{Float64, Float64, Array{StaticArraysCore.SVector{3, Int64}, 3}, Array{StaticArraysCore.SVector{3, Float64}, 3}}, Vector{StaticArraysCore.SVector{3, Int64}}}, energies::Energies{Float64}, converged::Bool, occupation_threshold::Float64, ρ::Array{Float64, 4}, τ::Nothing, α::Float64, eigenvalues::Vector{Vector{Float64}}, occupation::Vector{Vector{Float64}}, εF::Float64, n_bands_converge::Int64, n_iter::Int64, n_matvec::Int64, ψ::Vector{Matrix{ComplexF64}}, diagonalization::Vector{@NamedTuple{λ::Vector{Vector{Float64}}, X::Vector{Matrix{ComplexF64}}, residual_norms::Vector{Vector{Float64}}, n_iter::Vector{Int64}, converged::Bool, n_matvec::Int64}}, stage::Symbol, history_Δρ::Vector{Float64}, history_Etot::Vector{Float64}, timedout::Bool, runtime_ns::UInt64, algorithm::String}, Model{Float64, Float64}, Float64, MonkhorstPack, var"#case#4"{Matrix{Float64}, Float64, MonkhorstPack, Vector{StaticArraysCore.SVector{3, Float64}}, Vector{ElementPsp{PspUpf{Float64, Interpolations.Extrapolation{Float64, 1, Interpolations.GriddedInterpolation{Float64, 1, Vector{Float64}, Interpolations.Gridded{Interpolations.Linear{Interpolations.Throw{Interpolations.OnGrid}}}, Tuple{Vector{Float64}}}, Interpolations.Gridded{Interpolations.Linear{Interpolations.Throw{Interpolations.OnGrid}}}, Interpolations.Throw{Nothing}}}}}, Float64, Float64, String}}, Float64}}(-3.824546958943859e-8,-1.0733103891839688e-7)
└ @ DFTK ~/.julia/packages/DFTK/n2IL4/src/terms/xc.jl:39
┌ Warning: Negative ρcore detected: -3.784089640963718e-8
└ @ DFTK ~/.julia/packages/DFTK/n2IL4/src/terms/xc.jl:39
┌ Warning: Negative ρcore detected: -3.784089640963718e-8
└ @ DFTK ~/.julia/packages/DFTK/n2IL4/src/terms/xc.jl:39
┌ Warning: Negative ρcore detected: Dual{ForwardDiff.Tag{var"#19#21"{@NamedTuple{ham::Hamiltonian, basis::PlaneWaveBasis{Float64, Float64, DFTK.CPU, FFTGrid{Float64, Float64, Array{StaticArraysCore.SVector{3, Int64}, 3}, Array{StaticArraysCore.SVector{3, Float64}, 3}}, Vector{StaticArraysCore.SVector{3, Int64}}}, energies::Energies{Float64}, converged::Bool, occupation_threshold::Float64, ρ::Array{Float64, 4}, τ::Nothing, α::Float64, eigenvalues::Vector{Vector{Float64}}, occupation::Vector{Vector{Float64}}, εF::Float64, n_bands_converge::Int64, n_iter::Int64, n_matvec::Int64, ψ::Vector{Matrix{ComplexF64}}, diagonalization::Vector{@NamedTuple{λ::Vector{Vector{Float64}}, X::Vector{Matrix{ComplexF64}}, residual_norms::Vector{Vector{Float64}}, n_iter::Vector{Int64}, converged::Bool, n_matvec::Int64}}, stage::Symbol, history_Δρ::Vector{Float64}, history_Etot::Vector{Float64}, timedout::Bool, runtime_ns::UInt64, algorithm::String}, Model{Float64, Float64}, Float64, MonkhorstPack, var"#case#4"{Matrix{Float64}, Float64, MonkhorstPack, Vector{StaticArraysCore.SVector{3, Float64}}, Vector{ElementPsp{PspUpf{Float64, Interpolations.Extrapolation{Float64, 1, Interpolations.GriddedInterpolation{Float64, 1, Vector{Float64}, Interpolations.Gridded{Interpolations.Linear{Interpolations.Throw{Interpolations.OnGrid}}}, Tuple{Vector{Float64}}}, Interpolations.Gridded{Interpolations.Linear{Interpolations.Throw{Interpolations.OnGrid}}}, Interpolations.Throw{Nothing}}}}}, Float64, Float64, String}}, Float64}}(-3.784089640963718e-8,1.1263022546848335e-7)
└ @ DFTK ~/.julia/packages/DFTK/n2IL4/src/terms/xc.jl:39
┌ Warning: Negative ρcore detected: -3.834597679254635e-8
└ @ DFTK ~/.julia/packages/DFTK/n2IL4/src/terms/xc.jl:39
┌ Warning: Negative ρcore detected: -3.834597679254635e-8
└ @ DFTK ~/.julia/packages/DFTK/n2IL4/src/terms/xc.jl:39
┌ Warning: Negative ρcore detected: Dual{ForwardDiff.Tag{var"#19#21"{@NamedTuple{ham::Hamiltonian, basis::PlaneWaveBasis{Float64, Float64, DFTK.CPU, FFTGrid{Float64, Float64, Array{StaticArraysCore.SVector{3, Int64}, 3}, Array{StaticArraysCore.SVector{3, Float64}, 3}}, Vector{StaticArraysCore.SVector{3, Int64}}}, energies::Energies{Float64}, converged::Bool, occupation_threshold::Float64, ρ::Array{Float64, 4}, τ::Nothing, α::Float64, eigenvalues::Vector{Vector{Float64}}, occupation::Vector{Vector{Float64}}, εF::Float64, n_bands_converge::Int64, n_iter::Int64, n_matvec::Int64, ψ::Vector{Matrix{ComplexF64}}, diagonalization::Vector{@NamedTuple{λ::Vector{Vector{Float64}}, X::Vector{Matrix{ComplexF64}}, residual_norms::Vector{Vector{Float64}}, n_iter::Vector{Int64}, converged::Bool, n_matvec::Int64}}, stage::Symbol, history_Δρ::Vector{Float64}, history_Etot::Vector{Float64}, timedout::Bool, runtime_ns::UInt64, algorithm::String}, Model{Float64, Float64}, Float64, MonkhorstPack, var"#case#4"{Matrix{Float64}, Float64, MonkhorstPack, Vector{StaticArraysCore.SVector{3, Float64}}, Vector{ElementPsp{PspUpf{Float64, Interpolations.Extrapolation{Float64, 1, Interpolations.GriddedInterpolation{Float64, 1, Vector{Float64}, Interpolations.Gridded{Interpolations.Linear{Interpolations.Throw{Interpolations.OnGrid}}}, Tuple{Vector{Float64}}}, Interpolations.Gridded{Interpolations.Linear{Interpolations.Throw{Interpolations.OnGrid}}}, Interpolations.Throw{Nothing}}}}}, Float64, Float64, String}}, Float64}}(-3.834597679254635e-8,9.23291096077854e-8)
└ @ DFTK ~/.julia/packages/DFTK/n2IL4/src/terms/xc.jl:39
┌ Warning: Negative ρcore detected: -3.835918760399493e-8
└ @ DFTK ~/.julia/packages/DFTK/n2IL4/src/terms/xc.jl:39
┌ Warning: Negative ρcore detected: -3.835918760399493e-8
└ @ DFTK ~/.julia/packages/DFTK/n2IL4/src/terms/xc.jl:39
┌ Warning: Negative ρcore detected: Dual{ForwardDiff.Tag{var"#19#21"{@NamedTuple{ham::Hamiltonian, basis::PlaneWaveBasis{Float64, Float64, DFTK.CPU, FFTGrid{Float64, Float64, Array{StaticArraysCore.SVector{3, Int64}, 3}, Array{StaticArraysCore.SVector{3, Float64}, 3}}, Vector{StaticArraysCore.SVector{3, Int64}}}, energies::Energies{Float64}, converged::Bool, occupation_threshold::Float64, ρ::Array{Float64, 4}, τ::Nothing, α::Float64, eigenvalues::Vector{Vector{Float64}}, occupation::Vector{Vector{Float64}}, εF::Float64, n_bands_converge::Int64, n_iter::Int64, n_matvec::Int64, ψ::Vector{Matrix{ComplexF64}}, diagonalization::Vector{@NamedTuple{λ::Vector{Vector{Float64}}, X::Vector{Matrix{ComplexF64}}, residual_norms::Vector{Vector{Float64}}, n_iter::Vector{Int64}, converged::Bool, n_matvec::Int64}}, stage::Symbol, history_Δρ::Vector{Float64}, history_Etot::Vector{Float64}, timedout::Bool, runtime_ns::UInt64, algorithm::String}, Model{Float64, Float64}, Float64, MonkhorstPack, var"#case#4"{Matrix{Float64}, Float64, MonkhorstPack, Vector{StaticArraysCore.SVector{3, Float64}}, Vector{ElementPsp{PspUpf{Float64, Interpolations.Extrapolation{Float64, 1, Interpolations.GriddedInterpolation{Float64, 1, Vector{Float64}, Interpolations.Gridded{Interpolations.Linear{Interpolations.Throw{Interpolations.OnGrid}}}, Tuple{Vector{Float64}}}, Interpolations.Gridded{Interpolations.Linear{Interpolations.Throw{Interpolations.OnGrid}}}, Interpolations.Throw{Nothing}}}}}, Float64, Float64, String}}, Float64}}(-3.835918760399493e-8,9.172360478608062e-8)
└ @ DFTK ~/.julia/packages/DFTK/n2IL4/src/terms/xc.jl:39
 * Status: success

 * Candidate solution
    Final objective value:     -7.337426e+01

 * Found with
    Algorithm:     L-BFGS

 * Convergence measures
    |x - x'|               = 1.44e-04 ≰ -1.0e+00
    |x - x'|/|x'|          = 2.63e-05 ≰ 0.0e+00
    |f(x) - f(x')|         = 1.92e-09 ≤ 1.0e-08
    |f(x) - f(x')|/|f(x')| = 2.62e-11 ≰ 0.0e+00
    |g(x)|                 = 6.53e-08 ≤ 1.0e-06

 * Work counters
    Seconds run:   1171  (vs limit Inf)
    Iterations:    5
    f(x) calls:    6
    ∇f(x) calls:   6

V: 1292.743405 seconds (799.39 M allocations: 374.536 GiB, 4.91% gc time, 0.01% compilation time)
