┌ Info: Threading setup: 
│   Threads.nthreads() = 1
│   n_DFTK = 1
│   n_fft = 1
└   n_blas = 1
┌ Info: 2025-05-13T22:35:19.575
│   name = "Si"
│   Ecut = 18.0
│   kgrid = MonkhorstPack([14, 14, 14])
│   p0 = ComponentVector{Float64}(a = 10.347246312603742)
│   temperature = 0.001
└   smearing = DFTK.Smearing.Gaussian()
n     Energy            log10(ΔE)   log10(Δρ)   Diag   Δtime
---   ---------------   ---------   ---------   ----   ------
  1   -8.471140274454                   -0.95    7.0    10.5s
  2   -8.472615203817       -2.83       -1.71    1.7    4.51s
  3   -8.472721057828       -3.98       -2.70    3.9    1.82s
  4   -8.472727690678       -5.18       -3.44    5.0    1.76s
  5   -8.472728135296       -6.35       -4.28    5.1    1.91s
  6   -8.472728151684       -7.79       -5.11    5.2    1.99s
  7   -8.472728151888       -9.69       -5.87    5.1    1.68s
  8   -8.472728151889      -11.81       -6.39    3.4    1.65s
  9   -8.472728151889      -13.23       -7.59    3.6    1.65s
Iter     Function value   Gradient norm 
     0    -8.472728e+00     2.433075e-03
 * time: 4.506111145019531e-5
n     Energy            log10(ΔE)   log10(Δρ)   Diag   Δtime
---   ---------------   ---------   ---------   ----   ------
  1   -8.471168211949                   -0.95    7.1    2.38s
  2   -8.472621994490       -2.84       -1.71    1.7    1.25s
  3   -8.472726695239       -3.98       -2.70    4.1    1.51s
  4   -8.472733399267       -5.17       -3.43    5.0    1.97s
  5   -8.472733853419       -6.34       -4.29    5.3    1.68s
  6   -8.472733868869       -7.81       -5.03    5.2    2.01s
  7   -8.472733869128       -9.59       -5.68    5.1    1.65s
  8   -8.472733869130      -11.74       -6.17    3.2    1.56s
  9   -8.472733869130      -12.76       -7.44    3.4    1.27s
n     Energy            log10(ΔE)   log10(Δρ)   Diag   Δtime
---   ---------------   ---------   ---------   ----   ------
  1   -8.471158909067                   -0.95    7.1    2.35s
  2   -8.472622734341       -2.83       -1.71    2.0    1.06s
  3   -8.472726677119       -3.98       -2.70    3.8    1.76s
  4   -8.472733406119       -5.17       -3.43    5.0    1.99s
  5   -8.472733854149       -6.35       -4.29    5.1    1.64s
  6   -8.472733868878       -7.83       -5.06    5.4    2.14s
  7   -8.472733869128       -9.60       -5.81    5.1    1.62s
  8   -8.472733869130      -11.73       -6.38    3.3    1.58s
  9   -8.472733869130      -13.08       -7.59    3.8    1.34s
     1    -8.472734e+00     2.266584e-03
 * time: 43.14284706115723
n     Energy            log10(ΔE)   log10(Δρ)   Diag   Δtime
---   ---------------   ---------   ---------   ----   ------
  1   -8.471268319343                   -0.96    7.1    2.34s
  2   -8.472656558846       -2.86       -1.71    1.7    1.31s
  3   -8.472764058898       -3.97       -2.71    3.9    1.56s
  4   -8.472771349754       -5.14       -3.43    4.9    2.01s
  5   -8.472771834590       -6.31       -4.32    5.2    1.74s
  6   -8.472771849778       -7.82       -5.13    5.4    2.05s
  7   -8.472771850018       -9.62       -5.86    5.1    1.67s
  8   -8.472771850020      -11.74       -6.38    3.6    1.64s
  9   -8.472771850020      -13.25       -7.54    3.4    1.29s
n     Energy            log10(ΔE)   log10(Δρ)   Diag   Δtime
---   ---------------   ---------   ---------   ----   ------
  1   -8.471257499271                   -0.96    7.1    2.38s
  2   -8.472649067680       -2.86       -1.71    1.6    977ms
  3   -8.472764153537       -3.94       -2.71    4.1    1.79s
  4   -8.472771350417       -5.14       -3.45    5.1    2.00s
  5   -8.472771832295       -6.32       -4.30    5.3    1.70s
  6   -8.472771849776       -7.76       -5.18    5.4    2.03s
  7   -8.472771850018       -9.62       -6.05    5.2    1.71s
  8   -8.472771850020      -11.70       -6.63    4.2    1.77s
  9   -8.472771850020      -13.29       -7.76    3.7    1.31s
     2    -8.472772e+00     3.867064e-05
 * time: 86.16223502159119
n     Energy            log10(ΔE)   log10(Δρ)   Diag   Δtime
---   ---------------   ---------   ---------   ----   ------
  1   -8.471253197983                   -0.96    6.9    2.37s
  2   -8.472657070250       -2.85       -1.71    1.8    1.27s
  3   -8.472763994421       -3.97       -2.71    4.1    1.54s
  4   -8.472771359868       -5.13       -3.43    5.1    2.01s
  5   -8.472771846651       -6.31       -4.32    5.2    1.69s
  6   -8.472771861090       -7.84       -5.09    5.3    2.03s
  7   -8.472771861316       -9.65       -5.68    4.9    1.61s
  8   -8.472771861318      -11.71       -6.08    3.1    1.56s
  9   -8.472771861318      -12.72       -7.32    2.7    1.15s
n     Energy            log10(ΔE)   log10(Δρ)   Diag   Δtime
---   ---------------   ---------   ---------   ----   ------
  1   -8.471260405050                   -0.96    7.1    2.36s
  2   -8.472653420459       -2.86       -1.71    1.8    1.05s
  3   -8.472764335572       -3.96       -2.70    3.9    1.75s
  4   -8.472771375485       -5.15       -3.46    5.1    1.77s
  5   -8.472771842204       -6.33       -4.25    5.4    2.02s
  6   -8.472771861039       -7.73       -5.13    5.4    1.79s
  7   -8.472771861315       -9.56       -6.00    4.8    1.92s
  8   -8.472771861318      -11.48       -6.70    4.6    1.60s
  9   -8.472771861318      -12.94       -7.50    4.3    1.72s
     3    -8.472772e+00     6.303490e-07
 * time: 129.08421802520752
 * Status: success

 * Candidate solution
    Final objective value:     -8.472772e+00

 * Found with
    Algorithm:     L-BFGS

 * Convergence measures
    |x - x'|               = 5.75e-04 ≰ -1.0e+00
    |x - x'|/|x'|          = 5.54e-05 ≰ 0.0e+00
    |f(x) - f(x')|         = 1.13e-08 ≰ 1.0e-08
    |f(x) - f(x')|/|f(x')| = 1.33e-09 ≰ 0.0e+00
    |g(x)|                 = 6.30e-07 ≤ 1.0e-06

 * Work counters
    Seconds run:   129  (vs limit Inf)
    Iterations:    3
    f(x) calls:    4
    ∇f(x) calls:   4

Si: 199.696733 seconds (329.34 M allocations: 65.069 GiB, 7.66% gc time, 23.70% compilation time: <1% of which was recompilation)
┌ Info: 2025-05-13T22:38:39.847
│   name = "NaCl"
│   Ecut = 44.0
│   kgrid = MonkhorstPack([13, 13, 13])
│   p0 = ComponentVector{Float64}(a = 10.746130571470083)
│   temperature = 0
└   smearing = DFTK.Smearing.None()
n     Energy            log10(ΔE)   log10(Δρ)   Diag   Δtime
---   ---------------   ---------   ---------   ----   ------
  1   -62.37524725066                   -1.07    8.5    17.5s
  2   -62.38278744794       -2.12       -1.20    2.4    6.40s
  3   -62.38669020094       -2.41       -2.01    3.5    7.76s
  4   -62.38677736520       -4.06       -3.04    2.7    6.95s
  5   -62.38678145315       -5.39       -3.78    4.3    9.63s
  6   -62.38678169063       -6.62       -4.21    3.8    9.09s
  7   -62.38678170179       -7.95       -4.91    3.2    7.90s
  8   -62.38678170359       -8.74       -5.71    3.9    8.90s
  9   -62.38678170361      -10.69       -6.28    3.6    8.42s
 10   -62.38678170361      -11.97       -6.86    3.5    8.47s
 11   -62.38678170361      -12.69       -7.96    3.7    8.24s
Iter     Function value   Gradient norm 
     0    -6.238678e+01     1.258318e-02
 * time: 3.1948089599609375e-5
n     Energy            log10(ΔE)   log10(Δρ)   Diag   Δtime
---   ---------------   ---------   ---------   ----   ------
  1   -62.37534916013                   -1.07    9.3    16.3s
  2   -62.38286564673       -2.12       -1.20    2.6    6.26s
  3   -62.38684632363       -2.40       -2.01    3.6    7.98s
  4   -62.38693387306       -4.06       -3.06    2.7    7.13s
  5   -62.38693795249       -5.39       -3.78    4.5    9.90s
  6   -62.38693821705       -6.58       -4.46    3.5    8.48s
  7   -62.38693822492       -8.10       -5.03    3.6    8.54s
  8   -62.38693822573       -9.09       -5.84    3.6    8.21s
  9   -62.38693822575      -10.71       -6.33    4.0    9.10s
 10   -62.38693822576      -12.08       -6.83    3.3    7.65s
 11   -62.38693822576      -12.72       -7.86    3.7    8.32s
n     Energy            log10(ΔE)   log10(Δρ)   Diag   Δtime
---   ---------------   ---------   ---------   ----   ------
  1   -62.37535100913                   -1.07    8.9    16.1s
  2   -62.38285803060       -2.12       -1.20    2.8    6.32s
  3   -62.38684669306       -2.40       -2.01    3.6    7.94s
  4   -62.38693392473       -4.06       -3.06    2.9    7.25s
  5   -62.38693794470       -5.40       -3.78    4.4    10.0s
  6   -62.38693821741       -6.56       -4.46    3.6    8.70s
  7   -62.38693822497       -8.12       -5.03    3.8    8.83s
  8   -62.38693822574       -9.12       -5.90    3.6    8.16s
  9   -62.38693822575      -10.82       -6.34    4.1    9.55s
 10   -62.38693822576      -12.04       -6.82    3.3    7.60s
 11   -62.38693822576      -12.97       -7.74    3.7    8.28s
     1    -6.238694e+01     1.229534e-02
 * time: 229.5062119960785
n     Energy            log10(ΔE)   log10(Δρ)   Diag   Δtime
---   ---------------   ---------   ---------   ----   ------
  1   -62.37626180461                   -1.05    8.5    16.9s
  2   -62.38472710682       -2.07       -1.14    2.5    6.58s
  3   -62.39057549744       -2.23       -1.93    3.5    8.68s
  4   -62.39070661142       -3.88       -3.06    2.4    6.74s
  5   -62.39071241498       -5.24       -3.60    4.7    11.1s
  6   -62.39071285670       -6.35       -4.50    3.1    7.96s
  7   -62.39071287435       -7.75       -5.01    4.0    10.1s
  8   -62.39071287609       -8.76       -5.55    3.6    8.62s
  9   -62.39071287617      -10.06       -6.31    3.6    8.55s
 10   -62.39071287618      -11.48       -7.12    3.6    9.05s
n     Energy            log10(ΔE)   log10(Δρ)   Diag   Δtime
---   ---------------   ---------   ---------   ----   ------
  1   -62.37626311330                   -1.05    8.5    17.1s
  2   -62.38473217729       -2.07       -1.14    2.7    7.06s
  3   -62.39057474595       -2.23       -1.93    3.6    8.69s
  4   -62.39070700101       -3.88       -3.06    2.4    6.87s
  5   -62.39071245150       -5.26       -3.71    4.6    11.2s
  6   -62.39071285579       -6.39       -4.42    3.3    8.50s
  7   -62.39071287343       -7.75       -4.96    3.7    9.56s
  8   -62.39071287607       -8.58       -5.58    3.8    9.20s
  9   -62.39071287617      -10.00       -6.21    3.8    9.24s
 10   -62.39071287618      -11.42       -7.04    3.5    8.85s
     2    -6.239071e+01     2.509831e-03
 * time: 456.8321840763092
n     Energy            log10(ΔE)   log10(Δρ)   Diag   Δtime
---   ---------------   ---------   ---------   ----   ------
  1   -62.37560078670                   -1.04    8.0    21.1s
  2   -62.38433309850       -2.06       -1.12    2.4    8.57s
  3   -62.39077162980       -2.19       -1.91    3.5    11.4s
  4   -62.39091749516       -3.84       -3.07    2.0    8.24s
  5   -62.39092381905       -5.20       -3.52    4.6    14.7s
  6   -62.39092433302       -6.29       -4.49    2.9    9.85s
  7   -62.39092435490       -7.66       -4.98    4.0    13.4s
  8   -62.39092435726       -8.63       -5.56    3.4    10.8s
  9   -62.39092435735      -10.04       -6.15    3.3    11.1s
 10   -62.39092435736      -11.29       -6.95    3.2    10.5s
 11   -62.39092435736      -12.69       -7.81    3.8    12.8s
n     Energy            log10(ΔE)   log10(Δρ)   Diag   Δtime
---   ---------------   ---------   ---------   ----   ------
  1   -62.37560393297                   -1.04    8.1    21.1s
  2   -62.38430863348       -2.06       -1.12    2.4    9.04s
  3   -62.39077127578       -2.19       -1.91    3.4    11.4s
  4   -62.39091775265       -3.83       -3.06    2.0    8.45s
  5   -62.39092387445       -5.21       -3.61    4.5    14.3s
  6   -62.39092433242       -6.34       -4.46    2.8    10.1s
  7   -62.39092435468       -7.65       -4.96    3.7    12.3s
  8   -62.39092435722       -8.60       -5.50    3.5    10.7s
  9   -62.39092435735       -9.87       -6.19    3.4    10.9s
 10   -62.39092435736      -11.30       -7.10    3.2    11.2s
     3    -6.239092e+01     6.468721e-04
 * time: 743.6534080505371
n     Energy            log10(ΔE)   log10(Δρ)   Diag   Δtime
---   ---------------   ---------   ---------   ----   ------
  1   -62.37531425448                   -1.04    8.3    21.4s
  2   -62.38413842962       -2.05       -1.12    2.4    8.74s
  3   -62.39078358903       -2.18       -1.90    3.4    11.0s
  4   -62.39093386457       -3.82       -3.06    1.9    8.42s
  5   -62.39094036002       -5.19       -3.48    4.7    14.4s
  6   -62.39094091346       -6.26       -4.48    2.9    9.94s
  7   -62.39094093776       -7.61       -4.94    4.1    13.8s
  8   -62.39094094031       -8.59       -5.48    3.5    11.0s
  9   -62.39094094040      -10.04       -6.08    3.1    10.3s
 10   -62.39094094041      -11.19       -6.84    3.3    11.4s
 11   -62.39094094041      -12.50       -7.50    3.8    12.3s
n     Energy            log10(ΔE)   log10(Δρ)   Diag   Δtime
---   ---------------   ---------   ---------   ----   ------
  1   -62.37531606493                   -1.04    8.2    21.4s
  2   -62.38413115195       -2.05       -1.12    2.5    8.85s
  3   -62.39078287063       -2.18       -1.90    3.5    11.1s
  4   -62.39093408563       -3.82       -3.06    2.2    8.43s
  5   -62.39094044020       -5.20       -3.56    4.6    14.4s
  6   -62.39094091576       -6.32       -4.46    3.1    10.2s
  7   -62.39094093728       -7.67       -4.93    3.7    12.9s
  8   -62.39094094022       -8.53       -5.45    3.4    11.1s
  9   -62.39094094040       -9.74       -6.10    3.5    10.8s
 10   -62.39094094041      -11.20       -7.14    3.4    11.3s
     4    -6.239094e+01     5.001784e-05
 * time: 1036.6339819431305
n     Energy            log10(ΔE)   log10(Δρ)   Diag   Δtime
---   ---------------   ---------   ---------   ----   ------
  1   -62.37527986931                   -1.04    8.2    21.7s
  2   -62.38409149106       -2.05       -1.12    2.5    8.88s
  3   -62.39078334824       -2.17       -1.90    3.5    11.2s
  4   -62.39093419528       -3.82       -3.06    2.0    8.49s
  5   -62.39094053322       -5.20       -3.56    4.7    14.7s
  6   -62.39094101689       -6.32       -4.49    3.0    10.5s
  7   -62.39094104043       -7.63       -5.00    4.0    13.5s
  8   -62.39094104267       -8.65       -5.56    3.6    11.2s
  9   -62.39094104280       -9.88       -6.27    3.4    11.3s
 10   -62.39094104281      -11.37       -7.16    3.3    11.3s
n     Energy            log10(ΔE)   log10(Δρ)   Diag   Δtime
---   ---------------   ---------   ---------   ----   ------
  1   -62.37528347293                   -1.04    8.3    21.5s
  2   -62.38413772304       -2.05       -1.12    2.4    8.80s
  3   -62.39078114429       -2.18       -1.90    3.4    11.2s
  4   -62.39093406104       -3.82       -3.06    2.0    8.26s
  5   -62.39094053820       -5.19       -3.54    4.6    14.6s
  6   -62.39094101557       -6.32       -4.44    3.0    10.0s
  7   -62.39094103960       -7.62       -4.87    3.9    13.0s
  8   -62.39094104266       -8.51       -5.33    3.5    10.9s
  9   -62.39094104279       -9.88       -5.80    3.0    10.6s
 10   -62.39094104281      -10.93       -6.47    3.0    10.8s
 11   -62.39094104281      -12.47       -7.19    3.3    11.7s
     5    -6.239094e+01     1.077248e-06
 * time: 1329.0930199623108
n     Energy            log10(ΔE)   log10(Δρ)   Diag   Δtime
---   ---------------   ---------   ---------   ----   ------
  1   -62.37528719426                   -1.04    8.7    22.8s
  2   -62.38411251102       -2.05       -1.12    2.4    9.00s
  3   -62.39078236636       -2.18       -1.90    3.6    11.6s
  4   -62.39093405442       -3.82       -3.06    2.0    8.48s
  5   -62.39094051254       -5.19       -3.53    4.7    14.7s
  6   -62.39094101662       -6.30       -4.49    3.1    10.4s
  7   -62.39094104031       -7.63       -4.99    4.0    13.4s
  8   -62.39094104274       -8.61       -5.58    3.7    11.8s
  9   -62.39094104285       -9.96       -6.20    3.6    11.7s
 10   -62.39094104285      -11.34       -7.05    3.4    11.2s
n     Energy            log10(ΔE)   log10(Δρ)   Diag   Δtime
---   ---------------   ---------   ---------   ----   ------
  1   -62.37528558182                   -1.04    8.7    22.4s
  2   -62.38407486824       -2.06       -1.12    2.5    8.92s
  3   -62.39078236287       -2.17       -1.90    3.5    10.9s
  4   -62.39093414048       -3.82       -3.06    2.1    8.81s
  5   -62.39094052684       -5.19       -3.55    4.7    14.8s
  6   -62.39094101811       -6.31       -4.50    3.1    10.3s
  7   -62.39094104020       -7.66       -4.98    4.0    13.1s
  8   -62.39094104276       -8.59       -5.52    3.6    11.3s
  9   -62.39094104285      -10.06       -5.95    3.3    11.0s
 10   -62.39094104285      -11.21       -6.50    3.0    10.8s
 11   -62.39094104285      -13.00       -7.27    3.2    11.7s
     6    -6.239094e+01     2.644841e-08
 * time: 1627.4686789512634
 * Status: success

 * Candidate solution
    Final objective value:     -6.239094e+01

 * Found with
    Algorithm:     L-BFGS

 * Convergence measures
    |x - x'|               = 8.83e-05 ≰ -1.0e+00
    |x - x'|/|x'|          = 7.69e-06 ≰ 0.0e+00
    |f(x) - f(x')|         = 4.79e-11 ≤ 1.0e-08
    |f(x) - f(x')|/|f(x')| = 7.67e-13 ≰ 0.0e+00
    |g(x)|                 = 2.64e-08 ≤ 1.0e-06

 * Work counters
    Seconds run:   1627  (vs limit Inf)
    Iterations:    6
    f(x) calls:    7
    ∇f(x) calls:   7

NaCl: 1750.082153 seconds (1.96 G allocations: 525.042 GiB, 4.74% gc time, 0.16% compilation time)
┌ Info: 2025-05-13T23:07:49.958
│   name = "Al"
│   Ecut = 20.0
│   kgrid = MonkhorstPack([18, 18, 18])
│   p0 = ComponentVector{Float64}(a = 7.641925528121933)
│   temperature = 0.001
└   smearing = DFTK.Smearing.Gaussian()
n     Energy            log10(ΔE)   log10(Δρ)   Diag   Δtime
---   ---------------   ---------   ---------   ----   ------
  1   -2.318248855333                   -1.47    5.5    1.63s
  2   -2.318314493378       -4.18       -1.84    1.3    726ms
  3   -2.318328738442       -4.85       -3.56    3.1    1.42s
  4   -2.318328953994       -6.67       -4.01    4.5    1.53s
  5   -2.318328954543       -9.26       -4.24    2.3    1.16s
  6   -2.318328954739       -9.71       -4.96    2.6    1.04s
  7   -2.318328954746      -11.17       -5.62    2.6    1.24s
  8   -2.318328954746      -12.35       -6.39    2.7    1.06s
  9   -2.318328954746      -13.97       -6.61    2.9    1.09s
 10   -2.318328954746      -14.88       -7.40    2.0    1.12s
Iter     Function value   Gradient norm 
     0    -2.318329e+00     2.457964e-04
 * time: 3.0040740966796875e-5
n     Energy            log10(ΔE)   log10(Δρ)   Diag   Δtime
---   ---------------   ---------   ---------   ----   ------
  1   -2.318244310746                   -1.47    5.6    1.99s
  2   -2.318313949814       -4.16       -1.84    1.4    750ms
  3   -2.318328831869       -4.83       -3.57    3.3    1.50s
  4   -2.318329013263       -6.74       -4.03    4.5    1.57s
  5   -2.318329013758       -9.31       -4.27    2.4    1.24s
  6   -2.318329013930       -9.77       -4.99    2.7    1.08s
  7   -2.318329013935      -11.30       -5.65    2.5    1.28s
  8   -2.318329013935      -12.46       -6.25    2.7    1.09s
  9   -2.318329013935      -14.01       -6.53    2.5    1.01s
 10   -2.318329013935      -14.65       -7.44    2.1    1.16s
n     Energy            log10(ΔE)   log10(Δρ)   Diag   Δtime
---   ---------------   ---------   ---------   ----   ------
  1   -2.318245491911                   -1.47    5.7    1.94s
  2   -2.318314720666       -4.16       -1.84    1.4    732ms
  3   -2.318328814434       -4.85       -3.57    3.2    1.47s
  4   -2.318329013250       -6.70       -4.03    4.7    1.56s
  5   -2.318329013742       -9.31       -4.26    2.4    1.22s
  6   -2.318329013929       -9.73       -4.98    2.7    1.03s
  7   -2.318329013935      -11.25       -5.60    2.6    1.25s
  8   -2.318329013935      -12.29       -6.31    2.8    1.06s
  9   -2.318329013935      -13.97       -6.57    2.5    1.00s
 10   -2.318329013935      -14.65       -7.41    2.2    1.16s
     1    -2.318329e+00     2.358154e-04
 * time: 53.17153191566467
n     Energy            log10(ΔE)   log10(Δρ)   Diag   Δtime
---   ---------------   ---------   ---------   ----   ------
  1   -2.318251430867                   -1.47    5.4    1.90s
  2   -2.318315727323       -4.19       -1.84    1.2    707ms
  3   -2.318329460239       -4.86       -3.56    3.2    1.47s
  4   -2.318329694907       -6.63       -4.04    4.4    1.55s
  5   -2.318329695395       -9.31       -4.29    2.2    1.18s
  6   -2.318329695546       -9.82       -5.00    2.6    1.04s
  7   -2.318329695553      -11.21       -5.79    2.6    1.30s
  8   -2.318329695553      -12.59       -6.53    2.9    1.14s
  9   -2.318329695553      -14.12       -6.99    3.2    1.44s
 10   -2.318329695553      -15.35       -7.40    2.3    975ms
n     Energy            log10(ΔE)   log10(Δρ)   Diag   Δtime
---   ---------------   ---------   ---------   ----   ------
  1   -2.318250266004                   -1.47    5.4    1.84s
  2   -2.318315496297       -4.19       -1.84    1.2    931ms
  3   -2.318329474293       -4.85       -3.57    3.1    1.15s
  4   -2.318329694928       -6.66       -4.04    4.5    1.86s
  5   -2.318329695398       -9.33       -4.28    2.3    922ms
  6   -2.318329695546       -9.83       -5.02    2.6    1.21s
  7   -2.318329695553      -11.19       -5.80    2.7    1.02s
  8   -2.318329695553      -12.62       -6.41    2.8    1.30s
  9   -2.318329695553      -13.82       -6.97    2.9    1.08s
 10   -2.318329695553      -15.35       -7.58    2.4    983ms
     2    -2.318330e+00     1.589367e-06
 * time: 106.85861992835999
n     Energy            log10(ΔE)   log10(Δρ)   Diag   Δtime
---   ---------------   ---------   ---------   ----   ------
  1   -2.318248827695                   -1.47    5.4    1.89s
  2   -2.318315889639       -4.17       -1.84    1.3    723ms
  3   -2.318329447635       -4.87       -3.58    3.2    1.46s
  4   -2.318329694954       -6.61       -4.03    4.6    1.55s
  5   -2.318329695424       -9.33       -4.28    2.2    1.17s
  6   -2.318329695577       -9.82       -5.00    2.6    1.01s
  7   -2.318329695583      -11.18       -5.74    2.7    1.28s
  8   -2.318329695583      -12.52       -6.54    2.8    1.11s
  9   -2.318329695583      -14.24       -6.85    3.0    1.34s
 10   -2.318329695583      -15.05       -7.54    2.0    894ms
n     Energy            log10(ΔE)   log10(Δρ)   Diag   Δtime
---   ---------------   ---------   ---------   ----   ------
  1   -2.318248926240                   -1.47    5.4    1.89s
  2   -2.318315947896       -4.17       -1.84    1.3    953ms
  3   -2.318329464287       -4.87       -3.58    3.2    1.17s
  4   -2.318329694994       -6.64       -4.05    4.5    1.79s
  5   -2.318329695430       -9.36       -4.30    2.3    924ms
  6   -2.318329695578       -9.83       -5.02    2.7    1.26s
  7   -2.318329695583      -11.28       -5.78    2.7    1.02s
  8   -2.318329695583      -12.62       -6.51    2.7    1.08s
  9   -2.318329695583      -14.01       -6.99    3.1    1.34s
 10   -2.318329695583      -14.88       -7.49    2.1    894ms
     3    -2.318330e+00     1.106549e-08
 * time: 159.72855401039124
 * Status: success

 * Candidate solution
    Final objective value:     -2.318330e+00

 * Found with
    Algorithm:     L-BFGS

 * Convergence measures
    |x - x'|               = 3.89e-05 ≰ -1.0e+00
    |x - x'|/|x'|          = 5.08e-06 ≰ 0.0e+00
    |f(x) - f(x')|         = 3.07e-11 ≤ 1.0e-08
    |f(x) - f(x')|/|f(x')| = 1.32e-11 ≰ 0.0e+00
    |g(x)|                 = 1.11e-08 ≤ 1.0e-06

 * Work counters
    Seconds run:   160  (vs limit Inf)
    Iterations:    3
    f(x) calls:    4
    ∇f(x) calls:   4

Al: 191.125742 seconds (169.20 M allocations: 40.229 GiB, 6.11% gc time, 0.00% compilation time)
┌ Info: 2025-05-13T23:11:01.084
│   name = "V"
│   Ecut = 42.0
│   kgrid = MonkhorstPack([20, 20, 20])
│   p0 = ComponentVector{Float64}(a = 5.699267600684394)
│   temperature = 0.001
└   smearing = DFTK.Smearing.Gaussian()
┌ Warning: Negative ρcore detected: -3.4151886922104144e-8
└ @ DFTK ~/.julia/packages/DFTK/n2IL4/src/terms/xc.jl:39
n     Energy            log10(ΔE)   log10(Δρ)   Diag   Δtime
---   ---------------   ---------   ---------   ----   ------
  1   -73.85158098362                   -0.94    9.5    8.65s
  2   -73.85888897876       -2.14       -1.14    5.2    4.99s
  3   -73.86364100723       -2.32       -1.52    6.8    6.52s
  4   -73.86424854831       -3.22       -1.85    5.4    5.12s
  5   -73.86436146412       -3.95       -2.22    5.0    5.27s
  6   -73.86438364351       -4.65       -3.07    5.5    5.37s
  7   -73.86438368747       -7.36       -3.44    5.4    5.38s
  8   -73.86438369211       -8.33       -4.01    4.0    4.29s
  9   -73.86438369240       -9.53       -4.44    4.1    4.45s
 10   -73.86438369241      -10.98       -4.91    4.3    4.48s
 11   -73.86438369242      -11.09       -5.45    4.1    4.52s
 12   -73.86438369243      -11.37       -6.15    4.8    4.98s
 13   -73.86438369243      -12.89       -6.64    5.3    5.26s
 14   -73.86438369243   +  -13.25       -6.76    5.4    5.24s
 15   -73.86438369243   +  -13.37       -7.44    5.2    5.02s
┌ Warning: Negative ρcore detected: Dual{ForwardDiff.Tag{var"#19#21"{@NamedTuple{ham::Hamiltonian, basis::PlaneWaveBasis{Float64, Float64, DFTK.CPU, FFTGrid{Float64, Float64, Array{StaticArraysCore.SVector{3, Int64}, 3}, Array{StaticArraysCore.SVector{3, Float64}, 3}}, Vector{StaticArraysCore.SVector{3, Int64}}}, energies::Energies{Float64}, converged::Bool, occupation_threshold::Float64, ρ::Array{Float64, 4}, τ::Nothing, α::Float64, eigenvalues::Vector{Vector{Float64}}, occupation::Vector{Vector{Float64}}, εF::Float64, n_bands_converge::Int64, n_iter::Int64, n_matvec::Int64, ψ::Vector{Matrix{ComplexF64}}, diagonalization::Vector{@NamedTuple{λ::Vector{Vector{Float64}}, X::Vector{Matrix{ComplexF64}}, residual_norms::Vector{Vector{Float64}}, n_iter::Vector{Int64}, converged::Bool, n_matvec::Int64}}, stage::Symbol, history_Δρ::Vector{Float64}, history_Etot::Vector{Float64}, timedout::Bool, runtime_ns::UInt64, algorithm::String}, Model{Float64, Float64}, Float64, MonkhorstPack, var"#case#4"{Matrix{Float64}, Float64, MonkhorstPack, Vector{StaticArraysCore.SVector{3, Float64}}, Vector{ElementPsp{PspUpf{Float64, Interpolations.Extrapolation{Float64, 1, Interpolations.GriddedInterpolation{Float64, 1, Vector{Float64}, Interpolations.Gridded{Interpolations.Linear{Interpolations.Throw{Interpolations.OnGrid}}}, Tuple{Vector{Float64}}}, Interpolations.Gridded{Interpolations.Linear{Interpolations.Throw{Interpolations.OnGrid}}}, Interpolations.Throw{Nothing}}}}}, Float64, Float64, String}}, Float64}}(-3.4151886922104144e-8,-1.2413273474001241e-8)
└ @ DFTK ~/.julia/packages/DFTK/n2IL4/src/terms/xc.jl:39
Iter     Function value   Gradient norm 
     0    -7.386438e+01     7.490699e-03
 * time: 2.9087066650390625e-5
┌ Warning: Negative ρcore detected: -3.412969659064791e-8
└ @ DFTK ~/.julia/packages/DFTK/n2IL4/src/terms/xc.jl:39
n     Energy            log10(ΔE)   log10(Δρ)   Diag   Δtime
---   ---------------   ---------   ---------   ----   ------
  1   -73.85151441540                   -0.94    9.5    8.65s
  2   -73.85892359569       -2.13       -1.14    5.2    5.06s
  3   -73.86368770088       -2.32       -1.52    6.8    6.52s
  4   -73.86430094353       -3.21       -1.85    5.4    5.12s
  5   -73.86441232124       -3.95       -2.22    4.9    5.25s
  6   -73.86443545658       -4.64       -3.08    5.5    5.36s
  7   -73.86443549759       -7.39       -3.45    5.3    5.35s
  8   -73.86443550233       -8.32       -4.01    3.9    4.31s
  9   -73.86443550268       -9.46       -4.49    4.4    4.76s
 10   -73.86443550269      -11.10       -4.95    3.6    4.02s
 11   -73.86443550269      -11.23       -5.54    3.9    4.43s
 12   -73.86443550270      -11.60       -6.32    4.8    4.99s
 13   -73.86443550270   +  -13.55       -6.76    5.4    5.41s
 14   -73.86443550270      -13.85       -6.84    5.3    5.13s
 15   -73.86443550270      -13.85       -7.58    5.0    4.78s
┌ Warning: Negative ρcore detected: -3.412969659064791e-8
└ @ DFTK ~/.julia/packages/DFTK/n2IL4/src/terms/xc.jl:39
n     Energy            log10(ΔE)   log10(Δρ)   Diag   Δtime
---   ---------------   ---------   ---------   ----   ------
  1   -73.85153094469                   -0.94    9.5    8.63s
  2   -73.85890710152       -2.13       -1.14    5.1    4.91s
  3   -73.86368939470       -2.32       -1.52    6.7    6.40s
  4   -73.86430065519       -3.21       -1.85    5.4    5.15s
  5   -73.86441241534       -3.95       -2.22    5.0    5.36s
  6   -73.86443545816       -4.64       -3.08    5.5    5.46s
  7   -73.86443549725       -7.41       -3.45    5.4    5.43s
  8   -73.86443550234       -8.29       -4.02    4.0    4.49s
  9   -73.86443550267       -9.48       -4.47    4.6    4.85s
 10   -73.86443550269      -10.84       -4.95    4.2    4.42s
 11   -73.86443550269      -11.23       -5.51    4.1    4.40s
 12   -73.86443550270      -11.52       -6.31    4.8    4.97s
 13   -73.86443550270      -13.37       -6.75    5.4    5.45s
 14   -73.86443550270      -12.85       -6.82    5.3    5.39s
 15   -73.86443550270   +  -13.15       -7.50    5.1    4.87s
┌ Warning: Negative ρcore detected: Dual{ForwardDiff.Tag{var"#19#21"{@NamedTuple{ham::Hamiltonian, basis::PlaneWaveBasis{Float64, Float64, DFTK.CPU, FFTGrid{Float64, Float64, Array{StaticArraysCore.SVector{3, Int64}, 3}, Array{StaticArraysCore.SVector{3, Float64}, 3}}, Vector{StaticArraysCore.SVector{3, Int64}}}, energies::Energies{Float64}, converged::Bool, occupation_threshold::Float64, ρ::Array{Float64, 4}, τ::Nothing, α::Float64, eigenvalues::Vector{Vector{Float64}}, occupation::Vector{Vector{Float64}}, εF::Float64, n_bands_converge::Int64, n_iter::Int64, n_matvec::Int64, ψ::Vector{Matrix{ComplexF64}}, diagonalization::Vector{@NamedTuple{λ::Vector{Vector{Float64}}, X::Vector{Matrix{ComplexF64}}, residual_norms::Vector{Vector{Float64}}, n_iter::Vector{Int64}, converged::Bool, n_matvec::Int64}}, stage::Symbol, history_Δρ::Vector{Float64}, history_Etot::Vector{Float64}, timedout::Bool, runtime_ns::UInt64, algorithm::String}, Model{Float64, Float64}, Float64, MonkhorstPack, var"#case#4"{Matrix{Float64}, Float64, MonkhorstPack, Vector{StaticArraysCore.SVector{3, Float64}}, Vector{ElementPsp{PspUpf{Float64, Interpolations.Extrapolation{Float64, 1, Interpolations.GriddedInterpolation{Float64, 1, Vector{Float64}, Interpolations.Gridded{Interpolations.Linear{Interpolations.Throw{Interpolations.OnGrid}}}, Tuple{Vector{Float64}}}, Interpolations.Gridded{Interpolations.Linear{Interpolations.Throw{Interpolations.OnGrid}}}, Interpolations.Throw{Nothing}}}}}, Float64, Float64, String}}, Float64}}(-3.412969659064791e-8,1.8047523896471846e-8)
└ @ DFTK ~/.julia/packages/DFTK/n2IL4/src/terms/xc.jl:39
     1    -7.386444e+01     6.344003e-03
 * time: 216.9066948890686
┌ Warning: Negative ρcore detected: -3.279893641591228e-8
└ @ DFTK ~/.julia/packages/DFTK/n2IL4/src/terms/xc.jl:39
n     Energy            log10(ΔE)   log10(Δρ)   Diag   Δtime
---   ---------------   ---------   ---------   ----   ------
  1   -73.85104859390                   -0.94    9.7    8.92s
  2   -73.85898653163       -2.10       -1.14    5.3    5.09s
  3   -73.86378379755       -2.32       -1.52    6.8    6.62s
  4   -73.86444654921       -3.18       -1.86    5.5    5.25s
  5   -73.86454786272       -3.99       -2.23    5.1    5.34s
  6   -73.86456938809       -4.67       -3.11    5.6    5.79s
  7   -73.86456941578       -7.56       -3.51    5.4    5.69s
  8   -73.86456941836       -8.59       -4.17    3.6    4.21s
  9   -73.86456941890       -9.26       -4.54    4.4    5.03s
 10   -73.86456941906       -9.81       -5.12    5.1    5.03s
 11   -73.86456941906      -11.68       -5.87    5.1    5.21s
 12   -73.86456941906      -11.88       -6.34    5.7    5.82s
 13   -73.86456941906      -13.15       -6.84    4.4    4.53s
 14   -73.86456941906      -13.85       -7.14    5.3    5.32s
┌ Warning: Negative ρcore detected: -3.279893641591228e-8
└ @ DFTK ~/.julia/packages/DFTK/n2IL4/src/terms/xc.jl:39
n     Energy            log10(ΔE)   log10(Δρ)   Diag   Δtime
---   ---------------   ---------   ---------   ----   ------
  1   -73.85104840570                   -0.94    9.7    8.86s
  2   -73.85898696804       -2.10       -1.14    5.2    5.07s
  3   -73.86378388636       -2.32       -1.52    6.8    6.60s
  4   -73.86444644269       -3.18       -1.86    5.5    5.30s
  5   -73.86454816667       -3.99       -2.24    5.1    5.18s
  6   -73.86456938829       -4.67       -3.11    5.6    5.57s
  7   -73.86456941590       -7.56       -3.52    5.5    5.76s
  8   -73.86456941834       -8.61       -4.17    3.8    4.24s
  9   -73.86456941891       -9.24       -4.56    4.5    4.80s
 10   -73.86456941906       -9.82       -5.13    5.0    5.03s
 11   -73.86456941906      -11.73       -5.89    5.1    5.30s
 12   -73.86456941906      -11.91       -6.34    5.7    5.66s
 13   -73.86456941906      -13.85       -6.87    4.4    4.79s
 14   -73.86456941906      -13.25       -7.14    4.8    5.01s
┌ Warning: Negative ρcore detected: Dual{ForwardDiff.Tag{var"#19#21"{@NamedTuple{ham::Hamiltonian, basis::PlaneWaveBasis{Float64, Float64, DFTK.CPU, FFTGrid{Float64, Float64, Array{StaticArraysCore.SVector{3, Int64}, 3}, Array{StaticArraysCore.SVector{3, Float64}, 3}}, Vector{StaticArraysCore.SVector{3, Int64}}}, energies::Energies{Float64}, converged::Bool, occupation_threshold::Float64, ρ::Array{Float64, 4}, τ::Nothing, α::Float64, eigenvalues::Vector{Vector{Float64}}, occupation::Vector{Vector{Float64}}, εF::Float64, n_bands_converge::Int64, n_iter::Int64, n_matvec::Int64, ψ::Vector{Matrix{ComplexF64}}, diagonalization::Vector{@NamedTuple{λ::Vector{Vector{Float64}}, X::Vector{Matrix{ComplexF64}}, residual_norms::Vector{Vector{Float64}}, n_iter::Vector{Int64}, converged::Bool, n_matvec::Int64}}, stage::Symbol, history_Δρ::Vector{Float64}, history_Etot::Vector{Float64}, timedout::Bool, runtime_ns::UInt64, algorithm::String}, Model{Float64, Float64}, Float64, MonkhorstPack, var"#case#4"{Matrix{Float64}, Float64, MonkhorstPack, Vector{StaticArraysCore.SVector{3, Float64}}, Vector{ElementPsp{PspUpf{Float64, Interpolations.Extrapolation{Float64, 1, Interpolations.GriddedInterpolation{Float64, 1, Vector{Float64}, Interpolations.Gridded{Interpolations.Linear{Interpolations.Throw{Interpolations.OnGrid}}}, Tuple{Vector{Float64}}}, Interpolations.Gridded{Interpolations.Linear{Interpolations.Throw{Interpolations.OnGrid}}}, Interpolations.Throw{Nothing}}}}}, Float64, Float64, String}}, Float64}}(-3.279893641591228e-8,-2.1892683441788224e-7)
└ @ DFTK ~/.julia/packages/DFTK/n2IL4/src/terms/xc.jl:39
     2    -7.386457e+01     1.641368e-04
 * time: 430.2471079826355
┌ Warning: Negative ρcore detected: -3.303650694571458e-8
└ @ DFTK ~/.julia/packages/DFTK/n2IL4/src/terms/xc.jl:39
n     Energy            log10(ΔE)   log10(Δρ)   Diag   Δtime
---   ---------------   ---------   ---------   ----   ------
  1   -73.85103284797                   -0.94    9.8    9.07s
  2   -73.85899154301       -2.10       -1.14    5.3    5.17s
  3   -73.86378174547       -2.32       -1.52    6.9    6.70s
  4   -73.86444688614       -3.18       -1.86    5.5    5.54s
  5   -73.86454780129       -4.00       -2.23    5.0    5.13s
  6   -73.86456948049       -4.66       -3.11    5.5    5.53s
  7   -73.86456950818       -7.56       -3.52    5.5    5.72s
  8   -73.86456951054       -8.63       -4.17    4.0    4.30s
  9   -73.86456951109       -9.26       -4.55    4.5    4.76s
 10   -73.86456951128       -9.74       -5.12    5.2    5.09s
 11   -73.86456951128      -11.80       -5.83    5.2    5.22s
 12   -73.86456951128      -11.85       -6.33    5.6    5.53s
 13   -73.86456951128   +  -13.37       -6.79    4.5    4.53s
 14   -73.86456951128      -13.85       -7.15    5.1    5.19s
┌ Warning: Negative ρcore detected: -3.303650694571458e-8
└ @ DFTK ~/.julia/packages/DFTK/n2IL4/src/terms/xc.jl:39
n     Energy            log10(ΔE)   log10(Δρ)   Diag   Δtime
---   ---------------   ---------   ---------   ----   ------
  1   -73.85104158978                   -0.94    9.7    8.89s
  2   -73.85898226372       -2.10       -1.14    5.4    5.14s
  3   -73.86378252003       -2.32       -1.52    6.9    6.68s
  4   -73.86444690900       -3.18       -1.86    5.5    5.21s
  5   -73.86454783856       -4.00       -2.23    5.0    5.38s
  6   -73.86456947967       -4.66       -3.11    5.6    5.58s
  7   -73.86456950816       -7.55       -3.52    5.5    5.54s
  8   -73.86456951062       -8.61       -4.17    3.7    4.17s
  9   -73.86456951112       -9.29       -4.54    4.4    4.78s
 10   -73.86456951128       -9.82       -5.14    5.1    5.00s
 11   -73.86456951128      -11.75       -5.83    5.1    5.25s
 12   -73.86456951128      -11.82       -6.34    5.6    5.80s
 13   -73.86456951128   +  -13.85       -6.84    4.5    4.60s
 14   -73.86456951128      -12.89       -7.09    5.0    5.05s
┌ Warning: Negative ρcore detected: Dual{ForwardDiff.Tag{var"#19#21"{@NamedTuple{ham::Hamiltonian, basis::PlaneWaveBasis{Float64, Float64, DFTK.CPU, FFTGrid{Float64, Float64, Array{StaticArraysCore.SVector{3, Int64}, 3}, Array{StaticArraysCore.SVector{3, Float64}, 3}}, Vector{StaticArraysCore.SVector{3, Int64}}}, energies::Energies{Float64}, converged::Bool, occupation_threshold::Float64, ρ::Array{Float64, 4}, τ::Nothing, α::Float64, eigenvalues::Vector{Vector{Float64}}, occupation::Vector{Vector{Float64}}, εF::Float64, n_bands_converge::Int64, n_iter::Int64, n_matvec::Int64, ψ::Vector{Matrix{ComplexF64}}, diagonalization::Vector{@NamedTuple{λ::Vector{Vector{Float64}}, X::Vector{Matrix{ComplexF64}}, residual_norms::Vector{Vector{Float64}}, n_iter::Vector{Int64}, converged::Bool, n_matvec::Int64}}, stage::Symbol, history_Δρ::Vector{Float64}, history_Etot::Vector{Float64}, timedout::Bool, runtime_ns::UInt64, algorithm::String}, Model{Float64, Float64}, Float64, MonkhorstPack, var"#case#4"{Matrix{Float64}, Float64, MonkhorstPack, Vector{StaticArraysCore.SVector{3, Float64}}, Vector{ElementPsp{PspUpf{Float64, Interpolations.Extrapolation{Float64, 1, Interpolations.GriddedInterpolation{Float64, 1, Vector{Float64}, Interpolations.Gridded{Interpolations.Linear{Interpolations.Throw{Interpolations.OnGrid}}}, Tuple{Vector{Float64}}}, Interpolations.Gridded{Interpolations.Linear{Interpolations.Throw{Interpolations.OnGrid}}}, Interpolations.Throw{Nothing}}}}}, Float64, Float64, String}}, Float64}}(-3.303650694571458e-8,-2.1275542544488088e-7)
└ @ DFTK ~/.julia/packages/DFTK/n2IL4/src/terms/xc.jl:39
     3    -7.386457e+01     3.778007e-06
 * time: 643.4554860591888
┌ Warning: Negative ρcore detected: -3.3042022326420074e-8
└ @ DFTK ~/.julia/packages/DFTK/n2IL4/src/terms/xc.jl:39
n     Energy            log10(ΔE)   log10(Δρ)   Diag   Δtime
---   ---------------   ---------   ---------   ----   ------
  1   -73.85103247026                   -0.94    9.8    8.94s
  2   -73.85897730128       -2.10       -1.14    5.4    5.18s
  3   -73.86378444674       -2.32       -1.52    6.9    6.68s
  4   -73.86444640888       -3.18       -1.86    5.5    5.31s
  5   -73.86454772517       -3.99       -2.23    5.1    5.34s
  6   -73.86456947638       -4.66       -3.11    5.5    5.60s
  7   -73.86456950801       -7.50       -3.51    5.5    5.67s
  8   -73.86456951074       -8.56       -4.18    3.5    4.13s
  9   -73.86456951120       -9.34       -4.55    4.5    4.88s
 10   -73.86456951132       -9.92       -5.13    5.0    5.18s
 11   -73.86456951132      -11.76       -5.86    5.1    5.24s
 12   -73.86456951133      -11.90       -6.31    5.6    5.59s
 13   -73.86456951133      -13.15       -6.82    4.8    4.96s
 14   -73.86456951133      -13.85       -7.18    5.1    5.31s
┌ Warning: Negative ρcore detected: -3.3042022326420074e-8
└ @ DFTK ~/.julia/packages/DFTK/n2IL4/src/terms/xc.jl:39
n     Energy            log10(ΔE)   log10(Δρ)   Diag   Δtime
---   ---------------   ---------   ---------   ----   ------
  1   -73.85102579700                   -0.94    9.8    9.07s
  2   -73.85899388608       -2.10       -1.14    5.4    5.21s
  3   -73.86378125541       -2.32       -1.52    6.9    6.72s
  4   -73.86444722485       -3.18       -1.86    5.5    5.28s
  5   -73.86454795618       -4.00       -2.23    5.1    5.22s
  6   -73.86456948016       -4.67       -3.11    5.6    5.75s
  7   -73.86456950821       -7.55       -3.52    5.5    5.60s
  8   -73.86456951049       -8.64       -4.16    4.1    4.51s
  9   -73.86456951111       -9.21       -4.53    4.4    4.73s
 10   -73.86456951132       -9.68       -5.12    5.1    5.01s
 11   -73.86456951132      -11.73       -5.84    5.2    5.30s
 12   -73.86456951133      -11.85       -6.36    5.6    5.63s
 13   -73.86456951133   +  -13.85       -6.85    4.1    4.29s
 14   -73.86456951133   +  -13.85       -7.12    5.0    4.97s
┌ Warning: Negative ρcore detected: Dual{ForwardDiff.Tag{var"#19#21"{@NamedTuple{ham::Hamiltonian, basis::PlaneWaveBasis{Float64, Float64, DFTK.CPU, FFTGrid{Float64, Float64, Array{StaticArraysCore.SVector{3, Int64}, 3}, Array{StaticArraysCore.SVector{3, Float64}, 3}}, Vector{StaticArraysCore.SVector{3, Int64}}}, energies::Energies{Float64}, converged::Bool, occupation_threshold::Float64, ρ::Array{Float64, 4}, τ::Nothing, α::Float64, eigenvalues::Vector{Vector{Float64}}, occupation::Vector{Vector{Float64}}, εF::Float64, n_bands_converge::Int64, n_iter::Int64, n_matvec::Int64, ψ::Vector{Matrix{ComplexF64}}, diagonalization::Vector{@NamedTuple{λ::Vector{Vector{Float64}}, X::Vector{Matrix{ComplexF64}}, residual_norms::Vector{Vector{Float64}}, n_iter::Vector{Int64}, converged::Bool, n_matvec::Int64}}, stage::Symbol, history_Δρ::Vector{Float64}, history_Etot::Vector{Float64}, timedout::Bool, runtime_ns::UInt64, algorithm::String}, Model{Float64, Float64}, Float64, MonkhorstPack, var"#case#4"{Matrix{Float64}, Float64, MonkhorstPack, Vector{StaticArraysCore.SVector{3, Float64}}, Vector{ElementPsp{PspUpf{Float64, Interpolations.Extrapolation{Float64, 1, Interpolations.GriddedInterpolation{Float64, 1, Vector{Float64}, Interpolations.Gridded{Interpolations.Linear{Interpolations.Throw{Interpolations.OnGrid}}}, Tuple{Vector{Float64}}}, Interpolations.Gridded{Interpolations.Linear{Interpolations.Throw{Interpolations.OnGrid}}}, Interpolations.Throw{Nothing}}}}}, Float64, Float64, String}}, Float64}}(-3.3042022326420074e-8,-2.1261044173447085e-7)
└ @ DFTK ~/.julia/packages/DFTK/n2IL4/src/terms/xc.jl:39
     4    -7.386457e+01     3.607896e-09
 * time: 856.4589450359344
 * Status: success

 * Candidate solution
    Final objective value:     -7.386457e+01

 * Found with
    Algorithm:     L-BFGS

 * Convergence measures
    |x - x'|               = 2.59e-05 ≰ -1.0e+00
    |x - x'|/|x'|          = 4.51e-06 ≰ 0.0e+00
    |f(x) - f(x')|         = 4.51e-11 ≤ 1.0e-08
    |f(x) - f(x')|/|f(x')| = 6.10e-13 ≰ 0.0e+00
    |g(x)|                 = 3.61e-09 ≤ 1.0e-06

 * Work counters
    Seconds run:   856  (vs limit Inf)
    Iterations:    4
    f(x) calls:    5
    ∇f(x) calls:   5

V: 976.400154 seconds (733.47 M allocations: 351.588 GiB, 5.98% gc time, 0.01% compilation time)
