┌ Info: Threading setup: 
│   Threads.nthreads() = 1
│   n_DFTK = 1
│   n_fft = 1
└   n_blas = 1
┌ Info: 2025-05-13T20:53:04.839
│   name = "Si"
│   Ecut = 18.0
│   kgrid = MonkhorstPack([14, 14, 14])
│   p0 = ComponentVector{Float64}(a = 10.347246312603742)
│   temperature = 0.001
└   smearing = DFTK.Smearing.Gaussian()
n     Energy            log10(ΔE)   log10(Δρ)   Diag   Δtime
---   ---------------   ---------   ---------   ----   ------
  1   -8.475348903118                   -0.95    7.0    10.4s
  2   -8.476818420654       -2.83       -1.70    1.7    4.37s
  3   -8.476926493995       -3.97       -2.69    3.9    1.84s
  4   -8.476933278326       -5.17       -3.44    5.0    1.80s
  5   -8.476933709564       -6.37       -4.30    5.2    1.99s
  6   -8.476933724479       -7.83       -5.11    5.3    2.16s
  7   -8.476933724716       -9.63       -5.88    5.1    1.74s
  8   -8.476933724717      -11.78       -6.44    3.3    1.63s
  9   -8.476933724717      -13.34       -7.59    3.8    1.63s
Iter     Function value   Gradient norm 
     0    -8.476934e+00     3.019419e-03
 * time: 5.0067901611328125e-5
n     Energy            log10(ΔE)   log10(Δρ)   Diag   Δtime
---   ---------------   ---------   ---------   ----   ------
  1   -8.475378399388                   -0.95    7.1    2.45s
  2   -8.476824961025       -2.84       -1.70    1.7    1.28s
  3   -8.476935289636       -3.96       -2.69    4.0    1.56s
  4   -8.476942085161       -5.17       -3.45    4.9    2.01s
  5   -8.476942513090       -6.37       -4.29    5.2    1.73s
  6   -8.476942528939       -7.80       -5.16    5.5    2.08s
  7   -8.476942529153       -9.67       -6.02    5.1    1.73s
  8   -8.476942529155      -11.83       -6.83    4.0    1.75s
  9   -8.476942529155      -12.67       -7.94    5.3    1.71s
n     Energy            log10(ΔE)   log10(Δρ)   Diag   Δtime
---   ---------------   ---------   ---------   ----   ------
  1   -8.475369193792                   -0.95    7.1    2.41s
  2   -8.476827758643       -2.84       -1.70    1.9    1.06s
  3   -8.476935635180       -3.97       -2.69    3.9    1.80s
  4   -8.476942090772       -5.19       -3.45    4.9    1.78s
  5   -8.476942513119       -6.37       -4.29    5.3    2.03s
  6   -8.476942528933       -7.80       -5.12    5.3    1.85s
  7   -8.476942529153       -9.66       -5.92    5.1    1.99s
  8   -8.476942529155      -11.73       -6.55    3.8    1.49s
  9   -8.476942529155      -13.29       -7.69    4.1    1.73s
     1    -8.476943e+00     2.812551e-03
 * time: 44.947453022003174
n     Energy            log10(ΔE)   log10(Δρ)   Diag   Δtime
---   ---------------   ---------   ---------   ----   ------
  1   -8.475505642207                   -0.96    7.2    2.43s
  2   -8.476888042171       -2.86       -1.70    1.9    1.07s
  3   -8.476992821728       -3.98       -2.71    4.1    1.82s
  4   -8.477000615742       -5.11       -3.43    5.0    2.14s
  5   -8.477001087780       -6.33       -4.32    5.2    1.72s
  6   -8.477001099977       -7.91       -5.00    5.3    2.09s
  7   -8.477001100221       -9.61       -5.52    4.9    1.69s
  8   -8.477001100224      -11.53       -6.53    2.9    1.50s
  9   -8.477001100224      -12.67       -7.19    4.4    1.62s
n     Energy            log10(ΔE)   log10(Δρ)   Diag   Δtime
---   ---------------   ---------   ---------   ----   ------
  1   -8.475502774416                   -0.96    7.0    2.43s
  2   -8.476886797220       -2.86       -1.70    1.8    1.05s
  3   -8.476993150035       -3.97       -2.70    4.1    1.83s
  4   -8.477000613363       -5.13       -3.44    5.1    1.88s
  5   -8.477001086729       -6.32       -4.34    5.4    1.99s
  6   -8.477001099987       -7.88       -5.10    5.3    1.82s
  7   -8.477001100222       -9.63       -5.72    5.1    1.91s
  8   -8.477001100224      -11.69       -6.25    3.2    1.36s
  9   -8.477001100224      -12.97       -7.31    3.3    1.50s
     2    -8.477001e+00     5.930193e-05
 * time: 88.20043611526489
n     Energy            log10(ΔE)   log10(Δρ)   Diag   Δtime
---   ---------------   ---------   ---------   ----   ------
  1   -8.475505661693                   -0.96    7.1    2.38s
  2   -8.476888659949       -2.86       -1.70    1.8    1.03s
  3   -8.476993311279       -3.98       -2.70    3.8    1.75s
  4   -8.477000644139       -5.13       -3.45    5.1    2.00s
  5   -8.477001113044       -6.33       -4.34    5.3    1.74s
  6   -8.477001126765       -7.86       -5.18    5.3    2.04s
  7   -8.477001126974       -9.68       -6.05    5.1    1.73s
  8   -8.477001126976      -11.67       -6.69    4.5    1.83s
  9   -8.477001126976      -13.15       -7.75    4.0    1.49s
n     Energy            log10(ΔE)   log10(Δρ)   Diag   Δtime
---   ---------------   ---------   ---------   ----   ------
  1   -8.475509424745                   -0.96    6.9    2.40s
  2   -8.476884838394       -2.86       -1.70    1.7    1.05s
  3   -8.476993394310       -3.96       -2.70    4.0    1.80s
  4   -8.477000644092       -5.14       -3.46    5.2    1.81s
  5   -8.477001111272       -6.33       -4.32    5.3    1.98s
  6   -8.477001126769       -7.81       -5.22    5.4    1.81s
  7   -8.477001126974       -9.69       -6.15    5.2    2.07s
  8   -8.477001126976      -11.61       -6.92    4.8    1.71s
  9   -8.477001126976      -13.67       -7.86    4.0    1.77s
     3    -8.477001e+00     1.207379e-06
 * time: 132.35907411575317
n     Energy            log10(ΔE)   log10(Δρ)   Diag   Δtime
---   ---------------   ---------   ---------   ----   ------
  1   -8.475499041501                   -0.96    7.0    2.44s
  2   -8.476883601510       -2.86       -1.70    1.8    1.06s
  3   -8.476993148227       -3.96       -2.70    4.0    1.84s
  4   -8.477000638934       -5.13       -3.44    5.2    2.09s
  5   -8.477001112104       -6.32       -4.34    5.3    1.75s
  6   -8.477001126769       -7.83       -5.16    5.4    2.09s
  7   -8.477001126985       -9.66       -5.84    5.1    1.73s
  8   -8.477001126987      -11.73       -6.30    3.6    1.70s
  9   -8.477001126987      -13.18       -7.41    3.2    1.26s
n     Energy            log10(ΔE)   log10(Δρ)   Diag   Δtime
---   ---------------   ---------   ---------   ----   ------
  1   -8.475502160688                   -0.96    7.0    2.35s
  2   -8.476885988084       -2.86       -1.70    1.7    1.02s
  3   -8.476993536445       -3.97       -2.70    4.0    1.82s
  4   -8.477000652705       -5.15       -3.46    5.0    1.77s
  5   -8.477001111134       -6.34       -4.32    5.3    1.99s
  6   -8.477001126757       -7.81       -5.19    5.6    1.85s
  7   -8.477001126985       -9.64       -6.10    5.2    1.98s
  8   -8.477001126987      -11.60       -6.86    4.7    1.64s
  9   -8.477001126987      -13.37       -7.86    4.1    1.71s
     4    -8.477001e+00     1.694589e-09
 * time: 175.6973180770874
 * Status: success

 * Candidate solution
    Final objective value:     -8.477001e+00

 * Found with
    Algorithm:     L-BFGS

 * Convergence measures
    |x - x'|               = 1.84e-05 ≰ -1.0e+00
    |x - x'|/|x'|          = 1.77e-06 ≰ 0.0e+00
    |f(x) - f(x')|         = 1.12e-11 ≤ 1.0e-08
    |f(x) - f(x')|/|f(x')| = 1.32e-12 ≰ 0.0e+00
    |g(x)|                 = 1.69e-09 ≤ 1.0e-06

 * Work counters
    Seconds run:   176  (vs limit Inf)
    Iterations:    4
    f(x) calls:    5
    ∇f(x) calls:   5

Si: 246.114517 seconds (395.20 M allocations: 82.926 GiB, 7.88% gc time, 18.90% compilation time: <1% of which was recompilation)
┌ Info: 2025-05-13T20:57:11.541
│   name = "NaCl"
│   Ecut = 44.0
│   kgrid = MonkhorstPack([13, 13, 13])
│   p0 = ComponentVector{Float64}(a = 10.746130571470083)
│   temperature = 0
└   smearing = DFTK.Smearing.None()
n     Energy            log10(ΔE)   log10(Δρ)   Diag   Δtime
---   ---------------   ---------   ---------   ----   ------
  1   -62.40005196811                   -1.06    8.6    17.5s
  2   -62.40773900549       -2.11       -1.20    2.4    6.59s
  3   -62.41175467998       -2.40       -2.00    3.5    8.11s
  4   -62.41183605592       -4.09       -3.08    2.7    7.18s
  5   -62.41183959194       -5.45       -3.78    4.5    10.5s
  6   -62.41183983202       -6.62       -4.51    3.4    8.42s
  7   -62.41183983814       -8.21       -5.06    3.8    9.28s
  8   -62.41183983885       -9.15       -5.73    3.6    8.31s
  9   -62.41183983887      -10.69       -6.38    3.7    8.02s
 10   -62.41183983887      -12.02       -6.92    3.6    8.60s
 11   -62.41183983887      -12.94       -7.90    3.8    8.32s
Iter     Function value   Gradient norm 
     0    -6.241184e+01     1.240927e-02
 * time: 3.1948089599609375e-5
n     Energy            log10(ΔE)   log10(Δρ)   Diag   Δtime
---   ---------------   ---------   ---------   ----   ------
  1   -62.40015108343                   -1.06    8.5    15.3s
  2   -62.40779989194       -2.12       -1.20    2.5    6.03s
  3   -62.41190726129       -2.39       -2.01    3.6    7.93s
  4   -62.41198820656       -4.09       -3.09    2.7    7.04s
  5   -62.41199174130       -5.45       -3.70    4.5    10.0s
  6   -62.41199203665       -6.53       -4.55    3.6    8.30s
  7   -62.41199204417       -8.12       -5.17    4.0    9.27s
  8   -62.41199204450       -9.48       -6.10    3.8    8.36s
  9   -62.41199204451      -11.05       -6.78    4.0    9.78s
 10   -62.41199204451      -12.92       -7.39    3.8    9.44s
n     Energy            log10(ΔE)   log10(Δρ)   Diag   Δtime
---   ---------------   ---------   ---------   ----   ------
  1   -62.40014841616                   -1.06    8.3    15.5s
  2   -62.40783309906       -2.11       -1.20    2.5    6.18s
  3   -62.41190648036       -2.39       -2.01    3.6    8.42s
  4   -62.41198817490       -4.09       -3.08    2.8    7.11s
  5   -62.41199178015       -5.44       -3.75    4.3    10.3s
  6   -62.41199203782       -6.59       -4.62    3.6    8.54s
  7   -62.41199204429       -8.19       -5.20    4.1    9.69s
  8   -62.41199204448       -9.72       -5.70    3.5    8.83s
  9   -62.41199204451      -10.59       -6.32    3.5    8.67s
 10   -62.41199204451      -12.11       -7.03    3.3    8.64s
     1    -6.241199e+01     1.212225e-02
 * time: 214.4303810596466
n     Energy            log10(ΔE)   log10(Δρ)   Diag   Δtime
---   ---------------   ---------   ---------   ----   ------
  1   -62.40096406722                   -1.04    8.5    16.9s
  2   -62.40953584829       -2.07       -1.14    2.5    6.65s
  3   -62.41548375904       -2.23       -1.93    3.4    8.60s
  4   -62.41560567962       -3.91       -3.09    2.2    6.80s
  5   -62.41561058728       -5.31       -3.56    4.7    11.1s
  6   -62.41561100977       -6.37       -4.46    3.1    7.83s
  7   -62.41561102381       -7.85       -5.12    3.8    9.79s
  8   -62.41561102522       -8.85       -6.02    3.8    9.35s
  9   -62.41561102525      -10.57       -6.54    4.0    9.52s
 10   -62.41561102525      -11.85       -7.17    3.2    8.47s
n     Energy            log10(ΔE)   log10(Δρ)   Diag   Δtime
---   ---------------   ---------   ---------   ----   ------
  1   -62.40096563481                   -1.04    8.5    17.1s
  2   -62.40952023888       -2.07       -1.14    2.5    6.53s
  3   -62.41548318591       -2.22       -1.93    3.5    8.66s
  4   -62.41560579518       -3.91       -3.08    2.2    6.57s
  5   -62.41561061930       -5.32       -3.61    4.6    11.2s
  6   -62.41561101008       -6.41       -4.53    3.1    7.73s
  7   -62.41561102396       -7.86       -5.14    4.0    10.1s
  8   -62.41561102521       -8.90       -5.79    3.6    8.67s
  9   -62.41561102525      -10.35       -6.46    3.6    8.84s
 10   -62.41561102525      -11.82       -7.18    3.4    8.71s
     2    -6.241561e+01     2.424192e-03
 * time: 436.8315849304199
n     Energy            log10(ΔE)   log10(Δρ)   Diag   Δtime
---   ---------------   ---------   ---------   ----   ------
  1   -62.40032587766                   -1.04    8.2    21.4s
  2   -62.40912498717       -2.06       -1.12    2.6    9.06s
  3   -62.41566487658       -2.18       -1.91    3.5    11.2s
  4   -62.41579863113       -3.87       -3.08    2.2    8.64s
  5   -62.41580364551       -5.30       -3.55    4.7    14.9s
  6   -62.41580410098       -6.34       -4.47    3.1    10.2s
  7   -62.41580411789       -7.77       -5.11    3.8    13.0s
  8   -62.41580411954       -8.78       -5.81    3.7    11.9s
  9   -62.41580411959      -10.31       -6.55    3.6    11.7s
 10   -62.41580411959      -11.71       -7.12    3.4    11.7s
n     Energy            log10(ΔE)   log10(Δρ)   Diag   Δtime
---   ---------------   ---------   ---------   ----   ------
  1   -62.40032439575                   -1.04    8.2    21.7s
  2   -62.40909366752       -2.06       -1.12    2.5    8.79s
  3   -62.41566617374       -2.18       -1.91    3.5    11.8s
  4   -62.41579817435       -3.88       -3.07    2.0    8.37s
  5   -62.41580357652       -5.27       -3.46    4.7    14.9s
  6   -62.41580409876       -6.28       -4.41    3.0    9.68s
  7   -62.41580411765       -7.72       -5.04    3.9    13.5s
  8   -62.41580411950       -8.73       -5.56    3.5    12.2s
  9   -62.41580411959      -10.04       -6.45    3.2    10.8s
 10   -62.41580411959      -11.59       -6.75    3.7    12.6s
 11   -62.41580411960      -12.40       -7.08    3.1    11.4s
     3    -6.241580e+01     6.103300e-04
 * time: 733.316733121872
n     Energy            log10(ΔE)   log10(Δρ)   Diag   Δtime
---   ---------------   ---------   ---------   ----   ------
  1   -62.40005507158                   -1.04    8.4    22.4s
  2   -62.40887138491       -2.05       -1.11    2.5    9.00s
  3   -62.41567683998       -2.17       -1.91    3.5    11.4s
  4   -62.41581258984       -3.87       -3.07    2.1    8.67s
  5   -62.41581794073       -5.27       -3.51    4.7    14.7s
  6   -62.41581846090       -6.28       -4.46    3.0    10.1s
  7   -62.41581848140       -7.69       -5.05    4.0    13.8s
  8   -62.41581848317       -8.75       -5.56    3.3    11.8s
  9   -62.41581848328       -9.98       -6.53    3.2    11.0s
 10   -62.41581848328      -11.62       -6.76    3.8    13.9s
 11   -62.41581848328      -12.59       -7.03    3.0    11.2s
n     Energy            log10(ΔE)   log10(Δρ)   Diag   Δtime
---   ---------------   ---------   ---------   ----   ------
  1   -62.40005288045                   -1.04    8.4    22.1s
  2   -62.40888017150       -2.05       -1.11    2.6    9.16s
  3   -62.41567702718       -2.17       -1.91    3.5    11.4s
  4   -62.41581244834       -3.87       -3.07    2.0    8.77s
  5   -62.41581793671       -5.26       -3.48    4.8    15.3s
  6   -62.41581846121       -6.28       -4.43    3.1    10.1s
  7   -62.41581848125       -7.70       -5.04    4.0    13.5s
  8   -62.41581848320       -8.71       -5.58    3.6    12.3s
  9   -62.41581848328      -10.09       -6.39    3.3    11.1s
 10   -62.41581848328      -11.50       -6.74    3.6    12.8s
 11   -62.41581848328      -12.67       -6.99    3.4    11.8s
 12   -62.41581848328   +  -14.15       -8.33    2.3    9.95s
     4    -6.241582e+01     4.484575e-05
 * time: 1057.5452649593353
n     Energy            log10(ΔE)   log10(Δρ)   Diag   Δtime
---   ---------------   ---------   ---------   ----   ------
  1   -62.40003161126                   -1.04    9.0    23.0s
  2   -62.40891109724       -2.05       -1.11    2.5    8.90s
  3   -62.41567487538       -2.17       -1.90    3.5    11.2s
  4   -62.41581266552       -3.86       -3.07    2.0    8.66s
  5   -62.41581808070       -5.27       -3.51    4.8    15.1s
  6   -62.41581854224       -6.34       -4.51    3.1    10.0s
  7   -62.41581856150       -7.72       -5.12    4.0    13.5s
  8   -62.41581856316       -8.78       -5.90    3.7    12.4s
  9   -62.41581856321      -10.32       -6.53    3.6    12.0s
 10   -62.41581856321      -11.70       -7.11    3.3    11.7s
n     Energy            log10(ΔE)   log10(Δρ)   Diag   Δtime
---   ---------------   ---------   ---------   ----   ------
  1   -62.40004171392                   -1.04    8.9    23.5s
  2   -62.40890814362       -2.05       -1.11    2.6    9.06s
  3   -62.41567474845       -2.17       -1.90    3.4    10.9s
  4   -62.41581281745       -3.86       -3.08    2.2    8.94s
  5   -62.41581809927       -5.28       -3.56    4.8    15.3s
  6   -62.41581854339       -6.35       -4.51    3.1    10.1s
  7   -62.41581856137       -7.75       -5.10    4.0    13.2s
  8   -62.41581856316       -8.75       -5.89    3.6    11.9s
  9   -62.41581856321      -10.34       -6.47    3.7    12.2s
 10   -62.41581856321      -11.71       -7.10    3.1    10.9s
     5    -6.241582e+01     9.169865e-07
 * time: 1348.5127670764923
 * Status: success

 * Candidate solution
    Final objective value:     -6.241582e+01

 * Found with
    Algorithm:     L-BFGS

 * Convergence measures
    |x - x'|               = 3.50e-03 ≰ -1.0e+00
    |x - x'|/|x'|          = 3.05e-04 ≰ 0.0e+00
    |f(x) - f(x')|         = 7.99e-08 ≰ 1.0e-08
    |f(x) - f(x')|/|f(x')| = 1.28e-09 ≰ 0.0e+00
    |g(x)|                 = 9.17e-07 ≤ 1.0e-06

 * Work counters
    Seconds run:   1349  (vs limit Inf)
    Iterations:    5
    f(x) calls:    6
    ∇f(x) calls:   6

NaCl: 1472.866560 seconds (1.63 G allocations: 437.925 GiB, 4.89% gc time, 0.20% compilation time)
┌ Info: 2025-05-13T21:21:44.432
│   name = "Al"
│   Ecut = 20.0
│   kgrid = MonkhorstPack([18, 18, 18])
│   p0 = ComponentVector{Float64}(a = 7.641925528121933)
│   temperature = 0.001
└   smearing = DFTK.Smearing.Gaussian()
n     Energy            log10(ΔE)   log10(Δρ)   Diag   Δtime
---   ---------------   ---------   ---------   ----   ------
  1   -2.318836148458                   -1.47    5.5    1.61s
  2   -2.318901819834       -4.18       -1.84    1.3    697ms
  3   -2.318915519710       -4.86       -3.56    3.1    1.13s
  4   -2.318915713617       -6.71       -3.99    4.6    1.52s
  5   -2.318915714124       -9.30       -4.20    2.1    1.12s
  6   -2.318915714323       -9.70       -5.00    2.5    954ms
  7   -2.318915714332      -11.05       -5.65    2.9    1.32s
  8   -2.318915714333      -12.30       -6.10    2.4    930ms
  9   -2.318915714333      -13.23       -6.42    2.6    968ms
 10   -2.318915714333      -14.10       -7.34    2.3    1.18s
Iter     Function value   Gradient norm 
     0    -2.318916e+00     5.679113e-04
 * time: 3.0040740966796875e-5
n     Energy            log10(ΔE)   log10(Δρ)   Diag   Δtime
---   ---------------   ---------   ---------   ----   ------
  1   -2.318837745566                   -1.47    5.5    1.90s
  2   -2.318902516738       -4.19       -1.84    1.3    682ms
  3   -2.318915789074       -4.88       -3.55    3.2    1.45s
  4   -2.318916029510       -6.62       -3.97    4.5    1.49s
  5   -2.318916030053       -9.27       -4.18    2.2    1.15s
  6   -2.318916030270       -9.66       -4.96    2.7    999ms
  7   -2.318916030281      -10.98       -5.62    2.8    1.32s
  8   -2.318916030281      -12.26       -6.15    2.7    1.02s
  9   -2.318916030281      -13.30       -6.49    3.0    1.11s
 10   -2.318916030281      -14.21       -7.32    2.4    1.18s
n     Energy            log10(ΔE)   log10(Δρ)   Diag   Δtime
---   ---------------   ---------   ---------   ----   ------
  1   -2.318836045524                   -1.47    5.5    1.93s
  2   -2.318901913199       -4.18       -1.84    1.3    726ms
  3   -2.318915799076       -4.86       -3.55    3.1    1.44s
  4   -2.318916029490       -6.64       -3.97    4.5    1.53s
  5   -2.318916030052       -9.25       -4.19    2.2    1.18s
  6   -2.318916030271       -9.66       -4.95    2.6    983ms
  7   -2.318916030281      -11.02       -5.63    2.7    1.33s
  8   -2.318916030281      -12.25       -6.19    2.7    1.01s
  9   -2.318916030281      -13.37       -6.48    2.9    1.09s
 10   -2.318916030281      -14.24       -7.30    2.5    1.22s
     1    -2.318916e+00     5.447577e-04
 * time: 52.56287717819214
n     Energy            log10(ΔE)   log10(Δρ)   Diag   Δtime
---   ---------------   ---------   ---------   ----   ------
  1   -2.318847646380                   -1.47    5.6    1.95s
  2   -2.318906967651       -4.23       -1.84    1.3    680ms
  3   -2.318919454694       -4.90       -3.56    3.2    1.41s
  4   -2.318919629307       -6.76       -4.04    4.5    1.50s
  5   -2.318919629726       -9.38       -4.27    2.3    1.19s
  6   -2.318919629870       -9.84       -5.06    2.6    977ms
  7   -2.318919629877      -11.16       -5.84    3.0    1.36s
  8   -2.318919629877      -12.60       -6.42    2.9    1.05s
  9   -2.318919629877      -13.85       -6.85    3.0    1.09s
 10   -2.318919629877      -14.75       -7.90    2.7    1.20s
n     Energy            log10(ΔE)   log10(Δρ)   Diag   Δtime
---   ---------------   ---------   ---------   ----   ------
  1   -2.318847026842                   -1.47    5.6    1.95s
  2   -2.318906860297       -4.22       -1.84    1.3    671ms
  3   -2.318919403358       -4.90       -3.56    3.2    1.41s
  4   -2.318919629266       -6.65       -4.02    4.5    1.50s
  5   -2.318919629715       -9.35       -4.25    2.3    1.20s
  6   -2.318919629869       -9.81       -5.04    2.6    974ms
  7   -2.318919629877      -11.11       -5.85    2.9    1.33s
  8   -2.318919629877      -12.60       -6.44    2.9    1.08s
  9   -2.318919629877      -13.86       -6.98    3.2    1.44s
 10   -2.318919629877   +    -Inf       -7.65    2.6    1.00s
     2    -2.318920e+00     8.892472e-06
 * time: 105.9432110786438
n     Energy            log10(ΔE)   log10(Δρ)   Diag   Δtime
---   ---------------   ---------   ---------   ----   ------
  1   -2.318843830683                   -1.47    5.6    1.93s
  2   -2.318906683068       -4.20       -1.84    1.3    690ms
  3   -2.318919407124       -4.90       -3.57    3.3    1.43s
  4   -2.318919630228       -6.65       -4.03    4.6    1.80s
  5   -2.318919630660       -9.36       -4.25    2.3    915ms
  6   -2.318919630809       -9.83       -5.05    2.8    1.30s
  7   -2.318919630816      -11.16       -5.84    3.0    1.08s
  8   -2.318919630816      -12.59       -6.52    3.1    1.13s
  9   -2.318919630816      -14.03       -7.04    3.2    1.43s
n     Energy            log10(ΔE)   log10(Δρ)   Diag   Δtime
---   ---------------   ---------   ---------   ----   ------
  1   -2.318849040428                   -1.47    5.7    2.00s
  2   -2.318907035498       -4.24       -1.84    1.4    715ms
  3   -2.318919424138       -4.91       -3.56    3.2    1.48s
  4   -2.318919630218       -6.69       -4.03    4.6    1.54s
  5   -2.318919630653       -9.36       -4.25    2.3    1.19s
  6   -2.318919630808       -9.81       -5.03    2.7    1.02s
  7   -2.318919630816      -11.10       -5.83    2.9    1.38s
  8   -2.318919630816      -12.56       -6.41    3.0    1.12s
  9   -2.318919630816      -13.92       -6.89    3.0    1.40s
 10   -2.318919630816      -14.75       -7.82    2.6    967ms
     3    -2.318920e+00     1.391960e-07
 * time: 158.76220798492432
 * Status: success

 * Candidate solution
    Final objective value:     -2.318920e+00

 * Found with
    Algorithm:     L-BFGS

 * Convergence measures
    |x - x'|               = 2.15e-04 ≰ -1.0e+00
    |x - x'|/|x'|          = 2.80e-05 ≰ 0.0e+00
    |f(x) - f(x')|         = 9.39e-10 ≤ 1.0e-08
    |f(x) - f(x')|/|f(x')| = 4.05e-10 ≰ 0.0e+00
    |g(x)|                 = 1.39e-07 ≤ 1.0e-06

 * Work counters
    Seconds run:   159  (vs limit Inf)
    Iterations:    3
    f(x) calls:    4
    ∇f(x) calls:   4

Al: 189.510782 seconds (167.97 M allocations: 40.220 GiB, 6.38% gc time, 0.00% compilation time)
┌ Info: 2025-05-13T21:24:53.943
│   name = "V"
│   Ecut = 42.0
│   kgrid = MonkhorstPack([20, 20, 20])
│   p0 = ComponentVector{Float64}(a = 5.699267600684394)
│   temperature = 0.001
└   smearing = DFTK.Smearing.Gaussian()
┌ Warning: Negative ρcore detected: -3.4151886922104144e-8
└ @ DFTK ~/.julia/packages/DFTK/n2IL4/src/terms/xc.jl:39
n     Energy            log10(ΔE)   log10(Δρ)   Diag   Δtime
---   ---------------   ---------   ---------   ----   ------
  1   -73.87114836758                   -0.95    9.5    8.99s
  2   -73.87800646866       -2.16       -1.15    5.2    5.25s
  3   -73.88252894652       -2.34       -1.54    6.7    6.68s
  4   -73.88310548930       -3.24       -1.86    5.4    5.41s
  5   -73.88320972010       -3.98       -2.23    5.0    5.38s
  6   -73.88323141949       -4.66       -3.06    5.4    5.73s
  7   -73.88323147396       -7.26       -3.45    5.5    5.81s
  8   -73.88323147776       -8.42       -4.01    3.1    4.04s
  9   -73.88323147810       -9.47       -4.44    3.8    4.59s
 10   -73.88323147810      -11.21       -4.90    3.3    4.04s
 11   -73.88323147811      -10.99       -5.44    4.1    4.67s
 12   -73.88323147812      -11.46       -6.06    4.7    5.41s
 13   -73.88323147812   +    -Inf       -6.51    5.1    5.42s
 14   -73.88323147812   +  -12.85       -6.76    5.7    5.56s
 15   -73.88323147812   +  -12.70       -7.44    5.1    5.29s
┌ Warning: Negative ρcore detected: Dual{ForwardDiff.Tag{var"#19#21"{@NamedTuple{ham::Hamiltonian, basis::PlaneWaveBasis{Float64, Float64, DFTK.CPU, FFTGrid{Float64, Float64, Array{StaticArraysCore.SVector{3, Int64}, 3}, Array{StaticArraysCore.SVector{3, Float64}, 3}}, Vector{StaticArraysCore.SVector{3, Int64}}}, energies::Energies{Float64}, converged::Bool, occupation_threshold::Float64, ρ::Array{Float64, 4}, τ::Nothing, α::Float64, eigenvalues::Vector{Vector{Float64}}, occupation::Vector{Vector{Float64}}, εF::Float64, n_bands_converge::Int64, n_iter::Int64, n_matvec::Int64, ψ::Vector{Matrix{ComplexF64}}, diagonalization::Vector{@NamedTuple{λ::Vector{Vector{Float64}}, X::Vector{Matrix{ComplexF64}}, residual_norms::Vector{Vector{Float64}}, n_iter::Vector{Int64}, converged::Bool, n_matvec::Int64}}, stage::Symbol, history_Δρ::Vector{Float64}, history_Etot::Vector{Float64}, timedout::Bool, runtime_ns::UInt64, algorithm::String}, Model{Float64, Float64}, Float64, MonkhorstPack, var"#case#4"{Matrix{Float64}, Float64, MonkhorstPack, Vector{StaticArraysCore.SVector{3, Float64}}, Vector{ElementPsp{PspUpf{Float64, Interpolations.Extrapolation{Float64, 1, Interpolations.GriddedInterpolation{Float64, 1, Vector{Float64}, Interpolations.Gridded{Interpolations.Linear{Interpolations.Throw{Interpolations.OnGrid}}}, Tuple{Vector{Float64}}}, Interpolations.Gridded{Interpolations.Linear{Interpolations.Throw{Interpolations.OnGrid}}}, Interpolations.Throw{Nothing}}}}}, Float64, Float64, String}}, Float64}}(-3.4151886922104144e-8,-1.2413273474001241e-8)
└ @ DFTK ~/.julia/packages/DFTK/n2IL4/src/terms/xc.jl:39
Iter     Function value   Gradient norm 
     0    -7.388323e+01     8.631681e-03
 * time: 3.3855438232421875e-5
┌ Warning: Negative ρcore detected: -3.4106540798030266e-8
└ @ DFTK ~/.julia/packages/DFTK/n2IL4/src/terms/xc.jl:39
n     Energy            log10(ΔE)   log10(Δρ)   Diag   Δtime
---   ---------------   ---------   ---------   ----   ------
  1   -73.87110520659                   -0.95    9.6    9.05s
  2   -73.87803771992       -2.16       -1.15    5.2    5.17s
  3   -73.88259687154       -2.34       -1.54    6.8    6.75s
  4   -73.88317173910       -3.24       -1.86    5.4    5.33s
  5   -73.88327781002       -3.97       -2.22    5.0    5.36s
  6   -73.88330020668       -4.65       -3.07    5.5    5.71s
  7   -73.88330026039       -7.27       -3.45    5.5    5.83s
  8   -73.88330026444       -8.39       -4.01    3.6    4.38s
  9   -73.88330026475       -9.52       -4.44    3.8    4.59s
 10   -73.88330026476      -10.92       -4.92    3.6    4.23s
 11   -73.88330026477      -11.15       -5.49    3.8    4.70s
 12   -73.88330026477      -11.54       -6.17    4.8    5.46s
 13   -73.88330026477   +  -13.85       -6.62    5.2    5.68s
 14   -73.88330026477   +  -13.15       -6.75    5.4    5.50s
 15   -73.88330026477   +  -13.55       -7.47    5.1    5.14s
┌ Warning: Negative ρcore detected: -3.4106540798030266e-8
└ @ DFTK ~/.julia/packages/DFTK/n2IL4/src/terms/xc.jl:39
n     Energy            log10(ΔE)   log10(Δρ)   Diag   Δtime
---   ---------------   ---------   ---------   ----   ------
  1   -73.87110976879                   -0.95    9.6    8.93s
  2   -73.87802362656       -2.16       -1.15    5.1    5.07s
  3   -73.88259753506       -2.34       -1.54    6.8    6.93s
  4   -73.88317235651       -3.24       -1.86    5.4    5.38s
  5   -73.88327792278       -3.98       -2.22    5.0    5.46s
  6   -73.88330020548       -4.65       -3.07    5.5    5.58s
  7   -73.88330025992       -7.26       -3.45    5.5    5.64s
  8   -73.88330026445       -8.34       -4.02    3.9    4.50s
  9   -73.88330026474       -9.54       -4.43    4.1    4.62s
 10   -73.88330026476      -10.69       -4.93    4.2    4.62s
 11   -73.88330026477      -11.19       -5.48    4.0    4.64s
 12   -73.88330026477      -11.50       -6.17    4.8    5.23s
 13   -73.88330026477   +  -13.37       -6.66    5.3    5.58s
 14   -73.88330026477      -13.85       -6.75    5.4    5.55s
 15   -73.88330026477   +  -13.00       -7.47    5.1    5.11s
┌ Warning: Negative ρcore detected: Dual{ForwardDiff.Tag{var"#19#21"{@NamedTuple{ham::Hamiltonian, basis::PlaneWaveBasis{Float64, Float64, DFTK.CPU, FFTGrid{Float64, Float64, Array{StaticArraysCore.SVector{3, Int64}, 3}, Array{StaticArraysCore.SVector{3, Float64}, 3}}, Vector{StaticArraysCore.SVector{3, Int64}}}, energies::Energies{Float64}, converged::Bool, occupation_threshold::Float64, ρ::Array{Float64, 4}, τ::Nothing, α::Float64, eigenvalues::Vector{Vector{Float64}}, occupation::Vector{Vector{Float64}}, εF::Float64, n_bands_converge::Int64, n_iter::Int64, n_matvec::Int64, ψ::Vector{Matrix{ComplexF64}}, diagonalization::Vector{@NamedTuple{λ::Vector{Vector{Float64}}, X::Vector{Matrix{ComplexF64}}, residual_norms::Vector{Vector{Float64}}, n_iter::Vector{Int64}, converged::Bool, n_matvec::Int64}}, stage::Symbol, history_Δρ::Vector{Float64}, history_Etot::Vector{Float64}, timedout::Bool, runtime_ns::UInt64, algorithm::String}, Model{Float64, Float64}, Float64, MonkhorstPack, var"#case#4"{Matrix{Float64}, Float64, MonkhorstPack, Vector{StaticArraysCore.SVector{3, Float64}}, Vector{ElementPsp{PspUpf{Float64, Interpolations.Extrapolation{Float64, 1, Interpolations.GriddedInterpolation{Float64, 1, Vector{Float64}, Interpolations.Gridded{Interpolations.Linear{Interpolations.Throw{Interpolations.OnGrid}}}, Tuple{Vector{Float64}}}, Interpolations.Gridded{Interpolations.Linear{Interpolations.Throw{Interpolations.OnGrid}}}, Interpolations.Throw{Nothing}}}}}, Float64, Float64, String}}, Float64}}(-3.4106540798030266e-8,2.2534159678399834e-8)
└ @ DFTK ~/.julia/packages/DFTK/n2IL4/src/terms/xc.jl:39
     1    -7.388330e+01     7.308529e-03
 * time: 225.52592587471008
┌ Warning: Negative ρcore detected: -3.426287903526182e-8
└ @ DFTK ~/.julia/packages/DFTK/n2IL4/src/terms/xc.jl:39
n     Energy            log10(ΔE)   log10(Δρ)   Diag   Δtime
---   ---------------   ---------   ---------   ----   ------
  1   -73.87063535160                   -0.95   10.2    9.77s
  2   -73.87811365108       -2.13       -1.15    5.4    5.72s
  3   -73.88274044759       -2.33       -1.53    6.9    7.64s
  4   -73.88335955499       -3.21       -1.87    5.7    5.70s
  5   -73.88345689027       -4.01       -2.24    5.1    5.47s
  6   -73.88347834816       -4.67       -3.12    5.7    6.08s
  7   -73.88347837783       -7.53       -3.52    5.6    5.75s
  8   -73.88347838039       -8.59       -4.15    3.2    4.07s
  9   -73.88347838098       -9.23       -4.56    4.4    4.99s
 10   -73.88347838109       -9.95       -5.10    5.1    5.28s
 11   -73.88347838110      -11.79       -5.88    5.1    5.40s
 12   -73.88347838110      -11.92       -6.28    5.8    6.09s
 13   -73.88347838110      -12.77       -6.80    4.7    5.00s
 14   -73.88347838110      -13.85       -7.11    4.8    5.09s
┌ Warning: Negative ρcore detected: -3.426287903526182e-8
└ @ DFTK ~/.julia/packages/DFTK/n2IL4/src/terms/xc.jl:39
n     Energy            log10(ΔE)   log10(Δρ)   Diag   Δtime
---   ---------------   ---------   ---------   ----   ------
  1   -73.87064069813                   -0.95   10.1    9.46s
  2   -73.87812228020       -2.13       -1.15    5.4    5.43s
  3   -73.88273743596       -2.34       -1.53    7.0    6.96s
  4   -73.88335998913       -3.21       -1.87    5.6    5.55s
  5   -73.88345712569       -4.01       -2.24    5.1    5.47s
  6   -73.88347834866       -4.67       -3.12    5.7    5.91s
  7   -73.88347837803       -7.53       -3.52    5.6    5.79s
  8   -73.88347838029       -8.65       -4.14    3.8    4.67s
  9   -73.88347838095       -9.18       -4.57    4.4    4.95s
 10   -73.88347838109       -9.83       -5.11    5.2    5.35s
 11   -73.88347838110      -11.99       -5.87    5.2    5.36s
 12   -73.88347838110      -11.87       -6.30    5.7    5.77s
 13   -73.88347838110      -13.00       -6.81    4.6    4.80s
 14   -73.88347838110   +    -Inf       -7.09    4.4    4.83s
┌ Warning: Negative ρcore detected: Dual{ForwardDiff.Tag{var"#19#21"{@NamedTuple{ham::Hamiltonian, basis::PlaneWaveBasis{Float64, Float64, DFTK.CPU, FFTGrid{Float64, Float64, Array{StaticArraysCore.SVector{3, Int64}, 3}, Array{StaticArraysCore.SVector{3, Float64}, 3}}, Vector{StaticArraysCore.SVector{3, Int64}}}, energies::Energies{Float64}, converged::Bool, occupation_threshold::Float64, ρ::Array{Float64, 4}, τ::Nothing, α::Float64, eigenvalues::Vector{Vector{Float64}}, occupation::Vector{Vector{Float64}}, εF::Float64, n_bands_converge::Int64, n_iter::Int64, n_matvec::Int64, ψ::Vector{Matrix{ComplexF64}}, diagonalization::Vector{@NamedTuple{λ::Vector{Vector{Float64}}, X::Vector{Matrix{ComplexF64}}, residual_norms::Vector{Vector{Float64}}, n_iter::Vector{Int64}, converged::Bool, n_matvec::Int64}}, stage::Symbol, history_Δρ::Vector{Float64}, history_Etot::Vector{Float64}, timedout::Bool, runtime_ns::UInt64, algorithm::String}, Model{Float64, Float64}, Float64, MonkhorstPack, var"#case#4"{Matrix{Float64}, Float64, MonkhorstPack, Vector{StaticArraysCore.SVector{3, Float64}}, Vector{ElementPsp{PspUpf{Float64, Interpolations.Extrapolation{Float64, 1, Interpolations.GriddedInterpolation{Float64, 1, Vector{Float64}, Interpolations.Gridded{Interpolations.Linear{Interpolations.Throw{Interpolations.OnGrid}}}, Tuple{Vector{Float64}}}, Interpolations.Gridded{Interpolations.Linear{Interpolations.Throw{Interpolations.OnGrid}}}, Interpolations.Throw{Nothing}}}}}, Float64, Float64, String}}, Float64}}(-3.426287903526182e-8,-1.7822388583283522e-7)
└ @ DFTK ~/.julia/packages/DFTK/n2IL4/src/terms/xc.jl:39
     2    -7.388348e+01     2.236535e-04
 * time: 447.37652587890625
┌ Warning: Negative ρcore detected: -3.452500714885142e-8
└ @ DFTK ~/.julia/packages/DFTK/n2IL4/src/terms/xc.jl:39
n     Energy            log10(ΔE)   log10(Δρ)   Diag   Δtime
---   ---------------   ---------   ---------   ----   ------
  1   -73.87061711737                   -0.95    9.8    9.36s
  2   -73.87812497264       -2.12       -1.15    5.3    5.44s
  3   -73.88273692581       -2.34       -1.53    6.9    6.92s
  4   -73.88336032077       -3.21       -1.87    5.5    5.54s
  5   -73.88345716676       -4.01       -2.24    5.1    5.40s
  6   -73.88347852195       -4.67       -3.12    5.6    5.83s
  7   -73.88347855051       -7.54       -3.52    5.7    6.00s
  8   -73.88347855273       -8.65       -4.15    3.9    4.75s
  9   -73.88347855342       -9.16       -4.55    4.5    5.05s
 10   -73.88347855360       -9.73       -5.12    5.3    5.47s
 11   -73.88347855360      -12.00       -5.84    5.3    5.52s
 12   -73.88347855361      -11.78       -6.32    5.7    5.74s
 13   -73.88347855361      -13.00       -6.81    4.4    4.78s
 14   -73.88347855361      -13.85       -7.09    5.2    5.37s
┌ Warning: Negative ρcore detected: -3.452500714885142e-8
└ @ DFTK ~/.julia/packages/DFTK/n2IL4/src/terms/xc.jl:39
n     Energy            log10(ΔE)   log10(Δρ)   Diag   Δtime
---   ---------------   ---------   ---------   ----   ------
  1   -73.87061757264                   -0.95    9.7    9.34s
  2   -73.87812772915       -2.12       -1.15    5.3    5.36s
  3   -73.88273572039       -2.34       -1.53    6.9    6.94s
  4   -73.88336076835       -3.20       -1.87    5.6    5.53s
  5   -73.88345729599       -4.02       -2.24    5.1    5.40s
  6   -73.88347852238       -4.67       -3.12    5.6    5.73s
  7   -73.88347855053       -7.55       -3.52    5.6    5.78s
  8   -73.88347855273       -8.66       -4.15    4.0    4.56s
  9   -73.88347855342       -9.16       -4.56    4.5    4.98s
 10   -73.88347855360       -9.75       -5.12    5.2    5.41s
 11   -73.88347855360      -11.99       -5.84    5.2    5.39s
 12   -73.88347855361      -11.77       -6.31    5.8    5.81s
 13   -73.88347855361   +  -13.25       -6.80    4.2    4.73s
 14   -73.88347855361      -12.73       -7.11    5.2    5.29s
┌ Warning: Negative ρcore detected: Dual{ForwardDiff.Tag{var"#19#21"{@NamedTuple{ham::Hamiltonian, basis::PlaneWaveBasis{Float64, Float64, DFTK.CPU, FFTGrid{Float64, Float64, Array{StaticArraysCore.SVector{3, Int64}, 3}, Array{StaticArraysCore.SVector{3, Float64}, 3}}, Vector{StaticArraysCore.SVector{3, Int64}}}, energies::Energies{Float64}, converged::Bool, occupation_threshold::Float64, ρ::Array{Float64, 4}, τ::Nothing, α::Float64, eigenvalues::Vector{Vector{Float64}}, occupation::Vector{Vector{Float64}}, εF::Float64, n_bands_converge::Int64, n_iter::Int64, n_matvec::Int64, ψ::Vector{Matrix{ComplexF64}}, diagonalization::Vector{@NamedTuple{λ::Vector{Vector{Float64}}, X::Vector{Matrix{ComplexF64}}, residual_norms::Vector{Vector{Float64}}, n_iter::Vector{Int64}, converged::Bool, n_matvec::Int64}}, stage::Symbol, history_Δρ::Vector{Float64}, history_Etot::Vector{Float64}, timedout::Bool, runtime_ns::UInt64, algorithm::String}, Model{Float64, Float64}, Float64, MonkhorstPack, var"#case#4"{Matrix{Float64}, Float64, MonkhorstPack, Vector{StaticArraysCore.SVector{3, Float64}}, Vector{ElementPsp{PspUpf{Float64, Interpolations.Extrapolation{Float64, 1, Interpolations.GriddedInterpolation{Float64, 1, Vector{Float64}, Interpolations.Gridded{Interpolations.Linear{Interpolations.Throw{Interpolations.OnGrid}}}, Tuple{Vector{Float64}}}, Interpolations.Gridded{Interpolations.Linear{Interpolations.Throw{Interpolations.OnGrid}}}, Interpolations.Throw{Nothing}}}}}, Float64, Float64, String}}, Float64}}(-3.452500714885142e-8,-1.701114595491983e-7)
└ @ DFTK ~/.julia/packages/DFTK/n2IL4/src/terms/xc.jl:39
     3    -7.388348e+01     6.000097e-06
 * time: 666.9977118968964
┌ Warning: Negative ρcore detected: -3.453206035779368e-8
└ @ DFTK ~/.julia/packages/DFTK/n2IL4/src/terms/xc.jl:39
n     Energy            log10(ΔE)   log10(Δρ)   Diag   Δtime
---   ---------------   ---------   ---------   ----   ------
  1   -73.87061474787                   -0.95    9.8    9.13s
  2   -73.87813313509       -2.12       -1.15    5.3    5.32s
  3   -73.88273391145       -2.34       -1.53    6.9    6.81s
  4   -73.88336135948       -3.20       -1.87    5.5    5.40s
  5   -73.88345739328       -4.02       -2.24    5.1    5.53s
  6   -73.88347852263       -4.68       -3.12    5.6    5.63s
  7   -73.88347855078       -7.55       -3.53    5.6    5.70s
  8   -73.88347855269       -8.72       -4.14    4.5    4.71s
  9   -73.88347855350       -9.09       -4.56    4.5    4.92s
 10   -73.88347855372       -9.66       -5.12    5.3    5.30s
 11   -73.88347855372      -11.97       -5.83    5.3    5.60s
 12   -73.88347855372      -11.76       -6.32    5.6    5.58s
 13   -73.88347855372   +  -13.85       -6.80    4.5    4.58s
 14   -73.88347855372      -12.89       -7.07    4.5    4.73s
┌ Warning: Negative ρcore detected: -3.453206035779368e-8
└ @ DFTK ~/.julia/packages/DFTK/n2IL4/src/terms/xc.jl:39
n     Energy            log10(ΔE)   log10(Δρ)   Diag   Δtime
---   ---------------   ---------   ---------   ----   ------
  1   -73.87061435050                   -0.95    9.8    9.34s
  2   -73.87811885598       -2.12       -1.15    5.3    5.23s
  3   -73.88273865927       -2.34       -1.53    6.8    6.95s
  4   -73.88336004513       -3.21       -1.87    5.6    5.69s
  5   -73.88345688239       -4.01       -2.23    5.0    5.42s
  6   -73.88347851765       -4.66       -3.11    5.6    6.10s
  7   -73.88347855072       -7.48       -3.53    5.6    6.05s
  8   -73.88347855287       -8.67       -4.16    4.1    4.74s
  9   -73.88347855354       -9.17       -4.55    4.5    5.22s
 10   -73.88347855372       -9.75       -5.12    5.2    5.31s
 11   -73.88347855372      -12.10       -5.80    5.1    5.38s
 12   -73.88347855372      -11.73       -6.33    5.6    5.69s
 13   -73.88347855372      -13.85       -6.77    4.3    4.67s
 14   -73.88347855372      -13.37       -7.09    5.2    5.46s
┌ Warning: Negative ρcore detected: Dual{ForwardDiff.Tag{var"#19#21"{@NamedTuple{ham::Hamiltonian, basis::PlaneWaveBasis{Float64, Float64, DFTK.CPU, FFTGrid{Float64, Float64, Array{StaticArraysCore.SVector{3, Int64}, 3}, Array{StaticArraysCore.SVector{3, Float64}, 3}}, Vector{StaticArraysCore.SVector{3, Int64}}}, energies::Energies{Float64}, converged::Bool, occupation_threshold::Float64, ρ::Array{Float64, 4}, τ::Nothing, α::Float64, eigenvalues::Vector{Vector{Float64}}, occupation::Vector{Vector{Float64}}, εF::Float64, n_bands_converge::Int64, n_iter::Int64, n_matvec::Int64, ψ::Vector{Matrix{ComplexF64}}, diagonalization::Vector{@NamedTuple{λ::Vector{Vector{Float64}}, X::Vector{Matrix{ComplexF64}}, residual_norms::Vector{Vector{Float64}}, n_iter::Vector{Int64}, converged::Bool, n_matvec::Int64}}, stage::Symbol, history_Δρ::Vector{Float64}, history_Etot::Vector{Float64}, timedout::Bool, runtime_ns::UInt64, algorithm::String}, Model{Float64, Float64}, Float64, MonkhorstPack, var"#case#4"{Matrix{Float64}, Float64, MonkhorstPack, Vector{StaticArraysCore.SVector{3, Float64}}, Vector{ElementPsp{PspUpf{Float64, Interpolations.Extrapolation{Float64, 1, Interpolations.GriddedInterpolation{Float64, 1, Vector{Float64}, Interpolations.Gridded{Interpolations.Linear{Interpolations.Throw{Interpolations.OnGrid}}}, Tuple{Vector{Float64}}}, Interpolations.Gridded{Interpolations.Linear{Interpolations.Throw{Interpolations.OnGrid}}}, Interpolations.Throw{Nothing}}}}}, Float64, Float64, String}}, Float64}}(-3.453206035779368e-8,-1.698887521264303e-7)
└ @ DFTK ~/.julia/packages/DFTK/n2IL4/src/terms/xc.jl:39
     4    -7.388348e+01     2.665657e-09
 * time: 886.2320449352264
 * Status: success

 * Candidate solution
    Final objective value:     -7.388348e+01

 * Found with
    Algorithm:     L-BFGS

 * Convergence measures
    |x - x'|               = 4.15e-05 ≰ -1.0e+00
    |x - x'|/|x'|          = 7.21e-06 ≰ 0.0e+00
    |f(x) - f(x')|         = 1.18e-10 ≤ 1.0e-08
    |f(x) - f(x')|/|f(x')| = 1.59e-12 ≰ 0.0e+00
    |g(x)|                 = 2.67e-09 ≤ 1.0e-06

 * Work counters
    Seconds run:   886  (vs limit Inf)
    Iterations:    4
    f(x) calls:    5
    ∇f(x) calls:   5

V: 1009.027794 seconds (738.07 M allocations: 353.551 GiB, 5.95% gc time, 0.01% compilation time)
