┌ Info: Threading setup: 
│   Threads.nthreads() = 1
│   n_DFTK = 1
│   n_fft = 1
└   n_blas = 1
┌ Info: 2025-05-13T20:06:09.175
│   name = "Si"
│   Ecut = 18.0
│   kgrid = MonkhorstPack([14, 14, 14])
│   p0 = ComponentVector{Float64}(a = 10.347246312603742)
│   temperature = 0.001
└   smearing = DFTK.Smearing.Gaussian()
n     Energy            log10(ΔE)   log10(Δρ)   Diag   Δtime
---   ---------------   ---------   ---------   ----   ------
  1   -8.479649784603                   -0.95    6.9    10.4s
  2   -8.481120900978       -2.83       -1.70    1.8    4.57s
  3   -8.481227690795       -3.97       -2.68    3.8    1.51s
  4   -8.481234648209       -5.16       -3.44    5.1    1.97s
  5   -8.481235078396       -6.37       -4.30    5.2    1.71s
  6   -8.481235091945       -7.87       -5.08    5.3    2.00s
  7   -8.481235092188       -9.61       -5.77    5.0    1.98s
  8   -8.481235092189      -11.84       -6.20    3.5    1.36s
  9   -8.481235092189      -12.91       -7.58    3.0    1.43s
Iter     Function value   Gradient norm 
     0    -8.481235e+00     3.646462e-03
 * time: 4.00543212890625e-5
n     Energy            log10(ΔE)   log10(Δρ)   Diag   Δtime
---   ---------------   ---------   ---------   ----   ------
  1   -8.479681055560                   -0.95    7.1    2.41s
  2   -8.481133690099       -2.84       -1.70    1.9    1.29s
  3   -8.481240437520       -3.97       -2.69    3.9    1.49s
  4   -8.481247483648       -5.15       -3.44    4.9    1.95s
  5   -8.481247917870       -6.36       -4.31    5.2    1.71s
  6   -8.481247932430       -7.84       -5.11    5.5    2.04s
  7   -8.481247932660       -9.64       -5.84    5.1    1.64s
  8   -8.481247932662      -11.78       -6.34    3.3    1.60s
  9   -8.481247932662      -13.15       -7.60    3.6    1.29s
n     Energy            log10(ΔE)   log10(Δρ)   Diag   Δtime
---   ---------------   ---------   ---------   ----   ------
  1   -8.479681035805                   -0.95    7.0    2.35s
  2   -8.481131000738       -2.84       -1.70    1.7    991ms
  3   -8.481240843205       -3.96       -2.68    4.0    1.79s
  4   -8.481247491372       -5.18       -3.46    5.0    1.71s
  5   -8.481247915751       -6.37       -4.28    5.4    2.00s
  6   -8.481247932438       -7.78       -5.17    5.4    1.80s
  7   -8.481247932660       -9.65       -6.14    5.1    2.08s
  8   -8.481247932662      -11.62       -6.88    4.7    1.63s
  9   -8.481247932662      -13.37       -7.38    4.2    1.77s
     1    -8.481248e+00     3.396372e-03
 * time: 44.98088002204895
n     Energy            log10(ΔE)   log10(Δρ)   Diag   Δtime
---   ---------------   ---------   ---------   ----   ------
  1   -8.479825775505                   -0.96    7.1    2.37s
  2   -8.481209232666       -2.86       -1.69    1.8    1.01s
  3   -8.481325161476       -3.94       -2.70    4.1    1.75s
  4   -8.481333013751       -5.11       -3.46    5.0    1.74s
  5   -8.481333491262       -6.32       -4.34    5.4    1.98s
  6   -8.481333506386       -7.82       -5.22    5.6    1.87s
  7   -8.481333506615       -9.64       -6.15    5.3    2.03s
  8   -8.481333506617      -11.62       -6.91    4.8    1.76s
  9   -8.481333506617      -13.47       -7.84    4.2    1.79s
n     Energy            log10(ΔE)   log10(Δρ)   Diag   Δtime
---   ---------------   ---------   ---------   ----   ------
  1   -8.479848504785                   -0.96    7.0    2.41s
  2   -8.481213487982       -2.86       -1.70    1.8    1.30s
  3   -8.481324681604       -3.95       -2.70    4.0    1.54s
  4   -8.481333004032       -5.08       -3.43    5.1    1.99s
  5   -8.481333494832       -6.31       -4.35    5.2    1.71s
  6   -8.481333506319       -7.94       -4.98    5.2    2.04s
  7   -8.481333506613       -9.53       -5.46    4.9    1.61s
  8   -8.481333506617      -11.41       -6.66    2.8    1.43s
  9   -8.481333506617      -12.57       -7.02    4.7    1.70s
     2    -8.481334e+00     8.625912e-05
 * time: 89.6622850894928
n     Energy            log10(ΔE)   log10(Δρ)   Diag   Δtime
---   ---------------   ---------   ---------   ----   ------
  1   -8.479831782432                   -0.96    6.9    2.39s
  2   -8.481211763866       -2.86       -1.70    1.7    1.29s
  3   -8.481325398785       -3.94       -2.70    4.0    1.54s
  4   -8.481333071404       -5.12       -3.46    5.0    2.01s
  5   -8.481333549179       -6.32       -4.36    5.2    1.72s
  6   -8.481333563436       -7.85       -5.23    5.5    2.10s
  7   -8.481333563649       -9.67       -6.11    5.2    1.82s
  8   -8.481333563651      -11.68       -6.69    4.5    1.86s
  9   -8.481333563651      -13.60       -7.92    3.5    1.33s
n     Energy            log10(ΔE)   log10(Δρ)   Diag   Δtime
---   ---------------   ---------   ---------   ----   ------
  1   -8.479846772533                   -0.96    7.0    2.35s
  2   -8.481211310245       -2.87       -1.70    1.8    1.02s
  3   -8.481325319516       -3.94       -2.70    4.0    1.79s
  4   -8.481333068000       -5.11       -3.45    5.0    1.73s
  5   -8.481333549345       -6.32       -4.36    5.0    1.90s
  6   -8.481333563434       -7.85       -5.19    5.5    1.84s
  7   -8.481333563649       -9.67       -5.92    5.2    1.92s
  8   -8.481333563651      -11.70       -6.39    3.7    1.38s
  9   -8.481333563651      -13.32       -7.41    3.3    1.49s
     3    -8.481334e+00     2.131058e-06
 * time: 133.77168107032776
n     Energy            log10(ΔE)   log10(Δρ)   Diag   Δtime
---   ---------------   ---------   ---------   ----   ------
  1   -8.479838591255                   -0.96    6.8    2.32s
  2   -8.481211235040       -2.86       -1.70    1.7    990ms
  3   -8.481324911649       -3.94       -2.70    3.9    1.74s
  4   -8.481333064824       -5.09       -3.44    5.0    1.97s
  5   -8.481333550978       -6.31       -4.36    5.2    1.68s
  6   -8.481333563436       -7.90       -5.06    5.4    2.07s
  7   -8.481333563683       -9.61       -5.56    5.2    1.66s
  8   -8.481333563686      -11.54       -6.84    3.0    1.48s
  9   -8.481333563686      -12.66       -7.39    5.0    1.76s
n     Energy            log10(ΔE)   log10(Δρ)   Diag   Δtime
---   ---------------   ---------   ---------   ----   ------
  1   -8.479847366278                   -0.96    6.9    2.44s
  2   -8.481215182274       -2.86       -1.70    1.8    1.02s
  3   -8.481325027806       -3.96       -2.70    3.9    1.79s
  4   -8.481333062541       -5.10       -3.43    5.1    1.78s
  5   -8.481333551342       -6.31       -4.36    5.2    1.94s
  6   -8.481333563423       -7.92       -5.05    5.2    1.82s
  7   -8.481333563683       -9.58       -5.56    5.0    1.91s
  8   -8.481333563686      -11.58       -6.31    2.9    1.24s
  9   -8.481333563686      -12.65       -7.12    3.8    1.70s
     4    -8.481334e+00     5.264062e-09
 * time: 178.00096702575684
 * Status: success

 * Candidate solution
    Final objective value:     -8.481334e+00

 * Found with
    Algorithm:     L-BFGS

 * Convergence measures
    |x - x'|               = 3.27e-05 ≰ -1.0e+00
    |x - x'|/|x'|          = 3.14e-06 ≰ 0.0e+00
    |f(x) - f(x')|         = 3.50e-11 ≤ 1.0e-08
    |f(x) - f(x')|/|f(x')| = 4.13e-12 ≰ 0.0e+00
    |g(x)|                 = 5.26e-09 ≤ 1.0e-06

 * Work counters
    Seconds run:   178  (vs limit Inf)
    Iterations:    4
    f(x) calls:    5
    ∇f(x) calls:   5

Si: 247.156378 seconds (395.69 M allocations: 82.896 GiB, 7.72% gc time, 18.78% compilation time: <1% of which was recompilation)
┌ Info: 2025-05-13T20:10:16.913
│   name = "NaCl"
│   Ecut = 44.0
│   kgrid = MonkhorstPack([13, 13, 13])
│   p0 = ComponentVector{Float64}(a = 10.746130571470083)
│   temperature = 0
└   smearing = DFTK.Smearing.None()
n     Energy            log10(ΔE)   log10(Δρ)   Diag   Δtime
---   ---------------   ---------   ---------   ----   ------
  1   -62.42682549665                   -1.06    8.6    17.6s
  2   -62.43466735137       -2.11       -1.19    2.5    6.66s
  3   -62.43882706536       -2.38       -2.01    3.6    8.36s
  4   -62.43890410141       -4.11       -3.08    2.8    6.94s
  5   -62.43890752508       -5.47       -3.65    4.5    9.90s
  6   -62.43890783542       -6.51       -4.51    3.4    8.06s
  7   -62.43890784258       -8.14       -5.08    3.9    8.86s
  8   -62.43890784299       -9.39       -5.83    3.5    8.24s
  9   -62.43890784301      -10.78       -6.46    3.7    8.95s
 10   -62.43890784301      -12.55       -7.11    3.4    8.37s
Iter     Function value   Gradient norm 
     0    -6.243891e+01     1.253583e-02
 * time: 2.5987625122070312e-5
n     Energy            log10(ΔE)   log10(Δρ)   Diag   Δtime
---   ---------------   ---------   ---------   ----   ------
  1   -62.42692565366                   -1.06    9.4    16.5s
  2   -62.43477650956       -2.11       -1.19    2.5    6.07s
  3   -62.43898203180       -2.38       -2.01    3.6    8.02s
  4   -62.43905938642       -4.11       -3.08    2.9    7.28s
  5   -62.43906281621       -5.46       -3.64    4.5    10.2s
  6   -62.43906313913       -6.49       -4.48    3.5    8.39s
  7   -62.43906314691       -8.11       -5.09    4.0    9.06s
  8   -62.43906314734       -9.37       -5.86    3.7    8.59s
  9   -62.43906314735      -10.87       -6.51    3.8    9.34s
 10   -62.43906314735      -12.47       -7.17    3.5    8.66s
n     Energy            log10(ΔE)   log10(Δρ)   Diag   Δtime
---   ---------------   ---------   ---------   ----   ------
  1   -62.42692582330                   -1.06    9.5    17.5s
  2   -62.43476523884       -2.11       -1.19    2.8    6.61s
  3   -62.43898145016       -2.38       -2.01    3.8    8.41s
  4   -62.43905935568       -4.11       -3.07    2.9    8.09s
  5   -62.43906281335       -5.46       -3.63    4.4    10.2s
  6   -62.43906313801       -6.49       -4.45    3.6    8.46s
  7   -62.43906314692       -8.05       -5.03    4.0    9.38s
  8   -62.43906314734       -9.37       -5.94    3.6    8.41s
  9   -62.43906314735      -10.98       -6.61    3.9    9.28s
 10   -62.43906314735      -12.69       -7.42    3.7    9.08s
     1    -6.243906e+01     1.224229e-02
 * time: 217.02041792869568
n     Energy            log10(ΔE)   log10(Δρ)   Diag   Δtime
---   ---------------   ---------   ---------   ----   ------
  1   -62.42773723292                   -1.04    8.7    17.6s
  2   -62.43645165711       -2.06       -1.13    2.5    6.79s
  3   -62.44258761600       -2.21       -1.93    3.5    9.16s
  4   -62.44270255757       -3.94       -3.06    2.1    6.59s
  5   -62.44270714012       -5.34       -3.52    4.8    11.9s
  6   -62.44270760886       -6.33       -4.37    3.1    7.83s
  7   -62.44270762451       -7.81       -5.03    3.8    10.1s
  8   -62.44270762601       -8.82       -5.54    3.5    9.67s
  9   -62.44270762608      -10.12       -6.49    3.3    9.21s
 10   -62.44270762609      -11.76       -6.91    3.7    9.67s
 11   -62.44270762609      -12.58       -7.28    3.6    9.54s
n     Energy            log10(ΔE)   log10(Δρ)   Diag   Δtime
---   ---------------   ---------   ---------   ----   ------
  1   -62.42773612121                   -1.04    8.8    17.5s
  2   -62.43648622503       -2.06       -1.13    2.4    6.68s
  3   -62.44258642338       -2.21       -1.93    3.5    8.82s
  4   -62.44270269822       -3.93       -3.08    2.1    6.52s
  5   -62.44270716352       -5.35       -3.53    4.7    11.6s
  6   -62.44270761018       -6.35       -4.35    3.0    7.62s
  7   -62.44270762452       -7.84       -5.05    3.5    9.58s
  8   -62.44270762604       -8.82       -5.64    3.5    9.23s
  9   -62.44270762608      -10.33       -6.53    3.2    9.01s
 10   -62.44270762609      -11.71       -7.02    3.7    9.82s
     2    -6.244271e+01     2.440657e-03
 * time: 455.47966408729553
n     Energy            log10(ΔE)   log10(Δρ)   Diag   Δtime
---   ---------------   ---------   ---------   ----   ------
  1   -62.42709108405                   -1.03    8.3    22.4s
  2   -62.43598144652       -2.05       -1.11    2.6    9.10s
  3   -62.44277092636       -2.17       -1.91    3.6    12.2s
  4   -62.44289544072       -3.90       -3.04    2.2    8.98s
  5   -62.44290026046       -5.32       -3.50    4.6    15.0s
  6   -62.44290077494       -6.29       -4.37    3.0    10.2s
  7   -62.44290079277       -7.75       -4.97    3.8    13.6s
  8   -62.44290079455       -8.75       -5.43    3.3    12.1s
  9   -62.44290079464      -10.02       -6.44    3.1    11.6s
 10   -62.44290079465      -11.64       -6.70    4.0    13.9s
 11   -62.44290079465      -12.49       -7.03    2.9    11.1s
n     Energy            log10(ΔE)   log10(Δρ)   Diag   Δtime
---   ---------------   ---------   ---------   ----   ------
  1   -62.42709394330                   -1.03    8.3    22.0s
  2   -62.43599774059       -2.05       -1.12    2.5    8.84s
  3   -62.44277120584       -2.17       -1.91    3.4    11.9s
  4   -62.44289509712       -3.91       -3.03    2.0    8.50s
  5   -62.44290022200       -5.29       -3.44    4.5    14.7s
  6   -62.44290077334       -6.26       -4.29    3.2    10.5s
  7   -62.44290079282       -7.71       -5.00    3.7    13.3s
  8   -62.44290079455       -8.76       -5.46    3.6    12.6s
  9   -62.44290079464      -10.03       -6.50    3.3    11.8s
 10   -62.44290079465      -11.63       -6.80    4.0    13.6s
 11   -62.44290079465      -12.34       -7.16    3.4    12.2s
     3    -6.244290e+01     6.123739e-04
 * time: 774.8000290393829
n     Energy            log10(ΔE)   log10(Δρ)   Diag   Δtime
---   ---------------   ---------   ---------   ----   ------
  1   -62.42682377465                   -1.03    8.4    22.3s
  2   -62.43579977002       -2.05       -1.11    2.7    9.48s
  3   -62.44278183232       -2.16       -1.91    3.5    11.6s
  4   -62.44290933347       -3.89       -3.03    2.1    8.67s
  5   -62.44291446892       -5.29       -3.46    4.6    15.2s
  6   -62.44291502243       -6.26       -4.32    3.1    10.3s
  7   -62.44291504157       -7.72       -4.99    3.7    13.6s
  8   -62.44291504358       -8.70       -5.48    3.3    12.1s
  9   -62.44291504368       -9.97       -6.46    3.1    11.4s
 10   -62.44291504368      -11.59       -6.77    3.6    13.1s
 11   -62.44291504369      -12.36       -7.10    3.2    12.2s
n     Energy            log10(ΔE)   log10(Δρ)   Diag   Δtime
---   ---------------   ---------   ---------   ----   ------
  1   -62.42682736152                   -1.03    8.4    22.2s
  2   -62.43583984698       -2.05       -1.11    2.6    9.26s
  3   -62.44278133537       -2.16       -1.90    3.6    11.8s
  4   -62.44290919378       -3.89       -3.03    2.1    8.69s
  5   -62.44291445425       -5.28       -3.42    4.5    14.9s
  6   -62.44291502176       -6.25       -4.25    3.1    10.1s
  7   -62.44291504161       -7.70       -5.01    3.5    12.7s
  8   -62.44291504358       -8.71       -5.53    3.5    12.5s
  9   -62.44291504368       -9.98       -6.41    3.5    12.6s
 10   -62.44291504368      -11.62       -6.85    3.5    12.5s
 11   -62.44291504369      -12.35       -7.23    3.7    13.0s
     4    -6.244292e+01     4.463354e-05
 * time: 1091.4957098960876
n     Energy            log10(ΔE)   log10(Δρ)   Diag   Δtime
---   ---------------   ---------   ---------   ----   ------
  1   -62.42679638784                   -1.03    8.6    22.8s
  2   -62.43580008956       -2.05       -1.11    2.6    9.27s
  3   -62.44278143717       -2.16       -1.90    3.4    11.3s
  4   -62.44290930672       -3.89       -3.02    2.0    8.78s
  5   -62.44291452541       -5.28       -3.44    4.5    14.2s
  6   -62.44291509942       -6.24       -4.27    3.1    10.3s
  7   -62.44291511974       -7.69       -4.99    3.7    12.7s
  8   -62.44291512174       -8.70       -5.51    3.5    12.6s
  9   -62.44291512185       -9.96       -6.47    3.3    11.3s
 10   -62.44291512185      -11.58       -6.82    3.7    13.1s
 11   -62.44291512185      -12.43       -7.15    3.4    12.1s
n     Energy            log10(ΔE)   log10(Δρ)   Diag   Δtime
---   ---------------   ---------   ---------   ----   ------
  1   -62.42679776945                   -1.03    8.6    22.2s
  2   -62.43584092987       -2.04       -1.11    2.4    8.74s
  3   -62.44277903112       -2.16       -1.90    3.4    11.2s
  4   -62.44290931904       -3.89       -3.05    2.0    8.27s
  5   -62.44291455235       -5.28       -3.43    4.6    14.7s
  6   -62.44291510006       -6.26       -4.27    3.1    9.69s
  7   -62.44291511974       -7.71       -5.02    3.6    12.7s
  8   -62.44291512176       -8.69       -5.57    3.5    11.8s
  9   -62.44291512185      -10.05       -6.48    3.4    11.6s
 10   -62.44291512185      -11.53       -6.87    3.7    12.2s
 11   -62.44291512185      -12.54       -7.24    3.5    12.1s
     5    -6.244292e+01     9.026369e-07
 * time: 1403.964891910553
 * Status: success

 * Candidate solution
    Final objective value:     -6.244292e+01

 * Found with
    Algorithm:     L-BFGS

 * Convergence measures
    |x - x'|               = 3.43e-03 ≰ -1.0e+00
    |x - x'|/|x'|          = 2.99e-04 ≰ 0.0e+00
    |f(x) - f(x')|         = 7.82e-08 ≰ 1.0e-08
    |f(x) - f(x')|/|f(x')| = 1.25e-09 ≰ 0.0e+00
    |g(x)|                 = 9.03e-07 ≤ 1.0e-06

 * Work counters
    Seconds run:   1404  (vs limit Inf)
    Iterations:    5
    f(x) calls:    6
    ∇f(x) calls:   6

NaCl: 1519.749772 seconds (1.64 G allocations: 444.313 GiB, 4.82% gc time, 0.21% compilation time)
┌ Info: 2025-05-13T20:35:36.692
│   name = "Al"
│   Ecut = 20.0
│   kgrid = MonkhorstPack([18, 18, 18])
│   p0 = ComponentVector{Float64}(a = 7.641925528121933)
│   temperature = 0.001
└   smearing = DFTK.Smearing.Gaussian()
n     Energy            log10(ΔE)   log10(Δρ)   Diag   Δtime
---   ---------------   ---------   ---------   ----   ------
  1   -2.319431612144                   -1.48    5.5    1.91s
  2   -2.319494990094       -4.20       -1.84    1.3    719ms
  3   -2.319507390751       -4.91       -3.55    3.1    1.44s
  4   -2.319507595460       -6.69       -3.96    4.5    1.53s
  5   -2.319507595989       -9.28       -4.15    2.1    1.14s
  6   -2.319507596227       -9.62       -5.00    2.5    1.01s
  7   -2.319507596240      -10.90       -5.61    3.0    1.38s
  8   -2.319507596240      -12.19       -6.03    2.6    998ms
  9   -2.319507596240      -13.09       -6.25    2.5    1.00s
 10   -2.319507596240      -13.68       -7.30    2.4    1.20s
Iter     Function value   Gradient norm 
     0    -2.319508e+00     8.929942e-04
 * time: 3.218650817871094e-5
n     Energy            log10(ΔE)   log10(Δρ)   Diag   Δtime
---   ---------------   ---------   ---------   ----   ------
  1   -2.319429106962                   -1.48    5.4    1.98s
  2   -2.319495024004       -4.18       -1.84    1.3    750ms
  3   -2.319508176883       -4.88       -3.54    3.1    1.51s
  4   -2.319508376546       -6.70       -3.95    4.5    1.64s
  5   -2.319508377101       -9.26       -4.14    2.1    1.20s
  6   -2.319508377351       -9.60       -4.96    2.4    1.02s
  7   -2.319508377366      -10.82       -5.62    3.0    1.43s
  8   -2.319508377367      -12.19       -5.99    2.6    1.06s
  9   -2.319508377367      -12.95       -6.36    2.7    1.09s
 10   -2.319508377367      -13.86       -7.30    2.5    1.29s
n     Energy            log10(ΔE)   log10(Δρ)   Diag   Δtime
---   ---------------   ---------   ---------   ----   ------
  1   -2.319433064612                   -1.48    5.5    1.96s
  2   -2.319495659252       -4.20       -1.84    1.2    728ms
  3   -2.319508161972       -4.90       -3.54    3.0    1.47s
  4   -2.319508376560       -6.67       -3.95    4.5    1.62s
  5   -2.319508377105       -9.26       -4.14    2.0    1.15s
  6   -2.319508377351       -9.61       -4.96    2.5    1.00s
  7   -2.319508377366      -10.83       -5.60    3.0    1.44s
  8   -2.319508377367      -12.20       -5.93    2.5    1.01s
  9   -2.319508377367      -12.89       -6.36    2.5    1.05s
 10   -2.319508377367      -13.85       -7.29    2.6    1.32s
     1    -2.319508e+00     8.564532e-04
 * time: 57.37491512298584
n     Energy            log10(ΔE)   log10(Δρ)   Diag   Δtime
---   ---------------   ---------   ---------   ----   ------
  1   -2.319441483346                   -1.48    5.4    2.00s
  2   -2.319504273703       -4.20       -1.84    1.3    759ms
  3   -2.319516955769       -4.90       -3.56    3.2    1.50s
  4   -2.319517186577       -6.64       -4.01    4.5    1.58s
  5   -2.319517186966       -9.41       -4.23    2.2    1.21s
  6   -2.319517187106       -9.85       -5.12    2.5    1.03s
  7   -2.319517187114      -11.09       -6.02    3.0    1.46s
  8   -2.319517187114      -12.82       -6.44    3.2    1.24s
  9   -2.319517187114      -13.78       -6.99    2.6    1.13s
 10   -2.319517187114   +  -15.35       -7.82    2.8    1.36s
n     Energy            log10(ΔE)   log10(Δρ)   Diag   Δtime
---   ---------------   ---------   ---------   ----   ------
  1   -2.319440747952                   -1.48    5.4    1.94s
  2   -2.319504273486       -4.20       -1.84    1.3    1.01s
  3   -2.319516979039       -4.90       -3.56    3.1    1.22s
  4   -2.319517186582       -6.68       -4.03    4.5    1.87s
  5   -2.319517186969       -9.41       -4.24    2.1    918ms
  6   -2.319517187106       -9.86       -5.13    2.4    1.03s
  7   -2.319517187114      -11.11       -6.00    3.1    1.42s
  8   -2.319517187114      -12.80       -6.40    3.1    1.17s
  9   -2.319517187114      -13.73       -6.92    2.4    1.27s
 10   -2.319517187114      -15.35       -7.81    3.0    1.13s
     2    -2.319517e+00     2.129471e-05
 * time: 116.04150009155273
n     Energy            log10(ΔE)   log10(Δρ)   Diag   Δtime
---   ---------------   ---------   ---------   ----   ------
  1   -2.319440722628                   -1.48    5.4    1.96s
  2   -2.319504603174       -4.19       -1.84    1.3    1.02s
  3   -2.319516995140       -4.91       -3.57    3.1    1.26s
  4   -2.319517191863       -6.71       -4.02    4.5    1.89s
  5   -2.319517192262       -9.40       -4.24    2.2    972ms
  6   -2.319517192401       -9.86       -5.13    2.5    1.32s
  7   -2.319517192409      -11.11       -5.96    3.1    1.26s
  8   -2.319517192409      -12.86       -6.37    2.9    1.21s
  9   -2.319517192409      -13.70       -6.91    2.6    1.32s
 10   -2.319517192409      -15.35       -7.80    3.0    1.19s
n     Energy            log10(ΔE)   log10(Δρ)   Diag   Δtime
---   ---------------   ---------   ---------   ----   ------
  1   -2.319437051894                   -1.48    5.5    1.98s
  2   -2.319504182554       -4.17       -1.84    1.3    739ms
  3   -2.319516961854       -4.89       -3.57    3.1    1.53s
  4   -2.319517191883       -6.64       -4.02    4.6    1.65s
  5   -2.319517192263       -9.42       -4.24    2.1    1.20s
  6   -2.319517192401       -9.86       -5.14    2.5    1.02s
  7   -2.319517192409      -11.12       -5.97    3.2    1.24s
  8   -2.319517192409      -12.82       -6.48    2.8    1.47s
  9   -2.319517192409      -13.91       -7.02    2.8    1.18s
     3    -2.319517e+00     4.413156e-07
 * time: 173.88095617294312
 * Status: success

 * Candidate solution
    Final objective value:     -2.319517e+00

 * Found with
    Algorithm:     L-BFGS

 * Convergence measures
    |x - x'|               = 5.08e-04 ≰ -1.0e+00
    |x - x'|/|x'|          = 6.63e-05 ≰ 0.0e+00
    |f(x) - f(x')|         = 5.29e-09 ≤ 1.0e-08
    |f(x) - f(x')|/|f(x')| = 2.28e-09 ≰ 0.0e+00
    |g(x)|                 = 4.41e-07 ≤ 1.0e-06

 * Work counters
    Seconds run:   174  (vs limit Inf)
    Iterations:    3
    f(x) calls:    4
    ∇f(x) calls:   4

Al: 205.476194 seconds (167.13 M allocations: 39.828 GiB, 5.93% gc time, 0.00% compilation time)
┌ Info: 2025-05-13T20:39:02.169
│   name = "V"
│   Ecut = 42.0
│   kgrid = MonkhorstPack([20, 20, 20])
│   p0 = ComponentVector{Float64}(a = 5.699267600684394)
│   temperature = 0.001
└   smearing = DFTK.Smearing.Gaussian()
┌ Warning: Negative ρcore detected: -3.4151886922104144e-8
└ @ DFTK ~/.julia/packages/DFTK/n2IL4/src/terms/xc.jl:39
n     Energy            log10(ΔE)   log10(Δρ)   Diag   Δtime
---   ---------------   ---------   ---------   ----   ------
  1   -73.89127617581                   -0.97    9.5    8.85s
  2   -73.89767059371       -2.19       -1.17    5.1    5.45s
  3   -73.90195741897       -2.37       -1.55    6.8    6.77s
  4   -73.90249975195       -3.27       -1.88    5.4    5.45s
  5   -73.90259520050       -4.02       -2.24    4.9    5.42s
  6   -73.90261584507       -4.69       -3.07    5.4    5.54s
  7   -73.90261589301       -7.32       -3.46    5.4    5.61s
  8   -73.90261589658       -8.45       -3.98    3.1    3.94s
  9   -73.90261589691       -9.48       -4.46    3.8    4.43s
 10   -73.90261589691   +  -11.57       -4.86    3.4    4.06s
 11   -73.90261589692      -10.92       -5.40    4.1    4.47s
 12   -73.90261589693      -11.11       -5.98    4.7    5.08s
 13   -73.90261589693      -11.88       -6.46    5.0    5.17s
 14   -73.90261589693      -12.81       -6.69    5.6    5.50s
 15   -73.90261589693      -12.67       -7.44    5.0    5.13s
┌ Warning: Negative ρcore detected: Dual{ForwardDiff.Tag{var"#19#21"{@NamedTuple{ham::Hamiltonian, basis::PlaneWaveBasis{Float64, Float64, DFTK.CPU, FFTGrid{Float64, Float64, Array{StaticArraysCore.SVector{3, Int64}, 3}, Array{StaticArraysCore.SVector{3, Float64}, 3}}, Vector{StaticArraysCore.SVector{3, Int64}}}, energies::Energies{Float64}, converged::Bool, occupation_threshold::Float64, ρ::Array{Float64, 4}, τ::Nothing, α::Float64, eigenvalues::Vector{Vector{Float64}}, occupation::Vector{Vector{Float64}}, εF::Float64, n_bands_converge::Int64, n_iter::Int64, n_matvec::Int64, ψ::Vector{Matrix{ComplexF64}}, diagonalization::Vector{@NamedTuple{λ::Vector{Vector{Float64}}, X::Vector{Matrix{ComplexF64}}, residual_norms::Vector{Vector{Float64}}, n_iter::Vector{Int64}, converged::Bool, n_matvec::Int64}}, stage::Symbol, history_Δρ::Vector{Float64}, history_Etot::Vector{Float64}, timedout::Bool, runtime_ns::UInt64, algorithm::String}, Model{Float64, Float64}, Float64, MonkhorstPack, var"#case#4"{Matrix{Float64}, Float64, MonkhorstPack, Vector{StaticArraysCore.SVector{3, Float64}}, Vector{ElementPsp{PspUpf{Float64, Interpolations.Extrapolation{Float64, 1, Interpolations.GriddedInterpolation{Float64, 1, Vector{Float64}, Interpolations.Gridded{Interpolations.Linear{Interpolations.Throw{Interpolations.OnGrid}}}, Tuple{Vector{Float64}}}, Interpolations.Gridded{Interpolations.Linear{Interpolations.Throw{Interpolations.OnGrid}}}, Interpolations.Throw{Nothing}}}}}, Float64, Float64, String}}, Float64}}(-3.4151886922104144e-8,-1.2413273474001241e-8)
└ @ DFTK ~/.julia/packages/DFTK/n2IL4/src/terms/xc.jl:39
Iter     Function value   Gradient norm 
     0    -7.390262e+01     9.951525e-03
 * time: 2.8848648071289062e-5
┌ Warning: Negative ρcore detected: -3.4073401687690633e-8
└ @ DFTK ~/.julia/packages/DFTK/n2IL4/src/terms/xc.jl:39
n     Energy            log10(ΔE)   log10(Δρ)   Diag   Δtime
---   ---------------   ---------   ---------   ----   ------
  1   -73.89125807252                   -0.96    9.4    8.74s
  2   -73.89769716806       -2.19       -1.16    5.2    5.09s
  3   -73.90205303736       -2.36       -1.55    6.6    7.06s
  4   -73.90258656108       -3.27       -1.87    5.4    5.27s
  5   -73.90268548487       -4.00       -2.23    5.1    5.25s
  6   -73.90270725954       -4.66       -3.07    5.4    5.48s
  7   -73.90270731278       -7.27       -3.44    5.4    5.56s
  8   -73.90270731735       -8.34       -3.97    3.9    4.31s
  9   -73.90270731773       -9.42       -4.45    3.9    4.72s
 10   -73.90270731775      -10.69       -4.89    4.3    4.67s
 11   -73.90270731776      -11.01       -5.42    3.9    4.47s
 12   -73.90270731776      -11.46       -6.08    4.8    5.16s
 13   -73.90270731776   +  -12.67       -6.53    5.1    5.51s
 14   -73.90270731776   +  -12.73       -6.72    5.5    5.48s
 15   -73.90270731776   +  -12.70       -7.34    5.1    5.22s
┌ Warning: Negative ρcore detected: -3.4073401687690633e-8
└ @ DFTK ~/.julia/packages/DFTK/n2IL4/src/terms/xc.jl:39
n     Energy            log10(ΔE)   log10(Δρ)   Diag   Δtime
---   ---------------   ---------   ---------   ----   ------
  1   -73.89125849535                   -0.96    9.5    9.08s
  2   -73.89770539052       -2.19       -1.16    5.1    5.07s
  3   -73.90205077969       -2.36       -1.55    6.7    6.68s
  4   -73.90258732589       -3.27       -1.87    5.4    5.35s
  5   -73.90268539242       -4.01       -2.23    4.9    5.23s
  6   -73.90270725551       -4.66       -3.07    5.5    5.57s
  7   -73.90270731340       -7.24       -3.45    5.5    5.65s
  8   -73.90270731740       -8.40       -4.00    3.7    4.27s
  9   -73.90270731773       -9.48       -4.43    3.8    4.46s
 10   -73.90270731775      -10.77       -4.91    4.0    4.50s
 11   -73.90270731776      -11.08       -5.43    4.0    4.47s
 12   -73.90270731776      -11.51       -6.08    4.8    5.12s
 13   -73.90270731776   +  -12.64       -6.52    5.1    5.45s
 14   -73.90270731776   +  -12.64       -6.73    5.6    5.39s
 15   -73.90270731776   +  -12.64       -7.35    5.0    5.07s
┌ Warning: Negative ρcore detected: Dual{ForwardDiff.Tag{var"#19#21"{@NamedTuple{ham::Hamiltonian, basis::PlaneWaveBasis{Float64, Float64, DFTK.CPU, FFTGrid{Float64, Float64, Array{StaticArraysCore.SVector{3, Int64}, 3}, Array{StaticArraysCore.SVector{3, Float64}, 3}}, Vector{StaticArraysCore.SVector{3, Int64}}}, energies::Energies{Float64}, converged::Bool, occupation_threshold::Float64, ρ::Array{Float64, 4}, τ::Nothing, α::Float64, eigenvalues::Vector{Vector{Float64}}, occupation::Vector{Vector{Float64}}, εF::Float64, n_bands_converge::Int64, n_iter::Int64, n_matvec::Int64, ψ::Vector{Matrix{ComplexF64}}, diagonalization::Vector{@NamedTuple{λ::Vector{Vector{Float64}}, X::Vector{Matrix{ComplexF64}}, residual_norms::Vector{Vector{Float64}}, n_iter::Vector{Int64}, converged::Bool, n_matvec::Int64}}, stage::Symbol, history_Δρ::Vector{Float64}, history_Etot::Vector{Float64}, timedout::Bool, runtime_ns::UInt64, algorithm::String}, Model{Float64, Float64}, Float64, MonkhorstPack, var"#case#4"{Matrix{Float64}, Float64, MonkhorstPack, Vector{StaticArraysCore.SVector{3, Float64}}, Vector{ElementPsp{PspUpf{Float64, Interpolations.Extrapolation{Float64, 1, Interpolations.GriddedInterpolation{Float64, 1, Vector{Float64}, Interpolations.Gridded{Interpolations.Linear{Interpolations.Throw{Interpolations.OnGrid}}}, Tuple{Vector{Float64}}}, Interpolations.Gridded{Interpolations.Linear{Interpolations.Throw{Interpolations.OnGrid}}}, Interpolations.Throw{Nothing}}}}}, Float64, Float64, String}}, Float64}}(-3.4073401687690633e-8,2.7673562312178737e-8)
└ @ DFTK ~/.julia/packages/DFTK/n2IL4/src/terms/xc.jl:39
     1    -7.390271e+01     8.423261e-03
 * time: 228.7337348461151
┌ Warning: Negative ρcore detected: -3.5584114070539864e-8
└ @ DFTK ~/.julia/packages/DFTK/n2IL4/src/terms/xc.jl:39
n     Energy            log10(ΔE)   log10(Δρ)   Diag   Δtime
---   ---------------   ---------   ---------   ----   ------
  1   -73.89081328112                   -0.96    9.8    8.87s
  2   -73.89782676551       -2.15       -1.16    5.2    5.39s
  3   -73.90225079633       -2.35       -1.55    6.9    6.78s
  4   -73.90283578549       -3.23       -1.89    5.5    5.45s
  5   -73.90292380735       -4.06       -2.24    5.1    5.30s
  6   -73.90294427397       -4.69       -3.02    5.5    5.70s
  7   -73.90294441548       -6.85       -3.50    5.8    5.72s
  8   -73.90294442185       -8.20       -4.10    5.1    5.25s
  9   -73.90294442188      -10.45       -4.44    4.7    5.03s
 10   -73.90294442203       -9.82       -5.29    4.3    4.61s
 11   -73.90294442204      -11.18       -5.76    5.5    5.57s
 12   -73.90294442204      -12.81       -6.03    3.3    3.88s
 13   -73.90294442204      -12.26       -6.60    4.8    4.98s
 14   -73.90294442204      -12.67       -7.47    5.2    5.46s
┌ Warning: Negative ρcore detected: -3.5584114070539864e-8
└ @ DFTK ~/.julia/packages/DFTK/n2IL4/src/terms/xc.jl:39
n     Energy            log10(ΔE)   log10(Δρ)   Diag   Δtime
---   ---------------   ---------   ---------   ----   ------
  1   -73.89081092813                   -0.96    9.9    9.01s
  2   -73.89782619695       -2.15       -1.16    5.3    5.34s
  3   -73.90225174255       -2.35       -1.55    6.9    6.79s
  4   -73.90283582028       -3.23       -1.89    5.4    5.24s
  5   -73.90292308695       -4.06       -2.24    5.1    5.32s
  6   -73.90294425716       -4.67       -3.01    5.5    5.50s
  7   -73.90294441633       -6.80       -3.51    5.6    6.04s
  8   -73.90294442184       -8.26       -4.07    5.0    5.23s
  9   -73.90294442190      -10.23       -4.44    4.8    5.06s
 10   -73.90294442203       -9.89       -5.26    4.2    4.45s
 11   -73.90294442204      -11.05       -5.72    5.5    5.52s
 12   -73.90294442204      -12.85       -6.06    3.3    3.81s
 13   -73.90294442204      -12.42       -6.58    4.8    5.07s
 14   -73.90294442204      -12.89       -7.35    5.2    5.44s
┌ Warning: Negative ρcore detected: Dual{ForwardDiff.Tag{var"#19#21"{@NamedTuple{ham::Hamiltonian, basis::PlaneWaveBasis{Float64, Float64, DFTK.CPU, FFTGrid{Float64, Float64, Array{StaticArraysCore.SVector{3, Int64}, 3}, Array{StaticArraysCore.SVector{3, Float64}, 3}}, Vector{StaticArraysCore.SVector{3, Int64}}}, energies::Energies{Float64}, converged::Bool, occupation_threshold::Float64, ρ::Array{Float64, 4}, τ::Nothing, α::Float64, eigenvalues::Vector{Vector{Float64}}, occupation::Vector{Vector{Float64}}, εF::Float64, n_bands_converge::Int64, n_iter::Int64, n_matvec::Int64, ψ::Vector{Matrix{ComplexF64}}, diagonalization::Vector{@NamedTuple{λ::Vector{Vector{Float64}}, X::Vector{Matrix{ComplexF64}}, residual_norms::Vector{Vector{Float64}}, n_iter::Vector{Int64}, converged::Bool, n_matvec::Int64}}, stage::Symbol, history_Δρ::Vector{Float64}, history_Etot::Vector{Float64}, timedout::Bool, runtime_ns::UInt64, algorithm::String}, Model{Float64, Float64}, Float64, MonkhorstPack, var"#case#4"{Matrix{Float64}, Float64, MonkhorstPack, Vector{StaticArraysCore.SVector{3, Float64}}, Vector{ElementPsp{PspUpf{Float64, Interpolations.Extrapolation{Float64, 1, Interpolations.GriddedInterpolation{Float64, 1, Vector{Float64}, Interpolations.Gridded{Interpolations.Linear{Interpolations.Throw{Interpolations.OnGrid}}}, Tuple{Vector{Float64}}}, Interpolations.Gridded{Interpolations.Linear{Interpolations.Throw{Interpolations.OnGrid}}}, Interpolations.Throw{Nothing}}}}}, Float64, Float64, String}}, Float64}}(-3.5584114070539864e-8,-1.3331950874674064e-7)
└ @ DFTK ~/.julia/packages/DFTK/n2IL4/src/terms/xc.jl:39
     2    -7.390294e+01     3.031737e-04
 * time: 450.55222487449646
┌ Warning: Negative ρcore detected: -3.584634989905279e-8
└ @ DFTK ~/.julia/packages/DFTK/n2IL4/src/terms/xc.jl:39
n     Energy            log10(ΔE)   log10(Δρ)   Diag   Δtime
---   ---------------   ---------   ---------   ----   ------
  1   -73.89077936082                   -0.96    9.7    9.05s
  2   -73.89783425729       -2.15       -1.16    5.3    5.26s
  3   -73.90224847205       -2.36       -1.55    6.8    6.79s
  4   -73.90283670186       -3.23       -1.89    5.5    5.33s
  5   -73.90292386787       -4.06       -2.24    5.0    5.17s
  6   -73.90294459476       -4.68       -3.02    5.4    5.58s
  7   -73.90294473634       -6.85       -3.51    5.7    5.79s
  8   -73.90294474181       -8.26       -4.11    5.0    5.24s
  9   -73.90294474185      -10.45       -4.43    4.8    5.33s
 10   -73.90294474197       -9.90       -5.26    4.0    4.39s
 11   -73.90294474198      -11.07       -5.70    5.4    5.68s
 12   -73.90294474198      -12.70       -6.03    3.1    3.75s
 13   -73.90294474198      -12.49       -6.57    4.7    4.94s
 14   -73.90294474198      -12.85       -7.35    5.1    5.42s
┌ Warning: Negative ρcore detected: -3.584634989905279e-8
└ @ DFTK ~/.julia/packages/DFTK/n2IL4/src/terms/xc.jl:39
n     Energy            log10(ΔE)   log10(Δρ)   Diag   Δtime
---   ---------------   ---------   ---------   ----   ------
  1   -73.89078651826                   -0.96    9.7    8.89s
  2   -73.89781002856       -2.15       -1.16    5.2    5.11s
  3   -73.90225262319       -2.35       -1.55    6.8    6.74s
  4   -73.90283591979       -3.23       -1.89    5.4    5.44s
  5   -73.90292436850       -4.05       -2.24    5.0    5.24s
  6   -73.90294457405       -4.69       -3.01    5.5    5.48s
  7   -73.90294473485       -6.79       -3.50    5.6    6.01s
  8   -73.90294474174       -8.16       -4.10    5.1    5.56s
  9   -73.90294474175      -11.16       -4.41    4.7    4.88s
 10   -73.90294474197       -9.65       -5.27    4.6    4.82s
 11   -73.90294474198      -11.17       -5.70    5.5    5.65s
 12   -73.90294474198      -12.17       -6.00    3.9    4.30s
 13   -73.90294474198      -12.32       -6.61    4.8    4.84s
 14   -73.90294474198      -12.77       -7.43    5.1    5.32s
┌ Warning: Negative ρcore detected: Dual{ForwardDiff.Tag{var"#19#21"{@NamedTuple{ham::Hamiltonian, basis::PlaneWaveBasis{Float64, Float64, DFTK.CPU, FFTGrid{Float64, Float64, Array{StaticArraysCore.SVector{3, Int64}, 3}, Array{StaticArraysCore.SVector{3, Float64}, 3}}, Vector{StaticArraysCore.SVector{3, Int64}}}, energies::Energies{Float64}, converged::Bool, occupation_threshold::Float64, ρ::Array{Float64, 4}, τ::Nothing, α::Float64, eigenvalues::Vector{Vector{Float64}}, occupation::Vector{Vector{Float64}}, εF::Float64, n_bands_converge::Int64, n_iter::Int64, n_matvec::Int64, ψ::Vector{Matrix{ComplexF64}}, diagonalization::Vector{@NamedTuple{λ::Vector{Vector{Float64}}, X::Vector{Matrix{ComplexF64}}, residual_norms::Vector{Vector{Float64}}, n_iter::Vector{Int64}, converged::Bool, n_matvec::Int64}}, stage::Symbol, history_Δρ::Vector{Float64}, history_Etot::Vector{Float64}, timedout::Bool, runtime_ns::UInt64, algorithm::String}, Model{Float64, Float64}, Float64, MonkhorstPack, var"#case#4"{Matrix{Float64}, Float64, MonkhorstPack, Vector{StaticArraysCore.SVector{3, Float64}}, Vector{ElementPsp{PspUpf{Float64, Interpolations.Extrapolation{Float64, 1, Interpolations.GriddedInterpolation{Float64, 1, Vector{Float64}, Interpolations.Gridded{Interpolations.Linear{Interpolations.Throw{Interpolations.OnGrid}}}, Tuple{Vector{Float64}}}, Interpolations.Gridded{Interpolations.Linear{Interpolations.Throw{Interpolations.OnGrid}}}, Interpolations.Throw{Nothing}}}}}, Float64, Float64, String}}, Float64}}(-3.584634989905279e-8,-1.2280714467478024e-7)
└ @ DFTK ~/.julia/packages/DFTK/n2IL4/src/terms/xc.jl:39
     3    -7.390294e+01     9.517577e-06
 * time: 672.555713891983
┌ Warning: Negative ρcore detected: -3.58544896005013e-8
└ @ DFTK ~/.julia/packages/DFTK/n2IL4/src/terms/xc.jl:39
n     Energy            log10(ΔE)   log10(Δρ)   Diag   Δtime
---   ---------------   ---------   ---------   ----   ------
  1   -73.89078114816                   -0.96   10.1    9.42s
  2   -73.89782603552       -2.15       -1.16    5.4    5.61s
  3   -73.90224933559       -2.35       -1.55    7.0    7.07s
  4   -73.90283684317       -3.23       -1.89    5.6    5.50s
  5   -73.90292391562       -4.06       -2.24    5.1    5.28s
  6   -73.90294459237       -4.68       -3.01    5.5    5.62s
  7   -73.90294473626       -6.84       -3.51    5.7    5.95s
  8   -73.90294474212       -8.23       -4.10    5.0    5.36s
  9   -73.90294474215      -10.53       -4.42    4.9    5.16s
 10   -73.90294474229       -9.86       -5.26    4.1    4.48s
 11   -73.90294474230      -11.08       -5.68    5.5    5.75s
 12   -73.90294474230      -12.50       -6.02    3.2    4.09s
 13   -73.90294474230      -12.43       -6.58    4.8    4.99s
 14   -73.90294474230      -12.77       -7.34    5.2    5.37s
┌ Warning: Negative ρcore detected: -3.58544896005013e-8
└ @ DFTK ~/.julia/packages/DFTK/n2IL4/src/terms/xc.jl:39
n     Energy            log10(ΔE)   log10(Δρ)   Diag   Δtime
---   ---------------   ---------   ---------   ----   ------
  1   -73.89078234450                   -0.96   10.2    9.41s
  2   -73.89781504314       -2.15       -1.16    5.4    5.32s
  3   -73.90225251653       -2.35       -1.55    7.0    6.82s
  4   -73.90283596671       -3.23       -1.89    5.5    5.34s
  5   -73.90292366521       -4.06       -2.24    5.1    5.40s
  6   -73.90294457885       -4.68       -3.01    5.5    5.90s
  7   -73.90294473511       -6.81       -3.51    5.7    5.92s
  8   -73.90294474209       -8.16       -4.08    5.2    5.44s
  9   -73.90294474208   +  -10.73       -4.42    4.9    5.26s
 10   -73.90294474229       -9.68       -5.24    4.3    4.60s
 11   -73.90294474230      -11.02       -5.66    5.5    5.71s
 12   -73.90294474230      -12.36       -6.02    3.2    3.86s
 13   -73.90294474230      -12.42       -6.56    4.9    5.10s
 14   -73.90294474230      -12.62       -7.22    5.1    5.29s
┌ Warning: Negative ρcore detected: Dual{ForwardDiff.Tag{var"#19#21"{@NamedTuple{ham::Hamiltonian, basis::PlaneWaveBasis{Float64, Float64, DFTK.CPU, FFTGrid{Float64, Float64, Array{StaticArraysCore.SVector{3, Int64}, 3}, Array{StaticArraysCore.SVector{3, Float64}, 3}}, Vector{StaticArraysCore.SVector{3, Int64}}}, energies::Energies{Float64}, converged::Bool, occupation_threshold::Float64, ρ::Array{Float64, 4}, τ::Nothing, α::Float64, eigenvalues::Vector{Vector{Float64}}, occupation::Vector{Vector{Float64}}, εF::Float64, n_bands_converge::Int64, n_iter::Int64, n_matvec::Int64, ψ::Vector{Matrix{ComplexF64}}, diagonalization::Vector{@NamedTuple{λ::Vector{Vector{Float64}}, X::Vector{Matrix{ComplexF64}}, residual_norms::Vector{Vector{Float64}}, n_iter::Vector{Int64}, converged::Bool, n_matvec::Int64}}, stage::Symbol, history_Δρ::Vector{Float64}, history_Etot::Vector{Float64}, timedout::Bool, runtime_ns::UInt64, algorithm::String}, Model{Float64, Float64}, Float64, MonkhorstPack, var"#case#4"{Matrix{Float64}, Float64, MonkhorstPack, Vector{StaticArraysCore.SVector{3, Float64}}, Vector{ElementPsp{PspUpf{Float64, Interpolations.Extrapolation{Float64, 1, Interpolations.GriddedInterpolation{Float64, 1, Vector{Float64}, Interpolations.Gridded{Interpolations.Linear{Interpolations.Throw{Interpolations.OnGrid}}}, Tuple{Vector{Float64}}}, Interpolations.Gridded{Interpolations.Linear{Interpolations.Throw{Interpolations.OnGrid}}}, Interpolations.Throw{Nothing}}}}}, Float64, Float64, String}}, Float64}}(-3.58544896005013e-8,-1.2246851305513106e-7)
└ @ DFTK ~/.julia/packages/DFTK/n2IL4/src/terms/xc.jl:39
     4    -7.390294e+01     7.777804e-08
 * time: 896.6909708976746
 * Status: success

 * Candidate solution
    Final objective value:     -7.390294e+01

 * Found with
    Algorithm:     L-BFGS

 * Convergence measures
    |x - x'|               = 6.64e-05 ≰ -1.0e+00
    |x - x'|/|x'|          = 1.15e-05 ≰ 0.0e+00
    |f(x) - f(x')|         = 3.14e-10 ≤ 1.0e-08
    |f(x) - f(x')|/|f(x')| = 4.25e-12 ≰ 0.0e+00
    |g(x)|                 = 7.78e-08 ≤ 1.0e-06

 * Work counters
    Seconds run:   897  (vs limit Inf)
    Iterations:    4
    f(x) calls:    5
    ∇f(x) calls:   5

V: 1018.201774 seconds (731.93 M allocations: 351.068 GiB, 5.87% gc time, 0.01% compilation time)
