┌ Info: Threading setup: 
│   Threads.nthreads() = 1
│   n_DFTK = 1
│   n_fft = 1
└   n_blas = 1
┌ Info: 2025-05-13T20:49:51.203
│   name = "Si"
│   Ecut = 18.0
│   kgrid = MonkhorstPack([14, 14, 14])
│   p0 = ComponentVector{Float64}(a = 10.347246312603742)
│   temperature = 0.001
└   smearing = DFTK.Smearing.Gaussian()
n     Energy            log10(ΔE)   log10(Δρ)   Diag   Δtime
---   ---------------   ---------   ---------   ----   ------
  1   -8.466355933428                   -0.96    7.0    10.7s
  2   -8.467856243578       -2.82       -1.72    1.7    4.40s
  3   -8.467955545150       -4.00       -2.71    3.9    1.80s
  4   -8.467960894718       -5.27       -3.47    4.9    1.72s
  5   -8.467961228438       -6.48       -4.31    5.1    1.87s
  6   -8.467961240946       -7.90       -5.19    5.4    1.99s
  7   -8.467961241105       -9.80       -6.17    5.2    1.71s
  8   -8.467961241107      -11.96       -6.97    4.4    1.78s
  9   -8.467961241107      -13.21       -8.06    4.8    1.92s
Iter     Function value   Gradient norm 
     0    -8.467961e+00     1.560973e-03
 * time: 3.886222839355469e-5
n     Energy            log10(ΔE)   log10(Δρ)   Diag   Δtime
---   ---------------   ---------   ---------   ----   ------
  1   -8.466379174298                   -0.96    7.3    2.44s
  2   -8.467862523294       -2.83       -1.72    2.0    1.39s
  3   -8.467957532208       -4.02       -2.71    4.0    1.51s
  4   -8.467963249631       -5.24       -3.45    5.1    1.98s
  5   -8.467963584038       -6.48       -4.32    5.1    1.67s
  6   -8.467963594167       -7.99       -5.11    5.1    1.98s
  7   -8.467963594335       -9.77       -5.86    5.1    1.65s
  8   -8.467963594336      -12.00       -6.36    3.5    1.66s
  9   -8.467963594336      -13.18       -7.81    3.3    1.26s
n     Energy            log10(ΔE)   log10(Δρ)   Diag   Δtime
---   ---------------   ---------   ---------   ----   ------
  1   -8.466375238815                   -0.96    7.4    2.39s
  2   -8.467861452553       -2.83       -1.72    1.8    1.02s
  3   -8.467957620842       -4.02       -2.71    3.9    1.75s
  4   -8.467963251896       -5.25       -3.46    5.0    1.74s
  5   -8.467963582692       -6.48       -4.31    5.2    1.91s
  6   -8.467963594190       -7.94       -5.13    5.4    1.77s
  7   -8.467963594335       -9.84       -5.97    5.0    1.87s
  8   -8.467963594336      -11.99       -6.72    3.7    1.44s
  9   -8.467963594336      -13.45       -7.95    4.2    1.72s
     1    -8.467964e+00     1.454130e-03
 * time: 43.959436893463135
n     Energy            log10(ΔE)   log10(Δρ)   Diag   Δtime
---   ---------------   ---------   ---------   ----   ------
  1   -8.466430019623                   -0.96    7.2    2.35s
  2   -8.467874426114       -2.84       -1.72    1.9    1.05s
  3   -8.467972948589       -4.01       -2.72    4.0    1.77s
  4   -8.467978790414       -5.23       -3.46    5.1    1.74s
  5   -8.467979145079       -6.45       -4.33    5.2    2.10s
  6   -8.467979157521       -7.91       -5.18    5.6    1.98s
  7   -8.467979157671       -9.82       -6.01    5.3    1.92s
  8   -8.467979157672      -11.99       -6.89    3.5    1.38s
  9   -8.467979157672      -12.93       -7.94    4.9    1.86s
n     Energy            log10(ΔE)   log10(Δρ)   Diag   Δtime
---   ---------------   ---------   ---------   ----   ------
  1   -8.466430985393                   -0.96    7.2    2.43s
  2   -8.467875574732       -2.84       -1.72    1.9    1.29s
  3   -8.467973232932       -4.01       -2.72    4.1    1.54s
  4   -8.467978795153       -5.25       -3.47    5.1    2.00s
  5   -8.467979144563       -6.46       -4.33    5.3    1.68s
  6   -8.467979157498       -7.89       -5.19    5.4    2.03s
  7   -8.467979157671       -9.76       -6.12    5.2    1.73s
  8   -8.467979157672      -11.93       -6.84    4.3    1.83s
  9   -8.467979157672      -13.35       -7.98    4.4    1.51s
     2    -8.467979e+00     1.594680e-05
 * time: 87.94317197799683
n     Energy            log10(ΔE)   log10(Δρ)   Diag   Δtime
---   ---------------   ---------   ---------   ----   ------
  1   -8.466420292556                   -0.96    7.2    2.38s
  2   -8.467873712423       -2.84       -1.72    1.8    1.25s
  3   -8.467972847317       -4.00       -2.72    4.1    1.53s
  4   -8.467978784713       -5.23       -3.45    5.0    1.98s
  5   -8.467979147662       -6.44       -4.34    5.3    1.71s
  6   -8.467979159391       -7.93       -5.09    5.3    2.02s
  7   -8.467979159569       -9.75       -5.77    5.0    1.64s
  8   -8.467979159570      -11.87       -6.28    3.3    1.59s
  9   -8.467979159570      -13.08       -7.51    3.4    1.29s
n     Energy            log10(ΔE)   log10(Δρ)   Diag   Δtime
---   ---------------   ---------   ---------   ----   ------
  1   -8.466423979675                   -0.96    7.2    2.76s
  2   -8.467874851409       -2.84       -1.72    1.8    1.08s
  3   -8.467973067225       -4.01       -2.72    4.0    1.77s
  4   -8.467978795868       -5.24       -3.46    5.0    1.73s
  5   -8.467979146983       -6.45       -4.33    5.2    1.96s
  6   -8.467979159423       -7.91       -5.18    5.4    1.81s
  7   -8.467979159569       -9.84       -6.01    5.1    1.93s
  8   -8.467979159570      -12.07       -6.88    3.8    1.44s
  9   -8.467979159570      -12.92       -7.86    5.1    1.93s
     3    -8.467979e+00     1.651797e-07
 * time: 131.3842179775238
 * Status: success

 * Candidate solution
    Final objective value:     -8.467979e+00

 * Found with
    Algorithm:     L-BFGS

 * Convergence measures
    |x - x'|               = 2.36e-04 ≰ -1.0e+00
    |x - x'|/|x'|          = 2.27e-05 ≰ 0.0e+00
    |f(x) - f(x')|         = 1.90e-09 ≤ 1.0e-08
    |f(x) - f(x')|/|f(x')| = 2.24e-10 ≰ 0.0e+00
    |g(x)|                 = 1.65e-07 ≤ 1.0e-06

 * Work counters
    Seconds run:   131  (vs limit Inf)
    Iterations:    3
    f(x) calls:    4
    ∇f(x) calls:   4

Si: 201.734248 seconds (330.85 M allocations: 66.180 GiB, 7.48% gc time, 23.20% compilation time: <1% of which was recompilation)
┌ Info: 2025-05-13T20:53:13.553
│   name = "NaCl"
│   Ecut = 44.0
│   kgrid = MonkhorstPack([13, 13, 13])
│   p0 = ComponentVector{Float64}(a = 10.746130571470083)
│   temperature = 0
└   smearing = DFTK.Smearing.None()
n     Energy            log10(ΔE)   log10(Δρ)   Diag   Δtime
---   ---------------   ---------   ---------   ----   ------
  1   -62.33801567270                   -1.08    8.5    17.8s
  2   -62.34507126649       -2.15       -1.21    2.5    6.89s
  3   -62.34897226855       -2.41       -2.01    3.5    8.05s
  4   -62.34905063159       -4.11       -3.00    2.8    7.35s
  5   -62.34905370541       -5.51       -3.49    4.2    9.93s
  6   -62.34905381922       -6.94       -4.12    3.4    8.72s
  7   -62.34905384972       -7.52       -4.84    3.6    8.56s
  8   -62.34905385100       -8.89       -5.55    4.0    9.30s
  9   -62.34905385101      -11.06       -6.39    3.5    8.77s
 10   -62.34905385101      -12.30       -7.00    3.8    9.06s
Iter     Function value   Gradient norm 
     0    -6.234905e+01     1.107607e-02
 * time: 2.9087066650390625e-5
n     Energy            log10(ΔE)   log10(Δρ)   Diag   Δtime
---   ---------------   ---------   ---------   ----   ------
  1   -62.33808977337                   -1.08    8.4    16.0s
  2   -62.34517072547       -2.15       -1.21    2.6    6.32s
  3   -62.34909203321       -2.41       -2.01    3.4    7.93s
  4   -62.34917182363       -4.10       -2.99    2.9    7.55s
  5   -62.34917500994       -5.50       -3.47    4.1    9.78s
  6   -62.34917512405       -6.94       -4.10    3.3    8.51s
  7   -62.34917515491       -7.51       -4.79    3.4    8.87s
  8   -62.34917515639       -8.83       -5.55    4.0    9.35s
  9   -62.34917515640      -10.97       -6.31    3.5    8.86s
 10   -62.34917515640      -12.20       -6.90    3.7    8.89s
 11   -62.34917515640      -14.15       -8.07    3.7    8.92s
n     Energy            log10(ΔE)   log10(Δρ)   Diag   Δtime
---   ---------------   ---------   ---------   ----   ------
  1   -62.33809158183                   -1.08    8.5    15.7s
  2   -62.34516584636       -2.15       -1.21    2.5    6.35s
  3   -62.34909293205       -2.41       -2.01    3.6    8.19s
  4   -62.34917181736       -4.10       -3.00    2.9    7.40s
  5   -62.34917501863       -5.49       -3.51    4.3    10.0s
  6   -62.34917512457       -6.97       -4.08    3.4    8.55s
  7   -62.34917515501       -7.52       -4.83    3.3    8.38s
  8   -62.34917515639       -8.86       -5.48    4.0    9.56s
  9   -62.34917515640      -10.89       -6.35    3.5    8.80s
 10   -62.34917515640      -12.26       -6.87    3.8    9.14s
 11   -62.34917515640      -12.83       -7.87    3.8    8.32s
     1    -6.234918e+01     1.082848e-02
 * time: 231.90585899353027
n     Energy            log10(ΔE)   log10(Δρ)   Diag   Δtime
---   ---------------   ---------   ---------   ----   ------
  1   -62.33858953005                   -1.06    8.6    17.6s
  2   -62.34643724601       -2.11       -1.15    2.5    6.76s
  3   -62.35202240854       -2.25       -1.94    3.4    8.92s
  4   -62.35213949256       -3.93       -2.99    2.4    7.02s
  5   -62.35214372049       -5.37       -3.52    4.3    11.0s
  6   -62.35214388654       -6.78       -4.05    3.4    9.30s
  7   -62.35214393038       -7.36       -4.81    3.1    8.16s
  8   -62.35214393336       -8.53       -5.30    4.1    11.1s
  9   -62.35214393343      -10.17       -6.11    3.2    9.08s
 10   -62.35214393343      -11.83       -7.00    3.7    10.2s
n     Energy            log10(ΔE)   log10(Δρ)   Diag   Δtime
---   ---------------   ---------   ---------   ----   ------
  1   -62.33858958102                   -1.06    8.5    17.6s
  2   -62.34643095235       -2.11       -1.15    2.5    6.83s
  3   -62.35202152720       -2.25       -1.94    3.5    8.72s
  4   -62.35213965304       -3.93       -2.99    2.4    6.98s
  5   -62.35214373301       -5.39       -3.51    4.3    11.1s
  6   -62.35214388785       -6.81       -4.10    3.5    9.49s
  7   -62.35214393032       -7.37       -4.75    3.2    8.30s
  8   -62.35214393338       -8.51       -5.31    3.7    10.1s
  9   -62.35214393343      -10.31       -6.16    3.4    9.03s
 10   -62.35214393343      -12.03       -6.94    3.8    10.5s
 11   -62.35214393343      -13.55       -7.69    3.7    9.61s
     2    -6.235214e+01     2.058491e-03
 * time: 476.8070261478424
n     Energy            log10(ΔE)   log10(Δρ)   Diag   Δtime
---   ---------------   ---------   ---------   ----   ------
  1   -62.33806000144                   -1.06    8.3    17.4s
  2   -62.34605726203       -2.10       -1.14    2.7    6.98s
  3   -62.35215465859       -2.21       -1.92    3.4    8.87s
  4   -62.35228260796       -3.89       -3.00    2.3    6.86s
  5   -62.35228696256       -5.36       -3.52    4.2    11.1s
  6   -62.35228711936       -6.80       -4.06    3.3    9.16s
  7   -62.35228716559       -7.34       -4.73    3.2    8.46s
  8   -62.35228716943       -8.42       -5.24    3.9    10.4s
  9   -62.35228716950      -10.13       -5.94    3.1    9.19s
 10   -62.35228716950      -11.83       -6.93    3.5    9.60s
 11   -62.35228716950      -13.67       -7.42    3.6    10.2s
n     Energy            log10(ΔE)   log10(Δρ)   Diag   Δtime
---   ---------------   ---------   ---------   ----   ------
  1   -62.33806005650                   -1.06    8.4    17.1s
  2   -62.34610253053       -2.09       -1.14    2.6    6.74s
  3   -62.35215324167       -2.22       -1.92    3.4    8.55s
  4   -62.35228256578       -3.89       -2.99    2.3    6.71s
  5   -62.35228697298       -5.36       -3.52    4.1    10.5s
  6   -62.35228712326       -6.82       -4.07    3.3    8.95s
  7   -62.35228716557       -7.37       -4.71    3.1    8.30s
  8   -62.35228716940       -8.42       -5.26    4.0    10.0s
  9   -62.35228716950      -10.01       -5.92    3.4    9.48s
 10   -62.35228716950      -11.84       -6.97    3.5    9.41s
 11   -62.35228716950      -13.07       -7.37    3.8    10.3s
     3    -6.235229e+01     4.871922e-04
 * time: 728.8049161434174
n     Energy            log10(ΔE)   log10(Δρ)   Diag   Δtime
---   ---------------   ---------   ---------   ----   ------
  1   -62.33785245394                   -1.06    8.7    22.5s
  2   -62.34593823027       -2.09       -1.13    2.5    8.70s
  3   -62.35215639465       -2.21       -1.92    3.3    11.2s
  4   -62.35228761430       -3.88       -3.01    2.3    8.84s
  5   -62.35229233737       -5.33       -3.56    4.5    14.4s
  6   -62.35229252667       -6.72       -4.03    3.3    12.1s
  7   -62.35229256975       -7.37       -4.82    2.9    10.0s
  8   -62.35229257315       -8.47       -5.21    4.0    13.4s
  9   -62.35229257331       -9.79       -5.63    3.2    11.6s
 10   -62.35229257332      -11.72       -6.86    2.6    10.0s
 11   -62.35229257332      -12.63       -7.17    4.2    14.3s
n     Energy            log10(ΔE)   log10(Δρ)   Diag   Δtime
---   ---------------   ---------   ---------   ----   ------
  1   -62.33784889559                   -1.06    8.5    22.4s
  2   -62.34594504225       -2.09       -1.13    2.5    8.92s
  3   -62.35215476564       -2.21       -1.92    3.4    10.9s
  4   -62.35228766990       -3.88       -3.00    2.2    8.75s
  5   -62.35229237488       -5.33       -3.56    4.4    14.4s
  6   -62.35229252699       -6.82       -4.04    3.4    12.3s
  7   -62.35229256928       -7.37       -4.72    2.9    10.0s
  8   -62.35229257315       -8.41       -5.22    3.9    13.3s
  9   -62.35229257331       -9.80       -5.68    3.3    12.2s
 10   -62.35229257332      -11.71       -6.96    2.8    10.8s
 11   -62.35229257332      -12.83       -7.12    4.2    14.4s
     4    -6.235229e+01     3.007285e-05
 * time: 1040.4821000099182
n     Energy            log10(ΔE)   log10(Δρ)   Diag   Δtime
---   ---------------   ---------   ---------   ----   ------
  1   -62.33783207985                   -1.06    8.1    21.4s
  2   -62.34593441860       -2.09       -1.13    2.4    8.84s
  3   -62.35215528658       -2.21       -1.92    3.4    11.0s
  4   -62.35228779205       -3.88       -2.99    2.3    8.73s
  5   -62.35229237305       -5.34       -3.53    4.2    13.8s
  6   -62.35229255924       -6.73       -4.07    3.3    12.3s
  7   -62.35229260511       -7.34       -4.79    3.2    10.6s
  8   -62.35229260856       -8.46       -5.29    4.1    13.5s
  9   -62.35229260870       -9.86       -5.83    3.4    12.1s
 10   -62.35229260870      -11.89       -6.99    3.1    11.1s
 11   -62.35229260870      -12.87       -7.36    3.8    13.0s
n     Energy            log10(ΔE)   log10(Δρ)   Diag   Δtime
---   ---------------   ---------   ---------   ----   ------
  1   -62.33783176141                   -1.06    8.2    20.9s
  2   -62.34594151322       -2.09       -1.13    2.5    8.86s
  3   -62.35215672383       -2.21       -1.92    3.4    10.9s
  4   -62.35228772010       -3.88       -3.01    2.2    8.47s
  5   -62.35229236286       -5.33       -3.56    4.4    14.0s
  6   -62.35229256181       -6.70       -4.03    3.2    11.4s
  7   -62.35229260512       -7.36       -4.82    3.1    10.5s
  8   -62.35229260855       -8.46       -5.23    4.0    13.5s
  9   -62.35229260870       -9.84       -5.76    3.2    11.7s
 10   -62.35229260870      -11.64       -6.92    3.1    11.2s
 11   -62.35229260870      -12.62       -7.25    4.0    13.3s
     5    -6.235229e+01     5.484003e-07
 * time: 1348.5286929607391
 * Status: success

 * Candidate solution
    Final objective value:     -6.235229e+01

 * Found with
    Algorithm:     L-BFGS

 * Convergence measures
    |x - x'|               = 2.32e-03 ≰ -1.0e+00
    |x - x'|/|x'|          = 2.04e-04 ≰ 0.0e+00
    |f(x) - f(x')|         = 3.54e-08 ≰ 1.0e-08
    |f(x) - f(x')|/|f(x')| = 5.67e-10 ≰ 0.0e+00
    |g(x)|                 = 5.48e-07 ≤ 1.0e-06

 * Work counters
    Seconds run:   1349  (vs limit Inf)
    Iterations:    5
    f(x) calls:    6
    ∇f(x) calls:   6

NaCl: 1466.837957 seconds (1.61 G allocations: 442.603 GiB, 4.95% gc time, 0.20% compilation time)
┌ Info: 2025-05-13T21:17:40.418
│   name = "Al"
│   Ecut = 20.0
│   kgrid = MonkhorstPack([18, 18, 18])
│   p0 = ComponentVector{Float64}(a = 7.641925528121933)
│   temperature = 0.001
└   smearing = DFTK.Smearing.Gaussian()
n     Energy            log10(ΔE)   log10(Δρ)   Diag   Δtime
---   ---------------   ---------   ---------   ----   ------
  1   -2.317627059606                   -1.47    5.5    1.90s
  2   -2.317697486273       -4.15       -1.84    1.3    717ms
  3   -2.317713231282       -4.80       -3.56    3.1    1.42s
  4   -2.317713419873       -6.72       -4.05    4.6    1.53s
  5   -2.317713420399       -9.28       -4.32    2.3    1.20s
  6   -2.317713420555       -9.81       -4.99    2.6    1.05s
  7   -2.317713420559      -11.34       -5.69    2.4    1.19s
  8   -2.317713420559      -12.61       -6.52    2.7    991ms
  9   -2.317713420560      -14.05       -6.87    2.9    1.06s
 10   -2.317713420560   +    -Inf       -7.53    1.9    1.06s
Iter     Function value   Gradient norm 
     0    -2.317713e+00     9.863576e-05
 * time: 2.7894973754882812e-5
n     Energy            log10(ΔE)   log10(Δρ)   Diag   Δtime
---   ---------------   ---------   ---------   ----   ------
  1   -2.317623799536                   -1.47    5.3    1.82s
  2   -2.317697863535       -4.13       -1.84    1.3    689ms
  3   -2.317713259398       -4.81       -3.58    3.1    1.38s
  4   -2.317713429432       -6.77       -4.06    4.5    1.48s
  5   -2.317713429939       -9.30       -4.34    2.4    1.18s
  6   -2.317713430087       -9.83       -4.99    2.7    993ms
  7   -2.317713430091      -11.39       -5.67    2.3    1.17s
  8   -2.317713430092      -12.61       -6.49    2.6    982ms
  9   -2.317713430092      -14.27       -6.87    2.8    1.03s
 10   -2.317713430092      -14.75       -7.54    2.0    1.10s
n     Energy            log10(ΔE)   log10(Δρ)   Diag   Δtime
---   ---------------   ---------   ---------   ----   ------
  1   -2.317628213133                   -1.47    5.3    1.89s
  2   -2.317697758439       -4.16       -1.84    1.3    695ms
  3   -2.317713198886       -4.81       -3.57    3.1    1.41s
  4   -2.317713429412       -6.64       -4.04    4.6    1.53s
  5   -2.317713429936       -9.28       -4.32    2.3    1.18s
  6   -2.317713430086       -9.82       -4.98    2.6    974ms
  7   -2.317713430091      -11.30       -5.70    2.5    1.24s
  8   -2.317713430092      -12.58       -6.55    2.6    1.00s
  9   -2.317713430092      -14.18       -7.06    3.1    1.37s
     1    -2.317713e+00     9.463928e-05
 * time: 51.3241240978241
n     Energy            log10(ΔE)   log10(Δρ)   Diag   Δtime
---   ---------------   ---------   ---------   ----   ------
  1   -2.317625209953                   -1.47    5.4    1.93s
  2   -2.317697688796       -4.14       -1.84    1.3    700ms
  3   -2.317713352193       -4.81       -3.57    3.2    1.45s
  4   -2.317713540183       -6.73       -4.05    4.5    1.52s
  5   -2.317713540714       -9.28       -4.32    2.4    1.21s
  6   -2.317713540879       -9.78       -4.96    2.7    1.01s
  7   -2.317713540884      -11.32       -5.60    2.3    1.17s
  8   -2.317713540884      -12.45       -6.41    2.5    968ms
  9   -2.317713540884      -14.01       -6.77    2.8    1.02s
 10   -2.317713540884      -15.35       -7.53    1.9    1.07s
n     Energy            log10(ΔE)   log10(Δρ)   Diag   Δtime
---   ---------------   ---------   ---------   ----   ------
  1   -2.317626916571                   -1.47    5.4    1.91s
  2   -2.317697780640       -4.15       -1.84    1.3    693ms
  3   -2.317713328417       -4.81       -3.57    3.2    1.42s
  4   -2.317713540160       -6.67       -4.04    4.6    1.52s
  5   -2.317713540714       -9.26       -4.31    2.3    1.21s
  6   -2.317713540879       -9.78       -4.97    2.7    993ms
  7   -2.317713540884      -11.34       -5.65    2.5    1.21s
  8   -2.317713540884      -12.52       -6.43    2.7    1.01s
  9   -2.317713540884      -14.10       -6.74    2.7    1.09s
 10   -2.317713540884   +    -Inf       -7.34    2.1    1.13s
     2    -2.317714e+00     2.880918e-07
 * time: 103.53869009017944
 * Status: success

 * Candidate solution
    Final objective value:     -2.317714e+00

 * Found with
    Algorithm:     L-BFGS

 * Convergence measures
    |x - x'|               = 2.34e-03 ≰ -1.0e+00
    |x - x'|/|x'|          = 3.06e-04 ≰ 0.0e+00
    |f(x) - f(x')|         = 1.11e-07 ≰ 1.0e-08
    |f(x) - f(x')|/|f(x')| = 4.78e-08 ≰ 0.0e+00
    |g(x)|                 = 2.88e-07 ≤ 1.0e-06

 * Work counters
    Seconds run:   104  (vs limit Inf)
    Iterations:    2
    f(x) calls:    3
    ∇f(x) calls:   3

Al: 135.025752 seconds (118.66 M allocations: 28.161 GiB, 6.58% gc time, 0.00% compilation time)
┌ Info: 2025-05-13T21:19:55.444
│   name = "V"
│   Ecut = 42.0
│   kgrid = MonkhorstPack([20, 20, 20])
│   p0 = ComponentVector{Float64}(a = 5.699267600684394)
│   temperature = 0.001
└   smearing = DFTK.Smearing.Gaussian()
┌ Warning: Negative ρcore detected: -3.4151886922104144e-8
└ @ DFTK ~/.julia/packages/DFTK/n2IL4/src/terms/xc.jl:39
n     Energy            log10(ΔE)   log10(Δρ)   Diag   Δtime
---   ---------------   ---------   ---------   ----   ------
  1   -73.82800883943                   -0.93    9.5    8.94s
  2   -73.83602716673       -2.10       -1.13    5.3    5.18s
  3   -73.84108877779       -2.30       -1.50    6.7    6.56s
  4   -73.84176424562       -3.17       -1.83    5.5    5.34s
  5   -73.84188548518       -3.92       -2.22    5.0    5.23s
  6   -73.84190802238       -4.65       -3.07    5.4    5.61s
  7   -73.84190805569       -7.48       -3.46    5.4    5.50s
  8   -73.84190806051       -8.32       -4.04    3.9    4.42s
  9   -73.84190806081       -9.53       -4.48    4.5    4.97s
 10   -73.84190806081      -11.56       -4.93    3.8    4.21s
 11   -73.84190806082      -11.05       -5.51    4.2    4.51s
 12   -73.84190806083      -11.49       -6.29    4.8    5.12s
 13   -73.84190806083      -12.94       -6.78    5.3    5.46s
 14   -73.84190806083   +  -13.85       -7.04    5.3    5.30s
┌ Warning: Negative ρcore detected: Dual{ForwardDiff.Tag{var"#19#21"{@NamedTuple{ham::Hamiltonian, basis::PlaneWaveBasis{Float64, Float64, DFTK.CPU, FFTGrid{Float64, Float64, Array{StaticArraysCore.SVector{3, Int64}, 3}, Array{StaticArraysCore.SVector{3, Float64}, 3}}, Vector{StaticArraysCore.SVector{3, Int64}}}, energies::Energies{Float64}, converged::Bool, occupation_threshold::Float64, ρ::Array{Float64, 4}, τ::Nothing, α::Float64, eigenvalues::Vector{Vector{Float64}}, occupation::Vector{Vector{Float64}}, εF::Float64, n_bands_converge::Int64, n_iter::Int64, n_matvec::Int64, ψ::Vector{Matrix{ComplexF64}}, diagonalization::Vector{@NamedTuple{λ::Vector{Vector{Float64}}, X::Vector{Matrix{ComplexF64}}, residual_norms::Vector{Vector{Float64}}, n_iter::Vector{Int64}, converged::Bool, n_matvec::Int64}}, stage::Symbol, history_Δρ::Vector{Float64}, history_Etot::Vector{Float64}, timedout::Bool, runtime_ns::UInt64, algorithm::String}, Model{Float64, Float64}, Float64, MonkhorstPack, var"#case#4"{Matrix{Float64}, Float64, MonkhorstPack, Vector{StaticArraysCore.SVector{3, Float64}}, Vector{ElementPsp{PspUpf{Float64, Interpolations.Extrapolation{Float64, 1, Interpolations.GriddedInterpolation{Float64, 1, Vector{Float64}, Interpolations.Gridded{Interpolations.Linear{Interpolations.Throw{Interpolations.OnGrid}}}, Tuple{Vector{Float64}}}, Interpolations.Gridded{Interpolations.Linear{Interpolations.Throw{Interpolations.OnGrid}}}, Interpolations.Throw{Nothing}}}}}, Float64, Float64, String}}, Float64}}(-3.4151886922104144e-8,-1.2413273474001241e-8)
└ @ DFTK ~/.julia/packages/DFTK/n2IL4/src/terms/xc.jl:39
Iter     Function value   Gradient norm 
     0    -7.384191e+01     5.149098e-03
 * time: 3.790855407714844e-5
┌ Warning: Negative ρcore detected: -3.4161060751030236e-8
└ @ DFTK ~/.julia/packages/DFTK/n2IL4/src/terms/xc.jl:39
n     Energy            log10(ΔE)   log10(Δρ)   Diag   Δtime
---   ---------------   ---------   ---------   ----   ------
  1   -73.82794754274                   -0.93    9.8    9.00s
  2   -73.83606233398       -2.09       -1.13    5.3    5.13s
  3   -73.84110622497       -2.30       -1.50    6.9    6.79s
  4   -73.84178973847       -3.17       -1.83    5.5    5.39s
  5   -73.84190954809       -3.92       -2.22    5.2    5.30s
  6   -73.84193251495       -4.64       -3.08    5.5    5.62s
  7   -73.84193254481       -7.52       -3.47    5.4    5.47s
  8   -73.84193254898       -8.38       -4.05    3.7    4.33s
  9   -73.84193254929       -9.51       -4.51    4.4    4.75s
 10   -73.84193254930      -11.31       -4.90    2.9    3.64s
 11   -73.84193254931      -11.02       -5.62    4.6    4.97s
 12   -73.84193254931      -11.77       -6.42    4.9    5.14s
 13   -73.84193254931   +  -13.55       -6.83    5.5    5.56s
 14   -73.84193254931   +    -Inf       -7.10    5.5    5.41s
┌ Warning: Negative ρcore detected: -3.4161060751030236e-8
└ @ DFTK ~/.julia/packages/DFTK/n2IL4/src/terms/xc.jl:39
n     Energy            log10(ΔE)   log10(Δρ)   Diag   Δtime
---   ---------------   ---------   ---------   ----   ------
  1   -73.82795098493                   -0.93    9.9    9.01s
  2   -73.83606911693       -2.09       -1.13    5.4    5.22s
  3   -73.84110385209       -2.30       -1.50    6.9    6.74s
  4   -73.84179003846       -3.16       -1.83    5.5    5.35s
  5   -73.84190967724       -3.92       -2.22    5.1    5.16s
  6   -73.84193251681       -4.64       -3.08    5.5    5.62s
  7   -73.84193254468       -7.55       -3.47    5.2    5.40s
  8   -73.84193254893       -8.37       -4.03    3.7    4.28s
  9   -73.84193254929       -9.44       -4.53    4.6    5.03s
 10   -73.84193254930      -11.34       -4.91    3.0    3.81s
 11   -73.84193254931      -10.98       -5.64    4.7    4.93s
 12   -73.84193254931      -11.92       -6.43    4.9    5.22s
 13   -73.84193254931      -13.37       -6.83    5.4    5.58s
 14   -73.84193254931   +    -Inf       -7.09    5.4    5.32s
┌ Warning: Negative ρcore detected: Dual{ForwardDiff.Tag{var"#19#21"{@NamedTuple{ham::Hamiltonian, basis::PlaneWaveBasis{Float64, Float64, DFTK.CPU, FFTGrid{Float64, Float64, Array{StaticArraysCore.SVector{3, Int64}, 3}, Array{StaticArraysCore.SVector{3, Float64}, 3}}, Vector{StaticArraysCore.SVector{3, Int64}}}, energies::Energies{Float64}, converged::Bool, occupation_threshold::Float64, ρ::Array{Float64, 4}, τ::Nothing, α::Float64, eigenvalues::Vector{Vector{Float64}}, occupation::Vector{Vector{Float64}}, εF::Float64, n_bands_converge::Int64, n_iter::Int64, n_matvec::Int64, ψ::Vector{Matrix{ComplexF64}}, diagonalization::Vector{@NamedTuple{λ::Vector{Vector{Float64}}, X::Vector{Matrix{ComplexF64}}, residual_norms::Vector{Vector{Float64}}, n_iter::Vector{Int64}, converged::Bool, n_matvec::Int64}}, stage::Symbol, history_Δρ::Vector{Float64}, history_Etot::Vector{Float64}, timedout::Bool, runtime_ns::UInt64, algorithm::String}, Model{Float64, Float64}, Float64, MonkhorstPack, var"#case#4"{Matrix{Float64}, Float64, MonkhorstPack, Vector{StaticArraysCore.SVector{3, Float64}}, Vector{ElementPsp{PspUpf{Float64, Interpolations.Extrapolation{Float64, 1, Interpolations.GriddedInterpolation{Float64, 1, Vector{Float64}, Interpolations.Gridded{Interpolations.Linear{Interpolations.Throw{Interpolations.OnGrid}}}, Tuple{Vector{Float64}}}, Interpolations.Gridded{Interpolations.Linear{Interpolations.Throw{Interpolations.OnGrid}}}, Interpolations.Throw{Nothing}}}}}, Float64, Float64, String}}, Float64}}(-3.4161060751030236e-8,8.712846648211281e-9)
└ @ DFTK ~/.julia/packages/DFTK/n2IL4/src/terms/xc.jl:39
     1    -7.384193e+01     4.363116e-03
 * time: 212.5521559715271
┌ Warning: Negative ρcore detected: -3.2389833207202845e-8
└ @ DFTK ~/.julia/packages/DFTK/n2IL4/src/terms/xc.jl:39
n     Energy            log10(ΔE)   log10(Δρ)   Diag   Δtime
---   ---------------   ---------   ---------   ----   ------
  1   -73.82755959404                   -0.93    9.7    9.13s
  2   -73.83608122556       -2.07       -1.13    5.2    5.15s
  3   -73.84114212571       -2.30       -1.50    6.8    6.70s
  4   -73.84186192039       -3.14       -1.84    5.5    5.37s
  5   -73.84197439823       -3.95       -2.24    5.1    5.30s
  6   -73.84199568891       -4.67       -3.12    5.6    6.12s
  7   -73.84199570864       -7.70       -3.51    5.1    5.29s
  8   -73.84199571090       -8.65       -4.13    3.9    4.38s
  9   -73.84199571142       -9.29       -4.62    4.3    4.86s
 10   -73.84199571158       -9.79       -5.05    5.1    5.22s
 11   -73.84199571158      -11.28       -6.00    5.0    5.17s
 12   -73.84199571158   +  -11.81       -6.37    6.0    6.00s
 13   -73.84199571158   +  -12.23       -6.79    4.2    4.49s
 14   -73.84199571158      -12.64       -7.29    3.4    3.97s
┌ Warning: Negative ρcore detected: -3.2389833207202845e-8
└ @ DFTK ~/.julia/packages/DFTK/n2IL4/src/terms/xc.jl:39
n     Energy            log10(ΔE)   log10(Δρ)   Diag   Δtime
---   ---------------   ---------   ---------   ----   ------
  1   -73.82755157449                   -0.93    9.6    8.97s
  2   -73.83609650662       -2.07       -1.13    5.2    5.12s
  3   -73.84114001276       -2.30       -1.50    6.9    6.65s
  4   -73.84186195988       -3.14       -1.84    5.6    5.38s
  5   -73.84197439337       -3.95       -2.24    5.1    5.30s
  6   -73.84199568910       -4.67       -3.12    5.6    5.94s
  7   -73.84199570868       -7.71       -3.52    5.0    5.33s
  8   -73.84199571082       -8.67       -4.11    4.3    4.96s
  9   -73.84199571136       -9.26       -4.60    4.2    4.71s
 10   -73.84199571158       -9.67       -5.12    5.2    5.37s
 11   -73.84199571158      -11.67       -5.95    5.1    5.36s
 12   -73.84199571158   +  -11.73       -6.41    5.8    5.82s
 13   -73.84199571158   +  -12.64       -6.99    3.7    4.05s
 14   -73.84199571158      -13.07       -7.27    4.2    4.40s
┌ Warning: Negative ρcore detected: Dual{ForwardDiff.Tag{var"#19#21"{@NamedTuple{ham::Hamiltonian, basis::PlaneWaveBasis{Float64, Float64, DFTK.CPU, FFTGrid{Float64, Float64, Array{StaticArraysCore.SVector{3, Int64}, 3}, Array{StaticArraysCore.SVector{3, Float64}, 3}}, Vector{StaticArraysCore.SVector{3, Int64}}}, energies::Energies{Float64}, converged::Bool, occupation_threshold::Float64, ρ::Array{Float64, 4}, τ::Nothing, α::Float64, eigenvalues::Vector{Vector{Float64}}, occupation::Vector{Vector{Float64}}, εF::Float64, n_bands_converge::Int64, n_iter::Int64, n_matvec::Int64, ψ::Vector{Matrix{ComplexF64}}, diagonalization::Vector{@NamedTuple{λ::Vector{Vector{Float64}}, X::Vector{Matrix{ComplexF64}}, residual_norms::Vector{Vector{Float64}}, n_iter::Vector{Int64}, converged::Bool, n_matvec::Int64}}, stage::Symbol, history_Δρ::Vector{Float64}, history_Etot::Vector{Float64}, timedout::Bool, runtime_ns::UInt64, algorithm::String}, Model{Float64, Float64}, Float64, MonkhorstPack, var"#case#4"{Matrix{Float64}, Float64, MonkhorstPack, Vector{StaticArraysCore.SVector{3, Float64}}, Vector{ElementPsp{PspUpf{Float64, Interpolations.Extrapolation{Float64, 1, Interpolations.GriddedInterpolation{Float64, 1, Vector{Float64}, Interpolations.Gridded{Interpolations.Linear{Interpolations.Throw{Interpolations.OnGrid}}}, Tuple{Vector{Float64}}}, Interpolations.Gridded{Interpolations.Linear{Interpolations.Throw{Interpolations.OnGrid}}}, Interpolations.Throw{Nothing}}}}}, Float64, Float64, String}}, Float64}}(-3.2389833207202845e-8,1.1098304407762951e-7)
└ @ DFTK ~/.julia/packages/DFTK/n2IL4/src/terms/xc.jl:39
     2    -7.384200e+01     7.809907e-05
 * time: 425.3919770717621
┌ Warning: Negative ρcore detected: -3.233158998957332e-8
└ @ DFTK ~/.julia/packages/DFTK/n2IL4/src/terms/xc.jl:39
n     Energy            log10(ΔE)   log10(Δρ)   Diag   Δtime
---   ---------------   ---------   ---------   ----   ------
  1   -73.82754187941                   -0.93    9.9    9.48s
  2   -73.83607895485       -2.07       -1.13    5.4    5.24s
  3   -73.84114254435       -2.30       -1.50    6.9    6.75s
  4   -73.84186235343       -3.14       -1.84    5.6    5.43s
  5   -73.84197421012       -3.95       -2.23    5.1    5.22s
  6   -73.84199570863       -4.67       -3.12    5.7    5.94s
  7   -73.84199572860       -7.70       -3.52    5.0    5.29s
  8   -73.84199573081       -8.66       -4.13    4.1    4.59s
  9   -73.84199573134       -9.27       -4.61    4.4    4.83s
 10   -73.84199573152       -9.75       -5.09    5.2    5.30s
 11   -73.84199573153      -11.21       -5.99    5.1    6.04s
 12   -73.84199573153   +  -11.71       -6.41    6.0    5.92s
 13   -73.84199573153   +  -12.28       -6.90    4.0    4.30s
 14   -73.84199573153      -13.07       -7.26    3.7    4.16s
┌ Warning: Negative ρcore detected: -3.233158998957332e-8
└ @ DFTK ~/.julia/packages/DFTK/n2IL4/src/terms/xc.jl:39
n     Energy            log10(ΔE)   log10(Δρ)   Diag   Δtime
---   ---------------   ---------   ---------   ----   ------
  1   -73.82754449835                   -0.93    9.9    9.14s
  2   -73.83608187180       -2.07       -1.13    5.4    5.28s
  3   -73.84114153943       -2.30       -1.50    6.9    6.78s
  4   -73.84186216687       -3.14       -1.84    5.6    5.35s
  5   -73.84197411550       -3.95       -2.23    5.1    5.33s
  6   -73.84199570889       -4.67       -3.12    5.6    5.84s
  7   -73.84199572862       -7.70       -3.52    5.0    5.22s
  8   -73.84199573078       -8.67       -4.12    4.2    4.56s
  9   -73.84199573132       -9.26       -4.60    4.4    4.63s
 10   -73.84199573153       -9.69       -5.14    5.2    5.16s
 11   -73.84199573153      -11.53       -5.97    5.1    5.27s
 12   -73.84199573153   +  -11.66       -6.41    5.8    5.61s
 13   -73.84199573153   +  -12.49       -6.99    4.1    4.28s
 14   -73.84199573153      -13.00       -7.25    3.7    4.12s
┌ Warning: Negative ρcore detected: Dual{ForwardDiff.Tag{var"#19#21"{@NamedTuple{ham::Hamiltonian, basis::PlaneWaveBasis{Float64, Float64, DFTK.CPU, FFTGrid{Float64, Float64, Array{StaticArraysCore.SVector{3, Int64}, 3}, Array{StaticArraysCore.SVector{3, Float64}, 3}}, Vector{StaticArraysCore.SVector{3, Int64}}}, energies::Energies{Float64}, converged::Bool, occupation_threshold::Float64, ρ::Array{Float64, 4}, τ::Nothing, α::Float64, eigenvalues::Vector{Vector{Float64}}, occupation::Vector{Vector{Float64}}, εF::Float64, n_bands_converge::Int64, n_iter::Int64, n_matvec::Int64, ψ::Vector{Matrix{ComplexF64}}, diagonalization::Vector{@NamedTuple{λ::Vector{Vector{Float64}}, X::Vector{Matrix{ComplexF64}}, residual_norms::Vector{Vector{Float64}}, n_iter::Vector{Int64}, converged::Bool, n_matvec::Int64}}, stage::Symbol, history_Δρ::Vector{Float64}, history_Etot::Vector{Float64}, timedout::Bool, runtime_ns::UInt64, algorithm::String}, Model{Float64, Float64}, Float64, MonkhorstPack, var"#case#4"{Matrix{Float64}, Float64, MonkhorstPack, Vector{StaticArraysCore.SVector{3, Float64}}, Vector{ElementPsp{PspUpf{Float64, Interpolations.Extrapolation{Float64, 1, Interpolations.GriddedInterpolation{Float64, 1, Vector{Float64}, Interpolations.Gridded{Interpolations.Linear{Interpolations.Throw{Interpolations.OnGrid}}}, Tuple{Vector{Float64}}}, Interpolations.Gridded{Interpolations.Linear{Interpolations.Throw{Interpolations.OnGrid}}}, Interpolations.Throw{Nothing}}}}}, Float64, Float64, String}}, Float64}}(-3.233158998957332e-8,1.1261146170727044e-7)
└ @ DFTK ~/.julia/packages/DFTK/n2IL4/src/terms/xc.jl:39
     3    -7.384200e+01     1.186427e-06
 * time: 638.6376669406891
┌ Warning: Negative ρcore detected: -3.2330685146443634e-8
└ @ DFTK ~/.julia/packages/DFTK/n2IL4/src/terms/xc.jl:39
n     Energy            log10(ΔE)   log10(Δρ)   Diag   Δtime
---   ---------------   ---------   ---------   ----   ------
  1   -73.82753913090                   -0.93    9.9    9.15s
  2   -73.83607126076       -2.07       -1.13    5.4    5.22s
  3   -73.84114547931       -2.29       -1.50    7.0    6.86s
  4   -73.84186164462       -3.14       -1.84    5.6    5.48s
  5   -73.84197401171       -3.95       -2.23    5.1    5.15s
  6   -73.84199570925       -4.66       -3.12    5.6    5.77s
  7   -73.84199572845       -7.72       -3.52    5.0    5.22s
  8   -73.84199573083       -8.62       -4.13    3.6    4.23s
  9   -73.84199573137       -9.27       -4.62    4.5    4.85s
 10   -73.84199573152       -9.84       -5.09    5.1    5.16s
 11   -73.84199573152      -11.28       -6.01    5.0    5.07s
 12   -73.84199573152   +  -11.78       -6.39    5.9    5.90s
 13   -73.84199573152   +  -12.19       -6.86    4.5    4.58s
 14   -73.84199573152      -12.89       -7.25    3.7    4.21s
┌ Warning: Negative ρcore detected: -3.233132053604048e-8
└ @ DFTK ~/.julia/packages/DFTK/n2IL4/src/terms/xc.jl:39
n     Energy            log10(ΔE)   log10(Δρ)   Diag   Δtime
---   ---------------   ---------   ---------   ----   ------
  1   -73.82754281753                   -0.93    9.9    9.04s
  2   -73.83608406857       -2.07       -1.13    5.3    5.13s
  3   -73.84114106874       -2.30       -1.50    6.9    6.77s
  4   -73.84186285579       -3.14       -1.84    5.7    5.48s
  5   -73.84197403328       -3.95       -2.23    5.1    5.60s
  6   -73.84199570879       -4.66       -3.12    5.6    5.68s
  7   -73.84199572862       -7.70       -3.52    5.1    5.35s
  8   -73.84199573080       -8.66       -4.13    4.1    4.55s
  9   -73.84199573133       -9.27       -4.60    4.3    4.74s
 10   -73.84199573152       -9.72       -5.07    5.1    5.14s
 11   -73.84199573153      -11.17       -5.98    5.1    5.13s
 12   -73.84199573153   +  -11.69       -6.39    5.9    5.97s
 13   -73.84199573153   +  -12.38       -6.87    3.9    4.29s
 14   -73.84199573153      -13.00       -7.25    3.6    4.49s
┌ Warning: Negative ρcore detected: -3.2331495111809715e-8
└ @ DFTK ~/.julia/packages/DFTK/n2IL4/src/terms/xc.jl:39
n     Energy            log10(ΔE)   log10(Δρ)   Diag   Δtime
---   ---------------   ---------   ---------   ----   ------
  1   -73.82754405745                   -0.93    9.9    9.21s
  2   -73.83608149581       -2.07       -1.13    5.5    5.36s
  3   -73.84114428606       -2.30       -1.50    7.0    6.85s
  4   -73.84186117379       -3.14       -1.84    5.6    5.46s
  5   -73.84197365251       -3.95       -2.23    5.1    5.32s
  6   -73.84199570873       -4.66       -3.12    5.5    5.89s
  7   -73.84199572857       -7.70       -3.52    5.1    5.50s
  8   -73.84199573085       -8.64       -4.13    4.2    4.78s
  9   -73.84199573135       -9.30       -4.60    4.3    4.80s
 10   -73.84199573152       -9.75       -5.08    5.1    5.45s
 11   -73.84199573153      -11.37       -5.99    5.1    5.22s
 12   -73.84199573153   +  -11.77       -6.40    5.9    6.01s
 13   -73.84199573153   +  -12.20       -6.91    4.6    4.69s
 14   -73.84199573153      -12.73       -7.25    4.1    4.36s
┌ Warning: Negative ρcore detected: -3.2331495111809715e-8
└ @ DFTK ~/.julia/packages/DFTK/n2IL4/src/terms/xc.jl:39
n     Energy            log10(ΔE)   log10(Δρ)   Diag   Δtime
---   ---------------   ---------   ---------   ----   ------
  1   -73.82754370621                   -0.93    9.9    9.14s
  2   -73.83608263629       -2.07       -1.13    5.3    5.24s
  3   -73.84114289700       -2.30       -1.50    6.9    6.66s
  4   -73.84186203476       -3.14       -1.84    5.7    5.46s
  5   -73.84197372970       -3.95       -2.23    5.1    5.30s
  6   -73.84199570816       -4.66       -3.11    5.6    5.69s
  7   -73.84199572866       -7.69       -3.52    5.1    5.27s
  8   -73.84199573084       -8.66       -4.13    4.2    4.77s
  9   -73.84199573134       -9.30       -4.60    4.3    4.85s
 10   -73.84199573152       -9.73       -5.09    5.1    5.21s
 11   -73.84199573153      -11.18       -5.97    5.2    5.40s
 12   -73.84199573153   +  -11.69       -6.40    6.0    5.90s
 13   -73.84199573153   +  -12.34       -6.90    3.6    4.02s
 14   -73.84199573153      -12.81       -7.25    4.5    4.59s
┌ Warning: Negative ρcore detected: Dual{ForwardDiff.Tag{var"#19#21"{@NamedTuple{ham::Hamiltonian, basis::PlaneWaveBasis{Float64, Float64, DFTK.CPU, FFTGrid{Float64, Float64, Array{StaticArraysCore.SVector{3, Int64}, 3}, Array{StaticArraysCore.SVector{3, Float64}, 3}}, Vector{StaticArraysCore.SVector{3, Int64}}}, energies::Energies{Float64}, converged::Bool, occupation_threshold::Float64, ρ::Array{Float64, 4}, τ::Nothing, α::Float64, eigenvalues::Vector{Vector{Float64}}, occupation::Vector{Vector{Float64}}, εF::Float64, n_bands_converge::Int64, n_iter::Int64, n_matvec::Int64, ψ::Vector{Matrix{ComplexF64}}, diagonalization::Vector{@NamedTuple{λ::Vector{Vector{Float64}}, X::Vector{Matrix{ComplexF64}}, residual_norms::Vector{Vector{Float64}}, n_iter::Vector{Int64}, converged::Bool, n_matvec::Int64}}, stage::Symbol, history_Δρ::Vector{Float64}, history_Etot::Vector{Float64}, timedout::Bool, runtime_ns::UInt64, algorithm::String}, Model{Float64, Float64}, Float64, MonkhorstPack, var"#case#4"{Matrix{Float64}, Float64, MonkhorstPack, Vector{StaticArraysCore.SVector{3, Float64}}, Vector{ElementPsp{PspUpf{Float64, Interpolations.Extrapolation{Float64, 1, Interpolations.GriddedInterpolation{Float64, 1, Vector{Float64}, Interpolations.Gridded{Interpolations.Linear{Interpolations.Throw{Interpolations.OnGrid}}}, Tuple{Vector{Float64}}}, Interpolations.Gridded{Interpolations.Linear{Interpolations.Throw{Interpolations.OnGrid}}}, Interpolations.Throw{Nothing}}}}}, Float64, Float64, String}}, Float64}}(-3.2331495111809715e-8,1.1261409645914297e-7)
└ @ DFTK ~/.julia/packages/DFTK/n2IL4/src/terms/xc.jl:39
     4    -7.384200e+01     1.055619e-06
 * time: 1043.1144909858704
┌ Warning: Negative ρcore detected: -3.233072725705304e-8
└ @ DFTK ~/.julia/packages/DFTK/n2IL4/src/terms/xc.jl:39
n     Energy            log10(ΔE)   log10(Δρ)   Diag   Δtime
---   ---------------   ---------   ---------   ----   ------
  1   -73.82754282810                   -0.93    9.8    9.29s
  2   -73.83607917933       -2.07       -1.13    5.4    5.28s
  3   -73.84114357246       -2.30       -1.50    6.9    6.79s
  4   -73.84186203422       -3.14       -1.84    5.6    5.49s
  5   -73.84197434585       -3.95       -2.23    5.1    5.27s
  6   -73.84199570962       -4.67       -3.12    5.6    5.78s
  7   -73.84199572865       -7.72       -3.52    5.0    5.61s
  8   -73.84199573084       -8.66       -4.14    3.8    4.49s
  9   -73.84199573136       -9.28       -4.62    4.4    4.96s
 10   -73.84199573152       -9.80       -5.08    5.2    5.28s
 11   -73.84199573152      -11.19       -6.00    5.0    5.30s
 12   -73.84199573152   +  -11.73       -6.40    6.0    6.18s
 13   -73.84199573152   +  -12.36       -6.84    4.1    4.36s
 14   -73.84199573152      -13.15       -7.28    3.3    3.98s
┌ Warning: Negative ρcore detected: -3.2331282271857584e-8
└ @ DFTK ~/.julia/packages/DFTK/n2IL4/src/terms/xc.jl:39
n     Energy            log10(ΔE)   log10(Δρ)   Diag   Δtime
---   ---------------   ---------   ---------   ----   ------
  1   -73.82754347547                   -0.93    9.9    9.27s
  2   -73.83607699589       -2.07       -1.13    5.5    5.28s
  3   -73.84114382562       -2.30       -1.50    6.9    6.78s
  4   -73.84186190322       -3.14       -1.84    5.7    5.46s
  5   -73.84197433564       -3.95       -2.23    5.1    5.28s
  6   -73.84199570913       -4.67       -3.12    5.6    5.93s
  7   -73.84199572861       -7.71       -3.52    5.1    5.29s
  8   -73.84199573092       -8.64       -4.14    3.8    4.47s
  9   -73.84199573138       -9.33       -4.62    4.3    4.78s
 10   -73.84199573152       -9.86       -5.08    5.1    5.14s
 11   -73.84199573153      -11.20       -6.02    5.1    5.16s
 12   -73.84199573153   +  -11.73       -6.38    6.0    5.87s
 13   -73.84199573153   +  -12.43       -6.86    3.9    4.22s
 14   -73.84199573153      -13.25       -7.27    4.5    4.66s
┌ Warning: Negative ρcore detected: -3.233143403491535e-8
└ @ DFTK ~/.julia/packages/DFTK/n2IL4/src/terms/xc.jl:39
n     Energy            log10(ΔE)   log10(Δρ)   Diag   Δtime
---   ---------------   ---------   ---------   ----   ------
  1   -73.82753936006                   -0.93    9.9    9.12s
  2   -73.83609516951       -2.07       -1.13    5.4    5.22s
  3   -73.84113967692       -2.30       -1.50    6.9    6.71s
  4   -73.84186283697       -3.14       -1.84    5.7    5.46s
  5   -73.84197436579       -3.95       -2.24    5.1    5.23s
  6   -73.84199571013       -4.67       -3.12    5.7    6.00s
  7   -73.84199572870       -7.73       -3.53    4.9    5.30s
  8   -73.84199573063       -8.71       -4.12    4.5    4.77s
  9   -73.84199573130       -9.17       -4.62    4.6    4.97s
 10   -73.84199573152       -9.66       -5.07    5.2    5.51s
 11   -73.84199573153      -11.27       -5.97    5.1    5.41s
 12   -73.84199573153   +  -11.66       -6.38    6.0    6.01s
 13   -73.84199573153   +  -12.59       -6.83    3.2    3.84s
 14   -73.84199573153      -13.37       -7.24    3.9    4.35s
┌ Warning: Negative ρcore detected: -3.233147744611191e-8
└ @ DFTK ~/.julia/packages/DFTK/n2IL4/src/terms/xc.jl:39
n     Energy            log10(ΔE)   log10(Δρ)   Diag   Δtime
---   ---------------   ---------   ---------   ----   ------
  1   -73.82754342002                   -0.93   10.0    9.17s
  2   -73.83607932027       -2.07       -1.13    5.4    5.19s
  3   -73.84114264049       -2.30       -1.50    7.0    6.63s
  4   -73.84186212927       -3.14       -1.84    5.6    5.36s
  5   -73.84197434487       -3.95       -2.23    5.1    5.27s
  6   -73.84199570817       -4.67       -3.12    5.6    5.49s
  7   -73.84199572869       -7.69       -3.52    5.2    5.24s
  8   -73.84199573090       -8.66       -4.14    4.0    4.66s
  9   -73.84199573137       -9.33       -4.62    4.3    4.64s
 10   -73.84199573152       -9.80       -5.07    5.2    5.14s
 11   -73.84199573153      -11.35       -6.00    5.0    5.10s
 12   -73.84199573153   +  -11.76       -6.39    5.9    5.95s
 13   -73.84199573153   +  -12.22       -6.84    4.4    4.54s
 14   -73.84199573153      -12.67       -7.29    3.7    4.18s
┌ Warning: Negative ρcore detected: -3.233149134948928e-8
└ @ DFTK ~/.julia/packages/DFTK/n2IL4/src/terms/xc.jl:39
n     Energy            log10(ΔE)   log10(Δρ)   Diag   Δtime
---   ---------------   ---------   ---------   ----   ------
  1   -73.82753798299                   -0.93    9.9    9.54s
  2   -73.83607356157       -2.07       -1.13    5.4    5.23s
  3   -73.84114568815       -2.29       -1.50    6.9    6.93s
  4   -73.84186116232       -3.15       -1.84    5.6    5.51s
  5   -73.84197435298       -3.95       -2.23    5.1    5.42s
  6   -73.84199570927       -4.67       -3.12    5.6    6.09s
  7   -73.84199572855       -7.72       -3.52    5.0    5.34s
  8   -73.84199573093       -8.62       -4.15    3.6    4.37s
  9   -73.84199573140       -9.33       -4.64    4.4    4.77s
 10   -73.84199573152       -9.91       -5.07    5.1    5.30s
 11   -73.84199573153      -11.24       -6.03    5.0    5.28s
 12   -73.84199573153   +  -11.78       -6.38    6.0    5.95s
 13   -73.84199573153   +  -12.14       -6.81    4.5    4.58s
 14   -73.84199573153      -12.81       -7.32    3.5    4.08s
┌ Warning: Negative ρcore detected: -3.233149134948928e-8
└ @ DFTK ~/.julia/packages/DFTK/n2IL4/src/terms/xc.jl:39
n     Energy            log10(ΔE)   log10(Δρ)   Diag   Δtime
---   ---------------   ---------   ---------   ----   ------
  1   -73.82754426440                   -0.93   10.1    9.56s
  2   -73.83607271350       -2.07       -1.13    5.4    5.24s
  3   -73.84114401228       -2.29       -1.50    6.9    6.87s
  4   -73.84186208635       -3.14       -1.84    5.7    5.61s
  5   -73.84197402945       -3.95       -2.23    5.1    5.30s
  6   -73.84199570911       -4.66       -3.12    5.6    5.65s
  7   -73.84199572852       -7.71       -3.51    5.1    5.31s
  8   -73.84199573095       -8.61       -4.14    3.5    4.19s
  9   -73.84199573140       -9.36       -4.61    4.3    4.86s
 10   -73.84199573152       -9.89       -5.06    5.1    5.15s
 11   -73.84199573153      -11.27       -6.01    5.0    5.21s
 12   -73.84199573153   +  -11.81       -6.36    5.9    6.06s
 13   -73.84199573153   +  -12.12       -6.80    4.5    4.75s
 14   -73.84199573153      -12.67       -7.29    3.8    4.23s
┌ Warning: Negative ρcore detected: Dual{ForwardDiff.Tag{var"#19#21"{@NamedTuple{ham::Hamiltonian, basis::PlaneWaveBasis{Float64, Float64, DFTK.CPU, FFTGrid{Float64, Float64, Array{StaticArraysCore.SVector{3, Int64}, 3}, Array{StaticArraysCore.SVector{3, Float64}, 3}}, Vector{StaticArraysCore.SVector{3, Int64}}}, energies::Energies{Float64}, converged::Bool, occupation_threshold::Float64, ρ::Array{Float64, 4}, τ::Nothing, α::Float64, eigenvalues::Vector{Vector{Float64}}, occupation::Vector{Vector{Float64}}, εF::Float64, n_bands_converge::Int64, n_iter::Int64, n_matvec::Int64, ψ::Vector{Matrix{ComplexF64}}, diagonalization::Vector{@NamedTuple{λ::Vector{Vector{Float64}}, X::Vector{Matrix{ComplexF64}}, residual_norms::Vector{Vector{Float64}}, n_iter::Vector{Int64}, converged::Bool, n_matvec::Int64}}, stage::Symbol, history_Δρ::Vector{Float64}, history_Etot::Vector{Float64}, timedout::Bool, runtime_ns::UInt64, algorithm::String}, Model{Float64, Float64}, Float64, MonkhorstPack, var"#case#4"{Matrix{Float64}, Float64, MonkhorstPack, Vector{StaticArraysCore.SVector{3, Float64}}, Vector{ElementPsp{PspUpf{Float64, Interpolations.Extrapolation{Float64, 1, Interpolations.GriddedInterpolation{Float64, 1, Vector{Float64}, Interpolations.Gridded{Interpolations.Linear{Interpolations.Throw{Interpolations.OnGrid}}}, Tuple{Vector{Float64}}}, Interpolations.Gridded{Interpolations.Linear{Interpolations.Throw{Interpolations.OnGrid}}}, Interpolations.Throw{Nothing}}}}}, Float64, Float64, String}}, Float64}}(-3.233149134948928e-8,1.1261420459926364e-7)
└ @ DFTK ~/.julia/packages/DFTK/n2IL4/src/terms/xc.jl:39
     5    -7.384200e+01     1.046782e-06
 * time: 1637.9534800052643
 * Status: success

 * Candidate solution
    Final objective value:     -7.384200e+01

 * Found with
    Algorithm:     L-BFGS

 * Convergence measures
    |x - x'|               = 3.47e-08 ≰ -1.0e+00
    |x - x'|/|x'|          = 6.05e-09 ≰ 0.0e+00
    |f(x) - f(x')|         = 0.00e+00 ≤ 1.0e-08
    |f(x) - f(x')|/|f(x')| = 0.00e+00 ≤ 0.0e+00
    |g(x)|                 = 1.05e-06 ≰ 1.0e-06

 * Work counters
    Seconds run:   1638  (vs limit Inf)
    Iterations:    5
    f(x) calls:    12
    ∇f(x) calls:   6

V: 1754.673332 seconds (1.30 G allocations: 631.155 GiB, 6.09% gc time, 0.00% compilation time)
