┌ Info: Threading setup: 
│   Threads.nthreads() = 1
│   n_DFTK = 1
│   n_fft = 1
└   n_blas = 1
┌ Info: 2025-05-13T22:12:11.145
│   name = "Si"
│   Ecut = 18.0
│   kgrid = MonkhorstPack([14, 14, 14])
│   p0 = ComponentVector{Float64}(a = 10.347246312603742)
│   temperature = 0.001
└   smearing = DFTK.Smearing.Gaussian()
n     Energy            log10(ΔE)   log10(Δρ)   Diag   Δtime
---   ---------------   ---------   ---------   ----   ------
  1   -8.453071288926                   -0.96    7.0    10.5s
  2   -8.454634860891       -2.81       -1.74    1.8    4.81s
  3   -8.454724889266       -4.05       -2.74    4.0    1.56s
  4   -8.454728907845       -5.40       -3.51    4.8    1.94s
  5   -8.454729140944       -6.63       -4.30    5.0    1.67s
  6   -8.454729150795       -8.01       -5.23    5.1    1.97s
  7   -8.454729150888      -10.03       -6.23    4.6    1.67s
  8   -8.454729150888      -12.17       -6.88    4.2    1.90s
  9   -8.454729150888      -13.71       -7.74    4.3    1.72s
Iter     Function value   Gradient norm 
     0    -8.454729e+00     5.729178e-04
 * time: 3.790855407714844e-5
n     Energy            log10(ΔE)   log10(Δρ)   Diag   Δtime
---   ---------------   ---------   ---------   ----   ------
  1   -8.453070285382                   -0.96    7.0    2.38s
  2   -8.454635890674       -2.81       -1.74    1.9    1.06s
  3   -8.454724988755       -4.05       -2.74    4.0    1.80s
  4   -8.454729222446       -5.37       -3.49    5.0    1.99s
  5   -8.454729458830       -6.63       -4.33    5.0    1.66s
  6   -8.454729467810       -8.05       -5.22    5.2    2.04s
  7   -8.454729467910      -10.00       -6.32    5.0    1.78s
  8   -8.454729467911      -12.26       -7.10    4.6    1.94s
n     Energy            log10(ΔE)   log10(Δρ)   Diag   Δtime
---   ---------------   ---------   ---------   ----   ------
  1   -8.453081695980                   -0.96    7.1    2.41s
  2   -8.454637481215       -2.81       -1.74    1.9    1.32s
  3   -8.454725142635       -4.06       -2.74    4.0    1.57s
  4   -8.454729223539       -5.39       -3.50    4.8    1.99s
  5   -8.454729458680       -6.63       -4.33    5.0    1.70s
  6   -8.454729467820       -8.04       -5.23    5.2    2.00s
  7   -8.454729467911      -10.04       -6.34    4.8    1.74s
  8   -8.454729467911      -12.26       -7.09    4.5    1.92s
     1    -8.454729e+00     5.337516e-04
 * time: 41.841848850250244
n     Energy            log10(ΔE)   log10(Δρ)   Diag   Δtime
---   ---------------   ---------   ---------   ----   ------
  1   -8.453036905941                   -0.96    7.3    2.43s
  2   -8.454630403044       -2.80       -1.74    1.6    994ms
  3   -8.454727211864       -4.01       -2.74    4.0    1.86s
  4   -8.454731303141       -5.39       -3.50    5.0    1.78s
  5   -8.454731536905       -6.63       -4.32    5.0    1.99s
  6   -8.454731546485       -8.02       -5.25    5.3    1.79s
  7   -8.454731546577      -10.04       -6.37    5.1    2.01s
  8   -8.454731546578      -12.28       -7.15    4.6    1.70s
n     Energy            log10(ΔE)   log10(Δρ)   Diag   Δtime
---   ---------------   ---------   ---------   ----   ------
  1   -8.453045549194                   -0.96    7.2    2.43s
  2   -8.454629313773       -2.80       -1.74    1.7    1.01s
  3   -8.454727253251       -4.01       -2.74    4.0    1.83s
  4   -8.454731305660       -5.39       -3.50    4.8    1.72s
  5   -8.454731536484       -6.64       -4.31    5.1    1.88s
  6   -8.454731546478       -8.00       -5.23    5.3    1.75s
  7   -8.454731546577      -10.00       -6.30    5.0    1.91s
  8   -8.454731546578      -12.23       -7.02    4.5    1.66s
     2    -8.454732e+00     1.991217e-06
 * time: 82.35801196098328
n     Energy            log10(ΔE)   log10(Δρ)   Diag   Δtime
---   ---------------   ---------   ---------   ----   ------
  1   -8.453034744849                   -0.96    7.2    2.48s
  2   -8.454635025616       -2.80       -1.74    1.8    1.28s
  3   -8.454727371341       -4.03       -2.74    4.0    1.55s
  4   -8.454731311145       -5.40       -3.51    4.8    1.98s
  5   -8.454731536892       -6.65       -4.32    5.0    1.70s
  6   -8.454731546518       -8.02       -5.23    5.2    1.95s
  7   -8.454731546605      -10.06       -6.35    4.9    1.71s
  8   -8.454731546606      -12.30       -7.13    4.4    1.88s
n     Energy            log10(ΔE)   log10(Δρ)   Diag   Δtime
---   ---------------   ---------   ---------   ----   ------
  1   -8.453036785345                   -0.96    7.2    2.39s
  2   -8.454634831575       -2.80       -1.74    1.9    1.29s
  3   -8.454727229597       -4.03       -2.74    3.9    1.56s
  4   -8.454731308001       -5.39       -3.50    4.9    2.00s
  5   -8.454731537190       -6.64       -4.33    5.1    1.67s
  6   -8.454731546515       -8.03       -5.22    5.3    2.00s
  7   -8.454731546605      -10.04       -6.35    4.9    1.68s
  8   -8.454731546606      -12.29       -7.12    4.4    1.91s
     3    -8.454732e+00     1.584368e-08
 * time: 123.15295886993408
 * Status: success

 * Candidate solution
    Final objective value:     -8.454732e+00

 * Found with
    Algorithm:     L-BFGS

 * Convergence measures
    |x - x'|               = 2.90e-05 ≰ -1.0e+00
    |x - x'|/|x'|          = 2.81e-06 ≰ 0.0e+00
    |f(x) - f(x')|         = 2.83e-11 ≤ 1.0e-08
    |f(x) - f(x')|/|f(x')| = 3.35e-12 ≰ 0.0e+00
    |g(x)|                 = 1.58e-08 ≤ 1.0e-06

 * Work counters
    Seconds run:   123  (vs limit Inf)
    Iterations:    3
    f(x) calls:    4
    ∇f(x) calls:   4

Si: 194.403387 seconds (313.91 M allocations: 61.521 GiB, 7.28% gc time, 24.69% compilation time: <1% of which was recompilation)
┌ Info: 2025-05-13T22:15:26.139
│   name = "NaCl"
│   Ecut = 44.0
│   kgrid = MonkhorstPack([13, 13, 13])
│   p0 = ComponentVector{Float64}(a = 10.746130571470083)
│   temperature = 0
└   smearing = DFTK.Smearing.None()
n     Energy            log10(ΔE)   log10(Δρ)   Diag   Δtime
---   ---------------   ---------   ---------   ----   ------
  1   -62.24757801868                   -1.10    8.5    19.3s
  2   -62.25383089212       -2.20       -1.22    2.8    7.59s
  3   -62.25752027502       -2.43       -2.03    3.6    8.82s
  4   -62.25759629485       -4.12       -2.87    3.0    7.87s
  5   -62.25759894395       -5.58       -3.52    3.9    9.81s
  6   -62.25759940341       -6.34       -4.17    3.4    8.70s
  7   -62.25759942710       -7.63       -4.56    4.0    10.1s
  8   -62.25759942809       -9.00       -5.43    3.5    8.80s
  9   -62.25759942811      -10.66       -6.50    4.0    10.0s
 10   -62.25759942811      -12.48       -7.33    4.5    11.1s
Iter     Function value   Gradient norm 
     0    -6.225760e+01     9.458676e-03
 * time: 2.9087066650390625e-5
n     Energy            log10(ΔE)   log10(Δρ)   Diag   Δtime
---   ---------------   ---------   ---------   ----   ------
  1   -62.24763905623                   -1.10    8.7    17.1s
  2   -62.25388822380       -2.20       -1.22    2.9    7.26s
  3   -62.25760820975       -2.43       -2.02    3.5    8.59s
  4   -62.25768481049       -4.12       -2.88    3.0    8.03s
  5   -62.25768752262       -5.57       -3.53    3.9    9.87s
  6   -62.25768792085       -6.40       -4.20    3.3    8.66s
  7   -62.25768794510       -7.62       -4.61    4.1    10.3s
  8   -62.25768794614       -8.99       -5.48    3.4    8.86s
  9   -62.25768794615      -10.74       -6.55    3.8    9.68s
 10   -62.25768794615      -12.42       -7.22    4.6    11.3s
n     Energy            log10(ΔE)   log10(Δρ)   Diag   Δtime
---   ---------------   ---------   ---------   ----   ------
  1   -62.24763498850                   -1.10    8.7    16.6s
  2   -62.25389624934       -2.20       -1.22    2.7    6.77s
  3   -62.25760864967       -2.43       -2.02    3.5    8.23s
  4   -62.25768479330       -4.12       -2.86    2.9    7.42s
  5   -62.25768738382       -5.59       -3.51    3.9    9.60s
  6   -62.25768792045       -6.27       -4.16    3.3    8.18s
  7   -62.25768794516       -7.61       -4.56    3.9    9.32s
  8   -62.25768794613       -9.01       -5.54    3.3    9.03s
  9   -62.25768794615      -10.57       -6.29    4.0    9.30s
 10   -62.25768794615      -12.32       -7.13    4.0    9.77s
     1    -6.225769e+01     9.258319e-03
 * time: 225.98758602142334
n     Energy            log10(ΔE)   log10(Δρ)   Diag   Δtime
---   ---------------   ---------   ---------   ----   ------
  1   -62.24783411621                   -1.08    8.8    17.4s
  2   -62.25475886428       -2.16       -1.17    2.7    7.09s
  3   -62.25984167988       -2.29       -1.96    3.4    8.90s
  4   -62.25995472833       -3.95       -2.85    2.4    7.13s
  5   -62.25995813585       -5.47       -3.44    3.9    9.83s
  6   -62.25995904244       -6.04       -4.12    3.5    9.10s
  7   -62.25995908111       -7.41       -4.53    3.9    10.0s
  8   -62.25995908301       -8.72       -5.56    3.2    8.98s
  9   -62.25995908310      -10.02       -6.12    4.0    10.1s
 10   -62.25995908311      -11.84       -6.98    3.6    9.69s
 11   -62.25995908311   +  -14.15       -7.85    3.6    9.55s
n     Energy            log10(ΔE)   log10(Δρ)   Diag   Δtime
---   ---------------   ---------   ---------   ----   ------
  1   -62.24783297183                   -1.08    8.8    17.5s
  2   -62.25471839198       -2.16       -1.17    2.6    7.11s
  3   -62.25984273767       -2.29       -1.96    3.5    9.01s
  4   -62.25995475443       -3.95       -2.87    2.5    7.38s
  5   -62.25995829269       -5.45       -3.49    3.9    10.4s
  6   -62.25995904351       -6.12       -4.18    3.4    8.90s
  7   -62.25995908144       -7.42       -4.55    3.9    10.2s
  8   -62.25995908303       -8.80       -5.45    3.2    8.67s
  9   -62.25995908310      -10.13       -6.01    3.8    10.2s
 10   -62.25995908311      -11.82       -6.47    3.8    10.1s
 11   -62.25995908311      -13.37       -7.25    3.0    8.76s
     2    -6.225996e+01     1.645084e-03
 * time: 476.5577471256256
n     Energy            log10(ΔE)   log10(Δρ)   Diag   Δtime
---   ---------------   ---------   ---------   ----   ------
  1   -62.24741361387                   -1.08    8.6    17.7s
  2   -62.25446961392       -2.15       -1.16    2.6    7.09s
  3   -62.25992551311       -2.26       -1.94    3.4    8.85s
  4   -62.26004825983       -3.91       -2.84    2.5    7.21s
  5   -62.26005187053       -5.44       -3.44    3.9    10.1s
  6   -62.26005283634       -6.02       -4.13    3.4    8.77s
  7   -62.26005288087       -7.35       -4.54    3.8    10.0s
  8   -62.26005288290       -8.69       -5.61    3.3    8.80s
  9   -62.26005288300       -9.98       -6.04    4.4    11.0s
 10   -62.26005288300      -11.77       -6.57    3.5    9.33s
 11   -62.26005288300      -13.11       -7.58    2.9    8.49s
n     Energy            log10(ΔE)   log10(Δρ)   Diag   Δtime
---   ---------------   ---------   ---------   ----   ------
  1   -62.24741009160                   -1.08    8.6    17.6s
  2   -62.25446986955       -2.15       -1.16    2.7    7.19s
  3   -62.25992649613       -2.26       -1.95    3.5    9.09s
  4   -62.26004825996       -3.91       -2.84    2.4    7.28s
  5   -62.26005184203       -5.45       -3.42    3.9    10.1s
  6   -62.26005283503       -6.00       -4.13    3.4    8.91s
  7   -62.26005288101       -7.34       -4.56    3.8    10.4s
  8   -62.26005288289       -8.73       -5.59    3.3    8.78s
  9   -62.26005288300       -9.95       -6.16    4.4    10.7s
 10   -62.26005288300      -11.85       -7.24    3.5    10.0s
     3    -6.226005e+01     3.595282e-04
 * time: 717.3135089874268
n     Energy            log10(ΔE)   log10(Δρ)   Diag   Δtime
---   ---------------   ---------   ---------   ----   ------
  1   -62.24726311763                   -1.08    8.4    17.2s
  2   -62.25437509275       -2.15       -1.15    2.5    7.02s
  3   -62.25992715556       -2.26       -1.94    3.3    8.83s
  4   -62.26005308145       -3.90       -2.83    2.5    7.23s
  5   -62.26005676513       -5.43       -3.41    3.7    10.3s
  6   -62.26005782084       -5.98       -4.10    3.5    9.14s
  7   -62.26005786483       -7.36       -4.49    3.9    10.1s
  8   -62.26005786685       -8.69       -5.65    3.1    8.43s
  9   -62.26005786699       -9.86       -6.06    4.7    11.3s
 10   -62.26005786699      -11.75       -6.74    3.4    9.33s
 11   -62.26005786699      -13.19       -8.00    3.1    8.91s
n     Energy            log10(ΔE)   log10(Δρ)   Diag   Δtime
---   ---------------   ---------   ---------   ----   ------
  1   -62.24726250102                   -1.08    8.3    17.0s
  2   -62.25438103824       -2.15       -1.16    2.6    7.32s
  3   -62.25992811140       -2.26       -1.94    3.4    8.74s
  4   -62.26005303985       -3.90       -2.84    2.3    7.22s
  5   -62.26005676098       -5.43       -3.40    3.8    10.1s
  6   -62.26005782051       -5.97       -4.10    3.3    8.81s
  7   -62.26005786476       -7.35       -4.51    3.8    10.0s
  8   -62.26005786685       -8.68       -5.64    3.1    8.51s
  9   -62.26005786699       -9.85       -6.13    4.6    11.1s
 10   -62.26005786699      -11.79       -7.32    3.3    9.08s
     4    -6.226006e+01     1.921941e-05
 * time: 955.062774181366
n     Energy            log10(ΔE)   log10(Δρ)   Diag   Δtime
---   ---------------   ---------   ---------   ----   ------
  1   -62.24726103559                   -1.08    8.5    17.6s
  2   -62.25437493475       -2.15       -1.16    2.6    7.06s
  3   -62.25992731240       -2.26       -1.94    3.3    8.79s
  4   -62.26005309503       -3.90       -2.83    2.3    7.19s
  5   -62.26005672573       -5.44       -3.39    3.7    9.93s
  6   -62.26005783342       -5.96       -4.08    3.3    8.70s
  7   -62.26005787913       -7.34       -4.52    3.8    10.3s
  8   -62.26005788135       -8.65       -5.66    3.3    8.86s
  9   -62.26005788149       -9.83       -6.00    4.7    11.4s
 10   -62.26005788150      -11.73       -6.54    3.4    9.08s
 11   -62.26005788150      -14.15       -7.89    2.9    8.58s
n     Energy            log10(ΔE)   log10(Δρ)   Diag   Δtime
---   ---------------   ---------   ---------   ----   ------
  1   -62.24726471660                   -1.08    8.5    17.5s
  2   -62.25433766437       -2.15       -1.15    2.6    7.15s
  3   -62.25992900133       -2.25       -1.94    3.4    9.08s
  4   -62.26005308689       -3.91       -2.85    2.4    7.24s
  5   -62.26005684518       -5.43       -3.43    3.9    10.3s
  6   -62.26005783681       -6.00       -4.12    3.4    8.77s
  7   -62.26005787948       -7.37       -4.49    3.8    10.1s
  8   -62.26005788136       -8.73       -5.62    3.2    8.63s
  9   -62.26005788149       -9.87       -6.03    4.5    11.0s
 10   -62.26005788150      -11.77       -6.66    3.5    9.22s
 11   -62.26005788150      -13.25       -7.98    3.1    8.83s
     5    -6.226006e+01     2.296900e-07
 * time: 1207.6579341888428
 * Status: success

 * Candidate solution
    Final objective value:     -6.226006e+01

 * Found with
    Algorithm:     L-BFGS

 * Convergence measures
    |x - x'|               = 1.49e-03 ≰ -1.0e+00
    |x - x'|/|x'|          = 1.32e-04 ≰ 0.0e+00
    |f(x) - f(x')|         = 1.45e-08 ≰ 1.0e-08
    |f(x) - f(x')|/|f(x')| = 2.33e-10 ≰ 0.0e+00
    |g(x)|                 = 2.30e-07 ≤ 1.0e-06

 * Work counters
    Seconds run:   1208  (vs limit Inf)
    Iterations:    5
    f(x) calls:    6
    ∇f(x) calls:   6

NaCl: 1333.536054 seconds (1.48 G allocations: 419.407 GiB, 5.16% gc time, 0.23% compilation time)
┌ Info: 2025-05-13T22:37:39.703
│   name = "Al"
│   Ecut = 20.0
│   kgrid = MonkhorstPack([18, 18, 18])
│   p0 = ComponentVector{Float64}(a = 7.641925528121933)
│   temperature = 0.001
└   smearing = DFTK.Smearing.Gaussian()
n     Energy            log10(ΔE)   log10(Δρ)   Diag   Δtime
---   ---------------   ---------   ---------   ----   ------
  1   -2.315817893547                   -1.46    5.5    1.89s
  2   -2.315901829225       -4.08       -1.84    1.4    738ms
  3   -2.315921790581       -4.70       -3.57    3.2    1.46s
  4   -2.315922031675       -6.62       -4.16    4.6    1.55s
  5   -2.315922032026       -9.45       -4.61    2.6    1.27s
  6   -2.315922032081      -10.26       -5.32    2.8    1.08s
  7   -2.315922032084      -11.62       -5.89    3.0    1.36s
  8   -2.315922032084      -13.45       -6.52    2.1    910ms
  9   -2.315922032084      -14.75       -7.33    2.6    999ms
Iter     Function value   Gradient norm 
     0    -2.315922e+00     1.093384e-03
 * time: 3.2901763916015625e-5
n     Energy            log10(ΔE)   log10(Δρ)   Diag   Δtime
---   ---------------   ---------   ---------   ----   ------
  1   -2.315820076618                   -1.46    5.4    1.66s
  2   -2.315903254652       -4.08       -1.83    1.4    1.10s
  3   -2.315923044367       -4.70       -3.56    3.2    1.19s
  4   -2.315923203110       -6.80       -4.15    4.5    1.80s
  5   -2.315923203479       -9.43       -4.61    2.6    1.03s
  6   -2.315923203535      -10.25       -5.31    2.9    1.33s
  7   -2.315923203537      -11.66       -5.91    2.9    1.07s
  8   -2.315923203537      -13.26       -6.57    2.7    1.02s
  9   -2.315923203537      -14.51       -7.50    2.8    1.28s
n     Energy            log10(ΔE)   log10(Δρ)   Diag   Δtime
---   ---------------   ---------   ---------   ----   ------
  1   -2.315820086831                   -1.46    5.5    1.86s
  2   -2.315903499328       -4.08       -1.83    1.4    749ms
  3   -2.315922937608       -4.71       -3.56    3.2    1.37s
  4   -2.315923203097       -6.58       -4.13    4.6    1.59s
  5   -2.315923203473       -9.43       -4.58    2.5    1.20s
  6   -2.315923203535      -10.21       -5.29    2.8    1.04s
  7   -2.315923203537      -11.61       -5.86    2.9    1.33s
  8   -2.315923203537      -13.40       -6.52    2.2    897ms
  9   -2.315923203537      -14.65       -7.35    2.5    1.23s
     1    -2.315923e+00     1.049430e-03
 * time: 50.91645908355713
n     Energy            log10(ΔE)   log10(Δρ)   Diag   Δtime
---   ---------------   ---------   ---------   ----   ------
  1   -2.315839721922                   -1.45    5.9    1.97s
  2   -2.315918278593       -4.10       -1.83    1.5    768ms
  3   -2.315936713517       -4.73       -3.55    3.3    1.45s
  4   -2.315936945423       -6.63       -4.12    4.6    1.56s
  5   -2.315936945818       -9.40       -4.59    2.7    1.27s
  6   -2.315936945876      -10.24       -5.38    3.0    1.09s
  7   -2.315936945878      -11.66       -5.90    3.2    1.40s
  8   -2.315936945878      -13.45       -6.56    2.2    871ms
  9   -2.315936945878      -14.65       -7.36    2.8    1.05s
n     Energy            log10(ΔE)   log10(Δρ)   Diag   Δtime
---   ---------------   ---------   ---------   ----   ------
  1   -2.315841045512                   -1.45    5.8    1.98s
  2   -2.315918535191       -4.11       -1.83    1.5    758ms
  3   -2.315936744605       -4.74       -3.57    3.3    1.47s
  4   -2.315936945503       -6.70       -4.16    4.7    1.57s
  5   -2.315936945830       -9.49       -4.64    2.7    1.30s
  6   -2.315936945876      -10.33       -5.48    3.0    1.08s
  7   -2.315936945878      -11.84       -6.00    3.2    1.42s
  8   -2.315936945878      -13.57       -6.68    2.2    876ms
  9   -2.315936945878      -15.05       -7.20    2.7    1.03s
     2    -2.315937e+00     1.623391e-07
 * time: 102.3077929019928
 * Status: success

 * Candidate solution
    Final objective value:     -2.315937e+00

 * Found with
    Algorithm:     L-BFGS

 * Convergence measures
    |x - x'|               = 2.61e-02 ≰ -1.0e+00
    |x - x'|/|x'|          = 3.43e-03 ≰ 0.0e+00
    |f(x) - f(x')|         = 1.37e-05 ≰ 1.0e-08
    |f(x) - f(x')|/|f(x')| = 5.93e-06 ≰ 0.0e+00
    |g(x)|                 = 1.62e-07 ≤ 1.0e-06

 * Work counters
    Seconds run:   102  (vs limit Inf)
    Iterations:    2
    f(x) calls:    3
    ∇f(x) calls:   3

Al: 132.760350 seconds (114.34 M allocations: 27.294 GiB, 5.89% gc time, 0.00% compilation time)
┌ Info: 2025-05-13T22:39:52.464
│   name = "V"
│   Ecut = 42.0
│   kgrid = MonkhorstPack([20, 20, 20])
│   p0 = ComponentVector{Float64}(a = 5.699267600684394)
│   temperature = 0.001
└   smearing = DFTK.Smearing.Gaussian()
┌ Warning: Negative ρcore detected: -3.4151886922104144e-8
└ @ DFTK ~/.julia/packages/DFTK/n2IL4/src/terms/xc.jl:39
n     Energy            log10(ΔE)   log10(Δρ)   Diag   Δtime
---   ---------------   ---------   ---------   ----   ------
  1   -73.76380984461                   -0.89    9.6    8.75s
  2   -73.77390409190       -2.00       -1.10    5.3    5.10s
  3   -73.77961847685       -2.24       -1.45    6.8    6.67s
  4   -73.78048811079       -3.06       -1.81    5.7    5.41s
  5   -73.78062048496       -3.88       -2.23    5.1    5.16s
  6   -73.78064171126       -4.67       -3.10    5.5    5.79s
  7   -73.78064173511       -7.62       -3.51    4.4    5.19s
  8   -73.78064173795       -8.55       -4.07    4.1    4.63s
  9   -73.78064173833       -9.42       -4.67    3.9    4.67s
 10   -73.78064173846       -9.88       -4.94    5.2    5.41s
 11   -73.78064173847      -10.91       -5.89    4.8    5.21s
 12   -73.78064173847      -13.15       -6.49    4.7    5.27s
 13   -73.78064173847   +  -13.15       -6.70    4.2    4.70s
 14   -73.78064173847      -12.85       -7.08    4.6    4.95s
┌ Warning: Negative ρcore detected: Dual{ForwardDiff.Tag{var"#19#21"{@NamedTuple{ham::Hamiltonian, basis::PlaneWaveBasis{Float64, Float64, DFTK.CPU, FFTGrid{Float64, Float64, Array{StaticArraysCore.SVector{3, Int64}, 3}, Array{StaticArraysCore.SVector{3, Float64}, 3}}, Vector{StaticArraysCore.SVector{3, Int64}}}, energies::Energies{Float64}, converged::Bool, occupation_threshold::Float64, ρ::Array{Float64, 4}, τ::Nothing, α::Float64, eigenvalues::Vector{Vector{Float64}}, occupation::Vector{Vector{Float64}}, εF::Float64, n_bands_converge::Int64, n_iter::Int64, n_matvec::Int64, ψ::Vector{Matrix{ComplexF64}}, diagonalization::Vector{@NamedTuple{λ::Vector{Vector{Float64}}, X::Vector{Matrix{ComplexF64}}, residual_norms::Vector{Vector{Float64}}, n_iter::Vector{Int64}, converged::Bool, n_matvec::Int64}}, stage::Symbol, history_Δρ::Vector{Float64}, history_Etot::Vector{Float64}, timedout::Bool, runtime_ns::UInt64, algorithm::String}, Model{Float64, Float64}, Float64, MonkhorstPack, var"#case#4"{Matrix{Float64}, Float64, MonkhorstPack, Vector{StaticArraysCore.SVector{3, Float64}}, Vector{ElementPsp{PspUpf{Float64, Interpolations.Extrapolation{Float64, 1, Interpolations.GriddedInterpolation{Float64, 1, Vector{Float64}, Interpolations.Gridded{Interpolations.Linear{Interpolations.Throw{Interpolations.OnGrid}}}, Tuple{Vector{Float64}}}, Interpolations.Gridded{Interpolations.Linear{Interpolations.Throw{Interpolations.OnGrid}}}, Interpolations.Throw{Nothing}}}}}, Float64, Float64, String}}, Float64}}(-3.4151886922104144e-8,-1.2413273474001241e-8)
└ @ DFTK ~/.julia/packages/DFTK/n2IL4/src/terms/xc.jl:39
Iter     Function value   Gradient norm 
     0    -7.378064e+01     1.305008e-04
 * time: 2.5987625122070312e-5
┌ Warning: Negative ρcore detected: -3.4153471136723376e-8
└ @ DFTK ~/.julia/packages/DFTK/n2IL4/src/terms/xc.jl:39
n     Energy            log10(ΔE)   log10(Δρ)   Diag   Δtime
---   ---------------   ---------   ---------   ----   ------
  1   -73.76380661960                   -0.89    9.7    8.83s
  2   -73.77389951892       -2.00       -1.10    5.4    5.74s
  3   -73.77961773536       -2.24       -1.45    6.8    6.73s
  4   -73.78048819819       -3.06       -1.81    5.6    5.47s
  5   -73.78062152004       -3.88       -2.24    5.0    5.11s
  6   -73.78064172807       -4.69       -3.10    5.6    5.79s
  7   -73.78064175091       -7.64       -3.51    4.5    5.02s
  8   -73.78064175361       -8.57       -4.08    3.8    4.38s
  9   -73.78064175406       -9.34       -4.70    4.1    4.56s
 10   -73.78064175417       -9.95       -4.92    5.3    5.16s
 11   -73.78064175419      -10.92       -5.91    4.7    4.81s
 12   -73.78064175419      -12.64       -6.49    4.8    5.16s
 13   -73.78064175419   +  -13.00       -6.79    3.6    4.10s
 14   -73.78064175419      -13.37       -7.42    5.0    4.96s
┌ Warning: Negative ρcore detected: -3.4153471136723376e-8
└ @ DFTK ~/.julia/packages/DFTK/n2IL4/src/terms/xc.jl:39
n     Energy            log10(ΔE)   log10(Δρ)   Diag   Δtime
---   ---------------   ---------   ---------   ----   ------
  1   -73.76381906699                   -0.89    9.8    8.97s
  2   -73.77390245418       -2.00       -1.10    5.4    5.20s
  3   -73.77961611829       -2.24       -1.45    6.9    6.76s
  4   -73.78048856715       -3.06       -1.81    5.6    5.44s
  5   -73.78062151052       -3.88       -2.24    5.1    5.25s
  6   -73.78064172785       -4.69       -3.10    5.7    5.61s
  7   -73.78064175097       -7.64       -3.51    4.5    4.84s
  8   -73.78064175363       -8.58       -4.08    4.1    4.53s
  9   -73.78064175404       -9.38       -4.69    4.0    4.59s
 10   -73.78064175417       -9.89       -4.95    5.3    5.39s
 11   -73.78064175419      -10.95       -5.90    4.9    5.04s
 12   -73.78064175419      -13.07       -6.50    4.9    5.22s
 13   -73.78064175419   +  -13.37       -6.71    3.9    4.38s
 14   -73.78064175419   +  -13.85       -7.14    4.9    4.82s
┌ Warning: Negative ρcore detected: Dual{ForwardDiff.Tag{var"#19#21"{@NamedTuple{ham::Hamiltonian, basis::PlaneWaveBasis{Float64, Float64, DFTK.CPU, FFTGrid{Float64, Float64, Array{StaticArraysCore.SVector{3, Int64}, 3}, Array{StaticArraysCore.SVector{3, Float64}, 3}}, Vector{StaticArraysCore.SVector{3, Int64}}}, energies::Energies{Float64}, converged::Bool, occupation_threshold::Float64, ρ::Array{Float64, 4}, τ::Nothing, α::Float64, eigenvalues::Vector{Vector{Float64}}, occupation::Vector{Vector{Float64}}, εF::Float64, n_bands_converge::Int64, n_iter::Int64, n_matvec::Int64, ψ::Vector{Matrix{ComplexF64}}, diagonalization::Vector{@NamedTuple{λ::Vector{Vector{Float64}}, X::Vector{Matrix{ComplexF64}}, residual_norms::Vector{Vector{Float64}}, n_iter::Vector{Int64}, converged::Bool, n_matvec::Int64}}, stage::Symbol, history_Δρ::Vector{Float64}, history_Etot::Vector{Float64}, timedout::Bool, runtime_ns::UInt64, algorithm::String}, Model{Float64, Float64}, Float64, MonkhorstPack, var"#case#4"{Matrix{Float64}, Float64, MonkhorstPack, Vector{StaticArraysCore.SVector{3, Float64}}, Vector{ElementPsp{PspUpf{Float64, Interpolations.Extrapolation{Float64, 1, Interpolations.GriddedInterpolation{Float64, 1, Vector{Float64}, Interpolations.Gridded{Interpolations.Linear{Interpolations.Throw{Interpolations.OnGrid}}}, Tuple{Vector{Float64}}}, Interpolations.Gridded{Interpolations.Linear{Interpolations.Throw{Interpolations.OnGrid}}}, Interpolations.Throw{Nothing}}}}}, Float64, Float64, String}}, Float64}}(-3.4153471136723376e-8,-1.1867677624332824e-8)
└ @ DFTK ~/.julia/packages/DFTK/n2IL4/src/terms/xc.jl:39
     1    -7.378064e+01     1.106936e-04
 * time: 209.7432050704956
┌ Warning: Negative ρcore detected: -3.4161017336601866e-8
└ @ DFTK ~/.julia/packages/DFTK/n2IL4/src/terms/xc.jl:39
n     Energy            log10(ΔE)   log10(Δρ)   Diag   Δtime
---   ---------------   ---------   ---------   ----   ------
  1   -73.76379401694                   -0.89    9.7    9.12s
  2   -73.77389456141       -2.00       -1.10    5.4    5.34s
  3   -73.77961624468       -2.24       -1.45    6.8    6.57s
  4   -73.78048941153       -3.06       -1.81    5.7    5.45s
  5   -73.78062141994       -3.88       -2.24    5.1    5.13s
  6   -73.78064176898       -4.69       -3.10    5.6    5.77s
  7   -73.78064179108       -7.66       -3.51    4.4    4.85s
  8   -73.78064179390       -8.55       -4.08    4.1    4.63s
  9   -73.78064179424       -9.47       -4.68    3.7    4.42s
 10   -73.78064179437       -9.90       -4.95    5.3    5.35s
 11   -73.78064179438      -10.95       -5.90    4.7    5.34s
 12   -73.78064179438      -12.81       -6.49    4.8    5.27s
 13   -73.78064179438   +  -13.00       -6.74    3.8    4.39s
 14   -73.78064179438      -12.64       -7.41    5.0    4.87s
┌ Warning: Negative ρcore detected: -3.4161017336601866e-8
└ @ DFTK ~/.julia/packages/DFTK/n2IL4/src/terms/xc.jl:39
n     Energy            log10(ΔE)   log10(Δρ)   Diag   Δtime
---   ---------------   ---------   ---------   ----   ------
  1   -73.76379734436                   -0.89    9.6    8.90s
  2   -73.77387434958       -2.00       -1.10    5.3    5.21s
  3   -73.77962154725       -2.24       -1.46    6.9    6.81s
  4   -73.78048789929       -3.06       -1.81    5.6    5.46s
  5   -73.78062141844       -3.87       -2.24    5.0    5.25s
  6   -73.78064176848       -4.69       -3.10    5.5    5.69s
  7   -73.78064179085       -7.65       -3.51    4.5    4.88s
  8   -73.78064179384       -8.52       -4.08    3.5    4.28s
  9   -73.78064179429       -9.34       -4.68    4.2    4.69s
 10   -73.78064179437      -10.12       -4.97    5.1    5.19s
 11   -73.78064179438      -10.88       -5.91    5.0    5.08s
 12   -73.78064179438      -12.85       -6.54    4.5    5.07s
 13   -73.78064179438   +  -12.94       -6.71    3.8    4.40s
 14   -73.78064179438      -12.89       -7.20    4.5    4.71s
┌ Warning: Negative ρcore detected: Dual{ForwardDiff.Tag{var"#19#21"{@NamedTuple{ham::Hamiltonian, basis::PlaneWaveBasis{Float64, Float64, DFTK.CPU, FFTGrid{Float64, Float64, Array{StaticArraysCore.SVector{3, Int64}, 3}, Array{StaticArraysCore.SVector{3, Float64}, 3}}, Vector{StaticArraysCore.SVector{3, Int64}}}, energies::Energies{Float64}, converged::Bool, occupation_threshold::Float64, ρ::Array{Float64, 4}, τ::Nothing, α::Float64, eigenvalues::Vector{Vector{Float64}}, occupation::Vector{Vector{Float64}}, εF::Float64, n_bands_converge::Int64, n_iter::Int64, n_matvec::Int64, ψ::Vector{Matrix{ComplexF64}}, diagonalization::Vector{@NamedTuple{λ::Vector{Vector{Float64}}, X::Vector{Matrix{ComplexF64}}, residual_norms::Vector{Vector{Float64}}, n_iter::Vector{Int64}, converged::Bool, n_matvec::Int64}}, stage::Symbol, history_Δρ::Vector{Float64}, history_Etot::Vector{Float64}, timedout::Bool, runtime_ns::UInt64, algorithm::String}, Model{Float64, Float64}, Float64, MonkhorstPack, var"#case#4"{Matrix{Float64}, Float64, MonkhorstPack, Vector{StaticArraysCore.SVector{3, Float64}}, Vector{ElementPsp{PspUpf{Float64, Interpolations.Extrapolation{Float64, 1, Interpolations.GriddedInterpolation{Float64, 1, Vector{Float64}, Interpolations.Gridded{Interpolations.Linear{Interpolations.Throw{Interpolations.OnGrid}}}, Tuple{Vector{Float64}}}, Interpolations.Gridded{Interpolations.Linear{Interpolations.Throw{Interpolations.OnGrid}}}, Interpolations.Throw{Nothing}}}}}, Float64, Float64, String}}, Float64}}(-3.4161017336601866e-8,-8.828311166917793e-9)
└ @ DFTK ~/.julia/packages/DFTK/n2IL4/src/terms/xc.jl:39
     2    -7.378064e+01     4.364603e-08
 * time: 420.15387201309204
 * Status: success

 * Candidate solution
    Final objective value:     -7.378064e+01

 * Found with
    Algorithm:     L-BFGS

 * Convergence measures
    |x - x'|               = 7.29e-04 ≰ -1.0e+00
    |x - x'|/|x'|          = 1.28e-04 ≰ 0.0e+00
    |f(x) - f(x')|         = 4.02e-08 ≰ 1.0e-08
    |f(x) - f(x')|/|f(x')| = 5.45e-10 ≰ 0.0e+00
    |g(x)|                 = 4.36e-08 ≤ 1.0e-06

 * Work counters
    Seconds run:   420  (vs limit Inf)
    Iterations:    2
    f(x) calls:    3
    ∇f(x) calls:   3

V: 537.550528 seconds (400.19 M allocations: 187.287 GiB, 5.78% gc time, 0.01% compilation time)
