┌ Info: Threading setup: 
│   Threads.nthreads() = 1
│   n_DFTK = 1
│   n_fft = 1
└   n_blas = 1
┌ Info: 2025-05-13T21:48:55.059
│   name = "Si"
│   Ecut = 18.0
│   kgrid = MonkhorstPack([14, 14, 14])
│   p0 = ComponentVector{Float64}(a = 10.347246312603742)
│   temperature = 0.001
└   smearing = DFTK.Smearing.Gaussian()
n     Energy            log10(ΔE)   log10(Δρ)   Diag   Δtime
---   ---------------   ---------   ---------   ----   ------
  1   -8.435071815574                   -0.96    7.1    10.4s
  2   -8.436766967474       -2.77       -1.77    1.8    4.33s
  3   -8.436855191627       -4.05       -2.78    3.9    1.84s
  4   -8.436857546502       -5.63       -3.58    4.6    1.69s
  5   -8.436857652613       -6.97       -4.35    4.7    1.88s
  6   -8.436857657084       -8.35       -5.25    4.9    1.94s
  7   -8.436857657128      -10.36       -6.10    4.5    1.64s
  8   -8.436857657128      -12.43       -7.06    3.7    1.70s
Iter     Function value   Gradient norm 
     0    -8.436858e+00     3.635416e-03
 * time: 3.910064697265625e-5
n     Energy            log10(ΔE)   log10(Δρ)   Diag   Δtime
---   ---------------   ---------   ---------   ----   ------
  1   -8.435061060173                   -0.96    7.1    2.35s
  2   -8.436784963416       -2.76       -1.77    2.0    1.04s
  3   -8.436868140069       -4.08       -2.78    4.0    1.81s
  4   -8.436870317507       -5.66       -3.59    4.7    1.67s
  5   -8.436870417938       -7.00       -4.36    4.8    1.86s
  6   -8.436870422286       -8.36       -5.29    5.1    1.72s
  7   -8.436870422329      -10.36       -6.27    4.5    1.87s
  8   -8.436870422329      -12.68       -7.09    3.9    1.49s
n     Energy            log10(ΔE)   log10(Δρ)   Diag   Δtime
---   ---------------   ---------   ---------   ----   ------
  1   -8.435060393527                   -0.96    7.1    2.33s
  2   -8.436781401566       -2.76       -1.77    2.0    1.04s
  3   -8.436868026969       -4.06       -2.78    3.9    1.79s
  4   -8.436870317732       -5.64       -3.58    4.8    1.91s
  5   -8.436870417709       -7.00       -4.33    4.7    1.57s
  6   -8.436870422283       -8.34       -5.25    5.0    1.86s
  7   -8.436870422329      -10.34       -6.18    4.5    1.64s
  8   -8.436870422329      -12.57       -7.08    3.8    1.69s
     1    -8.436870e+00     3.387123e-03
 * time: 41.146727085113525
n     Energy            log10(ΔE)   log10(Δρ)   Diag   Δtime
---   ---------------   ---------   ---------   ----   ------
  1   -8.435082238589                   -0.96    7.2    2.38s
  2   -8.436870305688       -2.75       -1.77    2.0    1.06s
  3   -8.436950629153       -4.10       -2.78    4.1    1.84s
  4   -8.436952797731       -5.66       -3.57    4.7    1.89s
  5   -8.436952903760       -6.97       -4.37    5.0    1.69s
  6   -8.436952907715       -8.40       -5.28    5.1    1.93s
  7   -8.436952907731      -10.79       -6.31    3.8    1.50s
  8   -8.436952907731      -12.76       -7.06    4.0    1.77s
n     Energy            log10(ΔE)   log10(Δρ)   Diag   Δtime
---   ---------------   ---------   ---------   ----   ------
  1   -8.435088251388                   -0.96    7.1    2.41s
  2   -8.436872420302       -2.75       -1.77    2.1    1.33s
  3   -8.436950582079       -4.11       -2.79    4.0    1.59s
  4   -8.436952799456       -5.65       -3.57    4.9    1.96s
  5   -8.436952904080       -6.98       -4.41    4.9    1.66s
  6   -8.436952907718       -8.44       -5.33    5.3    1.98s
  7   -8.436952907731      -10.86       -6.36    3.7    1.50s
  8   -8.436952907731      -12.86       -7.03    3.9    1.77s
     2    -8.436953e+00     8.818325e-05
 * time: 81.49058294296265
n     Energy            log10(ΔE)   log10(Δρ)   Diag   Δtime
---   ---------------   ---------   ---------   ----   ------
  1   -8.435090894869                   -0.96    7.1    2.42s
  2   -8.436867224444       -2.75       -1.77    2.0    1.07s
  3   -8.436950357112       -4.08       -2.78    4.0    1.81s
  4   -8.436952848174       -5.60       -3.55    4.7    1.94s
  5   -8.436952958055       -6.96       -4.40    5.0    1.64s
  6   -8.436952961886       -8.42       -5.31    5.2    1.95s
  7   -8.436952961902      -10.79       -6.30    3.6    1.45s
  8   -8.436952961902      -12.69       -7.13    4.1    1.77s
n     Energy            log10(ΔE)   log10(Δρ)   Diag   Δtime
---   ---------------   ---------   ---------   ----   ------
  1   -8.435085159302                   -0.96    7.1    2.35s
  2   -8.436864022183       -2.75       -1.77    1.9    1.31s
  3   -8.436950689527       -4.06       -2.78    4.0    1.56s
  4   -8.436952846787       -5.67       -3.57    4.8    1.89s
  5   -8.436952957775       -6.95       -4.35    5.0    1.64s
  6   -8.436952961881       -8.39       -5.23    4.8    1.88s
  7   -8.436952961902      -10.68       -6.22    3.8    1.52s
  8   -8.436952961902      -12.64       -7.05    3.8    1.80s
     3    -8.436953e+00     2.057293e-06
 * time: 122.33392405509949
n     Energy            log10(ΔE)   log10(Δρ)   Diag   Δtime
---   ---------------   ---------   ---------   ----   ------
  1   -8.435075056762                   -0.96    7.2    2.36s
  2   -8.436859458266       -2.75       -1.77    1.9    1.03s
  3   -8.436950481959       -4.04       -2.78    4.0    1.79s
  4   -8.436952848195       -5.63       -3.56    4.7    1.91s
  5   -8.436952957856       -6.96       -4.36    4.9    1.63s
  6   -8.436952961908       -8.39       -5.22    4.9    1.91s
  7   -8.436952961932      -10.63       -6.13    3.7    1.51s
  8   -8.436952961932      -12.51       -7.04    3.7    1.74s
n     Energy            log10(ΔE)   log10(Δρ)   Diag   Δtime
---   ---------------   ---------   ---------   ----   ------
  1   -8.435091659833                   -0.96    7.0    2.40s
  2   -8.436866532714       -2.75       -1.77    1.8    1.28s
  3   -8.436950586429       -4.08       -2.78    3.9    1.57s
  4   -8.436952847049       -5.65       -3.56    4.7    1.94s
  5   -8.436952957840       -6.96       -4.37    4.8    1.62s
  6   -8.436952961912       -8.39       -5.28    5.1    1.94s
  7   -8.436952961932      -10.70       -6.26    3.7    1.49s
  8   -8.436952961932      -12.73       -7.06    3.8    1.91s
     4    -8.436953e+00     2.410943e-09
 * time: 163.27806496620178
 * Status: success

 * Candidate solution
    Final objective value:     -8.436953e+00

 * Found with
    Algorithm:     L-BFGS

 * Convergence measures
    |x - x'|               = 2.87e-05 ≰ -1.0e+00
    |x - x'|/|x'|          = 2.79e-06 ≰ 0.0e+00
    |f(x) - f(x')|         = 2.97e-11 ≤ 1.0e-08
    |f(x) - f(x')|/|f(x')| = 3.52e-12 ≰ 0.0e+00
    |g(x)|                 = 2.41e-09 ≤ 1.0e-06

 * Work counters
    Seconds run:   163  (vs limit Inf)
    Iterations:    4
    f(x) calls:    5
    ∇f(x) calls:   5

Si: 231.440182 seconds (368.59 M allocations: 74.684 GiB, 7.68% gc time, 20.01% compilation time: <1% of which was recompilation)
┌ Info: 2025-05-13T21:52:47.125
│   name = "NaCl"
│   Ecut = 44.0
│   kgrid = MonkhorstPack([13, 13, 13])
│   p0 = ComponentVector{Float64}(a = 10.746130571470083)
│   temperature = 0
└   smearing = DFTK.Smearing.None()
n     Energy            log10(ΔE)   log10(Δρ)   Diag   Δtime
---   ---------------   ---------   ---------   ----   ------
  1   -62.11633219253                   -1.14    8.4    18.3s
  2   -62.12141278001       -2.29       -1.24    2.7    7.64s
  3   -62.12485849420       -2.46       -2.05    3.6    8.49s
  4   -62.12491729115       -4.23       -2.82    3.0    8.02s
  5   -62.12491883944       -5.81       -3.33    3.8    9.33s
  6   -62.12491942316       -6.23       -4.14    3.6    8.70s
  7   -62.12491943394       -7.97       -4.62    4.1    10.1s
  8   -62.12491943444       -9.31       -5.95    3.6    8.77s
  9   -62.12491943445      -11.04       -6.74    4.9    11.4s
 10   -62.12491943445      -13.19       -7.55    3.9    9.26s
Iter     Function value   Gradient norm 
     0    -6.212492e+01     5.725056e-03
 * time: 3.0994415283203125e-5
n     Energy            log10(ΔE)   log10(Δρ)   Diag   Δtime
---   ---------------   ---------   ---------   ----   ------
  1   -62.11635534861                   -1.14    8.3    15.8s
  2   -62.12143981628       -2.29       -1.24    2.7    7.02s
  3   -62.12489032478       -2.46       -2.05    3.6    8.52s
  4   -62.12494970928       -4.23       -2.79    3.1    8.49s
  5   -62.12495126547       -5.81       -3.30    3.9    9.30s
  6   -62.12495188071       -6.21       -4.11    3.5    8.42s
  7   -62.12495189214       -7.94       -4.61    4.1    9.94s
  8   -62.12495189266       -9.28       -5.92    3.5    8.58s
  9   -62.12495189267      -11.00       -6.70    4.7    11.1s
 10   -62.12495189267      -12.81       -7.54    4.0    9.32s
n     Energy            log10(ΔE)   log10(Δρ)   Diag   Δtime
---   ---------------   ---------   ---------   ----   ------
  1   -62.11635580621                   -1.14    8.3    15.4s
  2   -62.12142922404       -2.29       -1.24    2.7    6.95s
  3   -62.12489092076       -2.46       -2.05    3.7    8.91s
  4   -62.12494972652       -4.23       -2.81    3.0    7.69s
  5   -62.12495128671       -5.81       -3.32    3.8    9.12s
  6   -62.12495188122       -6.23       -4.13    3.5    8.65s
  7   -62.12495189216       -7.96       -4.61    4.1    9.51s
  8   -62.12495189266       -9.30       -5.95    3.6    8.55s
  9   -62.12495189267      -11.00       -6.79    4.7    11.0s
 10   -62.12495189267      -12.83       -7.54    3.6    8.87s
     1    -6.212495e+01     5.614033e-03
 * time: 228.67013001441956
n     Energy            log10(ΔE)   log10(Δρ)   Diag   Δtime
---   ---------------   ---------   ---------   ----   ------
  1   -62.11606321775                   -1.13    8.6    17.1s
  2   -62.12147115938       -2.27       -1.21    2.6    7.47s
  3   -62.12575312642       -2.37       -2.01    3.6    9.28s
  4   -62.12583163025       -4.11       -2.78    2.5    7.50s
  5   -62.12583369237       -5.69       -3.27    3.8    10.0s
  6   -62.12583452759       -6.08       -4.05    3.3    8.79s
  7   -62.12583454537       -7.75       -4.47    4.0    10.5s
  8   -62.12583454633       -9.02       -5.81    3.3    8.76s
  9   -62.12583454636      -10.52       -6.45    4.9    11.7s
 10   -62.12583454636      -12.70       -7.33    3.6    9.14s
n     Energy            log10(ΔE)   log10(Δρ)   Diag   Δtime
---   ---------------   ---------   ---------   ----   ------
  1   -62.11606464796                   -1.13    8.6    17.7s
  2   -62.12149780374       -2.26       -1.21    2.5    7.85s
  3   -62.12575186012       -2.37       -2.01    3.5    9.34s
  4   -62.12583158892       -4.10       -2.75    2.8    8.17s
  5   -62.12583364946       -5.69       -3.25    3.8    10.2s
  6   -62.12583452648       -6.06       -4.03    3.2    8.77s
  7   -62.12583454536       -7.72       -4.49    3.9    10.2s
  8   -62.12583454634       -9.01       -5.87    3.5    9.22s
  9   -62.12583454636      -10.61       -6.45    4.9    11.8s
 10   -62.12583454636      -12.72       -7.44    3.9    10.2s
     2    -6.212583e+01     7.277992e-04
 * time: 473.17739391326904
n     Energy            log10(ΔE)   log10(Δρ)   Diag   Δtime
---   ---------------   ---------   ---------   ----   ------
  1   -62.11588488916                   -1.12    8.7    16.9s
  2   -62.12137766322       -2.26       -1.20    2.8    7.41s
  3   -62.12576648978       -2.36       -2.00    3.5    9.17s
  4   -62.12584940253       -4.08       -2.74    2.9    8.25s
  5   -62.12585157545       -5.66       -3.24    3.8    10.1s
  6   -62.12585250216       -6.03       -4.02    3.2    8.75s
  7   -62.12585252164       -7.71       -4.47    4.0    10.6s
  8   -62.12585252266       -8.99       -5.86    3.5    9.42s
  9   -62.12585252269      -10.57       -6.41    5.0    12.3s
 10   -62.12585252269      -12.64       -7.39    3.6    9.28s
n     Energy            log10(ΔE)   log10(Δρ)   Diag   Δtime
---   ---------------   ---------   ---------   ----   ------
  1   -62.11588749304                   -1.12    8.7    17.7s
  2   -62.12135527258       -2.26       -1.20    2.7    7.62s
  3   -62.12576741831       -2.36       -2.00    3.5    9.49s
  4   -62.12584947780       -4.09       -2.77    2.6    7.78s
  5   -62.12585161892       -5.67       -3.26    3.7    10.1s
  6   -62.12585250269       -6.05       -4.05    3.2    8.82s
  7   -62.12585252172       -7.72       -4.50    4.1    10.6s
  8   -62.12585252265       -9.03       -5.83    3.5    9.30s
  9   -62.12585252269      -10.50       -6.51    4.9    11.8s
 10   -62.12585252269      -12.46       -7.29    3.5    9.32s
     3    -6.212585e+01     1.102532e-04
 * time: 716.798024892807
n     Energy            log10(ΔE)   log10(Δρ)   Diag   Δtime
---   ---------------   ---------   ---------   ----   ------
  1   -62.11585141041                   -1.12    8.3    17.5s
  2   -62.12133107702       -2.26       -1.20    2.5    7.29s
  3   -62.12576681167       -2.35       -2.00    3.4    9.40s
  4   -62.12584990152       -4.08       -2.76    2.8    8.18s
  5   -62.12585203997       -5.67       -3.26    3.7    10.0s
  6   -62.12585293680       -6.05       -4.05    3.3    9.09s
  7   -62.12585295609       -7.71       -4.48    4.0    10.6s
  8   -62.12585295700       -9.04       -5.86    3.5    9.30s
  9   -62.12585295703      -10.54       -6.42    4.8    12.3s
 10   -62.12585295703      -12.54       -7.41    3.7    9.74s
n     Energy            log10(ΔE)   log10(Δρ)   Diag   Δtime
---   ---------------   ---------   ---------   ----   ------
  1   -62.11584865267                   -1.12    8.3    17.2s
  2   -62.12134850532       -2.26       -1.20    2.5    7.18s
  3   -62.12576631224       -2.35       -2.00    3.6    9.42s
  4   -62.12584980910       -4.08       -2.74    2.7    7.94s
  5   -62.12585200359       -5.66       -3.24    3.7    10.3s
  6   -62.12585293517       -6.03       -4.01    3.2    8.85s
  7   -62.12585295599       -7.68       -4.47    4.1    10.7s
  8   -62.12585295700       -9.00       -5.86    3.4    9.03s
  9   -62.12585295703      -10.56       -6.27    4.9    11.9s
 10   -62.12585295703      -12.34       -7.41    3.4    9.21s
     4    -6.212585e+01     2.684485e-06
 * time: 963.2809917926788
n     Energy            log10(ΔE)   log10(Δρ)   Diag   Δtime
---   ---------------   ---------   ---------   ----   ------
  1   -62.11584687098                   -1.12    8.1    16.6s
  2   -62.12134113994       -2.26       -1.20    2.5    7.16s
  3   -62.12576646860       -2.35       -2.00    3.7    9.46s
  4   -62.12584991033       -4.08       -2.76    2.7    7.62s
  5   -62.12585202955       -5.67       -3.25    3.6    9.69s
  6   -62.12585293575       -6.04       -4.04    3.2    8.81s
  7   -62.12585295631       -7.69       -4.49    3.9    10.2s
  8   -62.12585295726       -9.02       -5.85    3.3    9.02s
  9   -62.12585295729      -10.52       -6.31    4.8    11.8s
 10   -62.12585295729      -12.36       -7.38    3.4    9.12s
n     Energy            log10(ΔE)   log10(Δρ)   Diag   Δtime
---   ---------------   ---------   ---------   ----   ------
  1   -62.11584861852                   -1.12    8.2    17.0s
  2   -62.12132819072       -2.26       -1.20    2.5    7.24s
  3   -62.12576633806       -2.35       -2.00    3.5    9.71s
  4   -62.12584987584       -4.08       -2.77    2.7    8.18s
  5   -62.12585203660       -5.67       -3.26    3.8    10.3s
  6   -62.12585293690       -6.05       -4.03    3.3    9.02s
  7   -62.12585295615       -7.72       -4.45    4.0    10.9s
  8   -62.12585295726       -8.95       -5.83    3.1    8.74s
  9   -62.12585295729      -10.50       -6.46    4.9    11.9s
 10   -62.12585295729      -12.38       -7.33    3.6    9.27s
     5    -6.212585e+01     9.344514e-09
 * time: 1201.5652129650116
 * Status: success

 * Candidate solution
    Final objective value:     -6.212585e+01

 * Found with
    Algorithm:     L-BFGS

 * Convergence measures
    |x - x'|               = 1.92e-04 ≰ -1.0e+00
    |x - x'|/|x'|          = 1.73e-05 ≰ 0.0e+00
    |f(x) - f(x')|         = 2.62e-10 ≤ 1.0e-08
    |f(x) - f(x')|/|f(x')| = 4.21e-12 ≰ 0.0e+00
    |g(x)|                 = 9.34e-09 ≤ 1.0e-06

 * Work counters
    Seconds run:   1202  (vs limit Inf)
    Iterations:    5
    f(x) calls:    6
    ∇f(x) calls:   6

NaCl: 1329.089495 seconds (1.41 G allocations: 401.635 GiB, 5.02% gc time, 0.23% compilation time)
┌ Info: 2025-05-13T22:14:56.244
│   name = "Al"
│   Ecut = 20.0
│   kgrid = MonkhorstPack([18, 18, 18])
│   p0 = ComponentVector{Float64}(a = 7.641925528121933)
│   temperature = 0.001
└   smearing = DFTK.Smearing.Gaussian()
n     Energy            log10(ΔE)   log10(Δρ)   Diag   Δtime
---   ---------------   ---------   ---------   ----   ------
  1   -2.313380011356                   -1.44    5.5    1.72s
  2   -2.313491902938       -3.95       -1.83    1.4    763ms
  3   -2.313519522435       -4.56       -3.51    3.4    1.23s
  4   -2.313519740850       -6.66       -4.06    4.5    1.56s
  5   -2.313519741109       -9.59       -4.55    2.5    1.26s
  6   -2.313519741145      -10.45       -5.06    2.5    1.03s
  7   -2.313519741154      -11.03       -6.02    2.9    1.34s
  8   -2.313519741154      -13.01       -6.59    3.1    1.13s
  9   -2.313519741154      -14.65       -7.15    2.5    1.25s
Iter     Function value   Gradient norm 
     0    -2.313520e+00     2.427297e-03
 * time: 3.981590270996094e-5
n     Energy            log10(ΔE)   log10(Δρ)   Diag   Δtime
---   ---------------   ---------   ---------   ----   ------
  1   -2.313389028989                   -1.44    5.4    1.96s
  2   -2.313497966178       -3.96       -1.83    1.4    758ms
  3   -2.313525311549       -4.56       -3.50    3.4    1.54s
  4   -2.313525513790       -6.69       -4.05    4.5    1.63s
  5   -2.313525514081       -9.54       -4.54    2.5    1.27s
  6   -2.313525514113      -10.49       -5.07    2.5    1.02s
  7   -2.313525514123      -11.03       -5.99    2.9    1.36s
  8   -2.313525514123      -12.94       -6.53    3.0    1.14s
  9   -2.313525514123      -14.65       -7.11    2.7    1.34s
n     Energy            log10(ΔE)   log10(Δρ)   Diag   Δtime
---   ---------------   ---------   ---------   ----   ------
  1   -2.313386802821                   -1.44    5.4    1.87s
  2   -2.313497404251       -3.96       -1.83    1.4    741ms
  3   -2.313525330687       -4.55       -3.49    3.4    1.49s
  4   -2.313525513797       -6.74       -4.05    4.4    1.52s
  5   -2.313525514080       -9.55       -4.54    2.5    1.24s
  6   -2.313525514113      -10.47       -5.06    2.5    990ms
  7   -2.313525514123      -11.03       -6.00    2.8    1.35s
  8   -2.313525514123      -12.93       -6.54    3.0    1.11s
  9   -2.313525514123      -14.57       -7.12    2.5    1.03s
     1    -2.313526e+00     2.329421e-03
 * time: 52.154754877090454
n     Energy            log10(ΔE)   log10(Δρ)   Diag   Δtime
---   ---------------   ---------   ---------   ----   ------
  1   -2.313463158882                   -1.44    5.4    1.92s
  2   -2.313564266892       -4.00       -1.83    1.4    746ms
  3   -2.313590249064       -4.59       -3.51    3.4    1.52s
  4   -2.313590460780       -6.67       -4.25    4.5    1.54s
  5   -2.313590460897       -9.93       -4.78    2.6    1.28s
  6   -2.313590460913      -10.78       -5.35    2.4    981ms
  7   -2.313590460916      -11.62       -6.18    3.1    1.40s
  8   -2.313590460916      -13.34       -6.88    3.2    1.19s
  9   -2.313590460916      -14.75       -8.14    3.1    1.40s
n     Energy            log10(ΔE)   log10(Δρ)   Diag   Δtime
---   ---------------   ---------   ---------   ----   ------
  1   -2.313464328035                   -1.44    5.4    1.89s
  2   -2.313564333286       -4.00       -1.83    1.3    716ms
  3   -2.313590183682       -4.59       -3.51    3.3    1.48s
  4   -2.313590460775       -6.56       -4.22    4.5    1.55s
  5   -2.313590460898       -9.91       -4.80    2.6    1.29s
  6   -2.313590460913      -10.81       -5.34    2.6    994ms
  7   -2.313590460916      -11.60       -6.18    3.2    1.45s
  8   -2.313590460916      -13.39       -6.84    3.0    1.13s
  9   -2.313590460916      -14.65       -8.13    3.1    1.43s
     2    -2.313590e+00     1.602949e-04
 * time: 105.29132986068726
n     Energy            log10(ΔE)   log10(Δρ)   Diag   Δtime
---   ---------------   ---------   ---------   ----   ------
  1   -2.313467722424                   -1.44    5.5    1.97s
  2   -2.313564633398       -4.01       -1.83    1.4    768ms
  3   -2.313590446943       -4.59       -3.48    3.3    1.55s
  4   -2.313590725842       -6.55       -4.18    4.6    1.66s
  5   -2.313590725999       -9.80       -4.73    2.6    1.31s
  6   -2.313590726018      -10.73       -5.27    2.6    1.03s
  7   -2.313590726022      -11.44       -6.20    3.2    1.43s
  8   -2.313590726022      -13.33       -6.81    3.2    1.23s
  9   -2.313590726022      -14.65       -7.63    2.9    1.39s
n     Energy            log10(ΔE)   log10(Δρ)   Diag   Δtime
---   ---------------   ---------   ---------   ----   ------
  1   -2.313466612501                   -1.44    5.5    1.95s
  2   -2.313564910096       -4.01       -1.83    1.4    764ms
  3   -2.313590473039       -4.59       -3.50    3.4    1.55s
  4   -2.313590725865       -6.60       -4.21    4.5    1.56s
  5   -2.313590726002       -9.86       -4.75    2.6    1.27s
  6   -2.313590726018      -10.78       -5.29    2.6   1000ms
  7   -2.313590726022      -11.47       -6.19    3.0    1.36s
  8   -2.313590726022      -13.36       -6.83    3.2    1.18s
  9   -2.313590726022      -14.75       -7.49    2.8    1.33s
     3    -2.313591e+00     1.726686e-05
 * time: 158.96353793144226
n     Energy            log10(ΔE)   log10(Δρ)   Diag   Δtime
---   ---------------   ---------   ---------   ----   ------
  1   -2.313464486560                   -1.44    5.4    1.92s
  2   -2.313564555656       -4.00       -1.83    1.3    746ms
  3   -2.313590470194       -4.59       -3.50    3.3    1.52s
  4   -2.313590729005       -6.59       -4.22    4.4    1.56s
  5   -2.313590729145       -9.85       -4.74    2.7    1.38s
  6   -2.313590729164      -10.73       -5.30    2.5    991ms
  7   -2.313590729168      -11.49       -6.22    3.1    1.41s
  8   -2.313590729168      -13.33       -6.88    3.3    1.23s
  9   -2.313590729168      -14.65       -7.99    3.0    1.40s
n     Energy            log10(ΔE)   log10(Δρ)   Diag   Δtime
---   ---------------   ---------   ---------   ----   ------
  1   -2.313465998493                   -1.44    5.4    1.90s
  2   -2.313564673662       -4.01       -1.83    1.4    726ms
  3   -2.313590463213       -4.59       -3.49    3.3    1.47s
  4   -2.313590728996       -6.58       -4.20    4.5    1.54s
  5   -2.313590729149       -9.82       -4.76    2.7    1.28s
  6   -2.313590729164      -10.80       -5.30    2.5    982ms
  7   -2.313590729168      -11.49       -6.21    3.1    1.39s
  8   -2.313590729168      -13.38       -6.87    3.2    1.24s
  9   -2.313590729168      -14.75       -8.08    2.7    1.47s
     4    -2.313591e+00     1.239981e-07
 * time: 212.3107089996338
 * Status: success

 * Candidate solution
    Final objective value:     -2.313591e+00

 * Found with
    Algorithm:     L-BFGS

 * Convergence measures
    |x - x'|               = 3.62e-04 ≰ -1.0e+00
    |x - x'|/|x'|          = 4.77e-05 ≰ 0.0e+00
    |f(x) - f(x')|         = 3.15e-09 ≤ 1.0e-08
    |f(x) - f(x')|/|f(x')| = 1.36e-09 ≰ 0.0e+00
    |g(x)|                 = 1.24e-07 ≤ 1.0e-06

 * Work counters
    Seconds run:   212  (vs limit Inf)
    Iterations:    4
    f(x) calls:    5
    ∇f(x) calls:   5

Al: 243.374370 seconds (201.56 M allocations: 48.246 GiB, 6.11% gc time, 0.00% compilation time)
┌ Info: 2025-05-13T22:18:59.619
│   name = "V"
│   Ecut = 42.0
│   kgrid = MonkhorstPack([20, 20, 20])
│   p0 = ComponentVector{Float64}(a = 5.699267600684394)
│   temperature = 0.001
└   smearing = DFTK.Smearing.Gaussian()
┌ Warning: Negative ρcore detected: -3.4151886922104144e-8
└ @ DFTK ~/.julia/packages/DFTK/n2IL4/src/terms/xc.jl:39
n     Energy            log10(ΔE)   log10(Δρ)   Diag   Δtime
---   ---------------   ---------   ---------   ----   ------
  1   -73.67422868269                   -0.85    9.7    9.82s
  2   -73.68778715197       -1.87       -1.06    5.4    5.28s
  3   -73.69452618182       -2.17       -1.39    7.0    6.70s
  4   -73.69572553306       -2.92       -1.78    5.8    5.53s
  5   -73.69586080565       -3.87       -2.15    5.0    5.21s
  6   -73.69589027036       -4.53       -3.06    5.5    5.81s
  7   -73.69589029840       -7.55       -3.54    4.4    4.83s
  8   -73.69589030320       -8.32       -4.06    5.2    5.22s
  9   -73.69589030346       -9.58       -4.58    3.8    4.37s
 10   -73.69589030389       -9.36       -5.33    5.6    5.57s
 11   -73.69589030389      -12.43       -5.94    5.7    5.62s
 12   -73.69589030389   +  -12.17       -6.55    5.5    5.55s
 13   -73.69589030389      -12.37       -7.28    5.5    5.49s
┌ Warning: Negative ρcore detected: Dual{ForwardDiff.Tag{var"#19#21"{@NamedTuple{ham::Hamiltonian, basis::PlaneWaveBasis{Float64, Float64, DFTK.CPU, FFTGrid{Float64, Float64, Array{StaticArraysCore.SVector{3, Int64}, 3}, Array{StaticArraysCore.SVector{3, Float64}, 3}}, Vector{StaticArraysCore.SVector{3, Int64}}}, energies::Energies{Float64}, converged::Bool, occupation_threshold::Float64, ρ::Array{Float64, 4}, τ::Nothing, α::Float64, eigenvalues::Vector{Vector{Float64}}, occupation::Vector{Vector{Float64}}, εF::Float64, n_bands_converge::Int64, n_iter::Int64, n_matvec::Int64, ψ::Vector{Matrix{ComplexF64}}, diagonalization::Vector{@NamedTuple{λ::Vector{Vector{Float64}}, X::Vector{Matrix{ComplexF64}}, residual_norms::Vector{Vector{Float64}}, n_iter::Vector{Int64}, converged::Bool, n_matvec::Int64}}, stage::Symbol, history_Δρ::Vector{Float64}, history_Etot::Vector{Float64}, timedout::Bool, runtime_ns::UInt64, algorithm::String}, Model{Float64, Float64}, Float64, MonkhorstPack, var"#case#4"{Matrix{Float64}, Float64, MonkhorstPack, Vector{StaticArraysCore.SVector{3, Float64}}, Vector{ElementPsp{PspUpf{Float64, Interpolations.Extrapolation{Float64, 1, Interpolations.GriddedInterpolation{Float64, 1, Vector{Float64}, Interpolations.Gridded{Interpolations.Linear{Interpolations.Throw{Interpolations.OnGrid}}}, Tuple{Vector{Float64}}}, Interpolations.Gridded{Interpolations.Linear{Interpolations.Throw{Interpolations.OnGrid}}}, Interpolations.Throw{Nothing}}}}}, Float64, Float64, String}}, Float64}}(-3.4151886922104144e-8,-1.2413273474001241e-8)
└ @ DFTK ~/.julia/packages/DFTK/n2IL4/src/terms/xc.jl:39
Iter     Function value   Gradient norm 
     0    -7.369589e+01     7.663812e-03
 * time: 3.695487976074219e-5
┌ Warning: Negative ρcore detected: -3.393159373163317e-8
└ @ DFTK ~/.julia/packages/DFTK/n2IL4/src/terms/xc.jl:39
n     Energy            log10(ΔE)   log10(Δρ)   Diag   Δtime
---   ---------------   ---------   ---------   ----   ------
  1   -73.67446434980                   -0.85    9.8    8.97s
  2   -73.68789408839       -1.87       -1.06    5.6    5.37s
  3   -73.69459445088       -2.17       -1.39    6.9    6.66s
  4   -73.69577962038       -2.93       -1.78    5.9    5.46s
  5   -73.69591705008       -3.86       -2.17    5.0    5.05s
  6   -73.69594457812       -4.56       -3.07    5.5    5.79s
  7   -73.69594461283       -7.46       -3.54    4.5    4.98s
  8   -73.69594461811       -8.28       -4.13    5.3    5.30s
  9   -73.69594461843       -9.50       -4.57    3.9    4.47s
 10   -73.69594461880       -9.43       -5.28    5.4    5.36s
 11   -73.69594461880      -12.04       -6.02    5.4    5.52s
 12   -73.69594461880      -11.87       -6.61    5.6    5.63s
 13   -73.69594461880   +  -13.07       -7.31    5.3    5.26s
┌ Warning: Negative ρcore detected: -3.393159373163317e-8
└ @ DFTK ~/.julia/packages/DFTK/n2IL4/src/terms/xc.jl:39
n     Energy            log10(ΔE)   log10(Δρ)   Diag   Δtime
---   ---------------   ---------   ---------   ----   ------
  1   -73.67444897680                   -0.85    9.8    9.02s
  2   -73.68788987001       -1.87       -1.06    5.6    5.34s
  3   -73.69459657338       -2.17       -1.39    7.0    6.79s
  4   -73.69577931414       -2.93       -1.78    5.9    5.59s
  5   -73.69591730040       -3.86       -2.17    5.1    5.17s
  6   -73.69594457611       -4.56       -3.07    5.5    5.59s
  7   -73.69594461319       -7.43       -3.54    4.6    5.25s
  8   -73.69594461815       -8.30       -4.13    5.2    5.18s
  9   -73.69594461847       -9.50       -4.59    3.8    4.51s
 10   -73.69594461880       -9.48       -5.28    5.5    5.43s
 11   -73.69594461880      -12.04       -6.03    5.4    5.55s
 12   -73.69594461880      -11.89       -6.62    5.7    5.69s
 13   -73.69594461880   +  -12.73       -7.33    5.2    5.18s
┌ Warning: Negative ρcore detected: Dual{ForwardDiff.Tag{var"#19#21"{@NamedTuple{ham::Hamiltonian, basis::PlaneWaveBasis{Float64, Float64, DFTK.CPU, FFTGrid{Float64, Float64, Array{StaticArraysCore.SVector{3, Int64}, 3}, Array{StaticArraysCore.SVector{3, Float64}, 3}}, Vector{StaticArraysCore.SVector{3, Int64}}}, energies::Energies{Float64}, converged::Bool, occupation_threshold::Float64, ρ::Array{Float64, 4}, τ::Nothing, α::Float64, eigenvalues::Vector{Vector{Float64}}, occupation::Vector{Vector{Float64}}, εF::Float64, n_bands_converge::Int64, n_iter::Int64, n_matvec::Int64, ψ::Vector{Matrix{ComplexF64}}, diagonalization::Vector{@NamedTuple{λ::Vector{Vector{Float64}}, X::Vector{Matrix{ComplexF64}}, residual_norms::Vector{Vector{Float64}}, n_iter::Vector{Int64}, converged::Bool, n_matvec::Int64}}, stage::Symbol, history_Δρ::Vector{Float64}, history_Etot::Vector{Float64}, timedout::Bool, runtime_ns::UInt64, algorithm::String}, Model{Float64, Float64}, Float64, MonkhorstPack, var"#case#4"{Matrix{Float64}, Float64, MonkhorstPack, Vector{StaticArraysCore.SVector{3, Float64}}, Vector{ElementPsp{PspUpf{Float64, Interpolations.Extrapolation{Float64, 1, Interpolations.GriddedInterpolation{Float64, 1, Vector{Float64}, Interpolations.Gridded{Interpolations.Linear{Interpolations.Throw{Interpolations.OnGrid}}}, Tuple{Vector{Float64}}}, Interpolations.Gridded{Interpolations.Linear{Interpolations.Throw{Interpolations.OnGrid}}}, Interpolations.Throw{Nothing}}}}}, Float64, Float64, String}}, Float64}}(-3.393159373163317e-8,-4.537870135472812e-8)
└ @ DFTK ~/.julia/packages/DFTK/n2IL4/src/terms/xc.jl:39
     1    -7.369594e+01     6.507253e-03
 * time: 210.5323920249939
┌ Warning: Negative ρcore detected: -3.1391161877709074e-8
└ @ DFTK ~/.julia/packages/DFTK/n2IL4/src/terms/xc.jl:39
n     Energy            log10(ΔE)   log10(Δρ)   Diag   Δtime
---   ---------------   ---------   ---------   ----   ------
  1   -73.67580321805                   -0.85    9.9    8.77s
  2   -73.68812715469       -1.91       -1.06    5.6    5.54s
  3   -73.69480190394       -2.18       -1.40    7.0    6.57s
  4   -73.69590553442       -2.96       -1.77    5.8    5.42s
  5   -73.69606431858       -3.80       -2.25    5.0    5.11s
  6   -73.69608236202       -4.74       -3.07    5.6    5.58s
  7   -73.69608238346       -7.67       -3.52    4.3    4.68s
  8   -73.69608238707       -8.44       -4.13    4.7    4.98s
  9   -73.69608238693   +   -9.87       -4.53    4.9    5.40s
 10   -73.69608238729       -9.44       -4.78    5.4    5.19s
 11   -73.69608238732      -10.55       -5.59    4.6    4.73s
 12   -73.69608238732      -11.80       -6.32    4.8    5.19s
 13   -73.69608238732      -12.94       -6.49    5.3    5.33s
 14   -73.69608238732      -13.55       -6.90    5.2    5.01s
 15   -73.69608238732      -13.37       -8.00    5.1    4.99s
┌ Warning: Negative ρcore detected: -3.1391161877709074e-8
└ @ DFTK ~/.julia/packages/DFTK/n2IL4/src/terms/xc.jl:39
n     Energy            log10(ΔE)   log10(Δρ)   Diag   Δtime
---   ---------------   ---------   ---------   ----   ------
  1   -73.67580657776                   -0.85   10.1    8.99s
  2   -73.68813929257       -1.91       -1.06    5.7    5.33s
  3   -73.69479769574       -2.18       -1.40    7.0    6.66s
  4   -73.69590655455       -2.96       -1.77    5.8    5.53s
  5   -73.69606491670       -3.80       -2.26    5.1    5.19s
  6   -73.69608236178       -4.76       -3.07    5.7    5.73s
  7   -73.69608238358       -7.66       -3.52    4.2    4.69s
  8   -73.69608238708       -8.46       -4.12    4.6    4.93s
  9   -73.69608238691   +   -9.78       -4.50    5.0    5.25s
 10   -73.69608238730       -9.41       -4.76    5.3    5.17s
 11   -73.69608238732      -10.58       -5.59    4.6    4.74s
 12   -73.69608238732      -11.81       -6.25    4.8    5.11s
 13   -73.69608238732   +  -13.37       -6.54    5.0    5.21s
 14   -73.69608238732      -12.81       -6.93    5.4    5.21s
 15   -73.69608238732      -13.85       -8.03    5.0    5.09s
┌ Warning: Negative ρcore detected: Dual{ForwardDiff.Tag{var"#19#21"{@NamedTuple{ham::Hamiltonian, basis::PlaneWaveBasis{Float64, Float64, DFTK.CPU, FFTGrid{Float64, Float64, Array{StaticArraysCore.SVector{3, Int64}, 3}, Array{StaticArraysCore.SVector{3, Float64}, 3}}, Vector{StaticArraysCore.SVector{3, Int64}}}, energies::Energies{Float64}, converged::Bool, occupation_threshold::Float64, ρ::Array{Float64, 4}, τ::Nothing, α::Float64, eigenvalues::Vector{Vector{Float64}}, occupation::Vector{Vector{Float64}}, εF::Float64, n_bands_converge::Int64, n_iter::Int64, n_matvec::Int64, ψ::Vector{Matrix{ComplexF64}}, diagonalization::Vector{@NamedTuple{λ::Vector{Vector{Float64}}, X::Vector{Matrix{ComplexF64}}, residual_norms::Vector{Vector{Float64}}, n_iter::Vector{Int64}, converged::Bool, n_matvec::Int64}}, stage::Symbol, history_Δρ::Vector{Float64}, history_Etot::Vector{Float64}, timedout::Bool, runtime_ns::UInt64, algorithm::String}, Model{Float64, Float64}, Float64, MonkhorstPack, var"#case#4"{Matrix{Float64}, Float64, MonkhorstPack, Vector{StaticArraysCore.SVector{3, Float64}}, Vector{ElementPsp{PspUpf{Float64, Interpolations.Extrapolation{Float64, 1, Interpolations.GriddedInterpolation{Float64, 1, Vector{Float64}, Interpolations.Gridded{Interpolations.Linear{Interpolations.Throw{Interpolations.OnGrid}}}, Tuple{Vector{Float64}}}, Interpolations.Gridded{Interpolations.Linear{Interpolations.Throw{Interpolations.OnGrid}}}, Interpolations.Throw{Nothing}}}}}, Float64, Float64, String}}, Float64}}(-3.1391161877709074e-8,-2.1771514071738035e-8)
└ @ DFTK ~/.julia/packages/DFTK/n2IL4/src/terms/xc.jl:39
     2    -7.369608e+01     1.707660e-04
 * time: 438.6788420677185
┌ Warning: Negative ρcore detected: -3.141260003964615e-8
└ @ DFTK ~/.julia/packages/DFTK/n2IL4/src/terms/xc.jl:39
n     Energy            log10(ΔE)   log10(Δρ)   Diag   Δtime
---   ---------------   ---------   ---------   ----   ------
  1   -73.67577890069                   -0.85    9.7    8.48s
  2   -73.68812090134       -1.91       -1.06    5.4    5.39s
  3   -73.69480100957       -2.18       -1.40    6.9    6.55s
  4   -73.69590566888       -2.96       -1.77    5.8    5.43s
  5   -73.69606387620       -3.80       -2.25    5.1    5.31s
  6   -73.69608245169       -4.73       -3.07    5.6    5.83s
  7   -73.69608247534       -7.63       -3.51    4.2    4.70s
  8   -73.69608247868       -8.48       -4.10    4.5    4.84s
  9   -73.69608247870      -10.71       -4.54    4.6    5.01s
 10   -73.69608247899       -9.53       -4.75    5.2    5.08s
 11   -73.69608247903      -10.50       -5.59    4.7    4.83s
 12   -73.69608247903      -11.78       -6.30    4.8    5.19s
 13   -73.69608247903      -12.73       -6.53    5.1    5.37s
 14   -73.69608247903      -13.15       -6.90    5.4    5.15s
 15   -73.69608247903   +  -12.94       -8.06    4.8    4.83s
┌ Warning: Negative ρcore detected: -3.141260003964615e-8
└ @ DFTK ~/.julia/packages/DFTK/n2IL4/src/terms/xc.jl:39
n     Energy            log10(ΔE)   log10(Δρ)   Diag   Δtime
---   ---------------   ---------   ---------   ----   ------
  1   -73.67578371523                   -0.85    9.7    9.13s
  2   -73.68812189159       -1.91       -1.06    5.4    5.30s
  3   -73.69479987498       -2.18       -1.40    6.9    6.73s
  4   -73.69590584006       -2.96       -1.77    5.8    5.64s
  5   -73.69606396924       -3.80       -2.25    5.1    5.19s
  6   -73.69608245134       -4.73       -3.07    5.4    5.55s
  7   -73.69608247534       -7.62       -3.51    4.2    4.62s
  8   -73.69608247869       -8.47       -4.09    4.4    4.95s
  9   -73.69608247870      -11.49       -4.52    4.6    5.01s
 10   -73.69608247900       -9.52       -4.74    5.2    5.46s
 11   -73.69608247903      -10.52       -5.60    4.6    4.82s
 12   -73.69608247903      -11.84       -6.25    4.9    5.28s
 13   -73.69608247903      -12.81       -6.58    5.0    5.30s
 14   -73.69608247903      -13.55       -6.96    5.4    5.17s
 15   -73.69608247903   +  -13.85       -8.09    5.1    5.13s
┌ Warning: Negative ρcore detected: Dual{ForwardDiff.Tag{var"#19#21"{@NamedTuple{ham::Hamiltonian, basis::PlaneWaveBasis{Float64, Float64, DFTK.CPU, FFTGrid{Float64, Float64, Array{StaticArraysCore.SVector{3, Int64}, 3}, Array{StaticArraysCore.SVector{3, Float64}, 3}}, Vector{StaticArraysCore.SVector{3, Int64}}}, energies::Energies{Float64}, converged::Bool, occupation_threshold::Float64, ρ::Array{Float64, 4}, τ::Nothing, α::Float64, eigenvalues::Vector{Vector{Float64}}, occupation::Vector{Vector{Float64}}, εF::Float64, n_bands_converge::Int64, n_iter::Int64, n_matvec::Int64, ψ::Vector{Matrix{ComplexF64}}, diagonalization::Vector{@NamedTuple{λ::Vector{Vector{Float64}}, X::Vector{Matrix{ComplexF64}}, residual_norms::Vector{Vector{Float64}}, n_iter::Vector{Int64}, converged::Bool, n_matvec::Int64}}, stage::Symbol, history_Δρ::Vector{Float64}, history_Etot::Vector{Float64}, timedout::Bool, runtime_ns::UInt64, algorithm::String}, Model{Float64, Float64}, Float64, MonkhorstPack, var"#case#4"{Matrix{Float64}, Float64, MonkhorstPack, Vector{StaticArraysCore.SVector{3, Float64}}, Vector{ElementPsp{PspUpf{Float64, Interpolations.Extrapolation{Float64, 1, Interpolations.GriddedInterpolation{Float64, 1, Vector{Float64}, Interpolations.Gridded{Interpolations.Linear{Interpolations.Throw{Interpolations.OnGrid}}}, Tuple{Vector{Float64}}}, Interpolations.Gridded{Interpolations.Linear{Interpolations.Throw{Interpolations.OnGrid}}}, Interpolations.Throw{Nothing}}}}}, Float64, Float64, String}}, Float64}}(-3.141260003964615e-8,-1.712060594534842e-8)
└ @ DFTK ~/.julia/packages/DFTK/n2IL4/src/terms/xc.jl:39
     3    -7.369608e+01     4.380444e-06
 * time: 665.97354388237
┌ Warning: Negative ρcore detected: -3.1412126314251656e-8
└ @ DFTK ~/.julia/packages/DFTK/n2IL4/src/terms/xc.jl:39
n     Energy            log10(ΔE)   log10(Δρ)   Diag   Δtime
---   ---------------   ---------   ---------   ----   ------
  1   -73.67578651592                   -0.85    9.7    8.86s
  2   -73.68813058831       -1.91       -1.06    5.4    5.27s
  3   -73.69479833835       -2.18       -1.40    6.9    6.73s
  4   -73.69590652071       -2.96       -1.77    5.7    5.42s
  5   -73.69606385713       -3.80       -2.25    5.1    5.14s
  6   -73.69608245100       -4.73       -3.07    5.6    5.66s
  7   -73.69608247533       -7.61       -3.51    4.3    4.75s
  8   -73.69608247876       -8.46       -4.09    4.5    4.84s
  9   -73.69608247874   +  -10.61       -4.52    4.6    5.12s
 10   -73.69608247906       -9.49       -4.75    5.3    5.25s
 11   -73.69608247909      -10.53       -5.61    4.7    4.92s
 12   -73.69608247909      -11.78       -6.25    4.9    5.41s
 13   -73.69608247909   +  -13.55       -6.56    5.0    5.64s
 14   -73.69608247909      -13.07       -6.97    5.4    5.29s
 15   -73.69608247909   +  -13.25       -8.06    5.0    5.18s
┌ Warning: Negative ρcore detected: -3.1412126314251656e-8
└ @ DFTK ~/.julia/packages/DFTK/n2IL4/src/terms/xc.jl:39
n     Energy            log10(ΔE)   log10(Δρ)   Diag   Δtime
---   ---------------   ---------   ---------   ----   ------
  1   -73.67578852514                   -0.85    9.7    8.92s
  2   -73.68811892867       -1.91       -1.06    5.4    5.41s
  3   -73.69480048201       -2.18       -1.40    6.9    6.75s
  4   -73.69590568258       -2.96       -1.77    5.8    5.44s
  5   -73.69606405113       -3.80       -2.25    5.1    5.14s
  6   -73.69608245308       -4.74       -3.07    5.5    5.71s
  7   -73.69608247536       -7.65       -3.51    4.1    4.81s
  8   -73.69608247880       -8.46       -4.10    4.4    4.96s
  9   -73.69608247875   +  -10.34       -4.52    4.7    5.27s
 10   -73.69608247906       -9.51       -4.74    5.2    5.15s
 11   -73.69608247909      -10.52       -5.60    4.6    4.85s
 12   -73.69608247909      -11.79       -6.25    4.8    5.26s
 13   -73.69608247909   +  -13.37       -6.59    5.0    5.21s
 14   -73.69608247909      -12.89       -6.98    5.3    5.25s
 15   -73.69608247909   +  -13.55       -8.07    5.1    5.03s
┌ Warning: Negative ρcore detected: Dual{ForwardDiff.Tag{var"#19#21"{@NamedTuple{ham::Hamiltonian, basis::PlaneWaveBasis{Float64, Float64, DFTK.CPU, FFTGrid{Float64, Float64, Array{StaticArraysCore.SVector{3, Int64}, 3}, Array{StaticArraysCore.SVector{3, Float64}, 3}}, Vector{StaticArraysCore.SVector{3, Int64}}}, energies::Energies{Float64}, converged::Bool, occupation_threshold::Float64, ρ::Array{Float64, 4}, τ::Nothing, α::Float64, eigenvalues::Vector{Vector{Float64}}, occupation::Vector{Vector{Float64}}, εF::Float64, n_bands_converge::Int64, n_iter::Int64, n_matvec::Int64, ψ::Vector{Matrix{ComplexF64}}, diagonalization::Vector{@NamedTuple{λ::Vector{Vector{Float64}}, X::Vector{Matrix{ComplexF64}}, residual_norms::Vector{Vector{Float64}}, n_iter::Vector{Int64}, converged::Bool, n_matvec::Int64}}, stage::Symbol, history_Δρ::Vector{Float64}, history_Etot::Vector{Float64}, timedout::Bool, runtime_ns::UInt64, algorithm::String}, Model{Float64, Float64}, Float64, MonkhorstPack, var"#case#4"{Matrix{Float64}, Float64, MonkhorstPack, Vector{StaticArraysCore.SVector{3, Float64}}, Vector{ElementPsp{PspUpf{Float64, Interpolations.Extrapolation{Float64, 1, Interpolations.GriddedInterpolation{Float64, 1, Vector{Float64}, Interpolations.Gridded{Interpolations.Linear{Interpolations.Throw{Interpolations.OnGrid}}}, Tuple{Vector{Float64}}}, Interpolations.Gridded{Interpolations.Linear{Interpolations.Throw{Interpolations.OnGrid}}}, Interpolations.Throw{Nothing}}}}}, Float64, Float64, String}}, Float64}}(-3.1412126314251656e-8,-1.7236439196841914e-8)
└ @ DFTK ~/.julia/packages/DFTK/n2IL4/src/terms/xc.jl:39
     4    -7.369608e+01     2.919703e-09
 * time: 895.800234079361
 * Status: success

 * Candidate solution
    Final objective value:     -7.369608e+01

 * Found with
    Algorithm:     L-BFGS

 * Convergence measures
    |x - x'|               = 2.76e-05 ≰ -1.0e+00
    |x - x'|/|x'|          = 4.88e-06 ≰ 0.0e+00
    |f(x) - f(x')|         = 6.04e-11 ≤ 1.0e-08
    |f(x) - f(x')|/|f(x')| = 8.20e-13 ≰ 0.0e+00
    |g(x)|                 = 2.92e-09 ≤ 1.0e-06

 * Work counters
    Seconds run:   896  (vs limit Inf)
    Iterations:    4
    f(x) calls:    5
    ∇f(x) calls:   5

V: 1012.337256 seconds (735.60 M allocations: 349.711 GiB, 5.86% gc time, 0.01% compilation time)
