┌ Info: Threading setup: 
│   Threads.nthreads() = 1
│   n_DFTK = 1
│   n_fft = 1
└   n_blas = 1
┌ Info: 2025-05-13T20:08:36.657
│   name = "Si"
│   Ecut = 18.0
│   kgrid = MonkhorstPack([14, 14, 14])
│   p0 = ComponentVector{Float64}(a = 10.347246312603742)
│   temperature = 0.001
└   smearing = DFTK.Smearing.Gaussian()
n     Energy            log10(ΔE)   log10(Δρ)   Diag   Δtime
---   ---------------   ---------   ---------   ----   ------
  1   -8.439440789127                   -0.96    7.0    10.7s
  2   -8.441101755098       -2.78       -1.76    1.8    4.33s
  3   -8.441183909114       -4.09       -2.77    3.9    1.88s
  4   -8.441186559313       -5.58       -3.57    4.6    1.70s
  5   -8.441186679701       -6.92       -4.35    4.8    1.88s
  6   -8.441186684738       -8.30       -5.29    5.1    1.87s
  7   -8.441186684780      -10.38       -6.21    4.5    1.61s
  8   -8.441186684781      -12.53       -7.03    3.8    1.81s
Iter     Function value   Gradient norm 
     0    -8.441187e+00     2.927947e-03
 * time: 4.00543212890625e-5
n     Energy            log10(ΔE)   log10(Δρ)   Diag   Δtime
---   ---------------   ---------   ---------   ----   ------
  1   -8.439447921756                   -0.96    7.4    2.42s
  2   -8.441113381112       -2.78       -1.77    2.0    1.32s
  3   -8.441192363250       -4.10       -2.77    4.0    1.61s
  4   -8.441194846277       -5.61       -3.58    4.8    2.03s
  5   -8.441194959989       -6.94       -4.34    4.9    1.68s
  6   -8.441194964887       -8.31       -5.25    5.1    1.95s
  7   -8.441194964935      -10.32       -6.13    4.6    1.65s
  8   -8.441194964935      -12.54       -6.99    3.8    1.74s
  9   -8.441194964935      -13.97       -7.84    4.5    1.54s
n     Energy            log10(ΔE)   log10(Δρ)   Diag   Δtime
---   ---------------   ---------   ---------   ----   ------
  1   -8.439443907333                   -0.96    7.4    2.46s
  2   -8.441109294070       -2.78       -1.77    2.0    1.07s
  3   -8.441192337906       -4.08       -2.77    4.0    1.91s
  4   -8.441194842737       -5.60       -3.57    4.9    1.99s
  5   -8.441194960018       -6.93       -4.36    5.0    1.69s
  6   -8.441194964894       -8.31       -5.30    5.1    1.89s
  7   -8.441194964935      -10.39       -6.24    4.7    1.66s
  8   -8.441194964935      -12.58       -7.03    3.8    1.76s
     1    -8.441195e+00     2.727887e-03
 * time: 43.16657018661499
n     Energy            log10(ΔE)   log10(Δρ)   Diag   Δtime
---   ---------------   ---------   ---------   ----   ------
  1   -8.439427102570                   -0.96    7.0    2.33s
  2   -8.441161327828       -2.76       -1.76    1.9    1.04s
  3   -8.441245937256       -4.07       -2.78    3.9    1.81s
  4   -8.441248498363       -5.59       -3.54    4.7    1.93s
  5   -8.441248630903       -6.88       -4.43    5.0    1.61s
  6   -8.441248635225       -8.36       -5.39    5.1    1.98s
  7   -8.441248635236      -10.97       -6.57    3.7    1.47s
  8   -8.441248635236      -12.99       -7.38    4.6    1.90s
n     Energy            log10(ΔE)   log10(Δρ)   Diag   Δtime
---   ---------------   ---------   ---------   ----   ------
  1   -8.439434808873                   -0.96    7.1    2.34s
  2   -8.441164167131       -2.76       -1.76    1.9    1.33s
  3   -8.441245990730       -4.09       -2.78    3.9    1.57s
  4   -8.441248498592       -5.60       -3.55    4.7    1.94s
  5   -8.441248630888       -6.88       -4.40    4.9    1.73s
  6   -8.441248635220       -8.36       -5.33    5.2    2.13s
  7   -8.441248635236      -10.79       -6.29    3.9    1.55s
  8   -8.441248635236      -12.68       -7.05    4.1    1.76s
     2    -8.441249e+00     5.704904e-05
 * time: 83.23692107200623
n     Energy            log10(ΔE)   log10(Δρ)   Diag   Δtime
---   ---------------   ---------   ---------   ----   ------
  1   -8.439429192518                   -0.96    7.4    2.52s
  2   -8.441161375970       -2.76       -1.77    2.0    1.10s
  3   -8.441246094342       -4.07       -2.78    4.1    1.92s
  4   -8.441248522929       -5.61       -3.55    5.0    2.03s
  5   -8.441248653424       -6.88       -4.38    5.2    1.69s
  6   -8.441248658097       -8.33       -5.32    5.2    2.03s
  7   -8.441248658113      -10.81       -6.39    3.8    1.53s
  8   -8.441248658113      -12.82       -7.06    4.2    1.87s
n     Energy            log10(ΔE)   log10(Δρ)   Diag   Δtime
---   ---------------   ---------   ---------   ----   ------
  1   -8.439441997137                   -0.96    7.3    2.50s
  2   -8.441167679889       -2.76       -1.77    2.1    1.38s
  3   -8.441246021088       -4.11       -2.78    4.0    1.60s
  4   -8.441248521312       -5.60       -3.54    4.8    2.00s
  5   -8.441248654040       -6.88       -4.42    5.0    1.68s
  6   -8.441248658097       -8.39       -5.33    5.2    2.04s
  7   -8.441248658113      -10.82       -6.30    3.8    1.51s
  8   -8.441248658113      -12.69       -7.06    4.3    1.88s
     3    -8.441249e+00     1.076271e-06
 * time: 124.08123016357422
n     Energy            log10(ΔE)   log10(Δρ)   Diag   Δtime
---   ---------------   ---------   ---------   ----   ------
  1   -8.439430999082                   -0.96    7.4    2.53s
  2   -8.441164518913       -2.76       -1.77    2.1    1.11s
  3   -8.441246050809       -4.09       -2.78    4.1    1.97s
  4   -8.441248526114       -5.61       -3.55    4.9    2.01s
  5   -8.441248653856       -6.89       -4.42    5.1    1.68s
  6   -8.441248658109       -8.37       -5.36    5.3    2.01s
  7   -8.441248658121      -10.93       -6.51    3.8    1.47s
  8   -8.441248658121      -12.93       -7.16    4.5    1.91s
n     Energy            log10(ΔE)   log10(Δρ)   Diag   Δtime
---   ---------------   ---------   ---------   ----   ------
  1   -8.439432668317                   -0.96    7.4    2.46s
  2   -8.441166573334       -2.76       -1.77    2.2    1.39s
  3   -8.441246067716       -4.10       -2.78    4.2    1.63s
  4   -8.441248524846       -5.61       -3.55    4.8    1.97s
  5   -8.441248654043       -6.89       -4.41    4.9    1.68s
  6   -8.441248658105       -8.39       -5.32    5.2    2.03s
  7   -8.441248658121      -10.81       -6.31    3.7    1.50s
  8   -8.441248658121      -12.72       -7.02    4.1    1.83s
     4    -8.441249e+00     7.602420e-10
 * time: 164.29968309402466
 * Status: success

 * Candidate solution
    Final objective value:     -8.441249e+00

 * Found with
    Algorithm:     L-BFGS

 * Convergence measures
    |x - x'|               = 1.51e-05 ≰ -1.0e+00
    |x - x'|/|x'|          = 1.47e-06 ≰ 0.0e+00
    |f(x) - f(x')|         = 8.34e-12 ≤ 1.0e-08
    |f(x) - f(x')|/|f(x')| = 9.88e-13 ≰ 0.0e+00
    |g(x)|                 = 7.60e-10 ≤ 1.0e-06

 * Work counters
    Seconds run:   164  (vs limit Inf)
    Iterations:    4
    f(x) calls:    5
    ∇f(x) calls:   5

Si: 233.357546 seconds (373.09 M allocations: 76.377 GiB, 8.11% gc time, 20.36% compilation time: <1% of which was recompilation)
┌ Info: 2025-05-13T20:12:30.633
│   name = "NaCl"
│   Ecut = 44.0
│   kgrid = MonkhorstPack([13, 13, 13])
│   p0 = ComponentVector{Float64}(a = 10.746130571470083)
│   temperature = 0
└   smearing = DFTK.Smearing.None()
n     Energy            log10(ΔE)   log10(Δρ)   Diag   Δtime
---   ---------------   ---------   ---------   ----   ------
  1   -62.14630907961                   -1.13    8.4    18.4s
  2   -62.15161054683       -2.28       -1.24    2.8    7.85s
  3   -62.15513033245       -2.45       -2.04    3.7    8.96s
  4   -62.15519005680       -4.22       -2.80    3.0    7.91s
  5   -62.15519159106       -5.81       -3.31    3.8    9.37s
  6   -62.15519219309       -6.22       -4.08    3.5    8.99s
  7   -62.15519220459       -7.94       -4.57    4.0    10.1s
  8   -62.15519220518       -9.23       -5.87    3.5    8.85s
  9   -62.15519220520      -10.97       -6.62    4.7    11.1s
 10   -62.15519220520      -13.19       -7.52    4.0    9.81s
Iter     Function value   Gradient norm 
     0    -6.215519e+01     6.225865e-03
 * time: 2.7894973754882812e-5
n     Energy            log10(ΔE)   log10(Δρ)   Diag   Δtime
---   ---------------   ---------   ---------   ----   ------
  1   -62.14633201649                   -1.13    8.3    16.0s
  2   -62.15165400877       -2.27       -1.24    2.6    7.04s
  3   -62.15516762579       -2.45       -2.04    3.6    9.51s
  4   -62.15522834764       -4.22       -2.77    2.9    7.94s
  5   -62.15522991799       -5.80       -3.27    3.8    9.60s
  6   -62.15523056923       -6.19       -4.03    3.5    9.23s
  7   -62.15523058172       -7.90       -4.53    3.9    9.64s
  8   -62.15523058240       -9.17       -5.95    3.6    9.04s
  9   -62.15523058241      -10.89       -6.40    4.9    12.0s
 10   -62.15523058241      -12.67       -7.52    3.6    9.03s
n     Energy            log10(ΔE)   log10(Δρ)   Diag   Δtime
---   ---------------   ---------   ---------   ----   ------
  1   -62.14632972735                   -1.13    8.1    15.9s
  2   -62.15163742375       -2.28       -1.24    2.6    7.02s
  3   -62.15516769394       -2.45       -2.04    3.6    8.64s
  4   -62.15522837551       -4.22       -2.78    3.0    8.16s
  5   -62.15522994455       -5.80       -3.30    3.8    9.53s
  6   -62.15523056945       -6.20       -4.08    3.5    9.02s
  7   -62.15523058186       -7.91       -4.62    4.1    10.0s
  8   -62.15523058240       -9.27       -5.92    3.7    9.05s
  9   -62.15523058241      -10.94       -6.79    4.7    10.8s
 10   -62.15523058241      -13.00       -7.48    3.9    9.52s
     1    -6.215523e+01     6.102551e-03
 * time: 230.78048992156982
n     Energy            log10(ΔE)   log10(Δρ)   Diag   Δtime
---   ---------------   ---------   ---------   ----   ------
  1   -62.14607068374                   -1.12    8.6    17.4s
  2   -62.15175104869       -2.25       -1.20    2.5    7.31s
  3   -62.15617162177       -2.35       -2.00    3.6    9.56s
  4   -62.15625329948       -4.09       -2.79    2.6    7.74s
  5   -62.15625535161       -5.69       -3.27    3.7    9.95s
  6   -62.15625619048       -6.08       -4.02    3.2    8.84s
  7   -62.15625620938       -7.72       -4.47    3.9    10.3s
  8   -62.15625621055       -8.93       -5.84    3.3    9.05s
  9   -62.15625621058      -10.49       -6.43    4.9    11.7s
 10   -62.15625621058      -12.45       -7.30    3.6    9.69s
n     Energy            log10(ΔE)   log10(Δρ)   Diag   Δtime
---   ---------------   ---------   ---------   ----   ------
  1   -62.14607574315                   -1.12    8.6    17.6s
  2   -62.15172332214       -2.25       -1.20    2.6    7.48s
  3   -62.15617185196       -2.35       -2.00    3.5    9.36s
  4   -62.15625341404       -4.09       -2.81    2.7    7.71s
  5   -62.15625539766       -5.70       -3.30    3.8    10.2s
  6   -62.15625619150       -6.10       -4.06    3.3    9.01s
  7   -62.15625620965       -7.74       -4.52    3.9    10.5s
  8   -62.15625621055       -9.05       -5.85    3.3    8.97s
  9   -62.15625621058      -10.53       -6.54    4.9    12.1s
 10   -62.15625621058      -12.58       -7.32    3.4    9.05s
     2    -6.215626e+01     8.282180e-04
 * time: 469.4472758769989
n     Energy            log10(ΔE)   log10(Δρ)   Diag   Δtime
---   ---------------   ---------   ---------   ----   ------
  1   -62.14586528751                   -1.12    8.6    17.2s
  2   -62.15158731639       -2.24       -1.19    2.5    7.58s
  3   -62.15619021471       -2.34       -1.99    3.5    8.99s
  4   -62.15627629994       -4.07       -2.77    2.6    7.73s
  5   -62.15627841096       -5.68       -3.27    3.7    10.0s
  6   -62.15627929216       -6.05       -4.01    3.3    9.14s
  7   -62.15627931240       -7.69       -4.43    3.8    10.4s
  8   -62.15627931356       -8.94       -5.83    3.4    9.34s
  9   -62.15627931360      -10.44       -6.25    5.0    12.3s
 10   -62.15627931360      -12.28       -7.37    3.3    9.08s
n     Energy            log10(ΔE)   log10(Δρ)   Diag   Δtime
---   ---------------   ---------   ---------   ----   ------
  1   -62.14586833095                   -1.12    8.5    17.5s
  2   -62.15161142237       -2.24       -1.19    2.5    7.19s
  3   -62.15619061587       -2.34       -1.99    3.5    9.25s
  4   -62.15627621878       -4.07       -2.77    2.6    7.76s
  5   -62.15627839392       -5.66       -3.25    3.7    10.1s
  6   -62.15627929159       -6.05       -3.97    3.2    8.94s
  7   -62.15627931210       -7.69       -4.38    3.8    10.3s
  8   -62.15627931355       -8.84       -5.71    3.3    9.04s
  9   -62.15627931360      -10.36       -6.19    4.6    11.8s
 10   -62.15627931360      -12.30       -7.36    3.2    8.88s
     3    -6.215628e+01     1.321197e-04
 * time: 707.5617120265961
n     Energy            log10(ΔE)   log10(Δρ)   Diag   Δtime
---   ---------------   ---------   ---------   ----   ------
  1   -62.14582908992                   -1.12    8.7    17.4s
  2   -62.15153069240       -2.24       -1.19    2.5    7.34s
  3   -62.15619219367       -2.33       -1.99    3.7    9.88s
  4   -62.15627709057       -4.07       -2.82    2.6    7.70s
  5   -62.15627912021       -5.69       -3.33    3.8    10.3s
  6   -62.15627991605       -6.10       -4.11    3.4    9.07s
  7   -62.15627993536       -7.71       -4.62    4.0    10.5s
  8   -62.15627993595       -9.23       -5.81    3.5    9.37s
  9   -62.15627993599      -10.50       -6.52    4.7    11.4s
 10   -62.15627993599      -12.73       -7.31    3.7    9.69s
n     Energy            log10(ΔE)   log10(Δρ)   Diag   Δtime
---   ---------------   ---------   ---------   ----   ------
  1   -62.14582542878                   -1.12    8.5    17.6s
  2   -62.15155626050       -2.24       -1.19    2.6    7.23s
  3   -62.15618988937       -2.33       -1.99    3.5    9.19s
  4   -62.15627688092       -4.06       -2.76    2.7    7.86s
  5   -62.15627900241       -5.67       -3.26    3.7    10.0s
  6   -62.15627991447       -6.04       -4.00    3.3    9.05s
  7   -62.15627993488       -7.69       -4.44    4.0    10.5s
  8   -62.15627993595       -8.97       -5.84    3.4    9.31s
  9   -62.15627993599      -10.46       -6.27    5.0    12.1s
 10   -62.15627993599      -12.46       -7.34    3.5    9.29s
     4    -6.215628e+01     3.596313e-06
 * time: 948.2553079128265
n     Energy            log10(ΔE)   log10(Δρ)   Diag   Δtime
---   ---------------   ---------   ---------   ----   ------
  1   -62.14582541313                   -1.12    8.4    17.1s
  2   -62.15151783609       -2.24       -1.19    2.5    7.40s
  3   -62.15619142947       -2.33       -1.99    3.5    9.38s
  4   -62.15627702556       -4.07       -2.84    2.7    7.92s
  5   -62.15627914684       -5.67       -3.35    3.9    10.3s
  6   -62.15627991779       -6.11       -4.13    3.3    8.77s
  7   -62.15627993578       -7.74       -4.62    3.8    10.3s
  8   -62.15627993642       -9.19       -5.73    3.3    9.13s
  9   -62.15627993645      -10.45       -6.60    4.4    11.2s
 10   -62.15627993645      -12.62       -7.18    3.8    10.2s
n     Energy            log10(ΔE)   log10(Δρ)   Diag   Δtime
---   ---------------   ---------   ---------   ----   ------
  1   -62.14582621809                   -1.12    8.3    17.7s
  2   -62.15153088307       -2.24       -1.19    2.5    7.46s
  3   -62.15619140760       -2.33       -1.99    3.6    9.62s
  4   -62.15627698795       -4.07       -2.82    2.5    7.65s
  5   -62.15627911554       -5.67       -3.32    3.8    10.4s
  6   -62.15627991673       -6.10       -4.09    3.4    9.12s
  7   -62.15627993557       -7.72       -4.55    4.0    10.6s
  8   -62.15627993642       -9.07       -5.78    3.2    9.13s
  9   -62.15627993645      -10.45       -6.56    4.7    12.0s
 10   -62.15627993645      -12.58       -7.17    3.5    9.81s
     5    -6.215628e+01     7.158794e-09
 * time: 1186.3474879264832
 * Status: success

 * Candidate solution
    Final objective value:     -6.215628e+01

 * Found with
    Algorithm:     L-BFGS

 * Convergence measures
    |x - x'|               = 2.57e-04 ≰ -1.0e+00
    |x - x'|/|x'|          = 2.31e-05 ≰ 0.0e+00
    |f(x) - f(x')|         = 4.67e-10 ≤ 1.0e-08
    |f(x) - f(x')|/|f(x')| = 7.52e-12 ≰ 0.0e+00
    |g(x)|                 = 7.16e-09 ≤ 1.0e-06

 * Work counters
    Seconds run:   1186  (vs limit Inf)
    Iterations:    5
    f(x) calls:    6
    ∇f(x) calls:   6

NaCl: 1312.112582 seconds (1.43 G allocations: 403.030 GiB, 5.25% gc time, 0.24% compilation time)
┌ Info: 2025-05-13T20:34:22.775
│   name = "Al"
│   Ecut = 20.0
│   kgrid = MonkhorstPack([18, 18, 18])
│   p0 = ComponentVector{Float64}(a = 7.641925528121933)
│   temperature = 0.001
└   smearing = DFTK.Smearing.Gaussian()
n     Energy            log10(ΔE)   log10(Δρ)   Diag   Δtime
---   ---------------   ---------   ---------   ----   ------
  1   -2.313986980609                   -1.45    5.5    1.65s
  2   -2.314087434771       -4.00       -1.83    1.4    713ms
  3   -2.314112658800       -4.60       -3.52    3.4    1.24s
  4   -2.314112857089       -6.70       -4.09    4.6    1.82s
  5   -2.314112857348       -9.59       -4.62    2.5    1.30s
  6   -2.314112857368      -10.72       -5.21    2.6    1.08s
  7   -2.314112857372      -11.34       -5.98    2.8    1.11s
  8   -2.314112857372      -13.07       -6.64    2.9    1.31s
  9   -2.314112857372      -14.75       -7.20    2.7    1.03s
Iter     Function value   Gradient norm 
     0    -2.314113e+00     2.100295e-03
 * time: 2.5987625122070312e-5
n     Energy            log10(ΔE)   log10(Δρ)   Diag   Δtime
---   ---------------   ---------   ---------   ----   ------
  1   -2.313986283735                   -1.45    5.5    1.66s
  2   -2.314091752199       -3.98       -1.83    1.4    1.02s
  3   -2.314116933900       -4.60       -3.54    3.3    1.23s
  4   -2.314117179565       -6.61       -4.11    4.5    1.76s
  5   -2.314117179789       -9.65       -4.63    2.5    987ms
  6   -2.314117179807      -10.73       -5.22    2.5    1.26s
  7   -2.314117179812      -11.35       -5.95    2.9    1.07s
  8   -2.314117179812      -13.00       -6.65    2.9    1.37s
  9   -2.314117179812      -14.88       -7.25    2.9    1.09s
n     Energy            log10(ΔE)   log10(Δρ)   Diag   Δtime
---   ---------------   ---------   ---------   ----   ------
  1   -2.313985840335                   -1.45    5.5    1.64s
  2   -2.314091190517       -3.98       -1.83    1.4    992ms
  3   -2.314116999746       -4.59       -3.50    3.3    1.19s
  4   -2.314117179494       -6.75       -4.06    4.5    1.77s
  5   -2.314117179785       -9.54       -4.60    2.5    981ms
  6   -2.314117179807      -10.66       -5.21    2.6    1.25s
  7   -2.314117179812      -11.34       -5.95    2.8    1.04s
  8   -2.314117179812      -12.95       -6.63    2.8    1.32s
  9   -2.314117179812      -14.88       -7.16    2.7    1.02s
     1    -2.314117e+00     2.015748e-03
 * time: 51.82009506225586
n     Energy            log10(ΔE)   log10(Δρ)   Diag   Δtime
---   ---------------   ---------   ---------   ----   ------
  1   -2.314044608317                   -1.44    5.4    1.89s
  2   -2.314141739572       -4.01       -1.83    1.4    992ms
  3   -2.314166245992       -4.61       -3.52    3.4    1.22s
  4   -2.314166496761       -6.60       -4.22    4.5    1.76s
  5   -2.314166496907       -9.84       -4.77    2.7    1.03s
  6   -2.314166496918      -10.95       -5.31    2.6    1.24s
  7   -2.314166496921      -11.55       -6.26    3.0    1.09s
  8   -2.314166496921      -13.42       -6.79    3.2    1.42s
  9   -2.314166496921      -14.65       -7.95    2.6    996ms
n     Energy            log10(ΔE)   log10(Δρ)   Diag   Δtime
---   ---------------   ---------   ---------   ----   ------
  1   -2.314042871887                   -1.44    5.5    1.64s
  2   -2.314142403374       -4.00       -1.83    1.4    983ms
  3   -2.314166265031       -4.62       -3.52    3.4    1.24s
  4   -2.314166496774       -6.63       -4.23    4.5    1.76s
  5   -2.314166496907       -9.87       -4.78    2.7    1.04s
  6   -2.314166496918      -10.97       -5.32    2.6    1.24s
  7   -2.314166496921      -11.57       -6.27    3.0    1.10s
  8   -2.314166496921      -13.45       -6.78    3.2    1.43s
  9   -2.314166496921      -14.45       -7.79    2.9    1.08s
     2    -2.314166e+00     9.788090e-05
 * time: 103.2247359752655
n     Energy            log10(ΔE)   log10(Δρ)   Diag   Δtime
---   ---------------   ---------   ---------   ----   ------
  1   -2.314044437330                   -1.44    5.4    1.89s
  2   -2.314142224052       -4.01       -1.83    1.4    1.01s
  3   -2.314166385330       -4.62       -3.51    3.4    1.22s
  4   -2.314166599907       -6.67       -4.21    4.4    1.77s
  5   -2.314166600049       -9.85       -4.77    2.6    1.02s
  6   -2.314166600060      -10.95       -5.30    2.6    1.25s
  7   -2.314166600063      -11.53       -6.24    3.0    1.07s
  8   -2.314166600063      -13.51       -6.76    3.1    1.36s
  9   -2.314166600063      -14.27       -7.77    3.1    1.09s
n     Energy            log10(ΔE)   log10(Δρ)   Diag   Δtime
---   ---------------   ---------   ---------   ----   ------
  1   -2.314044524899                   -1.44    5.4    1.60s
  2   -2.314141788291       -4.01       -1.83    1.3    1.03s
  3   -2.314166405789       -4.61       -3.51    3.4    1.29s
  4   -2.314166599891       -6.71       -4.20    4.5    1.76s
  5   -2.314166600049       -9.80       -4.77    2.6    1.03s
  6   -2.314166600060      -10.96       -5.31    2.6    1.24s
  7   -2.314166600063      -11.54       -6.27    3.1    1.11s
  8   -2.314166600063      -13.50       -6.81    3.3    1.44s
  9   -2.314166600063      -14.88       -7.74    3.0    1.09s
     3    -2.314167e+00     8.733522e-06
 * time: 154.75236105918884
n     Energy            log10(ΔE)   log10(Δρ)   Diag   Δtime
---   ---------------   ---------   ---------   ----   ------
  1   -2.314044567912                   -1.44    5.5    1.86s
  2   -2.314141970603       -4.01       -1.83    1.4    1.00s
  3   -2.314166383560       -4.61       -3.52    3.3    1.20s
  4   -2.314166600733       -6.66       -4.21    4.5    1.77s
  5   -2.314166600880       -9.83       -4.74    2.6    1.02s
  6   -2.314166600893      -10.86       -5.28    2.6    1.31s
  7   -2.314166600897      -11.49       -6.27    3.1    1.11s
  8   -2.314166600897      -13.40       -6.79    3.3    1.48s
  9   -2.314166600897      -14.57       -7.75    2.9    1.10s
n     Energy            log10(ΔE)   log10(Δρ)   Diag   Δtime
---   ---------------   ---------   ---------   ----   ------
  1   -2.314047423419                   -1.44    5.4    1.86s
  2   -2.314142098437       -4.02       -1.83    1.4    994ms
  3   -2.314166414135       -4.61       -3.50    3.4    1.23s
  4   -2.314166600724       -6.73       -4.21    4.4    1.76s
  5   -2.314166600883       -9.80       -4.77    2.7    1.05s
  6   -2.314166600894      -10.98       -5.31    2.6    1.26s
  7   -2.314166600897      -11.54       -6.26    3.1    1.11s
  8   -2.314166600897      -13.41       -6.77    3.2    1.43s
  9   -2.314166600897      -14.45       -7.64    2.9    1.10s
     4    -2.314167e+00     4.153443e-08
 * time: 206.34569907188416
 * Status: success

 * Candidate solution
    Final objective value:     -2.314167e+00

 * Found with
    Algorithm:     L-BFGS

 * Convergence measures
    |x - x'|               = 1.90e-04 ≰ -1.0e+00
    |x - x'|/|x'|          = 2.50e-05 ≰ 0.0e+00
    |f(x) - f(x')|         = 8.34e-10 ≤ 1.0e-08
    |f(x) - f(x')|/|f(x')| = 3.60e-10 ≰ 0.0e+00
    |g(x)|                 = 4.15e-08 ≤ 1.0e-06

 * Work counters
    Seconds run:   206  (vs limit Inf)
    Iterations:    4
    f(x) calls:    5
    ∇f(x) calls:   5

Al: 236.896315 seconds (203.41 M allocations: 48.646 GiB, 6.37% gc time, 0.00% compilation time)
┌ Info: 2025-05-13T20:38:19.672
│   name = "V"
│   Ecut = 42.0
│   kgrid = MonkhorstPack([20, 20, 20])
│   p0 = ComponentVector{Float64}(a = 5.699267600684394)
│   temperature = 0.001
└   smearing = DFTK.Smearing.Gaussian()
┌ Warning: Negative ρcore detected: -3.4151886922104144e-8
└ @ DFTK ~/.julia/packages/DFTK/n2IL4/src/terms/xc.jl:39
n     Energy            log10(ΔE)   log10(Δρ)   Diag   Δtime
---   ---------------   ---------   ---------   ----   ------
  1   -73.69576826701                   -0.86    9.6    9.13s
  2   -73.70853090133       -1.89       -1.07    5.4    5.35s
  3   -73.71500817970       -2.19       -1.41    6.9    6.65s
  4   -73.71613076360       -2.95       -1.79    5.8    5.36s
  5   -73.71626515260       -3.87       -2.18    5.0    5.00s
  6   -73.71629174481       -4.58       -3.07    5.5    5.50s
  7   -73.71629177085       -7.58       -3.54    4.2    4.71s
  8   -73.71629177538       -8.34       -4.15    5.1    5.15s
  9   -73.71629177567       -9.53       -4.56    3.9    4.51s
 10   -73.71629177609       -9.38       -5.29    5.4    5.34s
 11   -73.71629177609      -12.43       -6.05    4.9    5.13s
 12   -73.71629177609   +  -12.32       -6.70    5.6    5.62s
 13   -73.71629177609      -13.00       -7.22    5.0    5.14s
┌ Warning: Negative ρcore detected: Dual{ForwardDiff.Tag{var"#19#21"{@NamedTuple{ham::Hamiltonian, basis::PlaneWaveBasis{Float64, Float64, DFTK.CPU, FFTGrid{Float64, Float64, Array{StaticArraysCore.SVector{3, Int64}, 3}, Array{StaticArraysCore.SVector{3, Float64}, 3}}, Vector{StaticArraysCore.SVector{3, Int64}}}, energies::Energies{Float64}, converged::Bool, occupation_threshold::Float64, ρ::Array{Float64, 4}, τ::Nothing, α::Float64, eigenvalues::Vector{Vector{Float64}}, occupation::Vector{Vector{Float64}}, εF::Float64, n_bands_converge::Int64, n_iter::Int64, n_matvec::Int64, ψ::Vector{Matrix{ComplexF64}}, diagonalization::Vector{@NamedTuple{λ::Vector{Vector{Float64}}, X::Vector{Matrix{ComplexF64}}, residual_norms::Vector{Vector{Float64}}, n_iter::Vector{Int64}, converged::Bool, n_matvec::Int64}}, stage::Symbol, history_Δρ::Vector{Float64}, history_Etot::Vector{Float64}, timedout::Bool, runtime_ns::UInt64, algorithm::String}, Model{Float64, Float64}, Float64, MonkhorstPack, var"#case#4"{Matrix{Float64}, Float64, MonkhorstPack, Vector{StaticArraysCore.SVector{3, Float64}}, Vector{ElementPsp{PspUpf{Float64, Interpolations.Extrapolation{Float64, 1, Interpolations.GriddedInterpolation{Float64, 1, Vector{Float64}, Interpolations.Gridded{Interpolations.Linear{Interpolations.Throw{Interpolations.OnGrid}}}, Tuple{Vector{Float64}}}, Interpolations.Gridded{Interpolations.Linear{Interpolations.Throw{Interpolations.OnGrid}}}, Interpolations.Throw{Nothing}}}}}, Float64, Float64, String}}, Float64}}(-3.4151886922104144e-8,-1.2413273474001241e-8)
└ @ DFTK ~/.julia/packages/DFTK/n2IL4/src/terms/xc.jl:39
Iter     Function value   Gradient norm 
     0    -7.371629e+01     5.972534e-03
 * time: 3.0040740966796875e-5
┌ Warning: Negative ρcore detected: -3.4002045204387204e-8
└ @ DFTK ~/.julia/packages/DFTK/n2IL4/src/terms/xc.jl:39
n     Energy            log10(ΔE)   log10(Δρ)   Diag   Δtime
---   ---------------   ---------   ---------   ----   ------
  1   -73.69595985911                   -0.86    9.7    8.84s
  2   -73.70858693773       -1.90       -1.07    5.5    5.28s
  3   -73.71505189091       -2.19       -1.41    6.9    6.83s
  4   -73.71616284436       -2.95       -1.79    5.8    5.69s
  5   -73.71630029326       -3.86       -2.20    5.0    5.15s
  6   -73.71632471967       -4.61       -3.08    5.4    5.60s
  7   -73.71632475208       -7.49       -3.53    4.5    4.99s
  8   -73.71632475645       -8.36       -4.17    5.1    5.43s
  9   -73.71632475680       -9.46       -4.57    4.1    4.57s
 10   -73.71632475717       -9.42       -5.20    5.3    5.31s
 11   -73.71632475718      -11.45       -6.11    5.4    5.54s
 12   -73.71632475718   +  -13.25       -6.70    5.7    5.77s
 13   -73.71632475718      -13.00       -7.07    5.1    5.04s
┌ Warning: Negative ρcore detected: -3.4002045204387204e-8
└ @ DFTK ~/.julia/packages/DFTK/n2IL4/src/terms/xc.jl:39
n     Energy            log10(ΔE)   log10(Δρ)   Diag   Δtime
---   ---------------   ---------   ---------   ----   ------
  1   -73.69595310695                   -0.86    9.8    8.86s
  2   -73.70858926206       -1.90       -1.07    5.4    5.24s
  3   -73.71505511255       -2.19       -1.41    6.9    6.70s
  4   -73.71616141315       -2.96       -1.79    5.7    5.50s
  5   -73.71629936451       -3.86       -2.19    5.1    5.09s
  6   -73.71632471514       -4.60       -3.08    5.5    5.59s
  7   -73.71632475209       -7.43       -3.54    4.5    5.19s
  8   -73.71632475640       -8.37       -4.15    5.2    5.17s
  9   -73.71632475678       -9.42       -4.57    4.1    4.64s
 10   -73.71632475718       -9.40       -5.24    5.3    5.21s
 11   -73.71632475718      -11.66       -6.11    5.3    5.35s
 12   -73.71632475718   +  -13.25       -6.75    5.6    5.87s
 13   -73.71632475718      -13.07       -7.15    4.8    4.73s
┌ Warning: Negative ρcore detected: Dual{ForwardDiff.Tag{var"#19#21"{@NamedTuple{ham::Hamiltonian, basis::PlaneWaveBasis{Float64, Float64, DFTK.CPU, FFTGrid{Float64, Float64, Array{StaticArraysCore.SVector{3, Int64}, 3}, Array{StaticArraysCore.SVector{3, Float64}, 3}}, Vector{StaticArraysCore.SVector{3, Int64}}}, energies::Energies{Float64}, converged::Bool, occupation_threshold::Float64, ρ::Array{Float64, 4}, τ::Nothing, α::Float64, eigenvalues::Vector{Vector{Float64}}, occupation::Vector{Vector{Float64}}, εF::Float64, n_bands_converge::Int64, n_iter::Int64, n_matvec::Int64, ψ::Vector{Matrix{ComplexF64}}, diagonalization::Vector{@NamedTuple{λ::Vector{Vector{Float64}}, X::Vector{Matrix{ComplexF64}}, residual_norms::Vector{Vector{Float64}}, n_iter::Vector{Int64}, converged::Bool, n_matvec::Int64}}, stage::Symbol, history_Δρ::Vector{Float64}, history_Etot::Vector{Float64}, timedout::Bool, runtime_ns::UInt64, algorithm::String}, Model{Float64, Float64}, Float64, MonkhorstPack, var"#case#4"{Matrix{Float64}, Float64, MonkhorstPack, Vector{StaticArraysCore.SVector{3, Float64}}, Vector{ElementPsp{PspUpf{Float64, Interpolations.Extrapolation{Float64, 1, Interpolations.GriddedInterpolation{Float64, 1, Vector{Float64}, Interpolations.Gridded{Interpolations.Linear{Interpolations.Throw{Interpolations.OnGrid}}}, Tuple{Vector{Float64}}}, Interpolations.Gridded{Interpolations.Linear{Interpolations.Throw{Interpolations.OnGrid}}}, Interpolations.Throw{Nothing}}}}}, Float64, Float64, String}}, Float64}}(-3.4002045204387204e-8,-3.794765837938564e-8)
└ @ DFTK ~/.julia/packages/DFTK/n2IL4/src/terms/xc.jl:39
     1    -7.371632e+01     5.070391e-03
 * time: 206.33219695091248
┌ Warning: Negative ρcore detected: -3.137599138835327e-8
└ @ DFTK ~/.julia/packages/DFTK/n2IL4/src/terms/xc.jl:39
n     Energy            log10(ΔE)   log10(Δρ)   Diag   Δtime
---   ---------------   ---------   ---------   ----   ------
  1   -73.69694314821                   -0.86    9.6    8.92s
  2   -73.70872849152       -1.93       -1.07    5.4    5.22s
  3   -73.71518637955       -2.19       -1.41    6.8    6.58s
  4   -73.71623508315       -2.98       -1.78    5.6    5.35s
  5   -73.71638958451       -3.81       -2.25    5.0    5.14s
  6   -73.71640861169       -4.72       -3.07    5.5    5.61s
  7   -73.71640863539       -7.63       -3.50    4.2    4.68s
  8   -73.71640863860       -8.49       -4.09    4.2    4.61s
  9   -73.71640863870      -10.03       -4.53    4.4    4.87s
 10   -73.71640863894       -9.62       -4.75    5.1    5.00s
 11   -73.71640863896      -10.53       -5.60    4.6    4.79s
 12   -73.71640863897      -11.82       -6.30    4.8    5.32s
 13   -73.71640863897      -13.00       -6.51    5.3    5.56s
 14   -73.71640863897   +  -13.25       -6.90    5.3    5.11s
 15   -73.71640863897      -13.00       -8.02    4.9    5.02s
┌ Warning: Negative ρcore detected: -3.137599138835327e-8
└ @ DFTK ~/.julia/packages/DFTK/n2IL4/src/terms/xc.jl:39
n     Energy            log10(ΔE)   log10(Δρ)   Diag   Δtime
---   ---------------   ---------   ---------   ----   ------
  1   -73.69695811167                   -0.86    9.8    8.78s
  2   -73.70871649894       -1.93       -1.07    5.4    5.17s
  3   -73.71518595275       -2.19       -1.41    6.9    6.62s
  4   -73.71623489099       -2.98       -1.78    5.8    5.48s
  5   -73.71638970759       -3.81       -2.25    5.2    5.19s
  6   -73.71640861135       -4.72       -3.07    5.6    5.66s
  7   -73.71640863528       -7.62       -3.50    4.3    4.67s
  8   -73.71640863852       -8.49       -4.07    4.0    4.40s
  9   -73.71640863873       -9.67       -4.54    4.1    4.58s
 10   -73.71640863893       -9.70       -4.77    5.2    4.98s
 11   -73.71640863896      -10.48       -5.62    4.8    4.80s
 12   -73.71640863897      -11.82       -6.29    4.8    5.08s
 13   -73.71640863897      -13.07       -6.65    5.1    5.20s
 14   -73.71640863897      -13.85       -7.15    5.2    5.06s
┌ Warning: Negative ρcore detected: Dual{ForwardDiff.Tag{var"#19#21"{@NamedTuple{ham::Hamiltonian, basis::PlaneWaveBasis{Float64, Float64, DFTK.CPU, FFTGrid{Float64, Float64, Array{StaticArraysCore.SVector{3, Int64}, 3}, Array{StaticArraysCore.SVector{3, Float64}, 3}}, Vector{StaticArraysCore.SVector{3, Int64}}}, energies::Energies{Float64}, converged::Bool, occupation_threshold::Float64, ρ::Array{Float64, 4}, τ::Nothing, α::Float64, eigenvalues::Vector{Vector{Float64}}, occupation::Vector{Vector{Float64}}, εF::Float64, n_bands_converge::Int64, n_iter::Int64, n_matvec::Int64, ψ::Vector{Matrix{ComplexF64}}, diagonalization::Vector{@NamedTuple{λ::Vector{Vector{Float64}}, X::Vector{Matrix{ComplexF64}}, residual_norms::Vector{Vector{Float64}}, n_iter::Vector{Int64}, converged::Bool, n_matvec::Int64}}, stage::Symbol, history_Δρ::Vector{Float64}, history_Etot::Vector{Float64}, timedout::Bool, runtime_ns::UInt64, algorithm::String}, Model{Float64, Float64}, Float64, MonkhorstPack, var"#case#4"{Matrix{Float64}, Float64, MonkhorstPack, Vector{StaticArraysCore.SVector{3, Float64}}, Vector{ElementPsp{PspUpf{Float64, Interpolations.Extrapolation{Float64, 1, Interpolations.GriddedInterpolation{Float64, 1, Vector{Float64}, Interpolations.Gridded{Interpolations.Linear{Interpolations.Throw{Interpolations.OnGrid}}}, Tuple{Vector{Float64}}}, Interpolations.Gridded{Interpolations.Linear{Interpolations.Throw{Interpolations.OnGrid}}}, Interpolations.Throw{Nothing}}}}}, Float64, Float64, String}}, Float64}}(-3.137599138835327e-8,2.3777345747468515e-8)
└ @ DFTK ~/.julia/packages/DFTK/n2IL4/src/terms/xc.jl:39
     2    -7.371641e+01     1.042505e-04
 * time: 422.72738099098206
┌ Warning: Negative ρcore detected: -3.1359028939639766e-8
└ @ DFTK ~/.julia/packages/DFTK/n2IL4/src/terms/xc.jl:39
n     Energy            log10(ΔE)   log10(Δρ)   Diag   Δtime
---   ---------------   ---------   ---------   ----   ------
  1   -73.69692729121                   -0.86    9.6    8.78s
  2   -73.70873749238       -1.93       -1.07    5.4    5.20s
  3   -73.71518321205       -2.19       -1.41    6.8    6.59s
  4   -73.71623551799       -2.98       -1.78    5.8    5.40s
  5   -73.71639046639       -3.81       -2.26    5.1    5.12s
  6   -73.71640864552       -4.74       -3.07    5.5    5.58s
  7   -73.71640867008       -7.61       -3.51    4.4    4.75s
  8   -73.71640867317       -8.51       -4.08    4.2    4.57s
  9   -73.71640867330       -9.87       -4.52    4.2    4.80s
 10   -73.71640867355       -9.60       -4.77    5.2    5.05s
 11   -73.71640867358      -10.54       -5.66    4.7    4.78s
 12   -73.71640867358      -12.08       -6.29    4.8    5.17s
 13   -73.71640867358      -12.81       -6.58    5.2    5.30s
 14   -73.71640867358   +  -13.55       -7.02    5.4    5.13s
┌ Warning: Negative ρcore detected: -3.1359028939639766e-8
└ @ DFTK ~/.julia/packages/DFTK/n2IL4/src/terms/xc.jl:39
n     Energy            log10(ΔE)   log10(Δρ)   Diag   Δtime
---   ---------------   ---------   ---------   ----   ------
  1   -73.69693947436                   -0.86    9.7    8.74s
  2   -73.70871161584       -1.93       -1.07    5.4    5.12s
  3   -73.71518646564       -2.19       -1.41    6.8    6.69s
  4   -73.71623522073       -2.98       -1.78    5.8    5.46s
  5   -73.71638988655       -3.81       -2.25    5.0    5.11s
  6   -73.71640864750       -4.73       -3.07    5.4    5.56s
  7   -73.71640867016       -7.64       -3.51    4.3    4.73s
  8   -73.71640867322       -8.51       -4.10    4.0    4.56s
  9   -73.71640867332      -10.01       -4.55    4.4    4.92s
 10   -73.71640867355       -9.64       -4.78    5.1    4.91s
 11   -73.71640867358      -10.52       -5.62    4.8    4.84s
 12   -73.71640867358      -11.88       -6.31    4.8    5.23s
 13   -73.71640867358      -12.94       -6.65    5.2    5.19s
 14   -73.71640867358      -12.94       -7.14    5.3    5.08s
┌ Warning: Negative ρcore detected: Dual{ForwardDiff.Tag{var"#19#21"{@NamedTuple{ham::Hamiltonian, basis::PlaneWaveBasis{Float64, Float64, DFTK.CPU, FFTGrid{Float64, Float64, Array{StaticArraysCore.SVector{3, Int64}, 3}, Array{StaticArraysCore.SVector{3, Float64}, 3}}, Vector{StaticArraysCore.SVector{3, Int64}}}, energies::Energies{Float64}, converged::Bool, occupation_threshold::Float64, ρ::Array{Float64, 4}, τ::Nothing, α::Float64, eigenvalues::Vector{Vector{Float64}}, occupation::Vector{Vector{Float64}}, εF::Float64, n_bands_converge::Int64, n_iter::Int64, n_matvec::Int64, ψ::Vector{Matrix{ComplexF64}}, diagonalization::Vector{@NamedTuple{λ::Vector{Vector{Float64}}, X::Vector{Matrix{ComplexF64}}, residual_norms::Vector{Vector{Float64}}, n_iter::Vector{Int64}, converged::Bool, n_matvec::Int64}}, stage::Symbol, history_Δρ::Vector{Float64}, history_Etot::Vector{Float64}, timedout::Bool, runtime_ns::UInt64, algorithm::String}, Model{Float64, Float64}, Float64, MonkhorstPack, var"#case#4"{Matrix{Float64}, Float64, MonkhorstPack, Vector{StaticArraysCore.SVector{3, Float64}}, Vector{ElementPsp{PspUpf{Float64, Interpolations.Extrapolation{Float64, 1, Interpolations.GriddedInterpolation{Float64, 1, Vector{Float64}, Interpolations.Gridded{Interpolations.Linear{Interpolations.Throw{Interpolations.OnGrid}}}, Tuple{Vector{Float64}}}, Interpolations.Gridded{Interpolations.Linear{Interpolations.Throw{Interpolations.OnGrid}}}, Interpolations.Throw{Nothing}}}}}, Float64, Float64, String}}, Float64}}(-3.1359028939639766e-8,2.6384565870208164e-8)
└ @ DFTK ~/.julia/packages/DFTK/n2IL4/src/terms/xc.jl:39
     3    -7.371641e+01     2.019788e-06
 * time: 633.3278939723969
┌ Warning: Negative ρcore detected: -3.135936765019173e-8
└ @ DFTK ~/.julia/packages/DFTK/n2IL4/src/terms/xc.jl:39
n     Energy            log10(ΔE)   log10(Δρ)   Diag   Δtime
---   ---------------   ---------   ---------   ----   ------
  1   -73.69693346077                   -0.86    9.7    8.89s
  2   -73.70871622620       -1.93       -1.07    5.3    5.39s
  3   -73.71518499396       -2.19       -1.41    6.8    6.62s
  4   -73.71623521961       -2.98       -1.78    5.7    5.43s
  5   -73.71639015485       -3.81       -2.25    5.1    5.17s
  6   -73.71640864812       -4.73       -3.07    5.5    5.55s
  7   -73.71640866999       -7.66       -3.50    4.2    4.58s
  8   -73.71640867327       -8.48       -4.11    4.1    4.52s
  9   -73.71640867333      -10.27       -4.52    4.5    4.88s
 10   -73.71640867356       -9.63       -4.77    5.0    4.97s
 11   -73.71640867359      -10.53       -5.64    4.8    4.89s
 12   -73.71640867359      -11.94       -6.27    4.7    5.12s
 13   -73.71640867359      -12.81       -6.63    5.0    5.15s
 14   -73.71640867359      -13.85       -7.05    5.5    5.20s
┌ Warning: Negative ρcore detected: -3.135936765019173e-8
└ @ DFTK ~/.julia/packages/DFTK/n2IL4/src/terms/xc.jl:39
n     Energy            log10(ΔE)   log10(Δρ)   Diag   Δtime
---   ---------------   ---------   ---------   ----   ------
  1   -73.69692471844                   -0.86    9.7    8.85s
  2   -73.70870974949       -1.93       -1.07    5.4    5.27s
  3   -73.71518636465       -2.19       -1.41    6.8    6.60s
  4   -73.71623547336       -2.98       -1.78    5.7    5.43s
  5   -73.71638957142       -3.81       -2.24    5.0    5.10s
  6   -73.71640864655       -4.72       -3.07    5.5    5.64s
  7   -73.71640866991       -7.63       -3.50    4.3    4.72s
  8   -73.71640867319       -8.48       -4.08    3.9    4.81s
  9   -73.71640867336       -9.77       -4.54    4.2    4.81s
 10   -73.71640867356       -9.70       -4.77    5.2    5.07s
 11   -73.71640867359      -10.49       -5.65    4.7    4.84s
 12   -73.71640867359      -11.91       -6.26    4.9    5.26s
 13   -73.71640867359      -12.85       -6.59    5.1    5.19s
 14   -73.71640867359   +  -13.85       -7.12    5.4    5.18s
┌ Warning: Negative ρcore detected: Dual{ForwardDiff.Tag{var"#19#21"{@NamedTuple{ham::Hamiltonian, basis::PlaneWaveBasis{Float64, Float64, DFTK.CPU, FFTGrid{Float64, Float64, Array{StaticArraysCore.SVector{3, Int64}, 3}, Array{StaticArraysCore.SVector{3, Float64}, 3}}, Vector{StaticArraysCore.SVector{3, Int64}}}, energies::Energies{Float64}, converged::Bool, occupation_threshold::Float64, ρ::Array{Float64, 4}, τ::Nothing, α::Float64, eigenvalues::Vector{Vector{Float64}}, occupation::Vector{Vector{Float64}}, εF::Float64, n_bands_converge::Int64, n_iter::Int64, n_matvec::Int64, ψ::Vector{Matrix{ComplexF64}}, diagonalization::Vector{@NamedTuple{λ::Vector{Vector{Float64}}, X::Vector{Matrix{ComplexF64}}, residual_norms::Vector{Vector{Float64}}, n_iter::Vector{Int64}, converged::Bool, n_matvec::Int64}}, stage::Symbol, history_Δρ::Vector{Float64}, history_Etot::Vector{Float64}, timedout::Bool, runtime_ns::UInt64, algorithm::String}, Model{Float64, Float64}, Float64, MonkhorstPack, var"#case#4"{Matrix{Float64}, Float64, MonkhorstPack, Vector{StaticArraysCore.SVector{3, Float64}}, Vector{ElementPsp{PspUpf{Float64, Interpolations.Extrapolation{Float64, 1, Interpolations.GriddedInterpolation{Float64, 1, Vector{Float64}, Interpolations.Gridded{Interpolations.Linear{Interpolations.Throw{Interpolations.OnGrid}}}, Tuple{Vector{Float64}}}, Interpolations.Gridded{Interpolations.Linear{Interpolations.Throw{Interpolations.OnGrid}}}, Interpolations.Throw{Nothing}}}}}, Float64, Float64, String}}, Float64}}(-3.135936765019173e-8,2.6335152781668043e-8)
└ @ DFTK ~/.julia/packages/DFTK/n2IL4/src/terms/xc.jl:39
     4    -7.371641e+01     3.645578e-09
 * time: 844.1802599430084
 * Status: success

 * Candidate solution
    Final objective value:     -7.371641e+01

 * Found with
    Algorithm:     L-BFGS

 * Convergence measures
    |x - x'|               = 1.29e-05 ≰ -1.0e+00
    |x - x'|/|x'|          = 2.27e-06 ≰ 0.0e+00
    |f(x) - f(x')|         = 1.18e-11 ≤ 1.0e-08
    |f(x) - f(x')|/|f(x')| = 1.60e-13 ≰ 0.0e+00
    |g(x)|                 = 3.65e-09 ≤ 1.0e-06

 * Work counters
    Seconds run:   844  (vs limit Inf)
    Iterations:    4
    f(x) calls:    5
    ∇f(x) calls:   5

V: 957.646258 seconds (712.77 M allocations: 336.065 GiB, 5.93% gc time, 0.01% compilation time)
