┌ Info: Threading setup: 
│   Threads.nthreads() = 1
│   n_DFTK = 1
│   n_fft = 1
└   n_blas = 1
┌ Info: 2025-05-13T19:20:13.231
│   name = "Si"
│   Ecut = 18.0
│   kgrid = MonkhorstPack([14, 14, 14])
│   p0 = ComponentVector{Float64}(a = 10.347246312603742)
│   temperature = 0.001
└   smearing = DFTK.Smearing.Gaussian()
n     Energy            log10(ΔE)   log10(Δρ)   Diag   Δtime
---   ---------------   ---------   ---------   ----   ------
  1   -8.434897434830                   -0.97    7.0    10.2s
  2   -8.436600619166       -2.77       -1.77    1.7    4.63s
  3   -8.436684259442       -4.08       -2.78    3.9    1.58s
  4   -8.436686356785       -5.68       -3.60    4.6    1.91s
  5   -8.436686447672       -7.04       -4.34    4.7    1.62s
  6   -8.436686451823       -8.38       -5.26    5.0    1.88s
  7   -8.436686451863      -10.40       -6.22    4.4    1.91s
  8   -8.436686451863      -12.64       -7.08    3.7    1.48s
Iter     Function value   Gradient norm 
     0    -8.436686e+00     3.720052e-03
 * time: 5.1975250244140625e-5
n     Energy            log10(ΔE)   log10(Δρ)   Diag   Δtime
---   ---------------   ---------   ---------   ----   ------
  1   -8.434872804892                   -0.96    7.1    2.40s
  2   -8.436612582625       -2.76       -1.77    1.9    1.36s
  3   -8.436697664045       -4.07       -2.78    4.0    1.59s
  4   -8.436699724133       -5.69       -3.60    4.7    1.92s
  5   -8.436699814255       -7.05       -4.35    4.9    1.64s
  6   -8.436699818109       -8.41       -5.28    5.0    1.89s
  7   -8.436699818148      -10.41       -6.18    4.5    1.61s
  8   -8.436699818148      -12.56       -7.13    3.8    1.72s
n     Energy            log10(ΔE)   log10(Δρ)   Diag   Δtime
---   ---------------   ---------   ---------   ----   ------
  1   -8.434876327628                   -0.96    7.0    2.36s
  2   -8.436610791986       -2.76       -1.77    2.0    1.33s
  3   -8.436697604213       -4.06       -2.78    4.0    1.61s
  4   -8.436699723148       -5.67       -3.60    4.7    1.98s
  5   -8.436699813834       -7.04       -4.32    4.7    1.65s
  6   -8.436699818106       -8.37       -5.25    4.9    1.89s
  7   -8.436699818148      -10.38       -6.16    4.5    1.65s
  8   -8.436699818148      -12.57       -7.08    3.7    1.76s
     1    -8.436700e+00     3.465865e-03
 * time: 40.71329092979431
n     Energy            log10(ΔE)   log10(Δρ)   Diag   Δtime
---   ---------------   ---------   ---------   ----   ------
  1   -8.434895809213                   -0.96    6.8    2.42s
  2   -8.436697839197       -2.74       -1.77    1.8    1.06s
  3   -8.436783971946       -4.06       -2.79    4.0    1.91s
  4   -8.436786007609       -5.69       -3.58    4.8    1.78s
  5   -8.436786105180       -7.01       -4.37    4.8    1.93s
  6   -8.436786108807       -8.44       -5.26    5.1    1.72s
  7   -8.436786108825      -10.74       -6.29    3.6    1.70s
  8   -8.436786108825      -12.72       -7.06    3.7    1.47s
n     Energy            log10(ΔE)   log10(Δρ)   Diag   Δtime
---   ---------------   ---------   ---------   ----   ------
  1   -8.434890083297                   -0.96    7.0    2.34s
  2   -8.436700652192       -2.74       -1.77    1.9    1.05s
  3   -8.436783997831       -4.08       -2.79    4.0    1.84s
  4   -8.436786008091       -5.70       -3.58    4.7    1.70s
  5   -8.436786105370       -7.01       -4.38    4.7    1.88s
  6   -8.436786108805       -8.46       -5.25    5.2    1.73s
  7   -8.436786108825      -10.70       -6.21    3.7    1.74s
  8   -8.436786108825      -12.67       -7.05    3.8    1.47s
     2    -8.436786e+00     9.227366e-05
 * time: 80.69973802566528
n     Energy            log10(ΔE)   log10(Δρ)   Diag   Δtime
---   ---------------   ---------   ---------   ----   ------
  1   -8.434895814346                   -0.96    7.1    2.44s
  2   -8.436702395074       -2.74       -1.77    2.2    1.41s
  3   -8.436783988491       -4.09       -2.79    3.9    1.60s
  4   -8.436786070462       -5.68       -3.58    4.8    2.36s
  5   -8.436786164944       -7.02       -4.43    4.8    1.76s
  6   -8.436786168042       -8.51       -5.34    5.3    2.03s
  7   -8.436786168054      -10.92       -6.32    3.6    1.51s
  8   -8.436786168054      -12.77       -7.07    4.1    1.82s
n     Energy            log10(ΔE)   log10(Δρ)   Diag   Δtime
---   ---------------   ---------   ---------   ----   ------
  1   -8.434913116943                   -0.96    7.2    2.46s
  2   -8.436702988357       -2.75       -1.77    2.0    1.35s
  3   -8.436783960405       -4.09       -2.79    4.1    1.65s
  4   -8.436786068342       -5.68       -3.57    4.8    1.98s
  5   -8.436786164644       -7.02       -4.42    5.1    1.70s
  6   -8.436786168041       -8.47       -5.36    5.1    1.98s
  7   -8.436786168054      -10.90       -6.36    3.8    1.56s
  8   -8.436786168054      -12.88       -7.09    3.9    1.82s
     3    -8.436786e+00     2.188501e-06
 * time: 121.34955906867981
n     Energy            log10(ΔE)   log10(Δρ)   Diag   Δtime
---   ---------------   ---------   ---------   ----   ------
  1   -8.434910575078                   -0.96    7.2    2.38s
  2   -8.436703072699       -2.75       -1.77    2.0    1.08s
  3   -8.436783955531       -4.09       -2.79    4.0    1.89s
  4   -8.436786069025       -5.67       -3.58    4.8    1.86s
  5   -8.436786164727       -7.02       -4.40    4.9    1.89s
  6   -8.436786168070       -8.48       -5.31    5.2    1.78s
  7   -8.436786168087      -10.77       -6.28    3.7    1.75s
  8   -8.436786168088      -12.77       -7.07    4.0    1.53s
n     Energy            log10(ΔE)   log10(Δρ)   Diag   Δtime
---   ---------------   ---------   ---------   ----   ------
  1   -8.434896837054                   -0.96    7.2    2.41s
  2   -8.436704116498       -2.74       -1.77    2.1    1.09s
  3   -8.436784060585       -4.10       -2.79    4.1    1.86s
  4   -8.436786067182       -5.70       -3.59    4.9    1.71s
  5   -8.436786164836       -7.01       -4.39    4.8    1.92s
  6   -8.436786168067       -8.49       -5.28    5.2    1.69s
  7   -8.436786168087      -10.68       -6.18    3.7    1.76s
  8   -8.436786168088      -12.65       -7.08    3.8    1.45s
     4    -8.436786e+00     7.501883e-09
 * time: 161.58662700653076
 * Status: success

 * Candidate solution
    Final objective value:     -8.436786e+00

 * Found with
    Algorithm:     L-BFGS

 * Convergence measures
    |x - x'|               = 3.05e-05 ≰ -1.0e+00
    |x - x'|/|x'|          = 2.96e-06 ≰ 0.0e+00
    |f(x) - f(x')|         = 3.36e-11 ≤ 1.0e-08
    |f(x) - f(x')|/|f(x')| = 3.99e-12 ≰ 0.0e+00
    |g(x)|                 = 7.50e-09 ≤ 1.0e-06

 * Work counters
    Seconds run:   162  (vs limit Inf)
    Iterations:    4
    f(x) calls:    5
    ∇f(x) calls:   5

Si: 230.008652 seconds (370.20 M allocations: 74.862 GiB, 7.60% gc time, 20.59% compilation time: <1% of which was recompilation)
┌ Info: 2025-05-13T19:24:03.823
│   name = "NaCl"
│   Ecut = 44.0
│   kgrid = MonkhorstPack([13, 13, 13])
│   p0 = ComponentVector{Float64}(a = 10.746130571470083)
│   temperature = 0
└   smearing = DFTK.Smearing.None()
n     Energy            log10(ΔE)   log10(Δρ)   Diag   Δtime
---   ---------------   ---------   ---------   ----   ------
  1   -62.11192962073                   -1.14    8.4    17.8s
  2   -62.11694828752       -2.30       -1.24    2.7    7.42s
  3   -62.12038966717       -2.46       -2.05    3.7    8.39s
  4   -62.12044450891       -4.26       -2.79    3.0    7.86s
  5   -62.12044586690       -5.87       -3.30    3.8    8.94s
  6   -62.12044639489       -6.28       -4.09    3.5    8.29s
  7   -62.12044640354       -8.06       -4.56    4.0    9.22s
  8   -62.12044640411       -9.25       -5.99    3.5    8.62s
  9   -62.12044640411      -11.10       -6.67    4.8    10.7s
 10   -62.12044640411      -13.37       -7.63    3.9    8.79s
Iter     Function value   Gradient norm 
     0    -6.212045e+01     5.031985e-03
 * time: 5.1021575927734375e-5
n     Energy            log10(ΔE)   log10(Δρ)   Diag   Δtime
---   ---------------   ---------   ---------   ----   ------
  1   -62.11194700008                   -1.14    8.4    15.8s
  2   -62.11693386874       -2.30       -1.24    2.7    7.00s
  3   -62.12041549653       -2.46       -2.05    3.7    8.80s
  4   -62.12046965983       -4.27       -2.81    3.1    7.78s
  5   -62.12047096845       -5.88       -3.32    3.9    9.23s
  6   -62.12047147095       -6.30       -4.12    3.5    8.43s
  7   -62.12047147945       -8.07       -4.59    4.2    9.90s
  8   -62.12047147994       -9.32       -5.88    3.5    8.36s
  9   -62.12047147994      -11.15       -6.83    4.7    10.7s
 10   -62.12047147994   +  -13.45       -7.61    4.0    9.71s
n     Energy            log10(ΔE)   log10(Δρ)   Diag   Δtime
---   ---------------   ---------   ---------   ----   ------
  1   -62.11194616661                   -1.14    8.3    15.9s
  2   -62.11692874943       -2.30       -1.24    2.6    6.85s
  3   -62.12041551264       -2.46       -2.05    3.7    8.51s
  4   -62.12046970597       -4.27       -2.83    3.0    7.93s
  5   -62.12047099353       -5.89       -3.35    3.8    9.05s
  6   -62.12047147158       -6.32       -4.16    3.6    8.55s
  7   -62.12047147956       -8.10       -4.66    4.1    9.69s
  8   -62.12047147994       -9.42       -6.04    3.6    8.59s
  9   -62.12047147994      -11.18       -6.81    4.7    10.6s
 10   -62.12047147994      -13.11       -7.62    3.5    8.28s
     1    -6.212047e+01     4.934652e-03
 * time: 220.1914029121399
n     Energy            log10(ΔE)   log10(Δρ)   Diag   Δtime
---   ---------------   ---------   ---------   ----   ------
  1   -62.11160850135                   -1.13    8.2    16.2s
  2   -62.11686075098       -2.28       -1.21    2.5    7.26s
  3   -62.12107533027       -2.38       -2.02    3.6    9.43s
  4   -62.12114624006       -4.15       -2.79    2.7    7.77s
  5   -62.12114793806       -5.77       -3.30    3.8    9.93s
  6   -62.12114860022       -6.18       -4.07    3.3    9.01s
  7   -62.12114861325       -7.89       -4.50    4.0    10.4s
  8   -62.12114861398       -9.14       -5.94    3.2    8.87s
  9   -62.12114861400      -10.78       -6.53    5.0    11.7s
 10   -62.12114861400      -12.79       -7.51    3.7    9.53s
n     Energy            log10(ΔE)   log10(Δρ)   Diag   Δtime
---   ---------------   ---------   ---------   ----   ------
  1   -62.11160530147                   -1.13    8.2    16.6s
  2   -62.11686405408       -2.28       -1.21    2.5    7.18s
  3   -62.12107625268       -2.38       -2.02    3.5    9.33s
  4   -62.12114630716       -4.15       -2.79    3.0    8.23s
  5   -62.12114795234       -5.78       -3.31    3.9    10.0s
  6   -62.12114860101       -6.19       -4.12    3.3    8.96s
  7   -62.12114861346       -7.90       -4.62    3.9    10.3s
  8   -62.12114861399       -9.28       -5.99    3.5    9.41s
  9   -62.12114861400      -10.88       -6.70    4.9    11.8s
 10   -62.12114861400      -13.03       -7.52    3.8    9.73s
     2    -6.212115e+01     5.725084e-04
 * time: 456.6455500125885
n     Energy            log10(ΔE)   log10(Δρ)   Diag   Δtime
---   ---------------   ---------   ---------   ----   ------
  1   -62.11147455973                   -1.13    8.5    17.4s
  2   -62.11676277668       -2.28       -1.21    2.6    7.48s
  3   -62.12108428464       -2.36       -2.01    3.6    9.50s
  4   -62.12115700279       -4.14       -2.78    2.7    7.90s
  5   -62.12115872812       -5.76       -3.29    3.7    9.94s
  6   -62.12115941530       -6.16       -4.06    3.4    8.99s
  7   -62.12115942915       -7.86       -4.51    4.2    10.6s
  8   -62.12115942982       -9.18       -5.93    3.6    9.43s
  9   -62.12115942983      -10.74       -6.44    5.0    12.2s
 10   -62.12115942983      -12.63       -7.49    3.6    9.43s
n     Energy            log10(ΔE)   log10(Δρ)   Diag   Δtime
---   ---------------   ---------   ---------   ----   ------
  1   -62.11147076292                   -1.13    8.6    17.6s
  2   -62.11677901367       -2.28       -1.21    2.6    7.68s
  3   -62.12108394666       -2.37       -2.01    3.4    8.84s
  4   -62.12115694186       -4.14       -2.76    3.0    8.45s
  5   -62.12115870918       -5.75       -3.28    3.7    9.52s
  6   -62.12115941562       -6.15       -4.06    3.3    9.08s
  7   -62.12115942918       -7.87       -4.53    4.2    10.5s
  8   -62.12115942982       -9.19       -5.94    3.6    9.33s
  9   -62.12115942983      -10.76       -6.45    5.1    12.3s
 10   -62.12115942983      -12.81       -7.49    3.5    9.30s
     3    -6.212116e+01     7.624172e-05
 * time: 692.340968132019
n     Energy            log10(ΔE)   log10(Δρ)   Diag   Δtime
---   ---------------   ---------   ---------   ----   ------
  1   -62.11145044019                   -1.13    8.4    16.7s
  2   -62.11672698053       -2.28       -1.20    2.6    7.71s
  3   -62.12108445615       -2.36       -2.01    3.6    9.19s
  4   -62.12115718252       -4.14       -2.81    2.7    8.00s
  5   -62.12115894900       -5.75       -3.31    3.8    9.66s
  6   -62.12115961584       -6.18       -4.10    3.2    8.91s
  7   -62.12115962876       -7.89       -4.52    3.9    10.1s
  8   -62.12115962949       -9.14       -5.83    3.3    9.05s
  9   -62.12115962951      -10.69       -6.66    4.7    11.1s
 10   -62.12115962951      -12.87       -7.39    3.5    9.40s
n     Energy            log10(ΔE)   log10(Δρ)   Diag   Δtime
---   ---------------   ---------   ---------   ----   ------
  1   -62.11145182002                   -1.13    8.4    16.9s
  2   -62.11675907542       -2.28       -1.21    2.7    7.39s
  3   -62.12108384248       -2.36       -2.01    3.5    8.93s
  4   -62.12115716091       -4.13       -2.78    2.7    7.92s
  5   -62.12115891343       -5.76       -3.28    3.7    9.53s
  6   -62.12115961458       -6.15       -4.05    3.3    9.10s
  7   -62.12115962871       -7.85       -4.49    4.0    10.0s
  8   -62.12115962948       -9.11       -5.85    3.4    8.94s
  9   -62.12115962951      -10.69       -6.27    4.7    11.5s
 10   -62.12115962951      -12.45       -7.51    3.2    8.90s
     4    -6.212116e+01     1.435629e-06
 * time: 921.4153020381927
n     Energy            log10(ΔE)   log10(Δρ)   Diag   Δtime
---   ---------------   ---------   ---------   ----   ------
  1   -62.11145261135                   -1.13    8.3    16.9s
  2   -62.11676229146       -2.27       -1.21    2.4    7.01s
  3   -62.12108401589       -2.36       -2.01    3.4    8.82s
  4   -62.12115718471       -4.14       -2.78    2.7    8.06s
  5   -62.12115891383       -5.76       -3.28    3.8    9.92s
  6   -62.12115961555       -6.15       -4.06    3.2    8.96s
  7   -62.12115962881       -7.88       -4.52    4.0    10.2s
  8   -62.12115962956       -9.12       -5.93    3.4    9.28s
  9   -62.12115962958      -10.74       -6.44    4.9    11.7s
 10   -62.12115962958      -12.64       -7.43    3.4    9.21s
n     Energy            log10(ΔE)   log10(Δρ)   Diag   Δtime
---   ---------------   ---------   ---------   ----   ------
  1   -62.11145242193                   -1.13    8.2    16.5s
  2   -62.11675092431       -2.28       -1.21    2.5    7.22s
  3   -62.12108383056       -2.36       -2.01    3.5    8.98s
  4   -62.12115718589       -4.13       -2.79    2.8    8.12s
  5   -62.12115892435       -5.76       -3.29    3.7    9.74s
  6   -62.12115961576       -6.16       -4.06    3.5    9.38s
  7   -62.12115962878       -7.89       -4.47    4.0    10.1s
  8   -62.12115962956       -9.11       -5.94    3.3    8.94s
  9   -62.12115962958      -10.76       -6.39    5.1    12.1s
 10   -62.12115962958      -12.79       -7.50    3.4    8.75s
     5    -6.212116e+01     9.838846e-09
 * time: 1156.3006930351257
 * Status: success

 * Candidate solution
    Final objective value:     -6.212116e+01

 * Found with
    Algorithm:     L-BFGS

 * Convergence measures
    |x - x'|               = 9.87e-05 ≰ -1.0e+00
    |x - x'|/|x'|          = 8.94e-06 ≰ 0.0e+00
    |f(x) - f(x')|         = 7.22e-11 ≤ 1.0e-08
    |f(x) - f(x')|/|f(x')| = 1.16e-12 ≰ 0.0e+00
    |g(x)|                 = 9.84e-09 ≤ 1.0e-06

 * Work counters
    Seconds run:   1156  (vs limit Inf)
    Iterations:    5
    f(x) calls:    6
    ∇f(x) calls:   6

NaCl: 1275.900413 seconds (1.41 G allocations: 399.757 GiB, 5.17% gc time, 0.23% compilation time)
┌ Info: 2025-05-13T19:45:19.750
│   name = "Al"
│   Ecut = 20.0
│   kgrid = MonkhorstPack([18, 18, 18])
│   p0 = ComponentVector{Float64}(a = 7.641925528121933)
│   temperature = 0.001
└   smearing = DFTK.Smearing.Gaussian()
n     Energy            log10(ΔE)   log10(Δρ)   Diag   Δtime
---   ---------------   ---------   ---------   ----   ------
  1   -2.313368763018                   -1.44    5.4    2.02s
  2   -2.313482069428       -3.95       -1.83    1.5    800ms
  3   -2.313509756299       -4.56       -3.51    3.4    1.59s
  4   -2.313509962797       -6.69       -4.07    4.6    1.62s
  5   -2.313509963063       -9.58       -4.55    2.5    1.29s
  6   -2.313509963096      -10.48       -5.08    2.5    1.02s
  7   -2.313509963105      -11.06       -6.04    2.8    1.37s
  8   -2.313509963105      -12.97       -6.54    3.1    1.17s
  9   -2.313509963105      -14.45       -7.12    2.5    1.04s
Iter     Function value   Gradient norm 
     0    -2.313510e+00     2.434602e-03
 * time: 2.6941299438476562e-5
n     Energy            log10(ΔE)   log10(Δρ)   Diag   Δtime
---   ---------------   ---------   ---------   ----   ------
  1   -2.313377886344                   -1.44    5.4    1.72s
  2   -2.313487740468       -3.96       -1.83    1.3    1.01s
  3   -2.313515529592       -4.56       -3.51    3.5    1.32s
  4   -2.313515770546       -6.62       -4.06    4.4    1.82s
  5   -2.313515770808       -9.58       -4.56    2.4    1.01s
  6   -2.313515770839      -10.51       -5.08    2.5    1.24s
  7   -2.313515770848      -11.06       -6.01    2.9    1.12s
  8   -2.313515770848      -12.97       -6.54    3.0    1.42s
  9   -2.313515770848      -14.75       -7.14    2.5    1.01s
n     Energy            log10(ΔE)   log10(Δρ)   Diag   Δtime
---   ---------------   ---------   ---------   ----   ------
  1   -2.313380121002                   -1.44    5.4    1.95s
  2   -2.313488385669       -3.97       -1.83    1.4    1.02s
  3   -2.313515533116       -4.57       -3.50    3.4    1.27s
  4   -2.313515770532       -6.62       -4.05    4.5    1.83s
  5   -2.313515770808       -9.56       -4.55    2.4    984ms
  6   -2.313515770839      -10.50       -5.08    2.6    1.28s
  7   -2.313515770848      -11.07       -5.99    2.9    1.10s
  8   -2.313515770848      -12.97       -6.58    3.0    1.16s
  9   -2.313515770848      -14.75       -7.13    2.5    1.25s
     1    -2.313516e+00     2.336409e-03
 * time: 51.76329302787781
n     Energy            log10(ΔE)   log10(Δρ)   Diag   Δtime
---   ---------------   ---------   ---------   ----   ------
  1   -2.313453027483                   -1.44    5.4    1.97s
  2   -2.313555420226       -3.99       -1.83    1.4    748ms
  3   -2.313580851966       -4.59       -3.52    3.3    1.52s
  4   -2.313581094671       -6.61       -4.24    4.5    1.59s
  5   -2.313581094790       -9.92       -4.78    2.7    1.33s
  6   -2.313581094807      -10.78       -5.34    2.4    1.00s
  7   -2.313581094809      -11.60       -6.18    3.2    1.44s
  8   -2.313581094809      -13.35       -6.87    3.1    1.20s
  9   -2.313581094809      -14.65       -8.11    3.1    1.44s
n     Energy            log10(ΔE)   log10(Δρ)   Diag   Δtime
---   ---------------   ---------   ---------   ----   ------
  1   -2.313453441857                   -1.44    5.4    1.91s
  2   -2.313554831537       -3.99       -1.83    1.4    764ms
  3   -2.313580829497       -4.59       -3.51    3.4    1.55s
  4   -2.313581094668       -6.58       -4.23    4.5    1.53s
  5   -2.313581094790       -9.91       -4.79    2.6    1.32s
  6   -2.313581094807      -10.77       -5.35    2.5    992ms
  7   -2.313581094809      -11.61       -6.17    3.2    1.41s
  8   -2.313581094809      -13.32       -6.85    3.1    1.15s
  9   -2.313581094809      -14.75       -8.16    3.1    1.42s
     2    -2.313581e+00     1.608678e-04
 * time: 103.98428511619568
n     Energy            log10(ΔE)   log10(Δρ)   Diag   Δtime
---   ---------------   ---------   ---------   ----   ------
  1   -2.313458852024                   -1.44    5.5    1.97s
  2   -2.313555348656       -4.02       -1.83    1.4    769ms
  3   -2.313581148827       -4.59       -3.48    3.3    1.53s
  4   -2.313581361484       -6.67       -4.20    4.5    1.57s
  5   -2.313581361639       -9.81       -4.76    2.7    1.35s
  6   -2.313581361656      -10.77       -5.31    2.5    1.02s
  7   -2.313581361659      -11.51       -6.20    3.1    1.44s
  8   -2.313581361659      -13.31       -6.86    3.2    1.22s
  9   -2.313581361659      -14.75       -7.96    3.1    1.18s
n     Energy            log10(ΔE)   log10(Δρ)   Diag   Δtime
---   ---------------   ---------   ---------   ----   ------
  1   -2.313462018927                   -1.44    5.5    1.96s
  2   -2.313556215472       -4.03       -1.83    1.4    751ms
  3   -2.313581163947       -4.60       -3.50    3.3    1.56s
  4   -2.313581361499       -6.70       -4.22    4.5    1.57s
  5   -2.313581361639       -9.86       -4.75    2.8    1.40s
  6   -2.313581361656      -10.76       -5.31    2.5    972ms
  7   -2.313581361659      -11.51       -6.23    3.2    1.41s
  8   -2.313581361659      -13.34       -6.94    3.2    1.19s
  9   -2.313581361659   +    -Inf       -7.95    2.9    1.48s
     3    -2.313581e+00     1.736957e-05
 * time: 156.83922410011292
n     Energy            log10(ΔE)   log10(Δρ)   Diag   Δtime
---   ---------------   ---------   ---------   ----   ------
  1   -2.313457392777                   -1.44    5.4    1.93s
  2   -2.313555821689       -4.01       -1.83    1.4    745ms
  3   -2.313581120495       -4.60       -3.50    3.3    1.50s
  4   -2.313581364694       -6.61       -4.22    4.4    1.55s
  5   -2.313581364819       -9.91       -4.74    2.6    1.31s
  6   -2.313581364838      -10.71       -5.30    2.5    1.02s
  7   -2.313581364841      -11.50       -6.18    3.1    1.45s
  8   -2.313581364841      -13.28       -6.86    3.2    1.21s
  9   -2.313581364841      -14.88       -8.04    3.1    1.41s
n     Energy            log10(ΔE)   log10(Δρ)   Diag   Δtime
---   ---------------   ---------   ---------   ----   ------
  1   -2.313457233883                   -1.44    5.4    1.90s
  2   -2.313555131025       -4.01       -1.83    1.4    748ms
  3   -2.313581122475       -4.59       -3.48    3.3    1.48s
  4   -2.313581364677       -6.62       -4.20    4.6    1.58s
  5   -2.313581364824       -9.84       -4.78    2.7    1.32s
  6   -2.313581364838      -10.83       -5.32    2.7    1.04s
  7   -2.313581364841      -11.54       -6.18    3.0    1.41s
  8   -2.313581364841      -13.29       -6.82    3.2    1.19s
  9   -2.313581364841      -14.51       -7.98    3.0    1.41s
     4    -2.313581e+00     1.264075e-07
 * time: 209.00802206993103
 * Status: success

 * Candidate solution
    Final objective value:     -2.313581e+00

 * Found with
    Algorithm:     L-BFGS

 * Convergence measures
    |x - x'|               = 3.64e-04 ≰ -1.0e+00
    |x - x'|/|x'|          = 4.79e-05 ≰ 0.0e+00
    |f(x) - f(x')|         = 3.18e-09 ≤ 1.0e-08
    |f(x) - f(x')|/|f(x')| = 1.38e-09 ≰ 0.0e+00
    |g(x)|                 = 1.26e-07 ≤ 1.0e-06

 * Work counters
    Seconds run:   209  (vs limit Inf)
    Iterations:    4
    f(x) calls:    5
    ∇f(x) calls:   5

Al: 240.282062 seconds (203.44 M allocations: 48.577 GiB, 6.33% gc time, 0.00% compilation time)
┌ Info: 2025-05-13T19:49:20.063
│   name = "V"
│   Ecut = 42.0
│   kgrid = MonkhorstPack([20, 20, 20])
│   p0 = ComponentVector{Float64}(a = 5.699267600684394)
│   temperature = 0.001
└   smearing = DFTK.Smearing.Gaussian()
┌ Warning: Negative ρcore detected: -3.4151886922104144e-8
└ @ DFTK ~/.julia/packages/DFTK/n2IL4/src/terms/xc.jl:39
n     Energy            log10(ΔE)   log10(Δρ)   Diag   Δtime
---   ---------------   ---------   ---------   ----   ------
  1   -73.67287430006                   -0.85    9.6    8.90s
  2   -73.68652683100       -1.86       -1.06    5.5    5.23s
  3   -73.69329401195       -2.17       -1.39    6.9    6.80s
  4   -73.69450854278       -2.92       -1.78    5.8    5.51s
  5   -73.69464421837       -3.87       -2.15    4.9    5.02s
  6   -73.69467366010       -4.53       -3.06    5.5    5.51s
  7   -73.69467368670       -7.58       -3.55    4.4    4.81s
  8   -73.69467369241       -8.24       -4.08    5.3    5.39s
  9   -73.69467369260       -9.73       -4.57    3.9    4.47s
 10   -73.69467369305       -9.35       -5.32    5.4    5.41s
 11   -73.69467369305      -11.91       -5.93    5.0    5.26s
 12   -73.69467369305      -13.85       -6.54    5.4    5.45s
 13   -73.69467369305      -12.85       -7.28    5.5    5.44s
┌ Warning: Negative ρcore detected: Dual{ForwardDiff.Tag{var"#19#21"{@NamedTuple{ham::Hamiltonian, basis::PlaneWaveBasis{Float64, Float64, DFTK.CPU, FFTGrid{Float64, Float64, Array{StaticArraysCore.SVector{3, Int64}, 3}, Array{StaticArraysCore.SVector{3, Float64}, 3}}, Vector{StaticArraysCore.SVector{3, Int64}}}, energies::Energies{Float64}, converged::Bool, occupation_threshold::Float64, ρ::Array{Float64, 4}, τ::Nothing, α::Float64, eigenvalues::Vector{Vector{Float64}}, occupation::Vector{Vector{Float64}}, εF::Float64, n_bands_converge::Int64, n_iter::Int64, n_matvec::Int64, ψ::Vector{Matrix{ComplexF64}}, diagonalization::Vector{@NamedTuple{λ::Vector{Vector{Float64}}, X::Vector{Matrix{ComplexF64}}, residual_norms::Vector{Vector{Float64}}, n_iter::Vector{Int64}, converged::Bool, n_matvec::Int64}}, stage::Symbol, history_Δρ::Vector{Float64}, history_Etot::Vector{Float64}, timedout::Bool, runtime_ns::UInt64, algorithm::String}, Model{Float64, Float64}, Float64, MonkhorstPack, var"#case#4"{Matrix{Float64}, Float64, MonkhorstPack, Vector{StaticArraysCore.SVector{3, Float64}}, Vector{ElementPsp{PspUpf{Float64, Interpolations.Extrapolation{Float64, 1, Interpolations.GriddedInterpolation{Float64, 1, Vector{Float64}, Interpolations.Gridded{Interpolations.Linear{Interpolations.Throw{Interpolations.OnGrid}}}, Tuple{Vector{Float64}}}, Interpolations.Gridded{Interpolations.Linear{Interpolations.Throw{Interpolations.OnGrid}}}, Interpolations.Throw{Nothing}}}}}, Float64, Float64, String}}, Float64}}(-3.4151886922104144e-8,-1.2413273474001241e-8)
└ @ DFTK ~/.julia/packages/DFTK/n2IL4/src/terms/xc.jl:39
Iter     Function value   Gradient norm 
     0    -7.369467e+01     8.077413e-03
 * time: 2.7179718017578125e-5
┌ Warning: Negative ρcore detected: -3.3912446986187374e-8
└ @ DFTK ~/.julia/packages/DFTK/n2IL4/src/terms/xc.jl:39
n     Energy            log10(ΔE)   log10(Δρ)   Diag   Δtime
---   ---------------   ---------   ---------   ----   ------
  1   -73.67310728622                   -0.85    9.9    8.97s
  2   -73.68664772148       -1.87       -1.06    5.5    5.62s
  3   -73.69336899399       -2.17       -1.39    7.1    6.72s
  4   -73.69456940202       -2.92       -1.78    5.9    5.52s
  5   -73.69470677668       -3.86       -2.17    5.1    5.11s
  6   -73.69473398894       -4.57       -3.07    5.6    5.63s
  7   -73.69473402406       -7.45       -3.55    4.4    5.00s
  8   -73.69473403086       -8.17       -4.14    5.5    5.51s
  9   -73.69473403116       -9.52       -4.54    3.9    4.62s
 10   -73.69473403166       -9.30       -5.29    5.5    5.66s
 11   -73.69473403166      -12.62       -5.96    5.4    5.77s
 12   -73.69473403166      -11.67       -6.62    5.7    5.80s
 13   -73.69473403166   +  -13.07       -7.27    5.1    5.23s
┌ Warning: Negative ρcore detected: -3.3912446986187374e-8
└ @ DFTK ~/.julia/packages/DFTK/n2IL4/src/terms/xc.jl:39
n     Energy            log10(ΔE)   log10(Δρ)   Diag   Δtime
---   ---------------   ---------   ---------   ----   ------
  1   -73.67311612844                   -0.85    9.9    9.12s
  2   -73.68664312498       -1.87       -1.06    5.6    5.41s
  3   -73.69337124552       -2.17       -1.39    7.0    6.80s
  4   -73.69456819769       -2.92       -1.78    6.0    5.65s
  5   -73.69470699772       -3.86       -2.17    5.1    5.18s
  6   -73.69473399069       -4.57       -3.07    5.6    5.61s
  7   -73.69473402438       -7.47       -3.54    4.4    4.89s
  8   -73.69473403102       -8.18       -4.13    5.4    5.27s
  9   -73.69473403123       -9.68       -4.56    3.9    4.58s
 10   -73.69473403166       -9.37       -5.23    5.4    5.52s
 11   -73.69473403166      -11.92       -6.01    5.4    5.63s
 12   -73.69473403166      -11.77       -6.60    5.7    5.79s
 13   -73.69473403166   +  -13.07       -7.21    5.3    5.34s
┌ Warning: Negative ρcore detected: Dual{ForwardDiff.Tag{var"#19#21"{@NamedTuple{ham::Hamiltonian, basis::PlaneWaveBasis{Float64, Float64, DFTK.CPU, FFTGrid{Float64, Float64, Array{StaticArraysCore.SVector{3, Int64}, 3}, Array{StaticArraysCore.SVector{3, Float64}, 3}}, Vector{StaticArraysCore.SVector{3, Int64}}}, energies::Energies{Float64}, converged::Bool, occupation_threshold::Float64, ρ::Array{Float64, 4}, τ::Nothing, α::Float64, eigenvalues::Vector{Vector{Float64}}, occupation::Vector{Vector{Float64}}, εF::Float64, n_bands_converge::Int64, n_iter::Int64, n_matvec::Int64, ψ::Vector{Matrix{ComplexF64}}, diagonalization::Vector{@NamedTuple{λ::Vector{Vector{Float64}}, X::Vector{Matrix{ComplexF64}}, residual_norms::Vector{Vector{Float64}}, n_iter::Vector{Int64}, converged::Bool, n_matvec::Int64}}, stage::Symbol, history_Δρ::Vector{Float64}, history_Etot::Vector{Float64}, timedout::Bool, runtime_ns::UInt64, algorithm::String}, Model{Float64, Float64}, Float64, MonkhorstPack, var"#case#4"{Matrix{Float64}, Float64, MonkhorstPack, Vector{StaticArraysCore.SVector{3, Float64}}, Vector{ElementPsp{PspUpf{Float64, Interpolations.Extrapolation{Float64, 1, Interpolations.GriddedInterpolation{Float64, 1, Vector{Float64}, Interpolations.Gridded{Interpolations.Linear{Interpolations.Throw{Interpolations.OnGrid}}}, Tuple{Vector{Float64}}}, Interpolations.Gridded{Interpolations.Linear{Interpolations.Throw{Interpolations.OnGrid}}}, Interpolations.Throw{Nothing}}}}}, Float64, Float64, String}}, Float64}}(-3.3912446986187374e-8,-4.7209381643031813e-8)
└ @ DFTK ~/.julia/packages/DFTK/n2IL4/src/terms/xc.jl:39
     1    -7.369473e+01     6.859558e-03
 * time: 208.77195000648499
┌ Warning: Negative ρcore detected: -3.131381458107385e-8
└ @ DFTK ~/.julia/packages/DFTK/n2IL4/src/terms/xc.jl:39
n     Energy            log10(ΔE)   log10(Δρ)   Diag   Δtime
---   ---------------   ---------   ---------   ----   ------
  1   -73.67455186462                   -0.85    9.7    8.70s
  2   -73.68688309348       -1.91       -1.06    5.4    5.58s
  3   -73.69359695638       -2.17       -1.40    6.9    6.88s
  4   -73.69470794233       -2.95       -1.77    5.7    5.33s
  5   -73.69486908096       -3.79       -2.26    5.1    5.17s
  6   -73.69488701136       -4.75       -3.07    5.5    5.58s
  7   -73.69488703155       -7.69       -3.52    4.3    4.63s
  8   -73.69488703482       -8.49       -4.13    4.4    4.79s
  9   -73.69488703455   +   -9.56       -4.49    5.0    5.33s
 10   -73.69488703498       -9.37       -4.76    5.2    5.07s
 11   -73.69488703500      -10.58       -5.59    4.6    4.81s
 12   -73.69488703501      -11.26       -6.26    4.7    5.20s
 13   -73.69488703501      -12.43       -6.61    4.8    5.17s
 14   -73.69488703501      -12.16       -6.95    5.4    5.35s
 15   -73.69488703501      -12.94       -8.07    5.1    5.04s
┌ Warning: Negative ρcore detected: -3.131381458107385e-8
└ @ DFTK ~/.julia/packages/DFTK/n2IL4/src/terms/xc.jl:39
n     Energy            log10(ΔE)   log10(Δρ)   Diag   Δtime
---   ---------------   ---------   ---------   ----   ------
  1   -73.67455657567                   -0.85    9.8    8.97s
  2   -73.68688022114       -1.91       -1.06    5.4    5.14s
  3   -73.69359736095       -2.17       -1.40    6.8    6.57s
  4   -73.69470805106       -2.95       -1.77    5.9    5.41s
  5   -73.69486858786       -3.79       -2.25    5.1    5.08s
  6   -73.69488701076       -4.73       -3.07    5.5    5.56s
  7   -73.69488703148       -7.68       -3.50    4.3    4.66s
  8   -73.69488703474       -8.49       -4.09    4.2    4.66s
  9   -73.69488703459   +   -9.81       -4.50    4.8    5.18s
 10   -73.69488703497       -9.42       -4.74    5.2    5.22s
 11   -73.69488703500      -10.52       -5.58    4.6    4.79s
 12   -73.69488703501      -11.25       -6.24    4.8    5.19s
 13   -73.69488703501      -12.50       -6.58    4.9    5.18s
 14   -73.69488703501      -12.11       -6.94    5.5    5.30s
 15   -73.69488703501      -13.15       -8.06    5.1    4.95s
┌ Warning: Negative ρcore detected: Dual{ForwardDiff.Tag{var"#19#21"{@NamedTuple{ham::Hamiltonian, basis::PlaneWaveBasis{Float64, Float64, DFTK.CPU, FFTGrid{Float64, Float64, Array{StaticArraysCore.SVector{3, Int64}, 3}, Array{StaticArraysCore.SVector{3, Float64}, 3}}, Vector{StaticArraysCore.SVector{3, Int64}}}, energies::Energies{Float64}, converged::Bool, occupation_threshold::Float64, ρ::Array{Float64, 4}, τ::Nothing, α::Float64, eigenvalues::Vector{Vector{Float64}}, occupation::Vector{Vector{Float64}}, εF::Float64, n_bands_converge::Int64, n_iter::Int64, n_matvec::Int64, ψ::Vector{Matrix{ComplexF64}}, diagonalization::Vector{@NamedTuple{λ::Vector{Vector{Float64}}, X::Vector{Matrix{ComplexF64}}, residual_norms::Vector{Vector{Float64}}, n_iter::Vector{Int64}, converged::Bool, n_matvec::Int64}}, stage::Symbol, history_Δρ::Vector{Float64}, history_Etot::Vector{Float64}, timedout::Bool, runtime_ns::UInt64, algorithm::String}, Model{Float64, Float64}, Float64, MonkhorstPack, var"#case#4"{Matrix{Float64}, Float64, MonkhorstPack, Vector{StaticArraysCore.SVector{3, Float64}}, Vector{ElementPsp{PspUpf{Float64, Interpolations.Extrapolation{Float64, 1, Interpolations.GriddedInterpolation{Float64, 1, Vector{Float64}, Interpolations.Gridded{Interpolations.Linear{Interpolations.Throw{Interpolations.OnGrid}}}, Tuple{Vector{Float64}}}, Interpolations.Gridded{Interpolations.Linear{Interpolations.Throw{Interpolations.OnGrid}}}, Interpolations.Throw{Nothing}}}}}, Float64, Float64, String}}, Float64}}(-3.131381458107385e-8,-3.371785033482577e-8)
└ @ DFTK ~/.julia/packages/DFTK/n2IL4/src/terms/xc.jl:39
     2    -7.369489e+01     1.953679e-04
 * time: 430.4050099849701
┌ Warning: Negative ρcore detected: -3.135287160646888e-8
└ @ DFTK ~/.julia/packages/DFTK/n2IL4/src/terms/xc.jl:39
n     Energy            log10(ΔE)   log10(Δρ)   Diag   Δtime
---   ---------------   ---------   ---------   ----   ------
  1   -73.67451466616                   -0.85    9.8    8.76s
  2   -73.68688453391       -1.91       -1.06    5.3    5.19s
  3   -73.69359287685       -2.17       -1.40    6.9    6.64s
  4   -73.69470970566       -2.95       -1.77    5.8    5.40s
  5   -73.69486944787       -3.80       -2.26    5.1    5.11s
  6   -73.69488712907       -4.75       -3.07    5.4    5.54s
  7   -73.69488714963       -7.69       -3.51    4.2    4.68s
  8   -73.69488715290       -8.49       -4.10    4.4    4.85s
  9   -73.69488715265   +   -9.60       -4.48    4.9    5.27s
 10   -73.69488715309       -9.36       -4.74    5.1    5.20s
 11   -73.69488715311      -10.57       -5.58    4.6    4.95s
 12   -73.69488715312      -11.20       -6.23    4.8    5.21s
 13   -73.69488715312      -12.26       -6.59    5.0    5.24s
 14   -73.69488715312      -12.13       -6.96    5.4    5.31s
 15   -73.69488715312      -12.53       -8.09    5.1    5.11s
┌ Warning: Negative ρcore detected: -3.135287160646888e-8
└ @ DFTK ~/.julia/packages/DFTK/n2IL4/src/terms/xc.jl:39
n     Energy            log10(ΔE)   log10(Δρ)   Diag   Δtime
---   ---------------   ---------   ---------   ----   ------
  1   -73.67452175431                   -0.85    9.7    8.83s
  2   -73.68688413860       -1.91       -1.06    5.3    5.14s
  3   -73.69359303621       -2.17       -1.40    6.9    6.74s
  4   -73.69470985399       -2.95       -1.77    5.8    5.40s
  5   -73.69486970708       -3.80       -2.26    5.1    5.17s
  6   -73.69488712942       -4.76       -3.07    5.4    5.61s
  7   -73.69488714966       -7.69       -3.51    4.2    4.66s
  8   -73.69488715291       -8.49       -4.11    4.4    4.80s
  9   -73.69488715264   +   -9.57       -4.49    4.9    5.26s
 10   -73.69488715309       -9.35       -4.75    5.2    5.00s
 11   -73.69488715311      -10.57       -5.58    4.6    4.80s
 12   -73.69488715312      -11.23       -6.24    4.8    5.14s
 13   -73.69488715312      -12.36       -6.57    5.0    5.24s
 14   -73.69488715312      -12.12       -6.95    5.4    5.27s
 15   -73.69488715312      -12.53       -8.06    5.1    5.15s
┌ Warning: Negative ρcore detected: Dual{ForwardDiff.Tag{var"#19#21"{@NamedTuple{ham::Hamiltonian, basis::PlaneWaveBasis{Float64, Float64, DFTK.CPU, FFTGrid{Float64, Float64, Array{StaticArraysCore.SVector{3, Int64}, 3}, Array{StaticArraysCore.SVector{3, Float64}, 3}}, Vector{StaticArraysCore.SVector{3, Int64}}}, energies::Energies{Float64}, converged::Bool, occupation_threshold::Float64, ρ::Array{Float64, 4}, τ::Nothing, α::Float64, eigenvalues::Vector{Vector{Float64}}, occupation::Vector{Vector{Float64}}, εF::Float64, n_bands_converge::Int64, n_iter::Int64, n_matvec::Int64, ψ::Vector{Matrix{ComplexF64}}, diagonalization::Vector{@NamedTuple{λ::Vector{Vector{Float64}}, X::Vector{Matrix{ComplexF64}}, residual_norms::Vector{Vector{Float64}}, n_iter::Vector{Int64}, converged::Bool, n_matvec::Int64}}, stage::Symbol, history_Δρ::Vector{Float64}, history_Etot::Vector{Float64}, timedout::Bool, runtime_ns::UInt64, algorithm::String}, Model{Float64, Float64}, Float64, MonkhorstPack, var"#case#4"{Matrix{Float64}, Float64, MonkhorstPack, Vector{StaticArraysCore.SVector{3, Float64}}, Vector{ElementPsp{PspUpf{Float64, Interpolations.Extrapolation{Float64, 1, Interpolations.GriddedInterpolation{Float64, 1, Vector{Float64}, Interpolations.Gridded{Interpolations.Linear{Interpolations.Throw{Interpolations.OnGrid}}}, Tuple{Vector{Float64}}}, Interpolations.Gridded{Interpolations.Linear{Interpolations.Throw{Interpolations.OnGrid}}}, Interpolations.Throw{Nothing}}}}}, Float64, Float64, String}}, Float64}}(-3.135287160646888e-8,-2.8291493520839292e-8)
└ @ DFTK ~/.julia/packages/DFTK/n2IL4/src/terms/xc.jl:39
     3    -7.369489e+01     5.528952e-06
 * time: 653.5678040981293
┌ Warning: Negative ρcore detected: -3.135188831906641e-8
└ @ DFTK ~/.julia/packages/DFTK/n2IL4/src/terms/xc.jl:39
n     Energy            log10(ΔE)   log10(Δρ)   Diag   Δtime
---   ---------------   ---------   ---------   ----   ------
  1   -73.67451805106                   -0.85    9.8    8.72s
  2   -73.68686848903       -1.91       -1.06    5.4    5.30s
  3   -73.69359751600       -2.17       -1.40    6.9    6.83s
  4   -73.69470883034       -2.95       -1.77    5.8    5.51s
  5   -73.69486918083       -3.79       -2.25    5.0    5.24s
  6   -73.69488712958       -4.75       -3.07    5.5    5.69s
  7   -73.69488714991       -7.69       -3.51    4.3    4.80s
  8   -73.69488715303       -8.51       -4.12    4.3    4.79s
  9   -73.69488715282   +   -9.67       -4.51    4.8    5.31s
 10   -73.69488715322       -9.39       -4.76    5.2    5.11s
 11   -73.69488715325      -10.51       -5.59    4.7    4.84s
 12   -73.69488715326      -11.19       -6.24    4.9    5.26s
 13   -73.69488715326      -12.55       -6.57    4.9    5.21s
 14   -73.69488715326      -12.11       -6.95    5.4    5.24s
 15   -73.69488715326      -12.70       -8.09    5.1    5.25s
┌ Warning: Negative ρcore detected: -3.135188831906641e-8
└ @ DFTK ~/.julia/packages/DFTK/n2IL4/src/terms/xc.jl:39
n     Energy            log10(ΔE)   log10(Δρ)   Diag   Δtime
---   ---------------   ---------   ---------   ----   ------
  1   -73.67452118239                   -0.85    9.9    8.98s
  2   -73.68688521934       -1.91       -1.06    5.5    5.19s
  3   -73.69359390251       -2.17       -1.40    6.9    6.60s
  4   -73.69470916468       -2.95       -1.77    5.8    5.49s
  5   -73.69486937849       -3.80       -2.26    5.1    5.18s
  6   -73.69488712964       -4.75       -3.07    5.6    5.70s
  7   -73.69488714973       -7.70       -3.51    4.2    4.72s
  8   -73.69488715305       -8.48       -4.11    4.4    4.87s
  9   -73.69488715279   +   -9.58       -4.50    4.9    5.58s
 10   -73.69488715323       -9.36       -4.75    5.2    5.35s
 11   -73.69488715325      -10.59       -5.58    4.6    4.89s
 12   -73.69488715326      -11.21       -6.24    4.7    5.21s
 13   -73.69488715326      -12.34       -6.59    5.0    5.24s
 14   -73.69488715326      -12.18       -6.94    5.4    5.34s
 15   -73.69488715326      -12.62       -8.00    5.1    4.99s
┌ Warning: Negative ρcore detected: Dual{ForwardDiff.Tag{var"#19#21"{@NamedTuple{ham::Hamiltonian, basis::PlaneWaveBasis{Float64, Float64, DFTK.CPU, FFTGrid{Float64, Float64, Array{StaticArraysCore.SVector{3, Int64}, 3}, Array{StaticArraysCore.SVector{3, Float64}, 3}}, Vector{StaticArraysCore.SVector{3, Int64}}}, energies::Energies{Float64}, converged::Bool, occupation_threshold::Float64, ρ::Array{Float64, 4}, τ::Nothing, α::Float64, eigenvalues::Vector{Vector{Float64}}, occupation::Vector{Vector{Float64}}, εF::Float64, n_bands_converge::Int64, n_iter::Int64, n_matvec::Int64, ψ::Vector{Matrix{ComplexF64}}, diagonalization::Vector{@NamedTuple{λ::Vector{Vector{Float64}}, X::Vector{Matrix{ComplexF64}}, residual_norms::Vector{Vector{Float64}}, n_iter::Vector{Int64}, converged::Bool, n_matvec::Int64}}, stage::Symbol, history_Δρ::Vector{Float64}, history_Etot::Vector{Float64}, timedout::Bool, runtime_ns::UInt64, algorithm::String}, Model{Float64, Float64}, Float64, MonkhorstPack, var"#case#4"{Matrix{Float64}, Float64, MonkhorstPack, Vector{StaticArraysCore.SVector{3, Float64}}, Vector{ElementPsp{PspUpf{Float64, Interpolations.Extrapolation{Float64, 1, Interpolations.GriddedInterpolation{Float64, 1, Vector{Float64}, Interpolations.Gridded{Interpolations.Linear{Interpolations.Throw{Interpolations.OnGrid}}}, Tuple{Vector{Float64}}}, Interpolations.Gridded{Interpolations.Linear{Interpolations.Throw{Interpolations.OnGrid}}}, Interpolations.Throw{Nothing}}}}}, Float64, Float64, String}}, Float64}}(-3.135188831906641e-8,-2.8440137362500693e-8)
└ @ DFTK ~/.julia/packages/DFTK/n2IL4/src/terms/xc.jl:39
     4    -7.369489e+01     5.346166e-09
 * time: 878.3147120475769
 * Status: success

 * Candidate solution
    Final objective value:     -7.369489e+01

 * Found with
    Algorithm:     L-BFGS

 * Convergence measures
    |x - x'|               = 3.47e-05 ≰ -1.0e+00
    |x - x'|/|x'|          = 6.14e-06 ≰ 0.0e+00
    |f(x) - f(x')|         = 1.40e-10 ≤ 1.0e-08
    |f(x) - f(x')|/|f(x')| = 1.90e-12 ≰ 0.0e+00
    |g(x)|                 = 5.35e-09 ≤ 1.0e-06

 * Work counters
    Seconds run:   878  (vs limit Inf)
    Iterations:    4
    f(x) calls:    5
    ∇f(x) calls:   5

V: 991.851485 seconds (733.59 M allocations: 348.748 GiB, 5.80% gc time, 0.01% compilation time)
