┌ Info: Threading setup: 
│   Threads.nthreads() = 1
│   n_DFTK = 1
│   n_fft = 1
└   n_blas = 1
┌ Info: 2025-05-13T14:43:00.747
│   name = "Si"
│   Ecut = 18.0
│   kgrid = MonkhorstPack([14, 14, 14])
│   p0 = ComponentVector{Float64}(a = 10.347246312603742)
│   temperature = 0.001
└   smearing = DFTK.Smearing.Gaussian()
n     Energy            log10(ΔE)   log10(Δρ)   Diag   Δtime
---   ---------------   ---------   ---------   ----   ------
  1   -8.434345113776                   -0.97    7.0    10.4s
  2   -8.436083224838       -2.76       -1.77    2.0    4.49s
  3   -8.436160251819       -4.11       -2.79    3.8    1.86s
  4   -8.436162158045       -5.72       -3.62    4.6    1.70s
  5   -8.436162222225       -7.19       -4.41    4.6    1.90s
  6   -8.436162224785       -8.59       -5.32    5.0    1.99s
  7   -8.436162224808      -10.65       -6.17    4.3    1.60s
  8   -8.436162224808      -12.62       -7.12    3.7    1.72s
Iter     Function value   Gradient norm 
     0    -8.436162e+00     3.974532e-03
 * time: 0.00013184547424316406
n     Energy            log10(ΔE)   log10(Δρ)   Diag   Δtime
---   ---------------   ---------   ---------   ----   ------
  1   -8.434327760734                   -0.96    7.3    3.42s
  2   -8.436091054704       -2.75       -1.78    2.0    1.67s
  3   -8.436175647205       -4.07       -2.79    4.0    1.95s
  4   -8.436177417000       -5.75       -3.63    4.6    2.43s
  5   -8.436177478840       -7.21       -4.37    4.8    2.26s
  6   -8.436177481646       -8.55       -5.31    4.9    2.73s
  7   -8.436177481674      -10.55       -6.21    4.4    2.11s
  8   -8.436177481675      -12.73       -7.19    3.9    2.30s
n     Energy            log10(ΔE)   log10(Δρ)   Diag   Δtime
---   ---------------   ---------   ---------   ----   ------
  1   -8.434323104364                   -0.96    7.2    3.21s
  2   -8.436090485748       -2.75       -1.78    2.0    1.58s
  3   -8.436175721760       -4.07       -2.79    4.0    1.85s
  4   -8.436177415786       -5.77       -3.64    4.7    2.30s
  5   -8.436177478741       -7.20       -4.34    4.7    1.90s
  6   -8.436177481638       -8.54       -5.25    5.0    2.18s
  7   -8.436177481674      -10.44       -6.13    4.1    1.86s
  8   -8.436177481675      -12.62       -7.18    3.7    1.96s
     1    -8.436177e+00     3.702606e-03
 * time: 51.36969184875488
n     Energy            log10(ΔE)   log10(Δρ)   Diag   Δtime
---   ---------------   ---------   ---------   ----   ------
  1   -8.434350268495                   -0.96    7.0    3.28s
  2   -8.436188838885       -2.74       -1.77    1.7    1.08s
  3   -8.436273977122       -4.07       -2.79    3.8    2.19s
  4   -8.436275644698       -5.78       -3.61    4.7    2.11s
  5   -8.436275712913       -7.17       -4.39    4.7    2.13s
  6   -8.436275715410       -8.60       -5.26    5.1    2.09s
  7   -8.436275715426      -10.80       -6.21    3.7    2.15s
  8   -8.436275715426      -12.71       -7.11    3.6    1.95s
n     Energy            log10(ΔE)   log10(Δρ)   Diag   Δtime
---   ---------------   ---------   ---------   ----   ------
  1   -8.434360732559                   -0.96    7.1    2.94s
  2   -8.436192602207       -2.74       -1.77    1.9    1.30s
  3   -8.436273933011       -4.09       -2.79    3.9    2.30s
  4   -8.436275647026       -5.77       -3.61    4.7    2.20s
  5   -8.436275713046       -7.18       -4.43    4.8    2.20s
  6   -8.436275715413       -8.63       -5.33    5.0    2.58s
  7   -8.436275715426      -10.89       -6.31    3.7    2.59s
  8   -8.436275715426      -12.91       -7.17    3.8    2.29s
     2    -8.436276e+00     1.051081e-04
 * time: 99.53451085090637
n     Energy            log10(ΔE)   log10(Δρ)   Diag   Δtime
---   ---------------   ---------   ---------   ----   ------
  1   -8.434347802918                   -0.96    7.0    3.13s
  2   -8.436193920894       -2.73       -1.77    1.9    2.11s
  3   -8.436274050924       -4.10       -2.80    3.9    2.68s
  4   -8.436275724440       -5.78       -3.61    4.6    2.34s
  5   -8.436275789742       -7.19       -4.45    4.9    2.55s
  6   -8.436275791913       -8.66       -5.35    5.0    2.96s
  7   -8.436275791924      -10.96       -6.27    3.7    1.72s
  8   -8.436275791924      -12.83       -7.12    3.6    2.54s
n     Energy            log10(ΔE)   log10(Δρ)   Diag   Δtime
---   ---------------   ---------   ---------   ----   ------
  1   -8.434368492076                   -0.96    7.0    2.76s
  2   -8.436192541217       -2.74       -1.77    1.9    1.58s
  3   -8.436274069151       -4.09       -2.80    3.9    1.89s
  4   -8.436275721031       -5.78       -3.61    4.6    2.49s
  5   -8.436275789497       -7.16       -4.43    4.9    2.31s
  6   -8.436275791914       -8.62       -5.34    5.0    3.31s
  7   -8.436275791924      -10.98       -6.32    3.6    2.01s
  8   -8.436275791924      -12.91       -7.12    3.8    2.50s
     3    -8.436276e+00     2.655080e-06
 * time: 151.0514588356018
n     Energy            log10(ΔE)   log10(Δρ)   Diag   Δtime
---   ---------------   ---------   ---------   ----   ------
  1   -8.434353732502                   -0.96    7.0    2.83s
  2   -8.436194106270       -2.74       -1.77    2.0    1.20s
  3   -8.436274041458       -4.10       -2.80    3.8    2.11s
  4   -8.436275723743       -5.77       -3.61    4.5    1.92s
  5   -8.436275789761       -7.18       -4.45    4.8    2.23s
  6   -8.436275791965       -8.66       -5.36    5.0    1.97s
  7   -8.436275791973      -11.07       -6.40    3.5    1.96s
  8   -8.436275791973      -12.99       -7.13    3.8    2.06s
n     Energy            log10(ΔE)   log10(Δρ)   Diag   Δtime
---   ---------------   ---------   ---------   ----   ------
  1   -8.434354369321                   -0.96    7.1    2.94s
  2   -8.436189814734       -2.74       -1.77    1.9    1.62s
  3   -8.436274013904       -4.07       -2.80    3.9    3.01s
  4   -8.436275723458       -5.77       -3.61    4.7    2.62s
  5   -8.436275789679       -7.18       -4.44    4.7    2.67s
  6   -8.436275791963       -8.64       -5.35    5.0    2.53s
  7   -8.436275791973      -11.00       -6.30    3.7    2.37s
  8   -8.436275791973      -12.88       -7.13    3.8    2.64s
     4    -8.436276e+00     2.145721e-09
 * time: 203.2789068222046
 * Status: success

 * Candidate solution
    Final objective value:     -8.436276e+00

 * Found with
    Algorithm:     L-BFGS

 * Convergence measures
    |x - x'|               = 3.68e-05 ≰ -1.0e+00
    |x - x'|/|x'|          = 3.58e-06 ≰ 0.0e+00
    |f(x) - f(x')|         = 4.92e-11 ≤ 1.0e-08
    |f(x) - f(x')|/|f(x')| = 5.83e-12 ≰ 0.0e+00
    |g(x)|                 = 2.15e-09 ≤ 1.0e-06

 * Work counters
    Seconds run:   203  (vs limit Inf)
    Iterations:    4
    f(x) calls:    5
    ∇f(x) calls:   5

Si: 280.130912 seconds (366.43 M allocations: 73.955 GiB, 7.95% gc time, 19.82% compilation time: <1% of which was recompilation)
┌ Info: 2025-05-13T14:47:41.475
│   name = "NaCl"
│   Ecut = 44.0
│   kgrid = MonkhorstPack([13, 13, 13])
│   p0 = ComponentVector{Float64}(a = 10.746130571470083)
│   temperature = 0
└   smearing = DFTK.Smearing.None()
n     Energy            log10(ΔE)   log10(Δρ)   Diag   Δtime
---   ---------------   ---------   ---------   ----   ------
  1   -62.09900432375                   -1.15    8.5    29.3s
  2   -62.10373448076       -2.33       -1.24    2.5    10.6s
  3   -62.10726690857       -2.45       -2.06    3.7    11.2s
  4   -62.10731188155       -4.35       -2.80    3.1    11.1s
  5   -62.10731281451       -6.03       -3.34    3.9    12.8s
  6   -62.10731313140       -6.50       -4.11    3.6    12.1s
  7   -62.10731313574       -8.36       -4.60    3.9    13.1s
  8   -62.10731313609       -9.46       -6.22    3.7    11.8s
  9   -62.10731313609      -11.54       -6.53    5.0    17.4s
 10   -62.10731313609      -13.85       -7.79    3.6    11.9s
Iter     Function value   Gradient norm 
     0    -6.210731e+01     3.142675e-03
 * time: 4.982948303222656e-5
n     Energy            log10(ΔE)   log10(Δρ)   Diag   Δtime
---   ---------------   ---------   ---------   ----   ------
  1   -62.09901459370                   -1.15    8.5    24.9s
  2   -62.10371127057       -2.33       -1.24    2.6    10.9s
  3   -62.10727743467       -2.45       -2.06    3.7    14.3s
  4   -62.10732174258       -4.35       -2.84    3.2    13.6s
  5   -62.10732262492       -6.05       -3.39    3.8    13.6s
  6   -62.10732291397       -6.54       -4.19    3.6    14.1s
  7   -62.10732291768       -8.43       -4.68    4.1    13.8s
  8   -62.10732291792       -9.63       -6.23    3.8    10.8s
  9   -62.10732291792      -11.58       -6.72    4.9    18.7s
 10   -62.10732291792   +  -13.67       -7.80    3.8    11.9s
n     Energy            log10(ΔE)   log10(Δρ)   Diag   Δtime
---   ---------------   ---------   ---------   ----   ------
  1   -62.09901033148                   -1.15    8.4    25.1s
  2   -62.10371797454       -2.33       -1.24    2.4    10.2s
  3   -62.10727710044       -2.45       -2.06    3.8    13.2s
  4   -62.10732172642       -4.35       -2.83    3.0    11.6s
  5   -62.10732261617       -6.05       -3.37    3.8    12.6s
  6   -62.10732291364       -6.53       -4.15    3.3    10.4s
  7   -62.10732291761       -8.40       -4.63    4.0    12.8s
  8   -62.10732291792       -9.51       -6.22    3.6    13.7s
  9   -62.10732291792      -11.55       -6.45    5.0    16.1s
 10   -62.10732291792      -13.45       -7.74    3.5    14.5s
     1    -6.210732e+01     3.082514e-03
 * time: 331.97935795783997
n     Energy            log10(ΔE)   log10(Δρ)   Diag   Δtime
---   ---------------   ---------   ---------   ----   ------
  1   -62.09866959236                   -1.14    8.5    20.2s
  2   -62.10351103534       -2.32       -1.22    2.5    9.93s
  3   -62.10752830053       -2.40       -2.04    3.6    15.4s
  4   -62.10758029436       -4.28       -2.82    3.0    11.8s
  5   -62.10758131406       -5.99       -3.37    3.9    13.4s
  6   -62.10758165192       -6.47       -4.16    3.4    11.3s
  7   -62.10758165657       -8.33       -4.64    4.0    13.9s
  8   -62.10758165686       -9.53       -6.13    3.7    11.7s
  9   -62.10758165687      -11.38       -6.72    4.8    15.5s
 10   -62.10758165687      -13.03       -7.70    3.5    10.5s
n     Energy            log10(ΔE)   log10(Δρ)   Diag   Δtime
---   ---------------   ---------   ---------   ----   ------
  1   -62.09867303122                   -1.14    8.4    20.5s
  2   -62.10351747263       -2.31       -1.22    2.5    10.0s
  3   -62.10752846353       -2.40       -2.04    3.7    11.2s
  4   -62.10758026948       -4.29       -2.81    3.0    12.1s
  5   -62.10758131150       -5.98       -3.36    3.9    11.2s
  6   -62.10758165181       -6.47       -4.16    3.4    10.2s
  7   -62.10758165660       -8.32       -4.67    4.0    12.5s
  8   -62.10758165686       -9.58       -6.15    3.7    11.7s
  9   -62.10758165687      -11.41       -6.61    4.9    14.6s
 10   -62.10758165687      -13.55       -7.72    3.8    11.3s
     2    -6.210758e+01     2.355189e-04
 * time: 634.505784034729
n     Energy            log10(ΔE)   log10(Δρ)   Diag   Δtime
---   ---------------   ---------   ---------   ----   ------
  1   -62.09861421447                   -1.14    8.2    25.5s
  2   -62.10345014560       -2.32       -1.22    2.5    11.4s
  3   -62.10752935988       -2.39       -2.04    3.6    14.4s
  4   -62.10758202335       -4.28       -2.84    3.0    13.4s
  5   -62.10758302041       -6.00       -3.40    3.8    13.3s
  6   -62.10758334913       -6.48       -4.20    3.5    10.7s
  7   -62.10758335354       -8.36       -4.67    4.3    12.4s
  8   -62.10758335379       -9.60       -6.06    3.5    10.6s
  9   -62.10758335379      -11.35       -6.91    4.7    13.7s
 10   -62.10758335379   +  -14.15       -7.73    3.4    10.4s
n     Energy            log10(ΔE)   log10(Δρ)   Diag   Δtime
---   ---------------   ---------   ---------   ----   ------
  1   -62.09861404956                   -1.14    8.2    18.2s
  2   -62.10344778700       -2.32       -1.22    2.5    9.26s
  3   -62.10752955192       -2.39       -2.04    3.6    10.7s
  4   -62.10758200653       -4.28       -2.84    2.8    8.82s
  5   -62.10758302124       -5.99       -3.40    3.8    12.1s
  6   -62.10758334895       -6.48       -4.19    3.5    10.2s
  7   -62.10758335354       -8.34       -4.67    4.1    11.5s
  8   -62.10758335379       -9.60       -6.07    3.6    10.8s
  9   -62.10758335379      -11.37       -6.81    4.6    12.8s
 10   -62.10758335379      -12.79       -7.74    3.2    9.68s
     3    -6.210758e+01     1.972603e-05
 * time: 923.7480499744415
n     Energy            log10(ΔE)   log10(Δρ)   Diag   Δtime
---   ---------------   ---------   ---------   ----   ------
  1   -62.09860705440                   -1.14    8.0    18.9s
  2   -62.10347421845       -2.31       -1.22    2.3    9.20s
  3   -62.10752834986       -2.39       -2.03    3.5    12.2s
  4   -62.10758185823       -4.27       -2.79    3.0    9.61s
  5   -62.10758299068       -5.95       -3.32    3.6    11.5s
  6   -62.10758336000       -6.43       -4.07    3.4    12.4s
  7   -62.10758336542       -8.27       -4.54    4.0    12.9s
  8   -62.10758336588       -9.34       -5.98    3.5    13.1s
  9   -62.10758336589      -11.25       -6.39    4.7    14.1s
 10   -62.10758336589      -12.77       -7.70    3.0    12.8s
n     Energy            log10(ΔE)   log10(Δρ)   Diag   Δtime
---   ---------------   ---------   ---------   ----   ------
  1   -62.09860803295                   -1.14    8.0    20.8s
  2   -62.10346310756       -2.31       -1.22    2.4    10.0s
  3   -62.10752871792       -2.39       -2.04    3.4    11.1s
  4   -62.10758195947       -4.27       -2.81    3.2    11.0s
  5   -62.10758301177       -5.98       -3.36    3.7    12.3s
  6   -62.10758336072       -6.46       -4.14    3.3    10.8s
  7   -62.10758336560       -8.31       -4.66    4.0    12.5s
  8   -62.10758336588       -9.55       -6.14    3.6    12.1s
  9   -62.10758336589      -11.36       -6.67    4.8    13.4s
 10   -62.10758336589      -13.45       -7.72    3.8    11.5s
     4    -6.210758e+01     1.386164e-07
 * time: 1212.3761639595032
 * Status: success

 * Candidate solution
    Final objective value:     -6.210758e+01

 * Found with
    Algorithm:     L-BFGS

 * Convergence measures
    |x - x'|               = 1.22e-03 ≰ -1.0e+00
    |x - x'|/|x'|          = 1.11e-04 ≰ 0.0e+00
    |f(x) - f(x')|         = 1.21e-08 ≰ 1.0e-08
    |f(x) - f(x')|/|f(x')| = 1.95e-10 ≰ 0.0e+00
    |g(x)|                 = 1.39e-07 ≤ 1.0e-06

 * Work counters
    Seconds run:   1212  (vs limit Inf)
    Iterations:    4
    f(x) calls:    5
    ∇f(x) calls:   5

NaCl: 1394.231447 seconds (1.15 G allocations: 323.603 GiB, 5.15% gc time, 0.36% compilation time)
┌ Info: 2025-05-13T15:10:55.755
│   name = "Al"
│   Ecut = 20.0
│   kgrid = MonkhorstPack([18, 18, 18])
│   p0 = ComponentVector{Float64}(a = 7.641925528121933)
│   temperature = 0.001
└   smearing = DFTK.Smearing.Gaussian()
n     Energy            log10(ΔE)   log10(Δρ)   Diag   Δtime
---   ---------------   ---------   ---------   ----   ------
  1   -2.313338302025                   -1.44    5.5    2.20s
  2   -2.313451526747       -3.95       -1.83    1.5    1.11s
  3   -2.313479337941       -4.56       -3.51    3.5    1.85s
  4   -2.313479580490       -6.62       -4.07    4.5    2.51s
  5   -2.313479580731       -9.62       -4.57    2.5    1.15s
  6   -2.313479580762      -10.50       -5.09    2.6    1.47s
  7   -2.313479580770      -11.08       -6.03    2.9    1.19s
  8   -2.313479580770      -12.96       -6.61    3.2    1.31s
  9   -2.313479580770      -15.35       -7.16    2.4    1.42s
Iter     Function value   Gradient norm 
     0    -2.313480e+00     2.457277e-03
 * time: 2.9087066650390625e-5
n     Energy            log10(ΔE)   log10(Δρ)   Diag   Δtime
---   ---------------   ---------   ---------   ----   ------
  1   -2.313348231425                   -1.44    5.4    2.17s
  2   -2.313457683735       -3.96       -1.83    1.3    817ms
  3   -2.313485236478       -4.56       -3.50    3.3    1.74s
  4   -2.313485496781       -6.58       -4.03    4.5    1.72s
  5   -2.313485497073       -9.53       -4.55    2.5    1.46s
  6   -2.313485497105      -10.50       -5.07    2.6    1.14s
  7   -2.313485497114      -11.04       -5.98    2.8    1.55s
  8   -2.313485497114      -12.93       -6.55    3.0    1.26s
  9   -2.313485497114      -14.51       -7.17    2.5    1.11s
n     Energy            log10(ΔE)   log10(Δρ)   Diag   Δtime
---   ---------------   ---------   ---------   ----   ------
  1   -2.313339102832                   -1.44    5.4    2.13s
  2   -2.313457311763       -3.93       -1.83    1.4    820ms
  3   -2.313485272411       -4.55       -3.53    3.4    1.65s
  4   -2.313485496838       -6.65       -4.08    4.5    1.82s
  5   -2.313485497071       -9.63       -4.56    2.4    1.55s
  6   -2.313485497105      -10.48       -5.07    2.4    1.08s
  7   -2.313485497114      -11.04       -6.01    2.8    1.58s
  8   -2.313485497114      -13.03       -6.63    3.1    1.56s
  9   -2.313485497114      -14.88       -7.15    2.5    1.39s
     1    -2.313485e+00     2.358101e-03
 * time: 59.70744204521179
n     Energy            log10(ΔE)   log10(Δρ)   Diag   Δtime
---   ---------------   ---------   ---------   ----   ------
  1   -2.313423297621                   -1.44    5.5    2.16s
  2   -2.313526201673       -3.99       -1.83    1.4    824ms
  3   -2.313551737927       -4.59       -3.51    3.3    1.65s
  4   -2.313551997378       -6.59       -4.24    4.6    1.77s
  5   -2.313551997488       -9.96       -4.79    2.6    1.55s
  6   -2.313551997505      -10.78       -5.35    2.6    1.33s
  7   -2.313551997507      -11.61       -6.17    3.2    1.80s
  8   -2.313551997507      -13.34       -6.84    3.1    1.29s
  9   -2.313551997507   +    -Inf       -8.16    3.1    1.76s
n     Energy            log10(ΔE)   log10(Δρ)   Diag   Δtime
---   ---------------   ---------   ---------   ----   ------
  1   -2.313420276902                   -1.44    5.5    2.29s
  2   -2.313525409249       -3.98       -1.83    1.4    862ms
  3   -2.313551700606       -4.58       -3.52    3.4    1.71s
  4   -2.313551997371       -6.53       -4.22    4.6    1.74s
  5   -2.313551997487       -9.93       -4.78    2.7    1.50s
  6   -2.313551997505      -10.76       -5.34    2.5    1.09s
  7   -2.313551997507      -11.59       -6.18    3.1    1.55s
  8   -2.313551997507      -13.36       -6.82    3.1    1.26s
  9   -2.313551997507      -14.51       -8.16    3.2    1.57s
     2    -2.313552e+00     1.628277e-04
 * time: 119.85798811912537
n     Energy            log10(ΔE)   log10(Δρ)   Diag   Δtime
---   ---------------   ---------   ---------   ----   ------
  1   -2.313424216263                   -1.44    5.5    2.39s
  2   -2.313525805979       -3.99       -1.83    1.4    986ms
┌ Warning: Eigensolver not converged
│   n_iter =
│    195-element Vector{Int64}:
│     5
│     4
│     5
│     3
│     ⋮
│     2
│     4
│     2
└ @ DFTK ~/.julia/packages/DFTK/n2IL4/src/scf/self_consistent_field.jl:76
  3   -2.313552035782       -4.58       -3.50    3.4    2.37s
  4   -2.313552270243       -6.63       -4.21    4.4    1.63s
  5   -2.313552270381       -9.86       -4.74    2.7    1.42s
  6   -2.313552270400      -10.72       -5.30    2.5    1.04s
  7   -2.313552270404      -11.50       -6.19    3.0    1.53s
  8   -2.313552270404      -13.29       -6.87    3.2    1.25s
  9   -2.313552270404      -15.05       -8.01    3.0    1.54s
n     Energy            log10(ΔE)   log10(Δρ)   Diag   Δtime
---   ---------------   ---------   ---------   ----   ------
  1   -2.313426520205                   -1.44    5.5    2.27s
  2   -2.313525859897       -4.00       -1.83    1.4    826ms
  3   -2.313552049150       -4.58       -3.50    3.4    1.69s
  4   -2.313552270237       -6.66       -4.21    4.4    1.89s
  5   -2.313552270384       -9.83       -4.77    2.7    1.61s
  6   -2.313552270401      -10.79       -5.31    2.7    1.19s
  7   -2.313552270404      -11.53       -6.19    3.1    1.80s
  8   -2.313552270404      -13.30       -6.82    3.2    1.27s
  9   -2.313552270404      -15.05       -7.96    3.1    1.67s
     3    -2.313552e+00     1.771343e-05
 * time: 180.34562611579895
n     Energy            log10(ΔE)   log10(Δρ)   Diag   Δtime
---   ---------------   ---------   ---------   ----   ------
  1   -2.313427132774                   -1.44    5.4    2.08s
  2   -2.313525674732       -4.01       -1.83    1.3    765ms
  3   -2.313552043624       -4.58       -3.48    3.3    1.60s
  4   -2.313552273532       -6.64       -4.19    4.4    1.62s
  5   -2.313552273691       -9.80       -4.78    2.7    1.42s
  6   -2.313552273705      -10.84       -5.32    2.5    1.03s
  7   -2.313552273708      -11.53       -6.17    3.0    1.50s
  8   -2.313552273708      -13.39       -6.82    3.1    1.21s
  9   -2.313552273708      -14.57       -7.99    3.0    1.50s
n     Energy            log10(ΔE)   log10(Δρ)   Diag   Δtime
---   ---------------   ---------   ---------   ----   ------
  1   -2.313425527919                   -1.44    5.3    2.00s
  2   -2.313525636000       -4.00       -1.83    1.4    813ms
  3   -2.313552037542       -4.58       -3.50    3.3    1.64s
  4   -2.313552273538       -6.63       -4.21    4.4    1.65s
  5   -2.313552273689       -9.82       -4.77    2.5    1.40s
  6   -2.313552273705      -10.80       -5.32    2.5    1.03s
  7   -2.313552273708      -11.53       -6.19    3.0    1.51s
  8   -2.313552273708      -13.38       -6.82    3.1    1.20s
  9   -2.313552273708      -14.57       -8.00    3.0    1.23s
     4    -2.313552e+00     1.295811e-07
 * time: 236.7054340839386
 * Status: success

 * Candidate solution
    Final objective value:     -2.313552e+00

 * Found with
    Algorithm:     L-BFGS

 * Convergence measures
    |x - x'|               = 3.70e-04 ≰ -1.0e+00
    |x - x'|/|x'|          = 4.88e-05 ≰ 0.0e+00
    |f(x) - f(x')|         = 3.30e-09 ≤ 1.0e-08
    |f(x) - f(x')|/|f(x')| = 1.43e-09 ≰ 0.0e+00
    |g(x)|                 = 1.30e-07 ≤ 1.0e-06

 * Work counters
    Seconds run:   237  (vs limit Inf)
    Iterations:    4
    f(x) calls:    5
    ∇f(x) calls:   5

Al: 274.547317 seconds (203.42 M allocations: 48.512 GiB, 6.75% gc time, 0.03% compilation time)
┌ Info: 2025-05-13T15:15:30.303
│   name = "V"
│   Ecut = 42.0
│   kgrid = MonkhorstPack([20, 20, 20])
│   p0 = ComponentVector{Float64}(a = 5.699267600684394)
│   temperature = 0.001
└   smearing = DFTK.Smearing.Gaussian()
┌ Warning: Negative ρcore detected: -3.4151886922104144e-8
└ @ DFTK ~/.julia/packages/DFTK/n2IL4/src/terms/xc.jl:39
n     Energy            log10(ΔE)   log10(Δρ)   Diag   Δtime
---   ---------------   ---------   ---------   ----   ------
  1   -73.66872686613                   -0.84    9.7    11.7s
  2   -73.68265261130       -1.86       -1.05    5.4    6.30s
  3   -73.68953863758       -2.16       -1.38    6.8    8.61s
  4   -73.69078734863       -2.90       -1.78    5.8    6.59s
  5   -73.69092663946       -3.86       -2.15    4.9    5.94s
  6   -73.69095593906       -4.53       -3.06    5.4    6.45s
  7   -73.69095596957       -7.52       -3.54    4.3    5.57s
  8   -73.69095597517       -8.25       -4.10    5.2    6.02s
  9   -73.69095597539       -9.65       -4.59    3.8    5.30s
 10   -73.69095597576       -9.44       -5.30    5.4    7.95s
 11   -73.69095597576      -11.87       -5.97    4.4    7.17s
 12   -73.69095597576      -12.11       -6.56    5.5    8.19s
 13   -73.69095597576   +  -13.00       -7.26    5.4    8.01s
┌ Warning: Negative ρcore detected: Dual{ForwardDiff.Tag{var"#19#21"{@NamedTuple{ham::Hamiltonian, basis::PlaneWaveBasis{Float64, Float64, DFTK.CPU, FFTGrid{Float64, Float64, Array{StaticArraysCore.SVector{3, Int64}, 3}, Array{StaticArraysCore.SVector{3, Float64}, 3}}, Vector{StaticArraysCore.SVector{3, Int64}}}, energies::Energies{Float64}, converged::Bool, occupation_threshold::Float64, ρ::Array{Float64, 4}, τ::Nothing, α::Float64, eigenvalues::Vector{Vector{Float64}}, occupation::Vector{Vector{Float64}}, εF::Float64, n_bands_converge::Int64, n_iter::Int64, n_matvec::Int64, ψ::Vector{Matrix{ComplexF64}}, diagonalization::Vector{@NamedTuple{λ::Vector{Vector{Float64}}, X::Vector{Matrix{ComplexF64}}, residual_norms::Vector{Vector{Float64}}, n_iter::Vector{Int64}, converged::Bool, n_matvec::Int64}}, stage::Symbol, history_Δρ::Vector{Float64}, history_Etot::Vector{Float64}, timedout::Bool, runtime_ns::UInt64, algorithm::String}, Model{Float64, Float64}, Float64, MonkhorstPack, var"#case#4"{Matrix{Float64}, Float64, MonkhorstPack, Vector{StaticArraysCore.SVector{3, Float64}}, Vector{ElementPsp{PspUpf{Float64, Interpolations.Extrapolation{Float64, 1, Interpolations.GriddedInterpolation{Float64, 1, Vector{Float64}, Interpolations.Gridded{Interpolations.Linear{Interpolations.Throw{Interpolations.OnGrid}}}, Tuple{Vector{Float64}}}, Interpolations.Gridded{Interpolations.Linear{Interpolations.Throw{Interpolations.OnGrid}}}, Interpolations.Throw{Nothing}}}}}, Float64, Float64, String}}, Float64}}(-3.4151886922104144e-8,-1.2413273474001241e-8)
└ @ DFTK ~/.julia/packages/DFTK/n2IL4/src/terms/xc.jl:39
Iter     Function value   Gradient norm 
     0    -7.369096e+01     9.318810e-03
 * time: 3.814697265625e-5
┌ Warning: Negative ρcore detected: -3.385041597905574e-8
└ @ DFTK ~/.julia/packages/DFTK/n2IL4/src/terms/xc.jl:39
n     Energy            log10(ΔE)   log10(Δρ)   Diag   Δtime
---   ---------------   ---------   ---------   ----   ------
  1   -73.66900832097                   -0.84   10.0    10.9s
  2   -73.68280885781       -1.86       -1.05    5.6    6.40s
  3   -73.68963415204       -2.17       -1.38    7.0    7.89s
  4   -73.69086906037       -2.91       -1.78    6.1    6.38s
  5   -73.69101045791       -3.85       -2.18    5.1    5.87s
  6   -73.69103626396       -4.59       -3.07    5.6    7.11s
  7   -73.69103628892       -7.60       -3.55    4.6    6.76s
  8   -73.69103629704       -8.09       -4.18    5.5    6.32s
  9   -73.69103629724       -9.70       -4.54    3.9    5.12s
 10   -73.69103629774       -9.30       -5.18    5.5    6.70s
 11   -73.69103629774      -11.97       -5.99    5.5    6.76s
 12   -73.69103629775      -11.60       -6.61    5.8    7.22s
 13   -73.69103629775   +  -12.85       -7.07    4.5    5.45s
┌ Warning: Negative ρcore detected: -3.385041597905574e-8
└ @ DFTK ~/.julia/packages/DFTK/n2IL4/src/terms/xc.jl:39
n     Energy            log10(ΔE)   log10(Δρ)   Diag   Δtime
---   ---------------   ---------   ---------   ----   ------
  1   -73.66900630123                   -0.84   10.0    10.4s
  2   -73.68279495910       -1.86       -1.05    5.6    8.05s
  3   -73.68963689883       -2.16       -1.38    6.9    10.4s
  4   -73.69086847954       -2.91       -1.78    6.0    8.71s
  5   -73.69101045303       -3.85       -2.18    5.1    8.17s
  6   -73.69103626431       -4.59       -3.07    5.5    8.09s
  7   -73.69103629046       -7.58       -3.54    4.7    8.13s
  8   -73.69103629709       -8.18       -4.16    5.4    7.39s
  9   -73.69103629732       -9.64       -4.55    3.8    7.65s
 10   -73.69103629774       -9.37       -5.17    5.5    7.59s
 11   -73.69103629774      -11.78       -6.03    5.6    7.23s
 12   -73.69103629775      -11.70       -6.61    5.8    10.2s
 13   -73.69103629775   +  -13.07       -7.05    4.4    7.85s
┌ Warning: Negative ρcore detected: Dual{ForwardDiff.Tag{var"#19#21"{@NamedTuple{ham::Hamiltonian, basis::PlaneWaveBasis{Float64, Float64, DFTK.CPU, FFTGrid{Float64, Float64, Array{StaticArraysCore.SVector{3, Int64}, 3}, Array{StaticArraysCore.SVector{3, Float64}, 3}}, Vector{StaticArraysCore.SVector{3, Int64}}}, energies::Energies{Float64}, converged::Bool, occupation_threshold::Float64, ρ::Array{Float64, 4}, τ::Nothing, α::Float64, eigenvalues::Vector{Vector{Float64}}, occupation::Vector{Vector{Float64}}, εF::Float64, n_bands_converge::Int64, n_iter::Int64, n_matvec::Int64, ψ::Vector{Matrix{ComplexF64}}, diagonalization::Vector{@NamedTuple{λ::Vector{Vector{Float64}}, X::Vector{Matrix{ComplexF64}}, residual_norms::Vector{Vector{Float64}}, n_iter::Vector{Int64}, converged::Bool, n_matvec::Int64}}, stage::Symbol, history_Δρ::Vector{Float64}, history_Etot::Vector{Float64}, timedout::Bool, runtime_ns::UInt64, algorithm::String}, Model{Float64, Float64}, Float64, MonkhorstPack, var"#case#4"{Matrix{Float64}, Float64, MonkhorstPack, Vector{StaticArraysCore.SVector{3, Float64}}, Vector{ElementPsp{PspUpf{Float64, Interpolations.Extrapolation{Float64, 1, Interpolations.GriddedInterpolation{Float64, 1, Vector{Float64}, Interpolations.Gridded{Interpolations.Linear{Interpolations.Throw{Interpolations.OnGrid}}}, Tuple{Vector{Float64}}}, Interpolations.Gridded{Interpolations.Linear{Interpolations.Throw{Interpolations.OnGrid}}}, Interpolations.Throw{Nothing}}}}}, Float64, Float64, String}}, Float64}}(-3.385041597905574e-8,-5.2735689764050466e-8)
└ @ DFTK ~/.julia/packages/DFTK/n2IL4/src/terms/xc.jl:39
     1    -7.369104e+01     7.917707e-03
 * time: 266.8721430301666
┌ Warning: Negative ρcore detected: -3.087420542047716e-8
└ @ DFTK ~/.julia/packages/DFTK/n2IL4/src/terms/xc.jl:39
n     Energy            log10(ΔE)   log10(Δρ)   Diag   Δtime
---   ---------------   ---------   ---------   ----   ------
  1   -73.67071789441                   -0.85    9.7    11.8s
  2   -73.68309419719       -1.91       -1.05    5.4    8.06s
  3   -73.68992185954       -2.17       -1.39    6.9    9.21s
  4   -73.69105757639       -2.94       -1.76    5.9    6.60s
  5   -73.69122121722       -3.79       -2.25    5.1    7.94s
  6   -73.69123969650       -4.73       -3.07    5.5    7.45s
  7   -73.69123971484       -7.74       -3.51    4.5    5.72s
  8   -73.69123971864       -8.42       -4.10    4.3    5.64s
  9   -73.69123971846   +   -9.75       -4.50    5.1    6.31s
 10   -73.69123971882       -9.45       -4.77    5.3    6.38s
 11   -73.69123971885      -10.52       -5.53    4.6    6.83s
 12   -73.69123971885      -11.51       -6.28    4.7    8.61s
 13   -73.69123971885      -12.59       -6.54    4.9    7.35s
 14   -73.69123971885      -13.25       -6.92    5.6    6.72s
 15   -73.69123971885      -12.94       -8.00    5.0    6.47s
┌ Warning: Negative ρcore detected: -3.087420542047716e-8
└ @ DFTK ~/.julia/packages/DFTK/n2IL4/src/terms/xc.jl:39
n     Energy            log10(ΔE)   log10(Δρ)   Diag   Δtime
---   ---------------   ---------   ---------   ----   ------
  1   -73.67071331394                   -0.85    9.6    11.1s
  2   -73.68307797442       -1.91       -1.05    5.4    8.07s
  3   -73.68992343850       -2.16       -1.39    6.9    9.40s
  4   -73.69105782916       -2.95       -1.76    5.8    8.75s
  5   -73.69122158155       -3.79       -2.25    5.1    9.61s
  6   -73.69123969638       -4.74       -3.07    5.5    6.89s
  7   -73.69123971477       -7.74       -3.51    4.7    7.11s
  8   -73.69123971866       -8.41       -4.11    4.3    5.99s
  9   -73.69123971846   +   -9.70       -4.48    5.2    6.27s
 10   -73.69123971882       -9.44       -4.77    5.2    6.04s
 11   -73.69123971885      -10.53       -5.53    4.6    5.66s
 12   -73.69123971885      -11.46       -6.27    4.7    5.90s
 13   -73.69123971885      -12.50       -6.58    4.9    6.39s
 14   -73.69123971885      -13.37       -6.91    5.5    6.95s
 15   -73.69123971885      -13.25       -7.92    5.1    6.89s
┌ Warning: Negative ρcore detected: Dual{ForwardDiff.Tag{var"#19#21"{@NamedTuple{ham::Hamiltonian, basis::PlaneWaveBasis{Float64, Float64, DFTK.CPU, FFTGrid{Float64, Float64, Array{StaticArraysCore.SVector{3, Int64}, 3}, Array{StaticArraysCore.SVector{3, Float64}, 3}}, Vector{StaticArraysCore.SVector{3, Int64}}}, energies::Energies{Float64}, converged::Bool, occupation_threshold::Float64, ρ::Array{Float64, 4}, τ::Nothing, α::Float64, eigenvalues::Vector{Vector{Float64}}, occupation::Vector{Vector{Float64}}, εF::Float64, n_bands_converge::Int64, n_iter::Int64, n_matvec::Int64, ψ::Vector{Matrix{ComplexF64}}, diagonalization::Vector{@NamedTuple{λ::Vector{Vector{Float64}}, X::Vector{Matrix{ComplexF64}}, residual_norms::Vector{Vector{Float64}}, n_iter::Vector{Int64}, converged::Bool, n_matvec::Int64}}, stage::Symbol, history_Δρ::Vector{Float64}, history_Etot::Vector{Float64}, timedout::Bool, runtime_ns::UInt64, algorithm::String}, Model{Float64, Float64}, Float64, MonkhorstPack, var"#case#4"{Matrix{Float64}, Float64, MonkhorstPack, Vector{StaticArraysCore.SVector{3, Float64}}, Vector{ElementPsp{PspUpf{Float64, Interpolations.Extrapolation{Float64, 1, Interpolations.GriddedInterpolation{Float64, 1, Vector{Float64}, Interpolations.Gridded{Interpolations.Linear{Interpolations.Throw{Interpolations.OnGrid}}}, Tuple{Vector{Float64}}}, Interpolations.Gridded{Interpolations.Linear{Interpolations.Throw{Interpolations.OnGrid}}}, Interpolations.Throw{Nothing}}}}}, Float64, Float64, String}}, Float64}}(-3.087420542047716e-8,-7.125441446711559e-8)
└ @ DFTK ~/.julia/packages/DFTK/n2IL4/src/terms/xc.jl:39
     2    -7.369124e+01     2.856242e-04
 * time: 559.1294779777527
┌ Warning: Negative ρcore detected: -3.099715142524177e-8
└ @ DFTK ~/.julia/packages/DFTK/n2IL4/src/terms/xc.jl:39
n     Energy            log10(ΔE)   log10(Δρ)   Diag   Δtime
---   ---------------   ---------   ---------   ----   ------
  1   -73.67067441994                   -0.85    9.8    11.6s
  2   -73.68308279619       -1.91       -1.05    5.4    7.53s
  3   -73.68992091918       -2.17       -1.39    6.9    10.0s
  4   -73.69105844709       -2.94       -1.77    5.8    8.19s
  5   -73.69122138749       -3.79       -2.25    5.2    8.44s
  6   -73.69123994799       -4.73       -3.07    5.5    9.19s
  7   -73.69123996680       -7.73       -3.52    4.7    7.96s
  8   -73.69123997051       -8.43       -4.14    4.5    6.06s
  9   -73.69123997024   +   -9.57       -4.48    5.2    7.02s
 10   -73.69123997064       -9.40       -4.77    5.3    6.13s
 11   -73.69123997067      -10.53       -5.56    4.6    5.99s
 12   -73.69123997068      -11.49       -6.27    4.6    8.30s
 13   -73.69123997068      -13.07       -6.61    4.7    8.25s
 14   -73.69123997068      -13.07       -6.92    5.3    8.36s
 15   -73.69123997068      -13.15       -7.94    5.2    7.99s
┌ Warning: Negative ρcore detected: -3.099715142524177e-8
└ @ DFTK ~/.julia/packages/DFTK/n2IL4/src/terms/xc.jl:39
n     Energy            log10(ΔE)   log10(Δρ)   Diag   Δtime
---   ---------------   ---------   ---------   ----   ------
  1   -73.67067980375                   -0.85    9.7    13.0s
  2   -73.68309087176       -1.91       -1.05    5.5    7.92s
  3   -73.68991925011       -2.17       -1.39    6.9    8.56s
  4   -73.69105814942       -2.94       -1.76    5.8    6.76s
  5   -73.69122189923       -3.79       -2.25    5.2    6.07s
  6   -73.69123994863       -4.74       -3.07    5.6    6.56s
  7   -73.69123996686       -7.74       -3.50    4.3    5.49s
  8   -73.69123997047       -8.44       -4.10    4.4    6.20s
  9   -73.69123997028   +   -9.73       -4.46    5.2    7.15s
 10   -73.69123997064       -9.44       -4.76    5.2    7.07s
 11   -73.69123997067      -10.51       -5.55    4.7    7.19s
 12   -73.69123997068      -11.51       -6.26    4.7    6.50s
 13   -73.69123997068      -12.85       -6.61    4.9    6.88s
 14   -73.69123997068      -12.94       -6.92    5.5    7.82s
 15   -73.69123997068      -13.25       -7.99    5.1    7.45s
┌ Warning: Negative ρcore detected: Dual{ForwardDiff.Tag{var"#19#21"{@NamedTuple{ham::Hamiltonian, basis::PlaneWaveBasis{Float64, Float64, DFTK.CPU, FFTGrid{Float64, Float64, Array{StaticArraysCore.SVector{3, Int64}, 3}, Array{StaticArraysCore.SVector{3, Float64}, 3}}, Vector{StaticArraysCore.SVector{3, Int64}}}, energies::Energies{Float64}, converged::Bool, occupation_threshold::Float64, ρ::Array{Float64, 4}, τ::Nothing, α::Float64, eigenvalues::Vector{Vector{Float64}}, occupation::Vector{Vector{Float64}}, εF::Float64, n_bands_converge::Int64, n_iter::Int64, n_matvec::Int64, ψ::Vector{Matrix{ComplexF64}}, diagonalization::Vector{@NamedTuple{λ::Vector{Vector{Float64}}, X::Vector{Matrix{ComplexF64}}, residual_norms::Vector{Vector{Float64}}, n_iter::Vector{Int64}, converged::Bool, n_matvec::Int64}}, stage::Symbol, history_Δρ::Vector{Float64}, history_Etot::Vector{Float64}, timedout::Bool, runtime_ns::UInt64, algorithm::String}, Model{Float64, Float64}, Float64, MonkhorstPack, var"#case#4"{Matrix{Float64}, Float64, MonkhorstPack, Vector{StaticArraysCore.SVector{3, Float64}}, Vector{ElementPsp{PspUpf{Float64, Interpolations.Extrapolation{Float64, 1, Interpolations.GriddedInterpolation{Float64, 1, Vector{Float64}, Interpolations.Gridded{Interpolations.Linear{Interpolations.Throw{Interpolations.OnGrid}}}, Tuple{Vector{Float64}}}, Interpolations.Gridded{Interpolations.Linear{Interpolations.Throw{Interpolations.OnGrid}}}, Interpolations.Throw{Nothing}}}}}, Float64, Float64, String}}, Float64}}(-3.099715142524177e-8,-6.287050689810773e-8)
└ @ DFTK ~/.julia/packages/DFTK/n2IL4/src/terms/xc.jl:39
     3    -7.369124e+01     1.046300e-05
 * time: 865.4798729419708
┌ Warning: Negative ρcore detected: -3.0993068612668784e-8
└ @ DFTK ~/.julia/packages/DFTK/n2IL4/src/terms/xc.jl:39
n     Energy            log10(ΔE)   log10(Δρ)   Diag   Δtime
---   ---------------   ---------   ---------   ----   ------
  1   -73.67067470713                   -0.85    9.8    11.8s
  2   -73.68309250339       -1.91       -1.05    5.4    8.07s
  3   -73.68991866925       -2.17       -1.39    6.9    9.42s
  4   -73.69105873158       -2.94       -1.77    5.8    7.62s
  5   -73.69122187073       -3.79       -2.25    5.1    7.00s
  6   -73.69123994957       -4.74       -3.07    5.5    7.67s
  7   -73.69123996674       -7.77       -3.51    4.7    7.16s
  8   -73.69123997085       -8.39       -4.12    4.7    7.53s
  9   -73.69123997045   +   -9.40       -4.40    5.5    8.41s
 10   -73.69123997100       -9.27       -4.76    5.3    7.51s
 11   -73.69123997103      -10.53       -5.52    4.8    7.19s
 12   -73.69123997103      -11.45       -6.26    4.8    6.31s
 13   -73.69123997103      -12.59       -6.62    4.9    5.97s
 14   -73.69123997103      -12.85       -6.86    5.4    6.47s
 15   -73.69123997103      -13.55       -7.89    5.1    6.10s
┌ Warning: Negative ρcore detected: -3.0993068612668784e-8
└ @ DFTK ~/.julia/packages/DFTK/n2IL4/src/terms/xc.jl:39
n     Energy            log10(ΔE)   log10(Δρ)   Diag   Δtime
---   ---------------   ---------   ---------   ----   ------
  1   -73.67067548416                   -0.85    9.9    12.3s
  2   -73.68307990761       -1.91       -1.05    5.6    6.42s
  3   -73.68992041586       -2.16       -1.39    6.9    8.65s
  4   -73.69105827956       -2.94       -1.76    5.8    7.01s
  5   -73.69122195012       -3.79       -2.25    5.1    7.28s
  6   -73.69123994959       -4.74       -3.07    5.5    8.48s
  7   -73.69123996731       -7.75       -3.50    4.4    8.03s
  8   -73.69123997082       -8.45       -4.11    4.2    7.27s
  9   -73.69123997065   +   -9.77       -4.45    5.1    8.16s
 10   -73.69123997100       -9.46       -4.75    5.2    7.72s
 11   -73.69123997103      -10.52       -5.55    4.8    7.78s
 12   -73.69123997103      -11.47       -6.26    4.8    7.48s
 13   -73.69123997103      -13.00       -6.61    4.9    7.74s
 14   -73.69123997103      -12.70       -6.90    5.5    8.91s
 15   -73.69123997103      -13.85       -7.98    4.9    6.33s
┌ Warning: Negative ρcore detected: Dual{ForwardDiff.Tag{var"#19#21"{@NamedTuple{ham::Hamiltonian, basis::PlaneWaveBasis{Float64, Float64, DFTK.CPU, FFTGrid{Float64, Float64, Array{StaticArraysCore.SVector{3, Int64}, 3}, Array{StaticArraysCore.SVector{3, Float64}, 3}}, Vector{StaticArraysCore.SVector{3, Int64}}}, energies::Energies{Float64}, converged::Bool, occupation_threshold::Float64, ρ::Array{Float64, 4}, τ::Nothing, α::Float64, eigenvalues::Vector{Vector{Float64}}, occupation::Vector{Vector{Float64}}, εF::Float64, n_bands_converge::Int64, n_iter::Int64, n_matvec::Int64, ψ::Vector{Matrix{ComplexF64}}, diagonalization::Vector{@NamedTuple{λ::Vector{Vector{Float64}}, X::Vector{Matrix{ComplexF64}}, residual_norms::Vector{Vector{Float64}}, n_iter::Vector{Int64}, converged::Bool, n_matvec::Int64}}, stage::Symbol, history_Δρ::Vector{Float64}, history_Etot::Vector{Float64}, timedout::Bool, runtime_ns::UInt64, algorithm::String}, Model{Float64, Float64}, Float64, MonkhorstPack, var"#case#4"{Matrix{Float64}, Float64, MonkhorstPack, Vector{StaticArraysCore.SVector{3, Float64}}, Vector{ElementPsp{PspUpf{Float64, Interpolations.Extrapolation{Float64, 1, Interpolations.GriddedInterpolation{Float64, 1, Vector{Float64}, Interpolations.Gridded{Interpolations.Linear{Interpolations.Throw{Interpolations.OnGrid}}}, Tuple{Vector{Float64}}}, Interpolations.Gridded{Interpolations.Linear{Interpolations.Throw{Interpolations.OnGrid}}}, Interpolations.Throw{Nothing}}}}}, Float64, Float64, String}}, Float64}}(-3.0993068612668784e-8,-6.316490631300909e-8)
└ @ DFTK ~/.julia/packages/DFTK/n2IL4/src/terms/xc.jl:39
     4    -7.369124e+01     1.682019e-08
 * time: 1168.969738960266
 * Status: success

 * Candidate solution
    Final objective value:     -7.369124e+01

 * Found with
    Algorithm:     L-BFGS

 * Convergence measures
    |x - x'|               = 6.48e-05 ≰ -1.0e+00
    |x - x'|/|x'|          = 1.15e-05 ≰ 0.0e+00
    |f(x) - f(x')|         = 3.52e-10 ≤ 1.0e-08
    |f(x) - f(x')|/|f(x')| = 4.78e-12 ≰ 0.0e+00
    |g(x)|                 = 1.68e-08 ≤ 1.0e-06

 * Work counters
    Seconds run:   1169  (vs limit Inf)
    Iterations:    4
    f(x) calls:    5
    ∇f(x) calls:   5

V: 1309.723994 seconds (736.08 M allocations: 349.766 GiB, 5.73% gc time, 0.01% compilation time)
