┌ Info: Threading setup: 
│   Threads.nthreads() = 1
│   n_DFTK = 1
│   n_fft = 1
└   n_blas = 1
┌ Info: 2025-05-13T20:06:23.466
│   name = "Si"
│   Ecut = 18.0
│   kgrid = MonkhorstPack([14, 14, 14])
│   p0 = ComponentVector{Float64}(a = 10.347246312603742)
│   temperature = 0.001
└   smearing = DFTK.Smearing.Gaussian()
n     Energy            log10(ΔE)   log10(Δρ)   Diag   Δtime
---   ---------------   ---------   ---------   ----   ------
  1   -8.434967266583                   -0.97    7.0    10.5s
  2   -8.436663920461       -2.77       -1.77    1.9    4.41s
  3   -8.436745937975       -4.09       -2.78    3.9    1.91s
  4   -8.436748183848       -5.65       -3.59    4.8    1.68s
  5   -8.436748279320       -7.02       -4.35    4.8    1.92s
  6   -8.436748283521       -8.38       -5.28    5.0    1.86s
  7   -8.436748283558      -10.43       -6.22    4.4    1.59s
  8   -8.436748283558      -12.65       -7.07    3.9    1.72s
Iter     Function value   Gradient norm 
     0    -8.436748e+00     3.689573e-03
 * time: 3.695487976074219e-5
n     Energy            log10(ΔE)   log10(Δρ)   Diag   Δtime
---   ---------------   ---------   ---------   ----   ------
  1   -8.434942240266                   -0.96    7.1    2.39s
  2   -8.436670726664       -2.76       -1.77    1.9    1.28s
  3   -8.436759217703       -4.05       -2.78    4.0    1.60s
  4   -8.436761329321       -5.68       -3.60    4.8    1.96s
  5   -8.436761427320       -7.01       -4.31    4.8    1.66s
  6   -8.436761431746       -8.35       -5.22    5.0    1.93s
  7   -8.436761431795      -10.31       -6.16    4.2    1.61s
  8   -8.436761431796      -12.52       -7.12    3.8    1.77s
n     Energy            log10(ΔE)   log10(Δρ)   Diag   Δtime
---   ---------------   ---------   ---------   ----   ------
  1   -8.434934881124                   -0.96    7.1    2.38s
  2   -8.436673419765       -2.76       -1.77    2.1    1.35s
  3   -8.436759150682       -4.07       -2.78    3.9    1.54s
  4   -8.436761337572       -5.66       -3.60    4.7    1.92s
  5   -8.436761427806       -7.04       -4.36    4.9    1.65s
  6   -8.436761431760       -8.40       -5.29    5.1    2.01s
  7   -8.436761431795      -10.45       -6.22    4.6    1.64s
  8   -8.436761431796      -12.65       -7.07    3.6    1.73s
     1    -8.436761e+00     3.437508e-03
 * time: 40.24194884300232
n     Energy            log10(ΔE)   log10(Δρ)   Diag   Δtime
---   ---------------   ---------   ---------   ----   ------
  1   -8.434950941503                   -0.96    7.2    2.44s
  2   -8.436757960865       -2.74       -1.77    2.0    1.07s
  3   -8.436844189974       -4.06       -2.78    4.0    1.90s
  4   -8.436846238004       -5.69       -3.58    4.7    1.80s
  5   -8.436846338885       -7.00       -4.36    4.8    1.91s
  6   -8.436846342592       -8.43       -5.25    5.1    1.80s
  7   -8.436846342613      -10.67       -6.21    3.7    1.77s
  8   -8.436846342613      -12.66       -7.04    3.9    1.53s
n     Energy            log10(ΔE)   log10(Δρ)   Diag   Δtime
---   ---------------   ---------   ---------   ----   ------
  1   -8.434957790082                   -0.96    7.1    2.39s
  2   -8.436763247013       -2.74       -1.77    2.0    1.08s
  3   -8.436844100192       -4.09       -2.79    3.9    1.83s
  4   -8.436846242401       -5.67       -3.57    4.7    1.72s
  5   -8.436846339235       -7.01       -4.42    5.0    1.91s
  6   -8.436846342600       -8.47       -5.34    5.1    1.73s
  7   -8.436846342613      -10.87       -6.40    3.7    1.72s
  8   -8.436846342613      -12.92       -7.10    4.1    1.59s
     2    -8.436846e+00     9.077713e-05
 * time: 79.7656819820404
n     Energy            log10(ΔE)   log10(Δρ)   Diag   Δtime
---   ---------------   ---------   ---------   ----   ------
  1   -8.434963172087                   -0.96    7.0    2.37s
  2   -8.436762558664       -2.74       -1.77    2.0    1.31s
  3   -8.436844179696       -4.09       -2.79    3.9    1.55s
  4   -8.436846297953       -5.67       -3.57    4.7    1.93s
  5   -8.436846396549       -7.01       -4.42    4.9    1.63s
  6   -8.436846399950       -8.47       -5.32    5.0    1.97s
  7   -8.436846399962      -10.90       -6.34    3.8    1.50s
  8   -8.436846399963      -12.82       -7.08    4.0    1.77s
n     Energy            log10(ΔE)   log10(Δρ)   Diag   Δtime
---   ---------------   ---------   ---------   ----   ------
  1   -8.434978639127                   -0.96    7.1    2.43s
  2   -8.436760915367       -2.75       -1.77    2.0    1.34s
  3   -8.436844274657       -4.08       -2.79    4.1    1.60s
  4   -8.436846295944       -5.69       -3.58    4.8    1.94s
  5   -8.436846396263       -7.00       -4.37    5.0    1.66s
  6   -8.436846399939       -8.43       -5.25    5.1    1.92s
  7   -8.436846399962      -10.64       -6.20    3.7    1.50s
  8   -8.436846399963      -12.65       -7.07    3.7    1.73s
     3    -8.436846e+00     2.146759e-06
 * time: 118.49482583999634
n     Energy            log10(ΔE)   log10(Δρ)   Diag   Δtime
---   ---------------   ---------   ---------   ----   ------
  1   -8.434970257986                   -0.96    7.1    2.39s
  2   -8.436760926648       -2.75       -1.77    1.9    1.06s
  3   -8.436844096330       -4.08       -2.79    4.0    1.86s
  4   -8.436846295515       -5.66       -3.57    4.8    1.72s
  5   -8.436846396423       -7.00       -4.39    4.8    1.88s
  6   -8.436846399977       -8.45       -5.27    5.1    1.70s
  7   -8.436846399995      -10.76       -6.22    3.7    1.73s
  8   -8.436846399995      -12.67       -7.01    3.8    1.55s
n     Energy            log10(ΔE)   log10(Δρ)   Diag   Δtime
---   ---------------   ---------   ---------   ----   ------
  1   -8.434971870993                   -0.96    7.1    2.42s
  2   -8.436760346962       -2.75       -1.77    1.9    1.04s
  3   -8.436844264308       -4.08       -2.79    3.9    1.89s
  4   -8.436846295533       -5.69       -3.58    4.8    1.70s
  5   -8.436846396254       -7.00       -4.35    4.9    1.94s
  6   -8.436846399974       -8.43       -5.23    5.2    1.72s
  7   -8.436846399995      -10.69       -6.19    3.5    1.72s
  8   -8.436846399995      -12.60       -7.02    3.8    1.49s
     4    -8.436846e+00     1.243688e-09
 * time: 157.77163290977478
 * Status: success

 * Candidate solution
    Final objective value:     -8.436846e+00

 * Found with
    Algorithm:     L-BFGS

 * Convergence measures
    |x - x'|               = 2.99e-05 ≰ -1.0e+00
    |x - x'|/|x'|          = 2.91e-06 ≰ 0.0e+00
    |f(x) - f(x')|         = 3.22e-11 ≤ 1.0e-08
    |f(x) - f(x')|/|f(x')| = 3.82e-12 ≰ 0.0e+00
    |g(x)|                 = 1.24e-09 ≤ 1.0e-06

 * Work counters
    Seconds run:   158  (vs limit Inf)
    Iterations:    4
    f(x) calls:    5
    ∇f(x) calls:   5

Si: 226.297120 seconds (366.94 M allocations: 74.321 GiB, 7.76% gc time, 20.70% compilation time: <1% of which was recompilation)
┌ Info: 2025-05-13T20:10:10.341
│   name = "NaCl"
│   Ecut = 44.0
│   kgrid = MonkhorstPack([13, 13, 13])
│   p0 = ComponentVector{Float64}(a = 10.746130571470083)
│   temperature = 0
└   smearing = DFTK.Smearing.None()
n     Energy            log10(ΔE)   log10(Δρ)   Diag   Δtime
---   ---------------   ---------   ---------   ----   ------
  1   -62.11350943207                   -1.14    8.5    17.9s
  2   -62.11856381806       -2.30       -1.24    2.6    7.26s
  3   -62.12199230861       -2.46       -2.05    3.8    8.65s
  4   -62.12204864103       -4.25       -2.78    3.0    8.01s
  5   -62.12205007108       -5.84       -3.28    3.7    9.10s
  6   -62.12205064746       -6.24       -4.06    3.5    8.48s
  7   -62.12205065743       -8.00       -4.53    4.1    9.63s
  8   -62.12205065809       -9.18       -5.92    3.5    8.80s
  9   -62.12205065810      -11.09       -6.41    4.8    10.8s
 10   -62.12205065810      -12.67       -7.64    3.7    8.74s
Iter     Function value   Gradient norm 
     0    -6.212205e+01     5.277422e-03
 * time: 3.314018249511719e-5
n     Energy            log10(ΔE)   log10(Δρ)   Diag   Δtime
---   ---------------   ---------   ---------   ----   ------
  1   -62.11352558366                   -1.14    8.5    15.7s
  2   -62.11855386535       -2.30       -1.24    2.7    6.82s
  3   -62.12202023125       -2.46       -2.05    3.8    8.77s
  4   -62.12207623902       -4.25       -2.78    3.2    7.92s
  5   -62.12207766195       -5.85       -3.29    3.8    9.37s
  6   -62.12207822918       -6.25       -4.09    3.5    8.42s
  7   -62.12207823895       -8.01       -4.58    4.2    9.66s
  8   -62.12207823947       -9.28       -5.90    3.6    8.80s
  9   -62.12207823948      -11.14       -6.58    4.7    11.0s
 10   -62.12207823948      -12.85       -7.64    4.0    9.32s
n     Energy            log10(ΔE)   log10(Δρ)   Diag   Δtime
---   ---------------   ---------   ---------   ----   ------
  1   -62.11352830330                   -1.14    8.4    16.3s
  2   -62.11854381160       -2.30       -1.24    2.7    6.83s
  3   -62.12202016112       -2.46       -2.05    3.6    8.42s
  4   -62.12207626409       -4.25       -2.80    3.1    8.05s
  5   -62.12207768432       -5.85       -3.31    3.8    9.12s
  6   -62.12207822970       -6.26       -4.12    3.5    8.51s
  7   -62.12207823899       -8.03       -4.60    4.2    10.0s
  8   -62.12207823947       -9.32       -5.89    3.6    8.65s
  9   -62.12207823948      -11.14       -6.82    4.7    10.6s
 10   -62.12207823948      -13.15       -7.64    4.0    9.58s
     1    -6.212208e+01     5.175242e-03
 * time: 221.62776112556458
n     Energy            log10(ΔE)   log10(Δρ)   Diag   Δtime
---   ---------------   ---------   ---------   ----   ------
  1   -62.11320756324                   -1.13    8.5    17.3s
  2   -62.11850261063       -2.28       -1.21    2.5    7.31s
  3   -62.12274952020       -2.37       -2.02    3.6    9.05s
  4   -62.12282238963       -4.14       -2.80    2.8    8.24s
  5   -62.12282416418       -5.75       -3.31    3.8    10.1s
  6   -62.12282486347       -6.16       -4.09    3.5    9.48s
  7   -62.12282487676       -7.88       -4.52    4.1    10.6s
  8   -62.12282487749       -9.14       -5.94    3.4    9.23s
  9   -62.12282487750      -10.77       -6.54    5.0    12.1s
 10   -62.12282487751      -12.72       -7.49    3.7    9.34s
n     Energy            log10(ΔE)   log10(Δρ)   Diag   Δtime
---   ---------------   ---------   ---------   ----   ------
  1   -62.11320520001                   -1.13    8.5    16.9s
  2   -62.11851853021       -2.27       -1.21    2.7    7.43s
  3   -62.12274898900       -2.37       -2.01    3.7    9.41s
  4   -62.12282232311       -4.13       -2.78    2.8    7.83s
  5   -62.12282412710       -5.74       -3.28    3.8    9.87s
  6   -62.12282486206       -6.13       -4.05    3.4    9.35s
  7   -62.12282487664       -7.84       -4.51    4.0    10.1s
  8   -62.12282487749       -9.07       -5.90    3.5    9.49s
  9   -62.12282487750      -10.70       -6.47    4.9    12.1s
 10   -62.12282487751      -12.64       -7.41    3.7    9.41s
     2    -6.212282e+01     6.255701e-04
 * time: 459.5540261268616
n     Energy            log10(ΔE)   log10(Δρ)   Diag   Δtime
---   ---------------   ---------   ---------   ----   ------
  1   -62.11305573448                   -1.13    8.3    16.4s
  2   -62.11842830816       -2.27       -1.21    2.5    7.32s
  3   -62.12275865788       -2.36       -2.01    3.6    9.33s
  4   -62.12283525442       -4.12       -2.76    2.8    7.91s
  5   -62.12283712708       -5.73       -3.26    3.8    10.0s
  6   -62.12283790251       -6.11       -4.03    3.4    9.00s
  7   -62.12283791848       -7.80       -4.48    4.1    10.1s
  8   -62.12283791932       -9.08       -5.91    3.5    9.61s
  9   -62.12283791934      -10.68       -6.31    5.0    11.9s
 10   -62.12283791934      -12.51       -7.45    3.5    9.37s
n     Energy            log10(ΔE)   log10(Δρ)   Diag   Δtime
---   ---------------   ---------   ---------   ----   ------
  1   -62.11305697843                   -1.13    8.4    16.7s
  2   -62.11842429220       -2.27       -1.21    2.5    6.95s
  3   -62.12275956251       -2.36       -2.01    3.6    9.15s
  4   -62.12283525317       -4.12       -2.75    2.7    7.67s
  5   -62.12283713239       -5.73       -3.26    3.7    9.49s
  6   -62.12283790280       -6.11       -4.05    3.2    9.04s
  7   -62.12283791863       -7.80       -4.53    4.0    10.2s
  8   -62.12283791932       -9.16       -5.91    3.5    9.20s
  9   -62.12283791934      -10.69       -6.30    4.8    11.8s
 10   -62.12283791934      -12.46       -7.46    3.4    9.03s
     3    -6.212284e+01     8.736357e-05
 * time: 691.8713700771332
n     Energy            log10(ΔE)   log10(Δρ)   Diag   Δtime
---   ---------------   ---------   ---------   ----   ------
  1   -62.11302486679                   -1.13    8.6    16.9s
  2   -62.11837339255       -2.27       -1.20    2.6    7.38s
  3   -62.12275966415       -2.36       -2.01    3.5    9.20s
  4   -62.12283561014       -4.12       -2.83    2.8    7.67s
  5   -62.12283747267       -5.73       -3.33    3.8    10.1s
  6   -62.12283817118       -6.16       -4.11    3.3    8.97s
  7   -62.12283818445       -7.88       -4.53    4.0    10.6s
  8   -62.12283818518       -9.14       -5.88    3.4    9.27s
  9   -62.12283818520      -10.68       -6.62    4.9    11.9s
 10   -62.12283818520      -12.92       -7.36    3.5    9.44s
n     Energy            log10(ΔE)   log10(Δρ)   Diag   Δtime
---   ---------------   ---------   ---------   ----   ------
  1   -62.11302581719                   -1.13    8.5    17.2s
  2   -62.11841044381       -2.27       -1.20    2.6    7.30s
  3   -62.12275876617       -2.36       -2.01    3.6    9.33s
  4   -62.12283556759       -4.11       -2.78    2.7    7.74s
  5   -62.12283741359       -5.73       -3.28    3.7    9.89s
  6   -62.12283816859       -6.12       -4.06    3.3    8.94s
  7   -62.12283818439       -7.80       -4.51    3.9    10.3s
  8   -62.12283818518       -9.10       -5.93    3.4    9.09s
  9   -62.12283818520      -10.70       -6.41    5.1    12.3s
 10   -62.12283818520      -12.69       -7.51    3.7    9.52s
     4    -6.212284e+01     1.828666e-06
 * time: 927.2185671329498
n     Energy            log10(ΔE)   log10(Δρ)   Diag   Δtime
---   ---------------   ---------   ---------   ----   ------
  1   -62.11301594249                   -1.13    8.4    16.6s
  2   -62.11840566644       -2.27       -1.20    2.6    7.29s
  3   -62.12275834148       -2.36       -2.01    3.6    9.18s
  4   -62.12283550475       -4.11       -2.76    2.8    7.82s
  5   -62.12283739551       -5.72       -3.27    3.8    10.1s
  6   -62.12283816900       -6.11       -4.07    3.3    8.72s
  7   -62.12283818461       -7.81       -4.57    4.0    10.3s
  8   -62.12283818529       -9.16       -5.91    3.6    9.31s
  9   -62.12283818531      -10.69       -6.47    4.9    11.6s
 10   -62.12283818531      -12.81       -7.44    3.5    9.17s
n     Energy            log10(ΔE)   log10(Δρ)   Diag   Δtime
---   ---------------   ---------   ---------   ----   ------
  1   -62.11303324686                   -1.13    8.4    16.8s
  2   -62.11839766643       -2.27       -1.20    2.5    7.03s
  3   -62.12275945597       -2.36       -2.01    3.5    9.24s
  4   -62.12283555314       -4.12       -2.80    2.8    7.71s
  5   -62.12283743802       -5.72       -3.30    3.8    10.0s
  6   -62.12283817034       -6.14       -4.10    3.3    8.80s
  7   -62.12283818458       -7.85       -4.55    4.0    10.6s
  8   -62.12283818529       -9.15       -5.89    3.4    8.87s
  9   -62.12283818531      -10.68       -6.65    4.9    11.6s
 10   -62.12283818531      -12.63       -7.41    3.6    9.27s
     5    -6.212284e+01     3.816281e-09
 * time: 1159.2569661140442
 * Status: success

 * Candidate solution
    Final objective value:     -6.212284e+01

 * Found with
    Algorithm:     L-BFGS

 * Convergence measures
    |x - x'|               = 1.28e-04 ≰ -1.0e+00
    |x - x'|/|x'|          = 1.15e-05 ≰ 0.0e+00
    |f(x) - f(x')|         = 1.18e-10 ≤ 1.0e-08
    |f(x) - f(x')|/|f(x')| = 1.89e-12 ≰ 0.0e+00
    |g(x)|                 = 3.82e-09 ≤ 1.0e-06

 * Work counters
    Seconds run:   1159  (vs limit Inf)
    Iterations:    5
    f(x) calls:    6
    ∇f(x) calls:   6

NaCl: 1280.308045 seconds (1.41 G allocations: 401.594 GiB, 5.18% gc time, 0.24% compilation time)
┌ Info: 2025-05-13T20:31:30.678
│   name = "Al"
│   Ecut = 20.0
│   kgrid = MonkhorstPack([18, 18, 18])
│   p0 = ComponentVector{Float64}(a = 7.641925528121933)
│   temperature = 0.001
└   smearing = DFTK.Smearing.Gaussian()
n     Energy            log10(ΔE)   log10(Δρ)   Diag   Δtime
---   ---------------   ---------   ---------   ----   ------
  1   -2.313372658407                   -1.44    5.5    1.98s
  2   -2.313485834280       -3.95       -1.83    1.4    756ms
  3   -2.313513291549       -4.56       -3.52    3.4    1.51s
  4   -2.313513502441       -6.68       -4.07    4.5    1.55s
  5   -2.313513502693       -9.60       -4.54    2.5    1.24s
  6   -2.313513502729      -10.44       -5.06    2.5    969ms
  7   -2.313513502739      -11.02       -6.03    2.9    1.35s
  8   -2.313513502739      -13.05       -6.62    3.0    1.13s
  9   -2.313513502739      -14.75       -7.17    2.6    1.04s
Iter     Function value   Gradient norm 
     0    -2.313514e+00     2.431957e-03
 * time: 3.0040740966796875e-5
n     Energy            log10(ΔE)   log10(Δρ)   Diag   Δtime
---   ---------------   ---------   ---------   ----   ------
  1   -2.313378644629                   -1.44    5.4    1.98s
  2   -2.313491744020       -3.95       -1.83    1.4    733ms
  3   -2.313519077554       -4.56       -3.52    3.3    1.45s
  4   -2.313519297590       -6.66       -4.07    4.5    1.51s
  5   -2.313519297840       -9.60       -4.56    2.3    1.22s
  6   -2.313519297874      -10.47       -5.08    2.5    985ms
  7   -2.313519297882      -11.06       -6.00    2.8    1.36s
  8   -2.313519297882      -12.95       -6.59    3.1    1.16s
  9   -2.313519297882   +  -15.35       -7.12    2.6    1.04s
n     Energy            log10(ΔE)   log10(Δρ)   Diag   Δtime
---   ---------------   ---------   ---------   ----   ------
  1   -2.313380516081                   -1.44    5.4    1.93s
  2   -2.313491160994       -3.96       -1.83    1.4    741ms
  3   -2.313519095901       -4.55       -3.50    3.3    1.56s
  4   -2.313519297565       -6.70       -4.05    4.4    1.60s
  5   -2.313519297840       -9.56       -4.54    2.5    1.26s
  6   -2.313519297873      -10.48       -5.06    2.5    1.00s
  7   -2.313519297882      -11.03       -6.01    2.9    1.38s
  8   -2.313519297882      -12.93       -6.54    3.1    1.14s
  9   -2.313519297882      -14.45       -7.15    2.5    1.03s
     1    -2.313519e+00     2.333880e-03
 * time: 51.943318128585815
n     Energy            log10(ΔE)   log10(Δρ)   Diag   Δtime
---   ---------------   ---------   ---------   ----   ------
  1   -2.313459341496                   -1.44    5.5    1.88s
  2   -2.313558922916       -4.00       -1.83    1.4    799ms
  3   -2.313584239549       -4.60       -3.53    3.4    1.53s
  4   -2.313584484991       -6.61       -4.25    4.6    1.62s
  5   -2.313584485103       -9.95       -4.78    2.6    1.27s
  6   -2.313584485120      -10.76       -5.34    2.5    1.02s
  7   -2.313584485122      -11.61       -6.19    3.1    1.40s
  8   -2.313584485122      -13.34       -6.87    3.2    1.18s
  9   -2.313584485122      -15.35       -8.11    3.2    1.54s
n     Energy            log10(ΔE)   log10(Δρ)   Diag   Δtime
---   ---------------   ---------   ---------   ----   ------
  1   -2.313454606704                   -1.44    5.5    1.92s
  2   -2.313557636693       -3.99       -1.83    1.3    721ms
  3   -2.313584268498       -4.57       -3.49    3.4    1.49s
  4   -2.313584484975       -6.66       -4.23    4.4    1.63s
  5   -2.313584485105       -9.89       -4.80    2.7    1.29s
  6   -2.313584485120      -10.83       -5.36    2.6    991ms
  7   -2.313584485122      -11.64       -6.18    3.1    1.39s
  8   -2.313584485122      -13.35       -6.87    3.1    1.16s
  9   -2.313584485122      -14.75       -8.09    3.2    1.43s
     2    -2.313584e+00     1.606892e-04
 * time: 104.22170400619507
n     Energy            log10(ΔE)   log10(Δρ)   Diag   Δtime
---   ---------------   ---------   ---------   ----   ------
  1   -2.313465078426                   -1.44    5.5    1.90s
  2   -2.313559063815       -4.03       -1.83    1.4    788ms
  3   -2.313584521775       -4.59       -3.49    3.4    1.74s
  4   -2.313584751254       -6.64       -4.19    4.5    1.51s
  5   -2.313584751413       -9.80       -4.74    2.6    1.29s
  6   -2.313584751432      -10.73       -5.28    2.6    1.01s
  7   -2.313584751436      -11.45       -6.21    3.1    1.37s
  8   -2.313584751436      -13.35       -6.84    3.2    1.16s
  9   -2.313584751436      -14.65       -7.86    2.8    1.31s
n     Energy            log10(ΔE)   log10(Δρ)   Diag   Δtime
---   ---------------   ---------   ---------   ----   ------
  1   -2.313460535026                   -1.44    5.5    1.88s
  2   -2.313559068484       -4.01       -1.83    1.4    740ms
  3   -2.313584563437       -4.59       -3.49    3.3    1.49s
  4   -2.313584751270       -6.73       -4.21    4.5    1.52s
  5   -2.313584751413       -9.84       -4.73    2.8    1.34s
  6   -2.313584751432      -10.72       -5.29    2.5    961ms
  7   -2.313584751436      -11.48       -6.20    3.2    1.39s
  8   -2.313584751436      -13.34       -6.90    3.2    1.18s
  9   -2.313584751436      -14.75       -7.98    3.0    1.39s
     3    -2.313585e+00     1.733487e-05
 * time: 156.37623500823975
n     Energy            log10(ΔE)   log10(Δρ)   Diag   Δtime
---   ---------------   ---------   ---------   ----   ------
  1   -2.313460695726                   -1.44    5.4    1.90s
  2   -2.313558456406       -4.01       -1.83    1.4    719ms
  3   -2.313584489795       -4.58       -3.49    3.3    1.45s
  4   -2.313584754422       -6.58       -4.19    4.4    1.50s
  5   -2.313584754584       -9.79       -4.75    2.6    1.31s
  6   -2.313584754602      -10.75       -5.30    2.6    989ms
  7   -2.313584754606      -11.50       -6.18    3.1    1.39s
  8   -2.313584754606      -13.33       -6.82    3.1    1.25s
  9   -2.313584754606      -14.88       -8.01    3.0    1.38s
n     Energy            log10(ΔE)   log10(Δρ)   Diag   Δtime
---   ---------------   ---------   ---------   ----   ------
  1   -2.313463249487                   -1.44    5.4    1.90s
  2   -2.313558757312       -4.02       -1.83    1.3    715ms
  3   -2.313584498477       -4.59       -3.48    3.4    1.49s
  4   -2.313584754417       -6.59       -4.18    4.5    1.52s
  5   -2.313584754586       -9.77       -4.76    2.6    1.32s
  6   -2.313584754602      -10.80       -5.29    2.6    990ms
  7   -2.313584754606      -11.47       -6.19    3.0    1.35s
  8   -2.313584754606      -13.37       -6.83    3.2    1.15s
  9   -2.313584754606      -15.05       -7.71    2.8    1.30s
     4    -2.313585e+00     1.269250e-07
 * time: 207.943932056427
 * Status: success

 * Candidate solution
    Final objective value:     -2.313585e+00

 * Found with
    Algorithm:     L-BFGS

 * Convergence measures
    |x - x'|               = 3.63e-04 ≰ -1.0e+00
    |x - x'|/|x'|          = 4.79e-05 ≰ 0.0e+00
    |f(x) - f(x')|         = 3.17e-09 ≤ 1.0e-08
    |f(x) - f(x')|/|f(x')| = 1.37e-09 ≰ 0.0e+00
    |g(x)|                 = 1.27e-07 ≤ 1.0e-06

 * Work counters
    Seconds run:   208  (vs limit Inf)
    Iterations:    4
    f(x) calls:    5
    ∇f(x) calls:   5

Al: 239.108370 seconds (203.03 M allocations: 48.497 GiB, 6.63% gc time, 0.00% compilation time)
┌ Info: 2025-05-13T20:35:29.787
│   name = "V"
│   Ecut = 42.0
│   kgrid = MonkhorstPack([20, 20, 20])
│   p0 = ComponentVector{Float64}(a = 5.699267600684394)
│   temperature = 0.001
└   smearing = DFTK.Smearing.Gaussian()
┌ Warning: Negative ρcore detected: -3.4151886922104144e-8
└ @ DFTK ~/.julia/packages/DFTK/n2IL4/src/terms/xc.jl:39
n     Energy            log10(ΔE)   log10(Δρ)   Diag   Δtime
---   ---------------   ---------   ---------   ----   ------
  1   -73.67335906279                   -0.85    9.7    8.80s
  2   -73.68698909195       -1.87       -1.06    5.4    5.21s
  3   -73.69373784487       -2.17       -1.39    6.8    6.56s
  4   -73.69494842872       -2.92       -1.78    5.8    5.35s
  5   -73.69508350701       -3.87       -2.16    4.9    5.02s
  6   -73.69511291601       -4.53       -3.07    5.6    5.85s
  7   -73.69511294342       -7.56       -3.54    4.3    4.73s
  8   -73.69511294891       -8.26       -4.09    5.2    5.20s
  9   -73.69511294911       -9.69       -4.59    3.9    4.46s
 10   -73.69511294951       -9.41       -5.33    5.5    5.51s
 11   -73.69511294951      -12.49       -5.95    4.8    5.07s
 12   -73.69511294951   +  -12.50       -6.56    5.4    5.51s
 13   -73.69511294951      -12.85       -7.27    5.4    5.35s
┌ Warning: Negative ρcore detected: Dual{ForwardDiff.Tag{var"#19#21"{@NamedTuple{ham::Hamiltonian, basis::PlaneWaveBasis{Float64, Float64, DFTK.CPU, FFTGrid{Float64, Float64, Array{StaticArraysCore.SVector{3, Int64}, 3}, Array{StaticArraysCore.SVector{3, Float64}, 3}}, Vector{StaticArraysCore.SVector{3, Int64}}}, energies::Energies{Float64}, converged::Bool, occupation_threshold::Float64, ρ::Array{Float64, 4}, τ::Nothing, α::Float64, eigenvalues::Vector{Vector{Float64}}, occupation::Vector{Vector{Float64}}, εF::Float64, n_bands_converge::Int64, n_iter::Int64, n_matvec::Int64, ψ::Vector{Matrix{ComplexF64}}, diagonalization::Vector{@NamedTuple{λ::Vector{Vector{Float64}}, X::Vector{Matrix{ComplexF64}}, residual_norms::Vector{Vector{Float64}}, n_iter::Vector{Int64}, converged::Bool, n_matvec::Int64}}, stage::Symbol, history_Δρ::Vector{Float64}, history_Etot::Vector{Float64}, timedout::Bool, runtime_ns::UInt64, algorithm::String}, Model{Float64, Float64}, Float64, MonkhorstPack, var"#case#4"{Matrix{Float64}, Float64, MonkhorstPack, Vector{StaticArraysCore.SVector{3, Float64}}, Vector{ElementPsp{PspUpf{Float64, Interpolations.Extrapolation{Float64, 1, Interpolations.GriddedInterpolation{Float64, 1, Vector{Float64}, Interpolations.Gridded{Interpolations.Linear{Interpolations.Throw{Interpolations.OnGrid}}}, Tuple{Vector{Float64}}}, Interpolations.Gridded{Interpolations.Linear{Interpolations.Throw{Interpolations.OnGrid}}}, Interpolations.Throw{Nothing}}}}}, Float64, Float64, String}}, Float64}}(-3.4151886922104144e-8,-1.2413273474001241e-8)
└ @ DFTK ~/.julia/packages/DFTK/n2IL4/src/terms/xc.jl:39
Iter     Function value   Gradient norm 
     0    -7.369511e+01     7.928485e-03
 * time: 3.1948089599609375e-5
┌ Warning: Negative ρcore detected: -3.391942831000784e-8
└ @ DFTK ~/.julia/packages/DFTK/n2IL4/src/terms/xc.jl:39
n     Energy            log10(ΔE)   log10(Δρ)   Diag   Δtime
---   ---------------   ---------   ---------   ----   ------
  1   -73.67359068967                   -0.85    9.8    9.20s
  2   -73.68709743252       -1.87       -1.06    5.6    5.35s
  3   -73.69381391669       -2.17       -1.39    7.0    6.81s
  4   -73.69500505453       -2.92       -1.78    5.9    5.51s
  5   -73.69514318697       -3.86       -2.17    5.0    5.08s
  6   -73.69517103931       -4.56       -3.07    5.6    5.74s
  7   -73.69517107608       -7.43       -3.54    4.5    4.97s
  8   -73.69517108200       -8.23       -4.13    5.3    5.35s
  9   -73.69517108229       -9.52       -4.56    3.9    4.83s
 10   -73.69517108270       -9.39       -5.27    5.5    5.40s
 11   -73.69517108270      -12.01       -6.01    5.4    5.54s
 12   -73.69517108270      -11.82       -6.62    5.7    5.73s
 13   -73.69517108270   +  -13.00       -7.31    5.3    5.23s
┌ Warning: Negative ρcore detected: -3.391942831000784e-8
└ @ DFTK ~/.julia/packages/DFTK/n2IL4/src/terms/xc.jl:39
n     Energy            log10(ΔE)   log10(Δρ)   Diag   Δtime
---   ---------------   ---------   ---------   ----   ------
  1   -73.67359495470                   -0.85    9.8    8.94s
  2   -73.68708576132       -1.87       -1.06    5.5    5.31s
  3   -73.69381550776       -2.17       -1.39    6.9    6.69s
  4   -73.69500461551       -2.92       -1.78    5.9    5.54s
  5   -73.69514341287       -3.86       -2.17    5.0    5.16s
  6   -73.69517104118       -4.56       -3.07    5.5    5.72s
  7   -73.69517107656       -7.45       -3.54    4.4    4.81s
  8   -73.69517108201       -8.26       -4.14    5.3    5.29s
  9   -73.69517108232       -9.51       -4.57    3.9    4.40s
 10   -73.69517108270       -9.42       -5.29    5.5    5.38s
 11   -73.69517108270      -11.73       -6.09    4.9    5.08s
 12   -73.69517108270      -12.15       -6.71    5.6    5.52s
 13   -73.69517108270   +  -12.73       -7.20    5.2    5.11s
┌ Warning: Negative ρcore detected: Dual{ForwardDiff.Tag{var"#19#21"{@NamedTuple{ham::Hamiltonian, basis::PlaneWaveBasis{Float64, Float64, DFTK.CPU, FFTGrid{Float64, Float64, Array{StaticArraysCore.SVector{3, Int64}, 3}, Array{StaticArraysCore.SVector{3, Float64}, 3}}, Vector{StaticArraysCore.SVector{3, Int64}}}, energies::Energies{Float64}, converged::Bool, occupation_threshold::Float64, ρ::Array{Float64, 4}, τ::Nothing, α::Float64, eigenvalues::Vector{Vector{Float64}}, occupation::Vector{Vector{Float64}}, εF::Float64, n_bands_converge::Int64, n_iter::Int64, n_matvec::Int64, ψ::Vector{Matrix{ComplexF64}}, diagonalization::Vector{@NamedTuple{λ::Vector{Vector{Float64}}, X::Vector{Matrix{ComplexF64}}, residual_norms::Vector{Vector{Float64}}, n_iter::Vector{Int64}, converged::Bool, n_matvec::Int64}}, stage::Symbol, history_Δρ::Vector{Float64}, history_Etot::Vector{Float64}, timedout::Bool, runtime_ns::UInt64, algorithm::String}, Model{Float64, Float64}, Float64, MonkhorstPack, var"#case#4"{Matrix{Float64}, Float64, MonkhorstPack, Vector{StaticArraysCore.SVector{3, Float64}}, Vector{ElementPsp{PspUpf{Float64, Interpolations.Extrapolation{Float64, 1, Interpolations.GriddedInterpolation{Float64, 1, Vector{Float64}, Interpolations.Gridded{Interpolations.Linear{Interpolations.Throw{Interpolations.OnGrid}}}, Tuple{Vector{Float64}}}, Interpolations.Gridded{Interpolations.Linear{Interpolations.Throw{Interpolations.OnGrid}}}, Interpolations.Throw{Nothing}}}}}, Float64, Float64, String}}, Float64}}(-3.391942831000784e-8,-4.654958861218147e-8)
└ @ DFTK ~/.julia/packages/DFTK/n2IL4/src/terms/xc.jl:39
     1    -7.369517e+01     6.732727e-03
 * time: 205.21694493293762
┌ Warning: Negative ρcore detected: -3.134547603519321e-8
└ @ DFTK ~/.julia/packages/DFTK/n2IL4/src/terms/xc.jl:39
n     Energy            log10(ΔE)   log10(Δρ)   Diag   Δtime
---   ---------------   ---------   ---------   ----   ------
  1   -73.67500246055                   -0.85    9.7    8.72s
  2   -73.68733174017       -1.91       -1.06    5.4    5.11s
  3   -73.69403157928       -2.17       -1.40    6.9    6.57s
  4   -73.69514001275       -2.96       -1.77    5.7    5.41s
  5   -73.69530012014       -3.80       -2.25    5.1    5.13s
  6   -73.69531848227       -4.74       -3.07    5.5    5.57s
  7   -73.69531850359       -7.67       -3.50    4.1    4.67s
  8   -73.69531850679       -8.49       -4.10    4.3    4.73s
  9   -73.69531850661   +   -9.75       -4.49    4.8    5.21s
 10   -73.69531850699       -9.42       -4.74    5.0    4.91s
 11   -73.69531850702      -10.54       -5.58    4.6    4.79s
 12   -73.69531850703      -11.20       -6.23    4.8    5.37s
 13   -73.69531850703      -12.22       -6.59    4.9    5.14s
 14   -73.69531850703      -12.17       -6.93    5.5    5.26s
 15   -73.69531850703      -12.53       -8.06    4.9    4.86s
┌ Warning: Negative ρcore detected: -3.134547603519321e-8
└ @ DFTK ~/.julia/packages/DFTK/n2IL4/src/terms/xc.jl:39
n     Energy            log10(ΔE)   log10(Δρ)   Diag   Δtime
---   ---------------   ---------   ---------   ----   ------
  1   -73.67501463900                   -0.85    9.7    8.93s
  2   -73.68732735975       -1.91       -1.06    5.3    5.20s
  3   -73.69403216725       -2.17       -1.40    6.8    6.64s
  4   -73.69514003170       -2.96       -1.77    5.7    5.52s
  5   -73.69530016536       -3.80       -2.25    5.1    5.13s
  6   -73.69531848306       -4.74       -3.07    5.5    5.69s
  7   -73.69531850362       -7.69       -3.51    4.2    4.69s
  8   -73.69531850679       -8.50       -4.11    4.4    5.11s
  9   -73.69531850658   +   -9.68       -4.51    4.9    5.30s
 10   -73.69531850699       -9.39       -4.76    5.1    5.33s
 11   -73.69531850702      -10.51       -5.60    4.7    4.94s
 12   -73.69531850703      -11.21       -6.24    4.7    5.53s
 13   -73.69531850703      -12.49       -6.55    5.0    5.39s
 14   -73.69531850703      -12.08       -6.98    5.4    5.25s
 15   -73.69531850703      -12.73       -8.08    5.0    5.18s
┌ Warning: Negative ρcore detected: Dual{ForwardDiff.Tag{var"#19#21"{@NamedTuple{ham::Hamiltonian, basis::PlaneWaveBasis{Float64, Float64, DFTK.CPU, FFTGrid{Float64, Float64, Array{StaticArraysCore.SVector{3, Int64}, 3}, Array{StaticArraysCore.SVector{3, Float64}, 3}}, Vector{StaticArraysCore.SVector{3, Int64}}}, energies::Energies{Float64}, converged::Bool, occupation_threshold::Float64, ρ::Array{Float64, 4}, τ::Nothing, α::Float64, eigenvalues::Vector{Vector{Float64}}, occupation::Vector{Vector{Float64}}, εF::Float64, n_bands_converge::Int64, n_iter::Int64, n_matvec::Int64, ψ::Vector{Matrix{ComplexF64}}, diagonalization::Vector{@NamedTuple{λ::Vector{Vector{Float64}}, X::Vector{Matrix{ComplexF64}}, residual_norms::Vector{Vector{Float64}}, n_iter::Vector{Int64}, converged::Bool, n_matvec::Int64}}, stage::Symbol, history_Δρ::Vector{Float64}, history_Etot::Vector{Float64}, timedout::Bool, runtime_ns::UInt64, algorithm::String}, Model{Float64, Float64}, Float64, MonkhorstPack, var"#case#4"{Matrix{Float64}, Float64, MonkhorstPack, Vector{StaticArraysCore.SVector{3, Float64}}, Vector{ElementPsp{PspUpf{Float64, Interpolations.Extrapolation{Float64, 1, Interpolations.GriddedInterpolation{Float64, 1, Vector{Float64}, Interpolations.Gridded{Interpolations.Linear{Interpolations.Throw{Interpolations.OnGrid}}}, Tuple{Vector{Float64}}}, Interpolations.Gridded{Interpolations.Linear{Interpolations.Throw{Interpolations.OnGrid}}}, Interpolations.Throw{Nothing}}}}}, Float64, Float64, String}}, Float64}}(-3.134547603519321e-8,-2.9391739454276474e-8)
└ @ DFTK ~/.julia/packages/DFTK/n2IL4/src/terms/xc.jl:39
     2    -7.369532e+01     1.864768e-04
 * time: 428.83367395401
┌ Warning: Negative ρcore detected: -3.1377738904773576e-8
└ @ DFTK ~/.julia/packages/DFTK/n2IL4/src/terms/xc.jl:39
n     Energy            log10(ΔE)   log10(Δρ)   Diag   Δtime
---   ---------------   ---------   ---------   ----   ------
  1   -73.67497896641                   -0.85    9.8    8.69s
  2   -73.68731988923       -1.91       -1.06    5.5    5.60s
  3   -73.69403004755       -2.17       -1.40    6.9    7.16s
  4   -73.69514144925       -2.95       -1.77    5.8    5.77s
  5   -73.69530021394       -3.80       -2.25    5.1    5.25s
  6   -73.69531858979       -4.74       -3.07    5.5    5.67s
  7   -73.69531861969       -7.52       -3.51    4.2    4.72s
  8   -73.69531862310       -8.47       -4.11    4.4    4.78s
  9   -73.69531862305   +  -10.30       -4.50    4.9    5.25s
 10   -73.69531862336       -9.51       -4.75    5.1    5.03s
 11   -73.69531862339      -10.50       -5.60    4.7    4.84s
 12   -73.69531862339      -11.76       -6.25    4.7    5.20s
 13   -73.69531862339      -13.15       -6.59    4.9    5.25s
 14   -73.69531862339      -13.15       -6.96    5.5    5.30s
 15   -73.69531862339      -13.55       -8.11    5.0    5.07s
┌ Warning: Negative ρcore detected: -3.1377738904773576e-8
└ @ DFTK ~/.julia/packages/DFTK/n2IL4/src/terms/xc.jl:39
n     Energy            log10(ΔE)   log10(Δρ)   Diag   Δtime
---   ---------------   ---------   ---------   ----   ------
  1   -73.67497632117                   -0.85    9.8    8.77s
  2   -73.68731930096       -1.91       -1.06    5.5    5.17s
  3   -73.69403053776       -2.17       -1.40    6.9    6.60s
  4   -73.69514160637       -2.95       -1.77    5.8    5.37s
  5   -73.69530039931       -3.80       -2.25    5.1    5.19s
  6   -73.69531859101       -4.74       -3.07    5.7    5.72s
  7   -73.69531861963       -7.54       -3.52    4.3    4.67s
  8   -73.69531862317       -8.45       -4.13    4.5    4.87s
  9   -73.69531862303   +   -9.84       -4.51    5.0    5.27s
 10   -73.69531862336       -9.48       -4.76    5.2    4.99s
 11   -73.69531862339      -10.53       -5.59    4.5    4.68s
 12   -73.69531862339      -11.72       -6.23    4.8    5.10s
 13   -73.69531862339      -13.55       -6.59    5.0    5.21s
 14   -73.69531862339      -13.00       -6.96    5.5    5.28s
 15   -73.69531862339   +  -13.25       -8.03    5.1    5.02s
┌ Warning: Negative ρcore detected: Dual{ForwardDiff.Tag{var"#19#21"{@NamedTuple{ham::Hamiltonian, basis::PlaneWaveBasis{Float64, Float64, DFTK.CPU, FFTGrid{Float64, Float64, Array{StaticArraysCore.SVector{3, Int64}, 3}, Array{StaticArraysCore.SVector{3, Float64}, 3}}, Vector{StaticArraysCore.SVector{3, Int64}}}, energies::Energies{Float64}, converged::Bool, occupation_threshold::Float64, ρ::Array{Float64, 4}, τ::Nothing, α::Float64, eigenvalues::Vector{Vector{Float64}}, occupation::Vector{Vector{Float64}}, εF::Float64, n_bands_converge::Int64, n_iter::Int64, n_matvec::Int64, ψ::Vector{Matrix{ComplexF64}}, diagonalization::Vector{@NamedTuple{λ::Vector{Vector{Float64}}, X::Vector{Matrix{ComplexF64}}, residual_norms::Vector{Vector{Float64}}, n_iter::Vector{Int64}, converged::Bool, n_matvec::Int64}}, stage::Symbol, history_Δρ::Vector{Float64}, history_Etot::Vector{Float64}, timedout::Bool, runtime_ns::UInt64, algorithm::String}, Model{Float64, Float64}, Float64, MonkhorstPack, var"#case#4"{Matrix{Float64}, Float64, MonkhorstPack, Vector{StaticArraysCore.SVector{3, Float64}}, Vector{ElementPsp{PspUpf{Float64, Interpolations.Extrapolation{Float64, 1, Interpolations.GriddedInterpolation{Float64, 1, Vector{Float64}, Interpolations.Gridded{Interpolations.Linear{Interpolations.Throw{Interpolations.OnGrid}}}, Tuple{Vector{Float64}}}, Interpolations.Gridded{Interpolations.Linear{Interpolations.Throw{Interpolations.OnGrid}}}, Interpolations.Throw{Nothing}}}}}, Float64, Float64, String}}, Float64}}(-3.1377738904773576e-8,-2.4248407044794782e-8)
└ @ DFTK ~/.julia/packages/DFTK/n2IL4/src/terms/xc.jl:39
     3    -7.369532e+01     5.102556e-06
 * time: 651.6661288738251
┌ Warning: Negative ρcore detected: -3.137695952461887e-8
└ @ DFTK ~/.julia/packages/DFTK/n2IL4/src/terms/xc.jl:39
n     Energy            log10(ΔE)   log10(Δρ)   Diag   Δtime
---   ---------------   ---------   ---------   ----   ------
  1   -73.67497330405                   -0.85    9.9    8.67s
  2   -73.68732677597       -1.91       -1.06    5.4    5.25s
  3   -73.69402963597       -2.17       -1.40    7.0    6.65s
  4   -73.69514107658       -2.95       -1.77    5.9    5.45s
  5   -73.69530045557       -3.80       -2.25    5.1    5.14s
  6   -73.69531858975       -4.74       -3.07    5.6    5.98s
  7   -73.69531861960       -7.52       -3.51    4.2    4.66s
  8   -73.69531862318       -8.45       -4.10    4.6    4.84s
  9   -73.69531862310   +  -10.10       -4.52    4.9    5.23s
 10   -73.69531862344       -9.47       -4.76    5.3    5.35s
 11   -73.69531862347      -10.51       -5.57    4.7    4.88s
 12   -73.69531862348      -11.75       -6.28    4.9    5.25s
 13   -73.69531862348      -12.70       -6.47    5.3    5.41s
 14   -73.69531862348      -13.85       -6.89    5.4    5.15s
 15   -73.69531862348   +  -12.73       -8.00    5.0    5.06s
┌ Warning: Negative ρcore detected: -3.137695952461887e-8
└ @ DFTK ~/.julia/packages/DFTK/n2IL4/src/terms/xc.jl:39
n     Energy            log10(ΔE)   log10(Δρ)   Diag   Δtime
---   ---------------   ---------   ---------   ----   ------
  1   -73.67497258856                   -0.85    9.8    9.05s
  2   -73.68733760794       -1.91       -1.06    5.5    5.38s
  3   -73.69402844648       -2.17       -1.40    7.0    6.56s
  4   -73.69514142657       -2.95       -1.77    5.8    5.39s
  5   -73.69530109554       -3.80       -2.26    5.1    5.29s
  6   -73.69531858944       -4.76       -3.07    5.6    5.72s
  7   -73.69531861984       -7.52       -3.51    4.2    4.74s
  8   -73.69531862314       -8.48       -4.10    4.6    4.94s
  9   -73.69531862311   +  -10.49       -4.51    4.7    5.18s
 10   -73.69531862344       -9.48       -4.76    5.2    5.52s
 11   -73.69531862347      -10.51       -5.60    4.8    4.91s
 12   -73.69531862348      -11.89       -6.25    4.9    5.25s
 13   -73.69531862348      -12.85       -6.55    5.2    5.32s
 14   -73.69531862348      -13.00       -6.98    5.4    5.20s
 15   -73.69531862348   +  -13.55       -8.08    5.1    5.18s
┌ Warning: Negative ρcore detected: Dual{ForwardDiff.Tag{var"#19#21"{@NamedTuple{ham::Hamiltonian, basis::PlaneWaveBasis{Float64, Float64, DFTK.CPU, FFTGrid{Float64, Float64, Array{StaticArraysCore.SVector{3, Int64}, 3}, Array{StaticArraysCore.SVector{3, Float64}, 3}}, Vector{StaticArraysCore.SVector{3, Int64}}}, energies::Energies{Float64}, converged::Bool, occupation_threshold::Float64, ρ::Array{Float64, 4}, τ::Nothing, α::Float64, eigenvalues::Vector{Vector{Float64}}, occupation::Vector{Vector{Float64}}, εF::Float64, n_bands_converge::Int64, n_iter::Int64, n_matvec::Int64, ψ::Vector{Matrix{ComplexF64}}, diagonalization::Vector{@NamedTuple{λ::Vector{Vector{Float64}}, X::Vector{Matrix{ComplexF64}}, residual_norms::Vector{Vector{Float64}}, n_iter::Vector{Int64}, converged::Bool, n_matvec::Int64}}, stage::Symbol, history_Δρ::Vector{Float64}, history_Etot::Vector{Float64}, timedout::Bool, runtime_ns::UInt64, algorithm::String}, Model{Float64, Float64}, Float64, MonkhorstPack, var"#case#4"{Matrix{Float64}, Float64, MonkhorstPack, Vector{StaticArraysCore.SVector{3, Float64}}, Vector{ElementPsp{PspUpf{Float64, Interpolations.Extrapolation{Float64, 1, Interpolations.GriddedInterpolation{Float64, 1, Vector{Float64}, Interpolations.Gridded{Interpolations.Linear{Interpolations.Throw{Interpolations.OnGrid}}}, Tuple{Vector{Float64}}}, Interpolations.Gridded{Interpolations.Linear{Interpolations.Throw{Interpolations.OnGrid}}}, Interpolations.Throw{Nothing}}}}}, Float64, Float64, String}}, Float64}}(-3.137695952461887e-8,-2.4384779864582284e-8)
└ @ DFTK ~/.julia/packages/DFTK/n2IL4/src/terms/xc.jl:39
     4    -7.369532e+01     1.504675e-09
 * time: 875.6968410015106
 * Status: success

 * Candidate solution
    Final objective value:     -7.369532e+01

 * Found with
    Algorithm:     L-BFGS

 * Convergence measures
    |x - x'|               = 3.20e-05 ≰ -1.0e+00
    |x - x'|/|x'|          = 5.67e-06 ≰ 0.0e+00
    |f(x) - f(x')|         = 8.16e-11 ≤ 1.0e-08
    |f(x) - f(x')|/|f(x')| = 1.11e-12 ≰ 0.0e+00
    |g(x)|                 = 1.50e-09 ≤ 1.0e-06

 * Work counters
    Seconds run:   876  (vs limit Inf)
    Iterations:    4
    f(x) calls:    5
    ∇f(x) calls:   5

V: 988.459406 seconds (731.16 M allocations: 348.359 GiB, 5.76% gc time, 0.01% compilation time)
