┌ Info: Threading setup: 
│   Threads.nthreads() = 1
│   n_DFTK = 1
│   n_fft = 1
└   n_blas = 1
┌ Info: 2025-05-13T20:36:33.797
│   name = "Si"
│   Ecut = 18.0
│   kgrid = MonkhorstPack([14, 14, 14])
│   p0 = ComponentVector{Float64}(a = 10.347246312603742)
│   temperature = 0.001
└   smearing = DFTK.Smearing.Gaussian()
n     Energy            log10(ΔE)   log10(Δρ)   Diag   Δtime
---   ---------------   ---------   ---------   ----   ------
  1   -8.452885798928                   -0.96    7.0    11.0s
  2   -8.454450130309       -2.81       -1.74    1.7    4.49s
  3   -8.454540884999       -4.04       -2.74    3.9    1.94s
  4   -8.454544567724       -5.43       -3.52    4.9    1.85s
  5   -8.454544780286       -6.67       -4.29    4.9    2.11s
  6   -8.454544789588       -8.03       -5.20    5.1    1.80s
  7   -8.454544789683      -10.02       -6.04    4.7    2.03s
  8   -8.454544789683      -12.15       -6.89    3.8    1.59s
  9   -8.454544789683      -13.71       -7.69    4.3    1.83s
Iter     Function value   Gradient norm 
     0    -8.454545e+00     6.644416e-04
 * time: 4.291534423828125e-5
n     Energy            log10(ΔE)   log10(Δρ)   Diag   Δtime
---   ---------------   ---------   ---------   ----   ------
  1   -8.452888631855                   -0.96    7.0    2.57s
  2   -8.454455145808       -2.81       -1.74    1.9    1.14s
  3   -8.454541175723       -4.07       -2.74    4.0    1.94s
  4   -8.454544995370       -5.42       -3.51    4.8    2.13s
  5   -8.454545207842       -6.67       -4.33    4.8    1.80s
  6   -8.454545215999       -8.09       -5.25    5.2    2.12s
  7   -8.454545216077      -10.11       -6.26    4.7    1.84s
  8   -8.454545216078      -12.22       -6.95    4.4    2.04s
  9   -8.454545216078      -13.80       -7.64    4.0    1.54s
n     Energy            log10(ΔE)   log10(Δρ)   Diag   Δtime
---   ---------------   ---------   ---------   ----   ------
  1   -8.452889951588                   -0.96    7.1    2.50s
  2   -8.454457393067       -2.80       -1.74    2.0    1.13s
  3   -8.454540977885       -4.08       -2.74    4.0    1.90s
  4   -8.454544998384       -5.40       -3.50    4.9    2.09s
  5   -8.454545208454       -6.68       -4.35    5.0    1.80s
  6   -8.454545215994       -8.12       -5.25    5.2    2.09s
  7   -8.454545216077      -10.08       -6.35    4.7    1.78s
  8   -8.454545216078      -12.34       -7.06    4.7    2.05s
     1    -8.454545e+00     6.190023e-04
 * time: 45.30022883415222
n     Energy            log10(ΔE)   log10(Δρ)   Diag   Δtime
---   ---------------   ---------   ---------   ----   ------
  1   -8.452849600196                   -0.96    7.3    2.56s
  2   -8.454453892530       -2.79       -1.74    1.9    1.10s
  3   -8.454544321390       -4.04       -2.74    3.9    1.88s
  4   -8.454547801721       -5.46       -3.53    4.9    2.04s
  5   -8.454548000371       -6.70       -4.30    5.0    1.77s
  6   -8.454548009041       -8.06       -5.23    5.1    2.03s
  7   -8.454548009119      -10.11       -6.19    4.6    1.84s
  8   -8.454548009120      -12.19       -6.89    4.3    1.93s
  9   -8.454548009120      -13.85       -7.78    4.0    1.51s
n     Energy            log10(ΔE)   log10(Δρ)   Diag   Δtime
---   ---------------   ---------   ---------   ----   ------
  1   -8.452850039737                   -0.96    7.4    2.58s
  2   -8.454449786903       -2.80       -1.74    1.9    1.10s
  3   -8.454544279912       -4.02       -2.74    3.9    1.88s
  4   -8.454547804581       -5.45       -3.52    5.0    2.08s
  5   -8.454547999973       -6.71       -4.29    4.9    1.75s
  6   -8.454548009030       -8.04       -5.22    5.1    2.04s
  7   -8.454548009119      -10.05       -6.22    4.7    1.79s
  8   -8.454548009120      -12.22       -6.96    4.3    1.97s
  9   -8.454548009120      -13.80       -7.86    4.3    1.54s
     2    -8.454548e+00     2.775588e-06
 * time: 89.67493295669556
n     Energy            log10(ΔE)   log10(Δρ)   Diag   Δtime
---   ---------------   ---------   ---------   ----   ------
  1   -8.452847136373                   -0.96    7.3    2.59s
  2   -8.454453665893       -2.79       -1.74    2.0    1.37s
  3   -8.454544186343       -4.04       -2.74    3.9    1.67s
  4   -8.454547802416       -5.44       -3.52    4.9    2.11s
  5   -8.454548000801       -6.70       -4.31    4.9    1.80s
  6   -8.454548009084       -8.08       -5.22    5.2    2.04s
  7   -8.454548009175      -10.04       -6.12    4.7    1.82s
  8   -8.454548009176      -12.20       -6.89    4.3    1.92s
  9   -8.454548009176      -13.75       -7.65    4.1    1.58s
n     Energy            log10(ΔE)   log10(Δρ)   Diag   Δtime
---   ---------------   ---------   ---------   ----   ------
  1   -8.452854247908                   -0.96    7.3    2.57s
  2   -8.454454162313       -2.80       -1.74    1.8    1.09s
  3   -8.454544201689       -4.05       -2.74    4.0    1.92s
  4   -8.454547800871       -5.44       -3.51    4.9    2.13s
  5   -8.454548000900       -6.70       -4.34    5.0    1.82s
  6   -8.454548009108       -8.09       -5.25    5.5    2.25s
  7   -8.454548009175      -10.17       -6.37    4.8    1.81s
  8   -8.454548009176      -12.37       -7.16    4.6    2.02s
     3    -8.454548e+00     4.630578e-09
 * time: 133.7120258808136
 * Status: success

 * Candidate solution
    Final objective value:     -8.454548e+00

 * Found with
    Algorithm:     L-BFGS

 * Convergence measures
    |x - x'|               = 4.04e-05 ≰ -1.0e+00
    |x - x'|/|x'|          = 3.91e-06 ≰ 0.0e+00
    |f(x) - f(x')|         = 5.57e-11 ≤ 1.0e-08
    |f(x) - f(x')|/|f(x')| = 6.59e-12 ≰ 0.0e+00
    |g(x)|                 = 4.63e-09 ≤ 1.0e-06

 * Work counters
    Seconds run:   134  (vs limit Inf)
    Iterations:    3
    f(x) calls:    4
    ∇f(x) calls:   4

Si: 205.052825 seconds (323.44 M allocations: 64.030 GiB, 7.33% gc time, 22.88% compilation time: <1% of which was recompilation)
┌ Info: 2025-05-13T20:39:59.476
│   name = "NaCl"
│   Ecut = 44.0
│   kgrid = MonkhorstPack([13, 13, 13])
│   p0 = ComponentVector{Float64}(a = 10.746130571470083)
│   temperature = 0
└   smearing = DFTK.Smearing.None()
n     Energy            log10(ΔE)   log10(Δρ)   Diag   Δtime
---   ---------------   ---------   ---------   ----   ------
  1   -62.24323303953                   -1.11    8.5    18.0s
  2   -62.24940868496       -2.21       -1.22    2.7    7.06s
  3   -62.25310116141       -2.43       -2.02    3.5    7.90s
  4   -62.25317285293       -4.14       -2.84    2.9    7.40s
  5   -62.25317503971       -5.66       -3.47    3.9    9.22s
  6   -62.25317561187       -6.24       -4.11    3.8    8.85s
  7   -62.25317563189       -7.70       -4.59    3.9    9.04s
  8   -62.25317563276       -9.06       -5.71    3.5    8.57s
  9   -62.25317563278      -10.72       -6.53    4.3    9.94s
 10   -62.25317563278      -12.59       -7.64    4.2    9.76s
Iter     Function value   Gradient norm 
     0    -6.225318e+01     8.821656e-03
 * time: 3.504753112792969e-5
n     Energy            log10(ΔE)   log10(Δρ)   Diag   Δtime
---   ---------------   ---------   ---------   ----   ------
  1   -62.24328501468                   -1.11    8.4    15.5s
  2   -62.24941462744       -2.21       -1.22    2.8    6.71s
  3   -62.25317968614       -2.42       -2.03    3.6    8.36s
  4   -62.25325005744       -4.15       -2.91    2.8    7.56s
  5   -62.25325227605       -5.65       -3.56    4.1    9.57s
  6   -62.25325261377       -6.47       -4.24    3.3    8.80s
  7   -62.25325263134       -7.76       -4.64    4.1    9.55s
  8   -62.25325263207       -9.14       -5.47    3.5    8.47s
  9   -62.25325263209      -10.85       -6.56    3.8    9.16s
 10   -62.25325263209      -12.70       -7.28    4.5    10.5s
n     Energy            log10(ΔE)   log10(Δρ)   Diag   Δtime
---   ---------------   ---------   ---------   ----   ------
  1   -62.24328375002                   -1.11    8.5    15.9s
  2   -62.24943300316       -2.21       -1.22    2.6    6.65s
  3   -62.25317884680       -2.43       -2.03    3.5    7.97s
  4   -62.25324990046       -4.15       -2.87    3.0    7.58s
  5   -62.25325213107       -5.65       -3.52    3.9    9.19s
  6   -62.25325261337       -6.32       -4.14    3.6    8.38s
  7   -62.25325263121       -7.75       -4.56    3.9    9.51s
  8   -62.25325263207       -9.07       -5.55    3.4    8.51s
  9   -62.25325263209      -10.73       -6.50    4.1    9.58s
 10   -62.25325263209      -12.72       -7.54    4.2    10.2s
     1    -6.225325e+01     8.635443e-03
 * time: 217.8204209804535
n     Energy            log10(ΔE)   log10(Δρ)   Diag   Δtime
---   ---------------   ---------   ---------   ----   ------
  1   -62.24334077389                   -1.09    8.6    17.3s
  2   -62.25008061337       -2.17       -1.17    2.5    7.17s
  3   -62.25511616985       -2.30       -1.96    3.5    8.76s
  4   -62.25521991059       -3.98       -2.83    2.4    7.08s
  5   -62.25522262232       -5.57       -3.40    3.8    10.0s
  6   -62.25522349903       -6.06       -4.08    3.5    8.85s
  7   -62.25522353020       -7.51       -4.54    3.8    10.0s
  8   -62.25522353153       -8.88       -5.74    3.3    8.98s
  9   -62.25522353160      -10.18       -6.38    4.7    11.3s
 10   -62.25522353160      -12.21       -7.37    3.8    9.79s
n     Energy            log10(ΔE)   log10(Δρ)   Diag   Δtime
---   ---------------   ---------   ---------   ----   ------
  1   -62.24334160202                   -1.09    8.6    17.5s
  2   -62.25004382334       -2.17       -1.17    2.6    7.06s
  3   -62.25511750742       -2.29       -1.97    3.5    9.14s
  4   -62.25521998528       -3.99       -2.85    2.6    7.35s
  5   -62.25522272069       -5.56       -3.45    3.9    10.2s
  6   -62.25522350127       -6.11       -4.13    3.5    8.92s
  7   -62.25522353038       -7.54       -4.55    3.9    10.2s
  8   -62.25522353154       -8.94       -5.69    3.5    9.20s
  9   -62.25522353160      -10.23       -6.35    4.3    11.0s
 10   -62.25522353160      -12.18       -7.42    3.8    10.2s
     2    -6.225522e+01     1.456237e-03
 * time: 452.33466506004333
n     Energy            log10(ΔE)   log10(Δρ)   Diag   Δtime
---   ---------------   ---------   ---------   ----   ------
  1   -62.24297973726                   -1.09    9.0    18.4s
  2   -62.24977918416       -2.17       -1.16    2.9    7.77s
  3   -62.25518300396       -2.27       -1.96    3.7    9.18s
  4   -62.25529201950       -3.96       -2.88    2.5    7.22s
  5   -62.25529503235       -5.52       -3.50    3.9    10.2s
  6   -62.25529572926       -6.16       -4.18    3.4    8.75s
  7   -62.25529575998       -7.51       -4.57    3.7    9.68s
  8   -62.25529576118       -8.92       -5.63    3.2    9.01s
  9   -62.25529576125      -10.16       -6.10    4.2    10.6s
 10   -62.25529576125      -12.01       -6.97    3.5    9.66s
 11   -62.25529576125   +    -Inf       -7.69    3.8    10.0s
n     Energy            log10(ΔE)   log10(Δρ)   Diag   Δtime
---   ---------------   ---------   ---------   ----   ------
  1   -62.24297983065                   -1.09    9.0    18.2s
  2   -62.24981921219       -2.16       -1.16    2.7    7.81s
  3   -62.25518162702       -2.27       -1.95    3.6    9.16s
  4   -62.25529201440       -3.96       -2.86    2.6    7.63s
  5   -62.25529495909       -5.53       -3.47    3.9    10.3s
  6   -62.25529572648       -6.11       -4.15    3.3    8.45s
  7   -62.25529575995       -7.48       -4.60    3.8    10.0s
  8   -62.25529576118       -8.91       -5.75    3.3    9.22s
  9   -62.25529576125      -10.14       -6.21    4.6    11.2s
 10   -62.25529576125      -12.10       -7.27    3.3    9.17s
     3    -6.225530e+01     2.992296e-04
 * time: 699.113037109375
n     Energy            log10(ΔE)   log10(Δρ)   Diag   Δtime
---   ---------------   ---------   ---------   ----   ------
  1   -62.24285387791                   -1.08    8.1    16.8s
  2   -62.24973559765       -2.16       -1.16    2.5    7.07s
  3   -62.25518242036       -2.26       -1.95    3.4    9.06s
  4   -62.25529518016       -3.95       -2.84    2.5    7.48s
  5   -62.25529818354       -5.52       -3.41    3.8    10.2s
  6   -62.25529907793       -6.05       -4.10    3.3    8.87s
  7   -62.25529911117       -7.48       -4.55    3.6    9.92s
  8   -62.25529911266       -8.83       -5.74    3.2    8.86s
  9   -62.25529911274      -10.06       -6.22    4.8    11.6s
 10   -62.25529911275      -12.00       -7.44    3.3    9.18s
n     Energy            log10(ΔE)   log10(Δρ)   Diag   Δtime
---   ---------------   ---------   ---------   ----   ------
  1   -62.24285276610                   -1.08    8.1    16.8s
  2   -62.24974228246       -2.16       -1.16    2.5    6.99s
  3   -62.25518236874       -2.26       -1.95    3.5    8.90s
  4   -62.25529519636       -3.95       -2.84    2.5    7.28s
  5   -62.25529816269       -5.53       -3.40    3.8    10.0s
  6   -62.25529907807       -6.04       -4.08    3.4    8.80s
  7   -62.25529911101       -7.48       -4.51    3.7    10.0s
  8   -62.25529911266       -8.78       -5.73    3.1    8.69s
  9   -62.25529911274      -10.06       -6.23    4.6    11.3s
 10   -62.25529911274      -12.08       -7.40    3.3    9.08s
     4    -6.225530e+01     1.400243e-05
 * time: 932.2575540542603
n     Energy            log10(ΔE)   log10(Δρ)   Diag   Δtime
---   ---------------   ---------   ---------   ----   ------
  1   -62.24285015495                   -1.08    8.4    17.4s
  2   -62.24971495564       -2.16       -1.16    2.8    7.66s
  3   -62.25518340840       -2.26       -1.95    3.5    8.91s
  4   -62.25529529408       -3.95       -2.86    2.4    7.22s
  5   -62.25529825815       -5.53       -3.44    3.9    10.3s
  6   -62.25529908764       -6.08       -4.13    3.3    8.50s
  7   -62.25529911863       -7.51       -4.54    3.6    9.93s
  8   -62.25529912011       -8.83       -5.68    3.1    8.63s
  9   -62.25529912019      -10.06       -6.16    4.6    11.5s
 10   -62.25529912020      -12.01       -7.34    3.4    9.19s
n     Energy            log10(ΔE)   log10(Δρ)   Diag   Δtime
---   ---------------   ---------   ---------   ----   ------
  1   -62.24284672363                   -1.08    8.6    18.0s
  2   -62.24975736084       -2.16       -1.16    2.6    7.19s
  3   -62.25518136714       -2.27       -1.95    3.3    8.77s
  4   -62.25529524456       -3.94       -2.81    2.6    7.49s
  5   -62.25529810891       -5.54       -3.39    3.6    9.89s
  6   -62.25529908368       -6.01       -4.06    3.3    8.85s
  7   -62.25529911850       -7.46       -4.54    3.8    10.2s
  8   -62.25529912012       -8.79       -5.76    3.4    9.27s
  9   -62.25529912019      -10.13       -6.25    4.7    11.6s
 10   -62.25529912020      -12.03       -7.41    3.5    9.31s
     5    -6.225530e+01     1.432384e-07
 * time: 1165.3081550598145
 * Status: success

 * Candidate solution
    Final objective value:     -6.225530e+01

 * Found with
    Algorithm:     L-BFGS

 * Convergence measures
    |x - x'|               = 1.05e-03 ≰ -1.0e+00
    |x - x'|/|x'|          = 9.35e-05 ≰ 0.0e+00
    |f(x) - f(x')|         = 7.45e-09 ≤ 1.0e-08
    |f(x) - f(x')|/|f(x')| = 1.20e-10 ≰ 0.0e+00
    |g(x)|                 = 1.43e-07 ≤ 1.0e-06

 * Work counters
    Seconds run:   1165  (vs limit Inf)
    Iterations:    5
    f(x) calls:    6
    ∇f(x) calls:   6

NaCl: 1284.700127 seconds (1.44 G allocations: 405.984 GiB, 5.31% gc time, 0.23% compilation time)
┌ Info: 2025-05-13T21:01:24.206
│   name = "Al"
│   Ecut = 20.0
│   kgrid = MonkhorstPack([18, 18, 18])
│   p0 = ComponentVector{Float64}(a = 7.641925528121933)
│   temperature = 0.001
└   smearing = DFTK.Smearing.Gaussian()
n     Energy            log10(ΔE)   log10(Δρ)   Diag   Δtime
---   ---------------   ---------   ---------   ----   ------
  1   -2.315812484687                   -1.46    5.4    1.63s
  2   -2.315892591147       -4.10       -1.83    1.4    742ms
  3   -2.315911837364       -4.72       -3.56    3.2    1.21s
  4   -2.315912069241       -6.63       -4.13    4.6    1.88s
  5   -2.315912069611       -9.43       -4.59    2.5    1.02s
  6   -2.315912069670      -10.23       -5.32    2.9    1.36s
  7   -2.315912069672      -11.68       -5.88    2.9    1.11s
  8   -2.315912069672      -13.47       -6.55    2.1    1.18s
  9   -2.315912069672      -14.57       -7.35    2.6    1.03s
Iter     Function value   Gradient norm 
     0    -2.315912e+00     1.100831e-03
 * time: 3.814697265625e-5
n     Energy            log10(ΔE)   log10(Δρ)   Diag   Δtime
---   ---------------   ---------   ---------   ----   ------
  1   -2.315810901103                   -1.46    5.5    1.94s
  2   -2.315893564253       -4.08       -1.84    1.4    711ms
  3   -2.315912998558       -4.71       -3.57    3.2    1.46s
  4   -2.315913256724       -6.59       -4.15    4.5    1.52s
  5   -2.315913257074       -9.46       -4.60    2.5    1.25s
  6   -2.315913257128      -10.26       -5.35    2.8    1.03s
  7   -2.315913257131      -11.65       -5.87    3.1    1.38s
  8   -2.315913257131      -13.43       -6.58    2.1    878ms
  9   -2.315913257131      -14.40       -7.14    2.7    1.03s
n     Energy            log10(ΔE)   log10(Δρ)   Diag   Δtime
---   ---------------   ---------   ---------   ----   ------
  1   -2.315806767579                   -1.46    5.4    1.90s
  2   -2.315892622548       -4.07       -1.83    1.4    741ms
  3   -2.315913060916       -4.69       -3.56    3.3    1.50s
  4   -2.315913256704       -6.71       -4.15    4.5    1.67s
  5   -2.315913257071       -9.43       -4.60    2.5    1.29s
  6   -2.315913257128      -10.25       -5.30    2.9    1.09s
  7   -2.315913257131      -11.65       -5.88    3.0    1.39s
  8   -2.315913257131      -13.41       -6.46    2.1    873ms
  9   -2.315913257131      -14.45       -7.42    2.6    1.03s
     1    -2.315913e+00     1.056565e-03
 * time: 51.59712314605713
n     Energy            log10(ΔE)   log10(Δρ)   Diag   Δtime
---   ---------------   ---------   ---------   ----   ------
  1   -2.315830021699                   -1.45    5.4    1.88s
  2   -2.315908225664       -4.11       -1.83    1.5    724ms
  3   -2.315926969130       -4.73       -3.54    3.2    1.43s
  4   -2.315927183343       -6.67       -4.11    4.6    1.50s
  5   -2.315927183757       -9.38       -4.59    2.6    1.24s
  6   -2.315927183817      -10.22       -5.40    2.8    1.04s
  7   -2.315927183819      -11.71       -5.92    3.2    1.39s
  8   -2.315927183819      -13.45       -6.66    2.3    900ms
  9   -2.315927183819      -14.27       -7.28    3.0    1.10s
n     Energy            log10(ΔE)   log10(Δρ)   Diag   Δtime
---   ---------------   ---------   ---------   ----   ------
  1   -2.315827734958                   -1.45    5.4    1.96s
  2   -2.315908274103       -4.09       -1.83    1.4    741ms
  3   -2.315926995719       -4.73       -3.54    3.3    1.51s
  4   -2.315927183359       -6.73       -4.13    4.5    1.56s
  5   -2.315927183760       -9.40       -4.60    2.7    1.32s
  6   -2.315927183817      -10.24       -5.38    2.9    1.09s
  7   -2.315927183819      -11.68       -5.92    3.0    1.44s
  8   -2.315927183819      -13.48       -6.60    2.2    917ms
  9   -2.315927183819      -14.51       -7.30    2.8    1.09s
     2    -2.315927e+00     1.397641e-07
 * time: 103.34390211105347
 * Status: success

 * Candidate solution
    Final objective value:     -2.315927e+00

 * Found with
    Algorithm:     L-BFGS

 * Convergence measures
    |x - x'|               = 2.63e-02 ≰ -1.0e+00
    |x - x'|/|x'|          = 3.45e-03 ≰ 0.0e+00
    |f(x) - f(x')|         = 1.39e-05 ≰ 1.0e-08
    |f(x) - f(x')|/|f(x')| = 6.01e-06 ≰ 0.0e+00
    |g(x)|                 = 1.40e-07 ≤ 1.0e-06

 * Work counters
    Seconds run:   103  (vs limit Inf)
    Iterations:    2
    f(x) calls:    3
    ∇f(x) calls:   3

Al: 133.913402 seconds (114.44 M allocations: 27.065 GiB, 6.38% gc time, 0.00% compilation time)
┌ Info: 2025-05-13T21:03:38.120
│   name = "V"
│   Ecut = 42.0
│   kgrid = MonkhorstPack([20, 20, 20])
│   p0 = ComponentVector{Float64}(a = 5.699267600684394)
│   temperature = 0.001
└   smearing = DFTK.Smearing.Gaussian()
┌ Warning: Negative ρcore detected: -3.4151886922104144e-8
└ @ DFTK ~/.julia/packages/DFTK/n2IL4/src/terms/xc.jl:39
n     Energy            log10(ΔE)   log10(Δρ)   Diag   Δtime
---   ---------------   ---------   ---------   ----   ------
  1   -73.76246001670                   -0.89    9.6    10.1s
  2   -73.77261177354       -1.99       -1.10    5.4    5.81s
  3   -73.77837753955       -2.24       -1.45    6.7    7.10s
  4   -73.77925485886       -3.06       -1.81    5.6    5.82s
  5   -73.77939022039       -3.87       -2.24    5.0    5.76s
  6   -73.77941051755       -4.69       -3.10    5.5    6.65s
  7   -73.77941054050       -7.64       -3.51    4.5    5.56s
  8   -73.77941054326       -8.56       -4.08    3.6    4.73s
  9   -73.77941054372       -9.34       -4.69    4.0    5.08s
 10   -73.77941054382       -9.98       -4.93    5.3    5.88s
 11   -73.77941054384      -10.88       -5.90    4.8    5.44s
 12   -73.77941054384      -13.55       -6.51    4.7    5.69s
 13   -73.77941054384   +  -13.37       -6.71    4.0    5.17s
 14   -73.77941054384      -12.94       -7.17    4.8    5.44s
┌ Warning: Negative ρcore detected: Dual{ForwardDiff.Tag{var"#19#21"{@NamedTuple{ham::Hamiltonian, basis::PlaneWaveBasis{Float64, Float64, DFTK.CPU, FFTGrid{Float64, Float64, Array{StaticArraysCore.SVector{3, Int64}, 3}, Array{StaticArraysCore.SVector{3, Float64}, 3}}, Vector{StaticArraysCore.SVector{3, Int64}}}, energies::Energies{Float64}, converged::Bool, occupation_threshold::Float64, ρ::Array{Float64, 4}, τ::Nothing, α::Float64, eigenvalues::Vector{Vector{Float64}}, occupation::Vector{Vector{Float64}}, εF::Float64, n_bands_converge::Int64, n_iter::Int64, n_matvec::Int64, ψ::Vector{Matrix{ComplexF64}}, diagonalization::Vector{@NamedTuple{λ::Vector{Vector{Float64}}, X::Vector{Matrix{ComplexF64}}, residual_norms::Vector{Vector{Float64}}, n_iter::Vector{Int64}, converged::Bool, n_matvec::Int64}}, stage::Symbol, history_Δρ::Vector{Float64}, history_Etot::Vector{Float64}, timedout::Bool, runtime_ns::UInt64, algorithm::String}, Model{Float64, Float64}, Float64, MonkhorstPack, var"#case#4"{Matrix{Float64}, Float64, MonkhorstPack, Vector{StaticArraysCore.SVector{3, Float64}}, Vector{ElementPsp{PspUpf{Float64, Interpolations.Extrapolation{Float64, 1, Interpolations.GriddedInterpolation{Float64, 1, Vector{Float64}, Interpolations.Gridded{Interpolations.Linear{Interpolations.Throw{Interpolations.OnGrid}}}, Tuple{Vector{Float64}}}, Interpolations.Gridded{Interpolations.Linear{Interpolations.Throw{Interpolations.OnGrid}}}, Interpolations.Throw{Nothing}}}}}, Float64, Float64, String}}, Float64}}(-3.4151886922104144e-8,-1.2413273474001241e-8)
└ @ DFTK ~/.julia/packages/DFTK/n2IL4/src/terms/xc.jl:39
Iter     Function value   Gradient norm 
     0    -7.377941e+01     2.823517e-04
 * time: 3.790855407714844e-5
┌ Warning: Negative ρcore detected: -3.4148215096679105e-8
└ @ DFTK ~/.julia/packages/DFTK/n2IL4/src/terms/xc.jl:39
n     Energy            log10(ΔE)   log10(Δρ)   Diag   Δtime
---   ---------------   ---------   ---------   ----   ------
  1   -73.76246128123                   -0.89    9.9    9.73s
  2   -73.77262585968       -1.99       -1.10    5.6    5.73s
  3   -73.77837520937       -2.24       -1.45    6.9    7.42s
  4   -73.77925579792       -3.06       -1.81    5.7    5.82s
  5   -73.77939012038       -3.87       -2.24    5.1    5.77s
  6   -73.77941059141       -4.69       -3.10    5.6    6.37s
  7   -73.77941061430       -7.64       -3.52    4.4    5.35s
  8   -73.77941061702       -8.56       -4.08    4.3    5.10s
  9   -73.77941061740       -9.43       -4.68    3.9    5.12s
 10   -73.77941061754       -9.84       -4.95    5.3    5.73s
 11   -73.77941061755      -10.93       -5.89    4.9    5.63s
 12   -73.77941061755      -13.07       -6.50    4.8    5.56s
 13   -73.77941061755   +  -13.00       -6.63    4.0    5.01s
 14   -73.77941061755      -13.00       -7.10    4.8    5.13s
┌ Warning: Negative ρcore detected: -3.4148215096679105e-8
└ @ DFTK ~/.julia/packages/DFTK/n2IL4/src/terms/xc.jl:39
n     Energy            log10(ΔE)   log10(Δρ)   Diag   Δtime
---   ---------------   ---------   ---------   ----   ------
  1   -73.76246367635                   -0.89    9.8    10.0s
  2   -73.77263290665       -1.99       -1.10    5.4    5.82s
  3   -73.77837195902       -2.24       -1.45    6.9    7.41s
  4   -73.77925724717       -3.05       -1.81    5.7    5.94s
  5   -73.77939013369       -3.88       -2.24    5.1    5.69s
  6   -73.77941059010       -4.69       -3.10    5.6    6.07s
  7   -73.77941061422       -7.62       -3.51    4.4    5.62s
  8   -73.77941061698       -8.56       -4.07    4.3    5.09s
  9   -73.77941061738       -9.40       -4.67    3.9    4.90s
 10   -73.77941061754       -9.78       -4.93    5.3    5.88s
 11   -73.77941061755      -10.92       -5.87    4.9    5.59s
 12   -73.77941061755      -13.07       -6.48    5.0    5.87s
 13   -73.77941061755   +  -12.89       -6.71    4.1    5.02s
 14   -73.77941061755      -12.73       -7.33    5.0    5.51s
┌ Warning: Negative ρcore detected: Dual{ForwardDiff.Tag{var"#19#21"{@NamedTuple{ham::Hamiltonian, basis::PlaneWaveBasis{Float64, Float64, DFTK.CPU, FFTGrid{Float64, Float64, Array{StaticArraysCore.SVector{3, Int64}, 3}, Array{StaticArraysCore.SVector{3, Float64}, 3}}, Vector{StaticArraysCore.SVector{3, Int64}}}, energies::Energies{Float64}, converged::Bool, occupation_threshold::Float64, ρ::Array{Float64, 4}, τ::Nothing, α::Float64, eigenvalues::Vector{Vector{Float64}}, occupation::Vector{Vector{Float64}}, εF::Float64, n_bands_converge::Int64, n_iter::Int64, n_matvec::Int64, ψ::Vector{Matrix{ComplexF64}}, diagonalization::Vector{@NamedTuple{λ::Vector{Vector{Float64}}, X::Vector{Matrix{ComplexF64}}, residual_norms::Vector{Vector{Float64}}, n_iter::Vector{Int64}, converged::Bool, n_matvec::Int64}}, stage::Symbol, history_Δρ::Vector{Float64}, history_Etot::Vector{Float64}, timedout::Bool, runtime_ns::UInt64, algorithm::String}, Model{Float64, Float64}, Float64, MonkhorstPack, var"#case#4"{Matrix{Float64}, Float64, MonkhorstPack, Vector{StaticArraysCore.SVector{3, Float64}}, Vector{ElementPsp{PspUpf{Float64, Interpolations.Extrapolation{Float64, 1, Interpolations.GriddedInterpolation{Float64, 1, Vector{Float64}, Interpolations.Gridded{Interpolations.Linear{Interpolations.Throw{Interpolations.OnGrid}}}, Tuple{Vector{Float64}}}, Interpolations.Gridded{Interpolations.Linear{Interpolations.Throw{Interpolations.OnGrid}}}, Interpolations.Throw{Nothing}}}}}, Float64, Float64, String}}, Float64}}(-3.4148215096679105e-8,-1.359553343208976e-8)
└ @ DFTK ~/.julia/packages/DFTK/n2IL4/src/terms/xc.jl:39
     1    -7.377941e+01     2.395275e-04
 * time: 226.61730289459229
┌ Warning: Negative ρcore detected: -3.412149701778568e-8
└ @ DFTK ~/.julia/packages/DFTK/n2IL4/src/terms/xc.jl:39
n     Energy            log10(ΔE)   log10(Δρ)   Diag   Δtime
---   ---------------   ---------   ---------   ----   ------
  1   -73.76248481605                   -0.89    9.8    10.0s
  2   -73.77263695614       -1.99       -1.10    5.5    5.91s
  3   -73.77837619521       -2.24       -1.45    6.9    7.30s
  4   -73.77925589899       -3.06       -1.81    5.7    5.75s
  5   -73.77939024597       -3.87       -2.24    5.1    5.65s
  6   -73.77941077922       -4.69       -3.10    5.6    6.16s
  7   -73.77941080331       -7.62       -3.51    4.4    5.19s
  8   -73.77941080603       -8.57       -4.07    4.3    4.91s
  9   -73.77941080641       -9.41       -4.68    3.8    4.81s
 10   -73.77941080657       -9.82       -4.93    5.3    5.84s
 11   -73.77941080658      -10.92       -5.87    4.8    5.40s
 12   -73.77941080658      -12.81       -6.50    4.8    5.64s
 13   -73.77941080658   +  -13.07       -6.63    3.7    4.77s
 14   -73.77941080658      -13.00       -7.07    4.8    5.28s
┌ Warning: Negative ρcore detected: -3.412149701778568e-8
└ @ DFTK ~/.julia/packages/DFTK/n2IL4/src/terms/xc.jl:39
n     Energy            log10(ΔE)   log10(Δρ)   Diag   Δtime
---   ---------------   ---------   ---------   ----   ------
  1   -73.76248497916                   -0.89    9.8    10.1s
  2   -73.77263175205       -1.99       -1.10    5.5    5.93s
  3   -73.77837739009       -2.24       -1.45    6.9    7.56s
  4   -73.77925538402       -3.06       -1.81    5.8    5.88s
  5   -73.77939027959       -3.87       -2.24    5.0    5.73s
  6   -73.77941077848       -4.69       -3.10    5.5    6.19s
  7   -73.77941080329       -7.61       -3.51    4.5    5.34s
  8   -73.77941080601       -8.56       -4.06    4.1    5.09s
  9   -73.77941080643       -9.38       -4.68    4.0    5.08s
 10   -73.77941080656       -9.87       -4.91    5.4    5.94s
 11   -73.77941080658      -10.89       -5.86    4.9    5.38s
 12   -73.77941080658      -12.81       -6.49    4.7    5.70s
 13   -73.77941080658   +  -13.37       -6.66    3.8    4.84s
 14   -73.77941080658      -13.15       -7.06    4.8    5.31s
┌ Warning: Negative ρcore detected: Dual{ForwardDiff.Tag{var"#19#21"{@NamedTuple{ham::Hamiltonian, basis::PlaneWaveBasis{Float64, Float64, DFTK.CPU, FFTGrid{Float64, Float64, Array{StaticArraysCore.SVector{3, Int64}, 3}, Array{StaticArraysCore.SVector{3, Float64}, 3}}, Vector{StaticArraysCore.SVector{3, Int64}}}, energies::Energies{Float64}, converged::Bool, occupation_threshold::Float64, ρ::Array{Float64, 4}, τ::Nothing, α::Float64, eigenvalues::Vector{Vector{Float64}}, occupation::Vector{Vector{Float64}}, εF::Float64, n_bands_converge::Int64, n_iter::Int64, n_matvec::Int64, ψ::Vector{Matrix{ComplexF64}}, diagonalization::Vector{@NamedTuple{λ::Vector{Vector{Float64}}, X::Vector{Matrix{ComplexF64}}, residual_norms::Vector{Vector{Float64}}, n_iter::Vector{Int64}, converged::Bool, n_matvec::Int64}}, stage::Symbol, history_Δρ::Vector{Float64}, history_Etot::Vector{Float64}, timedout::Bool, runtime_ns::UInt64, algorithm::String}, Model{Float64, Float64}, Float64, MonkhorstPack, var"#case#4"{Matrix{Float64}, Float64, MonkhorstPack, Vector{StaticArraysCore.SVector{3, Float64}}, Vector{ElementPsp{PspUpf{Float64, Interpolations.Extrapolation{Float64, 1, Interpolations.GriddedInterpolation{Float64, 1, Vector{Float64}, Interpolations.Gridded{Interpolations.Linear{Interpolations.Throw{Interpolations.OnGrid}}}, Tuple{Vector{Float64}}}, Interpolations.Gridded{Interpolations.Linear{Interpolations.Throw{Interpolations.OnGrid}}}, Interpolations.Throw{Nothing}}}}}, Float64, Float64, String}}, Float64}}(-3.412149701778568e-8,-2.0253813888169424e-8)
└ @ DFTK ~/.julia/packages/DFTK/n2IL4/src/terms/xc.jl:39
     2    -7.377941e+01     4.233933e-07
 * time: 451.45646500587463
 * Status: success

 * Candidate solution
    Final objective value:     -7.377941e+01

 * Found with
    Algorithm:     L-BFGS

 * Convergence measures
    |x - x'|               = 1.58e-03 ≰ -1.0e+00
    |x - x'|/|x'|          = 2.77e-04 ≰ 0.0e+00
    |f(x) - f(x')|         = 1.89e-07 ≰ 1.0e-08
    |f(x) - f(x')|/|f(x')| = 2.56e-09 ≰ 0.0e+00
    |g(x)|                 = 4.23e-07 ≤ 1.0e-06

 * Work counters
    Seconds run:   451  (vs limit Inf)
    Iterations:    2
    f(x) calls:    3
    ∇f(x) calls:   3

V: 576.062135 seconds (401.86 M allocations: 188.584 GiB, 5.64% gc time, 0.01% compilation time)
