┌ Info: Threading setup: 
│   Threads.nthreads() = 1
│   n_DFTK = 1
│   n_fft = 1
└   n_blas = 1
┌ Info: 2025-05-13T14:43:00.894
│   name = "Si"
│   Ecut = 18.0
│   kgrid = MonkhorstPack([14, 14, 14])
│   p0 = ComponentVector{Float64}(a = 10.347246312603742)
│   temperature = 0.001
└   smearing = DFTK.Smearing.Gaussian()
n     Energy            log10(ΔE)   log10(Δρ)   Diag   Δtime
---   ---------------   ---------   ---------   ----   ------
  1   -8.438726935026                   -0.96    7.0    10.0s
  2   -8.440429833204       -2.77       -1.77    1.8    4.52s
  3   -8.440511008159       -4.09       -2.78    3.9    1.62s
  4   -8.440512812391       -5.74       -3.63    4.6    1.96s
  5   -8.440512888521       -7.12       -4.33    4.9    1.76s
  6   -8.440512891985       -8.46       -5.24    5.0    1.92s
  7   -8.440512892026      -10.39       -6.11    4.4    1.68s
  8   -8.440512892026      -12.53       -7.14    3.5    1.77s
Iter     Function value   Gradient norm 
     0    -8.440513e+00     3.255283e-03
 * time: 4.8160552978515625e-5
n     Energy            log10(ΔE)   log10(Δρ)   Diag   Δtime
---   ---------------   ---------   ---------   ----   ------
  1   -8.438736842194                   -0.96    7.2    2.39s
  2   -8.440439676401       -2.77       -1.77    2.0    1.62s
  3   -8.440521190065       -4.09       -2.78    4.0    2.35s
  4   -8.440523046973       -5.73       -3.63    4.8    2.37s
  5   -8.440523123052       -7.12       -4.34    4.7    2.95s
  6   -8.440523126416       -8.47       -5.25    5.0    2.16s
  7   -8.440523126452      -10.45       -6.09    4.2    2.53s
  8   -8.440523126452      -12.51       -7.13    3.7    2.14s
n     Energy            log10(ΔE)   log10(Δρ)   Diag   Δtime
---   ---------------   ---------   ---------   ----   ------
  1   -8.438733149082                   -0.96    7.3    2.83s
  2   -8.440444925347       -2.77       -1.77    2.2    1.73s
  3   -8.440521056356       -4.12       -2.78    4.0    2.34s
  4   -8.440523048803       -5.70       -3.61    4.8    2.18s
  5   -8.440523123583       -7.13       -4.40    4.8    2.87s
  6   -8.440523126426       -8.55       -5.34    5.0    2.72s
  7   -8.440523126452      -10.59       -6.18    4.4    2.67s
  8   -8.440523126452      -12.69       -7.11    3.8    1.74s
     1    -8.440523e+00     3.032484e-03
 * time: 52.927582025527954
n     Energy            log10(ΔE)   log10(Δρ)   Diag   Δtime
---   ---------------   ---------   ---------   ----   ------
  1   -8.438729104987                   -0.96    7.0    2.70s
  2   -8.440509124097       -2.75       -1.77    1.9    1.21s
  3   -8.440587088404       -4.11       -2.79    3.9    2.07s
  4   -8.440589152115       -5.69       -3.59    4.8    2.21s
  5   -8.440589234103       -7.09       -4.43    4.8    1.85s
  6   -8.440589236778       -8.57       -5.31    5.0    2.21s
  7   -8.440589236792      -10.86       -6.28    3.6    1.66s
  8   -8.440589236792      -12.85       -7.10    3.8    2.00s
n     Energy            log10(ΔE)   log10(Δρ)   Diag   Δtime
---   ---------------   ---------   ---------   ----   ------
  1   -8.438735159339                   -0.96    7.1    2.79s
  2   -8.440506728156       -2.75       -1.77    1.8    1.49s
  3   -8.440587126313       -4.09       -2.79    4.0    1.79s
  4   -8.440589151024       -5.69       -3.59    4.6    2.23s
  5   -8.440589234055       -7.08       -4.42    5.0    1.90s
  6   -8.440589236778       -8.56       -5.29    5.0    2.24s
  7   -8.440589236792      -10.85       -6.23    3.6    1.71s
  8   -8.440589236792      -12.78       -7.09    3.6    2.01s
     2    -8.440589e+00     7.026376e-05
 * time: 97.20090103149414
n     Energy            log10(ΔE)   log10(Δρ)   Diag   Δtime
---   ---------------   ---------   ---------   ----   ------
  1   -8.438734868637                   -0.96    7.6    3.08s
  2   -8.440512792825       -2.75       -1.77    2.1    1.31s
  3   -8.440587236746       -4.13       -2.79    4.0    2.23s
  4   -8.440589187543       -5.71       -3.60    5.0    2.14s
  5   -8.440589268685       -7.09       -4.44    5.1    2.39s
  6   -8.440589271285       -8.58       -5.37    5.0    2.23s
  7   -8.440589271297      -10.95       -6.38    3.8    2.20s
  8   -8.440589271297      -12.94       -7.12    3.9    2.18s
n     Energy            log10(ΔE)   log10(Δρ)   Diag   Δtime
---   ---------------   ---------   ---------   ----   ------
  1   -8.438737974727                   -0.96    7.5    3.38s
  2   -8.440513848278       -2.75       -1.77    2.1    1.61s
  3   -8.440587292924       -4.13       -2.79    4.1    2.37s
  4   -8.440589188271       -5.72       -3.60    4.9    2.50s
  5   -8.440589268804       -7.09       -4.46    4.9    3.15s
  6   -8.440589271286       -8.61       -5.38    5.4    2.88s
  7   -8.440589271297      -10.98       -6.39    3.7    2.22s
  8   -8.440589271297      -13.01       -7.10    4.0    1.88s
     3    -8.440589e+00     1.461884e-06
 * time: 149.0094940662384
n     Energy            log10(ΔE)   log10(Δρ)   Diag   Δtime
---   ---------------   ---------   ---------   ----   ------
  1   -8.438736168485                   -0.96    7.2    2.82s
  2   -8.440509525391       -2.75       -1.77    2.0    1.71s
  3   -8.440587119940       -4.11       -2.79    3.8    1.85s
  4   -8.440589187254       -5.68       -3.59    4.7    2.47s
  5   -8.440589268818       -7.09       -4.47    5.0    1.98s
  6   -8.440589271303       -8.60       -5.39    5.0    2.38s
  7   -8.440589271312      -11.06       -6.46    3.6    2.18s
  8   -8.440589271312      -13.04       -7.18    4.2    3.02s
n     Energy            log10(ΔE)   log10(Δρ)   Diag   Δtime
---   ---------------   ---------   ---------   ----   ------
  1   -8.438731593747                   -0.96    7.2    3.80s
  2   -8.440512257764       -2.75       -1.77    2.1    2.06s
  3   -8.440587255730       -4.12       -2.79    3.9    2.77s
  4   -8.440589185228       -5.71       -3.59    4.7    2.65s
  5   -8.440589268704       -7.08       -4.44    4.8    2.06s
  6   -8.440589271300       -8.59       -5.34    5.1    2.36s
  7   -8.440589271312      -10.95       -6.31    3.7    1.78s
  8   -8.440589271312      -12.83       -7.12    3.9    2.20s
     4    -8.440589e+00     1.941135e-09
 * time: 201.2535262107849
 * Status: success

 * Candidate solution
    Final objective value:     -8.440589e+00

 * Found with
    Algorithm:     L-BFGS

 * Convergence measures
    |x - x'|               = 2.05e-05 ≰ -1.0e+00
    |x - x'|/|x'|          = 1.99e-06 ≰ 0.0e+00
    |f(x) - f(x')|         = 1.51e-11 ≤ 1.0e-08
    |f(x) - f(x')|/|f(x')| = 1.79e-12 ≰ 0.0e+00
    |g(x)|                 = 1.94e-09 ≤ 1.0e-06

 * Work counters
    Seconds run:   201  (vs limit Inf)
    Iterations:    4
    f(x) calls:    5
    ∇f(x) calls:   5

Si: 273.594628 seconds (367.89 M allocations: 74.709 GiB, 8.16% gc time, 18.66% compilation time: <1% of which was recompilation)
┌ Info: 2025-05-13T14:47:35.072
│   name = "NaCl"
│   Ecut = 44.0
│   kgrid = MonkhorstPack([13, 13, 13])
│   p0 = ComponentVector{Float64}(a = 10.746130571470083)
│   temperature = 0
└   smearing = DFTK.Smearing.None()
n     Energy            log10(ΔE)   log10(Δρ)   Diag   Δtime
---   ---------------   ---------   ---------   ----   ------
  1   -62.13003462074                   -1.14    8.4    20.2s
  2   -62.13497339539       -2.31       -1.24    2.6    8.54s
  3   -62.13859749796       -2.44       -2.05    3.6    9.68s
  4   -62.13864501118       -4.32       -2.80    3.1    9.56s
  5   -62.13864597661       -6.02       -3.33    3.8    11.2s
  6   -62.13864631325       -6.47       -4.05    3.6    9.73s
  7   -62.13864631832       -8.30       -4.54    3.9    10.8s
  8   -62.13864631873       -9.39       -6.17    3.7    9.84s
  9   -62.13864631873      -11.43       -6.40    5.0    12.8s
 10   -62.13864631873      -12.94       -7.77    3.7    9.88s
Iter     Function value   Gradient norm 
     0    -6.213865e+01     3.884190e-03
 * time: 3.695487976074219e-5
n     Energy            log10(ΔE)   log10(Δρ)   Diag   Δtime
---   ---------------   ---------   ---------   ----   ------
  1   -62.13004266186                   -1.14    8.5    21.7s
  2   -62.13496810003       -2.31       -1.24    2.6    9.42s
  3   -62.13861271435       -2.44       -2.05    3.8    14.0s
  4   -62.13865998217       -4.33       -2.81    3.0    11.2s
  5   -62.13866092099       -6.03       -3.34    3.9    11.9s
  6   -62.13866125294       -6.48       -4.08    3.5    9.72s
  7   -62.13866125784       -8.31       -4.58    4.0    11.8s
  8   -62.13866125821       -9.44       -6.16    3.7    14.1s
  9   -62.13866125821      -11.42       -6.38    5.0    15.7s
 10   -62.13866125821      -13.19       -7.66    3.5    12.9s
n     Energy            log10(ΔE)   log10(Δρ)   Diag   Δtime
---   ---------------   ---------   ---------   ----   ------
  1   -62.13004165261                   -1.14    8.6    23.8s
  2   -62.13495764658       -2.31       -1.23    2.5    8.53s
  3   -62.13861347277       -2.44       -2.06    3.7    15.0s
  4   -62.13866009178       -4.33       -2.86    3.1    12.7s
  5   -62.13866095987       -6.06       -3.41    3.8    14.7s
  6   -62.13866125369       -6.53       -4.16    3.6    12.3s
  7   -62.13866125794       -8.37       -4.64    4.0    13.3s
  8   -62.13866125821       -9.57       -6.18    3.7    13.9s
  9   -62.13866125821      -11.46       -6.35    4.9    15.9s
 10   -62.13866125821      -12.87       -7.71    3.5    13.5s
     1    -6.213866e+01     3.808303e-03
 * time: 325.1620910167694
n     Energy            log10(ΔE)   log10(Δρ)   Diag   Δtime
---   ---------------   ---------   ---------   ----   ------
  1   -62.12967258839                   -1.14    8.3    22.5s
  2   -62.13475953490       -2.29       -1.21    2.5    11.1s
  3   -62.13899541266       -2.37       -2.03    3.5    12.8s
  4   -62.13905167731       -4.25       -2.84    3.0    10.2s
  5   -62.13905269682       -5.99       -3.39    4.0    11.5s
  6   -62.13905304873       -6.45       -4.14    3.5    10.9s
  7   -62.13905305401       -8.28       -4.62    3.9    12.5s
  8   -62.13905305433       -9.49       -6.01    3.5    11.5s
  9   -62.13905305434      -11.21       -6.56    4.6    14.7s
 10   -62.13905305434      -13.15       -7.63    3.4    12.0s
n     Energy            log10(ΔE)   log10(Δρ)   Diag   Δtime
---   ---------------   ---------   ---------   ----   ------
  1   -62.12967413058                   -1.14    8.3    25.0s
  2   -62.13476345954       -2.29       -1.21    2.5    10.8s
  3   -62.13899531577       -2.37       -2.03    3.6    14.1s
  4   -62.13905163043       -4.25       -2.85    2.7    12.3s
  5   -62.13905269418       -5.97       -3.39    3.7    14.7s
  6   -62.13905304831       -6.45       -4.13    3.6    14.9s
  7   -62.13905305393       -8.25       -4.59    4.1    13.2s
  8   -62.13905305433       -9.40       -6.10    3.4    13.6s
  9   -62.13905305434      -11.24       -6.59    5.0    17.8s
 10   -62.13905305434   +  -13.85       -7.67    3.4    11.2s
     2    -6.213905e+01     3.447932e-04
 * time: 637.9489269256592
n     Energy            log10(ΔE)   log10(Δρ)   Diag   Δtime
---   ---------------   ---------   ---------   ----   ------
  1   -62.12959745141                   -1.13    8.5    19.8s
  2   -62.13471578598       -2.29       -1.21    2.4    7.99s
  3   -62.13899770948       -2.37       -2.02    3.6    11.7s
  4   -62.13905521841       -4.24       -2.82    2.9    9.62s
  5   -62.13905633936       -5.95       -3.35    3.9    18.0s
  6   -62.13905672083       -6.42       -4.06    3.3    11.5s
  7   -62.13905672682       -8.22       -4.50    3.9    13.7s
  8   -62.13905672738       -9.25       -5.94    3.5    11.6s
  9   -62.13905672739      -11.11       -6.37    4.8    15.0s
 10   -62.13905672739      -12.94       -7.65    3.1    10.9s
n     Energy            log10(ΔE)   log10(Δρ)   Diag   Δtime
---   ---------------   ---------   ---------   ----   ------
  1   -62.12959830883                   -1.13    8.5    27.4s
  2   -62.13471633477       -2.29       -1.21    2.4    9.15s
  3   -62.13899730440       -2.37       -2.02    3.5    12.2s
  4   -62.13905520187       -4.24       -2.80    3.0    9.11s
  5   -62.13905633731       -5.94       -3.35    3.8    14.0s
  6   -62.13905672113       -6.42       -4.09    3.3    12.3s
  7   -62.13905672696       -8.23       -4.56    4.1    12.1s
  8   -62.13905672739       -9.37       -6.08    3.6    10.7s
  9   -62.13905672739      -11.25       -6.45    4.8    13.9s
 10   -62.13905672739      -13.07       -7.68    3.3    10.0s
     3    -6.213906e+01     3.477840e-05
 * time: 935.7915389537811
n     Energy            log10(ΔE)   log10(Δρ)   Diag   Δtime
---   ---------------   ---------   ---------   ----   ------
  1   -62.12958550567                   -1.13    8.4    21.8s
  2   -62.13469749035       -2.29       -1.21    2.5    8.99s
  3   -62.13899754769       -2.37       -2.02    3.6    12.4s
  4   -62.13905528089       -4.24       -2.81    2.9    11.9s
  5   -62.13905638251       -5.96       -3.36    3.9    12.2s
  6   -62.13905675928       -6.42       -4.09    3.3    10.5s
  7   -62.13905676522       -8.23       -4.56    3.9    12.4s
  8   -62.13905676563       -9.39       -6.09    3.6    10.9s
  9   -62.13905676563      -11.20       -6.55    5.0    14.0s
 10   -62.13905676563      -13.45       -7.63    3.2    10.1s
n     Energy            log10(ΔE)   log10(Δρ)   Diag   Δtime
---   ---------------   ---------   ---------   ----   ------
  1   -62.12958719129                   -1.13    8.4    19.7s
  2   -62.13468387521       -2.29       -1.21    2.6    8.33s
  3   -62.13899791979       -2.37       -2.02    3.8    11.1s
  4   -62.13905533068       -4.24       -2.84    2.9    9.31s
  5   -62.13905640508       -5.97       -3.40    3.8    11.3s
  6   -62.13905675980       -6.45       -4.15    3.4    10.3s
  7   -62.13905676533       -8.26       -4.64    4.1    13.3s
  8   -62.13905676563       -9.53       -6.08    3.6    11.7s
  9   -62.13905676563      -11.24       -6.67    4.6    14.8s
 10   -62.13905676563   +  -14.15       -7.68    3.4    12.4s
     4    -6.213906e+01     3.684447e-07
 * time: 1221.0659320354462
 * Status: success

 * Candidate solution
    Final objective value:     -6.213906e+01

 * Found with
    Algorithm:     L-BFGS

 * Convergence measures
    |x - x'|               = 2.18e-03 ≰ -1.0e+00
    |x - x'|/|x'|          = 1.99e-04 ≰ 0.0e+00
    |f(x) - f(x')|         = 3.82e-08 ≰ 1.0e-08
    |f(x) - f(x')|/|f(x')| = 6.15e-10 ≰ 0.0e+00
    |g(x)|                 = 3.68e-07 ≤ 1.0e-06

 * Work counters
    Seconds run:   1221  (vs limit Inf)
    Iterations:    4
    f(x) calls:    5
    ∇f(x) calls:   5

NaCl: 1370.956161 seconds (1.15 G allocations: 323.569 GiB, 5.35% gc time, 0.27% compilation time)
┌ Info: 2025-05-13T15:10:26.064
│   name = "Al"
│   Ecut = 20.0
│   kgrid = MonkhorstPack([18, 18, 18])
│   p0 = ComponentVector{Float64}(a = 7.641925528121933)
│   temperature = 0.001
└   smearing = DFTK.Smearing.Gaussian()
n     Energy            log10(ΔE)   log10(Δρ)   Diag   Δtime
---   ---------------   ---------   ---------   ----   ------
  1   -2.313946805881                   -1.45    5.5    2.43s
  2   -2.314048860223       -3.99       -1.83    1.5    1.08s
  3   -2.314074131798       -4.60       -3.52    3.3    2.10s
  4   -2.314074322077       -6.72       -4.12    4.5    2.17s
  5   -2.314074322299       -9.65       -4.64    2.5    1.83s
  6   -2.314074322315      -10.78       -5.25    2.6    1.26s
  7   -2.314074322319      -11.40       -5.99    2.8    1.67s
  8   -2.314074322319      -13.06       -6.66    3.0    1.48s
  9   -2.314074322319      -14.65       -7.22    2.7    1.49s
Iter     Function value   Gradient norm 
     0    -2.314074e+00     2.129054e-03
 * time: 4.1961669921875e-5
n     Energy            log10(ΔE)   log10(Δρ)   Diag   Δtime
---   ---------------   ---------   ---------   ----   ------
  1   -2.313948143441                   -1.45    5.4    2.29s
  2   -2.314052347081       -3.98       -1.83    1.5    872ms
  3   -2.314078562647       -4.58       -3.51    3.4    1.78s
  4   -2.314078763556       -6.70       -4.08    4.5    1.77s
  5   -2.314078763829       -9.56       -4.62    2.5    1.50s
  6   -2.314078763849      -10.71       -5.23    2.6    1.17s
  7   -2.314078763853      -11.38       -5.96    2.8    1.64s
  8   -2.314078763853      -12.96       -6.64    3.0    1.38s
  9   -2.314078763853      -15.05       -7.19    2.7    1.27s
n     Energy            log10(ΔE)   log10(Δρ)   Diag   Δtime
---   ---------------   ---------   ---------   ----   ------
  1   -2.313945461666                   -1.45    5.4    2.38s
  2   -2.314053029764       -3.97       -1.83    1.5    906ms
  3   -2.314078517955       -4.59       -3.53    3.5    1.81s
  4   -2.314078763593       -6.61       -4.10    4.4    1.84s
  5   -2.314078763832       -9.62       -4.63    2.5    1.72s
  6   -2.314078763849      -10.78       -5.23    2.6    1.29s
  7   -2.314078763853      -11.37       -5.97    3.0    1.92s
  8   -2.314078763853      -13.09       -6.65    2.8    1.44s
  9   -2.314078763853      -14.51       -7.25    2.9    1.60s
     1    -2.314079e+00     2.043268e-03
 * time: 61.96109700202942
n     Energy            log10(ΔE)   log10(Δρ)   Diag   Δtime
---   ---------------   ---------   ---------   ----   ------
  1   -2.314006196609                   -1.44    5.5    3.48s
  2   -2.314104729854       -4.01       -1.83    1.5    1.36s
  3   -2.314129160787       -4.61       -3.51    3.4    2.68s
  4   -2.314129393432       -6.63       -4.20    4.5    2.47s
  5   -2.314129393588       -9.81       -4.78    2.7    2.56s
  6   -2.314129393598      -11.00       -5.32    2.7    1.53s
  7   -2.314129393601      -11.57       -6.27    3.1    1.82s
  8   -2.314129393601      -13.46       -6.80    3.3    1.47s
  9   -2.314129393601      -15.05       -7.77    2.7    1.53s
n     Energy            log10(ΔE)   log10(Δρ)   Diag   Δtime
---   ---------------   ---------   ---------   ----   ------
  1   -2.314004008382                   -1.44    5.6    2.83s
  2   -2.314104427937       -4.00       -1.83    1.5    901ms
  3   -2.314129190088       -4.61       -3.52    3.5    2.41s
  4   -2.314129393445       -6.69       -4.23    4.5    2.83s
  5   -2.314129393588       -9.84       -4.80    2.7    1.66s
  6   -2.314129393599      -10.99       -5.34    2.7    1.47s
  7   -2.314129393601      -11.62       -6.27    3.1    1.88s
  8   -2.314129393601      -13.51       -6.82    3.2    1.94s
  9   -2.314129393601      -14.65       -7.80    3.1    2.53s
     2    -2.314129e+00     9.963762e-05
 * time: 137.96778297424316
n     Energy            log10(ΔE)   log10(Δρ)   Diag   Δtime
---   ---------------   ---------   ---------   ----   ------
  1   -2.314009825492                   -1.44    5.4    2.34s
  2   -2.314105088410       -4.02       -1.83    1.4    867ms
  3   -2.314129286658       -4.62       -3.52    3.4    2.08s
  4   -2.314129500051       -6.67       -4.22    4.4    1.97s
  5   -2.314129500203       -9.82       -4.79    2.6    1.69s
  6   -2.314129500212      -11.04       -5.33    2.7    1.28s
  7   -2.314129500215      -11.59       -6.26    3.1    1.77s
  8   -2.314129500215      -13.50       -6.77    3.1    1.61s
  9   -2.314129500215      -14.51       -7.78    3.1    1.77s
n     Energy            log10(ΔE)   log10(Δρ)   Diag   Δtime
---   ---------------   ---------   ---------   ----   ------
  1   -2.314006496792                   -1.44    5.4    2.20s
  2   -2.314104452151       -4.01       -1.83    1.4    853ms
  3   -2.314129293452       -4.60       -3.52    3.4    1.76s
  4   -2.314129500052       -6.68       -4.22    4.4    1.73s
  5   -2.314129500203       -9.82       -4.79    2.7    1.53s
  6   -2.314129500212      -11.02       -5.33    2.6    1.21s
  7   -2.314129500215      -11.57       -6.27    3.0    1.94s
  8   -2.314129500215      -13.51       -6.77    3.1    1.45s
  9   -2.314129500215      -14.51       -7.64    3.0    1.32s
     3    -2.314130e+00     9.004973e-06
 * time: 200.6590220928192
n     Energy            log10(ΔE)   log10(Δρ)   Diag   Δtime
---   ---------------   ---------   ---------   ----   ------
  1   -2.314004596807                   -1.44    5.4    2.27s
  2   -2.314104600655       -4.00       -1.83    1.4    855ms
  3   -2.314129292406       -4.61       -3.52    3.4    1.77s
  4   -2.314129500946       -6.68       -4.22    4.5    1.82s
  5   -2.314129501088       -9.85       -4.80    2.6    1.51s
  6   -2.314129501097      -11.02       -5.34    2.6    1.17s
  7   -2.314129501100      -11.59       -6.27    3.1    1.65s
  8   -2.314129501100      -13.47       -6.79    3.1    1.30s
  9   -2.314129501100      -14.51       -7.74    3.0    1.61s
n     Energy            log10(ΔE)   log10(Δρ)   Diag   Δtime
---   ---------------   ---------   ---------   ----   ------
  1   -2.314007151598                   -1.44    5.4    3.52s
  2   -2.314104611414       -4.01       -1.83    1.4    1.35s
  3   -2.314129278695       -4.61       -3.51    3.4    2.68s
  4   -2.314129500932       -6.65       -4.21    4.4    1.81s
  5   -2.314129501088       -9.81       -4.79    2.7    1.81s
  6   -2.314129501097      -11.02       -5.33    2.6    1.68s
  7   -2.314129501100      -11.58       -6.26    3.1    2.34s
  8   -2.314129501100      -13.51       -6.78    3.1    2.11s
  9   -2.314129501100      -14.45       -7.80    3.0    2.47s
     4    -2.314130e+00     4.589617e-08
 * time: 269.7519221305847
 * Status: success

 * Candidate solution
    Final objective value:     -2.314130e+00

 * Found with
    Algorithm:     L-BFGS

 * Convergence measures
    |x - x'|               = 1.95e-04 ≰ -1.0e+00
    |x - x'|/|x'|          = 2.57e-05 ≰ 0.0e+00
    |f(x) - f(x')|         = 8.85e-10 ≤ 1.0e-08
    |f(x) - f(x')|/|f(x')| = 3.82e-10 ≰ 0.0e+00
    |g(x)|                 = 4.59e-08 ≤ 1.0e-06

 * Work counters
    Seconds run:   270  (vs limit Inf)
    Iterations:    4
    f(x) calls:    5
    ∇f(x) calls:   5

Al: 309.045207 seconds (202.88 M allocations: 48.600 GiB, 6.85% gc time, 0.00% compilation time)
┌ Info: 2025-05-13T15:15:35.110
│   name = "V"
│   Ecut = 42.0
│   kgrid = MonkhorstPack([20, 20, 20])
│   p0 = ComponentVector{Float64}(a = 5.699267600684394)
│   temperature = 0.001
└   smearing = DFTK.Smearing.Gaussian()
┌ Warning: Negative ρcore detected: -3.4151886922104144e-8
└ @ DFTK ~/.julia/packages/DFTK/n2IL4/src/terms/xc.jl:39
n     Energy            log10(ΔE)   log10(Δρ)   Diag   Δtime
---   ---------------   ---------   ---------   ----   ------
  1   -73.69051395427                   -0.85    9.6    12.2s
  2   -73.70363254753       -1.88       -1.06    5.5    8.59s
  3   -73.71025447606       -2.18       -1.40    6.9    10.5s
  4   -73.71141914873       -2.93       -1.79    5.7    8.09s
  5   -73.71155773210       -3.86       -2.18    5.0    8.08s
  6   -73.71158413383       -4.58       -3.07    5.4    6.42s
  7   -73.71158416410       -7.52       -3.54    4.3    5.82s
  8   -73.71158416906       -8.30       -4.17    5.2    6.10s
  9   -73.71158416937       -9.52       -4.56    4.0    6.06s
 10   -73.71158416980       -9.36       -5.25    5.3    6.98s
 11   -73.71158416980      -11.78       -6.05    5.3    6.21s
 12   -73.71158416980   +  -13.15       -6.70    5.5    6.19s
 13   -73.71158416980   +    -Inf       -7.14    3.9    4.60s
┌ Warning: Negative ρcore detected: Dual{ForwardDiff.Tag{var"#19#21"{@NamedTuple{ham::Hamiltonian, basis::PlaneWaveBasis{Float64, Float64, DFTK.CPU, FFTGrid{Float64, Float64, Array{StaticArraysCore.SVector{3, Int64}, 3}, Array{StaticArraysCore.SVector{3, Float64}, 3}}, Vector{StaticArraysCore.SVector{3, Int64}}}, energies::Energies{Float64}, converged::Bool, occupation_threshold::Float64, ρ::Array{Float64, 4}, τ::Nothing, α::Float64, eigenvalues::Vector{Vector{Float64}}, occupation::Vector{Vector{Float64}}, εF::Float64, n_bands_converge::Int64, n_iter::Int64, n_matvec::Int64, ψ::Vector{Matrix{ComplexF64}}, diagonalization::Vector{@NamedTuple{λ::Vector{Vector{Float64}}, X::Vector{Matrix{ComplexF64}}, residual_norms::Vector{Vector{Float64}}, n_iter::Vector{Int64}, converged::Bool, n_matvec::Int64}}, stage::Symbol, history_Δρ::Vector{Float64}, history_Etot::Vector{Float64}, timedout::Bool, runtime_ns::UInt64, algorithm::String}, Model{Float64, Float64}, Float64, MonkhorstPack, var"#case#4"{Matrix{Float64}, Float64, MonkhorstPack, Vector{StaticArraysCore.SVector{3, Float64}}, Vector{ElementPsp{PspUpf{Float64, Interpolations.Extrapolation{Float64, 1, Interpolations.GriddedInterpolation{Float64, 1, Vector{Float64}, Interpolations.Gridded{Interpolations.Linear{Interpolations.Throw{Interpolations.OnGrid}}}, Tuple{Vector{Float64}}}, Interpolations.Gridded{Interpolations.Linear{Interpolations.Throw{Interpolations.OnGrid}}}, Interpolations.Throw{Nothing}}}}}, Float64, Float64, String}}, Float64}}(-3.4151886922104144e-8,-1.2413273474001241e-8)
└ @ DFTK ~/.julia/packages/DFTK/n2IL4/src/terms/xc.jl:39
Iter     Function value   Gradient norm 
     0    -7.371158e+01     7.539342e-03
 * time: 3.600120544433594e-5
┌ Warning: Negative ρcore detected: -3.393720781806868e-8
└ @ DFTK ~/.julia/packages/DFTK/n2IL4/src/terms/xc.jl:39
n     Energy            log10(ΔE)   log10(Δρ)   Diag   Δtime
---   ---------------   ---------   ---------   ----   ------
  1   -73.69075995268                   -0.85    9.7    13.7s
  2   -73.70372984210       -1.89       -1.06    5.4    5.91s
  3   -73.71032004817       -2.18       -1.40    6.8    7.82s
  4   -73.71147058835       -2.94       -1.78    5.9    6.87s
  5   -73.71161218917       -3.85       -2.20    5.0    6.89s
  6   -73.71163669121       -4.61       -3.08    5.5    6.64s
  7   -73.71163673174       -7.39       -3.53    4.6    5.69s
  8   -73.71163673785       -8.21       -4.17    5.2    6.45s
  9   -73.71163673802       -9.76       -4.56    3.7    5.73s
 10   -73.71163673847       -9.35       -5.09    5.3    6.57s
 11   -73.71163673847      -11.15       -6.03    5.3    7.02s
 12   -73.71163673847      -12.85       -6.60    5.8    6.92s
 13   -73.71163673847   +  -13.55       -6.93    3.4    4.70s
 14   -73.71163673847      -13.25       -7.40    5.3    6.54s
┌ Warning: Negative ρcore detected: -3.393720781806868e-8
└ @ DFTK ~/.julia/packages/DFTK/n2IL4/src/terms/xc.jl:39
n     Energy            log10(ΔE)   log10(Δρ)   Diag   Δtime
---   ---------------   ---------   ---------   ----   ------
  1   -73.69076852139                   -0.85    9.7    14.4s
  2   -73.70370141253       -1.89       -1.06    5.4    6.47s
  3   -73.71032175831       -2.18       -1.40    6.8    8.71s
  4   -73.71147116370       -2.94       -1.79    5.8    7.15s
  5   -73.71161293774       -3.85       -2.20    5.0    6.58s
  6   -73.71163669816       -4.62       -3.08    5.5    7.36s
  7   -73.71163673321       -7.46       -3.53    4.6    5.96s
  8   -73.71163673786       -8.33       -4.17    5.1    6.31s
  9   -73.71163673810       -9.62       -4.59    3.8    5.65s
 10   -73.71163673847       -9.44       -5.11    5.3    7.23s
 11   -73.71163673847      -11.18       -6.08    5.4    7.24s
 12   -73.71163673847      -13.85       -6.65    5.6    6.85s
 13   -73.71163673847      -13.55       -6.88    4.9    5.95s
 14   -73.71163673847      -13.85       -7.88    4.8    5.85s
┌ Warning: Negative ρcore detected: Dual{ForwardDiff.Tag{var"#19#21"{@NamedTuple{ham::Hamiltonian, basis::PlaneWaveBasis{Float64, Float64, DFTK.CPU, FFTGrid{Float64, Float64, Array{StaticArraysCore.SVector{3, Int64}, 3}, Array{StaticArraysCore.SVector{3, Float64}, 3}}, Vector{StaticArraysCore.SVector{3, Int64}}}, energies::Energies{Float64}, converged::Bool, occupation_threshold::Float64, ρ::Array{Float64, 4}, τ::Nothing, α::Float64, eigenvalues::Vector{Vector{Float64}}, occupation::Vector{Vector{Float64}}, εF::Float64, n_bands_converge::Int64, n_iter::Int64, n_matvec::Int64, ψ::Vector{Matrix{ComplexF64}}, diagonalization::Vector{@NamedTuple{λ::Vector{Vector{Float64}}, X::Vector{Matrix{ComplexF64}}, residual_norms::Vector{Vector{Float64}}, n_iter::Vector{Int64}, converged::Bool, n_matvec::Int64}}, stage::Symbol, history_Δρ::Vector{Float64}, history_Etot::Vector{Float64}, timedout::Bool, runtime_ns::UInt64, algorithm::String}, Model{Float64, Float64}, Float64, MonkhorstPack, var"#case#4"{Matrix{Float64}, Float64, MonkhorstPack, Vector{StaticArraysCore.SVector{3, Float64}}, Vector{ElementPsp{PspUpf{Float64, Interpolations.Extrapolation{Float64, 1, Interpolations.GriddedInterpolation{Float64, 1, Vector{Float64}, Interpolations.Gridded{Interpolations.Linear{Interpolations.Throw{Interpolations.OnGrid}}}, Tuple{Vector{Float64}}}, Interpolations.Gridded{Interpolations.Linear{Interpolations.Throw{Interpolations.OnGrid}}}, Interpolations.Throw{Nothing}}}}}, Float64, Float64, String}}, Float64}}(-3.393720781806868e-8,-4.4828806876823356e-8)
└ @ DFTK ~/.julia/packages/DFTK/n2IL4/src/terms/xc.jl:39
     1    -7.371164e+01     6.404238e-03
 * time: 265.7513949871063
┌ Warning: Negative ρcore detected: -3.140550158129885e-8
└ @ DFTK ~/.julia/packages/DFTK/n2IL4/src/terms/xc.jl:39
n     Energy            log10(ΔE)   log10(Δρ)   Diag   Δtime
---   ---------------   ---------   ---------   ----   ------
  1   -73.69204798031                   -0.86    9.8    11.6s
  2   -73.70392863861       -1.93       -1.06    5.3    6.16s
  3   -73.71051358516       -2.18       -1.40    7.0    7.83s
  4   -73.71159203835       -2.97       -1.77    5.8    6.49s
  5   -73.71175104853       -3.80       -2.24    5.1    5.99s
  6   -73.71177024071       -4.72       -3.07    5.5    6.57s
  7   -73.71177025926       -7.73       -3.50    4.5    6.30s
  8   -73.71177026272       -8.46       -4.10    4.3    6.23s
  9   -73.71177026250   +   -9.67       -4.47    5.2    6.94s
 10   -73.71177026288       -9.42       -4.75    5.2    6.74s
 11   -73.71177026291      -10.58       -5.56    4.7    6.05s
 12   -73.71177026291      -11.38       -6.24    4.7    6.72s
 13   -73.71177026291      -12.73       -6.53    5.0    6.67s
 14   -73.71177026291      -12.40       -6.89    5.5    6.83s
 15   -73.71177026291      -13.15       -7.90    5.0    6.47s
┌ Warning: Negative ρcore detected: -3.140550158129885e-8
└ @ DFTK ~/.julia/packages/DFTK/n2IL4/src/terms/xc.jl:39
n     Energy            log10(ΔE)   log10(Δρ)   Diag   Δtime
---   ---------------   ---------   ---------   ----   ------
  1   -73.69204871304                   -0.86    9.9    12.3s
  2   -73.70393745044       -1.92       -1.06    5.5    6.63s
  3   -73.71051318274       -2.18       -1.40    6.8    9.74s
  4   -73.71159198934       -2.97       -1.77    5.9    6.70s
  5   -73.71175080502       -3.80       -2.24    5.1    6.11s
  6   -73.71177024002       -4.71       -3.07    5.5    7.73s
  7   -73.71177025905       -7.72       -3.51    4.7    7.67s
  8   -73.71177026274       -8.43       -4.11    4.5    6.21s
  9   -73.71177026245   +   -9.54       -4.48    5.3    6.55s
 10   -73.71177026288       -9.36       -4.77    5.5    7.73s
 11   -73.71177026291      -10.62       -5.57    4.6    6.57s
 12   -73.71177026291      -11.40       -6.29    4.7    6.64s
 13   -73.71177026291      -12.55       -6.50    4.9    6.54s
 14   -73.71177026291      -12.43       -6.88    5.5    6.44s
 15   -73.71177026291      -12.85       -7.86    5.0    6.42s
┌ Warning: Negative ρcore detected: Dual{ForwardDiff.Tag{var"#19#21"{@NamedTuple{ham::Hamiltonian, basis::PlaneWaveBasis{Float64, Float64, DFTK.CPU, FFTGrid{Float64, Float64, Array{StaticArraysCore.SVector{3, Int64}, 3}, Array{StaticArraysCore.SVector{3, Float64}, 3}}, Vector{StaticArraysCore.SVector{3, Int64}}}, energies::Energies{Float64}, converged::Bool, occupation_threshold::Float64, ρ::Array{Float64, 4}, τ::Nothing, α::Float64, eigenvalues::Vector{Vector{Float64}}, occupation::Vector{Vector{Float64}}, εF::Float64, n_bands_converge::Int64, n_iter::Int64, n_matvec::Int64, ψ::Vector{Matrix{ComplexF64}}, diagonalization::Vector{@NamedTuple{λ::Vector{Vector{Float64}}, X::Vector{Matrix{ComplexF64}}, residual_norms::Vector{Vector{Float64}}, n_iter::Vector{Int64}, converged::Bool, n_matvec::Int64}}, stage::Symbol, history_Δρ::Vector{Float64}, history_Etot::Vector{Float64}, timedout::Bool, runtime_ns::UInt64, algorithm::String}, Model{Float64, Float64}, Float64, MonkhorstPack, var"#case#4"{Matrix{Float64}, Float64, MonkhorstPack, Vector{StaticArraysCore.SVector{3, Float64}}, Vector{ElementPsp{PspUpf{Float64, Interpolations.Extrapolation{Float64, 1, Interpolations.GriddedInterpolation{Float64, 1, Vector{Float64}, Interpolations.Gridded{Interpolations.Linear{Interpolations.Throw{Interpolations.OnGrid}}}, Tuple{Vector{Float64}}}, Interpolations.Gridded{Interpolations.Linear{Interpolations.Throw{Interpolations.OnGrid}}}, Interpolations.Throw{Nothing}}}}}, Float64, Float64, String}}, Float64}}(-3.140550158129885e-8,-1.8783879202216674e-8)
└ @ DFTK ~/.julia/packages/DFTK/n2IL4/src/terms/xc.jl:39
     2    -7.371177e+01     1.850103e-04
 * time: 547.5163078308105
┌ Warning: Negative ρcore detected: -3.142494035975112e-8
└ @ DFTK ~/.julia/packages/DFTK/n2IL4/src/terms/xc.jl:39
n     Energy            log10(ΔE)   log10(Δρ)   Diag   Δtime
---   ---------------   ---------   ---------   ----   ------
  1   -73.69203759164                   -0.86    9.7    11.4s
  2   -73.70391204939       -1.93       -1.06    5.5    6.81s
  3   -73.71051589325       -2.18       -1.40    6.8    8.03s
  4   -73.71159057162       -2.97       -1.77    5.8    6.58s
  5   -73.71175138707       -3.79       -2.24    5.1    6.70s
  6   -73.71177034647       -4.72       -3.07    5.6    6.56s
  7   -73.71177036599       -7.71       -3.50    4.3    5.50s
  8   -73.71177036932       -8.48       -4.09    4.1    5.70s
  9   -73.71177036920   +   -9.92       -4.48    4.9    6.29s
 10   -73.71177036952       -9.50       -4.76    5.1    6.04s
 11   -73.71177036955      -10.52       -5.56    4.6    5.85s
 12   -73.71177036955      -11.34       -6.27    4.7    7.08s
 13   -73.71177036955      -12.37       -6.51    5.0    6.58s
 14   -73.71177036955      -12.38       -6.91    5.5    6.98s
 15   -73.71177036955      -12.77       -7.97    5.0    6.35s
┌ Warning: Negative ρcore detected: -3.142494035975112e-8
└ @ DFTK ~/.julia/packages/DFTK/n2IL4/src/terms/xc.jl:39
n     Energy            log10(ΔE)   log10(Δρ)   Diag   Δtime
---   ---------------   ---------   ---------   ----   ------
  1   -73.69203192284                   -0.86    9.7    12.2s
  2   -73.70390714723       -1.93       -1.06    5.4    7.31s
  3   -73.71051546449       -2.18       -1.40    6.9    9.62s
  4   -73.71159141198       -2.97       -1.77    5.8    6.82s
  5   -73.71175114838       -3.80       -2.24    5.1    6.08s
  6   -73.71177034729       -4.72       -3.07    5.5    7.23s
  7   -73.71177036603       -7.73       -3.51    4.6    6.82s
  8   -73.71177036940       -8.47       -4.14    4.2    6.23s
  9   -73.71177036916   +   -9.62       -4.47    5.2    8.42s
 10   -73.71177036952       -9.44       -4.77    5.0    8.10s
 11   -73.71177036955      -10.55       -5.57    4.6    7.08s
 12   -73.71177036955      -11.36       -6.25    4.7    6.99s
 13   -73.71177036955      -12.50       -6.58    4.9    8.58s
 14   -73.71177036955      -12.42       -6.92    5.6    6.27s
 15   -73.71177036955      -13.00       -7.96    5.2    7.64s
┌ Warning: Negative ρcore detected: Dual{ForwardDiff.Tag{var"#19#21"{@NamedTuple{ham::Hamiltonian, basis::PlaneWaveBasis{Float64, Float64, DFTK.CPU, FFTGrid{Float64, Float64, Array{StaticArraysCore.SVector{3, Int64}, 3}, Array{StaticArraysCore.SVector{3, Float64}, 3}}, Vector{StaticArraysCore.SVector{3, Int64}}}, energies::Energies{Float64}, converged::Bool, occupation_threshold::Float64, ρ::Array{Float64, 4}, τ::Nothing, α::Float64, eigenvalues::Vector{Vector{Float64}}, occupation::Vector{Vector{Float64}}, εF::Float64, n_bands_converge::Int64, n_iter::Int64, n_matvec::Int64, ψ::Vector{Matrix{ComplexF64}}, diagonalization::Vector{@NamedTuple{λ::Vector{Vector{Float64}}, X::Vector{Matrix{ComplexF64}}, residual_norms::Vector{Vector{Float64}}, n_iter::Vector{Int64}, converged::Bool, n_matvec::Int64}}, stage::Symbol, history_Δρ::Vector{Float64}, history_Etot::Vector{Float64}, timedout::Bool, runtime_ns::UInt64, algorithm::String}, Model{Float64, Float64}, Float64, MonkhorstPack, var"#case#4"{Matrix{Float64}, Float64, MonkhorstPack, Vector{StaticArraysCore.SVector{3, Float64}}, Vector{ElementPsp{PspUpf{Float64, Interpolations.Extrapolation{Float64, 1, Interpolations.GriddedInterpolation{Float64, 1, Vector{Float64}, Interpolations.Gridded{Interpolations.Linear{Interpolations.Throw{Interpolations.OnGrid}}}, Tuple{Vector{Float64}}}, Interpolations.Gridded{Interpolations.Linear{Interpolations.Throw{Interpolations.OnGrid}}}, Interpolations.Throw{Nothing}}}}}, Float64, Float64, String}}, Float64}}(-3.142494035975112e-8,-1.3775692138090324e-8)
└ @ DFTK ~/.julia/packages/DFTK/n2IL4/src/terms/xc.jl:39
     3    -7.371177e+01     5.260613e-06
 * time: 846.3820178508759
┌ Warning: Negative ρcore detected: -3.1424483354624434e-8
└ @ DFTK ~/.julia/packages/DFTK/n2IL4/src/terms/xc.jl:39
n     Energy            log10(ΔE)   log10(Δρ)   Diag   Δtime
---   ---------------   ---------   ---------   ----   ------
  1   -73.69203318732                   -0.86    9.7    11.7s
  2   -73.70392067827       -1.92       -1.06    5.4    6.42s
  3   -73.71051414605       -2.18       -1.40    6.9    7.85s
  4   -73.71159139331       -2.97       -1.77    5.8    6.99s
  5   -73.71175111043       -3.80       -2.24    5.2    6.70s
  6   -73.71177034639       -4.72       -3.07    5.5    7.93s
  7   -73.71177036600       -7.71       -3.50    4.4    5.91s
  8   -73.71177036945       -8.46       -4.09    4.4    5.58s
  9   -73.71177036927   +   -9.74       -4.48    5.0    6.28s
 10   -73.71177036963       -9.44       -4.76    5.2    6.25s
 11   -73.71177036966      -10.57       -5.56    4.6    6.24s
 12   -73.71177036966      -11.33       -6.27    4.6    6.54s
 13   -73.71177036966      -12.34       -6.49    5.1    6.58s
 14   -73.71177036966      -12.34       -6.89    5.5    6.25s
 15   -73.71177036966      -12.81       -7.95    5.0    6.07s
┌ Warning: Negative ρcore detected: -3.1424483354624434e-8
└ @ DFTK ~/.julia/packages/DFTK/n2IL4/src/terms/xc.jl:39
n     Energy            log10(ΔE)   log10(Δρ)   Diag   Δtime
---   ---------------   ---------   ---------   ----   ------
  1   -73.69203448071                   -0.86    9.7    12.1s
  2   -73.70391425437       -1.93       -1.06    5.5    9.45s
  3   -73.71051388351       -2.18       -1.40    6.9    9.62s
  4   -73.71159123738       -2.97       -1.77    5.8    7.14s
  5   -73.71175153612       -3.80       -2.25    5.2    7.42s
  6   -73.71177034704       -4.73       -3.07    5.6    8.14s
  7   -73.71177036613       -7.72       -3.50    4.3    6.08s
  8   -73.71177036944       -8.48       -4.10    4.1    6.37s
  9   -73.71177036930   +   -9.84       -4.48    5.0    7.70s
 10   -73.71177036963       -9.48       -4.76    5.0    8.29s
 11   -73.71177036966      -10.52       -5.57    4.7    6.44s
 12   -73.71177036966      -11.35       -6.26    4.7    6.87s
 13   -73.71177036966      -12.36       -6.52    5.0    6.14s
 14   -73.71177036966      -12.32       -6.90    5.5    6.58s
 15   -73.71177036966      -12.94       -7.96    4.9    6.88s
┌ Warning: Negative ρcore detected: Dual{ForwardDiff.Tag{var"#19#21"{@NamedTuple{ham::Hamiltonian, basis::PlaneWaveBasis{Float64, Float64, DFTK.CPU, FFTGrid{Float64, Float64, Array{StaticArraysCore.SVector{3, Int64}, 3}, Array{StaticArraysCore.SVector{3, Float64}, 3}}, Vector{StaticArraysCore.SVector{3, Int64}}}, energies::Energies{Float64}, converged::Bool, occupation_threshold::Float64, ρ::Array{Float64, 4}, τ::Nothing, α::Float64, eigenvalues::Vector{Vector{Float64}}, occupation::Vector{Vector{Float64}}, εF::Float64, n_bands_converge::Int64, n_iter::Int64, n_matvec::Int64, ψ::Vector{Matrix{ComplexF64}}, diagonalization::Vector{@NamedTuple{λ::Vector{Vector{Float64}}, X::Vector{Matrix{ComplexF64}}, residual_norms::Vector{Vector{Float64}}, n_iter::Vector{Int64}, converged::Bool, n_matvec::Int64}}, stage::Symbol, history_Δρ::Vector{Float64}, history_Etot::Vector{Float64}, timedout::Bool, runtime_ns::UInt64, algorithm::String}, Model{Float64, Float64}, Float64, MonkhorstPack, var"#case#4"{Matrix{Float64}, Float64, MonkhorstPack, Vector{StaticArraysCore.SVector{3, Float64}}, Vector{ElementPsp{PspUpf{Float64, Interpolations.Extrapolation{Float64, 1, Interpolations.GriddedInterpolation{Float64, 1, Vector{Float64}, Interpolations.Gridded{Interpolations.Linear{Interpolations.Throw{Interpolations.OnGrid}}}, Tuple{Vector{Float64}}}, Interpolations.Gridded{Interpolations.Linear{Interpolations.Throw{Interpolations.OnGrid}}}, Interpolations.Throw{Nothing}}}}}, Float64, Float64, String}}, Float64}}(-3.1424483354624434e-8,-1.3913528494396804e-8)
└ @ DFTK ~/.julia/packages/DFTK/n2IL4/src/terms/xc.jl:39
     4    -7.371177e+01     3.629036e-09
 * time: 1139.6031730175018
 * Status: success

 * Candidate solution
    Final objective value:     -7.371177e+01

 * Found with
    Algorithm:     L-BFGS

 * Convergence measures
    |x - x'|               = 3.30e-05 ≰ -1.0e+00
    |x - x'|/|x'|          = 5.84e-06 ≰ 0.0e+00
    |f(x) - f(x')|         = 1.07e-10 ≤ 1.0e-08
    |f(x) - f(x')|/|f(x')| = 1.46e-12 ≰ 0.0e+00
    |g(x)|                 = 3.63e-09 ≤ 1.0e-06

 * Work counters
    Seconds run:   1140  (vs limit Inf)
    Iterations:    4
    f(x) calls:    5
    ∇f(x) calls:   5

V: 1281.689615 seconds (740.37 M allocations: 352.227 GiB, 5.84% gc time, 0.01% compilation time)
