┌ Info: Threading setup: 
│   Threads.nthreads() = 1
│   n_DFTK = 1
│   n_fft = 1
└   n_blas = 1
┌ Info: 2025-05-13T15:34:55.758
│   name = "Si"
│   Ecut = 18.0
│   kgrid = MonkhorstPack([14, 14, 14])
│   p0 = ComponentVector{Float64}(a = 10.347246312603742)
│   temperature = 0.001
└   smearing = DFTK.Smearing.Gaussian()
n     Energy            log10(ΔE)   log10(Δρ)   Diag   Δtime
---   ---------------   ---------   ---------   ----   ------
  1   -8.443262508287                   -0.96    7.0    16.3s
  2   -8.444927360083       -2.78       -1.76    1.8    7.04s
  3   -8.445007634025       -4.10       -2.77    3.9    2.18s
  4   -8.445009922799       -5.64       -3.60    4.9    2.93s
  5   -8.445010021883       -7.00       -4.36    4.7    2.24s
  6   -8.445010025960       -8.39       -5.30    5.1    3.05s
  7   -8.445010025996      -10.43       -6.17    4.5    2.85s
  8   -8.445010025997      -12.55       -7.06    3.8    2.06s
Iter     Function value   Gradient norm 
     0    -8.445010e+00     2.472728e-03
 * time: 5.0067901611328125e-5
n     Energy            log10(ΔE)   log10(Δρ)   Diag   Δtime
---   ---------------   ---------   ---------   ----   ------
  1   -8.443271322613                   -0.96    7.2    3.22s
  2   -8.444935188262       -2.78       -1.76    1.8    1.33s
  3   -8.445013563972       -4.11       -2.77    4.0    2.49s
  4   -8.445015829596       -5.64       -3.60    4.8    2.45s
  5   -8.445015927031       -7.01       -4.36    4.8    2.64s
  6   -8.445015931187       -8.38       -5.31    5.0    2.34s
  7   -8.445015931226      -10.41       -6.23    4.6    2.72s
  8   -8.445015931226      -12.65       -7.09    4.0    2.10s
n     Energy            log10(ΔE)   log10(Δρ)   Diag   Δtime
---   ---------------   ---------   ---------   ----   ------
  1   -8.443267335879                   -0.96    7.2    3.34s
  2   -8.444933950103       -2.78       -1.76    1.9    1.47s
  3   -8.445013587443       -4.10       -2.77    3.9    2.69s
  4   -8.445015832626       -5.65       -3.60    4.7    2.49s
  5   -8.445015927243       -7.02       -4.38    4.9    2.74s
  6   -8.445015931191       -8.40       -5.33    5.0    2.29s
  7   -8.445015931226      -10.46       -6.34    4.6    2.62s
  8   -8.445015931226      -12.71       -7.13    4.1    2.19s
     1    -8.445016e+00     2.303481e-03
 * time: 55.01985716819763
n     Energy            log10(ΔE)   log10(Δρ)   Diag   Δtime
---   ---------------   ---------   ---------   ----   ------
  1   -8.443247914040                   -0.96    7.0    3.13s
  2   -8.444966514943       -2.76       -1.76    1.8    1.35s
  3   -8.445051904104       -4.07       -2.77    3.9    2.33s
  4   -8.445054132777       -5.65       -3.60    4.7    2.55s
  5   -8.445054219510       -7.06       -4.35    4.7    2.14s
  6   -8.445054223716       -8.38       -5.31    4.9    2.52s
  7   -8.445054223743      -10.58       -6.27    4.4    2.09s
  8   -8.445054223743      -12.71       -7.08    4.1    2.26s
n     Energy            log10(ΔE)   log10(Δρ)   Diag   Δtime
---   ---------------   ---------   ---------   ----   ------
  1   -8.443241217772                   -0.96    7.1    3.07s
  2   -8.444967433951       -2.76       -1.76    1.9    1.68s
  3   -8.445051950873       -4.07       -2.77    3.8    1.96s
  4   -8.445054131985       -5.66       -3.59    4.6    2.46s
  5   -8.445054219760       -7.06       -4.38    4.8    2.15s
  6   -8.445054223718       -8.40       -5.35    5.2    2.46s
  7   -8.445054223743      -10.61       -6.36    4.4    2.10s
  8   -8.445054223743      -12.82       -7.14    4.3    2.36s
     2    -8.445054e+00     4.047583e-05
 * time: 104.5609769821167
n     Energy            log10(ΔE)   log10(Δρ)   Diag   Δtime
---   ---------------   ---------   ---------   ----   ------
  1   -8.443240868163                   -0.96    7.1    3.24s
  2   -8.444969877410       -2.76       -1.76    1.9    1.45s
  3   -8.445051961887       -4.09       -2.77    3.9    2.56s
  4   -8.445054146468       -5.66       -3.59    4.6    2.32s
  5   -8.445054231376       -7.07       -4.37    4.9    3.06s
  6   -8.445054235284       -8.41       -5.32    5.0    2.36s
  7   -8.445054235311      -10.57       -6.25    4.4    2.60s
  8   -8.445054235312      -12.70       -7.07    3.9    1.93s
n     Energy            log10(ΔE)   log10(Δρ)   Diag   Δtime
---   ---------------   ---------   ---------   ----   ------
  1   -8.443247560095                   -0.96    7.0    3.06s
  2   -8.444976664543       -2.76       -1.76    2.0    1.38s
  3   -8.445051755219       -4.12       -2.77    3.7    2.42s
  4   -8.445054148925       -5.62       -3.56    4.8    2.61s
  5   -8.445054231846       -7.08       -4.40    4.8    2.83s
  6   -8.445054235289       -8.46       -5.27    5.1    2.40s
  7   -8.445054235312      -10.65       -6.37    4.3    2.56s
  8   -8.445054235312      -12.92       -7.13    4.3    2.14s
     3    -8.445054e+00     6.504383e-07
 * time: 158.24476194381714
 * Status: success

 * Candidate solution
    Final objective value:     -8.445054e+00

 * Found with
    Algorithm:     L-BFGS

 * Convergence measures
    |x - x'|               = 5.81e-04 ≰ -1.0e+00
    |x - x'|/|x'|          = 5.64e-05 ≰ 0.0e+00
    |f(x) - f(x')|         = 1.16e-08 ≰ 1.0e-08
    |f(x) - f(x')|/|f(x')| = 1.37e-09 ≰ 0.0e+00
    |g(x)|                 = 6.50e-07 ≤ 1.0e-06

 * Work counters
    Seconds run:   158  (vs limit Inf)
    Iterations:    3
    f(x) calls:    4
    ∇f(x) calls:   4

Si: 252.062302 seconds (309.14 M allocations: 59.526 GiB, 6.97% gc time, 25.30% compilation time: <1% of which was recompilation)
┌ Info: 2025-05-13T15:39:08.544
│   name = "NaCl"
│   Ecut = 44.0
│   kgrid = MonkhorstPack([13, 13, 13])
│   p0 = ComponentVector{Float64}(a = 10.746130571470083)
│   temperature = 0
└   smearing = DFTK.Smearing.None()
n     Energy            log10(ΔE)   log10(Δρ)   Diag   Δtime
---   ---------------   ---------   ---------   ----   ------
  1   -62.16408445300                   -1.13    8.5    25.6s
  2   -62.16931960503       -2.28       -1.23    2.6    8.74s
  3   -62.17301000867       -2.43       -2.04    3.8    11.8s
  4   -62.17306117079       -4.29       -2.83    3.1    10.7s
  5   -62.17306221871       -5.98       -3.36    3.8    12.1s
  6   -62.17306259075       -6.43       -4.07    3.5    10.9s
  7   -62.17306259724       -8.19       -4.59    3.9    13.7s
  8   -62.17306259765       -9.39       -6.06    3.5    11.3s
  9   -62.17306259766      -11.26       -6.66    4.8    15.7s
 10   -62.17306259766      -13.00       -7.66    3.8    13.7s
Iter     Function value   Gradient norm 
     0    -6.217306e+01     5.028657e-03
 * time: 3.600120544433594e-5
n     Energy            log10(ΔE)   log10(Δρ)   Diag   Δtime
---   ---------------   ---------   ---------   ----   ------
  1   -62.16409550133                   -1.13    8.4    24.7s
  2   -62.16932769196       -2.28       -1.23    2.7    9.17s
  3   -62.17303429455       -2.43       -2.04    3.7    11.8s
  4   -62.17308619457       -4.28       -2.82    3.0    10.8s
  5   -62.17308724177       -5.98       -3.35    3.8    14.3s
  6   -62.17308762485       -6.42       -4.06    3.5    13.6s
  7   -62.17308763166       -8.17       -4.56    3.9    14.0s
  8   -62.17308763210       -9.35       -6.10    3.5    13.3s
  9   -62.17308763211      -11.23       -6.50    5.1    16.9s
 10   -62.17308763211      -13.07       -7.71    3.4    12.9s
n     Energy            log10(ΔE)   log10(Δρ)   Diag   Δtime
---   ---------------   ---------   ---------   ----   ------
  1   -62.16409869015                   -1.13    8.5    24.6s
  2   -62.16931630975       -2.28       -1.23    2.6    8.62s
  3   -62.17303473391       -2.43       -2.05    3.7    14.5s
  4   -62.17308622755       -4.29       -2.84    2.9    12.5s
  5   -62.17308725453       -5.99       -3.37    3.8    14.7s
  6   -62.17308762523       -6.43       -4.07    3.4    13.6s
  7   -62.17308763163       -8.19       -4.56    3.8    14.8s
  8   -62.17308763210       -9.33       -6.03    3.5    13.0s
  9   -62.17308763211      -11.21       -6.67    4.9    15.3s
 10   -62.17308763211      -13.55       -7.66    3.6    13.1s
     1    -6.217309e+01     4.928133e-03
 * time: 325.79733896255493
n     Energy            log10(ΔE)   log10(Δρ)   Diag   Δtime
---   ---------------   ---------   ---------   ----   ------
  1   -62.16373507189                   -1.12    8.2    22.3s
  2   -62.16921052936       -2.26       -1.20    2.5    8.31s
  3   -62.17367232989       -2.35       -2.01    3.5    11.5s
  4   -62.17373741635       -4.19       -2.81    2.8    10.6s
  5   -62.17373867095       -5.90       -3.35    3.9    14.7s
  6   -62.17373913040       -6.34       -4.07    3.5    12.5s
  7   -62.17373913851       -8.09       -4.54    4.0    12.4s
  8   -62.17373913902       -9.29       -6.01    3.6    11.5s
  9   -62.17373913903      -11.00       -6.36    5.0    18.0s
 10   -62.17373913903      -12.87       -7.57    3.2    11.2s
n     Energy            log10(ΔE)   log10(Δρ)   Diag   Δtime
---   ---------------   ---------   ---------   ----   ------
  1   -62.16373933241                   -1.12    8.1    19.9s
  2   -62.16920343789       -2.26       -1.20    2.5    8.56s
  3   -62.17367277735       -2.35       -2.01    3.6    12.3s
  4   -62.17373740878       -4.19       -2.81    2.8    10.1s
  5   -62.17373866631       -5.90       -3.34    3.8    12.3s
  6   -62.17373912997       -6.33       -4.02    3.4    10.2s
  7   -62.17373913841       -8.07       -4.48    3.8    11.2s
  8   -62.17373913902       -9.21       -5.92    3.3    9.88s
  9   -62.17373913903      -10.92       -6.24    4.7    13.1s
 10   -62.17373913903      -12.70       -7.55    2.9    10.9s
     2    -6.217374e+01     5.481835e-04
 * time: 621.7028338909149
n     Energy            log10(ΔE)   log10(Δρ)   Diag   Δtime
---   ---------------   ---------   ---------   ----   ------
  1   -62.16361617569                   -1.12    9.0    23.8s
  2   -62.16912655566       -2.26       -1.20    2.7    8.34s
  3   -62.17367907331       -2.34       -2.00    3.7    10.7s
  4   -62.17374682567       -4.17       -2.77    2.8    9.19s
  5   -62.17374812802       -5.89       -3.31    3.9    11.8s
  6   -62.17374862181       -6.31       -4.00    3.4    10.3s
  7   -62.17374863160       -8.01       -4.50    3.9    11.3s
  8   -62.17374863217       -9.24       -6.03    3.7    10.7s
  9   -62.17374863218      -10.97       -6.35    4.9    13.7s
 10   -62.17374863218      -12.94       -7.52    3.2    9.90s
n     Energy            log10(ΔE)   log10(Δρ)   Diag   Δtime
---   ---------------   ---------   ---------   ----   ------
  1   -62.16361570104                   -1.12    9.1    22.9s
  2   -62.16912461670       -2.26       -1.20    2.8    9.03s
  3   -62.17367908818       -2.34       -2.00    3.8    11.6s
  4   -62.17374681694       -4.17       -2.78    2.9    9.84s
  5   -62.17374813028       -5.88       -3.32    3.8    12.4s
  6   -62.17374862185       -6.31       -4.02    3.5    10.7s
  7   -62.17374863163       -8.01       -4.55    4.2    12.5s
  8   -62.17374863217       -9.27       -6.00    3.5    10.4s
  9   -62.17374863218      -10.95       -6.38    4.9    13.1s
 10   -62.17374863218      -12.94       -7.54    3.3    10.1s
     3    -6.217375e+01     6.952413e-05
 * time: 902.0426909923553
n     Energy            log10(ΔE)   log10(Δρ)   Diag   Δtime
---   ---------------   ---------   ---------   ----   ------
  1   -62.16359669226                   -1.12    8.5    19.6s
  2   -62.16909126046       -2.26       -1.20    2.5    7.82s
  3   -62.17367980805       -2.34       -2.00    3.6    10.0s
  4   -62.17374700197       -4.17       -2.81    2.8    9.06s
  5   -62.17374830679       -5.88       -3.35    3.8    10.9s
  6   -62.17374878100       -6.32       -4.04    3.4    10.7s
  7   -62.17374878991       -8.05       -4.50    3.9    12.4s
  8   -62.17374879050       -9.23       -5.97    3.4    10.5s
  9   -62.17374879051      -10.91       -6.36    4.8    13.9s
 10   -62.17374879051      -13.03       -7.53    3.4    11.0s
n     Energy            log10(ΔE)   log10(Δρ)   Diag   Δtime
---   ---------------   ---------   ---------   ----   ------
  1   -62.16359814283                   -1.12    8.4    21.6s
  2   -62.16911389428       -2.26       -1.20    2.5    8.30s
  3   -62.17367920650       -2.34       -2.00    3.4    11.4s
  4   -62.17374697534       -4.17       -2.77    2.7    9.86s
  5   -62.17374828126       -5.88       -3.31    3.8    11.7s
  6   -62.17374878042       -6.30       -4.00    3.4    15.3s
  7   -62.17374878990       -8.02       -4.51    3.9    15.0s
  8   -62.17374879050       -9.22       -6.04    3.6    14.2s
  9   -62.17374879051      -10.99       -6.25    5.0    14.7s
 10   -62.17374879051      -12.85       -7.55    3.1    11.8s
     4    -6.217375e+01     1.181458e-06
 * time: 1189.0733008384705
n     Energy            log10(ΔE)   log10(Δρ)   Diag   Δtime
---   ---------------   ---------   ---------   ----   ------
  1   -62.16359484917                   -1.12    8.4    18.6s
  2   -62.16909748562       -2.26       -1.20    2.5    8.45s
  3   -62.17367955813       -2.34       -2.00    3.6    11.5s
  4   -62.17374691907       -4.17       -2.79    2.9    10.5s
  5   -62.17374829026       -5.86       -3.32    3.9    14.0s
  6   -62.17374878019       -6.31       -4.01    3.3    12.1s
  7   -62.17374878976       -8.02       -4.46    3.8    11.7s
  8   -62.17374879054       -9.11       -5.84    3.3    9.75s
  9   -62.17374879056      -10.85       -6.18    4.9    13.6s
 10   -62.17374879056      -12.83       -7.51    3.1    10.3s
n     Energy            log10(ΔE)   log10(Δρ)   Diag   Δtime
---   ---------------   ---------   ---------   ----   ------
  1   -62.16359719603                   -1.12    8.2    22.6s
  2   -62.16911417426       -2.26       -1.20    2.5    10.2s
  3   -62.17367892071       -2.34       -2.00    3.7    10.0s
  4   -62.17374698518       -4.17       -2.79    2.9    9.21s
  5   -62.17374829419       -5.88       -3.32    3.8    10.9s
  6   -62.17374878073       -6.31       -4.00    3.3    9.81s
  7   -62.17374878990       -8.04       -4.47    3.8    11.2s
  8   -62.17374879054       -9.19       -5.88    3.4    10.4s
  9   -62.17374879056      -10.87       -6.20    4.7    14.4s
 10   -62.17374879056      -12.66       -7.48    2.9    9.22s
     5    -6.217375e+01     1.674061e-08
 * time: 1465.1057529449463
 * Status: success

 * Candidate solution
    Final objective value:     -6.217375e+01

 * Found with
    Algorithm:     L-BFGS

 * Convergence measures
    |x - x'|               = 7.75e-05 ≰ -1.0e+00
    |x - x'|/|x'|          = 7.02e-06 ≰ 0.0e+00
    |f(x) - f(x')|         = 4.58e-11 ≤ 1.0e-08
    |f(x) - f(x')|/|f(x')| = 7.36e-13 ≰ 0.0e+00
    |g(x)|                 = 1.67e-08 ≤ 1.0e-06

 * Work counters
    Seconds run:   1465  (vs limit Inf)
    Iterations:    5
    f(x) calls:    6
    ∇f(x) calls:   6

NaCl: 1635.081668 seconds (1.41 G allocations: 399.353 GiB, 5.08% gc time, 0.21% compilation time)
┌ Info: 2025-05-13T16:06:23.664
│   name = "Al"
│   Ecut = 20.0
│   kgrid = MonkhorstPack([18, 18, 18])
│   p0 = ComponentVector{Float64}(a = 7.641925528121933)
│   temperature = 0.001
└   smearing = DFTK.Smearing.Gaussian()
n     Energy            log10(ΔE)   log10(Δρ)   Diag   Δtime
---   ---------------   ---------   ---------   ----   ------
  1   -2.314556471951                   -1.45    5.5    2.60s
  2   -2.314653580809       -4.01       -1.83    1.4    1.20s
  3   -2.314677078491       -4.63       -3.54    3.3    2.15s
  4   -2.314677312155       -6.63       -4.12    4.6    2.68s
  5   -2.314677312429       -9.56       -4.67    2.5    1.46s
  6   -2.314677312450      -10.67       -5.53    2.7    1.21s
  7   -2.314677312452      -11.90       -6.00    3.1    2.01s
  8   -2.314677312452      -13.10       -6.71    2.5    1.53s
  9   -2.314677312452      -15.05       -7.30    2.8    2.18s
Iter     Function value   Gradient norm 
     0    -2.314677e+00     1.793989e-03
 * time: 3.2901763916015625e-5
n     Energy            log10(ΔE)   log10(Δρ)   Diag   Δtime
---   ---------------   ---------   ---------   ----   ------
  1   -2.314559986700                   -1.45    5.5    2.26s
  2   -2.314656938460       -4.01       -1.83    1.4    826ms
  3   -2.314680260637       -4.63       -3.55    3.3    1.63s
  4   -2.314680465795       -6.69       -4.13    4.5    1.69s
  5   -2.314680466055       -9.58       -4.68    2.5    1.59s
  6   -2.314680466074      -10.73       -5.55    2.7    1.37s
  7   -2.314680466075      -11.88       -5.99    3.0    2.03s
  8   -2.314680466076      -13.06       -6.71    2.6    1.43s
  9   -2.314680466076      -14.88       -7.27    2.7    1.55s
n     Energy            log10(ΔE)   log10(Δρ)   Diag   Δtime
---   ---------------   ---------   ---------   ----   ------
  1   -2.314560085377                   -1.45    5.4    2.14s
  2   -2.314656999895       -4.01       -1.83    1.4    819ms
  3   -2.314680247405       -4.63       -3.56    3.3    1.70s
  4   -2.314680465830       -6.66       -4.16    4.5    1.74s
  5   -2.314680466057       -9.64       -4.71    2.4    1.47s
  6   -2.314680466074      -10.76       -5.56    2.7    1.33s
  7   -2.314680466075      -11.98       -6.00    3.1    1.79s
  8   -2.314680466076      -13.09       -6.73    2.6    1.36s
  9   -2.314680466076      -14.57       -7.32    2.8    1.49s
     1    -2.314680e+00     1.721794e-03
 * time: 60.570586919784546
n     Energy            log10(ΔE)   log10(Δρ)   Diag   Δtime
---   ---------------   ---------   ---------   ----   ------
  1   -2.314608790894                   -1.45    5.5    2.32s
  2   -2.314694775306       -4.07       -1.83    1.5    845ms
  3   -2.314716679736       -4.66       -3.52    3.5    1.65s
  4   -2.314716861445       -6.74       -4.19    4.4    1.64s
  5   -2.314716861650       -9.69       -4.78    2.8    1.43s
  6   -2.314716861661      -10.99       -5.46    2.9    1.21s
  7   -2.314716861662      -11.87       -6.22    3.1    1.52s
  8   -2.314716861662      -13.83       -6.75    2.8    1.15s
  9   -2.314716861662      -15.05       -7.57    2.3    1.05s
n     Energy            log10(ΔE)   log10(Δρ)   Diag   Δtime
---   ---------------   ---------   ---------   ----   ------
  1   -2.314609769804                   -1.45    5.6    2.15s
  2   -2.314694679268       -4.07       -1.83    1.4    820ms
  3   -2.314716678372       -4.66       -3.51    3.4    1.64s
  4   -2.314716861419       -6.74       -4.18    4.5    1.95s
  5   -2.314716861649       -9.64       -4.78    2.7    1.80s
  6   -2.314716861661      -10.93       -5.55    2.8    1.34s
  7   -2.314716861662      -11.97       -6.21    3.1    1.59s
  8   -2.314716861662      -13.92       -6.70    2.7    1.10s
  9   -2.314716861662      -14.57       -7.61    2.2    1.00s
     2    -2.314717e+00     5.086004e-05
 * time: 117.53228402137756
n     Energy            log10(ΔE)   log10(Δρ)   Diag   Δtime
---   ---------------   ---------   ---------   ----   ------
  1   -2.314606468183                   -1.45    5.4    2.25s
  2   -2.314694960966       -4.05       -1.83    1.3    822ms
┌ Warning: Eigensolver not converged
│   n_iter =
│    195-element Vector{Int64}:
│     5
│     5
│     4
│     3
│     ⋮
│     3
│     3
│     1
└ @ DFTK ~/.julia/packages/DFTK/n2IL4/src/scf/self_consistent_field.jl:76
  3   -2.314716697909       -4.66       -3.53    3.3    1.80s
  4   -2.314716890506       -6.72       -4.18    4.5    1.74s
  5   -2.314716890716       -9.68       -4.78    2.6    1.47s
  6   -2.314716890728      -10.93       -5.49    2.9    1.23s
  7   -2.314716890729      -11.88       -6.18    3.1    1.56s
  8   -2.314716890729      -13.82       -6.71    2.7    1.15s
  9   -2.314716890729   +  -15.05       -7.60    2.2    1.06s
n     Energy            log10(ΔE)   log10(Δρ)   Diag   Δtime
---   ---------------   ---------   ---------   ----   ------
  1   -2.314604493241                   -1.45    5.4    2.71s
  2   -2.314694147135       -4.05       -1.83    1.3    921ms
  3   -2.314716742960       -4.65       -3.50    3.4    2.19s
  4   -2.314716890463       -6.83       -4.16    4.4    2.34s
  5   -2.314716890715       -9.60       -4.77    2.7    1.69s
  6   -2.314716890728      -10.87       -5.52    2.8    1.64s
  7   -2.314716890729      -11.95       -6.17    3.1    1.80s
  8   -2.314716890729      -13.71       -6.57    2.7    1.12s
  9   -2.314716890729      -15.35       -7.60    1.9    1.17s
     3    -2.314717e+00     3.448453e-06
 * time: 180.1878538131714
n     Energy            log10(ΔE)   log10(Δρ)   Diag   Δtime
---   ---------------   ---------   ---------   ----   ------
  1   -2.314606237494                   -1.45    5.4    2.12s
  2   -2.314694980809       -4.05       -1.83    1.4    993ms
  3   -2.314716705980       -4.66       -3.52    3.3    1.73s
  4   -2.314716890643       -6.73       -4.19    4.5    1.72s
  5   -2.314716890851       -9.68       -4.75    2.7    1.65s
  6   -2.314716890863      -10.92       -5.43    2.8    1.37s
  7   -2.314716890864      -11.80       -6.18    3.1    1.84s
  8   -2.314716890864      -13.71       -6.63    2.7    1.21s
  9   -2.314716890864      -14.65       -7.54    2.1    1.05s
n     Energy            log10(ΔE)   log10(Δρ)   Diag   Δtime
---   ---------------   ---------   ---------   ----   ------
  1   -2.314607298099                   -1.45    5.4    2.13s
  2   -2.314694783780       -4.06       -1.83    1.5    826ms
  3   -2.314716706656       -4.66       -3.52    3.3    1.72s
  4   -2.314716890602       -6.74       -4.16    4.5    1.76s
  5   -2.314716890850       -9.60       -4.77    2.7    1.48s
  6   -2.314716890863      -10.89       -5.55    2.9    1.48s
  7   -2.314716890864      -11.97       -6.17    3.1    1.83s
  8   -2.314716890864      -13.73       -6.67    2.5    1.28s
  9   -2.314716890864      -15.35       -7.63    2.0    1.13s
     4    -2.314717e+00     9.203138e-09
 * time: 240.04035186767578
 * Status: success

 * Candidate solution
    Final objective value:     -2.314717e+00

 * Found with
    Algorithm:     L-BFGS

 * Convergence measures
    |x - x'|               = 7.79e-05 ≰ -1.0e+00
    |x - x'|/|x'|          = 1.03e-05 ≰ 0.0e+00
    |f(x) - f(x')|         = 1.35e-10 ≤ 1.0e-08
    |f(x) - f(x')|/|f(x')| = 5.83e-11 ≰ 0.0e+00
    |g(x)|                 = 9.20e-09 ≤ 1.0e-06

 * Work counters
    Seconds run:   240  (vs limit Inf)
    Iterations:    4
    f(x) calls:    5
    ∇f(x) calls:   5

Al: 278.910080 seconds (201.87 M allocations: 48.060 GiB, 6.45% gc time, 0.04% compilation time)
┌ Info: 2025-05-13T16:11:02.574
│   name = "V"
│   Ecut = 42.0
│   kgrid = MonkhorstPack([20, 20, 20])
│   p0 = ComponentVector{Float64}(a = 5.699267600684394)
│   temperature = 0.001
└   smearing = DFTK.Smearing.Gaussian()
┌ Warning: Negative ρcore detected: -3.4151886922104144e-8
└ @ DFTK ~/.julia/packages/DFTK/n2IL4/src/terms/xc.jl:39
n     Energy            log10(ΔE)   log10(Δρ)   Diag   Δtime
---   ---------------   ---------   ---------   ----   ------
  1   -73.71335613218                   -0.86    9.6    11.7s
  2   -73.72552023713       -1.91       -1.07    5.5    6.82s
  3   -73.73187795150       -2.20       -1.41    6.8    9.06s
  4   -73.73295471588       -2.97       -1.79    5.7    7.59s
  5   -73.73309285728       -3.86       -2.21    5.0    6.75s
  6   -73.73311621451       -4.63       -3.09    5.5    7.70s
  7   -73.73311624532       -7.51       -3.53    4.4    6.60s
  8   -73.73311624952       -8.38       -4.17    5.1    7.12s
  9   -73.73311624985       -9.49       -4.57    4.0    6.28s
 10   -73.73311625021       -9.44       -5.15    5.2    6.68s
 11   -73.73311625021      -11.33       -6.07    5.3    6.81s
 12   -73.73311625021      -13.15       -6.67    5.7    7.55s
 13   -73.73311625021      -13.15       -7.02    4.2    5.72s
┌ Warning: Negative ρcore detected: Dual{ForwardDiff.Tag{var"#19#21"{@NamedTuple{ham::Hamiltonian, basis::PlaneWaveBasis{Float64, Float64, DFTK.CPU, FFTGrid{Float64, Float64, Array{StaticArraysCore.SVector{3, Int64}, 3}, Array{StaticArraysCore.SVector{3, Float64}, 3}}, Vector{StaticArraysCore.SVector{3, Int64}}}, energies::Energies{Float64}, converged::Bool, occupation_threshold::Float64, ρ::Array{Float64, 4}, τ::Nothing, α::Float64, eigenvalues::Vector{Vector{Float64}}, occupation::Vector{Vector{Float64}}, εF::Float64, n_bands_converge::Int64, n_iter::Int64, n_matvec::Int64, ψ::Vector{Matrix{ComplexF64}}, diagonalization::Vector{@NamedTuple{λ::Vector{Vector{Float64}}, X::Vector{Matrix{ComplexF64}}, residual_norms::Vector{Vector{Float64}}, n_iter::Vector{Int64}, converged::Bool, n_matvec::Int64}}, stage::Symbol, history_Δρ::Vector{Float64}, history_Etot::Vector{Float64}, timedout::Bool, runtime_ns::UInt64, algorithm::String}, Model{Float64, Float64}, Float64, MonkhorstPack, var"#case#4"{Matrix{Float64}, Float64, MonkhorstPack, Vector{StaticArraysCore.SVector{3, Float64}}, Vector{ElementPsp{PspUpf{Float64, Interpolations.Extrapolation{Float64, 1, Interpolations.GriddedInterpolation{Float64, 1, Vector{Float64}, Interpolations.Gridded{Interpolations.Linear{Interpolations.Throw{Interpolations.OnGrid}}}, Tuple{Vector{Float64}}}, Interpolations.Gridded{Interpolations.Linear{Interpolations.Throw{Interpolations.OnGrid}}}, Interpolations.Throw{Nothing}}}}}, Float64, Float64, String}}, Float64}}(-3.4151886922104144e-8,-1.2413273474001241e-8)
└ @ DFTK ~/.julia/packages/DFTK/n2IL4/src/terms/xc.jl:39
Iter     Function value   Gradient norm 
     0    -7.373312e+01     5.469966e-03
 * time: 4.792213439941406e-5
┌ Warning: Negative ρcore detected: -3.4020565734370684e-8
└ @ DFTK ~/.julia/packages/DFTK/n2IL4/src/terms/xc.jl:39
n     Energy            log10(ΔE)   log10(Δρ)   Diag   Δtime
---   ---------------   ---------   ---------   ----   ------
  1   -73.71352239160                   -0.86    9.9    11.7s
  2   -73.72556224823       -1.92       -1.07    5.5    7.22s
  3   -73.73191445415       -2.20       -1.41    7.0    8.64s
  4   -73.73298082949       -2.97       -1.79    5.8    7.01s
  5   -73.73312293492       -3.85       -2.23    5.1    6.98s
  6   -73.73314387367       -4.68       -3.09    5.5    7.23s
  7   -73.73314390874       -7.45       -3.53    4.7    6.49s
  8   -73.73314391240       -8.44       -4.14    5.0    7.15s
  9   -73.73314391265       -9.59       -4.61    3.8    7.01s
 10   -73.73314391299       -9.48       -5.02    5.3    8.41s
 11   -73.73314391299      -11.04       -5.97    5.2    7.46s
 12   -73.73314391299   +  -12.67       -6.54    5.5    8.04s
 13   -73.73314391299   +  -13.85       -6.70    4.6    6.56s
 14   -73.73314391299      -13.00       -7.36    4.9    7.06s
┌ Warning: Negative ρcore detected: -3.4020565734370684e-8
└ @ DFTK ~/.julia/packages/DFTK/n2IL4/src/terms/xc.jl:39
n     Energy            log10(ΔE)   log10(Δρ)   Diag   Δtime
---   ---------------   ---------   ---------   ----   ------
  1   -73.71351803541                   -0.86    9.9    12.4s
  2   -73.72557993275       -1.92       -1.07    5.5    6.97s
  3   -73.73191181430       -2.20       -1.41    7.0    8.73s
  4   -73.73298113147       -2.97       -1.79    5.8    8.19s
  5   -73.73312280327       -3.85       -2.23    5.1    7.48s
  6   -73.73314386627       -4.68       -3.09    5.5    7.51s
  7   -73.73314390826       -7.38       -3.53    4.8    6.69s
  8   -73.73314391236       -8.39       -4.14    5.0    6.65s
  9   -73.73314391261       -9.61       -4.61    3.8    6.25s
 10   -73.73314391299       -9.42       -5.00    5.5    6.98s
 11   -73.73314391299      -11.03       -5.98    5.2    6.88s
 12   -73.73314391299   +  -12.45       -6.51    5.6    8.52s
 13   -73.73314391299      -13.37       -6.71    3.8    5.59s
 14   -73.73314391299      -13.00       -7.70    4.8    6.82s
┌ Warning: Negative ρcore detected: Dual{ForwardDiff.Tag{var"#19#21"{@NamedTuple{ham::Hamiltonian, basis::PlaneWaveBasis{Float64, Float64, DFTK.CPU, FFTGrid{Float64, Float64, Array{StaticArraysCore.SVector{3, Int64}, 3}, Array{StaticArraysCore.SVector{3, Float64}, 3}}, Vector{StaticArraysCore.SVector{3, Int64}}}, energies::Energies{Float64}, converged::Bool, occupation_threshold::Float64, ρ::Array{Float64, 4}, τ::Nothing, α::Float64, eigenvalues::Vector{Vector{Float64}}, occupation::Vector{Vector{Float64}}, εF::Float64, n_bands_converge::Int64, n_iter::Int64, n_matvec::Int64, ψ::Vector{Matrix{ComplexF64}}, diagonalization::Vector{@NamedTuple{λ::Vector{Vector{Float64}}, X::Vector{Matrix{ComplexF64}}, residual_norms::Vector{Vector{Float64}}, n_iter::Vector{Int64}, converged::Bool, n_matvec::Int64}}, stage::Symbol, history_Δρ::Vector{Float64}, history_Etot::Vector{Float64}, timedout::Bool, runtime_ns::UInt64, algorithm::String}, Model{Float64, Float64}, Float64, MonkhorstPack, var"#case#4"{Matrix{Float64}, Float64, MonkhorstPack, Vector{StaticArraysCore.SVector{3, Float64}}, Vector{ElementPsp{PspUpf{Float64, Interpolations.Extrapolation{Float64, 1, Interpolations.GriddedInterpolation{Float64, 1, Vector{Float64}, Interpolations.Gridded{Interpolations.Linear{Interpolations.Throw{Interpolations.OnGrid}}}, Tuple{Vector{Float64}}}, Interpolations.Gridded{Interpolations.Linear{Interpolations.Throw{Interpolations.OnGrid}}}, Interpolations.Throw{Nothing}}}}}, Float64, Float64, String}}, Float64}}(-3.4020565734370684e-8,-3.5756519033979696e-8)
└ @ DFTK ~/.julia/packages/DFTK/n2IL4/src/terms/xc.jl:39
     1    -7.373314e+01     4.644759e-03
 * time: 282.7594118118286
┌ Warning: Negative ρcore detected: -3.127731388042246e-8
└ @ DFTK ~/.julia/packages/DFTK/n2IL4/src/terms/xc.jl:39
n     Energy            log10(ΔE)   log10(Δρ)   Diag   Δtime
---   ---------------   ---------   ---------   ----   ------
  1   -73.71436597326                   -0.87    9.8    10.8s
  2   -73.72568069798       -1.95       -1.07    5.5    7.02s
  3   -73.73202720759       -2.20       -1.42    6.9    8.61s
  4   -73.73303991126       -2.99       -1.78    5.7    7.12s
  5   -73.73319500812       -3.81       -2.24    5.0    6.69s
  6   -73.73321438716       -4.71       -3.07    5.5    7.70s
  7   -73.73321440662       -7.71       -3.50    4.4    6.30s
  8   -73.73321440998       -8.47       -4.09    3.7    5.69s
  9   -73.73321440998   +  -11.26       -4.47    4.7    7.20s
 10   -73.73321441019       -9.66       -4.76    5.0    6.93s
 11   -73.73321441022      -10.57       -5.58    4.6    6.56s
 12   -73.73321441022      -11.66       -6.27    4.6    6.59s
 13   -73.73321441022      -12.81       -6.52    5.0    6.90s
 14   -73.73321441022      -13.85       -6.90    5.5    7.26s
 15   -73.73321441022      -13.15       -7.96    5.0    6.50s
┌ Warning: Negative ρcore detected: -3.127731388042246e-8
└ @ DFTK ~/.julia/packages/DFTK/n2IL4/src/terms/xc.jl:39
n     Energy            log10(ΔE)   log10(Δρ)   Diag   Δtime
---   ---------------   ---------   ---------   ----   ------
  1   -73.71438111510                   -0.87    9.7    12.2s
  2   -73.72565867900       -1.95       -1.07    5.4    6.58s
  3   -73.73202915445       -2.20       -1.42    6.9    8.93s
  4   -73.73303920154       -3.00       -1.78    5.8    7.97s
  5   -73.73319537869       -3.81       -2.25    5.0    7.37s
  6   -73.73321438667       -4.72       -3.07    5.4    7.48s
  7   -73.73321440641       -7.70       -3.49    4.2    6.63s
  8   -73.73321440991       -8.46       -4.07    3.6    5.85s
  9   -73.73321441005       -9.86       -4.48    4.5    7.02s
 10   -73.73321441019       -9.87       -4.76    4.9    6.41s
 11   -73.73321441022      -10.47       -5.58    4.8    6.27s
 12   -73.73321441022      -11.74       -6.24    4.7    6.61s
 13   -73.73321441022      -12.45       -6.58    5.1    6.78s
 14   -73.73321441022   +  -12.73       -7.02    5.5    6.84s
┌ Warning: Negative ρcore detected: Dual{ForwardDiff.Tag{var"#19#21"{@NamedTuple{ham::Hamiltonian, basis::PlaneWaveBasis{Float64, Float64, DFTK.CPU, FFTGrid{Float64, Float64, Array{StaticArraysCore.SVector{3, Int64}, 3}, Array{StaticArraysCore.SVector{3, Float64}, 3}}, Vector{StaticArraysCore.SVector{3, Int64}}}, energies::Energies{Float64}, converged::Bool, occupation_threshold::Float64, ρ::Array{Float64, 4}, τ::Nothing, α::Float64, eigenvalues::Vector{Vector{Float64}}, occupation::Vector{Vector{Float64}}, εF::Float64, n_bands_converge::Int64, n_iter::Int64, n_matvec::Int64, ψ::Vector{Matrix{ComplexF64}}, diagonalization::Vector{@NamedTuple{λ::Vector{Vector{Float64}}, X::Vector{Matrix{ComplexF64}}, residual_norms::Vector{Vector{Float64}}, n_iter::Vector{Int64}, converged::Bool, n_matvec::Int64}}, stage::Symbol, history_Δρ::Vector{Float64}, history_Etot::Vector{Float64}, timedout::Bool, runtime_ns::UInt64, algorithm::String}, Model{Float64, Float64}, Float64, MonkhorstPack, var"#case#4"{Matrix{Float64}, Float64, MonkhorstPack, Vector{StaticArraysCore.SVector{3, Float64}}, Vector{ElementPsp{PspUpf{Float64, Interpolations.Extrapolation{Float64, 1, Interpolations.GriddedInterpolation{Float64, 1, Vector{Float64}, Interpolations.Gridded{Interpolations.Linear{Interpolations.Throw{Interpolations.OnGrid}}}, Tuple{Vector{Float64}}}, Interpolations.Gridded{Interpolations.Linear{Interpolations.Throw{Interpolations.OnGrid}}}, Interpolations.Throw{Nothing}}}}}, Float64, Float64, String}}, Float64}}(-3.127731388042246e-8,3.6290740302880116e-8)
└ @ DFTK ~/.julia/packages/DFTK/n2IL4/src/terms/xc.jl:39
     2    -7.373321e+01     9.471644e-05
 * time: 558.3861539363861
┌ Warning: Negative ρcore detected: -3.125427449724817e-8
└ @ DFTK ~/.julia/packages/DFTK/n2IL4/src/terms/xc.jl:39
n     Energy            log10(ΔE)   log10(Δρ)   Diag   Δtime
---   ---------------   ---------   ---------   ----   ------
  1   -73.71436494375                   -0.87    9.8    11.7s
  2   -73.72566587376       -1.95       -1.07    5.4    7.40s
  3   -73.73202682476       -2.20       -1.42    6.8    9.13s
  4   -73.73304041950       -2.99       -1.78    5.7    7.65s
  5   -73.73319510233       -3.81       -2.24    5.0    7.11s
  6   -73.73321441574       -4.71       -3.07    5.5    7.91s
  7   -73.73321443541       -7.71       -3.51    4.6    6.62s
  8   -73.73321443862       -8.49       -4.12    3.8    6.16s
  9   -73.73321443858   +  -10.32       -4.48    4.8    6.84s
 10   -73.73321443881       -9.62       -4.77    4.9    6.27s
 11   -73.73321443884      -10.56       -5.59    4.6    6.33s
 12   -73.73321443884      -11.70       -6.26    4.7    6.87s
 13   -73.73321443884      -13.00       -6.50    5.3    7.23s
 14   -73.73321443884      -12.89       -6.91    5.4    6.94s
 15   -73.73321443884   +    -Inf       -8.01    5.0    7.13s
┌ Warning: Negative ρcore detected: -3.125427449724817e-8
└ @ DFTK ~/.julia/packages/DFTK/n2IL4/src/terms/xc.jl:39
n     Energy            log10(ΔE)   log10(Δρ)   Diag   Δtime
---   ---------------   ---------   ---------   ----   ------
  1   -73.71437346301                   -0.87    9.6    11.5s
  2   -73.72565203592       -1.95       -1.07    5.4    6.77s
  3   -73.73202666423       -2.20       -1.42    6.8    8.53s
  4   -73.73304013587       -2.99       -1.78    5.7    7.35s
  5   -73.73319463260       -3.81       -2.24    5.1    6.72s
  6   -73.73321441460       -4.70       -3.07    5.5    7.11s
  7   -73.73321443508       -7.69       -3.49    4.2    5.97s
  8   -73.73321443853       -8.46       -4.08    3.7    5.49s
  9   -73.73321443865       -9.90       -4.49    4.5    6.32s
 10   -73.73321443881       -9.81       -4.77    5.0    6.21s
 11   -73.73321443884      -10.47       -5.58    4.9    6.31s
 12   -73.73321443884      -11.69       -6.25    4.7    6.65s
 13   -73.73321443884      -12.89       -6.66    5.1    6.87s
 14   -73.73321443884      -13.85       -7.05    5.3    7.03s
┌ Warning: Negative ρcore detected: Dual{ForwardDiff.Tag{var"#19#21"{@NamedTuple{ham::Hamiltonian, basis::PlaneWaveBasis{Float64, Float64, DFTK.CPU, FFTGrid{Float64, Float64, Array{StaticArraysCore.SVector{3, Int64}, 3}, Array{StaticArraysCore.SVector{3, Float64}, 3}}, Vector{StaticArraysCore.SVector{3, Int64}}}, energies::Energies{Float64}, converged::Bool, occupation_threshold::Float64, ρ::Array{Float64, 4}, τ::Nothing, α::Float64, eigenvalues::Vector{Vector{Float64}}, occupation::Vector{Vector{Float64}}, εF::Float64, n_bands_converge::Int64, n_iter::Int64, n_matvec::Int64, ψ::Vector{Matrix{ComplexF64}}, diagonalization::Vector{@NamedTuple{λ::Vector{Vector{Float64}}, X::Vector{Matrix{ComplexF64}}, residual_norms::Vector{Vector{Float64}}, n_iter::Vector{Int64}, converged::Bool, n_matvec::Int64}}, stage::Symbol, history_Δρ::Vector{Float64}, history_Etot::Vector{Float64}, timedout::Bool, runtime_ns::UInt64, algorithm::String}, Model{Float64, Float64}, Float64, MonkhorstPack, var"#case#4"{Matrix{Float64}, Float64, MonkhorstPack, Vector{StaticArraysCore.SVector{3, Float64}}, Vector{ElementPsp{PspUpf{Float64, Interpolations.Extrapolation{Float64, 1, Interpolations.GriddedInterpolation{Float64, 1, Vector{Float64}, Interpolations.Gridded{Interpolations.Linear{Interpolations.Throw{Interpolations.OnGrid}}}, Tuple{Vector{Float64}}}, Interpolations.Gridded{Interpolations.Linear{Interpolations.Throw{Interpolations.OnGrid}}}, Interpolations.Throw{Nothing}}}}}, Float64, Float64, String}}, Float64}}(-3.125427449724817e-8,3.8597021564599414e-8)
└ @ DFTK ~/.julia/packages/DFTK/n2IL4/src/terms/xc.jl:39
     3    -7.373321e+01     1.837459e-06
 * time: 834.2792479991913
┌ Warning: Negative ρcore detected: -3.1254725891175506e-8
└ @ DFTK ~/.julia/packages/DFTK/n2IL4/src/terms/xc.jl:39
n     Energy            log10(ΔE)   log10(Δρ)   Diag   Δtime
---   ---------------   ---------   ---------   ----   ------
  1   -73.71436180644                   -0.87    9.8    12.4s
  2   -73.72565853953       -1.95       -1.07    5.5    7.23s
  3   -73.73202656476       -2.20       -1.42    6.9    9.45s
  4   -73.73304039121       -2.99       -1.78    5.7    7.63s
  5   -73.73319491788       -3.81       -2.24    5.1    7.52s
  6   -73.73321441505       -4.71       -3.07    5.5    7.82s
  7   -73.73321443532       -7.69       -3.50    4.5    6.98s
  8   -73.73321443863       -8.48       -4.11    3.7    6.31s
  9   -73.73321443862   +  -10.89       -4.49    4.8    6.70s
 10   -73.73321443882       -9.68       -4.77    4.9    6.36s
 11   -73.73321443885      -10.54       -5.58    4.7    6.31s
 12   -73.73321443885      -11.68       -6.27    4.6    6.28s
 13   -73.73321443885      -12.70       -6.52    5.1    6.92s
 14   -73.73321443885      -13.25       -6.93    5.5    6.56s
 15   -73.73321443885   +    -Inf       -8.02    5.0    6.52s
┌ Warning: Negative ρcore detected: -3.1254725891175506e-8
└ @ DFTK ~/.julia/packages/DFTK/n2IL4/src/terms/xc.jl:39
n     Energy            log10(ΔE)   log10(Δρ)   Diag   Δtime
---   ---------------   ---------   ---------   ----   ------
  1   -73.71436137562                   -0.87    9.8    10.8s
  2   -73.72565513538       -1.95       -1.07    5.4    6.50s
  3   -73.73202870518       -2.20       -1.42    6.8    8.31s
  4   -73.73303986814       -3.00       -1.78    5.7    7.05s
  5   -73.73319512400       -3.81       -2.24    5.1    6.50s
  6   -73.73321441596       -4.71       -3.07    5.5    6.93s
  7   -73.73321443502       -7.72       -3.49    4.2    6.18s
  8   -73.73321443857       -8.45       -4.09    3.6    5.20s
  9   -73.73321443868       -9.95       -4.46    4.5    6.17s
 10   -73.73321443882       -9.86       -4.75    4.9    6.05s
 11   -73.73321443885      -10.48       -5.58    4.7    6.11s
 12   -73.73321443885      -11.72       -6.25    4.7    6.53s
 13   -73.73321443885      -12.89       -6.58    4.9    6.41s
 14   -73.73321443885      -13.25       -7.00    5.5    6.59s
 15   -73.73321443885      -13.55       -7.98    5.1    6.25s
┌ Warning: Negative ρcore detected: Dual{ForwardDiff.Tag{var"#19#21"{@NamedTuple{ham::Hamiltonian, basis::PlaneWaveBasis{Float64, Float64, DFTK.CPU, FFTGrid{Float64, Float64, Array{StaticArraysCore.SVector{3, Int64}, 3}, Array{StaticArraysCore.SVector{3, Float64}, 3}}, Vector{StaticArraysCore.SVector{3, Int64}}}, energies::Energies{Float64}, converged::Bool, occupation_threshold::Float64, ρ::Array{Float64, 4}, τ::Nothing, α::Float64, eigenvalues::Vector{Vector{Float64}}, occupation::Vector{Vector{Float64}}, εF::Float64, n_bands_converge::Int64, n_iter::Int64, n_matvec::Int64, ψ::Vector{Matrix{ComplexF64}}, diagonalization::Vector{@NamedTuple{λ::Vector{Vector{Float64}}, X::Vector{Matrix{ComplexF64}}, residual_norms::Vector{Vector{Float64}}, n_iter::Vector{Int64}, converged::Bool, n_matvec::Int64}}, stage::Symbol, history_Δρ::Vector{Float64}, history_Etot::Vector{Float64}, timedout::Bool, runtime_ns::UInt64, algorithm::String}, Model{Float64, Float64}, Float64, MonkhorstPack, var"#case#4"{Matrix{Float64}, Float64, MonkhorstPack, Vector{StaticArraysCore.SVector{3, Float64}}, Vector{ElementPsp{PspUpf{Float64, Interpolations.Extrapolation{Float64, 1, Interpolations.GriddedInterpolation{Float64, 1, Vector{Float64}, Interpolations.Gridded{Interpolations.Linear{Interpolations.Throw{Interpolations.OnGrid}}}, Tuple{Vector{Float64}}}, Interpolations.Gridded{Interpolations.Linear{Interpolations.Throw{Interpolations.OnGrid}}}, Interpolations.Throw{Nothing}}}}}, Float64, Float64, String}}, Float64}}(-3.1254725891175506e-8,3.855324817912337e-8)
└ @ DFTK ~/.julia/packages/DFTK/n2IL4/src/terms/xc.jl:39
     4    -7.373321e+01     6.467032e-08
 * time: 1109.4665019512177
 * Status: success

 * Candidate solution
    Final objective value:     -7.373321e+01

 * Found with
    Algorithm:     L-BFGS

 * Convergence measures
    |x - x'|               = 1.17e-05 ≰ -1.0e+00
    |x - x'|/|x'|          = 2.07e-06 ≰ 0.0e+00
    |f(x) - f(x')|         = 9.61e-12 ≤ 1.0e-08
    |f(x) - f(x')|/|f(x')| = 1.30e-13 ≰ 0.0e+00
    |g(x)|                 = 6.47e-08 ≤ 1.0e-06

 * Work counters
    Seconds run:   1109  (vs limit Inf)
    Iterations:    4
    f(x) calls:    5
    ∇f(x) calls:   5

V: 1253.024432 seconds (731.86 M allocations: 346.614 GiB, 5.57% gc time, 0.01% compilation time)
