┌ Info: Threading setup: 
│   Threads.nthreads() = 1
│   n_DFTK = 1
│   n_fft = 1
└   n_blas = 1
┌ Info: 2025-05-13T15:34:37.652
│   name = "Si"
│   Ecut = 18.0
│   kgrid = MonkhorstPack([14, 14, 14])
│   p0 = ComponentVector{Float64}(a = 10.347246312603742)
│   temperature = 0.001
└   smearing = DFTK.Smearing.Gaussian()
n     Energy            log10(ΔE)   log10(Δρ)   Diag   Δtime
---   ---------------   ---------   ---------   ----   ------
  1   -8.438867023297                   -0.96    7.0    14.5s
  2   -8.440560338739       -2.77       -1.77    1.8    6.04s
  3   -8.440638887463       -4.10       -2.78    3.8    2.34s
  4   -8.440641083006       -5.66       -3.59    4.6    2.25s
  5   -8.440641166446       -7.08       -4.40    5.0    2.86s
  6   -8.440641169806       -8.47       -5.36    4.9    2.08s
  7   -8.440641169832      -10.59       -6.35    4.6    2.17s
  8   -8.440641169832      -12.82       -7.15    4.1    2.08s
Iter     Function value   Gradient norm 
     0    -8.440641e+00     3.193797e-03
 * time: 4.601478576660156e-5
n     Energy            log10(ΔE)   log10(Δρ)   Diag   Δtime
---   ---------------   ---------   ---------   ----   ------
  1   -8.438874950551                   -0.96    7.5    2.83s
  2   -8.440570999928       -2.77       -1.77    2.0    1.70s
  3   -8.440648862432       -4.11       -2.78    4.1    2.12s
  4   -8.440650938972       -5.68       -3.61    5.0    2.38s
  5   -8.440651018152       -7.10       -4.39    4.9    1.91s
  6   -8.440651021390       -8.49       -5.33    5.0    2.23s
  7   -8.440651021417      -10.56       -6.22    4.6    2.26s
  8   -8.440651021417      -12.69       -7.11    3.8    2.18s
n     Energy            log10(ΔE)   log10(Δρ)   Diag   Δtime
---   ---------------   ---------   ---------   ----   ------
  1   -8.438880271149                   -0.96    7.5    3.40s
  2   -8.440573102055       -2.77       -1.77    2.2    1.55s
  3   -8.440648908735       -4.12       -2.78    4.0    2.32s
  4   -8.440650938747       -5.69       -3.61    4.9    2.26s
  5   -8.440651018164       -7.10       -4.38    4.9    1.90s
  6   -8.440651021383       -8.49       -5.31    5.1    2.22s
  7   -8.440651021417      -10.47       -6.18    4.6    1.96s
  8   -8.440651021417      -12.64       -7.15    3.8    2.00s
     1    -8.440651e+00     2.975281e-03
 * time: 50.01686501502991
n     Energy            log10(ΔE)   log10(Δρ)   Diag   Δtime
---   ---------------   ---------   ---------   ----   ------
  1   -8.438868895500                   -0.96    7.1    3.44s
  2   -8.440635529175       -2.75       -1.77    2.0    1.56s
  3   -8.440712534799       -4.11       -2.79    3.9    2.56s
  4   -8.440714607609       -5.68       -3.59    4.8    1.99s
  5   -8.440714696061       -7.05       -4.43    4.8    2.22s
  6   -8.440714698878       -8.55       -5.33    5.0    1.97s
  7   -8.440714698889      -10.94       -6.30    3.6    1.99s
  8   -8.440714698889      -12.80       -7.04    4.0    1.93s
n     Energy            log10(ΔE)   log10(Δρ)   Diag   Δtime
---   ---------------   ---------   ---------   ----   ------
  1   -8.438874570885                   -0.96    7.2    3.33s
  2   -8.440636967240       -2.75       -1.77    2.0    1.35s
  3   -8.440712513389       -4.12       -2.79    3.9    2.53s
  4   -8.440714606034       -5.68       -3.58    4.9    2.17s
  5   -8.440714695948       -7.05       -4.42    4.9    2.44s
  6   -8.440714698877       -8.53       -5.32    5.1    2.13s
  7   -8.440714698889      -10.92       -6.32    3.7    2.30s
  8   -8.440714698889      -12.84       -7.08    3.9    2.15s
     2    -8.440715e+00     6.779547e-05
 * time: 100.62313914299011
n     Energy            log10(ΔE)   log10(Δρ)   Diag   Δtime
---   ---------------   ---------   ---------   ----   ------
  1   -8.438865507483                   -0.96    7.1    2.73s
  2   -8.440632620286       -2.75       -1.77    2.0    1.17s
  3   -8.440712467520       -4.10       -2.79    3.8    2.17s
  4   -8.440714635913       -5.66       -3.58    4.7    2.47s
  5   -8.440714728075       -7.04       -4.44    4.7    1.86s
  6   -8.440714731035       -8.53       -5.37    5.1    2.43s
  7   -8.440714731045      -10.99       -6.38    3.6    1.99s
  8   -8.440714731045      -12.87       -7.15    4.1    2.52s
n     Energy            log10(ΔE)   log10(Δρ)   Diag   Δtime
---   ---------------   ---------   ---------   ----   ------
  1   -8.438869091139                   -0.96    7.1    3.44s
  2   -8.440634063435       -2.75       -1.77    1.9    1.94s
  3   -8.440712617726       -4.10       -2.79    3.9    2.45s
  4   -8.440714637487       -5.69       -3.58    4.9    2.99s
  5   -8.440714728094       -7.04       -4.44    4.9    2.55s
  6   -8.440714731032       -8.53       -5.38    5.0    2.91s
  7   -8.440714731045      -10.89       -6.40    3.8    2.35s
  8   -8.440714731045      -12.95       -7.12    3.8    2.70s
     3    -8.440715e+00     1.386001e-06
 * time: 153.61949014663696
n     Energy            log10(ΔE)   log10(Δρ)   Diag   Δtime
---   ---------------   ---------   ---------   ----   ------
  1   -8.438878641155                   -0.96    7.1    3.20s
  2   -8.440636147954       -2.76       -1.77    1.9    1.49s
  3   -8.440712624628       -4.12       -2.79    3.9    3.14s
  4   -8.440714635845       -5.70       -3.59    4.7    2.26s
  5   -8.440714728033       -7.04       -4.42    4.9    2.74s
  6   -8.440714731046       -8.52       -5.34    5.0    2.43s
  7   -8.440714731059      -10.90       -6.32    3.7    2.32s
  8   -8.440714731059      -12.83       -7.08    3.8    2.05s
n     Energy            log10(ΔE)   log10(Δρ)   Diag   Δtime
---   ---------------   ---------   ---------   ----   ------
  1   -8.438868497830                   -0.96    7.1    4.11s
  2   -8.440633879060       -2.75       -1.77    1.9    1.85s
  3   -8.440712539582       -4.10       -2.79    3.9    2.75s
  4   -8.440714639142       -5.68       -3.59    4.8    2.83s
  5   -8.440714727977       -7.05       -4.41    4.9    3.02s
  6   -8.440714731045       -8.51       -5.30    5.0    2.76s
  7   -8.440714731059      -10.84       -6.28    3.8    2.76s
  8   -8.440714731059      -12.78       -7.08    3.9    2.41s
     4    -8.440715e+00     2.851948e-09
 * time: 210.9796531200409
 * Status: success

 * Candidate solution
    Final objective value:     -8.440715e+00

 * Found with
    Algorithm:     L-BFGS

 * Convergence measures
    |x - x'|               = 1.94e-05 ≰ -1.0e+00
    |x - x'|/|x'|          = 1.88e-06 ≰ 0.0e+00
    |f(x) - f(x')|         = 1.36e-11 ≤ 1.0e-08
    |f(x) - f(x')|/|f(x')| = 1.61e-12 ≰ 0.0e+00
    |g(x)|                 = 2.85e-09 ≤ 1.0e-06

 * Work counters
    Seconds run:   211  (vs limit Inf)
    Iterations:    4
    f(x) calls:    5
    ∇f(x) calls:   5

Si: 300.855490 seconds (368.78 M allocations: 74.911 GiB, 7.46% gc time, 20.97% compilation time: <1% of which was recompilation)
┌ Info: 2025-05-13T15:39:39.249
│   name = "NaCl"
│   Ecut = 44.0
│   kgrid = MonkhorstPack([13, 13, 13])
│   p0 = ComponentVector{Float64}(a = 10.746130571470083)
│   temperature = 0
└   smearing = DFTK.Smearing.None()
n     Energy            log10(ΔE)   log10(Δρ)   Diag   Δtime
---   ---------------   ---------   ---------   ----   ------
  1   -62.13303815042                   -1.14    8.4    24.7s
  2   -62.13804323895       -2.30       -1.24    2.6    8.24s
  3   -62.14165689279       -2.44       -2.05    3.7    11.7s
  4   -62.14170577460       -4.31       -2.81    3.2    14.7s
  5   -62.14170679865       -5.99       -3.36    3.8    16.3s
  6   -62.14170715793       -6.44       -4.11    3.5    12.7s
  7   -62.14170716331       -8.27       -4.62    4.1    14.8s
  8   -62.14170716363       -9.49       -6.13    3.6    13.8s
  9   -62.14170716363      -11.39       -6.86    4.9    15.6s
 10   -62.14170716363      -13.37       -7.70    3.3    12.9s
Iter     Function value   Gradient norm 
     0    -6.214171e+01     4.295334e-03
 * time: 4.100799560546875e-5
n     Energy            log10(ΔE)   log10(Δρ)   Diag   Δtime
---   ---------------   ---------   ---------   ----   ------
  1   -62.13305189715                   -1.14    8.4    24.5s
  2   -62.13805936696       -2.30       -1.24    2.6    10.9s
  3   -62.14167437308       -2.44       -2.05    3.7    14.5s
  4   -62.14172401061       -4.30       -2.81    3.1    12.5s
  5   -62.14172505025       -5.98       -3.33    3.8    12.8s
  6   -62.14172542631       -6.42       -4.05    3.6    9.88s
  7   -62.14172543214       -8.23       -4.51    4.0    11.9s
  8   -62.14172543265       -9.30       -6.13    3.6    11.3s
  9   -62.14172543266      -11.28       -6.49    5.0    14.5s
 10   -62.14172543266   +  -13.67       -7.64    3.5    10.2s
n     Energy            log10(ΔE)   log10(Δρ)   Diag   Δtime
---   ---------------   ---------   ---------   ----   ------
  1   -62.13305122758                   -1.14    8.5    18.2s
  2   -62.13805049655       -2.30       -1.24    2.6    9.08s
  3   -62.14167472046       -2.44       -2.05    3.7    12.1s
  4   -62.14172404793       -4.31       -2.82    3.1    10.0s
  5   -62.14172506053       -5.99       -3.35    3.9    15.7s
  6   -62.14172542655       -6.44       -4.09    3.5    12.9s
  7   -62.14172543224       -8.24       -4.58    4.0    11.4s
  8   -62.14172543265       -9.39       -6.12    3.6    11.0s
  9   -62.14172543266      -11.32       -6.56    4.9    13.3s
 10   -62.14172543266      -13.19       -7.72    3.5    12.0s
     1    -6.214173e+01     4.211169e-03
 * time: 305.662122964859
n     Energy            log10(ΔE)   log10(Δρ)   Diag   Δtime
---   ---------------   ---------   ---------   ----   ------
  1   -62.13268981617                   -1.13    8.2    25.2s
  2   -62.13789328883       -2.28       -1.21    2.4    10.9s
  3   -62.14214370031       -2.37       -2.02    3.4    14.9s
  4   -62.14220449140       -4.22       -2.77    3.0    13.6s
  5   -62.14220578129       -5.89       -3.31    3.8    11.7s
  6   -62.14220623663       -6.34       -4.04    3.3    12.1s
  7   -62.14220624420       -8.12       -4.55    4.0    15.8s
  8   -62.14220624466       -9.34       -6.00    3.6    14.5s
  9   -62.14220624467      -11.07       -6.38    4.7    15.1s
 10   -62.14220624467      -13.03       -7.61    3.1    10.0s
n     Energy            log10(ΔE)   log10(Δρ)   Diag   Δtime
---   ---------------   ---------   ---------   ----   ------
  1   -62.13268912750                   -1.13    8.2    19.4s
  2   -62.13788205260       -2.28       -1.21    2.4    7.89s
  3   -62.14214401938       -2.37       -2.02    3.5    10.4s
  4   -62.14220456092       -4.22       -2.80    2.9    8.88s
  5   -62.14220579434       -5.91       -3.33    3.8    10.8s
  6   -62.14220623711       -6.35       -4.06    3.3    9.91s
  7   -62.14220624414       -8.15       -4.55    3.9    11.9s
  8   -62.14220624466       -9.28       -6.06    3.5    11.3s
  9   -62.14220624467      -11.10       -6.53    4.8    13.1s
 10   -62.14220624467      -12.89       -7.63    3.5    11.5s
     2    -6.214221e+01     4.165579e-04
 * time: 608.9579801559448
n     Energy            log10(ΔE)   log10(Δρ)   Diag   Δtime
---   ---------------   ---------   ---------   ----   ------
  1   -62.13259141497                   -1.13    8.1    19.0s
  2   -62.13783106102       -2.28       -1.21    2.5    8.81s
  3   -62.14214751674       -2.36       -2.01    3.5    10.6s
  4   -62.14220992611       -4.20       -2.77    3.0    9.03s
  5   -62.14221121218       -5.89       -3.30    3.8    10.6s
  6   -62.14221168073       -6.33       -4.02    3.5    10.4s
  7   -62.14221168873       -8.10       -4.52    4.0    11.1s
  8   -62.14221168927       -9.27       -6.07    3.6    10.5s
  9   -62.14221168928      -11.11       -6.33    5.0    14.3s
 10   -62.14221168928      -12.77       -7.60    2.9    11.8s
n     Energy            log10(ΔE)   log10(Δρ)   Diag   Δtime
---   ---------------   ---------   ---------   ----   ------
  1   -62.13259396518                   -1.13    8.1    18.5s
  2   -62.13779771756       -2.28       -1.21    2.5    8.54s
  3   -62.14214851144       -2.36       -2.02    3.5    10.9s
  4   -62.14221001539       -4.21       -2.79    3.0    10.2s
  5   -62.14221124073       -5.91       -3.34    3.9    12.3s
  6   -62.14221168117       -6.36       -4.09    3.4    13.7s
  7   -62.14221168889       -8.11       -4.61    3.8    11.1s
  8   -62.14221168927       -9.43       -5.95    3.6    11.4s
  9   -62.14221168928      -11.08       -6.36    4.7    16.8s
 10   -62.14221168928      -12.77       -7.68    3.3    10.2s
     3    -6.214221e+01     4.640451e-05
 * time: 886.9297161102295
n     Energy            log10(ΔE)   log10(Δρ)   Diag   Δtime
---   ---------------   ---------   ---------   ----   ------
  1   -62.13258303898                   -1.13    8.1    20.7s
  2   -62.13780860469       -2.28       -1.21    2.5    9.79s
  3   -62.14214800314       -2.36       -2.02    3.6    10.8s
  4   -62.14221004896       -4.21       -2.79    3.0    9.44s
  5   -62.14221129661       -5.90       -3.32    3.8    11.6s
  6   -62.14221175049       -6.34       -4.04    3.4    10.8s
  7   -62.14221175824       -8.11       -4.52    3.9    12.1s
  8   -62.14221175877       -9.28       -5.95    3.4    11.9s
  9   -62.14221175878      -11.05       -6.28    4.8    14.5s
 10   -62.14221175878      -13.03       -7.63    2.9    10.6s
n     Energy            log10(ΔE)   log10(Δρ)   Diag   Δtime
---   ---------------   ---------   ---------   ----   ------
  1   -62.13258273508                   -1.13    8.2    18.6s
  2   -62.13783464051       -2.28       -1.21    2.4    8.12s
  3   -62.14214709144       -2.37       -2.01    3.5    11.0s
  4   -62.14220990801       -4.20       -2.74    3.1    10.2s
  5   -62.14221126294       -5.87       -3.27    3.8    12.0s
  6   -62.14221174976       -6.31       -3.98    3.3    11.1s
  7   -62.14221175819       -8.07       -4.50    4.0    11.5s
  8   -62.14221175877       -9.24       -6.03    3.6    10.9s
  9   -62.14221175878      -11.08       -6.19    4.9    15.1s
 10   -62.14221175878      -12.81       -7.44    2.7    9.36s
     4    -6.214221e+01     5.850120e-07
 * time: 1165.8974709510803
 * Status: success

 * Candidate solution
    Final objective value:     -6.214221e+01

 * Found with
    Algorithm:     L-BFGS

 * Convergence measures
    |x - x'|               = 2.96e-03 ≰ -1.0e+00
    |x - x'|/|x'|          = 2.69e-04 ≰ 0.0e+00
    |f(x) - f(x')|         = 6.95e-08 ≰ 1.0e-08
    |f(x) - f(x')|/|f(x')| = 1.12e-09 ≰ 0.0e+00
    |g(x)|                 = 5.85e-07 ≤ 1.0e-06

 * Work counters
    Seconds run:   1166  (vs limit Inf)
    Iterations:    4
    f(x) calls:    5
    ∇f(x) calls:   5

NaCl: 1341.196972 seconds (1.15 G allocations: 324.278 GiB, 4.98% gc time, 0.31% compilation time)
┌ Info: 2025-05-13T16:02:00.484
│   name = "Al"
│   Ecut = 20.0
│   kgrid = MonkhorstPack([18, 18, 18])
│   p0 = ComponentVector{Float64}(a = 7.641925528121933)
│   temperature = 0.001
└   smearing = DFTK.Smearing.Gaussian()
n     Energy            log10(ΔE)   log10(Δρ)   Diag   Δtime
---   ---------------   ---------   ---------   ----   ------
  1   -2.313952597464                   -1.45    5.5    2.54s
  2   -2.314056334642       -3.98       -1.83    1.4    1.02s
  3   -2.314081507734       -4.60       -3.54    3.3    1.67s
  4   -2.314081739174       -6.64       -4.12    4.5    2.06s
  5   -2.314081739386       -9.67       -4.63    2.5    1.20s
  6   -2.314081739404      -10.75       -5.23    2.5    1.17s
  7   -2.314081739408      -11.38       -5.99    2.9    1.48s
  8   -2.314081739408      -13.20       -6.53    2.8    1.19s
  9   -2.314081739408      -14.65       -7.25    2.3    1.35s
Iter     Function value   Gradient norm 
     0    -2.314082e+00     2.123524e-03
 * time: 3.3855438232421875e-5
n     Energy            log10(ΔE)   log10(Δρ)   Diag   Δtime
---   ---------------   ---------   ---------   ----   ------
  1   -2.313957248376                   -1.45    5.5    2.29s
  2   -2.314060192181       -3.99       -1.83    1.5    863ms
  3   -2.314085969332       -4.59       -3.52    3.4    2.17s
  4   -2.314086157639       -6.73       -4.09    4.5    1.77s
  5   -2.314086157889       -9.60       -4.62    2.4    1.47s
  6   -2.314086157909      -10.72       -5.21    2.6    1.15s
  7   -2.314086157913      -11.34       -5.96    2.8    1.23s
  8   -2.314086157913      -12.98       -6.63    2.9    1.55s
  9   -2.314086157913      -14.88       -7.20    2.7    1.19s
n     Energy            log10(ΔE)   log10(Δρ)   Diag   Δtime
---   ---------------   ---------   ---------   ----   ------
  1   -2.313955380505                   -1.45    5.5    2.43s
  2   -2.314060177557       -3.98       -1.83    1.4    1.31s
  3   -2.314085891034       -4.59       -3.53    3.3    1.66s
  4   -2.314086157668       -6.57       -4.11    4.5    2.19s
  5   -2.314086157891       -9.65       -4.63    2.4    1.11s
  6   -2.314086157909      -10.74       -5.21    2.6    1.47s
  7   -2.314086157913      -11.34       -5.97    2.8    1.22s
  8   -2.314086157913      -13.04       -6.65    2.9    1.25s
  9   -2.314086157913      -14.75       -7.24    2.9    1.54s
     1    -2.314086e+00     2.037975e-03
 * time: 61.108932971954346
n     Energy            log10(ΔE)   log10(Δρ)   Diag   Δtime
---   ---------------   ---------   ---------   ----   ------
  1   -2.314012452346                   -1.44    5.5    2.65s
  2   -2.314111614862       -4.00       -1.83    1.4    872ms
  3   -2.314136316574       -4.61       -3.51    3.4    1.76s
  4   -2.314136533906       -6.66       -4.21    4.5    1.78s
  5   -2.314136534056       -9.82       -4.80    2.8    1.54s
  6   -2.314136534066      -11.02       -5.34    2.7    1.18s
  7   -2.314136534069      -11.60       -6.27    3.1    1.62s
  8   -2.314136534069      -13.50       -6.80    3.2    1.41s
  9   -2.314136534069      -14.57       -7.81    3.0    1.31s
n     Energy            log10(ΔE)   log10(Δρ)   Diag   Δtime
---   ---------------   ---------   ---------   ----   ------
  1   -2.314017591874                   -1.44    5.5    3.04s
  2   -2.314112473580       -4.02       -1.83    1.4    985ms
  3   -2.314136328294       -4.62       -3.52    3.4    2.02s
  4   -2.314136533918       -6.69       -4.22    4.5    1.86s
  5   -2.314136534055       -9.86       -4.79    2.7    1.58s
  6   -2.314136534066      -10.97       -5.33    2.7    1.21s
  7   -2.314136534068      -11.59       -6.25    3.2    1.73s
  8   -2.314136534069      -13.45       -6.75    3.1    1.36s
  9   -2.314136534069      -14.51       -7.80    3.0    1.31s
     2    -2.314137e+00     9.924603e-05
 * time: 124.61948895454407
n     Energy            log10(ΔE)   log10(Δρ)   Diag   Δtime
---   ---------------   ---------   ---------   ----   ------
  1   -2.314013820788                   -1.44    5.3    2.87s
  2   -2.314111795539       -4.01       -1.83    1.3    989ms
  3   -2.314136387248       -4.61       -3.52    3.3    1.63s
  4   -2.314136639733       -6.60       -4.20    4.4    2.74s
  5   -2.314136639884       -9.82       -4.78    2.6    1.74s
  6   -2.314136639894      -10.97       -5.31    2.6    2.03s
  7   -2.314136639897      -11.55       -6.25    2.9    1.49s
  8   -2.314136639897      -13.57       -6.76    3.2    2.36s
  9   -2.314136639897      -14.88       -8.01    2.6    1.56s
n     Energy            log10(ΔE)   log10(Δρ)   Diag   Δtime
---   ---------------   ---------   ---------   ----   ------
  1   -2.314014735787                   -1.44    5.4    2.17s
  2   -2.314111901725       -4.01       -1.83    1.3    870ms
  3   -2.314136438008       -4.61       -3.51    3.3    1.72s
  4   -2.314136639724       -6.70       -4.19    4.4    1.76s
  5   -2.314136639882       -9.80       -4.77    2.6    1.46s
  6   -2.314136639894      -10.91       -5.30    2.7    1.16s
  7   -2.314136639897      -11.53       -6.26    3.0    1.64s
  8   -2.314136639897      -13.42       -6.76    3.3    1.58s
  9   -2.314136639897      -15.35       -7.75    3.0    1.45s
     3    -2.314137e+00     8.948552e-06
 * time: 188.00958800315857
n     Energy            log10(ΔE)   log10(Δρ)   Diag   Δtime
---   ---------------   ---------   ---------   ----   ------
  1   -2.314013687488                   -1.44    5.3    2.22s
  2   -2.314112264719       -4.01       -1.83    1.4    835ms
  3   -2.314136450487       -4.62       -3.52    3.3    1.91s
  4   -2.314136640618       -6.72       -4.23    4.5    2.98s
  5   -2.314136640758       -9.85       -4.79    2.6    1.64s
  6   -2.314136640768      -10.99       -5.33    2.7    1.38s
  7   -2.314136640771      -11.58       -6.27    3.1    1.35s
  8   -2.314136640771      -13.50       -6.79    3.0    1.89s
  9   -2.314136640771      -14.51       -7.75    3.0    1.31s
n     Energy            log10(ΔE)   log10(Δρ)   Diag   Δtime
---   ---------------   ---------   ---------   ----   ------
  1   -2.314014111686                   -1.44    5.4    2.06s
  2   -2.314111748812       -4.01       -1.83    1.4    1.39s
  3   -2.314136454577       -4.61       -3.51    3.4    1.47s
  4   -2.314136640606       -6.73       -4.21    4.4    1.97s
  5   -2.314136640757       -9.82       -4.78    2.6    1.15s
  6   -2.314136640768      -10.97       -5.32    2.7    1.47s
  7   -2.314136640771      -11.56       -6.26    3.0    1.26s
  8   -2.314136640771      -13.53       -6.78    3.1    1.62s
  9   -2.314136640771      -14.65       -7.79    3.1    1.26s
     4    -2.314137e+00     4.427007e-08
 * time: 248.55104088783264
 * Status: success

 * Candidate solution
    Final objective value:     -2.314137e+00

 * Found with
    Algorithm:     L-BFGS

 * Convergence measures
    |x - x'|               = 1.94e-04 ≰ -1.0e+00
    |x - x'|/|x'|          = 2.56e-05 ≰ 0.0e+00
    |f(x) - f(x')|         = 8.74e-10 ≤ 1.0e-08
    |f(x) - f(x')|/|f(x')| = 3.78e-10 ≰ 0.0e+00
    |g(x)|                 = 4.43e-08 ≤ 1.0e-06

 * Work counters
    Seconds run:   249  (vs limit Inf)
    Iterations:    4
    f(x) calls:    5
    ∇f(x) calls:   5

Al: 284.327513 seconds (202.73 M allocations: 48.529 GiB, 6.32% gc time, 0.00% compilation time)
┌ Info: 2025-05-13T16:06:44.812
│   name = "V"
│   Ecut = 42.0
│   kgrid = MonkhorstPack([20, 20, 20])
│   p0 = ComponentVector{Float64}(a = 5.699267600684394)
│   temperature = 0.001
└   smearing = DFTK.Smearing.Gaussian()
┌ Warning: Negative ρcore detected: -3.4151886922104144e-8
└ @ DFTK ~/.julia/packages/DFTK/n2IL4/src/terms/xc.jl:39
n     Energy            log10(ΔE)   log10(Δρ)   Diag   Δtime
---   ---------------   ---------   ---------   ----   ------
  1   -73.69151749653                   -0.85    9.7    9.72s
  2   -73.70455977940       -1.88       -1.06    5.4    5.69s
  3   -73.71115996357       -2.18       -1.40    6.9    7.98s
  4   -73.71231420894       -2.94       -1.79    5.8    6.04s
  5   -73.71245288632       -3.86       -2.18    5.0    5.72s
  6   -73.71247935897       -4.58       -3.07    5.5    6.23s
  7   -73.71247938840       -7.53       -3.54    4.3    5.31s
  8   -73.71247939304       -8.33       -4.16    5.2    5.77s
  9   -73.71247939330       -9.58       -4.58    3.8    5.31s
 10   -73.71247939366       -9.44       -5.26    5.3    5.95s
 11   -73.71247939367      -11.87       -6.08    5.2    6.05s
 12   -73.71247939367   +  -12.70       -6.70    5.6    6.16s
 13   -73.71247939367      -13.25       -7.17    4.6    5.11s
┌ Warning: Negative ρcore detected: Dual{ForwardDiff.Tag{var"#19#21"{@NamedTuple{ham::Hamiltonian, basis::PlaneWaveBasis{Float64, Float64, DFTK.CPU, FFTGrid{Float64, Float64, Array{StaticArraysCore.SVector{3, Int64}, 3}, Array{StaticArraysCore.SVector{3, Float64}, 3}}, Vector{StaticArraysCore.SVector{3, Int64}}}, energies::Energies{Float64}, converged::Bool, occupation_threshold::Float64, ρ::Array{Float64, 4}, τ::Nothing, α::Float64, eigenvalues::Vector{Vector{Float64}}, occupation::Vector{Vector{Float64}}, εF::Float64, n_bands_converge::Int64, n_iter::Int64, n_matvec::Int64, ψ::Vector{Matrix{ComplexF64}}, diagonalization::Vector{@NamedTuple{λ::Vector{Vector{Float64}}, X::Vector{Matrix{ComplexF64}}, residual_norms::Vector{Vector{Float64}}, n_iter::Vector{Int64}, converged::Bool, n_matvec::Int64}}, stage::Symbol, history_Δρ::Vector{Float64}, history_Etot::Vector{Float64}, timedout::Bool, runtime_ns::UInt64, algorithm::String}, Model{Float64, Float64}, Float64, MonkhorstPack, var"#case#4"{Matrix{Float64}, Float64, MonkhorstPack, Vector{StaticArraysCore.SVector{3, Float64}}, Vector{ElementPsp{PspUpf{Float64, Interpolations.Extrapolation{Float64, 1, Interpolations.GriddedInterpolation{Float64, 1, Vector{Float64}, Interpolations.Gridded{Interpolations.Linear{Interpolations.Throw{Interpolations.OnGrid}}}, Tuple{Vector{Float64}}}, Interpolations.Gridded{Interpolations.Linear{Interpolations.Throw{Interpolations.OnGrid}}}, Interpolations.Throw{Nothing}}}}}, Float64, Float64, String}}, Float64}}(-3.4151886922104144e-8,-1.2413273474001241e-8)
└ @ DFTK ~/.julia/packages/DFTK/n2IL4/src/terms/xc.jl:39
Iter     Function value   Gradient norm 
     0    -7.371248e+01     7.245264e-03
 * time: 3.314018249511719e-5
┌ Warning: Negative ρcore detected: -3.395020012341653e-8
└ @ DFTK ~/.julia/packages/DFTK/n2IL4/src/terms/xc.jl:39
n     Energy            log10(ΔE)   log10(Δρ)   Diag   Δtime
---   ---------------   ---------   ---------   ----   ------
  1   -73.69175522610                   -0.85    9.8    11.5s
  2   -73.70464288370       -1.89       -1.06    5.6    7.33s
  3   -73.71121941100       -2.18       -1.40    6.9    8.11s
  4   -73.71236308012       -2.94       -1.79    5.8    6.23s
  5   -73.71250418166       -3.85       -2.20    5.0    5.60s
  6   -73.71252789607       -4.62       -3.08    5.6    6.44s
  7   -73.71252793297       -7.43       -3.53    4.6    6.06s
  8   -73.71252793829       -8.27       -4.15    5.3    6.61s
  9   -73.71252793852       -9.64       -4.56    3.8    5.79s
 10   -73.71252793893       -9.38       -5.10    5.2    5.92s
 11   -73.71252793894      -11.19       -6.04    5.4    6.08s
 12   -73.71252793894      -12.94       -6.59    5.8    6.42s
 13   -73.71252793894      -13.15       -6.98    4.0    4.79s
 14   -73.71252793894   +  -13.07       -7.47    5.3    7.05s
┌ Warning: Negative ρcore detected: -3.395020012341653e-8
└ @ DFTK ~/.julia/packages/DFTK/n2IL4/src/terms/xc.jl:39
n     Energy            log10(ΔE)   log10(Δρ)   Diag   Δtime
---   ---------------   ---------   ---------   ----   ------
  1   -73.69175160099                   -0.85    9.8    10.8s
  2   -73.70464678233       -1.89       -1.06    5.6    5.86s
  3   -73.71121761733       -2.18       -1.40    6.9    7.65s
  4   -73.71236391618       -2.94       -1.79    5.8    6.44s
  5   -73.71250411091       -3.85       -2.20    5.1    7.36s
  6   -73.71252789546       -4.62       -3.08    5.5    6.86s
  7   -73.71252793298       -7.43       -3.53    4.7    5.66s
  8   -73.71252793830       -8.27       -4.18    5.2    5.97s
  9   -73.71252793854       -9.63       -4.57    3.8    5.09s
 10   -73.71252793893       -9.40       -5.09    5.3    6.05s
 11   -73.71252793894      -11.16       -6.08    5.3    6.60s
 12   -73.71252793894      -13.85       -6.62    5.7    7.00s
 13   -73.71252793894      -13.55       -6.92    4.8    6.75s
 14   -73.71252793894      -13.15       -7.88    4.9    6.53s
┌ Warning: Negative ρcore detected: Dual{ForwardDiff.Tag{var"#19#21"{@NamedTuple{ham::Hamiltonian, basis::PlaneWaveBasis{Float64, Float64, DFTK.CPU, FFTGrid{Float64, Float64, Array{StaticArraysCore.SVector{3, Int64}, 3}, Array{StaticArraysCore.SVector{3, Float64}, 3}}, Vector{StaticArraysCore.SVector{3, Int64}}}, energies::Energies{Float64}, converged::Bool, occupation_threshold::Float64, ρ::Array{Float64, 4}, τ::Nothing, α::Float64, eigenvalues::Vector{Vector{Float64}}, occupation::Vector{Vector{Float64}}, εF::Float64, n_bands_converge::Int64, n_iter::Int64, n_matvec::Int64, ψ::Vector{Matrix{ComplexF64}}, diagonalization::Vector{@NamedTuple{λ::Vector{Vector{Float64}}, X::Vector{Matrix{ComplexF64}}, residual_norms::Vector{Vector{Float64}}, n_iter::Vector{Int64}, converged::Bool, n_matvec::Int64}}, stage::Symbol, history_Δρ::Vector{Float64}, history_Etot::Vector{Float64}, timedout::Bool, runtime_ns::UInt64, algorithm::String}, Model{Float64, Float64}, Float64, MonkhorstPack, var"#case#4"{Matrix{Float64}, Float64, MonkhorstPack, Vector{StaticArraysCore.SVector{3, Float64}}, Vector{ElementPsp{PspUpf{Float64, Interpolations.Extrapolation{Float64, 1, Interpolations.GriddedInterpolation{Float64, 1, Vector{Float64}, Interpolations.Gridded{Interpolations.Linear{Interpolations.Throw{Interpolations.OnGrid}}}, Tuple{Vector{Float64}}}, Interpolations.Gridded{Interpolations.Linear{Interpolations.Throw{Interpolations.OnGrid}}}, Interpolations.Throw{Nothing}}}}}, Float64, Float64, String}}, Float64}}(-3.395020012341653e-8,-4.353149300524068e-8)
└ @ DFTK ~/.julia/packages/DFTK/n2IL4/src/terms/xc.jl:39
     1    -7.371253e+01     6.153765e-03
 * time: 256.29680609703064
┌ Warning: Negative ρcore detected: -3.143450781869709e-8
└ @ DFTK ~/.julia/packages/DFTK/n2IL4/src/terms/xc.jl:39
n     Energy            log10(ΔE)   log10(Δρ)   Diag   Δtime
---   ---------------   ---------   ---------   ----   ------
  1   -73.69297335314                   -0.86    9.7    9.94s
  2   -73.70483192248       -1.93       -1.06    5.5    5.95s
  3   -73.71140440139       -2.18       -1.41    6.8    7.53s
  4   -73.71247226786       -2.97       -1.77    5.8    6.20s
  5   -73.71263212724       -3.80       -2.24    5.0    5.84s
  6   -73.71265126199       -4.72       -3.06    5.4    6.35s
  7   -73.71265128127       -7.71       -3.51    4.5    5.34s
  8   -73.71265128480       -8.45       -4.12    4.3    6.07s
  9   -73.71265128453   +   -9.57       -4.49    5.1    6.99s
 10   -73.71265128493       -9.40       -4.78    5.2    5.70s
 11   -73.71265128496      -10.59       -5.56    4.6    6.20s
 12   -73.71265128496      -11.29       -6.27    4.7    6.66s
 13   -73.71265128496      -12.30       -6.50    5.0    7.02s
 14   -73.71265128496      -12.26       -6.89    5.5    6.44s
 15   -73.71265128496      -12.64       -7.99    5.0    6.44s
┌ Warning: Negative ρcore detected: -3.143450781869709e-8
└ @ DFTK ~/.julia/packages/DFTK/n2IL4/src/terms/xc.jl:39
n     Energy            log10(ΔE)   log10(Δρ)   Diag   Δtime
---   ---------------   ---------   ---------   ----   ------
  1   -73.69298203155                   -0.86    9.6    10.1s
  2   -73.70482031736       -1.93       -1.06    5.4    5.79s
  3   -73.71140446926       -2.18       -1.41    6.9    7.57s
  4   -73.71247310519       -2.97       -1.77    5.8    6.40s
  5   -73.71263201706       -3.80       -2.24    5.1    5.82s
  6   -73.71265126203       -4.72       -3.07    5.5    6.33s
  7   -73.71265128134       -7.71       -3.50    4.5    6.41s
  8   -73.71265128479       -8.46       -4.11    4.1    5.09s
  9   -73.71265128457   +   -9.65       -4.48    5.0    5.81s
 10   -73.71265128493       -9.44       -4.76    5.1    5.50s
 11   -73.71265128496      -10.57       -5.56    4.6    5.20s
 12   -73.71265128496      -11.26       -6.27    4.7    5.46s
 13   -73.71265128496      -12.29       -6.51    5.0    5.72s
 14   -73.71265128496      -12.26       -6.89    5.5    6.25s
 15   -73.71265128496      -12.59       -7.97    5.0    6.49s
┌ Warning: Negative ρcore detected: Dual{ForwardDiff.Tag{var"#19#21"{@NamedTuple{ham::Hamiltonian, basis::PlaneWaveBasis{Float64, Float64, DFTK.CPU, FFTGrid{Float64, Float64, Array{StaticArraysCore.SVector{3, Int64}, 3}, Array{StaticArraysCore.SVector{3, Float64}, 3}}, Vector{StaticArraysCore.SVector{3, Int64}}}, energies::Energies{Float64}, converged::Bool, occupation_threshold::Float64, ρ::Array{Float64, 4}, τ::Nothing, α::Float64, eigenvalues::Vector{Vector{Float64}}, occupation::Vector{Vector{Float64}}, εF::Float64, n_bands_converge::Int64, n_iter::Int64, n_matvec::Int64, ψ::Vector{Matrix{ComplexF64}}, diagonalization::Vector{@NamedTuple{λ::Vector{Vector{Float64}}, X::Vector{Matrix{ComplexF64}}, residual_norms::Vector{Vector{Float64}}, n_iter::Vector{Int64}, converged::Bool, n_matvec::Int64}}, stage::Symbol, history_Δρ::Vector{Float64}, history_Etot::Vector{Float64}, timedout::Bool, runtime_ns::UInt64, algorithm::String}, Model{Float64, Float64}, Float64, MonkhorstPack, var"#case#4"{Matrix{Float64}, Float64, MonkhorstPack, Vector{StaticArraysCore.SVector{3, Float64}}, Vector{ElementPsp{PspUpf{Float64, Interpolations.Extrapolation{Float64, 1, Interpolations.GriddedInterpolation{Float64, 1, Vector{Float64}, Interpolations.Gridded{Interpolations.Linear{Interpolations.Throw{Interpolations.OnGrid}}}, Tuple{Vector{Float64}}}, Interpolations.Gridded{Interpolations.Linear{Interpolations.Throw{Interpolations.OnGrid}}}, Interpolations.Throw{Nothing}}}}}, Float64, Float64, String}}, Float64}}(-3.143450781869709e-8,-1.0494942716628746e-8)
└ @ DFTK ~/.julia/packages/DFTK/n2IL4/src/terms/xc.jl:39
     2    -7.371265e+01     1.672278e-04
 * time: 515.1200091838837
┌ Warning: Negative ρcore detected: -3.144343438515792e-8
└ @ DFTK ~/.julia/packages/DFTK/n2IL4/src/terms/xc.jl:39
n     Energy            log10(ΔE)   log10(Δρ)   Diag   Δtime
---   ---------------   ---------   ---------   ----   ------
  1   -73.69295718989                   -0.86    9.5    9.70s
  2   -73.70483127960       -1.93       -1.06    5.5    6.49s
  3   -73.71140158102       -2.18       -1.41    6.9    7.60s
  4   -73.71247306907       -2.97       -1.77    5.8    6.06s
  5   -73.71263266063       -3.80       -2.25    5.1    5.67s
  6   -73.71265134979       -4.73       -3.07    5.5    6.22s
  7   -73.71265136855       -7.73       -3.50    4.2    5.25s
  8   -73.71265137176       -8.49       -4.10    4.1    5.04s
  9   -73.71265137158   +   -9.74       -4.45    4.9    6.07s
 10   -73.71265137193       -9.45       -4.75    5.0    6.68s
 11   -73.71265137196      -10.54       -5.58    4.6    5.54s
 12   -73.71265137197      -11.26       -6.25    4.7    6.78s
 13   -73.71265137197      -12.36       -6.56    4.9    5.99s
 14   -73.71265137197      -12.27       -6.91    5.5    6.06s
 15   -73.71265137197      -12.73       -7.96    5.0    6.17s
┌ Warning: Negative ρcore detected: -3.144343438515792e-8
└ @ DFTK ~/.julia/packages/DFTK/n2IL4/src/terms/xc.jl:39
n     Energy            log10(ΔE)   log10(Δρ)   Diag   Δtime
---   ---------------   ---------   ---------   ----   ------
  1   -73.69296083588                   -0.86    9.7    10.5s
  2   -73.70482590955       -1.93       -1.06    5.3    5.99s
  3   -73.71140268273       -2.18       -1.41    6.8    7.78s
  4   -73.71247274915       -2.97       -1.77    5.7    6.03s
  5   -73.71263303713       -3.80       -2.25    5.1    6.24s
  6   -73.71265134997       -4.74       -3.07    5.5    7.93s
  7   -73.71265136864       -7.73       -3.50    4.3    5.09s
  8   -73.71265137175       -8.51       -4.10    4.0    5.16s
  9   -73.71265137160   +   -9.83       -4.45    4.9    6.57s
 10   -73.71265137193       -9.48       -4.74    4.9    6.33s
 11   -73.71265137196      -10.54       -5.57    4.6    6.17s
 12   -73.71265137197      -11.24       -6.25    4.7    6.32s
 13   -73.71265137197      -12.38       -6.56    5.0    6.54s
 14   -73.71265137197      -12.21       -6.89    5.5    5.89s
 15   -73.71265137197      -13.07       -7.97    4.9    5.42s
┌ Warning: Negative ρcore detected: Dual{ForwardDiff.Tag{var"#19#21"{@NamedTuple{ham::Hamiltonian, basis::PlaneWaveBasis{Float64, Float64, DFTK.CPU, FFTGrid{Float64, Float64, Array{StaticArraysCore.SVector{3, Int64}, 3}, Array{StaticArraysCore.SVector{3, Float64}, 3}}, Vector{StaticArraysCore.SVector{3, Int64}}}, energies::Energies{Float64}, converged::Bool, occupation_threshold::Float64, ρ::Array{Float64, 4}, τ::Nothing, α::Float64, eigenvalues::Vector{Vector{Float64}}, occupation::Vector{Vector{Float64}}, εF::Float64, n_bands_converge::Int64, n_iter::Int64, n_matvec::Int64, ψ::Vector{Matrix{ComplexF64}}, diagonalization::Vector{@NamedTuple{λ::Vector{Vector{Float64}}, X::Vector{Matrix{ComplexF64}}, residual_norms::Vector{Vector{Float64}}, n_iter::Vector{Int64}, converged::Bool, n_matvec::Int64}}, stage::Symbol, history_Δρ::Vector{Float64}, history_Etot::Vector{Float64}, timedout::Bool, runtime_ns::UInt64, algorithm::String}, Model{Float64, Float64}, Float64, MonkhorstPack, var"#case#4"{Matrix{Float64}, Float64, MonkhorstPack, Vector{StaticArraysCore.SVector{3, Float64}}, Vector{ElementPsp{PspUpf{Float64, Interpolations.Extrapolation{Float64, 1, Interpolations.GriddedInterpolation{Float64, 1, Vector{Float64}, Interpolations.Gridded{Interpolations.Linear{Interpolations.Throw{Interpolations.OnGrid}}}, Tuple{Vector{Float64}}}, Interpolations.Gridded{Interpolations.Linear{Interpolations.Throw{Interpolations.OnGrid}}}, Interpolations.Throw{Nothing}}}}}, Float64, Float64, String}}, Float64}}(-3.144343438515792e-8,-6.0317538205038635e-9)
└ @ DFTK ~/.julia/packages/DFTK/n2IL4/src/terms/xc.jl:39
     3    -7.371265e+01     4.451959e-06
 * time: 771.616641998291
┌ Warning: Negative ρcore detected: -3.144326393992552e-8
└ @ DFTK ~/.julia/packages/DFTK/n2IL4/src/terms/xc.jl:39
n     Energy            log10(ΔE)   log10(Δρ)   Diag   Δtime
---   ---------------   ---------   ---------   ----   ------
  1   -73.69295445895                   -0.86    9.7    9.89s
  2   -73.70483242283       -1.93       -1.06    5.4    5.72s
  3   -73.71140118368       -2.18       -1.41    6.9    7.44s
  4   -73.71247371120       -2.97       -1.77    5.7    6.07s
  5   -73.71263277294       -3.80       -2.25    5.1    6.03s
  6   -73.71265134949       -4.73       -3.07    5.5    6.34s
  7   -73.71265136863       -7.72       -3.51    4.3    5.34s
  8   -73.71265137187       -8.49       -4.12    4.1    5.16s
  9   -73.71265137163   +   -9.64       -4.46    5.0    6.76s
 10   -73.71265137202       -9.41       -4.76    5.0    6.52s
 11   -73.71265137205      -10.56       -5.59    4.7    5.70s
 12   -73.71265137206      -11.30       -6.25    4.7    6.64s
 13   -73.71265137206      -12.64       -6.54    5.0    6.04s
 14   -73.71265137206      -12.17       -6.94    5.5    5.97s
 15   -73.71265137206      -12.85       -7.99    5.0    5.78s
┌ Warning: Negative ρcore detected: -3.144326393992552e-8
└ @ DFTK ~/.julia/packages/DFTK/n2IL4/src/terms/xc.jl:39
n     Energy            log10(ΔE)   log10(Δρ)   Diag   Δtime
---   ---------------   ---------   ---------   ----   ------
  1   -73.69295557245                   -0.86    9.7    10.1s
  2   -73.70483025347       -1.93       -1.06    5.3    6.20s
  3   -73.71140009283       -2.18       -1.40    6.7    7.31s
  4   -73.71247420960       -2.97       -1.77    5.8    6.05s
  5   -73.71263267976       -3.80       -2.25    5.1    6.44s
  6   -73.71265134967       -4.73       -3.07    5.4    6.86s
  7   -73.71265136862       -7.72       -3.50    4.3    5.33s
  8   -73.71265137183       -8.49       -4.10    4.2    5.21s
  9   -73.71265137168   +   -9.82       -4.46    4.8    5.92s
 10   -73.71265137202       -9.47       -4.75    5.0    5.38s
 11   -73.71265137205      -10.52       -5.58    4.6    5.37s
 12   -73.71265137206      -11.27       -6.24    4.7    6.04s
 13   -73.71265137206      -12.43       -6.57    5.0    5.87s
 14   -73.71265137206      -12.26       -6.94    5.5    5.84s
 15   -73.71265137206      -12.85       -7.99    5.0    5.39s
┌ Warning: Negative ρcore detected: Dual{ForwardDiff.Tag{var"#19#21"{@NamedTuple{ham::Hamiltonian, basis::PlaneWaveBasis{Float64, Float64, DFTK.CPU, FFTGrid{Float64, Float64, Array{StaticArraysCore.SVector{3, Int64}, 3}, Array{StaticArraysCore.SVector{3, Float64}, 3}}, Vector{StaticArraysCore.SVector{3, Int64}}}, energies::Energies{Float64}, converged::Bool, occupation_threshold::Float64, ρ::Array{Float64, 4}, τ::Nothing, α::Float64, eigenvalues::Vector{Vector{Float64}}, occupation::Vector{Vector{Float64}}, εF::Float64, n_bands_converge::Int64, n_iter::Int64, n_matvec::Int64, ψ::Vector{Matrix{ComplexF64}}, diagonalization::Vector{@NamedTuple{λ::Vector{Vector{Float64}}, X::Vector{Matrix{ComplexF64}}, residual_norms::Vector{Vector{Float64}}, n_iter::Vector{Int64}, converged::Bool, n_matvec::Int64}}, stage::Symbol, history_Δρ::Vector{Float64}, history_Etot::Vector{Float64}, timedout::Bool, runtime_ns::UInt64, algorithm::String}, Model{Float64, Float64}, Float64, MonkhorstPack, var"#case#4"{Matrix{Float64}, Float64, MonkhorstPack, Vector{StaticArraysCore.SVector{3, Float64}}, Vector{ElementPsp{PspUpf{Float64, Interpolations.Extrapolation{Float64, 1, Interpolations.GriddedInterpolation{Float64, 1, Vector{Float64}, Interpolations.Gridded{Interpolations.Linear{Interpolations.Throw{Interpolations.OnGrid}}}, Tuple{Vector{Float64}}}, Interpolations.Gridded{Interpolations.Linear{Interpolations.Throw{Interpolations.OnGrid}}}, Interpolations.Throw{Nothing}}}}}, Float64, Float64, String}}, Float64}}(-3.144326393992552e-8,-6.147007212620322e-9)
└ @ DFTK ~/.julia/packages/DFTK/n2IL4/src/terms/xc.jl:39
     4    -7.371265e+01     1.524178e-09
 * time: 1024.2007880210876
 * Status: success

 * Candidate solution
    Final objective value:     -7.371265e+01

 * Found with
    Algorithm:     L-BFGS

 * Convergence measures
    |x - x'|               = 2.80e-05 ≰ -1.0e+00
    |x - x'|/|x'|          = 4.96e-06 ≰ 0.0e+00
    |f(x) - f(x')|         = 8.87e-11 ≤ 1.0e-08
    |f(x) - f(x')|/|f(x')| = 1.20e-12 ≰ 0.0e+00
    |g(x)|                 = 1.52e-09 ≤ 1.0e-06

 * Work counters
    Seconds run:   1024  (vs limit Inf)
    Iterations:    4
    f(x) calls:    5
    ∇f(x) calls:   5

V: 1148.639354 seconds (740.81 M allocations: 351.747 GiB, 5.96% gc time, 0.01% compilation time)
