┌ Info: Threading setup: 
│   Threads.nthreads() = 1
│   n_DFTK = 1
│   n_fft = 1
└   n_blas = 1
┌ Info: 2025-05-13T20:05:01.199
│   name = "Si"
│   Ecut = 18.0
│   kgrid = MonkhorstPack([14, 14, 14])
│   p0 = ComponentVector{Float64}(a = 10.347246312603742)
│   temperature = 0.001
└   smearing = DFTK.Smearing.Gaussian()
n     Energy            log10(ΔE)   log10(Δρ)   Diag   Δtime
---   ---------------   ---------   ---------   ----   ------
  1   -8.475172903727                   -0.95    7.0    10.5s
  2   -8.476647999119       -2.83       -1.71    1.8    4.92s
  3   -8.476751543172       -3.98       -2.69    3.9    1.79s
  4   -8.476757945934       -5.19       -3.45    5.0    1.76s
  5   -8.476758336943       -6.41       -4.31    5.2    1.88s
  6   -8.476758350057       -7.88       -5.10    5.3    1.97s
  7   -8.476758350274       -9.66       -5.80    5.2    1.91s
  8   -8.476758350275      -11.87       -6.31    3.2    1.34s
  9   -8.476758350275      -13.12       -7.62    3.2    1.56s
Iter     Function value   Gradient norm 
     0    -8.476758e+00     2.933680e-03
 * time: 4.00543212890625e-5
n     Energy            log10(ΔE)   log10(Δρ)   Diag   Δtime
---   ---------------   ---------   ---------   ----   ------
  1   -8.475189342967                   -0.95    7.0    2.39s
  2   -8.476651000102       -2.84       -1.70    1.8    1.30s
  3   -8.476760104390       -3.96       -2.69    4.0    1.55s
  4   -8.476766256498       -5.21       -3.47    5.0    2.01s
  5   -8.476766645304       -6.41       -4.27    5.0    1.66s
  6   -8.476766661483       -7.79       -5.18    5.3    2.02s
  7   -8.476766661666       -9.74       -6.17    4.9    1.70s
  8   -8.476766661669      -11.62       -6.95    5.0    1.98s
  9   -8.476766661669      -13.35       -7.64    4.3    1.52s
n     Energy            log10(ΔE)   log10(Δρ)   Diag   Δtime
---   ---------------   ---------   ---------   ----   ------
  1   -8.475176082082                   -0.95    6.9    2.50s
  2   -8.476651576190       -2.83       -1.70    1.8    1.04s
  3   -8.476759904836       -3.97       -2.69    3.9    1.80s
  4   -8.476766263759       -5.20       -3.46    4.9    1.97s
  5   -8.476766647532       -6.42       -4.31    5.1    1.66s
  6   -8.476766661455       -7.86       -5.14    5.3    2.07s
  7   -8.476766661667       -9.67       -5.93    5.1    1.72s
  8   -8.476766661669      -11.88       -6.58    3.7    1.74s
  9   -8.476766661669      -13.27       -7.74    4.0    1.45s
     1    -8.476767e+00     2.732601e-03
 * time: 44.38048195838928
n     Energy            log10(ΔE)   log10(Δρ)   Diag   Δtime
---   ---------------   ---------   ---------   ----   ------
  1   -8.475304978172                   -0.96    7.0    2.44s
  2   -8.476704162242       -2.85       -1.70    1.8    1.31s
  3   -8.476814703256       -3.96       -2.70    4.0    1.52s
  4   -8.476821477089       -5.17       -3.47    5.1    2.01s
  5   -8.476821888951       -6.39       -4.30    5.2    1.68s
  6   -8.476821903733       -7.83       -5.19    5.3    1.97s
  7   -8.476821903944       -9.68       -6.10    5.1    1.72s
  8   -8.476821903946      -11.58       -6.88    4.7    1.85s
  9   -8.476821903946      -13.26       -7.65    4.3    1.52s
n     Energy            log10(ΔE)   log10(Δρ)   Diag   Δtime
---   ---------------   ---------   ---------   ----   ------
  1   -8.475304187674                   -0.96    6.9    2.31s
  2   -8.476707822099       -2.85       -1.70    1.8    1.01s
  3   -8.476814574344       -3.97       -2.71    3.9    1.76s
  4   -8.476821472078       -5.16       -3.46    4.9    1.96s
  5   -8.476821890861       -6.38       -4.36    5.2    1.66s
  6   -8.476821903744       -7.89       -5.18    5.5    2.05s
  7   -8.476821903945       -9.70       -5.94    5.1    1.68s
  8   -8.476821903946      -11.84       -6.44    3.7    1.66s
  9   -8.476821903946      -13.41       -7.50    3.0    1.19s
     2    -8.476822e+00     5.595126e-05
 * time: 87.39373803138733
n     Energy            log10(ΔE)   log10(Δρ)   Diag   Δtime
---   ---------------   ---------   ---------   ----   ------
  1   -8.475310186241                   -0.96    6.9    2.34s
  2   -8.476705560858       -2.86       -1.70    1.7    1.24s
  3   -8.476814446079       -3.96       -2.71    3.9    1.52s
  4   -8.476821492748       -5.15       -3.46    5.0    2.00s
  5   -8.476821914354       -6.38       -4.35    5.1    1.71s
  6   -8.476821927521       -7.88       -5.21    5.4    2.07s
  7   -8.476821927719       -9.71       -6.08    5.2    1.70s
  8   -8.476821927720      -11.79       -6.75    4.3    1.80s
  9   -8.476821927720      -13.18       -7.87    4.1    1.42s
n     Energy            log10(ΔE)   log10(Δρ)   Diag   Δtime
---   ---------------   ---------   ---------   ----   ------
  1   -8.475304666459                   -0.96    7.0    2.34s
  2   -8.476703610398       -2.85       -1.70    1.6    980ms
  3   -8.476814463298       -3.96       -2.71    4.0    1.76s
  4   -8.476821493647       -5.15       -3.46    5.0    2.01s
  5   -8.476821914011       -6.38       -4.34    5.3    1.73s
  6   -8.476821927519       -7.87       -5.22    5.5    2.10s
  7   -8.476821927718       -9.70       -6.13    5.4    1.76s
  8   -8.476821927720      -11.74       -6.78    4.5    1.84s
  9   -8.476821927720      -13.52       -7.84    3.9    1.40s
     3    -8.476822e+00     1.104385e-06
 * time: 130.94544100761414
n     Energy            log10(ΔE)   log10(Δρ)   Diag   Δtime
---   ---------------   ---------   ---------   ----   ------
  1   -8.475305589244                   -0.96    6.9    2.36s
  2   -8.476705683313       -2.85       -1.70    1.8    1.27s
  3   -8.476814431216       -3.96       -2.71    4.1    1.57s
  4   -8.476821481551       -5.15       -3.45    4.9    1.99s
  5   -8.476821914528       -6.36       -4.37    5.2    1.80s
  6   -8.476821927523       -7.89       -5.19    5.4    2.14s
  7   -8.476821927728       -9.69       -5.97    5.2    1.76s
  8   -8.476821927729      -11.83       -6.50    3.6    1.66s
  9   -8.476821927730      -13.50       -7.52    3.5    1.29s
n     Energy            log10(ΔE)   log10(Δρ)   Diag   Δtime
---   ---------------   ---------   ---------   ----   ------
  1   -8.475302232801                   -0.96    7.0    2.41s
  2   -8.476706357860       -2.85       -1.70    1.7    1.03s
  3   -8.476814412680       -3.97       -2.70    3.9    1.78s
  4   -8.476821496027       -5.15       -3.46    4.9    1.99s
  5   -8.476821915322       -6.38       -4.35    5.2    1.78s
  6   -8.476821927554       -7.91       -5.19    5.4    2.25s
  7   -8.476821927728       -9.76       -5.98    5.0    1.70s
  8   -8.476821927729      -11.79       -6.81    4.2    1.78s
  9   -8.476821927730      -12.88       -7.87    4.7    1.64s
     4    -8.476822e+00     3.498498e-10
 * time: 175.28398394584656
 * Status: success

 * Candidate solution
    Final objective value:     -8.476822e+00

 * Found with
    Algorithm:     L-BFGS

 * Convergence measures
    |x - x'|               = 1.68e-05 ≰ -1.0e+00
    |x - x'|/|x'|          = 1.61e-06 ≰ 0.0e+00
    |f(x) - f(x')|         = 9.29e-12 ≤ 1.0e-08
    |f(x) - f(x')|/|f(x')| = 1.10e-12 ≰ 0.0e+00
    |g(x)|                 = 3.50e-10 ≤ 1.0e-06

 * Work counters
    Seconds run:   175  (vs limit Inf)
    Iterations:    4
    f(x) calls:    5
    ∇f(x) calls:   5

Si: 245.832918 seconds (395.10 M allocations: 82.794 GiB, 8.06% gc time, 19.29% compilation time: <1% of which was recompilation)
┌ Info: 2025-05-13T20:09:07.588
│   name = "NaCl"
│   Ecut = 44.0
│   kgrid = MonkhorstPack([13, 13, 13])
│   p0 = ComponentVector{Float64}(a = 10.746130571470083)
│   temperature = 0
└   smearing = DFTK.Smearing.None()
n     Energy            log10(ΔE)   log10(Δρ)   Diag   Δtime
---   ---------------   ---------   ---------   ----   ------
  1   -62.39641059727                   -1.06    8.6    17.6s
  2   -62.40397703556       -2.12       -1.20    2.4    6.43s
  3   -62.40803740394       -2.39       -2.01    3.6    7.89s
  4   -62.40811499401       -4.11       -3.09    2.7    7.12s
  5   -62.40811817192       -5.50       -3.82    4.5    10.1s
  6   -62.40811836535       -6.71       -4.45    3.6    8.69s
  7   -62.40811837029       -8.31       -5.06    3.6    8.62s
  8   -62.40811837116       -9.06       -5.79    3.7    8.21s
  9   -62.40811837118      -10.76       -6.38    4.0    8.94s
 10   -62.40811837118      -12.14       -6.99    3.6    8.47s
 11   -62.40811837118      -12.92       -8.05    3.8    8.40s
Iter     Function value   Gradient norm 
     0    -6.240812e+01     1.193933e-02
 * time: 3.695487976074219e-5
n     Energy            log10(ΔE)   log10(Δρ)   Diag   Δtime
---   ---------------   ---------   ---------   ----   ------
  1   -62.39649745250                   -1.06    8.5    15.7s
  2   -62.40407103937       -2.12       -1.20    2.4    5.96s
  3   -62.40817780953       -2.39       -2.01    3.6    8.18s
  4   -62.40825581792       -4.11       -3.10    2.8    6.89s
  5   -62.40825906373       -5.49       -3.79    4.5    9.85s
  6   -62.40825926807       -6.69       -4.62    3.5    8.59s
  7   -62.40825927298       -8.31       -5.12    4.0    9.47s
  8   -62.40825927328       -9.53       -5.72    3.6    8.62s
  9   -62.40825927330      -10.68       -6.38    3.6    8.71s
 10   -62.40825927330      -12.23       -7.18    3.5    8.60s
n     Energy            log10(ΔE)   log10(Δρ)   Diag   Δtime
---   ---------------   ---------   ---------   ----   ------
  1   -62.39649748001                   -1.06    8.4    16.1s
  2   -62.40407653252       -2.12       -1.20    2.5    6.02s
  3   -62.40817781444       -2.39       -2.01    3.5    7.86s
  4   -62.40825589531       -4.11       -3.10    2.7    7.11s
  5   -62.40825906196       -5.50       -3.81    4.4    9.84s
  6   -62.40825926781       -6.69       -4.58    3.4    8.07s
  7   -62.40825927287       -8.30       -5.11    3.8    9.18s
  8   -62.40825927328       -9.39       -5.74    3.6    8.42s
  9   -62.40825927330      -10.67       -6.40    3.6    8.24s
 10   -62.40825927330      -12.27       -6.99    3.3    8.31s
 11   -62.40825927330      -13.37       -8.11    3.8    8.46s
     1    -6.240826e+01     1.166416e-02
 * time: 218.95909094810486
n     Energy            log10(ΔE)   log10(Δρ)   Diag   Δtime
---   ---------------   ---------   ---------   ----   ------
  1   -62.39716458273                   -1.05    8.7    17.8s
  2   -62.40552908600       -2.08       -1.14    2.6    7.02s
  3   -62.41149179749       -2.22       -1.93    3.4    8.62s
  4   -62.41160681452       -3.94       -3.10    2.4    6.93s
  5   -62.41161096870       -5.38       -3.66    4.7    11.5s
  6   -62.41161129803       -6.48       -4.56    3.3    8.23s
  7   -62.41161130999       -7.92       -5.16    3.8    10.2s
  8   -62.41161131081       -9.09       -6.03    3.8    9.11s
  9   -62.41161131083      -10.65       -6.52    4.1    10.7s
 10   -62.41161131083      -12.19       -7.34    3.1    8.22s
n     Energy            log10(ΔE)   log10(Δρ)   Diag   Δtime
---   ---------------   ---------   ---------   ----   ------
  1   -62.39716389883                   -1.05    8.8    17.9s
  2   -62.40554684528       -2.08       -1.14    2.5    7.16s
  3   -62.41149260977       -2.23       -1.93    3.5    8.81s
  4   -62.41160688742       -3.94       -3.10    2.4    7.09s
  5   -62.41161098427       -5.39       -3.67    4.6    11.5s
  6   -62.41161129910       -6.50       -4.60    3.3    8.41s
  7   -62.41161131006       -7.96       -5.24    4.0    10.6s
  8   -62.41161131080       -9.13       -5.88    3.8    9.34s
  9   -62.41161131083      -10.52       -6.52    3.7    9.43s
 10   -62.41161131083      -12.06       -7.31    3.4    8.98s
     2    -6.241161e+01     2.276067e-03
 * time: 449.9973039627075
n     Energy            log10(ΔE)   log10(Δρ)   Diag   Δtime
---   ---------------   ---------   ---------   ----   ------
  1   -62.39657005279                   -1.04    8.8    23.1s
  2   -62.40513957346       -2.07       -1.12    2.6    9.31s
  3   -62.41165067105       -2.19       -1.92    3.4    11.2s
  4   -62.41177475861       -3.91       -3.09    2.1    8.51s
  5   -62.41177939140       -5.33       -3.56    4.7    14.9s
  6   -62.41177976114       -6.43       -4.55    3.0    10.2s
  7   -62.41177977470       -7.87       -5.16    4.0    13.6s
  8   -62.41177977593       -8.91       -5.92    3.5    11.8s
  9   -62.41177977596      -10.58       -6.48    3.5    11.9s
 10   -62.41177977596      -11.87       -7.15    3.1    10.9s
n     Energy            log10(ΔE)   log10(Δρ)   Diag   Δtime
---   ---------------   ---------   ---------   ----   ------
  1   -62.39657141560                   -1.04    8.8    23.2s
  2   -62.40514091597       -2.07       -1.12    2.6    9.18s
  3   -62.41165140380       -2.19       -1.92    3.5    11.4s
  4   -62.41177493642       -3.91       -3.09    2.2    9.05s
  5   -62.41177940533       -5.35       -3.60    4.6    14.7s
  6   -62.41177976190       -6.45       -4.57    3.1    10.5s
  7   -62.41177977469       -7.89       -5.16    4.0    13.8s
  8   -62.41177977593       -8.91       -6.05    3.6    11.8s
  9   -62.41177977596      -10.64       -6.57    3.8    12.5s
 10   -62.41177977596      -11.92       -7.21    3.4    11.7s
     3    -6.241178e+01     5.561623e-04
 * time: 737.8968920707703
n     Energy            log10(ΔE)   log10(Δρ)   Diag   Δtime
---   ---------------   ---------   ---------   ----   ------
  1   -62.39632585474                   -1.04    8.3    21.8s
  2   -62.40501124803       -2.06       -1.12    2.5    8.88s
  3   -62.41165639306       -2.18       -1.91    3.4    11.0s
  4   -62.41178625135       -3.89       -3.09    2.1    8.78s
  5   -62.41179111219       -5.31       -3.52    4.7    14.6s
  6   -62.41179149574       -6.42       -4.52    3.1    10.2s
  7   -62.41179151013       -7.84       -5.12    4.1    13.7s
  8   -62.41179151150       -8.86       -5.96    3.6    11.6s
  9   -62.41179151153      -10.59       -6.67    3.7    12.1s
 10   -62.41179151153      -11.97       -7.19    3.6    12.0s
n     Energy            log10(ΔE)   log10(Δρ)   Diag   Δtime
---   ---------------   ---------   ---------   ----   ------
  1   -62.39632277248                   -1.04    8.3    22.0s
  2   -62.40501190888       -2.06       -1.12    2.3    8.58s
  3   -62.41165591820       -2.18       -1.91    3.2    11.0s
  4   -62.41178642298       -3.88       -3.09    2.2    8.67s
  5   -62.41179112198       -5.33       -3.56    4.8    15.2s
  6   -62.41179149560       -6.43       -4.53    3.0    10.0s
  7   -62.41179151014       -7.84       -5.14    4.0    14.0s
  8   -62.41179151150       -8.87       -5.99    3.5    11.7s
  9   -62.41179151153      -10.57       -6.67    3.7    12.6s
 10   -62.41179151153      -11.99       -7.17    3.6    12.1s
     4    -6.241179e+01     3.832507e-05
 * time: 1023.1493010520935
n     Energy            log10(ΔE)   log10(Δρ)   Diag   Δtime
---   ---------------   ---------   ---------   ----   ------
  1   -62.39631084344                   -1.04    8.3    22.3s
  2   -62.40493901328       -2.06       -1.12    2.6    9.30s
  3   -62.41165824518       -2.17       -1.91    3.5    11.7s
  4   -62.41178663806       -3.89       -3.09    2.1    8.70s
  5   -62.41179118309       -5.34       -3.60    4.7    14.8s
  6   -62.41179155288       -6.43       -4.56    3.0    10.6s
  7   -62.41179156749       -7.84       -5.14    4.0    13.6s
  8   -62.41179156882       -8.88       -5.89    3.5    11.9s
  9   -62.41179156885      -10.54       -6.49    3.5    12.1s
 10   -62.41179156885      -11.86       -7.14    3.0    10.4s
n     Energy            log10(ΔE)   log10(Δρ)   Diag   Δtime
---   ---------------   ---------   ---------   ----   ------
  1   -62.39630998344                   -1.04    8.4    21.9s
  2   -62.40494687416       -2.06       -1.12    2.5    8.80s
  3   -62.41165772650       -2.17       -1.91    3.4    11.0s
  4   -62.41178635582       -3.89       -3.09    2.1    8.34s
  5   -62.41179115747       -5.32       -3.52    4.8    14.9s
  6   -62.41179155251       -6.40       -4.52    3.0    9.53s
  7   -62.41179156742       -7.83       -5.13    4.1    13.6s
  8   -62.41179156882       -8.85       -5.95    3.6    11.5s
  9   -62.41179156885      -10.51       -6.59    3.6    11.9s
 10   -62.41179156885      -11.83       -7.09    3.3    11.1s
     5    -6.241179e+01     7.429526e-07
 * time: 1306.170084953308
 * Status: success

 * Candidate solution
    Final objective value:     -6.241179e+01

 * Found with
    Algorithm:     L-BFGS

 * Convergence measures
    |x - x'|               = 2.94e-03 ≰ -1.0e+00
    |x - x'|/|x'|          = 2.57e-04 ≰ 0.0e+00
    |f(x) - f(x')|         = 5.73e-08 ≰ 1.0e-08
    |f(x) - f(x')|/|f(x')| = 9.18e-10 ≰ 0.0e+00
    |g(x)|                 = 7.43e-07 ≤ 1.0e-06

 * Work counters
    Seconds run:   1306  (vs limit Inf)
    Iterations:    5
    f(x) calls:    6
    ∇f(x) calls:   6

NaCl: 1431.323813 seconds (1.58 G allocations: 425.019 GiB, 5.00% gc time, 0.21% compilation time)
┌ Info: 2025-05-13T20:32:58.940
│   name = "Al"
│   Ecut = 20.0
│   kgrid = MonkhorstPack([18, 18, 18])
│   p0 = ComponentVector{Float64}(a = 7.641925528121933)
│   temperature = 0.001
└   smearing = DFTK.Smearing.Gaussian()
n     Energy            log10(ΔE)   log10(Δρ)   Diag   Δtime
---   ---------------   ---------   ---------   ----   ------
  1   -2.318828057311                   -1.47    5.5    1.62s
  2   -2.318892990348       -4.19       -1.84    1.3    688ms
  3   -2.318906533814       -4.87       -3.55    3.2    1.40s
  4   -2.318906751441       -6.66       -3.98    4.5    1.49s
  5   -2.318906751971       -9.28       -4.19    2.1    1.14s
  6   -2.318906752182       -9.68       -4.97    2.5    936ms
  7   -2.318906752191      -11.02       -5.64    2.8    1.01s
  8   -2.318906752192      -12.29       -6.16    2.7    1.22s
  9   -2.318906752192      -13.31       -6.42    2.8   1000ms
 10   -2.318906752192      -14.18       -7.34    2.2    1.11s
Iter     Function value   Gradient norm 
     0    -2.318907e+00     5.612066e-04
 * time: 3.0040740966796875e-5
n     Energy            log10(ΔE)   log10(Δρ)   Diag   Δtime
---   ---------------   ---------   ---------   ----   ------
  1   -2.318826862582                   -1.47    5.5    1.86s
  2   -2.318893291447       -4.18       -1.84    1.3    698ms
  3   -2.318906864013       -4.87       -3.56    3.1    1.38s
  4   -2.318907059974       -6.71       -3.98    4.5    1.49s
  5   -2.318907060503       -9.28       -4.20    2.2    1.14s
  6   -2.318907060714       -9.68       -4.98    2.6    987ms
  7   -2.318907060722      -11.08       -5.61    2.8    1.31s
  8   -2.318907060723      -12.23       -6.34    2.8    1.01s
  9   -2.318907060723      -13.86       -6.39    2.9    1.31s
 10   -2.318907060723      -14.07       -7.42    2.1    848ms
n     Energy            log10(ΔE)   log10(Δρ)   Diag   Δtime
---   ---------------   ---------   ---------   ----   ------
  1   -2.318828060672                   -1.47    5.5    1.89s
  2   -2.318893375232       -4.18       -1.84    1.3    941ms
  3   -2.318906856599       -4.87       -3.55    3.2    1.13s
  4   -2.318907059919       -6.69       -3.97    4.5    1.76s
  5   -2.318907060483       -9.25       -4.19    2.2    915ms
  6   -2.318907060712       -9.64       -4.95    2.7    1.23s
  7   -2.318907060722      -11.01       -5.60    2.9    1.02s
  8   -2.318907060723      -12.20       -6.29    2.7    1.24s
  9   -2.318907060723      -13.52       -6.47    3.0    1.06s
 10   -2.318907060723      -14.21       -7.31    2.2    871ms
     1    -2.318907e+00     5.383203e-04
 * time: 52.31034994125366
n     Energy            log10(ΔE)   log10(Δρ)   Diag   Δtime
---   ---------------   ---------   ---------   ----   ------
  1   -2.318834693810                   -1.47    5.6    1.93s
  2   -2.318897566765       -4.20       -1.84    1.4    703ms
  3   -2.318910386959       -4.89       -3.56    3.3    1.42s
  4   -2.318910574597       -6.73       -4.04    4.6    1.49s
  5   -2.318910575022       -9.37       -4.27    2.4    1.23s
  6   -2.318910575168       -9.83       -5.06    2.6    991ms
  7   -2.318910575175      -11.19       -5.85    2.9    1.35s
  8   -2.318910575175      -12.61       -6.45    3.0    1.06s
  9   -2.318910575175      -13.95       -6.82    3.0    1.35s
 10   -2.318910575175   +    -Inf       -7.86    2.5    941ms
n     Energy            log10(ΔE)   log10(Δρ)   Diag   Δtime
---   ---------------   ---------   ---------   ----   ------
  1   -2.318839078866                   -1.47    5.7    1.89s
  2   -2.318897931848       -4.23       -1.84    1.4    685ms
  3   -2.318910335260       -4.91       -3.55    3.2    1.38s
  4   -2.318910574556       -6.62       -4.02    4.5    1.46s
  5   -2.318910575006       -9.35       -4.24    2.3    1.14s
  6   -2.318910575167       -9.79       -5.02    2.7    956ms
  7   -2.318910575175      -11.08       -5.85    3.0    1.30s
  8   -2.318910575175      -12.57       -6.42    3.1    1.07s
  9   -2.318910575175      -13.88       -6.88    3.1    1.32s
 10   -2.318910575175      -15.35       -7.79    2.6    932ms
     2    -2.318911e+00     8.699068e-06
 * time: 105.04844498634338
n     Energy            log10(ΔE)   log10(Δρ)   Diag   Δtime
---   ---------------   ---------   ---------   ----   ------
  1   -2.318834765833                   -1.47    5.5    1.81s
  2   -2.318897442243       -4.20       -1.84    1.3    907ms
  3   -2.318910333848       -4.89       -3.56    3.1    1.12s
  4   -2.318910575471       -6.62       -4.02    4.5    1.71s
  5   -2.318910575912       -9.36       -4.25    2.3    885ms
  6   -2.318910576067       -9.81       -5.04    2.6    1.20s
  7   -2.318910576074      -11.13       -5.83    2.8    1.01s
  8   -2.318910576074      -12.58       -6.44    3.0    1.33s
  9   -2.318910576074      -13.91       -7.02    3.1    1.08s
n     Energy            log10(ΔE)   log10(Δρ)   Diag   Δtime
---   ---------------   ---------   ---------   ----   ------
  1   -2.318834825813                   -1.47    5.4    1.88s
  2   -2.318897772435       -4.20       -1.84    1.3    665ms
  3   -2.318910351276       -4.90       -3.57    3.3    1.14s
  4   -2.318910575503       -6.65       -4.03    4.6    1.76s
  5   -2.318910575917       -9.38       -4.25    2.2    1.13s
  6   -2.318910576067       -9.82       -5.06    2.5    941ms
  7   -2.318910576074      -11.16       -5.87    2.9    1.08s
  8   -2.318910576074      -12.64       -6.46    3.1    1.31s
  9   -2.318910576074      -13.92       -6.85    3.0    1.05s
 10   -2.318910576074      -15.05       -7.73    2.5    1.19s
     3    -2.318911e+00     1.346627e-07
 * time: 156.94506883621216
 * Status: success

 * Candidate solution
    Final objective value:     -2.318911e+00

 * Found with
    Algorithm:     L-BFGS

 * Convergence measures
    |x - x'|               = 2.10e-04 ≰ -1.0e+00
    |x - x'|/|x'|          = 2.74e-05 ≰ 0.0e+00
    |f(x) - f(x')|         = 8.99e-10 ≤ 1.0e-08
    |f(x) - f(x')|/|f(x')| = 3.88e-10 ≰ 0.0e+00
    |g(x)|                 = 1.35e-07 ≤ 1.0e-06

 * Work counters
    Seconds run:   157  (vs limit Inf)
    Iterations:    3
    f(x) calls:    4
    ∇f(x) calls:   4

Al: 187.800783 seconds (167.91 M allocations: 40.153 GiB, 6.54% gc time, 0.00% compilation time)
┌ Info: 2025-05-13T20:36:06.768
│   name = "V"
│   Ecut = 42.0
│   kgrid = MonkhorstPack([20, 20, 20])
│   p0 = ComponentVector{Float64}(a = 5.699267600684394)
│   temperature = 0.001
└   smearing = DFTK.Smearing.Gaussian()
┌ Warning: Negative ρcore detected: -3.4151886922104144e-8
└ @ DFTK ~/.julia/packages/DFTK/n2IL4/src/terms/xc.jl:39
n     Energy            log10(ΔE)   log10(Δρ)   Diag   Δtime
---   ---------------   ---------   ---------   ----   ------
  1   -73.86996761776                   -0.95    9.6    9.03s
  2   -73.87687155500       -2.16       -1.15    5.3    5.31s
  3   -73.88143570432       -2.34       -1.54    6.7    6.66s
  4   -73.88201571017       -3.24       -1.86    5.4    5.23s
  5   -73.88212220639       -3.97       -2.23    5.0    5.43s
  6   -73.88214374088       -4.67       -3.06    5.4    5.35s
  7   -73.88214379524       -7.26       -3.45    5.5    5.77s
  8   -73.88214379892       -8.43       -4.01    3.1    4.03s
  9   -73.88214379927       -9.46       -4.43    4.0    4.58s
 10   -73.88214379927      -11.26       -4.90    3.4    4.01s
 11   -73.88214379928      -10.97       -5.43    4.0    4.41s
 12   -73.88214379929      -11.42       -6.05    4.6    5.02s
 13   -73.88214379929   +  -13.15       -6.51    5.0    5.70s
 14   -73.88214379929   +  -13.15       -6.75    5.7    5.58s
 15   -73.88214379929   +  -12.62       -7.42    5.1    5.29s
┌ Warning: Negative ρcore detected: Dual{ForwardDiff.Tag{var"#19#21"{@NamedTuple{ham::Hamiltonian, basis::PlaneWaveBasis{Float64, Float64, DFTK.CPU, FFTGrid{Float64, Float64, Array{StaticArraysCore.SVector{3, Int64}, 3}, Array{StaticArraysCore.SVector{3, Float64}, 3}}, Vector{StaticArraysCore.SVector{3, Int64}}}, energies::Energies{Float64}, converged::Bool, occupation_threshold::Float64, ρ::Array{Float64, 4}, τ::Nothing, α::Float64, eigenvalues::Vector{Vector{Float64}}, occupation::Vector{Vector{Float64}}, εF::Float64, n_bands_converge::Int64, n_iter::Int64, n_matvec::Int64, ψ::Vector{Matrix{ComplexF64}}, diagonalization::Vector{@NamedTuple{λ::Vector{Vector{Float64}}, X::Vector{Matrix{ComplexF64}}, residual_norms::Vector{Vector{Float64}}, n_iter::Vector{Int64}, converged::Bool, n_matvec::Int64}}, stage::Symbol, history_Δρ::Vector{Float64}, history_Etot::Vector{Float64}, timedout::Bool, runtime_ns::UInt64, algorithm::String}, Model{Float64, Float64}, Float64, MonkhorstPack, var"#case#4"{Matrix{Float64}, Float64, MonkhorstPack, Vector{StaticArraysCore.SVector{3, Float64}}, Vector{ElementPsp{PspUpf{Float64, Interpolations.Extrapolation{Float64, 1, Interpolations.GriddedInterpolation{Float64, 1, Vector{Float64}, Interpolations.Gridded{Interpolations.Linear{Interpolations.Throw{Interpolations.OnGrid}}}, Tuple{Vector{Float64}}}, Interpolations.Gridded{Interpolations.Linear{Interpolations.Throw{Interpolations.OnGrid}}}, Interpolations.Throw{Nothing}}}}}, Float64, Float64, String}}, Float64}}(-3.4151886922104144e-8,-1.2413273474001241e-8)
└ @ DFTK ~/.julia/packages/DFTK/n2IL4/src/terms/xc.jl:39
Iter     Function value   Gradient norm 
     0    -7.388214e+01     8.277497e-03
 * time: 3.0994415283203125e-5
┌ Warning: Negative ρcore detected: -3.4114276302042644e-8
└ @ DFTK ~/.julia/packages/DFTK/n2IL4/src/terms/xc.jl:39
n     Energy            log10(ΔE)   log10(Δρ)   Diag   Δtime
---   ---------------   ---------   ---------   ----   ------
  1   -73.86993295599                   -0.95    9.5    9.17s
  2   -73.87689459190       -2.16       -1.15    5.1    4.96s
  3   -73.88149502074       -2.34       -1.53    6.8    6.81s
  4   -73.88207772848       -3.23       -1.85    5.4    5.40s
  5   -73.88218475658       -3.97       -2.22    4.9    5.10s
  6   -73.88220700056       -4.65       -3.07    5.4    5.77s
  7   -73.88220705470       -7.27       -3.45    5.5    5.71s
  8   -73.88220705897       -8.37       -4.00    3.6    4.20s
  9   -73.88220705929       -9.49       -4.44    3.8    4.56s
 10   -73.88220705930      -10.82       -4.93    3.9    4.46s
 11   -73.88220705931      -11.16       -5.47    4.0    4.58s
 12   -73.88220705931      -11.53       -6.16    4.7    5.38s
 13   -73.88220705931   +  -13.25       -6.62    5.2    5.53s
 14   -73.88220705931   +  -13.55       -6.73    5.4    5.55s
 15   -73.88220705931   +  -13.37       -7.45    5.1    5.28s
┌ Warning: Negative ρcore detected: -3.4114276302042644e-8
└ @ DFTK ~/.julia/packages/DFTK/n2IL4/src/terms/xc.jl:39
n     Energy            log10(ΔE)   log10(Δρ)   Diag   Δtime
---   ---------------   ---------   ---------   ----   ------
  1   -73.86993168362                   -0.95    9.5    8.65s
  2   -73.87689560154       -2.16       -1.15    5.1    5.31s
  3   -73.88149675632       -2.34       -1.53    6.7    6.80s
  4   -73.88207755985       -3.24       -1.85    5.4    5.37s
  5   -73.88218445619       -3.97       -2.22    4.9    5.10s
  6   -73.88220699969       -4.65       -3.07    5.5    5.53s
  7   -73.88220705502       -7.26       -3.45    5.5    5.93s
  8   -73.88220705898       -8.40       -4.02    3.4    4.27s
  9   -73.88220705929       -9.51       -4.43    3.8    4.61s
 10   -73.88220705930      -10.94       -4.94    3.7    4.37s
 11   -73.88220705931      -11.13       -5.46    4.1    4.68s
 12   -73.88220705931      -11.49       -6.16    4.8    5.31s
 13   -73.88220705931   +  -13.07       -6.63    5.3    5.31s
 14   -73.88220705931   +  -13.37       -6.73    5.3    5.40s
 15   -73.88220705931   +  -12.81       -7.43    5.1    5.07s
┌ Warning: Negative ρcore detected: Dual{ForwardDiff.Tag{var"#19#21"{@NamedTuple{ham::Hamiltonian, basis::PlaneWaveBasis{Float64, Float64, DFTK.CPU, FFTGrid{Float64, Float64, Array{StaticArraysCore.SVector{3, Int64}, 3}, Array{StaticArraysCore.SVector{3, Float64}, 3}}, Vector{StaticArraysCore.SVector{3, Int64}}}, energies::Energies{Float64}, converged::Bool, occupation_threshold::Float64, ρ::Array{Float64, 4}, τ::Nothing, α::Float64, eigenvalues::Vector{Vector{Float64}}, occupation::Vector{Vector{Float64}}, εF::Float64, n_bands_converge::Int64, n_iter::Int64, n_matvec::Int64, ψ::Vector{Matrix{ComplexF64}}, diagonalization::Vector{@NamedTuple{λ::Vector{Vector{Float64}}, X::Vector{Matrix{ComplexF64}}, residual_norms::Vector{Vector{Float64}}, n_iter::Vector{Int64}, converged::Bool, n_matvec::Int64}}, stage::Symbol, history_Δρ::Vector{Float64}, history_Etot::Vector{Float64}, timedout::Bool, runtime_ns::UInt64, algorithm::String}, Model{Float64, Float64}, Float64, MonkhorstPack, var"#case#4"{Matrix{Float64}, Float64, MonkhorstPack, Vector{StaticArraysCore.SVector{3, Float64}}, Vector{ElementPsp{PspUpf{Float64, Interpolations.Extrapolation{Float64, 1, Interpolations.GriddedInterpolation{Float64, 1, Vector{Float64}, Interpolations.Gridded{Interpolations.Linear{Interpolations.Throw{Interpolations.OnGrid}}}, Tuple{Vector{Float64}}}, Interpolations.Gridded{Interpolations.Linear{Interpolations.Throw{Interpolations.OnGrid}}}, Interpolations.Throw{Nothing}}}}}, Float64, Float64, String}}, Float64}}(-3.4114276302042644e-8,2.1145754012399507e-8)
└ @ DFTK ~/.julia/packages/DFTK/n2IL4/src/terms/xc.jl:39
     1    -7.388221e+01     7.009170e-03
 * time: 222.29371690750122
┌ Warning: Negative ρcore detected: -3.3840902332309124e-8
└ @ DFTK ~/.julia/packages/DFTK/n2IL4/src/terms/xc.jl:39
n     Energy            log10(ΔE)   log10(Δρ)   Diag   Δtime
---   ---------------   ---------   ---------   ----   ------
  1   -73.86946252076                   -0.95    9.8    9.32s
  2   -73.87697369360       -2.12       -1.15    5.3    5.39s
  3   -73.88162668273       -2.33       -1.53    6.8    6.91s
  4   -73.88224974936       -3.21       -1.87    5.5    5.53s
  5   -73.88234919490       -4.00       -2.23    5.0    5.64s
  6   -73.88237081709       -4.67       -3.12    5.6    5.55s
  7   -73.88237084661       -7.53       -3.52    5.4    5.74s
  8   -73.88237084907       -8.61       -4.13    3.2    4.13s
  9   -73.88237084969       -9.21       -4.57    4.3    5.11s
 10   -73.88237084981       -9.91       -5.09    5.1    5.61s
 11   -73.88237084981      -11.83       -5.89    5.0    5.46s
 12   -73.88237084981      -11.90       -6.29    5.7    6.22s
 13   -73.88237084981      -12.81       -6.80    4.8    4.93s
 14   -73.88237084981   +  -13.00       -7.11    4.2    4.64s
┌ Warning: Negative ρcore detected: -3.3840902332309124e-8
└ @ DFTK ~/.julia/packages/DFTK/n2IL4/src/terms/xc.jl:39
n     Energy            log10(ΔE)   log10(Δρ)   Diag   Δtime
---   ---------------   ---------   ---------   ----   ------
  1   -73.86945731638                   -0.95    9.8    9.43s
  2   -73.87697021014       -2.12       -1.15    5.3    5.25s
  3   -73.88162674595       -2.33       -1.53    6.8    7.06s
  4   -73.88225005114       -3.21       -1.87    5.5    5.34s
  5   -73.88234914202       -4.00       -2.23    5.1    5.45s
  6   -73.88237081770       -4.66       -3.12    5.5    6.04s
  7   -73.88237084669       -7.54       -3.52    5.5    5.65s
  8   -73.88237084914       -8.61       -4.13    3.4    4.33s
  9   -73.88237084970       -9.25       -4.58    4.3    5.27s
 10   -73.88237084981       -9.96       -5.09    5.1    5.44s
 11   -73.88237084981      -11.80       -5.89    4.9    5.51s
 12   -73.88237084981      -11.97       -6.30    5.7    5.99s
 13   -73.88237084981      -13.25       -6.79    4.7    5.04s
 14   -73.88237084981      -13.25       -7.13    4.1    4.63s
┌ Warning: Negative ρcore detected: Dual{ForwardDiff.Tag{var"#19#21"{@NamedTuple{ham::Hamiltonian, basis::PlaneWaveBasis{Float64, Float64, DFTK.CPU, FFTGrid{Float64, Float64, Array{StaticArraysCore.SVector{3, Int64}, 3}, Array{StaticArraysCore.SVector{3, Float64}, 3}}, Vector{StaticArraysCore.SVector{3, Int64}}}, energies::Energies{Float64}, converged::Bool, occupation_threshold::Float64, ρ::Array{Float64, 4}, τ::Nothing, α::Float64, eigenvalues::Vector{Vector{Float64}}, occupation::Vector{Vector{Float64}}, εF::Float64, n_bands_converge::Int64, n_iter::Int64, n_matvec::Int64, ψ::Vector{Matrix{ComplexF64}}, diagonalization::Vector{@NamedTuple{λ::Vector{Vector{Float64}}, X::Vector{Matrix{ComplexF64}}, residual_norms::Vector{Vector{Float64}}, n_iter::Vector{Int64}, converged::Bool, n_matvec::Int64}}, stage::Symbol, history_Δρ::Vector{Float64}, history_Etot::Vector{Float64}, timedout::Bool, runtime_ns::UInt64, algorithm::String}, Model{Float64, Float64}, Float64, MonkhorstPack, var"#case#4"{Matrix{Float64}, Float64, MonkhorstPack, Vector{StaticArraysCore.SVector{3, Float64}}, Vector{ElementPsp{PspUpf{Float64, Interpolations.Extrapolation{Float64, 1, Interpolations.GriddedInterpolation{Float64, 1, Vector{Float64}, Interpolations.Gridded{Interpolations.Linear{Interpolations.Throw{Interpolations.OnGrid}}}, Tuple{Vector{Float64}}}, Interpolations.Gridded{Interpolations.Linear{Interpolations.Throw{Interpolations.OnGrid}}}, Interpolations.Throw{Nothing}}}}}, Float64, Float64, String}}, Float64}}(-3.3840902332309124e-8,-1.9068087377874057e-7)
└ @ DFTK ~/.julia/packages/DFTK/n2IL4/src/terms/xc.jl:39
     2    -7.388237e+01     2.077612e-04
 * time: 442.46415185928345
┌ Warning: Negative ρcore detected: -3.410201231514444e-8
└ @ DFTK ~/.julia/packages/DFTK/n2IL4/src/terms/xc.jl:39
n     Energy            log10(ΔE)   log10(Δρ)   Diag   Δtime
---   ---------------   ---------   ---------   ----   ------
  1   -73.86944151512                   -0.95    9.8    9.02s
  2   -73.87696876019       -2.12       -1.15    5.3    5.45s
  3   -73.88162463126       -2.33       -1.53    6.8    7.02s
  4   -73.88225061768       -3.20       -1.87    5.5    5.42s
  5   -73.88234960509       -4.00       -2.24    5.0    5.49s
  6   -73.88237096610       -4.67       -3.12    5.5    5.60s
  7   -73.88237099518       -7.54       -3.51    5.6    5.88s
  8   -73.88237099762       -8.61       -4.13    3.5    4.48s
  9   -73.88237099826       -9.19       -4.56    4.4    4.99s
 10   -73.88237099840       -9.86       -5.10    5.1    5.37s
 11   -73.88237099840      -11.78       -5.88    5.1    5.42s
 12   -73.88237099841      -11.88       -6.29    5.7    5.89s
 13   -73.88237099841      -13.00       -6.80    4.8    5.48s
 14   -73.88237099841      -13.25       -7.11    4.0    4.47s
┌ Warning: Negative ρcore detected: -3.410201231514444e-8
└ @ DFTK ~/.julia/packages/DFTK/n2IL4/src/terms/xc.jl:39
n     Energy            log10(ΔE)   log10(Δρ)   Diag   Δtime
---   ---------------   ---------   ---------   ----   ------
  1   -73.86944785333                   -0.95    9.7    9.47s
  2   -73.87695845042       -2.12       -1.15    5.3    5.25s
  3   -73.88162586199       -2.33       -1.53    6.9    6.99s
  4   -73.88225031942       -3.20       -1.87    5.6    5.61s
  5   -73.88234999281       -4.00       -2.24    5.1    5.38s
  6   -73.88237096196       -4.68       -3.12    5.6    5.93s
  7   -73.88237099507       -7.48       -3.51    5.6    6.21s
  8   -73.88237099776       -8.57       -4.15    2.9    3.77s
  9   -73.88237099832       -9.25       -4.58    4.5    5.10s
 10   -73.88237099840      -10.06       -5.10    5.0    5.10s
 11   -73.88237099840      -11.76       -5.91    5.0    5.43s
 12   -73.88237099841      -11.94       -6.27    5.6    5.87s
 13   -73.88237099841      -12.67       -6.79    4.9    5.38s
 14   -73.88237099841   +  -13.25       -7.14    4.5    5.04s
┌ Warning: Negative ρcore detected: Dual{ForwardDiff.Tag{var"#19#21"{@NamedTuple{ham::Hamiltonian, basis::PlaneWaveBasis{Float64, Float64, DFTK.CPU, FFTGrid{Float64, Float64, Array{StaticArraysCore.SVector{3, Int64}, 3}, Array{StaticArraysCore.SVector{3, Float64}, 3}}, Vector{StaticArraysCore.SVector{3, Int64}}}, energies::Energies{Float64}, converged::Bool, occupation_threshold::Float64, ρ::Array{Float64, 4}, τ::Nothing, α::Float64, eigenvalues::Vector{Vector{Float64}}, occupation::Vector{Vector{Float64}}, εF::Float64, n_bands_converge::Int64, n_iter::Int64, n_matvec::Int64, ψ::Vector{Matrix{ComplexF64}}, diagonalization::Vector{@NamedTuple{λ::Vector{Vector{Float64}}, X::Vector{Matrix{ComplexF64}}, residual_norms::Vector{Vector{Float64}}, n_iter::Vector{Int64}, converged::Bool, n_matvec::Int64}}, stage::Symbol, history_Δρ::Vector{Float64}, history_Etot::Vector{Float64}, timedout::Bool, runtime_ns::UInt64, algorithm::String}, Model{Float64, Float64}, Float64, MonkhorstPack, var"#case#4"{Matrix{Float64}, Float64, MonkhorstPack, Vector{StaticArraysCore.SVector{3, Float64}}, Vector{ElementPsp{PspUpf{Float64, Interpolations.Extrapolation{Float64, 1, Interpolations.GriddedInterpolation{Float64, 1, Vector{Float64}, Interpolations.Gridded{Interpolations.Linear{Interpolations.Throw{Interpolations.OnGrid}}}, Tuple{Vector{Float64}}}, Interpolations.Gridded{Interpolations.Linear{Interpolations.Throw{Interpolations.OnGrid}}}, Interpolations.Throw{Nothing}}}}}, Float64, Float64, String}}, Float64}}(-3.410201231514444e-8,-1.8305481324633262e-7)
└ @ DFTK ~/.julia/packages/DFTK/n2IL4/src/terms/xc.jl:39
     3    -7.388237e+01     5.292430e-06
 * time: 661.2384779453278
┌ Warning: Negative ρcore detected: -3.410869488709817e-8
└ @ DFTK ~/.julia/packages/DFTK/n2IL4/src/terms/xc.jl:39
n     Energy            log10(ΔE)   log10(Δρ)   Diag   Δtime
---   ---------------   ---------   ---------   ----   ------
  1   -73.86945039113                   -0.95    9.7    9.41s
  2   -73.87696689777       -2.12       -1.15    5.2    5.41s
  3   -73.88162249684       -2.33       -1.53    6.8    7.00s
  4   -73.88225169671       -3.20       -1.87    5.5    5.63s
  5   -73.88234969392       -4.01       -2.24    5.0    5.38s
  6   -73.88237096386       -4.67       -3.12    5.6    6.06s
  7   -73.88237099539       -7.50       -3.52    5.6    6.01s
  8   -73.88237099778       -8.62       -4.14    3.3    4.18s
  9   -73.88237099837       -9.23       -4.59    4.4    5.03s
 10   -73.88237099849       -9.92       -5.10    5.2    5.07s
 11   -73.88237099849      -11.96       -5.87    5.0    5.40s
 12   -73.88237099850      -11.85       -6.28    5.7    5.88s
 13   -73.88237099850      -12.77       -6.78    4.7    4.79s
 14   -73.88237099850      -13.85       -7.11    4.1    4.54s
┌ Warning: Negative ρcore detected: -3.410869488709817e-8
└ @ DFTK ~/.julia/packages/DFTK/n2IL4/src/terms/xc.jl:39
n     Energy            log10(ΔE)   log10(Δρ)   Diag   Δtime
---   ---------------   ---------   ---------   ----   ------
  1   -73.86944695582                   -0.95    9.7    9.38s
  2   -73.87697694809       -2.12       -1.15    5.3    5.17s
  3   -73.88162247203       -2.33       -1.53    6.9    6.73s
  4   -73.88225090462       -3.20       -1.87    5.4    5.47s
  5   -73.88234970214       -4.01       -2.24    5.0    5.42s
  6   -73.88237096345       -4.67       -3.12    5.6    6.09s
  7   -73.88237099545       -7.49       -3.52    5.5    5.87s
  8   -73.88237099771       -8.65       -4.14    3.9    4.41s
  9   -73.88237099833       -9.21       -4.57    4.4    5.07s
 10   -73.88237099849       -9.80       -5.10    5.2    5.55s
 11   -73.88237099849      -11.94       -5.85    5.1    5.48s
 12   -73.88237099850      -11.81       -6.30    5.6    5.91s
 13   -73.88237099850      -12.94       -6.81    4.7    5.26s
 14   -73.88237099850      -13.07       -7.10    3.7    4.30s
┌ Warning: Negative ρcore detected: Dual{ForwardDiff.Tag{var"#19#21"{@NamedTuple{ham::Hamiltonian, basis::PlaneWaveBasis{Float64, Float64, DFTK.CPU, FFTGrid{Float64, Float64, Array{StaticArraysCore.SVector{3, Int64}, 3}, Array{StaticArraysCore.SVector{3, Float64}, 3}}, Vector{StaticArraysCore.SVector{3, Int64}}}, energies::Energies{Float64}, converged::Bool, occupation_threshold::Float64, ρ::Array{Float64, 4}, τ::Nothing, α::Float64, eigenvalues::Vector{Vector{Float64}}, occupation::Vector{Vector{Float64}}, εF::Float64, n_bands_converge::Int64, n_iter::Int64, n_matvec::Int64, ψ::Vector{Matrix{ComplexF64}}, diagonalization::Vector{@NamedTuple{λ::Vector{Vector{Float64}}, X::Vector{Matrix{ComplexF64}}, residual_norms::Vector{Vector{Float64}}, n_iter::Vector{Int64}, converged::Bool, n_matvec::Int64}}, stage::Symbol, history_Δρ::Vector{Float64}, history_Etot::Vector{Float64}, timedout::Bool, runtime_ns::UInt64, algorithm::String}, Model{Float64, Float64}, Float64, MonkhorstPack, var"#case#4"{Matrix{Float64}, Float64, MonkhorstPack, Vector{StaticArraysCore.SVector{3, Float64}}, Vector{ElementPsp{PspUpf{Float64, Interpolations.Extrapolation{Float64, 1, Interpolations.GriddedInterpolation{Float64, 1, Vector{Float64}, Interpolations.Gridded{Interpolations.Linear{Interpolations.Throw{Interpolations.OnGrid}}}, Tuple{Vector{Float64}}}, Interpolations.Gridded{Interpolations.Linear{Interpolations.Throw{Interpolations.OnGrid}}}, Interpolations.Throw{Nothing}}}}}, Float64, Float64, String}}, Float64}}(-3.410869488709817e-8,-1.8285622526121366e-7)
└ @ DFTK ~/.julia/packages/DFTK/n2IL4/src/terms/xc.jl:39
     4    -7.388237e+01     2.192519e-08
 * time: 879.7361710071564
 * Status: success

 * Candidate solution
    Final objective value:     -7.388237e+01

 * Found with
    Algorithm:     L-BFGS

 * Convergence measures
    |x - x'|               = 3.65e-05 ≰ -1.0e+00
    |x - x'|/|x'|          = 6.35e-06 ≰ 0.0e+00
    |f(x) - f(x')|         = 9.09e-11 ≤ 1.0e-08
    |f(x) - f(x')|/|f(x')| = 1.23e-12 ≰ 0.0e+00
    |g(x)|                 = 2.19e-08 ≤ 1.0e-06

 * Work counters
    Seconds run:   880  (vs limit Inf)
    Iterations:    4
    f(x) calls:    5
    ∇f(x) calls:   5

V: 1001.421010 seconds (731.23 M allocations: 348.639 GiB, 6.17% gc time, 0.01% compilation time)
