┌ Info: Threading setup: 
│   Threads.nthreads() = 1
│   n_DFTK = 1
│   n_fft = 1
└   n_blas = 1
┌ Info: 2025-05-13T18:34:25.582
│   name = "Si"
│   Ecut = 18.0
│   kgrid = MonkhorstPack([14, 14, 14])
│   p0 = ComponentVector{Float64}(a = 10.347246312603742)
│   temperature = 0.001
└   smearing = DFTK.Smearing.Gaussian()
n     Energy            log10(ΔE)   log10(Δρ)   Diag   Δtime
---   ---------------   ---------   ---------   ----   ------
  1   -8.474765559102                   -0.95    7.0    10.0s
  2   -8.476253107776       -2.83       -1.71    1.8    4.62s
  3   -8.476353927293       -4.00       -2.70    3.9    1.55s
  4   -8.476359639009       -5.24       -3.47    5.0    1.94s
  5   -8.476359954193       -6.50       -4.33    5.2    1.71s
  6   -8.476359964949       -7.97       -5.20    5.4    2.03s
  7   -8.476359965077       -9.89       -6.04    5.1    2.01s
  8   -8.476359965078      -11.99       -6.89    4.0    1.50s
  9   -8.476359965078      -12.95       -8.08    5.1    1.93s
Iter     Function value   Gradient norm 
     0    -8.476360e+00     2.741142e-03
 * time: 4.482269287109375e-5
n     Energy            log10(ΔE)   log10(Δρ)   Diag   Δtime
---   ---------------   ---------   ---------   ----   ------
  1   -8.474785248175                   -0.95    7.0    2.36s
  2   -8.476262951071       -2.83       -1.71    1.8    1.02s
  3   -8.476361339331       -4.01       -2.70    4.0    1.76s
  4   -8.476366897249       -5.26       -3.48    4.9    1.94s
  5   -8.476367210312       -6.50       -4.34    5.2    1.69s
  6   -8.476367220938       -7.97       -5.17    5.2    2.01s
  7   -8.476367221082       -9.84       -5.99    5.2    1.68s
  8   -8.476367221082      -12.02       -6.86    3.6    1.66s
  9   -8.476367221083      -12.96       -8.01    5.0    1.65s
n     Energy            log10(ΔE)   log10(Δρ)   Diag   Δtime
---   ---------------   ---------   ---------   ----   ------
  1   -8.474787269453                   -0.95    6.9    2.35s
  2   -8.476261437012       -2.83       -1.71    1.8    1.02s
  3   -8.476361120366       -4.00       -2.70    3.9    1.78s
  4   -8.476366896876       -5.24       -3.48    5.1    1.75s
  5   -8.476367209632       -6.50       -4.34    5.2    2.00s
  6   -8.476367220938       -7.95       -5.19    5.4    1.84s
  7   -8.476367221082       -9.84       -6.03    5.0    1.97s
  8   -8.476367221083      -12.08       -6.89    3.8    1.42s
  9   -8.476367221083      -13.00       -8.04    4.9    1.86s
     1    -8.476367e+00     2.553088e-03
 * time: 44.20622801780701
n     Energy            log10(ΔE)   log10(Δρ)   Diag   Δtime
---   ---------------   ---------   ---------   ----   ------
  1   -8.474878545467                   -0.96    7.1    2.36s
  2   -8.476302899043       -2.85       -1.70    1.7    986ms
  3   -8.476409204351       -3.97       -2.71    3.9    1.76s
  4   -8.476415010924       -5.24       -3.50    5.1    1.70s
  5   -8.476415342700       -6.48       -4.30    5.2    1.91s
  6   -8.476415354642       -7.92       -5.18    5.3    1.73s
  7   -8.476415354810       -9.78       -5.98    4.8    1.91s
  8   -8.476415354812      -11.70       -6.79    4.3    1.53s
  9   -8.476415354812      -13.30       -7.63    4.3    1.74s
n     Energy            log10(ΔE)   log10(Δρ)   Diag   Δtime
---   ---------------   ---------   ---------   ----   ------
  1   -8.474896189609                   -0.96    7.0    2.41s
  2   -8.476305065500       -2.85       -1.71    1.8    1.27s
  3   -8.476408940254       -3.98       -2.71    3.9    1.50s
  4   -8.476415007977       -5.22       -3.48    5.0    1.98s
  5   -8.476415344010       -6.47       -4.37    5.2    1.73s
  6   -8.476415354674       -7.97       -5.24    5.4    2.02s
  7   -8.476415354811       -9.86       -6.09    5.3    1.71s
  8   -8.476415354812      -11.98       -6.77    4.2    1.73s
  9   -8.476415354812      -13.22       -7.89    4.3    1.45s
     2    -8.476415e+00     4.879839e-05
 * time: 86.71791100502014
n     Energy            log10(ΔE)   log10(Δρ)   Diag   Δtime
---   ---------------   ---------   ---------   ----   ------
  1   -8.474879974036                   -0.96    7.0    2.33s
  2   -8.476302741393       -2.85       -1.70    1.7    1.26s
  3   -8.476409091025       -3.97       -2.71    3.9    1.53s
  4   -8.476415029673       -5.23       -3.50    5.0    1.98s
  5   -8.476415360902       -6.48       -4.33    5.0    1.68s
  6   -8.476415372658       -7.93       -5.21    5.4    1.99s
  7   -8.476415372827       -9.77       -6.11    4.9    1.71s
  8   -8.476415372829      -11.73       -6.89    4.5    1.85s
  9   -8.476415372829      -13.37       -7.74    4.1    1.49s
n     Energy            log10(ΔE)   log10(Δρ)   Diag   Δtime
---   ---------------   ---------   ---------   ----   ------
  1   -8.474883443017                   -0.96    7.1    2.35s
  2   -8.476299734410       -2.85       -1.70    1.7    992ms
  3   -8.476408876785       -3.96       -2.71    3.8    1.76s
  4   -8.476415022989       -5.21       -3.49    4.9    1.72s
  5   -8.476415360639       -6.47       -4.34    5.3    1.95s
  6   -8.476415372658       -7.92       -5.22    5.5    1.81s
  7   -8.476415372828       -9.77       -6.17    4.9    1.95s
  8   -8.476415372829      -11.82       -6.91    4.6    1.64s
  9   -8.476415372829      -13.57       -7.61    3.9    1.71s
     3    -8.476415e+00     9.023394e-07
 * time: 129.73562502861023
 * Status: success

 * Candidate solution
    Final objective value:     -8.476415e+00

 * Found with
    Algorithm:     L-BFGS

 * Convergence measures
    |x - x'|               = 7.25e-04 ≰ -1.0e+00
    |x - x'|/|x'|          = 6.98e-05 ≰ 0.0e+00
    |f(x) - f(x')|         = 1.80e-08 ≰ 1.0e-08
    |f(x) - f(x')|/|f(x')| = 2.13e-09 ≰ 0.0e+00
    |g(x)|                 = 9.02e-07 ≤ 1.0e-06

 * Work counters
    Seconds run:   130  (vs limit Inf)
    Iterations:    3
    f(x) calls:    4
    ∇f(x) calls:   4

Si: 199.066232 seconds (329.17 M allocations: 65.900 GiB, 7.46% gc time, 23.15% compilation time: <1% of which was recompilation)
┌ Info: 2025-05-13T18:37:45.202
│   name = "NaCl"
│   Ecut = 44.0
│   kgrid = MonkhorstPack([13, 13, 13])
│   p0 = ComponentVector{Float64}(a = 10.746130571470083)
│   temperature = 0
└   smearing = DFTK.Smearing.None()
n     Energy            log10(ΔE)   log10(Δρ)   Diag   Δtime
---   ---------------   ---------   ---------   ----   ------
  1   -62.38824379741                   -1.07    8.5    17.3s
  2   -62.39560515903       -2.13       -1.20    2.6    6.79s
  3   -62.39971595434       -2.39       -2.01    3.6    8.29s
  4   -62.39978641928       -4.15       -3.10    2.9    6.98s
  5   -62.39978885754       -5.61       -3.82    4.4    9.82s
  6   -62.39978896892       -6.95       -4.18    4.3    9.90s
  7   -62.39978897642       -8.12       -5.01    3.2    7.87s
  8   -62.39978897725       -9.08       -5.97    3.9    8.84s
  9   -62.39978897726      -10.92       -6.31    4.3    10.1s
 10   -62.39978897726      -12.24       -7.06    3.2    7.93s
Iter     Function value   Gradient norm 
     0    -6.239979e+01     1.091879e-02
 * time: 3.504753112792969e-5
n     Energy            log10(ΔE)   log10(Δρ)   Diag   Δtime
---   ---------------   ---------   ---------   ----   ------
  1   -62.38831444401                   -1.07    8.4    15.5s
  2   -62.39564176750       -2.14       -1.20    2.6    6.33s
  3   -62.39983482838       -2.38       -2.01    3.6    8.56s
  4   -62.39990426267       -4.16       -3.13    3.0    7.35s
  5   -62.39990669059       -5.61       -3.86    4.6    10.2s
  6   -62.39990682920       -6.86       -4.69    3.6    8.32s
  7   -62.39990683238       -8.50       -5.30    4.0    10.2s
  8   -62.39990683251       -9.87       -5.87    3.6    9.40s
  9   -62.39990683252      -10.95       -6.40    3.6    9.23s
 10   -62.39990683252      -12.66       -7.11    3.3    8.51s
n     Energy            log10(ΔE)   log10(Δρ)   Diag   Δtime
---   ---------------   ---------   ---------   ----   ------
  1   -62.38831537266                   -1.07    8.4    15.9s
  2   -62.39565809068       -2.13       -1.20    2.6    6.31s
  3   -62.39983364126       -2.38       -2.01    3.7    7.98s
  4   -62.39990432606       -4.15       -3.11    2.8    7.20s
  5   -62.39990671962       -5.62       -3.86    4.4    10.0s
  6   -62.39990682525       -6.98       -4.19    4.1    9.29s
  7   -62.39990683161       -8.20       -4.97    3.0    7.95s
  8   -62.39990683252       -9.04       -6.01    3.9    9.21s
  9   -62.39990683252      -11.15       -6.35    4.2    9.45s
 10   -62.39990683252      -12.28       -7.05    3.2    8.35s
     1    -6.239991e+01     1.066926e-02
 * time: 213.7096631526947
n     Energy            log10(ΔE)   log10(Δρ)   Diag   Δtime
---   ---------------   ---------   ---------   ----   ------
  1   -62.38870542294                   -1.06    8.6    17.5s
  2   -62.39673443897       -2.10       -1.14    2.6    6.99s
  3   -62.40260944408       -2.23       -1.94    3.6    9.10s
  4   -62.40271128790       -3.99       -3.11    2.3    6.88s
  5   -62.40271450834       -5.49       -3.75    4.6    11.3s
  6   -62.40271467549       -6.78       -4.38    3.2    8.89s
  7   -62.40271468312       -8.12       -5.05    3.4    9.39s
  8   -62.40271468432       -8.92       -5.68    3.8    9.25s
  9   -62.40271468439      -10.18       -6.31    4.0    9.71s
 10   -62.40271468439      -11.85       -7.39    3.4    8.85s
n     Energy            log10(ΔE)   log10(Δρ)   Diag   Δtime
---   ---------------   ---------   ---------   ----   ------
  1   -62.38870469821                   -1.06    8.6    18.4s
  2   -62.39672992716       -2.10       -1.14    2.6    7.18s
  3   -62.40260775543       -2.23       -1.94    3.6    9.32s
  4   -62.40271144280       -3.98       -3.10    2.5    7.75s
  5   -62.40271453538       -5.51       -3.84    4.5    11.5s
  6   -62.40271467373       -6.86       -4.23    3.6    9.84s
  7   -62.40271468271       -8.05       -5.00    3.0    8.72s
  8   -62.40271468432       -8.79       -5.76    3.9    9.80s
  9   -62.40271468439      -10.21       -6.33    4.1    10.2s
 10   -62.40271468439      -11.88       -7.15    3.3    8.96s
     2    -6.240271e+01     1.962949e-03
 * time: 448.2137041091919
n     Energy            log10(ΔE)   log10(Δρ)   Diag   Δtime
---   ---------------   ---------   ---------   ----   ------
  1   -62.38820380267                   -1.05    8.5    17.4s
  2   -62.39638218325       -2.09       -1.13    2.5    6.78s
  3   -62.40272536953       -2.20       -1.93    3.4    8.86s
  4   -62.40283678086       -3.95       -3.10    2.3    6.87s
  5   -62.40284014515       -5.47       -3.77    4.7    11.6s
  6   -62.40284031077       -6.78       -4.40    3.2    8.71s
  7   -62.40284031913       -8.08       -5.07    3.4    9.35s
  8   -62.40284032022       -8.96       -5.66    3.7    9.63s
  9   -62.40284032030      -10.12       -6.29    3.8    9.62s
 10   -62.40284032030      -11.85       -7.34    3.3    8.54s
n     Energy            log10(ΔE)   log10(Δρ)   Diag   Δtime
---   ---------------   ---------   ---------   ----   ------
  1   -62.38819987685                   -1.05    8.5    17.6s
  2   -62.39640100362       -2.09       -1.13    2.5    6.78s
  3   -62.40272606514       -2.20       -1.93    3.6    9.20s
  4   -62.40283678577       -3.96       -3.09    2.3    7.03s
  5   -62.40284015229       -5.47       -3.75    4.6    11.6s
  6   -62.40284030932       -6.80       -4.28    3.3    9.27s
  7   -62.40284031865       -8.03       -5.04    3.2    9.17s
  8   -62.40284032022       -8.80       -5.71    4.0    10.0s
  9   -62.40284032030      -10.11       -6.25    4.1    10.0s
 10   -62.40284032030      -11.75       -7.32    3.3    8.79s
     3    -6.240284e+01     4.477439e-04
 * time: 679.9232001304626
n     Energy            log10(ΔE)   log10(Δρ)   Diag   Δtime
---   ---------------   ---------   ---------   ----   ------
  1   -62.38800842487                   -1.05    8.6    17.0s
  2   -62.39619382846       -2.09       -1.13    2.7    7.03s
  3   -62.40273310236       -2.18       -1.92    3.6    9.10s
  4   -62.40284413400       -3.95       -3.11    2.3    6.82s
  5   -62.40284745462       -5.48       -3.73    4.6    11.5s
  6   -62.40284765427       -6.70       -4.66    3.2    8.22s
  7   -62.40284766172       -8.13       -5.27    4.1    10.6s
  8   -62.40284766225       -9.28       -5.94    3.7    9.01s
  9   -62.40284766227      -10.61       -6.67    4.0    9.85s
 10   -62.40284766227      -12.30       -7.58    3.7    9.24s
n     Energy            log10(ΔE)   log10(Δρ)   Diag   Δtime
---   ---------------   ---------   ---------   ----   ------
  1   -62.38800513298                   -1.05    8.6    17.6s
  2   -62.39622957430       -2.08       -1.13    2.7    7.10s
  3   -62.40272997318       -2.19       -1.92    3.5    9.07s
  4   -62.40284404017       -3.94       -3.10    2.2    6.80s
  5   -62.40284747812       -5.46       -3.76    4.7    11.7s
  6   -62.40284765279       -6.76       -4.48    3.1    8.56s
  7   -62.40284766139       -8.07       -5.10    3.6    9.45s
  8   -62.40284766220       -9.09       -5.65    3.7    9.71s
  9   -62.40284766227      -10.14       -6.38    3.7    9.03s
 10   -62.40284766227      -11.95       -7.32    3.5    9.35s
     4    -6.240285e+01     2.627280e-05
 * time: 909.7301149368286
n     Energy            log10(ΔE)   log10(Δρ)   Diag   Δtime
---   ---------------   ---------   ---------   ----   ------
  1   -62.38800113456                   -1.05    8.6    17.2s
  2   -62.39619804839       -2.09       -1.12    2.7    6.99s
  3   -62.40273294937       -2.18       -1.92    3.5    8.95s
  4   -62.40284386103       -3.96       -3.10    2.2    6.44s
  5   -62.40284746043       -5.44       -3.63    4.8    11.3s
  6   -62.40284767932       -6.66       -4.66    3.2    7.93s
  7   -62.40284768754       -8.09       -5.26    4.2    10.8s
  8   -62.40284768808       -9.27       -5.98    3.7    8.84s
  9   -62.40284768810      -10.78       -6.41    3.8    9.86s
 10   -62.40284768810      -12.24       -7.06    3.0    8.39s
n     Energy            log10(ΔE)   log10(Δρ)   Diag   Δtime
---   ---------------   ---------   ---------   ----   ------
  1   -62.38799950726                   -1.05    8.6    18.0s
  2   -62.39619136293       -2.09       -1.12    2.7    7.51s
  3   -62.40273236342       -2.18       -1.92    3.6    8.97s
  4   -62.40284418091       -3.95       -3.10    2.4    7.26s
  5   -62.40284750606       -5.48       -3.78    4.6    11.9s
  6   -62.40284768009       -6.76       -4.61    3.2    8.64s
  7   -62.40284768754       -8.13       -5.23    3.8    10.4s
  8   -62.40284768805       -9.29       -5.79    3.7    9.57s
  9   -62.40284768810      -10.38       -6.48    3.7    9.60s
 10   -62.40284768810      -12.11       -7.53    3.3    9.12s
     5    -6.240285e+01     3.727372e-07
 * time: 1142.102371931076
 * Status: success

 * Candidate solution
    Final objective value:     -6.240285e+01

 * Found with
    Algorithm:     L-BFGS

 * Convergence measures
    |x - x'|               = 1.94e-03 ≰ -1.0e+00
    |x - x'|/|x'|          = 1.71e-04 ≰ 0.0e+00
    |f(x) - f(x')|         = 2.58e-08 ≰ 1.0e-08
    |f(x) - f(x')|/|f(x')| = 4.14e-10 ≰ 0.0e+00
    |g(x)|                 = 3.73e-07 ≤ 1.0e-06

 * Work counters
    Seconds run:   1142  (vs limit Inf)
    Iterations:    5
    f(x) calls:    6
    ∇f(x) calls:   6

NaCl: 1259.436830 seconds (1.43 G allocations: 400.291 GiB, 5.39% gc time, 0.23% compilation time)
┌ Info: 2025-05-13T18:58:44.665
│   name = "Al"
│   Ecut = 20.0
│   kgrid = MonkhorstPack([18, 18, 18])
│   p0 = ComponentVector{Float64}(a = 7.641925528121933)
│   temperature = 0.001
└   smearing = DFTK.Smearing.Gaussian()
n     Energy            log10(ΔE)   log10(Δρ)   Diag   Δtime
---   ---------------   ---------   ---------   ----   ------
  1   -2.318807549151                   -1.47    5.5    1.67s
  2   -2.318872453892       -4.19       -1.84    1.3    726ms
  3   -2.318885998463       -4.87       -3.56    3.1    1.18s
  4   -2.318886192998       -6.71       -3.98    4.5    1.84s
  5   -2.318886193533       -9.27       -4.20    2.1    913ms
  6   -2.318886193738       -9.69       -4.98    2.6    1.28s
  7   -2.318886193747      -11.05       -5.63    2.9    1.08s
  8   -2.318886193748      -12.29       -6.32    2.6    1.30s
  9   -2.318886193748      -13.66       -6.47    2.9    1.08s
 10   -2.318886193748      -14.31       -7.27    2.2    917ms
Iter     Function value   Gradient norm 
     0    -2.318886e+00     5.458330e-04
 * time: 3.2901763916015625e-5
n     Energy            log10(ΔE)   log10(Δρ)   Diag   Δtime
---   ---------------   ---------   ---------   ----   ------
  1   -2.318808658542                   -1.47    5.6    1.92s
  2   -2.318872591596       -4.19       -1.84    1.3    695ms
  3   -2.318886218959       -4.87       -3.55    3.1    1.39s
  4   -2.318886484814       -6.58       -3.97    4.5    1.51s
  5   -2.318886485366       -9.26       -4.18    2.2    1.14s
  6   -2.318886485591       -9.65       -4.94    2.7    1.00s
  7   -2.318886485601      -11.00       -5.64    2.8    1.30s
  8   -2.318886485602      -12.31       -6.08    2.7    994ms
  9   -2.318886485602      -13.22       -6.49    2.8    1.03s
 10   -2.318886485602      -14.31       -7.23    2.5    1.21s
n     Energy            log10(ΔE)   log10(Δρ)   Diag   Δtime
---   ---------------   ---------   ---------   ----   ------
  1   -2.318807358229                   -1.47    5.5    1.86s
  2   -2.318872764145       -4.18       -1.84    1.3    721ms
  3   -2.318886284181       -4.87       -3.55    3.2    1.47s
  4   -2.318886484840       -6.70       -3.98    4.5    1.56s
  5   -2.318886485376       -9.27       -4.19    2.2    1.16s
  6   -2.318886485592       -9.67       -4.96    2.6    993ms
  7   -2.318886485601      -11.02       -5.62    2.8    1.29s
  8   -2.318886485602      -12.26       -6.20    2.7    1.02s
  9   -2.318886485602      -13.38       -6.50    2.9    1.07s
 10   -2.318886485602      -14.31       -7.40    2.3    1.17s
     1    -2.318886e+00     5.235574e-04
 * time: 52.73376512527466
n     Energy            log10(ΔE)   log10(Δρ)   Diag   Δtime
---   ---------------   ---------   ---------   ----   ------
  1   -2.318818433523                   -1.47    5.5    1.93s
  2   -2.318877220749       -4.23       -1.84    1.3    698ms
  3   -2.318889615343       -4.91       -3.55    3.3    1.43s
  4   -2.318889808131       -6.71       -4.02    4.5    1.52s
  5   -2.318889808564       -9.36       -4.25    2.3    1.20s
  6   -2.318889808714       -9.82       -5.04    2.7    1.00s
  7   -2.318889808722      -11.09       -5.90    2.9    1.31s
  8   -2.318889808722      -12.59       -6.38    3.1    1.08s
  9   -2.318889808722      -13.83       -6.85    2.9    1.29s
 10   -2.318889808722      -15.05       -7.73    2.7    987ms
n     Energy            log10(ΔE)   log10(Δρ)   Diag   Δtime
---   ---------------   ---------   ---------   ----   ------
  1   -2.318819479663                   -1.47    5.6    1.92s
  2   -2.318876850497       -4.24       -1.84    1.3    958ms
  3   -2.318889593755       -4.89       -3.55    3.3    1.17s
  4   -2.318889808122       -6.67       -4.03    4.5    1.77s
  5   -2.318889808556       -9.36       -4.24    2.2    892ms
  6   -2.318889808714       -9.80       -5.03    2.6    985ms
  7   -2.318889808722      -11.09       -5.85    3.0    1.34s
  8   -2.318889808722      -12.60       -6.39    3.1    1.12s
  9   -2.318889808722      -13.76       -6.87    3.1    1.42s
 10   -2.318889808722      -15.35       -7.84    2.6    1.02s
     2    -2.318890e+00     8.200044e-06
 * time: 106.24689197540283
n     Energy            log10(ΔE)   log10(Δρ)   Diag   Δtime
---   ---------------   ---------   ---------   ----   ------
  1   -2.318818944650                   -1.47    5.6    1.92s
  2   -2.318876725650       -4.24       -1.84    1.3    982ms
  3   -2.318889572535       -4.89       -3.55    3.3    1.18s
  4   -2.318889808917       -6.63       -4.02    4.6    1.85s
  5   -2.318889809356       -9.36       -4.24    2.3    928ms
  6   -2.318889809513       -9.81       -5.03    2.7    1.28s
  7   -2.318889809521      -11.09       -5.92    3.0    1.09s
  8   -2.318889809521      -12.67       -6.32    3.0    1.10s
  9   -2.318889809521      -13.66       -6.91    2.8    1.30s
 10   -2.318889809521      -15.35       -7.68    2.9    1.04s
n     Energy            log10(ΔE)   log10(Δρ)   Diag   Δtime
---   ---------------   ---------   ---------   ----   ------
  1   -2.318816654290                   -1.47    5.6    1.95s
  2   -2.318877200971       -4.22       -1.84    1.3    722ms
  3   -2.318889588791       -4.91       -3.56    3.3    1.47s
  4   -2.318889808943       -6.66       -4.04    4.5    1.55s
  5   -2.318889809354       -9.39       -4.25    2.3    1.20s
  6   -2.318889809513       -9.80       -5.04    2.7    997ms
  7   -2.318889809521      -11.09       -5.81    3.1    1.11s
  8   -2.318889809521      -12.53       -6.44    3.0    1.37s
  9   -2.318889809521      -13.91       -6.91    3.1    1.14s
 10   -2.318889809521   +    -Inf       -7.76    2.7    1.29s
     3    -2.318890e+00     1.238215e-07
 * time: 159.97388696670532
 * Status: success

 * Candidate solution
    Final objective value:     -2.318890e+00

 * Found with
    Algorithm:     L-BFGS

 * Convergence measures
    |x - x'|               = 1.98e-04 ≰ -1.0e+00
    |x - x'|/|x'|          = 2.58e-05 ≰ 0.0e+00
    |f(x) - f(x')|         = 7.99e-10 ≤ 1.0e-08
    |f(x) - f(x')|/|f(x')| = 3.45e-10 ≰ 0.0e+00
    |g(x)|                 = 1.24e-07 ≤ 1.0e-06

 * Work counters
    Seconds run:   160  (vs limit Inf)
    Iterations:    3
    f(x) calls:    4
    ∇f(x) calls:   4

Al: 191.603300 seconds (170.11 M allocations: 40.749 GiB, 6.43% gc time, 0.00% compilation time)
┌ Info: 2025-05-13T19:01:56.268
│   name = "V"
│   Ecut = 42.0
│   kgrid = MonkhorstPack([20, 20, 20])
│   p0 = ComponentVector{Float64}(a = 5.699267600684394)
│   temperature = 0.001
└   smearing = DFTK.Smearing.Gaussian()
┌ Warning: Negative ρcore detected: -3.4151886922104144e-8
└ @ DFTK ~/.julia/packages/DFTK/n2IL4/src/terms/xc.jl:39
n     Energy            log10(ΔE)   log10(Δρ)   Diag   Δtime
---   ---------------   ---------   ---------   ----   ------
  1   -73.86727145291                   -0.95    9.5    8.82s
  2   -73.87432749077       -2.15       -1.15    5.2    5.23s
  3   -73.87893861237       -2.34       -1.53    6.7    6.59s
  4   -73.87953815239       -3.22       -1.85    5.4    5.09s
  5   -73.87964639223       -3.97       -2.23    4.9    5.15s
  6   -73.87966822822       -4.66       -3.06    5.5    5.60s
  7   -73.87966827480       -7.33       -3.46    5.5    5.82s
  8   -73.87966827845       -8.44       -4.00    3.1    3.91s
  9   -73.87966827879       -9.46       -4.44    3.9    4.47s
 10   -73.87966827880      -11.59       -4.87    2.9    3.64s
 11   -73.87966827881      -10.87       -5.45    4.1    4.41s
 12   -73.87966827881      -11.54       -6.05    4.7    5.00s
 13   -73.87966827881      -13.37       -6.49    5.0    5.19s
 14   -73.87966827881   +  -12.55       -6.77    5.5    5.35s
 15   -73.87966827881   +  -13.00       -7.54    5.0    5.03s
┌ Warning: Negative ρcore detected: Dual{ForwardDiff.Tag{var"#19#21"{@NamedTuple{ham::Hamiltonian, basis::PlaneWaveBasis{Float64, Float64, DFTK.CPU, FFTGrid{Float64, Float64, Array{StaticArraysCore.SVector{3, Int64}, 3}, Array{StaticArraysCore.SVector{3, Float64}, 3}}, Vector{StaticArraysCore.SVector{3, Int64}}}, energies::Energies{Float64}, converged::Bool, occupation_threshold::Float64, ρ::Array{Float64, 4}, τ::Nothing, α::Float64, eigenvalues::Vector{Vector{Float64}}, occupation::Vector{Vector{Float64}}, εF::Float64, n_bands_converge::Int64, n_iter::Int64, n_matvec::Int64, ψ::Vector{Matrix{ComplexF64}}, diagonalization::Vector{@NamedTuple{λ::Vector{Vector{Float64}}, X::Vector{Matrix{ComplexF64}}, residual_norms::Vector{Vector{Float64}}, n_iter::Vector{Int64}, converged::Bool, n_matvec::Int64}}, stage::Symbol, history_Δρ::Vector{Float64}, history_Etot::Vector{Float64}, timedout::Bool, runtime_ns::UInt64, algorithm::String}, Model{Float64, Float64}, Float64, MonkhorstPack, var"#case#4"{Matrix{Float64}, Float64, MonkhorstPack, Vector{StaticArraysCore.SVector{3, Float64}}, Vector{ElementPsp{PspUpf{Float64, Interpolations.Extrapolation{Float64, 1, Interpolations.GriddedInterpolation{Float64, 1, Vector{Float64}, Interpolations.Gridded{Interpolations.Linear{Interpolations.Throw{Interpolations.OnGrid}}}, Tuple{Vector{Float64}}}, Interpolations.Gridded{Interpolations.Linear{Interpolations.Throw{Interpolations.OnGrid}}}, Interpolations.Throw{Nothing}}}}}, Float64, Float64, String}}, Float64}}(-3.4151886922104144e-8,-1.2413273474001241e-8)
└ @ DFTK ~/.julia/packages/DFTK/n2IL4/src/terms/xc.jl:39
Iter     Function value   Gradient norm 
     0    -7.387967e+01     7.478411e-03
 * time: 2.7894973754882812e-5
┌ Warning: Negative ρcore detected: -3.412991770142257e-8
└ @ DFTK ~/.julia/packages/DFTK/n2IL4/src/terms/xc.jl:39
n     Energy            log10(ΔE)   log10(Δρ)   Diag   Δtime
---   ---------------   ---------   ---------   ----   ------
  1   -73.86722923352                   -0.95    9.5    8.52s
  2   -73.87431989435       -2.15       -1.15    5.1    5.29s
  3   -73.87899063343       -2.33       -1.53    6.7    6.66s
  4   -73.87958814288       -3.22       -1.85    5.5    5.30s
  5   -73.87969739537       -3.96       -2.22    5.0    5.05s
  6   -73.87971986315       -4.65       -3.07    5.5    5.44s
  7   -73.87971991468       -7.29       -3.45    5.5    5.53s
  8   -73.87971991876       -8.39       -4.02    3.5    4.21s
  9   -73.87971991906       -9.52       -4.43    3.8    4.42s
 10   -73.87971991907      -10.96       -4.92    3.8    4.25s
 11   -73.87971991908      -11.09       -5.46    4.0    4.43s
 12   -73.87971991908      -11.51       -6.14    4.6    5.01s
 13   -73.87971991908   +  -12.77       -6.62    5.2    5.33s
 14   -73.87971991908      -13.37       -6.73    5.3    5.24s
 15   -73.87971991908   +  -12.67       -7.44    5.2    5.00s
┌ Warning: Negative ρcore detected: -3.412991770142257e-8
└ @ DFTK ~/.julia/packages/DFTK/n2IL4/src/terms/xc.jl:39
n     Energy            log10(ΔE)   log10(Δρ)   Diag   Δtime
---   ---------------   ---------   ---------   ----   ------
  1   -73.86722973492                   -0.95    9.5    8.80s
  2   -73.87433525902       -2.15       -1.15    5.2    5.18s
  3   -73.87898912126       -2.33       -1.53    6.7    6.68s
  4   -73.87958822393       -3.22       -1.85    5.3    5.24s
  5   -73.87969749223       -3.96       -2.22    5.0    5.23s
  6   -73.87971986611       -4.65       -3.07    5.4    5.59s
  7   -73.87971991480       -7.31       -3.46    5.4    5.71s
  8   -73.87971991875       -8.40       -4.02    3.4    4.11s
  9   -73.87971991906       -9.51       -4.43    3.9    4.52s
 10   -73.87971991907      -11.08       -4.92    3.1    3.89s
 11   -73.87971991908      -11.08       -5.47    4.0    4.39s
 12   -73.87971991908      -11.55       -6.15    4.6    4.88s
 13   -73.87971991908   +  -12.62       -6.62    5.2    5.33s
 14   -73.87971991908      -13.55       -6.73    5.4    5.49s
 15   -73.87971991908   +  -12.73       -7.47    5.0    4.92s
┌ Warning: Negative ρcore detected: Dual{ForwardDiff.Tag{var"#19#21"{@NamedTuple{ham::Hamiltonian, basis::PlaneWaveBasis{Float64, Float64, DFTK.CPU, FFTGrid{Float64, Float64, Array{StaticArraysCore.SVector{3, Int64}, 3}, Array{StaticArraysCore.SVector{3, Float64}, 3}}, Vector{StaticArraysCore.SVector{3, Int64}}}, energies::Energies{Float64}, converged::Bool, occupation_threshold::Float64, ρ::Array{Float64, 4}, τ::Nothing, α::Float64, eigenvalues::Vector{Vector{Float64}}, occupation::Vector{Vector{Float64}}, εF::Float64, n_bands_converge::Int64, n_iter::Int64, n_matvec::Int64, ψ::Vector{Matrix{ComplexF64}}, diagonalization::Vector{@NamedTuple{λ::Vector{Vector{Float64}}, X::Vector{Matrix{ComplexF64}}, residual_norms::Vector{Vector{Float64}}, n_iter::Vector{Int64}, converged::Bool, n_matvec::Int64}}, stage::Symbol, history_Δρ::Vector{Float64}, history_Etot::Vector{Float64}, timedout::Bool, runtime_ns::UInt64, algorithm::String}, Model{Float64, Float64}, Float64, MonkhorstPack, var"#case#4"{Matrix{Float64}, Float64, MonkhorstPack, Vector{StaticArraysCore.SVector{3, Float64}}, Vector{ElementPsp{PspUpf{Float64, Interpolations.Extrapolation{Float64, 1, Interpolations.GriddedInterpolation{Float64, 1, Vector{Float64}, Interpolations.Gridded{Interpolations.Linear{Interpolations.Throw{Interpolations.OnGrid}}}, Tuple{Vector{Float64}}}, Interpolations.Gridded{Interpolations.Linear{Interpolations.Throw{Interpolations.OnGrid}}}, Interpolations.Throw{Nothing}}}}}, Float64, Float64, String}}, Float64}}(-3.412991770142257e-8,1.7998984249265418e-8)
└ @ DFTK ~/.julia/packages/DFTK/n2IL4/src/terms/xc.jl:39
     1    -7.387972e+01     6.333560e-03
 * time: 217.63954186439514
┌ Warning: Negative ρcore detected: -3.278101284054527e-8
└ @ DFTK ~/.julia/packages/DFTK/n2IL4/src/terms/xc.jl:39
n     Energy            log10(ΔE)   log10(Δρ)   Diag   Δtime
---   ---------------   ---------   ---------   ----   ------
  1   -73.86678255470                   -0.95    9.8    9.04s
  2   -73.87435457023       -2.12       -1.15    5.3    5.19s
  3   -73.87909863584       -2.32       -1.53    6.9    6.73s
  4   -73.87972808868       -3.20       -1.86    5.5    5.50s
  5   -73.87983155843       -3.99       -2.23    5.0    5.36s
  6   -73.87985355633       -4.66       -3.12    5.6    6.13s
  7   -73.87985358266       -7.58       -3.51    5.4    5.73s
  8   -73.87985358576       -8.51       -4.10    2.7    4.10s
  9   -73.87985358634       -9.24       -4.63    4.6    5.12s
 10   -73.87985358638      -10.41       -5.10    4.9    5.24s
 11   -73.87985358638      -11.63       -5.98    5.0    5.32s
 12   -73.87985358638      -12.15       -6.31    5.8    5.99s
 13   -73.87985358638      -12.73       -6.81    4.9    4.92s
 14   -73.87985358638   +  -13.25       -7.26    4.1    4.69s
┌ Warning: Negative ρcore detected: -3.278101284054527e-8
└ @ DFTK ~/.julia/packages/DFTK/n2IL4/src/terms/xc.jl:39
n     Energy            log10(ΔE)   log10(Δρ)   Diag   Δtime
---   ---------------   ---------   ---------   ----   ------
  1   -73.86678216609                   -0.95    9.8    8.91s
  2   -73.87438744939       -2.12       -1.15    5.3    5.16s
  3   -73.87908985922       -2.33       -1.52    6.8    6.73s
  4   -73.87972990931       -3.19       -1.86    5.6    5.71s
  5   -73.87983166302       -3.99       -2.23    5.1    5.34s
  6   -73.87985355929       -4.66       -3.12    5.6    5.70s
  7   -73.87985358323       -7.62       -3.52    5.4    5.68s
  8   -73.87985358563       -8.62       -4.10    3.6    4.51s
  9   -73.87985358625       -9.21       -4.61    4.4    4.89s
 10   -73.87985358638       -9.87       -5.12    5.3    5.43s
 11   -73.87985358638      -12.01       -5.90    5.1    5.35s
 12   -73.87985358638      -11.89       -6.34    5.8    5.88s
 13   -73.87985358638      -12.85       -6.81    4.4    4.71s
 14   -73.87985358638   +  -13.15       -7.16    3.6    4.22s
┌ Warning: Negative ρcore detected: Dual{ForwardDiff.Tag{var"#19#21"{@NamedTuple{ham::Hamiltonian, basis::PlaneWaveBasis{Float64, Float64, DFTK.CPU, FFTGrid{Float64, Float64, Array{StaticArraysCore.SVector{3, Int64}, 3}, Array{StaticArraysCore.SVector{3, Float64}, 3}}, Vector{StaticArraysCore.SVector{3, Int64}}}, energies::Energies{Float64}, converged::Bool, occupation_threshold::Float64, ρ::Array{Float64, 4}, τ::Nothing, α::Float64, eigenvalues::Vector{Vector{Float64}}, occupation::Vector{Vector{Float64}}, εF::Float64, n_bands_converge::Int64, n_iter::Int64, n_matvec::Int64, ψ::Vector{Matrix{ComplexF64}}, diagonalization::Vector{@NamedTuple{λ::Vector{Vector{Float64}}, X::Vector{Matrix{ComplexF64}}, residual_norms::Vector{Vector{Float64}}, n_iter::Vector{Int64}, converged::Bool, n_matvec::Int64}}, stage::Symbol, history_Δρ::Vector{Float64}, history_Etot::Vector{Float64}, timedout::Bool, runtime_ns::UInt64, algorithm::String}, Model{Float64, Float64}, Float64, MonkhorstPack, var"#case#4"{Matrix{Float64}, Float64, MonkhorstPack, Vector{StaticArraysCore.SVector{3, Float64}}, Vector{ElementPsp{PspUpf{Float64, Interpolations.Extrapolation{Float64, 1, Interpolations.GriddedInterpolation{Float64, 1, Vector{Float64}, Interpolations.Gridded{Interpolations.Linear{Interpolations.Throw{Interpolations.OnGrid}}}, Tuple{Vector{Float64}}}, Interpolations.Gridded{Interpolations.Linear{Interpolations.Throw{Interpolations.OnGrid}}}, Interpolations.Throw{Nothing}}}}}, Float64, Float64, String}}, Float64}}(-3.278101284054527e-8,-2.1938675851291e-7)
└ @ DFTK ~/.julia/packages/DFTK/n2IL4/src/terms/xc.jl:39
     2    -7.387985e+01     1.743498e-04
 * time: 434.66888403892517
┌ Warning: Negative ρcore detected: -3.303409334207695e-8
└ @ DFTK ~/.julia/packages/DFTK/n2IL4/src/terms/xc.jl:39
n     Energy            log10(ΔE)   log10(Δρ)   Diag   Δtime
---   ---------------   ---------   ---------   ----   ------
  1   -73.86676770358                   -0.95    9.8    9.31s
  2   -73.87437151747       -2.12       -1.15    5.4    5.37s
  3   -73.87909122691       -2.33       -1.52    6.8    6.91s
  4   -73.87972954093       -3.19       -1.86    5.6    5.62s
  5   -73.87983172927       -3.99       -2.23    5.1    5.39s
  6   -73.87985366130       -4.66       -3.12    5.6    5.84s
  7   -73.87985368740       -7.58       -3.52    5.4    6.08s
  8   -73.87985368988       -8.61       -4.10    3.2    4.11s
  9   -73.87985369049       -9.21       -4.60    4.4    4.90s
 10   -73.87985369061       -9.93       -5.12    5.2    5.37s
 11   -73.87985369061      -11.92       -5.90    5.1    5.33s
 12   -73.87985369061      -11.91       -6.31    5.8    5.72s
 13   -73.87985369061      -13.37       -6.80    4.5    4.64s
 14   -73.87985369061      -13.37       -7.17    3.8    4.32s
┌ Warning: Negative ρcore detected: -3.303409334207695e-8
└ @ DFTK ~/.julia/packages/DFTK/n2IL4/src/terms/xc.jl:39
n     Energy            log10(ΔE)   log10(Δρ)   Diag   Δtime
---   ---------------   ---------   ---------   ----   ------
  1   -73.86675747006                   -0.95    9.8    9.31s
  2   -73.87436755386       -2.12       -1.15    5.3    5.22s
  3   -73.87909288253       -2.33       -1.52    6.9    6.92s
  4   -73.87972960150       -3.20       -1.86    5.5    5.55s
  5   -73.87983154469       -3.99       -2.23    5.1    5.73s
  6   -73.87985365856       -4.66       -3.11    5.6    6.01s
  7   -73.87985368745       -7.54       -3.52    5.5    5.76s
  8   -73.87985368994       -8.61       -4.11    3.3    4.15s
  9   -73.87985369050       -9.25       -4.60    4.3    4.91s
 10   -73.87985369061       -9.95       -5.13    5.3    5.40s
 11   -73.87985369061      -11.99       -5.89    5.1    5.69s
 12   -73.87985369061      -11.89       -6.32    5.7    5.86s
 13   -73.87985369061      -13.55       -6.83    4.6    4.74s
 14   -73.87985369061      -13.37       -7.18    4.3    4.70s
┌ Warning: Negative ρcore detected: Dual{ForwardDiff.Tag{var"#19#21"{@NamedTuple{ham::Hamiltonian, basis::PlaneWaveBasis{Float64, Float64, DFTK.CPU, FFTGrid{Float64, Float64, Array{StaticArraysCore.SVector{3, Int64}, 3}, Array{StaticArraysCore.SVector{3, Float64}, 3}}, Vector{StaticArraysCore.SVector{3, Int64}}}, energies::Energies{Float64}, converged::Bool, occupation_threshold::Float64, ρ::Array{Float64, 4}, τ::Nothing, α::Float64, eigenvalues::Vector{Vector{Float64}}, occupation::Vector{Vector{Float64}}, εF::Float64, n_bands_converge::Int64, n_iter::Int64, n_matvec::Int64, ψ::Vector{Matrix{ComplexF64}}, diagonalization::Vector{@NamedTuple{λ::Vector{Vector{Float64}}, X::Vector{Matrix{ComplexF64}}, residual_norms::Vector{Vector{Float64}}, n_iter::Vector{Int64}, converged::Bool, n_matvec::Int64}}, stage::Symbol, history_Δρ::Vector{Float64}, history_Etot::Vector{Float64}, timedout::Bool, runtime_ns::UInt64, algorithm::String}, Model{Float64, Float64}, Float64, MonkhorstPack, var"#case#4"{Matrix{Float64}, Float64, MonkhorstPack, Vector{StaticArraysCore.SVector{3, Float64}}, Vector{ElementPsp{PspUpf{Float64, Interpolations.Extrapolation{Float64, 1, Interpolations.GriddedInterpolation{Float64, 1, Vector{Float64}, Interpolations.Gridded{Interpolations.Linear{Interpolations.Throw{Interpolations.OnGrid}}}, Tuple{Vector{Float64}}}, Interpolations.Gridded{Interpolations.Linear{Interpolations.Throw{Interpolations.OnGrid}}}, Interpolations.Throw{Nothing}}}}}, Float64, Float64, String}}, Float64}}(-3.303409334207695e-8,-2.1281885523346936e-7)
└ @ DFTK ~/.julia/packages/DFTK/n2IL4/src/terms/xc.jl:39
     3    -7.387985e+01     3.964230e-06
 * time: 653.3032698631287
┌ Warning: Negative ρcore detected: -3.303988986435585e-8
└ @ DFTK ~/.julia/packages/DFTK/n2IL4/src/terms/xc.jl:39
n     Energy            log10(ΔE)   log10(Δρ)   Diag   Δtime
---   ---------------   ---------   ---------   ----   ------
  1   -73.86676719940                   -0.95    9.8    9.15s
  2   -73.87437838247       -2.12       -1.15    5.3    5.26s
  3   -73.87908988159       -2.33       -1.52    6.7    6.75s
  4   -73.87973005001       -3.19       -1.86    5.4    5.54s
  5   -73.87983201544       -3.99       -2.23    5.0    5.36s
  6   -73.87985366108       -4.66       -3.12    5.6    5.82s
  7   -73.87985368748       -7.58       -3.51    5.4    5.94s
  8   -73.87985368998       -8.60       -4.10    3.3    4.12s
  9   -73.87985369055       -9.24       -4.60    4.3    4.80s
 10   -73.87985369066       -9.96       -5.11    5.3    5.35s
 11   -73.87985369066      -11.83       -5.90    5.0    5.27s
 12   -73.87985369066      -11.88       -6.31    5.8    5.83s
 13   -73.87985369066      -12.89       -6.78    4.1    4.35s
 14   -73.87985369066   +  -13.85       -7.18    5.0    5.12s
┌ Warning: Negative ρcore detected: -3.303988986435585e-8
└ @ DFTK ~/.julia/packages/DFTK/n2IL4/src/terms/xc.jl:39
n     Energy            log10(ΔE)   log10(Δρ)   Diag   Δtime
---   ---------------   ---------   ---------   ----   ------
  1   -73.86677182105                   -0.95    9.8    9.06s
  2   -73.87436906562       -2.12       -1.15    5.3    5.24s
  3   -73.87909106738       -2.33       -1.52    6.8    6.79s
  4   -73.87973018896       -3.19       -1.86    5.6    5.44s
  5   -73.87983176962       -3.99       -2.23    5.1    5.33s
  6   -73.87985365953       -4.66       -3.11    5.6    5.74s
  7   -73.87985368749       -7.55       -3.52    5.5    5.59s
  8   -73.87985368995       -8.61       -4.11    3.2    4.00s
  9   -73.87985369056       -9.21       -4.63    4.4    4.84s
 10   -73.87985369066       -9.98       -5.12    5.4    5.27s
 11   -73.87985369066      -11.93       -5.89    5.0    5.18s
 12   -73.87985369066      -11.84       -6.30    5.8    5.76s
 13   -73.87985369066      -13.55       -6.73    4.3    4.55s
 14   -73.87985369066      -13.55       -7.15    4.9    5.02s
┌ Warning: Negative ρcore detected: Dual{ForwardDiff.Tag{var"#19#21"{@NamedTuple{ham::Hamiltonian, basis::PlaneWaveBasis{Float64, Float64, DFTK.CPU, FFTGrid{Float64, Float64, Array{StaticArraysCore.SVector{3, Int64}, 3}, Array{StaticArraysCore.SVector{3, Float64}, 3}}, Vector{StaticArraysCore.SVector{3, Int64}}}, energies::Energies{Float64}, converged::Bool, occupation_threshold::Float64, ρ::Array{Float64, 4}, τ::Nothing, α::Float64, eigenvalues::Vector{Vector{Float64}}, occupation::Vector{Vector{Float64}}, εF::Float64, n_bands_converge::Int64, n_iter::Int64, n_matvec::Int64, ψ::Vector{Matrix{ComplexF64}}, diagonalization::Vector{@NamedTuple{λ::Vector{Vector{Float64}}, X::Vector{Matrix{ComplexF64}}, residual_norms::Vector{Vector{Float64}}, n_iter::Vector{Int64}, converged::Bool, n_matvec::Int64}}, stage::Symbol, history_Δρ::Vector{Float64}, history_Etot::Vector{Float64}, timedout::Bool, runtime_ns::UInt64, algorithm::String}, Model{Float64, Float64}, Float64, MonkhorstPack, var"#case#4"{Matrix{Float64}, Float64, MonkhorstPack, Vector{StaticArraysCore.SVector{3, Float64}}, Vector{ElementPsp{PspUpf{Float64, Interpolations.Extrapolation{Float64, 1, Interpolations.GriddedInterpolation{Float64, 1, Vector{Float64}, Interpolations.Gridded{Interpolations.Linear{Interpolations.Throw{Interpolations.OnGrid}}}, Tuple{Vector{Float64}}}, Interpolations.Gridded{Interpolations.Linear{Interpolations.Throw{Interpolations.OnGrid}}}, Interpolations.Throw{Nothing}}}}}, Float64, Float64, String}}, Float64}}(-3.303988986435585e-8,-2.1266650642165521e-7)
└ @ DFTK ~/.julia/packages/DFTK/n2IL4/src/terms/xc.jl:39
     4    -7.387985e+01     6.499012e-09
 * time: 869.7750129699707
 * Status: success

 * Candidate solution
    Final objective value:     -7.387985e+01

 * Found with
    Algorithm:     L-BFGS

 * Convergence measures
    |x - x'|               = 2.72e-05 ≰ -1.0e+00
    |x - x'|/|x'|          = 4.74e-06 ≰ 0.0e+00
    |f(x) - f(x')|         = 5.03e-11 ≤ 1.0e-08
    |f(x) - f(x')|/|f(x')| = 6.80e-13 ≰ 0.0e+00
    |g(x)|                 = 6.50e-09 ≤ 1.0e-06

 * Work counters
    Seconds run:   870  (vs limit Inf)
    Iterations:    4
    f(x) calls:    5
    ∇f(x) calls:   5

V: 989.541949 seconds (733.85 M allocations: 348.255 GiB, 6.17% gc time, 0.01% compilation time)
