┌ Info: Threading setup: 
│   Threads.nthreads() = 1
│   n_DFTK = 1
│   n_fft = 1
└   n_blas = 1
┌ Info: 2025-05-13T17:08:34.307
│   name = "Si"
│   Ecut = 18.0
│   kgrid = MonkhorstPack([14, 14, 14])
│   p0 = ComponentVector{Float64}(a = 10.347246312603742)
│   temperature = 0.001
└   smearing = DFTK.Smearing.Gaussian()
n     Energy            log10(ΔE)   log10(Δρ)   Diag   Δtime
---   ---------------   ---------   ---------   ----   ------
  1   -8.443516177440                   -0.96    6.9    11.0s
  2   -8.445171129846       -2.78       -1.76    1.9    4.68s
  3   -8.445255975798       -4.07       -2.77    3.9    1.90s
  4   -8.445258556673       -5.59       -3.58    4.7    1.74s
  5   -8.445258672686       -6.94       -4.35    4.7    1.90s
  6   -8.445258677488       -8.32       -5.29    5.0    2.04s
  7   -8.445258677528      -10.41       -6.20    4.6    1.67s
  8   -8.445258677528      -12.57       -7.03    3.8    1.78s
Iter     Function value   Gradient norm 
     0    -8.445259e+00     2.352754e-03
 * time: 4.100799560546875e-5
n     Energy            log10(ΔE)   log10(Δρ)   Diag   Δtime
---   ---------------   ---------   ---------   ----   ------
  1   -8.443534399705                   -0.96    7.0    2.42s
  2   -8.445183335685       -2.78       -1.76    1.9    1.35s
  3   -8.445261281660       -4.11       -2.77    3.8    1.55s
  4   -8.445263908118       -5.58       -3.57    4.8    1.99s
  5   -8.445264019217       -6.95       -4.36    4.9    1.69s
  6   -8.445264023705       -8.35       -5.29    5.1    1.96s
  7   -8.445264023743      -10.42       -6.19    4.4    1.65s
  8   -8.445264023743      -12.59       -6.98    3.9    1.84s
  9   -8.445264023743      -14.05       -7.82    4.2    1.51s
n     Energy            log10(ΔE)   log10(Δρ)   Diag   Δtime
---   ---------------   ---------   ---------   ----   ------
  1   -8.443522500965                   -0.96    7.2    2.48s
  2   -8.445181029788       -2.78       -1.76    1.9    1.06s
  3   -8.445261444616       -4.09       -2.77    3.9    1.87s
  4   -8.445263903644       -5.61       -3.58    4.8    1.74s
  5   -8.445264018916       -6.94       -4.34    4.8    1.96s
  6   -8.445264023697       -8.32       -5.26    5.0    1.69s
  7   -8.445264023743      -10.34       -6.14    4.4    1.90s
  8   -8.445264023743      -12.49       -7.03    3.7    1.46s
     1    -8.445264e+00     2.191818e-03
 * time: 42.78929305076599
n     Energy            log10(ΔE)   log10(Δρ)   Diag   Δtime
---   ---------------   ---------   ---------   ----   ------
  1   -8.443489134707                   -0.96    6.8    2.40s
  2   -8.445210977949       -2.76       -1.76    1.8    1.31s
  3   -8.445296426083       -4.07       -2.77    3.8    1.53s
  4   -8.445298628608       -5.66       -3.59    4.7    1.93s
  5   -8.445298729539       -7.00       -4.34    4.7    1.65s
  6   -8.445298734315       -8.32       -5.28    5.0    1.93s
  7   -8.445298734357      -10.38       -6.13    4.3    1.61s
  8   -8.445298734357      -12.53       -7.07    3.7    1.71s
n     Energy            log10(ΔE)   log10(Δρ)   Diag   Δtime
---   ---------------   ---------   ---------   ----   ------
  1   -8.443483940674                   -0.96    6.8    2.35s
  2   -8.445212737019       -2.76       -1.76    1.9    1.33s
  3   -8.445296290482       -4.08       -2.77    3.8    1.54s
  4   -8.445298630147       -5.63       -3.59    4.5    1.91s
  5   -8.445298729685       -7.00       -4.36    4.9    1.67s
  6   -8.445298734328       -8.33       -5.30    5.1    1.97s
  7   -8.445298734357      -10.53       -6.29    4.4    1.69s
  8   -8.445298734357      -12.74       -6.97    3.9    1.80s
  9   -8.445298734357      -14.15       -7.81    4.1    1.46s
     2    -8.445299e+00     3.673407e-05
 * time: 83.56029295921326
n     Energy            log10(ΔE)   log10(Δρ)   Diag   Δtime
---   ---------------   ---------   ---------   ----   ------
  1   -8.443486361628                   -0.96    6.8    2.26s
  2   -8.445210090949       -2.76       -1.76    1.7    1.25s
  3   -8.445296299360       -4.06       -2.77    3.7    1.50s
  4   -8.445298636605       -5.63       -3.59    4.6    1.91s
  5   -8.445298738899       -6.99       -4.33    4.8    1.62s
  6   -8.445298743871       -8.30       -5.27    4.9    1.87s
  7   -8.445298743908      -10.43       -6.20    4.3    1.60s
  8   -8.445298743908      -12.66       -7.00    3.5    1.68s
n     Energy            log10(ΔE)   log10(Δρ)   Diag   Δtime
---   ---------------   ---------   ---------   ----   ------
  1   -8.443487218269                   -0.96    6.8    2.27s
  2   -8.445204069197       -2.77       -1.76    1.8    1.26s
  3   -8.445296313147       -4.04       -2.76    3.7    1.54s
  4   -8.445298635103       -5.63       -3.60    4.6    1.92s
  5   -8.445298738530       -6.99       -4.29    4.8    1.61s
  6   -8.445298743858       -8.27       -5.21    5.0    1.80s
  7   -8.445298743908      -10.30       -6.07    4.2    1.58s
  8   -8.445298743908      -12.50       -7.02    3.6    1.62s
     3    -8.445299e+00     5.584052e-07
 * time: 122.32269310951233
 * Status: success

 * Candidate solution
    Final objective value:     -8.445299e+00

 * Found with
    Algorithm:     L-BFGS

 * Convergence measures
    |x - x'|               = 5.28e-04 ≰ -1.0e+00
    |x - x'|/|x'|          = 5.12e-05 ≰ 0.0e+00
    |f(x) - f(x')|         = 9.55e-09 ≤ 1.0e-08
    |f(x) - f(x')|/|f(x')| = 1.13e-09 ≰ 0.0e+00
    |g(x)|                 = 5.58e-07 ≤ 1.0e-06

 * Work counters
    Seconds run:   122  (vs limit Inf)
    Iterations:    3
    f(x) calls:    4
    ∇f(x) calls:   4

Si: 194.917310 seconds (314.25 M allocations: 60.549 GiB, 7.61% gc time, 25.89% compilation time: <1% of which was recompilation)
┌ Info: 2025-05-13T17:11:49.880
│   name = "NaCl"
│   Ecut = 44.0
│   kgrid = MonkhorstPack([13, 13, 13])
│   p0 = ComponentVector{Float64}(a = 10.746130571470083)
│   temperature = 0
└   smearing = DFTK.Smearing.None()
n     Energy            log10(ΔE)   log10(Δρ)   Diag   Δtime
---   ---------------   ---------   ---------   ----   ------
  1   -62.16988172903                   -1.13    8.3    18.0s
  2   -62.17525247326       -2.27       -1.23    2.7    7.27s
  3   -62.17890095579       -2.44       -2.04    3.7    8.77s
  4   -62.17895707344       -4.25       -2.82    2.9    7.78s
  5   -62.17895833054       -5.90       -3.35    3.9    9.36s
  6   -62.17895879192       -6.34       -4.07    3.4    8.94s
  7   -62.17895880085       -8.05       -4.57    3.8    9.13s
  8   -62.17895880135       -9.30       -5.94    3.6    8.71s
  9   -62.17895880136      -11.12       -6.66    4.5    11.0s
 10   -62.17895880136      -12.94       -7.65    3.9    9.21s
Iter     Function value   Gradient norm 
     0    -6.217896e+01     5.826386e-03
 * time: 3.314018249511719e-5
n     Energy            log10(ΔE)   log10(Δρ)   Diag   Δtime
---   ---------------   ---------   ---------   ----   ------
  1   -62.16989971162                   -1.13    8.2    15.9s
  2   -62.17527691128       -2.27       -1.23    2.7    6.71s
  3   -62.17893398773       -2.44       -2.04    3.5    8.25s
  4   -62.17899058417       -4.25       -2.79    3.2    8.02s
  5   -62.17899189354       -5.88       -3.31    3.9    9.17s
  6   -62.17899239696       -6.30       -4.03    3.5    8.45s
  7   -62.17899240617       -8.04       -4.56    3.9    9.53s
  8   -62.17899240671       -9.27       -6.00    3.6    8.68s
  9   -62.17899240671      -11.11       -6.54    5.0    11.1s
 10   -62.17899240671      -13.55       -7.64    3.8    9.05s
n     Energy            log10(ΔE)   log10(Δρ)   Diag   Δtime
---   ---------------   ---------   ---------   ----   ------
  1   -62.16990073373                   -1.13    8.4    15.3s
  2   -62.17523503408       -2.27       -1.23    2.7    6.87s
  3   -62.17893522963       -2.43       -2.04    3.5    8.20s
  4   -62.17899075401       -4.26       -2.86    3.0    7.75s
  5   -62.17899198522       -5.91       -3.42    4.0    9.33s
  6   -62.17899239838       -6.38       -4.13    3.6    8.55s
  7   -62.17899240628       -8.10       -4.64    3.8    9.29s
  8   -62.17899240671       -9.37       -5.96    3.6    9.10s
  9   -62.17899240671      -11.13       -6.88    4.8    10.7s
 10   -62.17899240671      -13.30       -7.58    3.7    9.06s
     1    -6.217899e+01     5.709285e-03
 * time: 218.51562595367432
n     Energy            log10(ΔE)   log10(Δρ)   Diag   Δtime
---   ---------------   ---------   ---------   ----   ------
  1   -62.16958790526                   -1.12    8.5    16.9s
  2   -62.17523830238       -2.25       -1.20    2.7    7.35s
  3   -62.17979654458       -2.34       -2.00    3.6    9.29s
  4   -62.17986909004       -4.14       -2.83    2.9    7.99s
  5   -62.17987057609       -5.83       -3.37    3.8    10.2s
  6   -62.17987113851       -6.25       -4.09    3.5    9.14s
  7   -62.17987114976       -7.95       -4.61    4.0    10.4s
  8   -62.17987115030       -9.27       -5.95    3.6    9.44s
  9   -62.17987115031      -10.89       -6.85    4.7    11.7s
 10   -62.17987115031      -13.45       -7.52    3.7    9.40s
n     Energy            log10(ΔE)   log10(Δρ)   Diag   Δtime
---   ---------------   ---------   ---------   ----   ------
  1   -62.16958741407                   -1.12    8.5    17.2s
  2   -62.17523690251       -2.25       -1.20    2.6    7.35s
  3   -62.17979653409       -2.34       -2.00    3.7    9.64s
  4   -62.17986904871       -4.14       -2.84    2.7    7.58s
  5   -62.17987058101       -5.81       -3.36    3.8    10.0s
  6   -62.17987113845       -6.25       -4.06    3.4    8.88s
  7   -62.17987114951       -7.96       -4.47    3.8    10.0s
  8   -62.17987115029       -9.11       -5.94    3.3    8.86s
  9   -62.17987115031      -10.72       -6.49    4.9    11.9s
 10   -62.17987115031      -12.67       -7.48    3.6    8.98s
     2    -6.217987e+01     7.181574e-04
 * time: 454.09299302101135
n     Energy            log10(ΔE)   log10(Δρ)   Diag   Δtime
---   ---------------   ---------   ---------   ----   ------
  1   -62.16941945059                   -1.12    8.8    17.6s
  2   -62.17512151724       -2.24       -1.19    2.6    7.37s
  3   -62.17980914466       -2.33       -2.00    3.6    9.22s
  4   -62.17988564778       -4.12       -2.83    2.5    7.27s
  5   -62.17988727126       -5.79       -3.33    3.8    9.90s
  6   -62.17988787636       -6.22       -4.00    3.2    8.73s
  7   -62.17988788897       -7.90       -4.40    3.8    10.1s
  8   -62.17988789015       -8.93       -5.72    3.1    8.69s
  9   -62.17988789017      -10.55       -6.28    4.6    11.9s
 10   -62.17988789017      -12.49       -7.44    3.3    9.02s
n     Energy            log10(ΔE)   log10(Δρ)   Diag   Δtime
---   ---------------   ---------   ---------   ----   ------
  1   -62.16942178901                   -1.12    8.7    17.9s
  2   -62.17514282082       -2.24       -1.19    2.7    7.53s
  3   -62.17980961626       -2.33       -1.99    3.5    9.30s
  4   -62.17988563844       -4.12       -2.79    2.7    7.88s
  5   -62.17988723618       -5.80       -3.30    3.8    10.0s
  6   -62.17988787523       -6.19       -3.99    3.5    9.09s
  7   -62.17988788924       -7.85       -4.46    3.9    10.2s
  8   -62.17988789015       -9.04       -5.87    3.4    9.08s
  9   -62.17988789017      -10.62       -6.28    4.8    12.2s
 10   -62.17988789017      -12.62       -7.45    3.3    8.87s
     3    -6.217989e+01     1.049560e-04
 * time: 686.7127070426941
n     Energy            log10(ΔE)   log10(Δρ)   Diag   Δtime
---   ---------------   ---------   ---------   ----   ------
  1   -62.16938933108                   -1.12    8.8    17.6s
  2   -62.17511575298       -2.24       -1.19    2.5    7.05s
  3   -62.17980934513       -2.33       -1.99    3.6    9.18s
  4   -62.17988602323       -4.12       -2.79    2.6    7.54s
  5   -62.17988761394       -5.80       -3.31    3.8    10.0s
  6   -62.17988825075       -6.20       -4.00    3.3    8.86s
  7   -62.17988826442       -7.86       -4.47    3.8    10.1s
  8   -62.17988826526       -9.08       -5.84    3.4    9.05s
  9   -62.17988826528      -10.62       -6.21    4.7    12.0s
 10   -62.17988826528      -12.49       -7.43    3.1    8.58s
n     Energy            log10(ΔE)   log10(Δρ)   Diag   Δtime
---   ---------------   ---------   ---------   ----   ------
  1   -62.16938968692                   -1.12    8.9    18.0s
  2   -62.17510372843       -2.24       -1.19    2.6    7.24s
  3   -62.17981011421       -2.33       -1.99    3.6    9.24s
  4   -62.17988603871       -4.12       -2.81    2.7    7.69s
  5   -62.17988765074       -5.79       -3.34    3.8    9.87s
  6   -62.17988825143       -6.22       -4.04    3.2    8.82s
  7   -62.17988826450       -7.88       -4.50    3.8    10.0s
  8   -62.17988826526       -9.12       -5.81    3.5    9.27s
  9   -62.17988826528      -10.64       -6.30    4.7    11.9s
 10   -62.17988826528      -12.57       -7.53    3.2    8.67s
     4    -6.217989e+01     2.374890e-06
 * time: 922.8175330162048
n     Energy            log10(ΔE)   log10(Δρ)   Diag   Δtime
---   ---------------   ---------   ---------   ----   ------
  1   -62.16938795087                   -1.12    8.5    17.1s
  2   -62.17510250642       -2.24       -1.19    2.5    7.12s
  3   -62.17980933130       -2.33       -1.99    3.6    9.27s
  4   -62.17988598965       -4.12       -2.80    2.7    7.57s
  5   -62.17988762652       -5.79       -3.32    3.8    10.1s
  6   -62.17988825154       -6.20       -4.00    3.3    8.88s
  7   -62.17988826450       -7.89       -4.44    3.7    9.84s
  8   -62.17988826545       -9.02       -5.86    3.4    9.05s
  9   -62.17988826547      -10.63       -6.31    4.9    12.0s
 10   -62.17988826547      -12.58       -7.46    3.3    8.82s
n     Energy            log10(ΔE)   log10(Δρ)   Diag   Δtime
---   ---------------   ---------   ---------   ----   ------
  1   -62.16938835381                   -1.12    8.6    17.3s
  2   -62.17512383156       -2.24       -1.19    2.5    7.04s
  3   -62.17980926592       -2.33       -1.99    3.6    9.18s
  4   -62.17988596719       -4.12       -2.78    2.6    7.46s
  5   -62.17988759645       -5.79       -3.29    3.8    9.91s
  6   -62.17988825011       -6.18       -3.99    3.4    8.88s
  7   -62.17988826461       -7.84       -4.48    3.9    10.4s
  8   -62.17988826545       -9.07       -5.86    3.3    8.97s
  9   -62.17988826547      -10.60       -6.34    4.8    11.8s
 10   -62.17988826547      -12.58       -7.41    3.5    9.16s
     5    -6.217989e+01     1.195407e-08
 * time: 1154.6679410934448
 * Status: success

 * Candidate solution
    Final objective value:     -6.217989e+01

 * Found with
    Algorithm:     L-BFGS

 * Convergence measures
    |x - x'|               = 1.62e-04 ≰ -1.0e+00
    |x - x'|/|x'|          = 1.46e-05 ≰ 0.0e+00
    |f(x) - f(x')|         = 1.95e-10 ≤ 1.0e-08
    |f(x) - f(x')|/|f(x')| = 3.13e-12 ≰ 0.0e+00
    |g(x)|                 = 1.20e-08 ≤ 1.0e-06

 * Work counters
    Seconds run:   1155  (vs limit Inf)
    Iterations:    5
    f(x) calls:    6
    ∇f(x) calls:   6

NaCl: 1276.612267 seconds (1.41 G allocations: 399.198 GiB, 5.27% gc time, 0.23% compilation time)
┌ Info: 2025-05-13T17:33:06.549
│   name = "Al"
│   Ecut = 20.0
│   kgrid = MonkhorstPack([18, 18, 18])
│   p0 = ComponentVector{Float64}(a = 7.641925528121933)
│   temperature = 0.001
└   smearing = DFTK.Smearing.Gaussian()
n     Energy            log10(ΔE)   log10(Δρ)   Diag   Δtime
---   ---------------   ---------   ---------   ----   ------
  1   -2.314571597676                   -1.45    5.4    1.65s
  2   -2.314668006846       -4.02       -1.83    1.4    727ms
  3   -2.314691232300       -4.63       -3.55    3.3    1.23s
  4   -2.314691428735       -6.71       -4.15    4.6    2.00s
  5   -2.314691428970       -9.63       -4.70    2.6    1.12s
  6   -2.314691428986      -10.80       -5.50    2.6    1.27s
  7   -2.314691428987      -11.88       -5.98    3.0    1.12s
  8   -2.314691428987      -13.07       -6.71    2.6    1.25s
  9   -2.314691428987      -14.40       -7.28    2.9    1.07s
Iter     Function value   Gradient norm 
     0    -2.314691e+00     1.783456e-03
 * time: 2.8133392333984375e-5
n     Energy            log10(ΔE)   log10(Δρ)   Diag   Δtime
---   ---------------   ---------   ---------   ----   ------
  1   -2.314572775438                   -1.45    5.4    1.89s
  2   -2.314670559431       -4.01       -1.83    1.4    1.02s
  3   -2.314694362319       -4.62       -3.53    3.3    1.28s
  4   -2.314694545394       -6.74       -4.10    4.5    1.86s
  5   -2.314694545689       -9.53       -4.67    2.5    1.04s
  6   -2.314694545711      -10.67       -5.57    2.7    1.36s
  7   -2.314694545712      -11.95       -6.00    3.1    1.22s
  8   -2.314694545712      -13.08       -6.72    2.7    1.32s
  9   -2.314694545712      -14.45       -7.23    2.8    1.13s
n     Energy            log10(ΔE)   log10(Δρ)   Diag   Δtime
---   ---------------   ---------   ---------   ----   ------
  1   -2.314573315756                   -1.45    5.4    1.65s
  2   -2.314670335251       -4.01       -1.83    1.4    1.00s
  3   -2.314694318859       -4.62       -3.53    3.3    1.25s
  4   -2.314694545386       -6.64       -4.11    4.6    1.82s
  5   -2.314694545688       -9.52       -4.67    2.5    1.03s
  6   -2.314694545711      -10.64       -5.63    2.8    1.35s
  7   -2.314694545712      -12.01       -6.05    3.1    1.23s
  8   -2.314694545712      -13.18       -6.72    2.4    1.26s
  9   -2.314694545712      -14.51       -7.27    2.8    1.09s
     1    -2.314695e+00     1.711712e-03
 * time: 51.88665199279785
n     Energy            log10(ΔE)   log10(Δρ)   Diag   Δtime
---   ---------------   ---------   ---------   ----   ------
  1   -2.314623028943                   -1.45    5.5    1.93s
  2   -2.314708249611       -4.07       -1.83    1.4    1.01s
  3   -2.314730295026       -4.66       -3.51    3.4    1.28s
  4   -2.314730527713       -6.63       -4.16    4.5    1.86s
  5   -2.314730527952       -9.62       -4.75    2.7    1.09s
  6   -2.314730527966      -10.88       -5.52    2.9    1.34s
  7   -2.314730527967      -11.91       -6.19    3.1    1.16s
  8   -2.314730527967      -13.88       -6.71    2.7    1.31s
  9   -2.314730527967      -14.75       -7.59    2.4    985ms
n     Energy            log10(ΔE)   log10(Δρ)   Diag   Δtime
---   ---------------   ---------   ---------   ----   ------
  1   -2.314622556257                   -1.45    5.5    1.91s
  2   -2.314708126135       -4.07       -1.83    1.4    969ms
  3   -2.314730267708       -4.65       -3.51    3.3    1.21s
  4   -2.314730527734       -6.58       -4.17    4.4    1.78s
  5   -2.314730527953       -9.66       -4.76    2.7    1.04s
  6   -2.314730527966      -10.91       -5.48    2.8    1.33s
  7   -2.314730527967      -11.86       -6.21    3.1    1.14s
  8   -2.314730527967      -13.95       -6.78    2.6    1.04s
  9   -2.314730527967      -14.75       -7.58    2.5    1.28s
     2    -2.314731e+00     5.048182e-05
 * time: 103.36925101280212
n     Energy            log10(ΔE)   log10(Δρ)   Diag   Δtime
---   ---------------   ---------   ---------   ----   ------
  1   -2.314619744588                   -1.45    5.4    1.96s
  2   -2.314707984022       -4.05       -1.83    1.3    735ms
  3   -2.314730361340       -4.65       -3.51    3.3    1.48s
  4   -2.314730556371       -6.71       -4.16    4.4    1.49s
  5   -2.314730556617       -9.61       -4.76    2.7    1.32s
  6   -2.314730556629      -10.91       -5.49    2.8    1.09s
  7   -2.314730556630      -11.88       -6.17    3.1    1.40s
  8   -2.314730556630      -13.78       -6.73    2.5    1.03s
  9   -2.314730556630      -14.88       -7.63    2.3    985ms
n     Energy            log10(ΔE)   log10(Δρ)   Diag   Δtime
---   ---------------   ---------   ---------   ----   ------
  1   -2.314622895816                   -1.45    5.4    1.90s
  2   -2.314708503191       -4.07       -1.83    1.4    730ms
  3   -2.314730349018       -4.66       -3.51    3.3    1.44s
  4   -2.314730556370       -6.68       -4.17    4.6    1.50s
  5   -2.314730556615       -9.61       -4.75    2.6    1.22s
  6   -2.314730556629      -10.85       -5.53    3.0    1.07s
  7   -2.314730556630      -11.93       -6.18    3.1    1.35s
  8   -2.314730556630      -13.83       -6.72    2.5    986ms
  9   -2.314730556630      -15.05       -7.61    2.3    1.17s
     3    -2.314731e+00     3.400420e-06
 * time: 154.49062514305115
n     Energy            log10(ΔE)   log10(Δρ)   Diag   Δtime
---   ---------------   ---------   ---------   ----   ------
  1   -2.314621271063                   -1.45    5.4    2.33s
  2   -2.314708063148       -4.06       -1.83    1.4    967ms
  3   -2.314730335203       -4.65       -3.50    3.4    1.56s
  4   -2.314730556488       -6.66       -4.16    4.4    1.52s
  5   -2.314730556746       -9.59       -4.75    2.7    1.36s
  6   -2.314730556760      -10.84       -5.55    3.0    1.13s
  7   -2.314730556761      -11.96       -6.19    3.0    1.42s
  8   -2.314730556761      -13.82       -6.71    2.7    1.03s
  9   -2.314730556761   +    -Inf       -7.65    2.3    1.18s
n     Energy            log10(ΔE)   log10(Δρ)   Diag   Δtime
---   ---------------   ---------   ---------   ----   ------
  1   -2.314619752585                   -1.45    5.5    1.91s
  2   -2.314708435949       -4.05       -1.83    1.4    752ms
  3   -2.314730296052       -4.66       -3.53    3.4    1.46s
  4   -2.314730556531       -6.58       -4.18    4.5    1.53s
  5   -2.314730556748       -9.66       -4.76    2.6    1.26s
  6   -2.314730556760      -10.91       -5.48    2.8    1.04s
  7   -2.314730556761      -11.86       -6.18    3.0    1.36s
  8   -2.314730556761      -13.74       -6.76    2.6    994ms
  9   -2.314730556761   +  -15.05       -7.50    2.4    1.20s
     4    -2.314731e+00     8.874363e-09
 * time: 206.24974703788757
 * Status: success

 * Candidate solution
    Final objective value:     -2.314731e+00

 * Found with
    Algorithm:     L-BFGS

 * Convergence measures
    |x - x'|               = 7.69e-05 ≰ -1.0e+00
    |x - x'|/|x'|          = 1.01e-05 ≰ 0.0e+00
    |f(x) - f(x')|         = 1.31e-10 ≤ 1.0e-08
    |f(x) - f(x')|/|f(x')| = 5.67e-11 ≰ 0.0e+00
    |g(x)|                 = 8.87e-09 ≤ 1.0e-06

 * Work counters
    Seconds run:   206  (vs limit Inf)
    Iterations:    4
    f(x) calls:    5
    ∇f(x) calls:   5

Al: 237.104333 seconds (201.07 M allocations: 47.975 GiB, 6.20% gc time, 0.00% compilation time)
┌ Info: 2025-05-13T17:37:03.654
│   name = "V"
│   Ecut = 42.0
│   kgrid = MonkhorstPack([20, 20, 20])
│   p0 = ComponentVector{Float64}(a = 5.699267600684394)
│   temperature = 0.001
└   smearing = DFTK.Smearing.Gaussian()
┌ Warning: Negative ρcore detected: -3.4151886922104144e-8
└ @ DFTK ~/.julia/packages/DFTK/n2IL4/src/terms/xc.jl:39
n     Energy            log10(ΔE)   log10(Δρ)   Diag   Δtime
---   ---------------   ---------   ---------   ----   ------
  1   -73.71524856033                   -0.87    9.6    9.06s
  2   -73.72731020503       -1.92       -1.07    5.4    5.55s
  3   -73.73360411475       -2.20       -1.42    6.8    6.60s
  4   -73.73466754307       -2.97       -1.79    5.8    5.35s
  5   -73.73480364687       -3.87       -2.21    5.0    4.97s
  6   -73.73482726735       -4.63       -3.09    5.4    5.49s
  7   -73.73482730064       -7.48       -3.53    4.5    4.93s
  8   -73.73482730509       -8.35       -4.16    5.0    5.07s
  9   -73.73482730545       -9.45       -4.57    4.0    4.56s
 10   -73.73482730583       -9.42       -5.14    5.2    5.37s
 11   -73.73482730584      -11.31       -6.06    5.3    5.47s
 12   -73.73482730584      -13.55       -6.64    5.7    6.01s
 13   -73.73482730584      -13.15       -7.00    4.2    4.48s
 14   -73.73482730584   +  -13.25       -7.74    4.9    5.33s
┌ Warning: Negative ρcore detected: Dual{ForwardDiff.Tag{var"#19#21"{@NamedTuple{ham::Hamiltonian, basis::PlaneWaveBasis{Float64, Float64, DFTK.CPU, FFTGrid{Float64, Float64, Array{StaticArraysCore.SVector{3, Int64}, 3}, Array{StaticArraysCore.SVector{3, Float64}, 3}}, Vector{StaticArraysCore.SVector{3, Int64}}}, energies::Energies{Float64}, converged::Bool, occupation_threshold::Float64, ρ::Array{Float64, 4}, τ::Nothing, α::Float64, eigenvalues::Vector{Vector{Float64}}, occupation::Vector{Vector{Float64}}, εF::Float64, n_bands_converge::Int64, n_iter::Int64, n_matvec::Int64, ψ::Vector{Matrix{ComplexF64}}, diagonalization::Vector{@NamedTuple{λ::Vector{Vector{Float64}}, X::Vector{Matrix{ComplexF64}}, residual_norms::Vector{Vector{Float64}}, n_iter::Vector{Int64}, converged::Bool, n_matvec::Int64}}, stage::Symbol, history_Δρ::Vector{Float64}, history_Etot::Vector{Float64}, timedout::Bool, runtime_ns::UInt64, algorithm::String}, Model{Float64, Float64}, Float64, MonkhorstPack, var"#case#4"{Matrix{Float64}, Float64, MonkhorstPack, Vector{StaticArraysCore.SVector{3, Float64}}, Vector{ElementPsp{PspUpf{Float64, Interpolations.Extrapolation{Float64, 1, Interpolations.GriddedInterpolation{Float64, 1, Vector{Float64}, Interpolations.Gridded{Interpolations.Linear{Interpolations.Throw{Interpolations.OnGrid}}}, Tuple{Vector{Float64}}}, Interpolations.Gridded{Interpolations.Linear{Interpolations.Throw{Interpolations.OnGrid}}}, Interpolations.Throw{Nothing}}}}}, Float64, Float64, String}}, Float64}}(-3.4151886922104144e-8,-1.2413273474001241e-8)
└ @ DFTK ~/.julia/packages/DFTK/n2IL4/src/terms/xc.jl:39
Iter     Function value   Gradient norm 
     0    -7.373483e+01     4.906086e-03
 * time: 3.1948089599609375e-5
┌ Warning: Negative ρcore detected: -3.4040037066769504e-8
└ @ DFTK ~/.julia/packages/DFTK/n2IL4/src/terms/xc.jl:39
n     Energy            log10(ΔE)   log10(Δρ)   Diag   Δtime
---   ---------------   ---------   ---------   ----   ------
  1   -73.71538840945                   -0.87    9.7    8.85s
  2   -73.72737382826       -1.92       -1.07    5.4    5.14s
  3   -73.73362983620       -2.20       -1.42    6.8    6.53s
  4   -73.73468940433       -2.97       -1.79    5.8    5.57s
  5   -73.73482820479       -3.86       -2.23    5.0    5.08s
  6   -73.73484950894       -4.67       -3.09    5.6    5.59s
  7   -73.73484955024       -7.38       -3.54    4.8    5.04s
  8   -73.73484955600       -8.24       -4.14    5.3    5.22s
  9   -73.73484955617       -9.77       -4.59    3.9    4.39s
 10   -73.73484955664       -9.32       -5.03    5.4    5.68s
 11   -73.73484955665      -11.20       -5.97    5.2    5.39s
 12   -73.73484955665   +  -12.20       -6.49    5.8    5.99s
 13   -73.73484955665      -13.25       -6.76    4.7    4.83s
 14   -73.73484955665      -12.94       -7.63    5.0    5.02s
┌ Warning: Negative ρcore detected: -3.4040037066769504e-8
└ @ DFTK ~/.julia/packages/DFTK/n2IL4/src/terms/xc.jl:39
n     Energy            log10(ΔE)   log10(Δρ)   Diag   Δtime
---   ---------------   ---------   ---------   ----   ------
  1   -73.71540560444                   -0.87    9.8    8.93s
  2   -73.72735356822       -1.92       -1.07    5.4    5.18s
  3   -73.73363281371       -2.20       -1.42    6.9    6.73s
  4   -73.73468863550       -2.98       -1.79    5.8    5.47s
  5   -73.73482761891       -3.86       -2.22    5.1    5.14s
  6   -73.73484951341       -4.66       -3.09    5.5    5.92s
  7   -73.73484955149       -7.42       -3.53    4.8    5.01s
  8   -73.73484955602       -8.34       -4.14    5.1    5.04s
  9   -73.73484955627       -9.61       -4.59    3.8    4.40s
 10   -73.73484955664       -9.43       -5.03    5.3    5.25s
 11   -73.73484955665      -11.06       -6.01    5.2    5.32s
 12   -73.73484955665   +  -12.34       -6.58    5.7    5.78s
 13   -73.73484955665   +  -13.15       -6.76    5.0    4.97s
 14   -73.73484955665      -12.64       -7.73    4.6    4.60s
┌ Warning: Negative ρcore detected: Dual{ForwardDiff.Tag{var"#19#21"{@NamedTuple{ham::Hamiltonian, basis::PlaneWaveBasis{Float64, Float64, DFTK.CPU, FFTGrid{Float64, Float64, Array{StaticArraysCore.SVector{3, Int64}, 3}, Array{StaticArraysCore.SVector{3, Float64}, 3}}, Vector{StaticArraysCore.SVector{3, Int64}}}, energies::Energies{Float64}, converged::Bool, occupation_threshold::Float64, ρ::Array{Float64, 4}, τ::Nothing, α::Float64, eigenvalues::Vector{Vector{Float64}}, occupation::Vector{Vector{Float64}}, εF::Float64, n_bands_converge::Int64, n_iter::Int64, n_matvec::Int64, ψ::Vector{Matrix{ComplexF64}}, diagonalization::Vector{@NamedTuple{λ::Vector{Vector{Float64}}, X::Vector{Matrix{ComplexF64}}, residual_norms::Vector{Vector{Float64}}, n_iter::Vector{Int64}, converged::Bool, n_matvec::Int64}}, stage::Symbol, history_Δρ::Vector{Float64}, history_Etot::Vector{Float64}, timedout::Bool, runtime_ns::UInt64, algorithm::String}, Model{Float64, Float64}, Float64, MonkhorstPack, var"#case#4"{Matrix{Float64}, Float64, MonkhorstPack, Vector{StaticArraysCore.SVector{3, Float64}}, Vector{ElementPsp{PspUpf{Float64, Interpolations.Extrapolation{Float64, 1, Interpolations.GriddedInterpolation{Float64, 1, Vector{Float64}, Interpolations.Gridded{Interpolations.Linear{Interpolations.Throw{Interpolations.OnGrid}}}, Tuple{Vector{Float64}}}, Interpolations.Gridded{Interpolations.Linear{Interpolations.Throw{Interpolations.OnGrid}}}, Interpolations.Throw{Nothing}}}}}, Float64, Float64, String}}, Float64}}(-3.4040037066769504e-8,-3.330734871830005e-8)
└ @ DFTK ~/.julia/packages/DFTK/n2IL4/src/terms/xc.jl:39
     1    -7.373485e+01     4.165237e-03
 * time: 214.6533019542694
┌ Warning: Negative ρcore detected: -3.136506345051384e-8
└ @ DFTK ~/.julia/packages/DFTK/n2IL4/src/terms/xc.jl:39
n     Energy            log10(ΔE)   log10(Δρ)   Diag   Δtime
---   ---------------   ---------   ---------   ----   ------
  1   -73.71615174358                   -0.87    9.6    8.77s
  2   -73.72742936019       -1.95       -1.07    5.3    5.09s
  3   -73.73373319859       -2.20       -1.42    6.8    6.54s
  4   -73.73473322224       -3.00       -1.78    5.7    5.34s
  5   -73.73488684243       -3.81       -2.24    5.0    5.08s
  6   -73.73490626927       -4.71       -3.07    5.5    5.69s
  7   -73.73490628997       -7.68       -3.50    4.2    5.14s
  8   -73.73490629320       -8.49       -4.09    3.9    4.48s
  9   -73.73490629330       -9.99       -4.54    4.4    4.92s
 10   -73.73490629350       -9.71       -4.78    5.0    4.96s
 11   -73.73490629352      -10.56       -5.62    4.7    4.82s
 12   -73.73490629352      -11.86       -6.29    4.7    5.14s
 13   -73.73490629352      -12.94       -6.60    5.3    5.44s
 14   -73.73490629352      -13.85       -6.93    5.1    5.06s
 15   -73.73490629352   +  -13.37       -8.14    4.9    5.14s
┌ Warning: Negative ρcore detected: -3.136506345051384e-8
└ @ DFTK ~/.julia/packages/DFTK/n2IL4/src/terms/xc.jl:39
n     Energy            log10(ΔE)   log10(Δρ)   Diag   Δtime
---   ---------------   ---------   ---------   ----   ------
  1   -73.71616217377                   -0.87    9.7    8.97s
  2   -73.72741858907       -1.95       -1.07    5.4    5.15s
  3   -73.73373375205       -2.20       -1.42    6.9    6.53s
  4   -73.73473315135       -3.00       -1.78    5.7    5.46s
  5   -73.73488673276       -3.81       -2.24    5.0    5.09s
  6   -73.73490626861       -4.71       -3.07    5.6    5.55s
  7   -73.73490628974       -7.68       -3.49    4.3    4.72s
  8   -73.73490629314       -8.47       -4.07    3.5    4.31s
  9   -73.73490629338       -9.63       -4.50    4.3    4.74s
 10   -73.73490629349       -9.95       -4.75    4.9    4.83s
 11   -73.73490629352      -10.47       -5.61    4.8    4.84s
 12   -73.73490629352      -11.83       -6.27    4.8    5.18s
 13   -73.73490629352      -12.77       -6.59    5.1    5.26s
 14   -73.73490629352   +  -13.15       -7.00    5.4    5.24s
 15   -73.73490629352      -13.85       -7.95    5.1    5.21s
┌ Warning: Negative ρcore detected: Dual{ForwardDiff.Tag{var"#19#21"{@NamedTuple{ham::Hamiltonian, basis::PlaneWaveBasis{Float64, Float64, DFTK.CPU, FFTGrid{Float64, Float64, Array{StaticArraysCore.SVector{3, Int64}, 3}, Array{StaticArraysCore.SVector{3, Float64}, 3}}, Vector{StaticArraysCore.SVector{3, Int64}}}, energies::Energies{Float64}, converged::Bool, occupation_threshold::Float64, ρ::Array{Float64, 4}, τ::Nothing, α::Float64, eigenvalues::Vector{Vector{Float64}}, occupation::Vector{Vector{Float64}}, εF::Float64, n_bands_converge::Int64, n_iter::Int64, n_matvec::Int64, ψ::Vector{Matrix{ComplexF64}}, diagonalization::Vector{@NamedTuple{λ::Vector{Vector{Float64}}, X::Vector{Matrix{ComplexF64}}, residual_norms::Vector{Vector{Float64}}, n_iter::Vector{Int64}, converged::Bool, n_matvec::Int64}}, stage::Symbol, history_Δρ::Vector{Float64}, history_Etot::Vector{Float64}, timedout::Bool, runtime_ns::UInt64, algorithm::String}, Model{Float64, Float64}, Float64, MonkhorstPack, var"#case#4"{Matrix{Float64}, Float64, MonkhorstPack, Vector{StaticArraysCore.SVector{3, Float64}}, Vector{ElementPsp{PspUpf{Float64, Interpolations.Extrapolation{Float64, 1, Interpolations.GriddedInterpolation{Float64, 1, Vector{Float64}, Interpolations.Gridded{Interpolations.Linear{Interpolations.Throw{Interpolations.OnGrid}}}, Tuple{Vector{Float64}}}, Interpolations.Gridded{Interpolations.Linear{Interpolations.Throw{Interpolations.OnGrid}}}, Interpolations.Throw{Nothing}}}}}, Float64, Float64, String}}, Float64}}(-3.136506345051384e-8,-1.6450005074313368e-7)
└ @ DFTK ~/.julia/packages/DFTK/n2IL4/src/terms/xc.jl:39
     2    -7.373491e+01     7.399984e-05
 * time: 436.5996799468994
┌ Warning: Negative ρcore detected: -3.144367006661784e-8
└ @ DFTK ~/.julia/packages/DFTK/n2IL4/src/terms/xc.jl:39
n     Energy            log10(ΔE)   log10(Δρ)   Diag   Δtime
---   ---------------   ---------   ---------   ----   ------
  1   -73.71613750423                   -0.87    9.8    8.99s
  2   -73.72743911948       -1.95       -1.07    5.4    5.26s
  3   -73.73373090547       -2.20       -1.42    6.9    6.67s
  4   -73.73473391394       -3.00       -1.78    5.7    5.38s
  5   -73.73488700452       -3.82       -2.25    5.1    5.17s
  6   -73.73490628560       -4.71       -3.07    5.5    5.85s
  7   -73.73490630747       -7.66       -3.50    4.3    4.73s
  8   -73.73490631072       -8.49       -4.08    4.0    4.53s
  9   -73.73490631083       -9.95       -4.52    4.4    4.97s
 10   -73.73490631102       -9.72       -4.77    5.1    5.04s
 11   -73.73490631105      -10.58       -5.62    4.6    4.86s
 12   -73.73490631105      -11.83       -6.30    4.7    5.60s
 13   -73.73490631105      -12.94       -6.66    5.1    5.62s
 14   -73.73490631105      -13.55       -7.12    5.4    5.25s
┌ Warning: Negative ρcore detected: -3.144367006661784e-8
└ @ DFTK ~/.julia/packages/DFTK/n2IL4/src/terms/xc.jl:39
n     Energy            log10(ΔE)   log10(Δρ)   Diag   Δtime
---   ---------------   ---------   ---------   ----   ------
  1   -73.71613785084                   -0.87    9.8    9.04s
  2   -73.72742982985       -1.95       -1.07    5.5    5.17s
  3   -73.73373132531       -2.20       -1.42    6.9    6.54s
  4   -73.73473453832       -3.00       -1.78    5.7    5.41s
  5   -73.73488709054       -3.82       -2.25    5.1    5.25s
  6   -73.73490628592       -4.72       -3.07    5.5    5.58s
  7   -73.73490630748       -7.67       -3.50    4.2    4.57s
  8   -73.73490631069       -8.49       -4.07    3.8    4.36s
  9   -73.73490631086       -9.77       -4.50    4.3    5.02s
 10   -73.73490631102       -9.80       -4.76    5.0    5.29s
 11   -73.73490631105      -10.52       -5.63    4.7    5.14s
 12   -73.73490631105      -11.89       -6.27    4.7    5.54s
 13   -73.73490631105      -12.64       -6.59    5.2    5.43s
 14   -73.73490631105      -13.37       -6.99    5.5    5.23s
 15   -73.73490631105   +  -13.25       -8.00    5.0    5.16s
┌ Warning: Negative ρcore detected: Dual{ForwardDiff.Tag{var"#19#21"{@NamedTuple{ham::Hamiltonian, basis::PlaneWaveBasis{Float64, Float64, DFTK.CPU, FFTGrid{Float64, Float64, Array{StaticArraysCore.SVector{3, Int64}, 3}, Array{StaticArraysCore.SVector{3, Float64}, 3}}, Vector{StaticArraysCore.SVector{3, Int64}}}, energies::Energies{Float64}, converged::Bool, occupation_threshold::Float64, ρ::Array{Float64, 4}, τ::Nothing, α::Float64, eigenvalues::Vector{Vector{Float64}}, occupation::Vector{Vector{Float64}}, εF::Float64, n_bands_converge::Int64, n_iter::Int64, n_matvec::Int64, ψ::Vector{Matrix{ComplexF64}}, diagonalization::Vector{@NamedTuple{λ::Vector{Vector{Float64}}, X::Vector{Matrix{ComplexF64}}, residual_norms::Vector{Vector{Float64}}, n_iter::Vector{Int64}, converged::Bool, n_matvec::Int64}}, stage::Symbol, history_Δρ::Vector{Float64}, history_Etot::Vector{Float64}, timedout::Bool, runtime_ns::UInt64, algorithm::String}, Model{Float64, Float64}, Float64, MonkhorstPack, var"#case#4"{Matrix{Float64}, Float64, MonkhorstPack, Vector{StaticArraysCore.SVector{3, Float64}}, Vector{ElementPsp{PspUpf{Float64, Interpolations.Extrapolation{Float64, 1, Interpolations.GriddedInterpolation{Float64, 1, Vector{Float64}, Interpolations.Gridded{Interpolations.Linear{Interpolations.Throw{Interpolations.OnGrid}}}, Tuple{Vector{Float64}}}, Interpolations.Gridded{Interpolations.Linear{Interpolations.Throw{Interpolations.OnGrid}}}, Interpolations.Throw{Nothing}}}}}, Float64, Float64, String}}, Float64}}(-3.144367006661784e-8,-1.6201328131980004e-7)
└ @ DFTK ~/.julia/packages/DFTK/n2IL4/src/terms/xc.jl:39
     3    -7.373491e+01     1.218883e-06
 * time: 655.3951399326324
┌ Warning: Negative ρcore detected: -3.144240584189706e-8
└ @ DFTK ~/.julia/packages/DFTK/n2IL4/src/terms/xc.jl:39
n     Energy            log10(ΔE)   log10(Δρ)   Diag   Δtime
---   ---------------   ---------   ---------   ----   ------
  1   -73.71613937624                   -0.87    9.7    8.96s
  2   -73.72744425253       -1.95       -1.07    5.4    5.21s
  3   -73.73372979767       -2.20       -1.42    6.9    6.60s
  4   -73.73473426165       -3.00       -1.78    5.8    5.44s
  5   -73.73488706536       -3.82       -2.25    5.1    5.66s
  6   -73.73490628555       -4.72       -3.07    5.5    5.51s
  7   -73.73490630755       -7.66       -3.51    4.2    4.95s
  8   -73.73490631069       -8.50       -4.08    4.1    4.61s
  9   -73.73490631080       -9.94       -4.55    4.4    4.78s
 10   -73.73490631102       -9.66       -4.79    5.1    5.05s
 11   -73.73490631105      -10.57       -5.64    4.8    4.91s
 12   -73.73490631105      -11.97       -6.31    4.9    5.21s
 13   -73.73490631105      -13.07       -6.55    5.3    5.42s
 14   -73.73490631105   +  -13.55       -6.91    5.3    5.06s
 15   -73.73490631105   +  -13.85       -8.08    5.0    5.09s
┌ Warning: Negative ρcore detected: -3.144240584189706e-8
└ @ DFTK ~/.julia/packages/DFTK/n2IL4/src/terms/xc.jl:39
n     Energy            log10(ΔE)   log10(Δρ)   Diag   Δtime
---   ---------------   ---------   ---------   ----   ------
  1   -73.71614069327                   -0.87    9.7    8.90s
  2   -73.72743677436       -1.95       -1.07    5.5    5.25s
  3   -73.73373068030       -2.20       -1.42    6.9    6.68s
  4   -73.73473462534       -3.00       -1.78    5.7    5.43s
  5   -73.73488719581       -3.82       -2.25    5.1    5.12s
  6   -73.73490628705       -4.72       -3.07    5.5    5.55s
  7   -73.73490630758       -7.69       -3.50    4.3    4.71s
  8   -73.73490631072       -8.50       -4.09    3.8    4.60s
  9   -73.73490631083       -9.97       -4.51    4.5    4.94s
 10   -73.73490631102       -9.72       -4.76    5.1    5.14s
 11   -73.73490631105      -10.55       -5.64    4.7    4.94s
 12   -73.73490631105      -11.93       -6.28    4.8    5.24s
 13   -73.73490631105      -13.85       -6.60    5.1    5.26s
 14   -73.73490631105      -13.00       -7.00    5.5    5.53s
┌ Warning: Negative ρcore detected: Dual{ForwardDiff.Tag{var"#19#21"{@NamedTuple{ham::Hamiltonian, basis::PlaneWaveBasis{Float64, Float64, DFTK.CPU, FFTGrid{Float64, Float64, Array{StaticArraysCore.SVector{3, Int64}, 3}, Array{StaticArraysCore.SVector{3, Float64}, 3}}, Vector{StaticArraysCore.SVector{3, Int64}}}, energies::Energies{Float64}, converged::Bool, occupation_threshold::Float64, ρ::Array{Float64, 4}, τ::Nothing, α::Float64, eigenvalues::Vector{Vector{Float64}}, occupation::Vector{Vector{Float64}}, εF::Float64, n_bands_converge::Int64, n_iter::Int64, n_matvec::Int64, ψ::Vector{Matrix{ComplexF64}}, diagonalization::Vector{@NamedTuple{λ::Vector{Vector{Float64}}, X::Vector{Matrix{ComplexF64}}, residual_norms::Vector{Vector{Float64}}, n_iter::Vector{Int64}, converged::Bool, n_matvec::Int64}}, stage::Symbol, history_Δρ::Vector{Float64}, history_Etot::Vector{Float64}, timedout::Bool, runtime_ns::UInt64, algorithm::String}, Model{Float64, Float64}, Float64, MonkhorstPack, var"#case#4"{Matrix{Float64}, Float64, MonkhorstPack, Vector{StaticArraysCore.SVector{3, Float64}}, Vector{ElementPsp{PspUpf{Float64, Interpolations.Extrapolation{Float64, 1, Interpolations.GriddedInterpolation{Float64, 1, Vector{Float64}, Interpolations.Gridded{Interpolations.Linear{Interpolations.Throw{Interpolations.OnGrid}}}, Tuple{Vector{Float64}}}, Interpolations.Gridded{Interpolations.Linear{Interpolations.Throw{Interpolations.OnGrid}}}, Interpolations.Throw{Nothing}}}}}, Float64, Float64, String}}, Float64}}(-3.144240584189706e-8,-1.6205352340785067e-7)
└ @ DFTK ~/.julia/packages/DFTK/n2IL4/src/terms/xc.jl:39
     4    -7.373491e+01     7.436074e-08
 * time: 873.8137669563293
 * Status: success

 * Candidate solution
    Final objective value:     -7.373491e+01

 * Found with
    Algorithm:     L-BFGS

 * Convergence measures
    |x - x'|               = 7.80e-06 ≰ -1.0e+00
    |x - x'|/|x'|          = 1.38e-06 ≰ 0.0e+00
    |f(x) - f(x')|         = 4.53e-12 ≤ 1.0e-08
    |f(x) - f(x')|/|f(x')| = 6.15e-14 ≰ 0.0e+00
    |g(x)|                 = 7.44e-08 ≤ 1.0e-06

 * Work counters
    Seconds run:   874  (vs limit Inf)
    Iterations:    4
    f(x) calls:    5
    ∇f(x) calls:   5

V: 992.279597 seconds (737.65 M allocations: 349.882 GiB, 5.96% gc time, 0.01% compilation time)
