┌ Info: Threading setup: 
│   Threads.nthreads() = 1
│   n_DFTK = 1
│   n_fft = 1
└   n_blas = 1
┌ Info: 2025-05-13T18:34:19.868
│   name = "Si"
│   Ecut = 18.0
│   kgrid = MonkhorstPack([14, 14, 14])
│   p0 = ComponentVector{Float64}(a = 10.347246312603742)
│   temperature = 0.001
└   smearing = DFTK.Smearing.Gaussian()
n     Energy            log10(ΔE)   log10(Δρ)   Diag   Δtime
---   ---------------   ---------   ---------   ----   ------
  1   -8.470314618699                   -0.95    7.0    10.3s
  2   -8.471823920363       -2.82       -1.71    1.9    4.33s
  3   -8.471917960347       -4.03       -2.71    3.8    1.79s
  4   -8.471922954276       -5.30       -3.49    4.8    1.69s
  5   -8.471923235988       -6.55       -4.33    5.1    1.92s
  6   -8.471923246296       -7.99       -5.23    5.3    1.98s
  7   -8.471923246409       -9.95       -6.24    5.1    1.71s
  8   -8.471923246410      -11.91       -7.02    4.8    1.90s
Iter     Function value   Gradient norm 
     0    -8.471923e+00     2.039144e-03
 * time: 3.814697265625e-5
n     Energy            log10(ΔE)   log10(Δρ)   Diag   Δtime
---   ---------------   ---------   ---------   ----   ------
  1   -8.470328940768                   -0.95    7.1    2.14s
  2   -8.471829861452       -2.82       -1.71    2.0    1.26s
  3   -8.471921881700       -4.04       -2.71    3.8    1.78s
  4   -8.471926967412       -5.29       -3.48    5.0    1.70s
  5   -8.471927252379       -6.55       -4.35    5.0    1.93s
  6   -8.471927261765       -8.03       -5.21    5.3    1.80s
  7   -8.471927261876       -9.96       -6.15    5.0    1.92s
  8   -8.471927261877      -12.06       -7.02    4.4    1.57s
n     Energy            log10(ΔE)   log10(Δρ)   Diag   Δtime
---   ---------------   ---------   ---------   ----   ------
  1   -8.470338753262                   -0.95    7.1    2.36s
  2   -8.471827010488       -2.83       -1.71    1.8    1.03s
  3   -8.471921882176       -4.02       -2.71    4.0    1.83s
  4   -8.471926970778       -5.29       -3.49    5.0    1.72s
  5   -8.471927251673       -6.55       -4.34    5.1    1.91s
  6   -8.471927261764       -8.00       -5.23    5.4    1.80s
  7   -8.471927261876       -9.95       -6.23    5.1    2.02s
  8   -8.471927261877      -12.09       -7.02    4.7    1.73s
     1    -8.471927e+00     1.899314e-03
 * time: 41.55866622924805
n     Energy            log10(ΔE)   log10(Δρ)   Diag   Δtime
---   ---------------   ---------   ---------   ----   ------
  1   -8.470405278972                   -0.96    7.0    2.34s
  2   -8.471848032317       -2.84       -1.71    1.8    1.27s
  3   -8.471947797024       -4.00       -2.72    4.0    1.51s
  4   -8.471953519156       -5.24       -3.48    5.0    1.99s
  5   -8.471953818014       -6.52       -4.37    5.3    1.70s
  6   -8.471953828021       -8.00       -5.18    5.4    2.08s
  7   -8.471953828160       -9.86       -5.94    5.2    1.79s
  8   -8.471953828161      -11.96       -6.64    3.6    1.65s
  9   -8.471953828161      -13.50       -7.80    4.0    1.42s
n     Energy            log10(ΔE)   log10(Δρ)   Diag   Δtime
---   ---------------   ---------   ---------   ----   ------
  1   -8.470413244897                   -0.96    7.0    2.34s
  2   -8.471851880799       -2.84       -1.71    1.8    1.03s
  3   -8.471948098658       -4.02       -2.72    3.9    1.77s
  4   -8.471953522205       -5.27       -3.49    5.0    1.74s
  5   -8.471953818053       -6.53       -4.35    5.2    1.95s
  6   -8.471953828034       -8.00       -5.24    5.4    1.80s
  7   -8.471953828160       -9.90       -6.23    5.0    1.96s
  8   -8.471953828161      -11.92       -7.01    4.9    1.68s
     2    -8.471954e+00     2.738393e-05
 * time: 83.71642208099365
n     Energy            log10(ΔE)   log10(Δρ)   Diag   Δtime
---   ---------------   ---------   ---------   ----   ------
  1   -8.470411446497                   -0.96    7.0    2.33s
  2   -8.471851702842       -2.84       -1.71    1.7    1.36s
  3   -8.471948084933       -4.02       -2.72    4.0    1.52s
  4   -8.471953532957       -5.26       -3.49    5.0    2.00s
  5   -8.471953823453       -6.54       -4.35    5.2    1.73s
  6   -8.471953833641       -7.99       -5.19    5.1    2.00s
  7   -8.471953833773       -9.88       -6.11    5.0    1.68s
  8   -8.471953833774      -12.04       -6.98    4.1    1.80s
  9   -8.471953833774      -13.17       -8.05    5.0    1.66s
n     Energy            log10(ΔE)   log10(Δρ)   Diag   Δtime
---   ---------------   ---------   ---------   ----   ------
  1   -8.470416760404                   -0.96    6.9    2.30s
  2   -8.471851581103       -2.84       -1.71    1.7    1.01s
  3   -8.471947952556       -4.02       -2.72    3.9    1.72s
  4   -8.471953525497       -5.25       -3.48    4.9    1.72s
  5   -8.471953824083       -6.52       -4.37    5.1    1.88s
  6   -8.471953833649       -8.02       -5.21    5.5    1.80s
  7   -8.471953833773       -9.91       -6.00    5.0    1.88s
  8   -8.471953833774      -12.04       -6.90    3.6    1.41s
  9   -8.471953833774      -13.01       -7.99    5.2    1.93s
     3    -8.471954e+00     3.463408e-07
 * time: 127.44564819335938
 * Status: success

 * Candidate solution
    Final objective value:     -8.471954e+00

 * Found with
    Algorithm:     L-BFGS

 * Convergence measures
    |x - x'|               = 4.05e-04 ≰ -1.0e+00
    |x - x'|/|x'|          = 3.90e-05 ≰ 0.0e+00
    |f(x) - f(x')|         = 5.61e-09 ≤ 1.0e-08
    |f(x) - f(x')|/|f(x')| = 6.63e-10 ≰ 0.0e+00
    |g(x)|                 = 3.46e-07 ≤ 1.0e-06

 * Work counters
    Seconds run:   127  (vs limit Inf)
    Iterations:    3
    f(x) calls:    4
    ∇f(x) calls:   4

Si: 196.016692 seconds (319.08 M allocations: 63.163 GiB, 7.38% gc time, 23.61% compilation time: <1% of which was recompilation)
┌ Info: 2025-05-13T18:37:36.453
│   name = "NaCl"
│   Ecut = 44.0
│   kgrid = MonkhorstPack([13, 13, 13])
│   p0 = ComponentVector{Float64}(a = 10.746130571470083)
│   temperature = 0
└   smearing = DFTK.Smearing.None()
n     Energy            log10(ΔE)   log10(Δρ)   Diag   Δtime
---   ---------------   ---------   ---------   ----   ------
  1   -62.35816650634                   -1.08    8.5    17.4s
  2   -62.36524094587       -2.15       -1.20    2.5    6.76s
  3   -62.36928852818       -2.39       -2.01    3.5    8.10s
  4   -62.36935823306       -4.16       -3.03    2.8    7.34s
  5   -62.36936057799       -5.63       -3.49    4.4    9.89s
  6   -62.36936065214       -7.13       -4.14    3.5    8.34s
  7   -62.36936067251       -7.69       -4.93    3.6    8.77s
  8   -62.36936067332       -9.09       -5.80    4.0    9.35s
  9   -62.36936067333      -11.18       -6.48    3.8    8.97s
 10   -62.36936067333      -12.49       -6.98    4.0    9.50s
 11   -62.36936067333   +  -13.07       -8.10    3.4    7.94s
Iter     Function value   Gradient norm 
     0    -6.236936e+01     1.034272e-02
 * time: 3.886222839355469e-5
n     Energy            log10(ΔE)   log10(Δρ)   Diag   Δtime
---   ---------------   ---------   ---------   ----   ------
  1   -62.35823563658                   -1.08    8.1    15.3s
  2   -62.36529193674       -2.15       -1.20    2.6    6.24s
  3   -62.36939421915       -2.39       -2.01    3.5    7.94s
  4   -62.36946400679       -4.16       -3.06    2.9    7.08s
  5   -62.36946635233       -5.63       -3.61    4.4    9.77s
  6   -62.36946642193       -7.16       -4.11    3.7    8.86s
  7   -62.36946643964       -7.75       -4.94    3.2    9.33s
  8   -62.36946644042       -9.10       -5.79    4.0    9.66s
  9   -62.36946644043      -11.09       -6.47    3.7    9.59s
 10   -62.36946644043      -12.57       -6.97    3.9    9.58s
 11   -62.36946644043      -13.19       -7.99    3.6    7.83s
n     Energy            log10(ΔE)   log10(Δρ)   Diag   Δtime
---   ---------------   ---------   ---------   ----   ------
  1   -62.35823185306                   -1.08    8.1    15.1s
  2   -62.36529829319       -2.15       -1.20    2.5    6.19s
  3   -62.36939362626       -2.39       -2.01    3.5    7.96s
  4   -62.36946404222       -4.15       -3.05    2.9    7.43s
  5   -62.36946634240       -5.64       -3.55    4.3    10.0s
  6   -62.36946642021       -7.11       -4.13    3.5    8.72s
  7   -62.36946643961       -7.71       -4.91    3.4    8.69s
  8   -62.36946644043       -9.09       -5.79    4.0    9.64s
  9   -62.36946644043      -11.25       -6.47    3.7    8.86s
 10   -62.36946644043      -12.53       -7.09    3.8    9.07s
     1    -6.236947e+01     1.011016e-02
 * time: 226.7100739479065
n     Energy            log10(ΔE)   log10(Δρ)   Diag   Δtime
---   ---------------   ---------   ---------   ----   ------
  1   -62.35850320776                   -1.06    8.5    17.6s
  2   -62.36622407671       -2.11       -1.15    2.6    6.85s
  3   -62.37191554750       -2.24       -1.95    3.5    8.97s
  4   -62.37201696231       -3.99       -3.04    2.5    7.16s
  5   -62.37201997958       -5.52       -3.58    4.5    11.5s
  6   -62.37202006263       -7.08       -4.09    3.4    9.41s
  7   -62.37202008646       -7.62       -4.82    3.2    8.98s
  8   -62.37202008820       -8.76       -5.57    3.9    10.2s
  9   -62.37202008825      -10.28       -6.42    3.8    10.3s
 10   -62.37202008825      -12.18       -6.96    3.7    9.87s
 11   -62.37202008825   +    -Inf       -7.71    3.5    9.78s
n     Energy            log10(ΔE)   log10(Δρ)   Diag   Δtime
---   ---------------   ---------   ---------   ----   ------
  1   -62.35850814576                   -1.06    8.5    17.7s
  2   -62.36622775643       -2.11       -1.15    2.6    6.76s
  3   -62.37191508498       -2.25       -1.95    3.5    8.75s
  4   -62.37201691792       -3.99       -3.04    2.5    7.04s
  5   -62.37201997517       -5.51       -3.58    4.5    11.3s
  6   -62.37202006199       -7.06       -4.10    3.6    9.66s
  7   -62.37202008661       -7.61       -4.86    3.3    9.32s
  8   -62.37202008820       -8.80       -5.47    3.9    10.3s
  9   -62.37202008825      -10.35       -6.20    3.5    9.67s
 10   -62.37202008825      -12.18       -7.00    3.7    9.89s
 11   -62.37202008825      -13.19       -7.72    3.8    10.6s
     2    -6.237202e+01     1.808437e-03
 * time: 487.4114098548889
n     Energy            log10(ΔE)   log10(Δρ)   Diag   Δtime
---   ---------------   ---------   ---------   ----   ------
  1   -62.35804777087                   -1.06    8.4    17.2s
  2   -62.36590198087       -2.10       -1.14    2.7    7.10s
  3   -62.37201462335       -2.21       -1.93    3.6    9.08s
  4   -62.37212416769       -3.96       -3.03    2.6    7.34s
  5   -62.37212709091       -5.53       -3.51    4.3    11.3s
  6   -62.37212718897       -7.01       -4.15    3.2    9.06s
  7   -62.37212721475       -7.59       -4.80    3.2    9.01s
  8   -62.37212721673       -8.70       -5.51    3.7    9.71s
  9   -62.37212721676      -10.51       -6.54    3.6    9.87s
 10   -62.37212721677      -12.35       -7.06    4.0    10.5s
n     Energy            log10(ΔE)   log10(Δρ)   Diag   Δtime
---   ---------------   ---------   ---------   ----   ------
  1   -62.35804940219                   -1.06    8.4    17.1s
  2   -62.36589148151       -2.11       -1.14    2.5    6.82s
  3   -62.37201488287       -2.21       -1.93    3.5    8.83s
  4   -62.37212407159       -3.96       -3.04    2.4    7.00s
  5   -62.37212710558       -5.52       -3.54    4.3    11.1s
  6   -62.37212718934       -7.08       -4.10    3.5    9.34s
  7   -62.37212721462       -7.60       -4.78    3.1    8.86s
  8   -62.37212721672       -8.68       -5.49    3.8    9.88s
  9   -62.37212721676      -10.32       -6.34    3.5    9.74s
 10   -62.37212721677      -12.27       -7.00    3.8    10.6s
 11   -62.37212721677      -13.30       -7.73    3.3    9.95s
     3    -6.237213e+01     3.995000e-04
 * time: 736.0407299995422
n     Energy            log10(ΔE)   log10(Δρ)   Diag   Δtime
---   ---------------   ---------   ---------   ----   ------
  1   -62.35788802758                   -1.06    8.5    17.3s
  2   -62.36578695768       -2.10       -1.13    2.6    7.14s
  3   -62.37201779375       -2.21       -1.93    3.6    8.82s
  4   -62.37212971182       -3.95       -3.03    2.3    7.12s
  5   -62.37213291606       -5.49       -3.57    4.4    11.0s
  6   -62.37213301733       -6.99       -4.07    3.6    10.1s
  7   -62.37213304424       -7.57       -4.84    3.1    8.54s
  8   -62.37213304631       -8.68       -5.41    4.0    11.0s
  9   -62.37213304638      -10.15       -6.14    3.4    9.12s
 10   -62.37213304638      -12.02       -6.97    3.5    9.79s
 11   -62.37213304638      -14.15       -7.66    3.8    9.90s
n     Energy            log10(ΔE)   log10(Δρ)   Diag   Δtime
---   ---------------   ---------   ---------   ----   ------
  1   -62.35788188527                   -1.06    8.5    17.2s
  2   -62.36575268213       -2.10       -1.13    2.7    7.13s
  3   -62.37201849247       -2.20       -1.93    3.5    8.70s
  4   -62.37212970003       -3.95       -3.06    2.4    7.28s
  5   -62.37213291802       -5.49       -3.66    4.5    11.5s
  6   -62.37213302161       -6.98       -4.07    3.5    9.65s
  7   -62.37213304438       -7.64       -4.87    3.0    8.55s
  8   -62.37213304629       -8.72       -5.39    3.9    10.7s
  9   -62.37213304638      -10.09       -6.02    3.5    10.1s
 10   -62.37213304638      -11.92       -7.09    3.5    9.81s
     4    -6.237213e+01     2.188478e-05
 * time: 985.5640988349915
n     Energy            log10(ΔE)   log10(Δρ)   Diag   Δtime
---   ---------------   ---------   ---------   ----   ------
  1   -62.35786486239                   -1.06    8.5    17.6s
  2   -62.36574416227       -2.10       -1.13    2.8    7.39s
  3   -62.37201933343       -2.20       -1.93    3.6    9.05s
  4   -62.37212975645       -3.96       -3.06    2.5    7.27s
  5   -62.37213295288       -5.50       -3.66    4.6    11.6s
  6   -62.37213303979       -7.06       -4.09    3.6    9.78s
  7   -62.37213306228       -7.65       -4.86    3.0    8.58s
  8   -62.37213306412       -8.73       -5.50    3.9    10.0s
  9   -62.37213306419      -10.17       -6.20    3.6    10.0s
 10   -62.37213306419      -12.13       -7.13    3.5    9.49s
n     Energy            log10(ΔE)   log10(Δρ)   Diag   Δtime
---   ---------------   ---------   ---------   ----   ------
  1   -62.35786782980                   -1.06    8.5    17.8s
  2   -62.36572874617       -2.10       -1.13    2.7    7.25s
  3   -62.37202065271       -2.20       -1.93    3.4    9.26s
  4   -62.37212941281       -3.96       -3.07    2.2    7.05s
  5   -62.37213292004       -5.46       -3.65    4.7    12.3s
  6   -62.37213304444       -6.91       -4.10    3.4    9.66s
  7   -62.37213306253       -7.74       -4.97    3.0    9.17s
  8   -62.37213306410       -8.80       -5.51    4.0    10.7s
  9   -62.37213306419      -10.05       -6.22    3.7    9.81s
 10   -62.37213306419      -12.04       -6.94    3.5    9.75s
 11   -62.37213306419      -13.00       -7.66    3.5    10.1s
     5    -6.237213e+01     2.882549e-07
 * time: 1238.0394349098206
 * Status: success

 * Candidate solution
    Final objective value:     -6.237213e+01

 * Found with
    Algorithm:     L-BFGS

 * Convergence measures
    |x - x'|               = 1.61e-03 ≰ -1.0e+00
    |x - x'|/|x'|          = 1.42e-04 ≰ 0.0e+00
    |f(x) - f(x')|         = 1.78e-08 ≰ 1.0e-08
    |f(x) - f(x')|/|f(x')| = 2.86e-10 ≰ 0.0e+00
    |g(x)|                 = 2.88e-07 ≤ 1.0e-06

 * Work counters
    Seconds run:   1238  (vs limit Inf)
    Iterations:    5
    f(x) calls:    6
    ∇f(x) calls:   6

NaCl: 1365.174858 seconds (1.50 G allocations: 424.010 GiB, 5.31% gc time, 0.21% compilation time)
┌ Info: 2025-05-13T19:00:21.653
│   name = "Al"
│   Ecut = 20.0
│   kgrid = MonkhorstPack([18, 18, 18])
│   p0 = ComponentVector{Float64}(a = 7.641925528121933)
│   temperature = 0.001
└   smearing = DFTK.Smearing.Gaussian()
n     Energy            log10(ΔE)   log10(Δρ)   Diag   Δtime
---   ---------------   ---------   ---------   ----   ------
  1   -2.318205637158                   -1.47    5.5    1.93s
  2   -2.318272403284       -4.18       -1.84    1.4    713ms
  3   -2.318287084938       -4.83       -3.55    3.1    1.40s
  4   -2.318287274543       -6.72       -4.01    4.5    1.53s
  5   -2.318287275098       -9.26       -4.25    2.3    1.19s
  6   -2.318287275290       -9.72       -4.96    2.6    1.00s
  7   -2.318287275297      -11.14       -5.65    2.7    1.31s
  8   -2.318287275297      -12.41       -6.41    2.7    1.04s
  9   -2.318287275297      -13.77       -6.74    3.1    1.16s
 10   -2.318287275297   +    -Inf       -7.44    2.0    1.08s
Iter     Function value   Gradient norm 
     0    -2.318287e+00     2.146173e-04
 * time: 2.6941299438476562e-5
n     Energy            log10(ΔE)   log10(Δρ)   Diag   Δtime
---   ---------------   ---------   ---------   ----   ------
  1   -2.318205249754                   -1.47    5.5    1.93s
  2   -2.318273483627       -4.17       -1.84    1.4    728ms
  3   -2.318287125871       -4.87       -3.57    3.2    1.42s
  4   -2.318287319740       -6.71       -4.04    4.6    1.56s
  5   -2.318287320226       -9.31       -4.26    2.3    1.21s
  6   -2.318287320415       -9.72       -4.98    2.8    1.04s
  7   -2.318287320420      -11.25       -5.61    2.6    1.25s
  8   -2.318287320421      -12.30       -6.27    2.7    1.03s
  9   -2.318287320421      -13.95       -6.59    2.5    1.02s
 10   -2.318287320421      -14.88       -7.44    2.2    1.11s
n     Energy            log10(ΔE)   log10(Δρ)   Diag   Δtime
---   ---------------   ---------   ---------   ----   ------
  1   -2.318207168419                   -1.47    5.6    1.95s
  2   -2.318272749371       -4.18       -1.84    1.4    715ms
  3   -2.318287133206       -4.84       -3.56    3.2    1.43s
  4   -2.318287319720       -6.73       -4.02    4.5    1.53s
  5   -2.318287320230       -9.29       -4.26    2.4    1.22s
  6   -2.318287320415       -9.73       -4.98    2.7    1.03s
  7   -2.318287320421      -11.22       -5.64    2.8    1.33s
  8   -2.318287320421      -12.38       -6.31    2.8    1.05s
  9   -2.318287320421      -14.03       -6.62    2.7    1.03s
 10   -2.318287320421      -14.75       -7.45    2.2    1.11s
     1    -2.318287e+00     2.058907e-04
 * time: 53.209677934646606
n     Energy            log10(ΔE)   log10(Δρ)   Diag   Δtime
---   ---------------   ---------   ---------   ----   ------
  1   -2.318203269973                   -1.47    5.6    1.96s
  2   -2.318273009098       -4.16       -1.84    1.3    698ms
  3   -2.318287640773       -4.83       -3.58    3.2    1.41s
  4   -2.318287839006       -6.70       -4.05    4.5    1.49s
  5   -2.318287839476       -9.33       -4.29    2.3    1.21s
  6   -2.318287839629       -9.82       -5.02    2.7    1.01s
  7   -2.318287839634      -11.30       -5.72    2.6    1.23s
  8   -2.318287839634      -12.48       -6.41    2.8    1.04s
  9   -2.318287839634      -14.12       -6.76    2.7    1.02s
 10   -2.318287839634      -14.88       -7.61    2.1    1.05s
n     Energy            log10(ΔE)   log10(Δρ)   Diag   Δtime
---   ---------------   ---------   ---------   ----   ------
  1   -2.318199043907                   -1.47    5.5    1.86s
  2   -2.318272730304       -4.13       -1.84    1.3    680ms
  3   -2.318287632642       -4.83       -3.57    3.1    1.41s
  4   -2.318287839036       -6.69       -4.05    4.5    1.48s
  5   -2.318287839476       -9.36       -4.29    2.3    1.15s
  6   -2.318287839628       -9.82       -5.03    2.7    996ms
  7   -2.318287839634      -11.25       -5.80    2.7    1.29s
  8   -2.318287839634      -12.58       -6.43    2.7    1.01s
  9   -2.318287839634      -13.85       -6.93    3.2    1.14s
 10   -2.318287839634      -15.05       -7.57    2.2    1.14s
     2    -2.318288e+00     1.207988e-06
 * time: 106.11631107330322
n     Energy            log10(ΔE)   log10(Δρ)   Diag   Δtime
---   ---------------   ---------   ---------   ----   ------
  1   -2.318206141069                   -1.47    5.6    1.87s
  2   -2.318273409799       -4.17       -1.84    1.3    680ms
  3   -2.318287624997       -4.85       -3.57    3.3    1.40s
  4   -2.318287839015       -6.67       -4.03    4.5    1.48s
  5   -2.318287839494       -9.32       -4.29    2.2    1.33s
  6   -2.318287839646       -9.82       -5.01    2.6    1.01s
  7   -2.318287839652      -11.23       -5.76    2.7    1.27s
  8   -2.318287839652      -12.59       -6.51    2.8    1.04s
  9   -2.318287839652      -13.99       -7.01    3.1    1.16s
n     Energy            log10(ΔE)   log10(Δρ)   Diag   Δtime
---   ---------------   ---------   ---------   ----   ------
  1   -2.318207610196                   -1.47    5.5    1.91s
  2   -2.318272893485       -4.19       -1.84    1.3    673ms
  3   -2.318287619681       -4.83       -3.55    3.1    1.42s
  4   -2.318287838993       -6.66       -4.03    4.5    1.51s
  5   -2.318287839486       -9.31       -4.28    2.3    1.17s
  6   -2.318287839645       -9.80       -4.99    2.7    1.02s
  7   -2.318287839652      -11.17       -5.78    2.7    1.31s
  8   -2.318287839652      -12.55       -6.46    2.9    1.06s
  9   -2.318287839652      -13.97       -6.98    3.2    1.40s
 10   -2.318287839652      -15.35       -7.56    2.5    960ms
     3    -2.318288e+00     6.735262e-09
 * time: 158.27724885940552
 * Status: success

 * Candidate solution
    Final objective value:     -2.318288e+00

 * Found with
    Algorithm:     L-BFGS

 * Convergence measures
    |x - x'|               = 2.95e-05 ≰ -1.0e+00
    |x - x'|/|x'|          = 3.86e-06 ≰ 0.0e+00
    |f(x) - f(x')|         = 1.78e-11 ≤ 1.0e-08
    |f(x) - f(x')|/|f(x')| = 7.66e-12 ≰ 0.0e+00
    |g(x)|                 = 6.74e-09 ≤ 1.0e-06

 * Work counters
    Seconds run:   158  (vs limit Inf)
    Iterations:    3
    f(x) calls:    4
    ∇f(x) calls:   4

Al: 190.567202 seconds (166.67 M allocations: 39.787 GiB, 6.37% gc time, 0.00% compilation time)
┌ Info: 2025-05-13T19:03:32.220
│   name = "V"
│   Ecut = 42.0
│   kgrid = MonkhorstPack([20, 20, 20])
│   p0 = ComponentVector{Float64}(a = 5.699267600684394)
│   temperature = 0.001
└   smearing = DFTK.Smearing.Gaussian()
┌ Warning: Negative ρcore detected: -3.4151886922104144e-8
└ @ DFTK ~/.julia/packages/DFTK/n2IL4/src/terms/xc.jl:39
n     Energy            log10(ΔE)   log10(Δρ)   Diag   Δtime
---   ---------------   ---------   ---------   ----   ------
  1   -73.84604778298                   -0.94    9.6    8.85s
  2   -73.85365081905       -2.12       -1.14    5.3    5.15s
  3   -73.85853367325       -2.31       -1.51    6.7    6.84s
  4   -73.85917816219       -3.19       -1.84    5.4    5.25s
  5   -73.85929511388       -3.93       -2.22    5.0    5.12s
  6   -73.85931767047       -4.65       -3.06    5.4    5.55s
  7   -73.85931771224       -7.38       -3.45    5.4    5.44s
  8   -73.85931771621       -8.40       -4.02    3.5    4.14s
  9   -73.85931771651       -9.51       -4.45    3.9    4.54s
 10   -73.85931771652      -11.89       -4.88    3.3    4.02s
 11   -73.85931771653      -10.92       -5.47    4.2    4.61s
 12   -73.85931771653      -11.47       -6.14    4.7    5.17s
 13   -73.85931771653   +  -13.85       -6.64    5.2    5.50s
 14   -73.85931771653      -13.85       -6.77    5.4    5.42s
 15   -73.85931771653   +  -13.07       -7.60    5.1    5.01s
┌ Warning: Negative ρcore detected: Dual{ForwardDiff.Tag{var"#19#21"{@NamedTuple{ham::Hamiltonian, basis::PlaneWaveBasis{Float64, Float64, DFTK.CPU, FFTGrid{Float64, Float64, Array{StaticArraysCore.SVector{3, Int64}, 3}, Array{StaticArraysCore.SVector{3, Float64}, 3}}, Vector{StaticArraysCore.SVector{3, Int64}}}, energies::Energies{Float64}, converged::Bool, occupation_threshold::Float64, ρ::Array{Float64, 4}, τ::Nothing, α::Float64, eigenvalues::Vector{Vector{Float64}}, occupation::Vector{Vector{Float64}}, εF::Float64, n_bands_converge::Int64, n_iter::Int64, n_matvec::Int64, ψ::Vector{Matrix{ComplexF64}}, diagonalization::Vector{@NamedTuple{λ::Vector{Vector{Float64}}, X::Vector{Matrix{ComplexF64}}, residual_norms::Vector{Vector{Float64}}, n_iter::Vector{Int64}, converged::Bool, n_matvec::Int64}}, stage::Symbol, history_Δρ::Vector{Float64}, history_Etot::Vector{Float64}, timedout::Bool, runtime_ns::UInt64, algorithm::String}, Model{Float64, Float64}, Float64, MonkhorstPack, var"#case#4"{Matrix{Float64}, Float64, MonkhorstPack, Vector{StaticArraysCore.SVector{3, Float64}}, Vector{ElementPsp{PspUpf{Float64, Interpolations.Extrapolation{Float64, 1, Interpolations.GriddedInterpolation{Float64, 1, Vector{Float64}, Interpolations.Gridded{Interpolations.Linear{Interpolations.Throw{Interpolations.OnGrid}}}, Tuple{Vector{Float64}}}, Interpolations.Gridded{Interpolations.Linear{Interpolations.Throw{Interpolations.OnGrid}}}, Interpolations.Throw{Nothing}}}}}, Float64, Float64, String}}, Float64}}(-3.4151886922104144e-8,-1.2413273474001241e-8)
└ @ DFTK ~/.julia/packages/DFTK/n2IL4/src/terms/xc.jl:39
Iter     Function value   Gradient norm 
     0    -7.385932e+01     5.834854e-03
 * time: 2.5033950805664062e-5
┌ Warning: Negative ρcore detected: -3.4154141210775716e-8
└ @ DFTK ~/.julia/packages/DFTK/n2IL4/src/terms/xc.jl:39
n     Energy            log10(ΔE)   log10(Δρ)   Diag   Δtime
---   ---------------   ---------   ---------   ----   ------
  1   -73.84598733097                   -0.94    9.5    8.87s
  2   -73.85367350717       -2.11       -1.14    5.2    5.10s
  3   -73.85856144974       -2.31       -1.51    6.7    6.62s
  4   -73.85920924091       -3.19       -1.84    5.4    5.34s
  5   -73.85932606381       -3.93       -2.22    5.0    5.21s
  6   -73.85934911806       -4.64       -3.07    5.5    5.53s
  7   -73.85934915477       -7.44       -3.46    5.3    5.63s
  8   -73.85934915905       -8.37       -4.03    3.8    4.41s
  9   -73.85934915934       -9.53       -4.46    4.0    4.65s
 10   -73.85934915935      -11.37       -4.89    3.0    3.92s
 11   -73.85934915936      -11.01       -5.51    4.2    4.57s
 12   -73.85934915936      -11.58       -6.26    4.8    5.13s
 13   -73.85934915936      -13.85       -6.70    5.3    5.48s
 14   -73.85934915936   +  -13.00       -6.81    5.4    5.52s
 15   -73.85934915936      -13.37       -7.57    5.2    5.08s
┌ Warning: Negative ρcore detected: -3.4154141210775716e-8
└ @ DFTK ~/.julia/packages/DFTK/n2IL4/src/terms/xc.jl:39
n     Energy            log10(ΔE)   log10(Δρ)   Diag   Δtime
---   ---------------   ---------   ---------   ----   ------
  1   -73.84599511830                   -0.94    9.6    9.00s
  2   -73.85366441054       -2.12       -1.14    5.1    5.11s
  3   -73.85856184200       -2.31       -1.51    6.7    6.65s
  4   -73.85920932237       -3.19       -1.84    5.5    5.31s
  5   -73.85932607571       -3.93       -2.22    5.0    5.17s
  6   -73.85934911675       -4.64       -3.07    5.5    5.51s
  7   -73.85934915459       -7.42       -3.45    5.3    5.76s
  8   -73.85934915902       -8.35       -4.01    3.8    4.38s
  9   -73.85934915935       -9.48       -4.47    4.2    4.71s
 10   -73.85934915935      -11.45       -4.89    3.5    4.14s
 11   -73.85934915936      -11.02       -5.51    4.3    4.64s
 12   -73.85934915936      -11.58       -6.24    4.8    5.22s
 13   -73.85934915936      -13.37       -6.72    5.3    5.47s
 14   -73.85934915936   +  -13.25       -6.82    5.4    5.46s
 15   -73.85934915936      -13.85       -7.63    5.2    5.13s
┌ Warning: Negative ρcore detected: Dual{ForwardDiff.Tag{var"#19#21"{@NamedTuple{ham::Hamiltonian, basis::PlaneWaveBasis{Float64, Float64, DFTK.CPU, FFTGrid{Float64, Float64, Array{StaticArraysCore.SVector{3, Int64}, 3}, Array{StaticArraysCore.SVector{3, Float64}, 3}}, Vector{StaticArraysCore.SVector{3, Int64}}}, energies::Energies{Float64}, converged::Bool, occupation_threshold::Float64, ρ::Array{Float64, 4}, τ::Nothing, α::Float64, eigenvalues::Vector{Vector{Float64}}, occupation::Vector{Vector{Float64}}, εF::Float64, n_bands_converge::Int64, n_iter::Int64, n_matvec::Int64, ψ::Vector{Matrix{ComplexF64}}, diagonalization::Vector{@NamedTuple{λ::Vector{Vector{Float64}}, X::Vector{Matrix{ComplexF64}}, residual_norms::Vector{Vector{Float64}}, n_iter::Vector{Int64}, converged::Bool, n_matvec::Int64}}, stage::Symbol, history_Δρ::Vector{Float64}, history_Etot::Vector{Float64}, timedout::Bool, runtime_ns::UInt64, algorithm::String}, Model{Float64, Float64}, Float64, MonkhorstPack, var"#case#4"{Matrix{Float64}, Float64, MonkhorstPack, Vector{StaticArraysCore.SVector{3, Float64}}, Vector{ElementPsp{PspUpf{Float64, Interpolations.Extrapolation{Float64, 1, Interpolations.GriddedInterpolation{Float64, 1, Vector{Float64}, Interpolations.Gridded{Interpolations.Linear{Interpolations.Throw{Interpolations.OnGrid}}}, Tuple{Vector{Float64}}}, Interpolations.Gridded{Interpolations.Linear{Interpolations.Throw{Interpolations.OnGrid}}}, Interpolations.Throw{Nothing}}}}}, Float64, Float64, String}}, Float64}}(-3.4154141210775716e-8,1.1464245742561653e-8)
└ @ DFTK ~/.julia/packages/DFTK/n2IL4/src/terms/xc.jl:39
     1    -7.385935e+01     4.943603e-03
 * time: 222.41615295410156
┌ Warning: Negative ρcore detected: -3.18632534720955e-8
└ @ DFTK ~/.julia/packages/DFTK/n2IL4/src/terms/xc.jl:39
n     Energy            log10(ΔE)   log10(Δρ)   Diag   Δtime
---   ---------------   ---------   ---------   ----   ------
  1   -73.84558853585                   -0.93    9.8    9.11s
  2   -73.85366264845       -2.09       -1.14    5.3    5.21s
  3   -73.85861958455       -2.30       -1.51    6.8    6.81s
  4   -73.85929746247       -3.17       -1.84    5.5    5.38s
  5   -73.85940817878       -3.96       -2.23    5.0    5.25s
  6   -73.85943036992       -4.65       -3.11    5.5    5.91s
  7   -73.85943039061       -7.68       -3.51    5.0    5.24s
  8   -73.85943039367       -8.51       -4.11    3.0    3.92s
  9   -73.85943039422       -9.26       -4.66    4.7    5.02s
 10   -73.85943039428      -10.27       -5.07    4.8    4.88s
 11   -73.85943039428      -11.28       -6.00    4.8    5.03s
 12   -73.85943039428   +  -12.01       -6.34    5.6    5.68s
 13   -73.85943039428   +  -12.16       -6.77    4.3    4.46s
 14   -73.85943039428      -13.07       -7.22    4.7    4.75s
┌ Warning: Negative ρcore detected: -3.18632534720955e-8
└ @ DFTK ~/.julia/packages/DFTK/n2IL4/src/terms/xc.jl:39
n     Energy            log10(ΔE)   log10(Δρ)   Diag   Δtime
---   ---------------   ---------   ---------   ----   ------
  1   -73.84558726084                   -0.93    9.7    8.83s
  2   -73.85367206629       -2.09       -1.14    5.2    5.08s
  3   -73.85861872365       -2.31       -1.51    6.9    6.67s
  4   -73.85929732201       -3.17       -1.84    5.5    5.26s
  5   -73.85940814871       -3.96       -2.23    5.1    5.10s
  6   -73.85943037083       -4.65       -3.12    5.5    5.46s
  7   -73.85943039098       -7.70       -3.51    5.1    5.25s
  8   -73.85943039365       -8.57       -4.09    2.9    3.94s
  9   -73.85943039419       -9.26       -4.65    4.4    4.84s
 10   -73.85943039428      -10.07       -5.05    5.0    5.13s
 11   -73.85943039428      -11.37       -5.97    4.8    5.46s
 12   -73.85943039428   +  -11.91       -6.33    5.7    5.83s
 13   -73.85943039428   +  -12.16       -6.71    4.3    4.44s
 14   -73.85943039428      -12.89       -7.22    4.1    4.34s
┌ Warning: Negative ρcore detected: Dual{ForwardDiff.Tag{var"#19#21"{@NamedTuple{ham::Hamiltonian, basis::PlaneWaveBasis{Float64, Float64, DFTK.CPU, FFTGrid{Float64, Float64, Array{StaticArraysCore.SVector{3, Int64}, 3}, Array{StaticArraysCore.SVector{3, Float64}, 3}}, Vector{StaticArraysCore.SVector{3, Int64}}}, energies::Energies{Float64}, converged::Bool, occupation_threshold::Float64, ρ::Array{Float64, 4}, τ::Nothing, α::Float64, eigenvalues::Vector{Vector{Float64}}, occupation::Vector{Vector{Float64}}, εF::Float64, n_bands_converge::Int64, n_iter::Int64, n_matvec::Int64, ψ::Vector{Matrix{ComplexF64}}, diagonalization::Vector{@NamedTuple{λ::Vector{Vector{Float64}}, X::Vector{Matrix{ComplexF64}}, residual_norms::Vector{Vector{Float64}}, n_iter::Vector{Int64}, converged::Bool, n_matvec::Int64}}, stage::Symbol, history_Δρ::Vector{Float64}, history_Etot::Vector{Float64}, timedout::Bool, runtime_ns::UInt64, algorithm::String}, Model{Float64, Float64}, Float64, MonkhorstPack, var"#case#4"{Matrix{Float64}, Float64, MonkhorstPack, Vector{StaticArraysCore.SVector{3, Float64}}, Vector{ElementPsp{PspUpf{Float64, Interpolations.Extrapolation{Float64, 1, Interpolations.GriddedInterpolation{Float64, 1, Vector{Float64}, Interpolations.Gridded{Interpolations.Linear{Interpolations.Throw{Interpolations.OnGrid}}}, Tuple{Vector{Float64}}}, Interpolations.Gridded{Interpolations.Linear{Interpolations.Throw{Interpolations.OnGrid}}}, Interpolations.Throw{Nothing}}}}}, Float64, Float64, String}}, Float64}}(-3.18632534720955e-8,1.246738760563862e-7)
└ @ DFTK ~/.julia/packages/DFTK/n2IL4/src/terms/xc.jl:39
     2    -7.385943e+01     1.050162e-04
 * time: 434.6990399360657
┌ Warning: Negative ρcore detected: -3.177494005842769e-8
└ @ DFTK ~/.julia/packages/DFTK/n2IL4/src/terms/xc.jl:39
n     Energy            log10(ΔE)   log10(Δρ)   Diag   Δtime
---   ---------------   ---------   ---------   ----   ------
  1   -73.84558427959                   -0.93    9.5    8.83s
  2   -73.85365816900       -2.09       -1.14    5.2    5.08s
  3   -73.85861952592       -2.30       -1.51    6.7    6.62s
  4   -73.85929712761       -3.17       -1.84    5.4    5.52s
  5   -73.85940817627       -3.95       -2.23    4.9    5.36s
  6   -73.85943040973       -4.65       -3.11    5.4    5.72s
  7   -73.85943043169       -7.66       -3.51    5.1    5.76s
  8   -73.85943043484       -8.50       -4.11    2.7    3.83s
  9   -73.85943043534       -9.30       -4.63    4.6    5.08s
 10   -73.85943043538      -10.35       -5.10    4.7    4.82s
 11   -73.85943043539      -11.32       -5.99    4.9    5.20s
 12   -73.85943043539   +  -12.34       -6.36    5.6    5.82s
 13   -73.85943043539   +  -12.59       -6.80    4.3    4.56s
 14   -73.85943043539   +    -Inf       -7.26    4.2    4.44s
┌ Warning: Negative ρcore detected: -3.177494005842769e-8
└ @ DFTK ~/.julia/packages/DFTK/n2IL4/src/terms/xc.jl:39
n     Energy            log10(ΔE)   log10(Δρ)   Diag   Δtime
---   ---------------   ---------   ---------   ----   ------
  1   -73.84558598728                   -0.93    9.6    8.81s
  2   -73.85365318798       -2.09       -1.14    5.2    5.31s
  3   -73.85862134312       -2.30       -1.51    6.7    6.68s
  4   -73.85929705747       -3.17       -1.85    5.5    5.35s
  5   -73.85940851352       -3.95       -2.23    4.9    5.35s
  6   -73.85943040933       -4.66       -3.11    5.4    5.46s
  7   -73.85943043143       -7.66       -3.51    5.0    5.31s
  8   -73.85943043480       -8.47       -4.11    3.0    3.91s
  9   -73.85943043535       -9.26       -4.65    4.7    5.20s
 10   -73.85943043538      -10.48       -5.10    4.6    4.79s
 11   -73.85943043539      -11.32       -6.01    4.8    5.12s
 12   -73.85943043539   +  -12.50       -6.37    5.4    5.63s
 13   -73.85943043539   +  -12.37       -6.81    4.5    5.03s
 14   -73.85943043539      -12.85       -7.31    3.7    4.25s
┌ Warning: Negative ρcore detected: Dual{ForwardDiff.Tag{var"#19#21"{@NamedTuple{ham::Hamiltonian, basis::PlaneWaveBasis{Float64, Float64, DFTK.CPU, FFTGrid{Float64, Float64, Array{StaticArraysCore.SVector{3, Int64}, 3}, Array{StaticArraysCore.SVector{3, Float64}, 3}}, Vector{StaticArraysCore.SVector{3, Int64}}}, energies::Energies{Float64}, converged::Bool, occupation_threshold::Float64, ρ::Array{Float64, 4}, τ::Nothing, α::Float64, eigenvalues::Vector{Vector{Float64}}, occupation::Vector{Vector{Float64}}, εF::Float64, n_bands_converge::Int64, n_iter::Int64, n_matvec::Int64, ψ::Vector{Matrix{ComplexF64}}, diagonalization::Vector{@NamedTuple{λ::Vector{Vector{Float64}}, X::Vector{Matrix{ComplexF64}}, residual_norms::Vector{Vector{Float64}}, n_iter::Vector{Int64}, converged::Bool, n_matvec::Int64}}, stage::Symbol, history_Δρ::Vector{Float64}, history_Etot::Vector{Float64}, timedout::Bool, runtime_ns::UInt64, algorithm::String}, Model{Float64, Float64}, Float64, MonkhorstPack, var"#case#4"{Matrix{Float64}, Float64, MonkhorstPack, Vector{StaticArraysCore.SVector{3, Float64}}, Vector{ElementPsp{PspUpf{Float64, Interpolations.Extrapolation{Float64, 1, Interpolations.GriddedInterpolation{Float64, 1, Vector{Float64}, Interpolations.Gridded{Interpolations.Linear{Interpolations.Throw{Interpolations.OnGrid}}}, Tuple{Vector{Float64}}}, Interpolations.Gridded{Interpolations.Linear{Interpolations.Throw{Interpolations.OnGrid}}}, Interpolations.Throw{Nothing}}}}}, Float64, Float64, String}}, Float64}}(-3.177494005842769e-8,1.267707268639315e-7)
└ @ DFTK ~/.julia/packages/DFTK/n2IL4/src/terms/xc.jl:39
     3    -7.385943e+01     1.827496e-06
 * time: 648.8238990306854
┌ Warning: Negative ρcore detected: -3.177336275784366e-8
└ @ DFTK ~/.julia/packages/DFTK/n2IL4/src/terms/xc.jl:39
n     Energy            log10(ΔE)   log10(Δρ)   Diag   Δtime
---   ---------------   ---------   ---------   ----   ------
  1   -73.84557749765                   -0.93    9.6    8.95s
  2   -73.85366665288       -2.09       -1.14    5.2    5.16s
  3   -73.85861784260       -2.31       -1.51    6.7    6.71s
  4   -73.85929807443       -3.17       -1.85    5.4    5.35s
  5   -73.85940826794       -3.96       -2.23    5.0    5.26s
  6   -73.85943041063       -4.65       -3.11    5.5    5.60s
  7   -73.85943043176       -7.68       -3.50    4.9    5.28s
  8   -73.85943043476       -8.52       -4.09    2.8    3.80s
  9   -73.85943043532       -9.25       -4.64    4.5    4.88s
 10   -73.85943043539      -10.20       -5.07    4.9    4.98s
 11   -73.85943043539      -11.41       -5.99    4.8    5.05s
 12   -73.85943043539   +  -12.42       -6.34    5.6    5.64s
 13   -73.85943043539   +  -12.37       -6.78    4.6    4.70s
 14   -73.85943043539      -12.81       -7.33    3.5    4.14s
┌ Warning: Negative ρcore detected: -3.177336275784366e-8
└ @ DFTK ~/.julia/packages/DFTK/n2IL4/src/terms/xc.jl:39
n     Energy            log10(ΔE)   log10(Δρ)   Diag   Δtime
---   ---------------   ---------   ---------   ----   ------
  1   -73.84557607320                   -0.93    9.6    8.96s
  2   -73.85367695068       -2.09       -1.14    5.2    5.15s
  3   -73.85861514663       -2.31       -1.51    6.8    6.65s
  4   -73.85929874912       -3.17       -1.85    5.5    5.45s
  5   -73.85940800270       -3.96       -2.23    5.0    5.18s
  6   -73.85943041067       -4.65       -3.11    5.5    5.58s
  7   -73.85943043219       -7.67       -3.51    5.1    5.43s
  8   -73.85943043473       -8.59       -4.10    3.1    3.97s
  9   -73.85943043527       -9.27       -4.63    4.2    4.72s
 10   -73.85943043539       -9.94       -5.08    5.2    5.19s
 11   -73.85943043539      -11.43       -5.94    5.0    5.16s
 12   -73.85943043539   +  -12.15       -6.34    5.8    6.09s
 13   -73.85943043539   +  -12.45       -6.76    4.3    4.78s
 14   -73.85943043539      -12.94       -7.22    3.6    4.33s
┌ Warning: Negative ρcore detected: Dual{ForwardDiff.Tag{var"#19#21"{@NamedTuple{ham::Hamiltonian, basis::PlaneWaveBasis{Float64, Float64, DFTK.CPU, FFTGrid{Float64, Float64, Array{StaticArraysCore.SVector{3, Int64}, 3}, Array{StaticArraysCore.SVector{3, Float64}, 3}}, Vector{StaticArraysCore.SVector{3, Int64}}}, energies::Energies{Float64}, converged::Bool, occupation_threshold::Float64, ρ::Array{Float64, 4}, τ::Nothing, α::Float64, eigenvalues::Vector{Vector{Float64}}, occupation::Vector{Vector{Float64}}, εF::Float64, n_bands_converge::Int64, n_iter::Int64, n_matvec::Int64, ψ::Vector{Matrix{ComplexF64}}, diagonalization::Vector{@NamedTuple{λ::Vector{Vector{Float64}}, X::Vector{Matrix{ComplexF64}}, residual_norms::Vector{Vector{Float64}}, n_iter::Vector{Int64}, converged::Bool, n_matvec::Int64}}, stage::Symbol, history_Δρ::Vector{Float64}, history_Etot::Vector{Float64}, timedout::Bool, runtime_ns::UInt64, algorithm::String}, Model{Float64, Float64}, Float64, MonkhorstPack, var"#case#4"{Matrix{Float64}, Float64, MonkhorstPack, Vector{StaticArraysCore.SVector{3, Float64}}, Vector{ElementPsp{PspUpf{Float64, Interpolations.Extrapolation{Float64, 1, Interpolations.GriddedInterpolation{Float64, 1, Vector{Float64}, Interpolations.Gridded{Interpolations.Linear{Interpolations.Throw{Interpolations.OnGrid}}}, Tuple{Vector{Float64}}}, Interpolations.Gridded{Interpolations.Linear{Interpolations.Throw{Interpolations.OnGrid}}}, Interpolations.Throw{Nothing}}}}}, Float64, Float64, String}}, Float64}}(-3.177336275784366e-8,1.2680772566609137e-7)
└ @ DFTK ~/.julia/packages/DFTK/n2IL4/src/terms/xc.jl:39
     4    -7.385943e+01     2.607679e-08
 * time: 861.0728549957275
 * Status: success

 * Candidate solution
    Final objective value:     -7.385943e+01

 * Found with
    Algorithm:     L-BFGS

 * Convergence measures
    |x - x'|               = 1.24e-05 ≰ -1.0e+00
    |x - x'|/|x'|          = 2.17e-06 ≰ 0.0e+00
    |f(x) - f(x')|         = 1.32e-12 ≤ 1.0e-08
    |f(x) - f(x')|/|f(x')| = 1.79e-14 ≰ 0.0e+00
    |g(x)|                 = 2.61e-08 ≤ 1.0e-06

 * Work counters
    Seconds run:   861  (vs limit Inf)
    Iterations:    4
    f(x) calls:    5
    ∇f(x) calls:   5

V: 984.148925 seconds (729.82 M allocations: 343.730 GiB, 6.04% gc time, 0.01% compilation time)
