┌ Info: Threading setup: 
│   Threads.nthreads() = 1
│   n_DFTK = 1
│   n_fft = 1
└   n_blas = 1
┌ Info: 2025-05-13T21:07:08.287
│   name = "Si"
│   Ecut = 18.0
│   kgrid = MonkhorstPack([14, 14, 14])
│   p0 = ComponentVector{Float64}(a = 10.347246312603742)
│   temperature = 0.001
└   smearing = DFTK.Smearing.Gaussian()
n     Energy            log10(ΔE)   log10(Δρ)   Diag   Δtime
---   ---------------   ---------   ---------   ----   ------
  1   -8.443999052889                   -0.96    7.0    10.9s
  2   -8.445619277326       -2.79       -1.76    1.8    4.74s
  3   -8.445704078536       -4.07       -2.76    3.9    1.90s
  4   -8.445707123308       -5.52       -3.54    4.8    1.79s
  5   -8.445707278338       -6.81       -4.33    4.8    2.03s
  6   -8.445707284778       -8.19       -5.27    5.2    1.97s
  7   -8.445707284833      -10.26       -6.24    4.5    1.67s
  8   -8.445707284833      -12.45       -6.98    4.2    1.89s
  9   -8.445707284833      -13.97       -7.90    4.2    1.46s
Iter     Function value   Gradient norm 
     0    -8.445707e+00     2.132626e-03
 * time: 4.8160552978515625e-5
n     Energy            log10(ΔE)   log10(Δρ)   Diag   Δtime
---   ---------------   ---------   ---------   ----   ------
  1   -8.443998426349                   -0.96    7.2    2.40s
  2   -8.445623745918       -2.79       -1.76    1.9    1.05s
  3   -8.445708564442       -4.07       -2.76    3.9    1.82s
  4   -8.445711518828       -5.53       -3.55    5.0    1.73s
  5   -8.445711670990       -6.82       -4.33    4.9    1.90s
  6   -8.445711677554       -8.18       -5.27    5.0    1.68s
  7   -8.445711677605      -10.29       -6.27    4.5    1.93s
  8   -8.445711677606      -12.47       -7.02    4.2    1.56s
n     Energy            log10(ΔE)   log10(Δρ)   Diag   Δtime
---   ---------------   ---------   ---------   ----   ------
  1   -8.443988644046                   -0.96    7.3    2.40s
  2   -8.445618742652       -2.79       -1.76    1.7    1.01s
  3   -8.445708601245       -4.05       -2.76    4.0    1.92s
  4   -8.445711516847       -5.54       -3.56    4.8    1.95s
  5   -8.445711670931       -6.81       -4.30    5.1    1.69s
  6   -8.445711677543       -8.18       -5.23    5.0    1.91s
  7   -8.445711677605      -10.20       -6.06    4.6    1.67s
  8   -8.445711677606      -12.27       -6.94    3.8    1.76s
  9   -8.445711677606      -13.80       -7.86    4.4    1.56s
     1    -8.445712e+00     1.986910e-03
 * time: 43.20475697517395
n     Energy            log10(ΔE)   log10(Δρ)   Diag   Δtime
---   ---------------   ---------   ---------   ----   ------
  1   -8.443972481248                   -0.96    7.3    2.42s
  2   -8.445652743214       -2.77       -1.76    2.1    1.35s
  3   -8.445737102523       -4.07       -2.77    3.9    1.58s
  4   -8.445740090746       -5.52       -3.53    4.8    1.96s
  5   -8.445740258944       -6.77       -4.38    5.1    1.67s
  6   -8.445740264638       -8.24       -5.29    5.4    2.00s
  7   -8.445740264655      -10.77       -6.39    3.6    1.44s
  8   -8.445740264655      -12.63       -7.06    4.5    1.85s
n     Energy            log10(ΔE)   log10(Δρ)   Diag   Δtime
---   ---------------   ---------   ---------   ----   ------
  1   -8.443973695801                   -0.96    7.2    2.39s
  2   -8.445648935210       -2.78       -1.76    2.0    1.34s
  3   -8.445737037701       -4.06       -2.77    4.0    1.57s
  4   -8.445740087506       -5.52       -3.53    4.9    1.96s
  5   -8.445740258510       -6.77       -4.35    5.1    1.69s
  6   -8.445740264631       -8.21       -5.27    5.4    1.98s
  7   -8.445740264655      -10.61       -6.23    3.9    1.51s
  8   -8.445740264655      -12.53       -6.95    4.1    1.77s
  9   -8.445740264655      -13.85       -8.02    4.4    1.54s
     2    -8.445740e+00     3.019661e-05
 * time: 84.81929516792297
n     Energy            log10(ΔE)   log10(Δρ)   Diag   Δtime
---   ---------------   ---------   ---------   ----   ------
  1   -8.443967280974                   -0.96    7.1    2.39s
  2   -8.445644124897       -2.78       -1.76    1.9    1.27s
  3   -8.445737101777       -4.03       -2.77    3.9    1.55s
  4   -8.445740089344       -5.52       -3.53    4.9    1.95s
  5   -8.445740264379       -6.76       -4.31    5.1    1.67s
  6   -8.445740271104       -8.17       -5.19    5.2    1.95s
  7   -8.445740271136      -10.50       -6.17    3.7    1.49s
  8   -8.445740271136      -12.45       -6.93    3.8    1.78s
  9   -8.445740271136      -13.64       -8.13    4.8    1.64s
n     Energy            log10(ΔE)   log10(Δρ)   Diag   Δtime
---   ---------------   ---------   ---------   ----   ------
  1   -8.443984391657                   -0.96    7.1    2.38s
  2   -8.445649168389       -2.78       -1.76    2.0    1.07s
  3   -8.445736938233       -4.06       -2.77    3.9    2.15s
  4   -8.445740091601       -5.50       -3.52    4.9    1.75s
  5   -8.445740265087       -6.76       -4.36    5.1    1.90s
  6   -8.445740271119       -8.22       -5.28    5.1    1.74s
  7   -8.445740271136      -10.77       -6.30    3.7    1.72s
  8   -8.445740271136      -12.59       -6.99    4.1    1.55s
  9   -8.445740271136      -13.91       -8.10    4.7    1.83s
     3    -8.445740e+00     4.175584e-07
 * time: 127.66722917556763
 * Status: success

 * Candidate solution
    Final objective value:     -8.445740e+00

 * Found with
    Algorithm:     L-BFGS

 * Convergence measures
    |x - x'|               = 4.35e-04 ≰ -1.0e+00
    |x - x'|/|x'|          = 4.22e-05 ≰ 0.0e+00
    |f(x) - f(x')|         = 6.48e-09 ≤ 1.0e-08
    |f(x) - f(x')|/|f(x')| = 7.67e-10 ≰ 0.0e+00
    |g(x)|                 = 4.18e-07 ≤ 1.0e-06

 * Work counters
    Seconds run:   128  (vs limit Inf)
    Iterations:    3
    f(x) calls:    4
    ∇f(x) calls:   4

Si: 200.003042 seconds (323.61 M allocations: 63.779 GiB, 7.60% gc time, 24.33% compilation time: <1% of which was recompilation)
┌ Info: 2025-05-13T21:10:28.899
│   name = "NaCl"
│   Ecut = 44.0
│   kgrid = MonkhorstPack([13, 13, 13])
│   p0 = ComponentVector{Float64}(a = 10.746130571470083)
│   temperature = 0
└   smearing = DFTK.Smearing.None()
n     Energy            log10(ΔE)   log10(Δρ)   Diag   Δtime
---   ---------------   ---------   ---------   ----   ------
  1   -62.18070231290                   -1.12    8.5    17.6s
  2   -62.18633452738       -2.25       -1.23    2.8    7.27s
  3   -62.18989415237       -2.45       -2.03    3.5    8.14s
  4   -62.18996068290       -4.18       -2.81    3.0    7.60s
  5   -62.18996254713       -5.73       -3.32    3.8    9.06s
  6   -62.18996323718       -6.16       -4.05    3.6    8.82s
  7   -62.18996325278       -7.81       -4.53    4.1    9.52s
  8   -62.18996325369       -9.04       -5.80    3.4    8.44s
  9   -62.18996325371      -10.77       -6.49    4.7    10.8s
 10   -62.18996325371      -12.59       -7.48    4.0    9.23s
Iter     Function value   Gradient norm 
     0    -6.218996e+01     7.410427e-03
 * time: 3.409385681152344e-5
n     Energy            log10(ΔE)   log10(Δρ)   Diag   Δtime
---   ---------------   ---------   ---------   ----   ------
  1   -62.18073369303                   -1.12    8.2    15.3s
  2   -62.18633218596       -2.25       -1.23    2.7    6.78s
  3   -62.18994904149       -2.44       -2.04    3.5    8.14s
  4   -62.19001515099       -4.18       -2.85    3.0    7.58s
  5   -62.19001701430       -5.73       -3.41    4.0    9.29s
  6   -62.19001759564       -6.24       -4.14    3.8    8.74s
  7   -62.19001761032       -7.83       -4.64    3.8    8.86s
  8   -62.19001761093       -9.21       -5.90    3.4    8.19s
  9   -62.19001761094      -10.86       -6.80    4.6    10.6s
 10   -62.19001761094      -12.92       -7.45    4.0    9.33s
n     Energy            log10(ΔE)   log10(Δρ)   Diag   Δtime
---   ---------------   ---------   ---------   ----   ------
  1   -62.18073400506                   -1.12    8.1    15.2s
  2   -62.18633901249       -2.25       -1.23    2.7    6.75s
  3   -62.18994880945       -2.44       -2.04    3.6    8.16s
  4   -62.19001510896       -4.18       -2.84    2.9    7.73s
  5   -62.19001696981       -5.73       -3.38    3.9    9.31s
  6   -62.19001759506       -6.20       -4.11    3.7    8.66s
  7   -62.19001761022       -7.82       -4.59    4.0    10.2s
  8   -62.19001761093       -9.15       -5.86    3.4    8.28s
  9   -62.19001761094      -10.80       -6.57    4.7    10.5s
 10   -62.19001761094      -12.67       -7.51    3.9    9.30s
     1    -6.219002e+01     7.260203e-03
 * time: 218.82895612716675
n     Energy            log10(ΔE)   log10(Δρ)   Diag   Δtime
---   ---------------   ---------   ---------   ----   ------
  1   -62.18060099479                   -1.11    8.5    17.0s
  2   -62.18665722795       -2.22       -1.19    2.8    7.42s
  3   -62.19135728315       -2.33       -1.99    3.6    9.17s
  4   -62.19144957821       -4.03       -2.81    2.6    7.46s
  5   -62.19145194700       -5.63       -3.33    3.8    9.90s
  6   -62.19145285936       -6.04       -4.08    3.4    8.83s
  7   -62.19145288500       -7.59       -4.59    3.9    10.0s
  8   -62.19145288586       -9.06       -5.74    3.4    8.87s
  9   -62.19145288591      -10.30       -6.42    4.5    10.9s
 10   -62.19145288591      -12.44       -7.19    3.6    9.18s
n     Energy            log10(ΔE)   log10(Δρ)   Diag   Δtime
---   ---------------   ---------   ---------   ----   ------
  1   -62.18059579353                   -1.11    8.4    16.8s
  2   -62.18665481095       -2.22       -1.19    2.8    7.28s
  3   -62.19135677602       -2.33       -1.99    3.5    9.02s
  4   -62.19144957748       -4.03       -2.81    2.7    7.59s
  5   -62.19145193884       -5.63       -3.33    3.9    10.2s
  6   -62.19145285945       -6.04       -4.08    3.4    8.91s
  7   -62.19145288499       -7.59       -4.56    3.8    9.89s
  8   -62.19145288586       -9.06       -5.78    3.3    8.81s
  9   -62.19145288591      -10.31       -6.44    4.7    11.0s
 10   -62.19145288591      -12.43       -7.23    3.6    9.58s
     2    -6.219145e+01     1.110786e-03
 * time: 454.96617102622986
n     Energy            log10(ΔE)   log10(Δρ)   Diag   Δtime
---   ---------------   ---------   ---------   ----   ------
  1   -62.18031872612                   -1.10    8.3    16.6s
  2   -62.18648229522       -2.21       -1.18    2.7    7.27s
  3   -62.19139275595       -2.31       -1.97    3.4    9.07s
  4   -62.19149155793       -4.01       -2.79    2.4    7.29s
  5   -62.19149405441       -5.60       -3.29    3.8    10.1s
  6   -62.19149508122       -5.99       -4.01    3.4    9.14s
  7   -62.19149510923       -7.55       -4.44    3.7    10.1s
  8   -62.19149511062       -8.86       -5.73    3.2    8.71s
  9   -62.19149511069      -10.19       -6.29    4.8    11.6s
 10   -62.19149511069      -12.17       -7.18    3.6    9.23s
n     Energy            log10(ΔE)   log10(Δρ)   Diag   Δtime
---   ---------------   ---------   ---------   ----   ------
  1   -62.18031562213                   -1.10    8.3    16.4s
  2   -62.18648725518       -2.21       -1.18    2.6    7.12s
  3   -62.19139271407       -2.31       -1.97    3.5    9.03s
  4   -62.19149150210       -4.01       -2.79    2.5    7.26s
  5   -62.19149404610       -5.59       -3.29    3.9    10.1s
  6   -62.19149508179       -5.98       -4.00    3.3    8.63s
  7   -62.19149510917       -7.56       -4.44    3.7    9.51s
  8   -62.19149511062       -8.84       -5.73    3.3    8.89s
  9   -62.19149511069      -10.18       -6.38    4.8    11.0s
 10   -62.19149511069      -12.30       -7.09    3.4    8.82s
     3    -6.219150e+01     2.037742e-04
 * time: 681.9715349674225
n     Energy            log10(ΔE)   log10(Δρ)   Diag   Δtime
---   ---------------   ---------   ---------   ----   ------
  1   -62.18024563919                   -1.10    8.4    16.8s
  2   -62.18638855378       -2.21       -1.18    2.7    7.28s
  3   -62.19139449019       -2.30       -1.98    3.6    9.21s
  4   -62.19149294995       -4.01       -2.85    2.4    7.22s
  5   -62.19149570695       -5.56       -3.34    3.8    10.0s
  6   -62.19149661700       -6.04       -4.06    3.3    8.64s
  7   -62.19149664116       -7.62       -4.46    3.6    9.68s
  8   -62.19149664262       -8.83       -5.67    3.0    8.38s
  9   -62.19149664269      -10.18       -6.35    4.7    11.2s
 10   -62.19149664269      -12.30       -7.06    3.2    8.34s
n     Energy            log10(ΔE)   log10(Δρ)   Diag   Δtime
---   ---------------   ---------   ---------   ----   ------
  1   -62.18024710489                   -1.10    8.2    16.8s
  2   -62.18640584886       -2.21       -1.18    2.6    7.22s
  3   -62.19139369631       -2.30       -1.97    3.6    9.14s
  4   -62.19149309138       -4.00       -2.83    2.6    7.50s
  5   -62.19149566826       -5.59       -3.34    3.9    10.1s
  6   -62.19149661526       -6.02       -4.07    3.3    8.77s
  7   -62.19149664146       -7.58       -4.49    3.8    10.1s
  8   -62.19149664263       -8.93       -5.74    3.2    8.79s
  9   -62.19149664269      -10.21       -6.49    4.8    11.5s
 10   -62.19149664269      -12.48       -7.10    3.4    9.16s
     4    -6.219150e+01     7.439225e-06
 * time: 909.0312550067902
n     Energy            log10(ΔE)   log10(Δρ)   Diag   Δtime
---   ---------------   ---------   ---------   ----   ------
  1   -62.18024279180                   -1.10    8.5    17.6s
  2   -62.18643958752       -2.21       -1.18    2.6    7.26s
  3   -62.19139239189       -2.31       -1.97    3.4    9.21s
  4   -62.19149297894       -4.00       -2.78    2.5    7.47s
  5   -62.19149555010       -5.59       -3.28    3.7    10.0s
  6   -62.19149661385       -5.97       -4.00    3.2    8.57s
  7   -62.19149664330       -7.53       -4.46    3.7    9.88s
  8   -62.19149664469       -8.86       -5.66    3.2    8.83s
  9   -62.19149664476      -10.14       -6.23    4.6    11.4s
 10   -62.19149664476      -12.26       -7.21    3.3    9.08s
n     Energy            log10(ΔE)   log10(Δρ)   Diag   Δtime
---   ---------------   ---------   ---------   ----   ------
  1   -62.18024434862                   -1.10    8.4    17.0s
  2   -62.18643526728       -2.21       -1.18    2.6    7.02s
  3   -62.19139229585       -2.30       -1.97    3.5    9.04s
  4   -62.19149295897       -4.00       -2.77    2.5    7.29s
  5   -62.19149551347       -5.59       -3.26    3.7    9.77s
  6   -62.19149661313       -5.96       -3.96    3.3    8.80s
  7   -62.19149664298       -7.53       -4.37    3.7    9.78s
  8   -62.19149664468       -8.77       -5.71    3.2    8.63s
  9   -62.19149664476      -10.12       -6.18    4.8    11.7s
 10   -62.19149664476      -12.08       -7.16    3.4    8.79s
     5    -6.219150e+01     6.466548e-08
 * time: 1140.821517944336
 * Status: success

 * Candidate solution
    Final objective value:     -6.219150e+01

 * Found with
    Algorithm:     L-BFGS

 * Convergence measures
    |x - x'|               = 5.51e-04 ≰ -1.0e+00
    |x - x'|/|x'|          = 4.92e-05 ≰ 0.0e+00
    |f(x) - f(x')|         = 2.07e-09 ≤ 1.0e-08
    |f(x) - f(x')|/|f(x')| = 3.33e-11 ≰ 0.0e+00
    |g(x)|                 = 6.47e-08 ≤ 1.0e-06

 * Work counters
    Seconds run:   1141  (vs limit Inf)
    Iterations:    5
    f(x) calls:    6
    ∇f(x) calls:   6

NaCl: 1261.004042 seconds (1.42 G allocations: 400.470 GiB, 5.33% gc time, 0.24% compilation time)
┌ Info: 2025-05-13T21:31:29.932
│   name = "Al"
│   Ecut = 20.0
│   kgrid = MonkhorstPack([18, 18, 18])
│   p0 = ComponentVector{Float64}(a = 7.641925528121933)
│   temperature = 0.001
└   smearing = DFTK.Smearing.Gaussian()
n     Energy            log10(ΔE)   log10(Δρ)   Diag   Δtime
---   ---------------   ---------   ---------   ----   ------
  1   -2.314600117542                   -1.45    5.5    1.65s
  2   -2.314693317528       -4.03       -1.83    1.4    731ms
  3   -2.314716333195       -4.64       -3.53    3.4    1.24s
  4   -2.314716550384       -6.66       -4.12    4.6    1.84s
  5   -2.314716550659       -9.56       -4.67    2.5    1.01s
  6   -2.314716550681      -10.67       -5.55    2.8    1.32s
  7   -2.314716550682      -11.92       -5.99    3.2    1.18s
  8   -2.314716550682      -13.08       -6.72    2.5    1.27s
  9   -2.314716550682      -14.88       -7.28    2.7    1.06s
Iter     Function value   Gradient norm 
     0    -2.314717e+00     1.764697e-03
 * time: 3.0040740966796875e-5
n     Energy            log10(ΔE)   log10(Δρ)   Diag   Δtime
---   ---------------   ---------   ---------   ----   ------
  1   -2.314599349189                   -1.45    5.3    1.87s
  2   -2.314695806577       -4.02       -1.83    1.3    997ms
  3   -2.314719373552       -4.63       -3.53    3.3    1.27s
  4   -2.314719601907       -6.64       -4.10    4.5    1.88s
  5   -2.314719602202       -9.53       -4.66    2.5    1.08s
  6   -2.314719602226      -10.62       -5.57    2.7    1.34s
  7   -2.314719602227      -11.94       -5.99    3.1    1.20s
  8   -2.314719602227      -13.06       -6.72    2.5    1.06s
  9   -2.314719602227      -14.75       -7.27    2.8    1.33s
n     Energy            log10(ΔE)   log10(Δρ)   Diag   Δtime
---   ---------------   ---------   ---------   ----   ------
  1   -2.314596025907                   -1.45    5.5    1.92s
  2   -2.314696024383       -4.00       -1.83    1.4    780ms
  3   -2.314719336493       -4.63       -3.56    3.3    1.44s
  4   -2.314719601983       -6.58       -4.14    4.6    1.80s
  5   -2.314719602209       -9.65       -4.68    2.4    992ms
  6   -2.314719602225      -10.78       -5.46    2.6    1.04s
  7   -2.314719602227      -11.81       -5.93    3.0    1.44s
  8   -2.314719602227      -12.96       -6.72    2.6    1.03s
  9   -2.314719602227      -14.51       -7.33    3.1    1.39s
     1    -2.314720e+00     1.693752e-03
 * time: 52.44381403923035
n     Energy            log10(ΔE)   log10(Δρ)   Diag   Δtime
---   ---------------   ---------   ---------   ----   ------
  1   -2.314646067226                   -1.45    5.5    1.93s
  2   -2.314732010932       -4.07       -1.83    1.3    719ms
  3   -2.314754623869       -4.65       -3.49    3.3    1.52s
  4   -2.314754853587       -6.64       -4.13    4.5    1.56s
  5   -2.314754853870       -9.55       -4.74    2.6    1.31s
  6   -2.314754853884      -10.85       -5.53    2.8    1.10s
  7   -2.314754853885      -11.92       -6.18    3.1    1.42s
  8   -2.314754853885      -13.78       -6.74    2.6    1.05s
  9   -2.314754853885      -15.35       -7.61    2.4    1.01s
n     Energy            log10(ΔE)   log10(Δρ)   Diag   Δtime
---   ---------------   ---------   ---------   ----   ------
  1   -2.314645994870                   -1.45    5.5    1.89s
  2   -2.314732442828       -4.06       -1.83    1.3    756ms
  3   -2.314754601478       -4.65       -3.51    3.3    1.49s
  4   -2.314754853619       -6.60       -4.15    4.5    1.51s
  5   -2.314754853869       -9.60       -4.75    2.6    1.28s
  6   -2.314754853883      -10.84       -5.52    2.9    1.08s
  7   -2.314754853885      -11.91       -6.19    3.1    1.40s
  8   -2.314754853885      -13.86       -6.79    2.7    1.05s
  9   -2.314754853885      -15.05       -7.63    2.5    1.25s
     2    -2.314755e+00     4.972593e-05
 * time: 104.03047609329224
n     Energy            log10(ΔE)   log10(Δρ)   Diag   Δtime
---   ---------------   ---------   ---------   ----   ------
  1   -2.314642231972                   -1.45    5.6    2.02s
  2   -2.314732539953       -4.04       -1.83    1.4    775ms
  3   -2.314754732717       -4.65       -3.52    3.3    1.62s
  4   -2.314754881512       -6.83       -4.19    4.5    1.64s
  5   -2.314754881728       -9.67       -4.77    2.6    1.34s
  6   -2.314754881740      -10.92       -5.46    2.8    1.10s
  7   -2.314754881741      -11.88       -6.16    2.9    1.40s
  8   -2.314754881741      -13.73       -6.59    2.8    1.18s
  9   -2.314754881741      -15.05       -7.59    1.9    972ms
n     Energy            log10(ΔE)   log10(Δρ)   Diag   Δtime
---   ---------------   ---------   ---------   ----   ------
  1   -2.314643420960                   -1.45    5.4    1.94s
  2   -2.314732719233       -4.05       -1.83    1.4    774ms
  3   -2.314754706098       -4.66       -3.50    3.4    1.54s
  4   -2.314754881455       -6.76       -4.15    4.5    1.58s
  5   -2.314754881724       -9.57       -4.74    2.6    1.37s
  6   -2.314754881740      -10.79       -5.55    2.8    1.11s
  7   -2.314754881741      -11.98       -6.16    3.1    1.46s
  8   -2.314754881741      -13.72       -6.65    2.5    1.06s
  9   -2.314754881741   +  -15.35       -7.66    2.0    977ms
     3    -2.314755e+00     3.310539e-06
 * time: 156.73300313949585
n     Energy            log10(ΔE)   log10(Δρ)   Diag   Δtime
---   ---------------   ---------   ---------   ----   ------
  1   -2.314642727698                   -1.45    5.5    1.97s
  2   -2.314732088203       -4.05       -1.83    1.4    763ms
  3   -2.314754676737       -4.65       -3.50    3.3    1.52s
  4   -2.314754881576       -6.69       -4.14    4.5    1.59s
  5   -2.314754881849       -9.56       -4.75    2.7    1.35s
  6   -2.314754881865      -10.81       -5.55    2.9    1.15s
  7   -2.314754881866      -11.99       -6.17    3.1    1.45s
  8   -2.314754881866      -13.83       -6.73    2.7    1.07s
  9   -2.314754881866      -14.75       -7.67    2.3    1.01s
n     Energy            log10(ΔE)   log10(Δρ)   Diag   Δtime
---   ---------------   ---------   ---------   ----   ------
  1   -2.314644416856                   -1.45    5.5    1.92s
  2   -2.314732237312       -4.06       -1.83    1.4    734ms
  3   -2.314754666357       -4.65       -3.51    3.4    1.52s
  4   -2.314754881612       -6.67       -4.16    4.5    1.53s
  5   -2.314754881851       -9.62       -4.75    2.7    1.33s
  6   -2.314754881865      -10.86       -5.48    2.8    1.08s
  7   -2.314754881866      -11.89       -6.16    3.0    1.37s
  8   -2.314754881866      -13.80       -6.71    2.6    1.03s
  9   -2.314754881866      -14.88       -7.63    2.4    1.25s
     4    -2.314755e+00     8.670309e-09
 * time: 208.996276140213
 * Status: success

 * Candidate solution
    Final objective value:     -2.314755e+00

 * Found with
    Algorithm:     L-BFGS

 * Convergence measures
    |x - x'|               = 7.50e-05 ≰ -1.0e+00
    |x - x'|/|x'|          = 9.87e-06 ≰ 0.0e+00
    |f(x) - f(x')|         = 1.25e-10 ≤ 1.0e-08
    |f(x) - f(x')|/|f(x')| = 5.38e-11 ≰ 0.0e+00
    |g(x)|                 = 8.67e-09 ≤ 1.0e-06

 * Work counters
    Seconds run:   209  (vs limit Inf)
    Iterations:    4
    f(x) calls:    5
    ∇f(x) calls:   5

Al: 239.588915 seconds (203.29 M allocations: 48.235 GiB, 6.26% gc time, 0.00% compilation time)
┌ Info: 2025-05-13T21:35:29.521
│   name = "V"
│   Ecut = 42.0
│   kgrid = MonkhorstPack([20, 20, 20])
│   p0 = ComponentVector{Float64}(a = 5.699267600684394)
│   temperature = 0.001
└   smearing = DFTK.Smearing.Gaussian()
┌ Warning: Negative ρcore detected: -3.4151886922104144e-8
└ @ DFTK ~/.julia/packages/DFTK/n2IL4/src/terms/xc.jl:39
n     Energy            log10(ΔE)   log10(Δρ)   Diag   Δtime
---   ---------------   ---------   ---------   ----   ------
  1   -73.71868326963                   -0.87    9.6    8.92s
  2   -73.73052386303       -1.93       -1.08    5.5    5.30s
  3   -73.73672457048       -2.21       -1.42    6.9    6.68s
  4   -73.73775897685       -2.99       -1.80    5.7    5.36s
  5   -73.73789289984       -3.87       -2.21    4.9    5.09s
  6   -73.73791651760       -4.63       -3.09    5.5    5.65s
  7   -73.73791654557       -7.55       -3.54    4.4    4.87s
  8   -73.73791654962       -8.39       -4.19    5.1    5.32s
  9   -73.73791655003       -9.39       -4.56    4.2    4.71s
 10   -73.73791655042       -9.41       -5.13    5.3    5.40s
 11   -73.73791655042      -11.14       -6.08    5.3    5.49s
 12   -73.73791655042   +  -13.00       -6.63    5.8    5.87s
 13   -73.73791655042      -13.85       -6.99    4.0    4.33s
 14   -73.73791655042   +  -13.55       -7.50    5.1    5.28s
┌ Warning: Negative ρcore detected: Dual{ForwardDiff.Tag{var"#19#21"{@NamedTuple{ham::Hamiltonian, basis::PlaneWaveBasis{Float64, Float64, DFTK.CPU, FFTGrid{Float64, Float64, Array{StaticArraysCore.SVector{3, Int64}, 3}, Array{StaticArraysCore.SVector{3, Float64}, 3}}, Vector{StaticArraysCore.SVector{3, Int64}}}, energies::Energies{Float64}, converged::Bool, occupation_threshold::Float64, ρ::Array{Float64, 4}, τ::Nothing, α::Float64, eigenvalues::Vector{Vector{Float64}}, occupation::Vector{Vector{Float64}}, εF::Float64, n_bands_converge::Int64, n_iter::Int64, n_matvec::Int64, ψ::Vector{Matrix{ComplexF64}}, diagonalization::Vector{@NamedTuple{λ::Vector{Vector{Float64}}, X::Vector{Matrix{ComplexF64}}, residual_norms::Vector{Vector{Float64}}, n_iter::Vector{Int64}, converged::Bool, n_matvec::Int64}}, stage::Symbol, history_Δρ::Vector{Float64}, history_Etot::Vector{Float64}, timedout::Bool, runtime_ns::UInt64, algorithm::String}, Model{Float64, Float64}, Float64, MonkhorstPack, var"#case#4"{Matrix{Float64}, Float64, MonkhorstPack, Vector{StaticArraysCore.SVector{3, Float64}}, Vector{ElementPsp{PspUpf{Float64, Interpolations.Extrapolation{Float64, 1, Interpolations.GriddedInterpolation{Float64, 1, Vector{Float64}, Interpolations.Gridded{Interpolations.Linear{Interpolations.Throw{Interpolations.OnGrid}}}, Tuple{Vector{Float64}}}, Interpolations.Gridded{Interpolations.Linear{Interpolations.Throw{Interpolations.OnGrid}}}, Interpolations.Throw{Nothing}}}}}, Float64, Float64, String}}, Float64}}(-3.4151886922104144e-8,-1.2413273474001241e-8)
└ @ DFTK ~/.julia/packages/DFTK/n2IL4/src/terms/xc.jl:39
Iter     Function value   Gradient norm 
     0    -7.373792e+01     3.872261e-03
 * time: 2.5987625122070312e-5
┌ Warning: Negative ρcore detected: -3.407216042957096e-8
└ @ DFTK ~/.julia/packages/DFTK/n2IL4/src/terms/xc.jl:39
n     Energy            log10(ΔE)   log10(Δρ)   Diag   Δtime
---   ---------------   ---------   ---------   ----   ------
  1   -73.71879671520                   -0.87    9.8    9.17s
  2   -73.73055962099       -1.93       -1.08    5.4    5.31s
  3   -73.73674228696       -2.21       -1.42    6.9    6.75s
  4   -73.73777223816       -2.99       -1.80    5.9    5.56s
  5   -73.73790802849       -3.87       -2.22    5.1    5.38s
  6   -73.73793037114       -4.65       -3.09    5.6    5.65s
  7   -73.73793040636       -7.45       -3.54    4.6    5.09s
  8   -73.73793041088       -8.34       -4.15    5.2    5.94s
  9   -73.73793041126       -9.42       -4.57    4.1    4.63s
 10   -73.73793041168       -9.38       -5.10    5.3    5.30s
 11   -73.73793041168      -11.24       -6.01    5.4    5.50s
 12   -73.73793041168      -12.73       -6.55    5.8    5.90s
 13   -73.73793041168      -13.37       -6.98    5.1    5.21s
 14   -73.73793041168   +  -13.25       -7.55    5.3    5.53s
┌ Warning: Negative ρcore detected: -3.407216042957096e-8
└ @ DFTK ~/.julia/packages/DFTK/n2IL4/src/terms/xc.jl:39
n     Energy            log10(ΔE)   log10(Δρ)   Diag   Δtime
---   ---------------   ---------   ---------   ----   ------
  1   -73.71878765129                   -0.87    9.9    9.12s
  2   -73.73056181661       -1.93       -1.08    5.5    5.43s
  3   -73.73674291946       -2.21       -1.42    7.0    6.86s
  4   -73.73777176212       -2.99       -1.80    5.7    5.48s
  5   -73.73790791029       -3.87       -2.22    5.1    5.25s
  6   -73.73793037158       -4.65       -3.09    5.6    5.68s
  7   -73.73793040624       -7.46       -3.53    4.6    5.05s
  8   -73.73793041098       -8.32       -4.15    5.1    5.15s
  9   -73.73793041128       -9.51       -4.56    3.9    4.54s
 10   -73.73793041167       -9.41       -5.08    5.3    5.40s
 11   -73.73793041168      -11.20       -6.01    5.3    5.53s
 12   -73.73793041168      -13.00       -6.54    5.8    5.84s
 13   -73.73793041168      -13.85       -6.92    4.6    4.83s
 14   -73.73793041168   +    -Inf       -7.38    5.3    5.48s
┌ Warning: Negative ρcore detected: Dual{ForwardDiff.Tag{var"#19#21"{@NamedTuple{ham::Hamiltonian, basis::PlaneWaveBasis{Float64, Float64, DFTK.CPU, FFTGrid{Float64, Float64, Array{StaticArraysCore.SVector{3, Int64}, 3}, Array{StaticArraysCore.SVector{3, Float64}, 3}}, Vector{StaticArraysCore.SVector{3, Int64}}}, energies::Energies{Float64}, converged::Bool, occupation_threshold::Float64, ρ::Array{Float64, 4}, τ::Nothing, α::Float64, eigenvalues::Vector{Vector{Float64}}, occupation::Vector{Vector{Float64}}, εF::Float64, n_bands_converge::Int64, n_iter::Int64, n_matvec::Int64, ψ::Vector{Matrix{ComplexF64}}, diagonalization::Vector{@NamedTuple{λ::Vector{Vector{Float64}}, X::Vector{Matrix{ComplexF64}}, residual_norms::Vector{Vector{Float64}}, n_iter::Vector{Int64}, converged::Bool, n_matvec::Int64}}, stage::Symbol, history_Δρ::Vector{Float64}, history_Etot::Vector{Float64}, timedout::Bool, runtime_ns::UInt64, algorithm::String}, Model{Float64, Float64}, Float64, MonkhorstPack, var"#case#4"{Matrix{Float64}, Float64, MonkhorstPack, Vector{StaticArraysCore.SVector{3, Float64}}, Vector{ElementPsp{PspUpf{Float64, Interpolations.Extrapolation{Float64, 1, Interpolations.GriddedInterpolation{Float64, 1, Vector{Float64}, Interpolations.Gridded{Interpolations.Linear{Interpolations.Throw{Interpolations.OnGrid}}}, Tuple{Vector{Float64}}}, Interpolations.Gridded{Interpolations.Linear{Interpolations.Throw{Interpolations.OnGrid}}}, Interpolations.Throw{Nothing}}}}}, Float64, Float64, String}}, Float64}}(-3.407216042957096e-8,-2.8842534504514065e-8)
└ @ DFTK ~/.julia/packages/DFTK/n2IL4/src/terms/xc.jl:39
     1    -7.373793e+01     3.286227e-03
 * time: 219.86295008659363
┌ Warning: Negative ρcore detected: -3.2379022496872785e-8
└ @ DFTK ~/.julia/packages/DFTK/n2IL4/src/terms/xc.jl:39
n     Energy            log10(ΔE)   log10(Δρ)   Diag   Δtime
---   ---------------   ---------   ---------   ----   ------
  1   -73.71937699681                   -0.87    9.6    8.78s
  2   -73.73060590722       -1.95       -1.08    5.5    5.82s
  3   -73.73681221269       -2.21       -1.43    6.9    6.69s
  4   -73.73779874461       -3.01       -1.79    5.6    5.32s
  5   -73.73794569490       -3.83       -2.24    5.1    5.13s
  6   -73.73796573318       -4.70       -3.08    5.5    5.55s
  7   -73.73796576025       -7.57       -3.51    4.4    4.85s
  8   -73.73796576327       -8.52       -4.06    4.2    4.52s
  9   -73.73796576353       -9.57       -4.61    3.9    4.82s
 10   -73.73796576371       -9.75       -4.82    5.3    5.22s
 11   -73.73796576374      -10.61       -5.70    4.7    4.80s
 12   -73.73796576374      -12.26       -6.38    4.8    5.12s
 13   -73.73796576374      -12.70       -6.52    5.4    5.38s
 14   -73.73796576374   +    -Inf       -6.92    5.0    4.88s
 15   -73.73796576374   +  -13.37       -8.01    4.9    4.98s
┌ Warning: Negative ρcore detected: -3.2379022496872785e-8
└ @ DFTK ~/.julia/packages/DFTK/n2IL4/src/terms/xc.jl:39
n     Energy            log10(ΔE)   log10(Δρ)   Diag   Δtime
---   ---------------   ---------   ---------   ----   ------
  1   -73.71937648827                   -0.87    9.6    8.80s
  2   -73.73061257688       -1.95       -1.08    5.4    5.31s
  3   -73.73681131509       -2.21       -1.43    6.9    6.74s
  4   -73.73779899258       -3.01       -1.79    5.7    5.46s
  5   -73.73794578053       -3.83       -2.24    5.1    5.30s
  6   -73.73796573174       -4.70       -3.08    5.5    5.63s
  7   -73.73796576029       -7.54       -3.51    4.5    4.99s
  8   -73.73796576327       -8.53       -4.06    4.3    4.65s
  9   -73.73796576353       -9.58       -4.61    4.0    4.53s
 10   -73.73796576371       -9.74       -4.82    5.3    5.20s
 11   -73.73796576374      -10.62       -5.71    4.7    4.85s
 12   -73.73796576374      -12.18       -6.39    4.9    5.17s
 13   -73.73796576374      -13.37       -6.53    5.3    5.29s
 14   -73.73796576374      -13.85       -6.91    4.9    4.78s
 15   -73.73796576374   +  -13.85       -7.99    4.9    4.96s
┌ Warning: Negative ρcore detected: Dual{ForwardDiff.Tag{var"#19#21"{@NamedTuple{ham::Hamiltonian, basis::PlaneWaveBasis{Float64, Float64, DFTK.CPU, FFTGrid{Float64, Float64, Array{StaticArraysCore.SVector{3, Int64}, 3}, Array{StaticArraysCore.SVector{3, Float64}, 3}}, Vector{StaticArraysCore.SVector{3, Int64}}}, energies::Energies{Float64}, converged::Bool, occupation_threshold::Float64, ρ::Array{Float64, 4}, τ::Nothing, α::Float64, eigenvalues::Vector{Vector{Float64}}, occupation::Vector{Vector{Float64}}, εF::Float64, n_bands_converge::Int64, n_iter::Int64, n_matvec::Int64, ψ::Vector{Matrix{ComplexF64}}, diagonalization::Vector{@NamedTuple{λ::Vector{Vector{Float64}}, X::Vector{Matrix{ComplexF64}}, residual_norms::Vector{Vector{Float64}}, n_iter::Vector{Int64}, converged::Bool, n_matvec::Int64}}, stage::Symbol, history_Δρ::Vector{Float64}, history_Etot::Vector{Float64}, timedout::Bool, runtime_ns::UInt64, algorithm::String}, Model{Float64, Float64}, Float64, MonkhorstPack, var"#case#4"{Matrix{Float64}, Float64, MonkhorstPack, Vector{StaticArraysCore.SVector{3, Float64}}, Vector{ElementPsp{PspUpf{Float64, Interpolations.Extrapolation{Float64, 1, Interpolations.GriddedInterpolation{Float64, 1, Vector{Float64}, Interpolations.Gridded{Interpolations.Linear{Interpolations.Throw{Interpolations.OnGrid}}}, Tuple{Vector{Float64}}}, Interpolations.Gridded{Interpolations.Linear{Interpolations.Throw{Interpolations.OnGrid}}}, Interpolations.Throw{Nothing}}}}}, Float64, Float64, String}}, Float64}}(-3.2379022496872785e-8,-1.2950743322294988e-7)
└ @ DFTK ~/.julia/packages/DFTK/n2IL4/src/terms/xc.jl:39
     2    -7.373797e+01     4.281733e-05
 * time: 442.0525040626526
┌ Warning: Negative ρcore detected: -3.24149978030931e-8
└ @ DFTK ~/.julia/packages/DFTK/n2IL4/src/terms/xc.jl:39
n     Energy            log10(ΔE)   log10(Δρ)   Diag   Δtime
---   ---------------   ---------   ---------   ----   ------
  1   -73.71936865122                   -0.87    9.8    8.70s
  2   -73.73060142650       -1.95       -1.08    5.5    5.55s
  3   -73.73681308017       -2.21       -1.43    6.9    6.80s
  4   -73.73779823088       -3.01       -1.79    5.8    5.50s
  5   -73.73794662848       -3.83       -2.25    5.1    5.26s
  6   -73.73796574183       -4.72       -3.08    5.5    5.65s
  7   -73.73796576630       -7.61       -3.51    4.5    4.96s
  8   -73.73796576921       -8.54       -4.08    4.0    4.53s
  9   -73.73796576945       -9.61       -4.61    4.1    4.67s
 10   -73.73796576961       -9.80       -4.80    5.3    5.27s
 11   -73.73796576964      -10.64       -5.69    4.7    4.80s
 12   -73.73796576964      -12.05       -6.38    5.0    5.58s
 13   -73.73796576964      -12.94       -6.61    5.2    5.33s
 14   -73.73796576964      -13.37       -6.94    5.2    5.11s
 15   -73.73796576964   +  -13.07       -8.07    5.0    5.02s
┌ Warning: Negative ρcore detected: -3.24149978030931e-8
└ @ DFTK ~/.julia/packages/DFTK/n2IL4/src/terms/xc.jl:39
n     Energy            log10(ΔE)   log10(Δρ)   Diag   Δtime
---   ---------------   ---------   ---------   ----   ------
  1   -73.71936161294                   -0.87    9.8    9.18s
  2   -73.73061768252       -1.95       -1.08    5.5    5.36s
  3   -73.73681037489       -2.21       -1.42    7.0    6.85s
  4   -73.73779918925       -3.00       -1.79    5.7    5.56s
  5   -73.73794675371       -3.83       -2.25    5.1    5.21s
  6   -73.73796574002       -4.72       -3.08    5.6    5.75s
  7   -73.73796576641       -7.58       -3.52    4.6    4.95s
  8   -73.73796576915       -8.56       -4.08    4.1    4.63s
  9   -73.73796576943       -9.56       -4.61    4.0    4.63s
 10   -73.73796576961       -9.73       -4.81    5.3    5.33s
 11   -73.73796576964      -10.68       -5.70    4.6    4.73s
 12   -73.73796576964      -12.11       -6.40    4.9    5.38s
 13   -73.73796576964      -13.15       -6.60    5.2    5.44s
 14   -73.73796576964      -13.07       -6.93    5.1    5.08s
 15   -73.73796576964   +  -12.89       -8.10    5.0    5.05s
┌ Warning: Negative ρcore detected: Dual{ForwardDiff.Tag{var"#19#21"{@NamedTuple{ham::Hamiltonian, basis::PlaneWaveBasis{Float64, Float64, DFTK.CPU, FFTGrid{Float64, Float64, Array{StaticArraysCore.SVector{3, Int64}, 3}, Array{StaticArraysCore.SVector{3, Float64}, 3}}, Vector{StaticArraysCore.SVector{3, Int64}}}, energies::Energies{Float64}, converged::Bool, occupation_threshold::Float64, ρ::Array{Float64, 4}, τ::Nothing, α::Float64, eigenvalues::Vector{Vector{Float64}}, occupation::Vector{Vector{Float64}}, εF::Float64, n_bands_converge::Int64, n_iter::Int64, n_matvec::Int64, ψ::Vector{Matrix{ComplexF64}}, diagonalization::Vector{@NamedTuple{λ::Vector{Vector{Float64}}, X::Vector{Matrix{ComplexF64}}, residual_norms::Vector{Vector{Float64}}, n_iter::Vector{Int64}, converged::Bool, n_matvec::Int64}}, stage::Symbol, history_Δρ::Vector{Float64}, history_Etot::Vector{Float64}, timedout::Bool, runtime_ns::UInt64, algorithm::String}, Model{Float64, Float64}, Float64, MonkhorstPack, var"#case#4"{Matrix{Float64}, Float64, MonkhorstPack, Vector{StaticArraysCore.SVector{3, Float64}}, Vector{ElementPsp{PspUpf{Float64, Interpolations.Extrapolation{Float64, 1, Interpolations.GriddedInterpolation{Float64, 1, Vector{Float64}, Interpolations.Gridded{Interpolations.Linear{Interpolations.Throw{Interpolations.OnGrid}}}, Tuple{Vector{Float64}}}, Interpolations.Gridded{Interpolations.Linear{Interpolations.Throw{Interpolations.OnGrid}}}, Interpolations.Throw{Nothing}}}}}, Float64, Float64, String}}, Float64}}(-3.24149978030931e-8,-1.2812172113007436e-7)
└ @ DFTK ~/.julia/packages/DFTK/n2IL4/src/terms/xc.jl:39
     3    -7.373797e+01     5.092819e-07
 * time: 666.6028099060059
 * Status: success

 * Candidate solution
    Final objective value:     -7.373797e+01

 * Found with
    Algorithm:     L-BFGS

 * Convergence measures
    |x - x'|               = 2.79e-04 ≰ -1.0e+00
    |x - x'|/|x'|          = 4.92e-05 ≰ 0.0e+00
    |f(x) - f(x')|         = 5.90e-09 ≤ 1.0e-08
    |f(x) - f(x')|/|f(x')| = 8.00e-11 ≰ 0.0e+00
    |g(x)|                 = 5.09e-07 ≤ 1.0e-06

 * Work counters
    Seconds run:   667  (vs limit Inf)
    Iterations:    3
    f(x) calls:    4
    ∇f(x) calls:   4

V: 785.118187 seconds (581.84 M allocations: 276.901 GiB, 5.92% gc time, 0.01% compilation time)
