n     Energy            log10(ΔE)   log10(Δρ)   Diag   Δtime
---   ---------------   ---------   ---------   ----   ------
  1   -8.403481436477                   -0.98    7.1    10.5s
  2   -8.405782968626       -2.64       -1.79    1.9    4.35s
  3   -8.405869819418       -4.06       -2.93    4.0    2.03s
  4   -8.405870366533       -6.26       -3.92    4.1    1.71s
  5   -8.405870369464       -8.53       -4.55    3.8    1.87s
  6   -8.405870369803       -9.47       -5.73    3.8    1.91s
  7   -8.405870369805      -11.71       -6.54    4.2    1.73s
  8   -8.405870369805   +  -14.27       -7.66    3.2    1.70s
Iter     Function value   Gradient norm 
     0    -8.405870e+00     1.094001e-02
 * time: 1.0013580322265625e-5
n     Energy            log10(ΔE)   log10(Δρ)   Diag   Δtime
---   ---------------   ---------   ---------   ----   ------
  1   -8.403561663442                   -0.98    7.3    2.41s
  2   -8.405899617805       -2.63       -1.79    2.2    1.42s
  3   -8.405985425744       -4.07       -2.95    4.1    1.71s
  4   -8.405985934467       -6.29       -3.94    4.2    2.04s
  5   -8.405985936391       -8.72       -4.62    4.0    1.63s
  6   -8.405985936633       -9.61       -5.77    4.0    1.87s
  7   -8.405985936635      -11.94       -6.62    4.2    1.74s
  8   -8.405985936635      -14.27       -7.63    3.4    1.77s
n     Energy            log10(ΔE)   log10(Δρ)   Diag   Δtime
---   ---------------   ---------   ---------   ----   ------
  1   -8.403561432082                   -0.98    7.3    2.42s
  2   -8.405897538055       -2.63       -1.79    2.3    1.42s
  3   -8.405985512518       -4.06       -2.94    4.0    1.68s
  4   -8.405985933022       -6.38       -3.93    4.1    1.99s
  5   -8.405985936244       -8.49       -4.53    4.1    1.74s
  6   -8.405985936633       -9.41       -5.74    4.0    1.87s
  7   -8.405985936635      -11.77       -6.55    4.0    1.69s
  8   -8.405985936635   +    -Inf       -7.63    3.1    1.65s
     1    -8.405986e+00     1.018603e-02
 * time: 40.6951539516449
n     Energy            log10(ΔE)   log10(Δρ)   Diag   Δtime
---   ---------------   ---------   ---------   ----   ------
  1   -8.403931001669                   -0.96    7.0    2.32s
  2   -8.406612167061       -2.57       -1.83    2.1    1.10s
  3   -8.406697697441       -4.07       -2.85    4.0    1.97s
  4   -8.406698192187       -6.31       -3.92    3.9    1.62s
  5   -8.406698196743       -8.34       -4.48    4.2    1.95s
  6   -8.406698197171       -9.37       -5.44    3.9    1.56s
  7   -8.406698197181      -11.00       -6.58    4.0    1.94s
  8   -8.406698197181      -13.80       -7.56    3.8    1.57s
n     Energy            log10(ΔE)   log10(Δρ)   Diag   Δtime
---   ---------------   ---------   ---------   ----   ------
  1   -8.403911732357                   -0.96    7.0    2.37s
  2   -8.406605586774       -2.57       -1.83    2.2    1.11s
  3   -8.406697728183       -4.04       -2.85    4.1    1.97s
  4   -8.406698192336       -6.33       -3.93    3.9    1.60s
  5   -8.406698196754       -8.35       -4.49    4.1    1.94s
  6   -8.406698197171       -9.38       -5.46    3.8    1.53s
  7   -8.406698197181      -11.03       -6.59    4.2    1.96s
  8   -8.406698197181      -13.85       -7.60    3.5    1.52s
     2    -8.406698e+00     8.005510e-04
 * time: 80.20767784118652
n     Energy            log10(ΔE)   log10(Δρ)   Diag   Δtime
---   ---------------   ---------   ---------   ----   ------
  1   -8.403979601562                   -0.96    7.1    2.36s
  2   -8.406614563208       -2.58       -1.83    2.0    1.31s
  3   -8.406701731644       -4.06       -2.84    4.2    1.69s
  4   -8.406702214416       -6.32       -3.91    3.9    1.88s
  5   -8.406702219976       -8.25       -4.44    4.2    1.76s
  6   -8.406702220498       -9.28       -5.48    3.7    1.80s
  7   -8.406702220507      -11.05       -6.57    4.1    1.68s
  8   -8.406702220507      -13.97       -7.64    3.7    1.85s
n     Energy            log10(ΔE)   log10(Δρ)   Diag   Δtime
---   ---------------   ---------   ---------   ----   ------
  1   -8.403979957720                   -0.96    7.1    2.37s
  2   -8.406617069129       -2.58       -1.83    2.1    1.35s
  3   -8.406701749743       -4.07       -2.84    4.2    1.70s
  4   -8.406702215161       -6.33       -3.92    3.9    1.89s
  5   -8.406702220029       -8.31       -4.46    4.1    1.70s
  6   -8.406702220498       -9.33       -5.49    3.8    1.82s
  7   -8.406702220507      -11.06       -6.56    4.2    1.70s
  8   -8.406702220507      -13.67       -7.64    3.8    1.86s
     3    -8.406702e+00     5.197481e-05
 * time: 120.00134301185608
n     Energy            log10(ΔE)   log10(Δρ)   Diag   Δtime
---   ---------------   ---------   ---------   ----   ------
  1   -8.403972193525                   -0.96    7.2    2.41s
  2   -8.406609974161       -2.58       -1.83    2.1    1.08s
  3   -8.406701724762       -4.04       -2.84    4.0    1.90s
  4   -8.406702231958       -6.29       -3.91    4.0    1.61s
  5   -8.406702237142       -8.29       -4.45    4.1    1.93s
  6   -8.406702237638       -9.30       -5.50    3.8    1.53s
  7   -8.406702237647      -11.06       -6.55    4.2    1.96s
  8   -8.406702237647      -14.45       -7.69    3.4    1.48s
n     Energy            log10(ΔE)   log10(Δρ)   Diag   Δtime
---   ---------------   ---------   ---------   ----   ------
  1   -8.403969057366                   -0.96    7.1    2.45s
  2   -8.406611503358       -2.58       -1.83    2.2    1.12s
  3   -8.406701755414       -4.04       -2.85    4.1    1.93s
  4   -8.406702232218       -6.32       -3.91    4.0    1.63s
  5   -8.406702237131       -8.31       -4.45    4.2    1.96s
  6   -8.406702237638       -9.29       -5.50    3.8    1.52s
  7   -8.406702237647      -11.03       -6.57    4.1    1.96s
  8   -8.406702237647      -13.97       -7.87    3.5    1.57s
     4    -8.406702e+00     2.386646e-07
 * time: 160.1750979423523
 * Status: success

 * Candidate solution
    Final objective value:     -8.406702e+00

 * Found with
    Algorithm:     L-BFGS

 * Convergence measures
    |x - x'|               = 6.57e-04 ≰ -1.0e+00
    |x - x'|/|x'|          = 6.44e-05 ≰ 0.0e+00
    |f(x) - f(x')|         = 1.71e-08 ≰ 1.0e-08
    |f(x) - f(x')|/|f(x')| = 2.04e-09 ≰ 0.0e+00
    |g(x)|                 = 2.39e-07 ≤ 1.0e-06

 * Work counters
    Seconds run:   160  (vs limit Inf)
    Iterations:    4
    f(x) calls:    5
    ∇f(x) calls:   5

Si: 228.828900 seconds (365.25 M allocations: 72.706 GiB, 8.11% gc time, 20.33% compilation time: <1% of which was recompilation)
n     Energy            log10(ΔE)   log10(Δρ)   Diag   Δtime
---   ---------------   ---------   ---------   ----   ------
  1   -61.79635178990                   -1.17    8.4    18.6s
  2   -61.79875687203       -2.62       -1.28    3.0    8.65s
  3   -61.80152040494       -2.56       -2.24    4.3    10.3s
  4   -61.80151731964   +   -5.51       -2.49    4.2    10.8s
  5   -61.80152919486       -4.93       -3.58    3.0    7.53s
  6   -61.80152921409       -7.72       -4.56    4.4    10.6s
  7   -61.80152921430       -9.69       -5.47    4.3    11.1s
  8   -61.80152921430      -11.50       -7.09    4.2    10.7s
Iter     Function value   Gradient norm 
     0    -6.180153e+01     1.297104e-02
 * time: 3.0994415283203125e-6
n     Energy            log10(ΔE)   log10(Δρ)   Diag   Δtime
---   ---------------   ---------   ---------   ----   ------
  1   -61.79653767607                   -1.17    8.3    16.2s
  2   -61.79895868344       -2.62       -1.28    2.9    7.82s
  3   -61.80168754013       -2.56       -2.24    4.2    10.5s
  4   -61.80168445590   +   -5.51       -2.49    4.0    10.1s
  5   -61.80169626763       -4.93       -3.58    2.8    7.42s
  6   -61.80169628726       -7.71       -4.54    4.1    10.5s
  7   -61.80169628744       -9.75       -5.73    4.2    11.1s
  8   -61.80169628744      -11.97       -6.87    4.3    11.0s
  9   -61.80169628744   +  -13.37       -7.78    4.2    10.7s
n     Energy            log10(ΔE)   log10(Δρ)   Diag   Δtime
---   ---------------   ---------   ---------   ----   ------
  1   -61.79654301914                   -1.17    8.4    17.0s
  2   -61.79895197570       -2.62       -1.28    2.9    8.00s
  3   -61.80168755424       -2.56       -2.24    4.1    10.2s
  4   -61.80168453384   +   -5.52       -2.49    4.1    10.4s
  5   -61.80169626791       -4.93       -3.58    2.9    7.83s
  6   -61.80169628725       -7.71       -4.56    4.3    10.7s
  7   -61.80169628744       -9.72       -5.54    4.2    10.8s
  8   -61.80169628744      -11.65       -7.08    4.2    11.0s
     1    -6.180170e+01     1.278936e-02
 * time: 212.18949508666992
n     Energy            log10(ΔE)   log10(Δρ)   Diag   Δtime
---   ---------------   ---------   ---------   ----   ------
  1   -61.80023695694                   -1.18    8.5    14.7s
  2   -61.80284759083       -2.58       -1.32    3.2    7.43s
  3   -61.80455939639       -2.77       -2.28    4.2    9.01s
  4   -61.80455973753       -6.47       -2.71    4.1    9.15s
  5   -61.80456336526       -5.44       -3.66    3.6    7.53s
  6   -61.80456337403       -8.06       -4.65    4.2    9.33s
  7   -61.80456337412      -10.03       -5.46    4.1    9.40s
  8   -61.80456337412      -11.64       -6.88    4.1    9.21s
  9   -61.80456337412   +  -14.15       -8.09    4.3    9.68s
n     Energy            log10(ΔE)   log10(Δρ)   Diag   Δtime
---   ---------------   ---------   ---------   ----   ------
  1   -61.80023413937                   -1.18    8.3    14.9s
  2   -61.80284694259       -2.58       -1.32    3.2    7.62s
  3   -61.80455938443       -2.77       -2.28    4.2    9.33s
  4   -61.80455969330       -6.51       -2.71    4.2    9.45s
  5   -61.80456336524       -5.44       -3.66    3.5    7.44s
  6   -61.80456337403       -8.06       -4.65    4.1    9.34s
  7   -61.80456337412      -10.02       -5.59    4.2    9.59s
  8   -61.80456337412      -11.86       -6.73    4.2    9.53s
  9   -61.80456337412   +  -12.85       -8.09    4.1    9.33s
     2    -6.180456e+01     1.055088e-02
 * time: 411.51586294174194
n     Energy            log10(ΔE)   log10(Δρ)   Diag   Δtime
---   ---------------   ---------   ---------   ----   ------
  1   -61.80141658178                   -1.18    8.4    14.9s
  2   -61.80387619058       -2.61       -1.31    2.9    7.36s
  3   -61.80589571704       -2.69       -2.28    4.2    9.47s
  4   -61.80589426699   +   -5.84       -2.60    4.1    9.57s
  5   -61.80590095794       -5.17       -3.64    3.2    7.53s
  6   -61.80590096995       -7.92       -4.68    4.2    9.58s
  7   -61.80590097005      -10.04       -5.68    4.3    10.0s
  8   -61.80590097005      -11.95       -6.87    4.2    9.77s
  9   -61.80590097005      -13.19       -7.96    4.5    10.4s
n     Energy            log10(ΔE)   log10(Δρ)   Diag   Δtime
---   ---------------   ---------   ---------   ----   ------
  1   -61.80141944916                   -1.18    8.3    15.2s
  2   -61.80387397453       -2.61       -1.31    3.1    7.63s
  3   -61.80589574272       -2.69       -2.28    4.2    9.40s
  4   -61.80589430995   +   -5.84       -2.60    4.1    9.70s
  5   -61.80590095779       -5.18       -3.64    3.2    7.12s
  6   -61.80590096995       -7.91       -4.69    4.2    9.65s
  7   -61.80590097005      -10.03       -5.64    4.4    10.0s
  8   -61.80590097005      -11.86       -6.95    4.1    9.56s
  9   -61.80590097005      -13.30       -7.93    4.6    10.3s
     3    -6.180590e+01     3.030882e-03
 * time: 615.5297260284424
n     Energy            log10(ΔE)   log10(Δρ)   Diag   Δtime
---   ---------------   ---------   ---------   ----   ------
  1   -61.80164561426                   -1.18    8.3    14.9s
  2   -61.80413050470       -2.60       -1.32    3.2    7.71s
  3   -61.80606173364       -2.71       -2.28    4.3    9.56s
  4   -61.80606058087   +   -5.94       -2.62    4.2    9.50s
  5   -61.80606652161       -5.23       -3.64    3.2    7.13s
  6   -61.80606653289       -7.95       -4.65    4.1    9.34s
  7   -61.80606653299      -10.00       -5.57    4.3    10.2s
  8   -61.80606653299      -11.76       -6.83    4.1    9.42s
  9   -61.80606653299      -13.67       -7.94    4.6    10.3s
n     Energy            log10(ΔE)   log10(Δρ)   Diag   Δtime
---   ---------------   ---------   ---------   ----   ------
  1   -61.80165020098                   -1.18    8.4    15.0s
  2   -61.80412472884       -2.61       -1.32    3.2    7.65s
  3   -61.80606173807       -2.71       -2.29    4.3    9.39s
  4   -61.80606061011   +   -5.95       -2.62    4.2    9.78s
  5   -61.80606652226       -5.23       -3.65    3.4    7.21s
  6   -61.80606653290       -7.97       -4.70    4.2    9.42s
  7   -61.80606653299      -10.06       -5.46    4.4    9.85s
  8   -61.80606653299      -11.58       -6.97    4.1    9.21s
  9   -61.80606653299      -13.37       -7.93    4.7    10.9s
     4    -6.180607e+01     5.200515e-04
 * time: 818.8414330482483
n     Energy            log10(ΔE)   log10(Δρ)   Diag   Δtime
---   ---------------   ---------   ---------   ----   ------
  1   -61.80167264864                   -1.18    8.1    14.9s
  2   -61.80415683741       -2.60       -1.32    3.0    7.67s
  3   -61.80606645864       -2.72       -2.29    4.2    9.30s
  4   -61.80606542072   +   -5.98       -2.63    4.1    9.44s
  5   -61.80607118056       -5.24       -3.63    3.2    7.20s
  6   -61.80607119169       -7.95       -4.63    4.2    9.41s
  7   -61.80607119179       -9.98       -5.56    4.3    9.84s
  8   -61.80607119179      -11.80       -6.89    4.1    9.52s
  9   -61.80607119179      -13.67       -7.96    4.4    10.1s
n     Energy            log10(ΔE)   log10(Δρ)   Diag   Δtime
---   ---------------   ---------   ---------   ----   ------
  1   -61.80167591239                   -1.18    8.1    14.9s
  2   -61.80415907051       -2.60       -1.32    2.9    7.36s
  3   -61.80606645710       -2.72       -2.29    4.2    9.25s
  4   -61.80606539871   +   -5.98       -2.63    4.1    9.25s
  5   -61.80607118066       -5.24       -3.64    3.3    7.02s
  6   -61.80607119168       -7.96       -4.63    4.2    9.18s
  7   -61.80607119179       -9.96       -5.71    4.2    9.83s
  8   -61.80607119179      -12.09       -6.89    4.2    9.54s
  9   -61.80607119179      -14.15       -8.00    4.3    9.86s
     5    -6.180607e+01     3.365496e-05
 * time: 1022.4456949234009
n     Energy            log10(ΔE)   log10(Δρ)   Diag   Δtime
---   ---------------   ---------   ---------   ----   ------
  1   -61.80167177751                   -1.18    8.1    14.8s
  2   -61.80415525421       -2.60       -1.32    3.1    7.57s
  3   -61.80606645253       -2.72       -2.29    4.1    9.43s
  4   -61.80606541379   +   -5.98       -2.63    4.2    9.34s
  5   -61.80607119985       -5.24       -3.64    3.1    6.97s
  6   -61.80607121099       -7.95       -4.63    4.2    9.45s
  7   -61.80607121110       -9.98       -5.47    4.2    9.60s
  8   -61.80607121110      -11.61       -6.88    4.1    9.34s
  9   -61.80607121110   +  -13.45       -7.99    4.5    10.1s
n     Energy            log10(ΔE)   log10(Δρ)   Diag   Δtime
---   ---------------   ---------   ---------   ----   ------
  1   -61.80167091408                   -1.18    8.2    14.6s
  2   -61.80415026881       -2.61       -1.32    3.3    7.63s
  3   -61.80606651357       -2.72       -2.29    4.1    9.01s
  4   -61.80606543849   +   -5.97       -2.63    4.2    9.17s
  5   -61.80607120040       -5.24       -3.65    3.2    6.83s
  6   -61.80607121102       -7.97       -4.70    4.2    9.36s
  7   -61.80607121110      -10.09       -5.51    4.3    9.72s
  8   -61.80607121110      -11.63       -6.99    4.1    9.06s
  9   -61.80607121110   +  -13.37       -7.94    4.8    10.4s
     6    -6.180607e+01     3.440497e-07
 * time: 1222.5219049453735
 * Status: success

 * Candidate solution
    Final objective value:     -6.180607e+01

 * Found with
    Algorithm:     L-BFGS

 * Convergence measures
    |x - x'|               = 1.16e-03 ≰ -1.0e+00
    |x - x'|/|x'|          = 1.15e-04 ≰ 0.0e+00
    |f(x) - f(x')|         = 1.93e-08 ≰ 1.0e-08
    |f(x) - f(x')|/|f(x')| = 3.12e-10 ≰ 0.0e+00
    |g(x)|                 = 3.44e-07 ≤ 1.0e-06

 * Work counters
    Seconds run:   1223  (vs limit Inf)
    Iterations:    6
    f(x) calls:    7
    ∇f(x) calls:   7

NaCl: 1335.555906 seconds (1.25 G allocations: 366.434 GiB, 5.06% gc time, 0.24% compilation time)
n     Energy            log10(ΔE)   log10(Δρ)   Diag   Δtime
---   ---------------   ---------   ---------   ----   ------
  1   -2.309614771644                   -1.43    5.4    1.97s
  2   -2.309809825690       -3.71       -1.84    1.5    795ms
  3   -2.309857147550       -4.32       -3.41    3.6    1.67s
  4   -2.309857436536       -6.54       -3.92    4.3    1.54s
  5   -2.309857437430       -9.05       -4.41    2.4    1.25s
  6   -2.309857437633       -9.69       -4.93    2.8    1.06s
  7   -2.309857437658      -10.60       -5.91    3.0    1.39s
  8   -2.309857437658      -12.49       -6.56    3.6    1.29s
  9   -2.309857437658      -14.75       -7.41    2.0    891ms
Iter     Function value   Gradient norm 
     0    -2.309857e+00     4.560403e-03
 * time: 3.814697265625e-6
n     Energy            log10(ΔE)   log10(Δρ)   Diag   Δtime
---   ---------------   ---------   ---------   ----   ------
  1   -2.309637308664                   -1.43    5.6    2.01s
  2   -2.309830288906       -3.71       -1.84    1.5    784ms
  3   -2.309877475393       -4.33       -3.40    3.7    1.63s
  4   -2.309877804719       -6.48       -3.90    4.3    1.53s
  5   -2.309877805701       -9.01       -4.39    2.6    1.29s
  6   -2.309877805909       -9.68       -4.91    2.8    1.08s
  7   -2.309877805937      -10.56       -5.92    3.0    1.39s
  8   -2.309877805937      -12.46       -6.53    3.6    1.30s
  9   -2.309877805937      -14.65       -7.32    2.1    916ms
n     Energy            log10(ΔE)   log10(Δρ)   Diag   Δtime
---   ---------------   ---------   ---------   ----   ------
  1   -2.309637738668                   -1.43    5.6    1.94s
  2   -2.309831172674       -3.71       -1.84    1.5    775ms
  3   -2.309877530304       -4.33       -3.41    3.7    1.57s
  4   -2.309877804756       -6.56       -3.91    4.4    1.53s
  5   -2.309877805697       -9.03       -4.39    2.5    1.25s
  6   -2.309877805910       -9.67       -4.91    2.8    1.07s
  7   -2.309877805937      -10.57       -5.91    3.1    1.44s
  8   -2.309877805937      -12.42       -6.54    3.6    1.33s
  9   -2.309877805937      -14.75       -7.34    1.8    878ms
     1    -2.309878e+00     4.372286e-03
 * time: 52.87094783782959
n     Energy            log10(ΔE)   log10(Δρ)   Diag   Δtime
---   ---------------   ---------   ---------   ----   ------
  1   -2.309867125042                   -1.43    5.5    1.95s
  2   -2.310045213255       -3.75       -1.84    1.6    784ms
  3   -2.310087090243       -4.38       -3.53    3.7    1.58s
  4   -2.310087326342       -6.63       -4.19    4.5    1.52s
  5   -2.310087326677       -9.47       -4.67    2.7    1.29s
  6   -2.310087326753      -10.12       -5.45    3.0    1.12s
  7   -2.310087326755      -11.70       -6.34    3.3    1.45s
  8   -2.310087326755      -13.40       -7.34    3.6    1.29s
n     Energy            log10(ΔE)   log10(Δρ)   Diag   Δtime
---   ---------------   ---------   ---------   ----   ------
  1   -2.309865499735                   -1.43    5.5    1.67s
  2   -2.310044631527       -3.75       -1.84    1.5    1.02s
  3   -2.310087076421       -4.37       -3.52    3.7    1.29s
  4   -2.310087326316       -6.60       -4.17    4.5    1.78s
  5   -2.310087326675       -9.44       -4.67    2.6    998ms
  6   -2.310087326753      -10.11       -5.44    3.1    1.42s
  7   -2.310087326755      -11.70       -6.31    3.3    1.19s
  8   -2.310087326755      -13.31       -7.30    3.5    1.56s
     2    -2.310087e+00     6.972194e-04
 * time: 103.6712498664856
n     Energy            log10(ΔE)   log10(Δρ)   Diag   Δtime
---   ---------------   ---------   ---------   ----   ------
  1   -2.309865793283                   -1.43    5.5    2.03s
  2   -2.310048240588       -3.74       -1.84    1.6    782ms
  3   -2.310091514708       -4.36       -3.51    3.6    1.54s
  4   -2.310091734882       -6.66       -4.18    4.4    1.49s
  5   -2.310091735220       -9.47       -4.67    2.6    1.23s
  6   -2.310091735295      -10.13       -5.47    3.1    1.13s
  7   -2.310091735297      -11.73       -6.34    3.2    1.40s
  8   -2.310091735297      -13.44       -7.33    3.5    1.25s
n     Energy            log10(ΔE)   log10(Δρ)   Diag   Δtime
---   ---------------   ---------   ---------   ----   ------
  1   -2.309869615200                   -1.43    5.5    1.67s
  2   -2.310048564844       -3.75       -1.84    1.6    1.03s
  3   -2.310091523672       -4.37       -3.52    3.6    1.28s
  4   -2.310091734878       -6.68       -4.18    4.5    1.76s
  5   -2.310091735220       -9.47       -4.67    2.6    1.03s
  6   -2.310091735295      -10.12       -5.47    3.0    1.28s
  7   -2.310091735297      -11.72       -6.34    3.2    1.15s
  8   -2.310091735297      -13.38       -7.32    3.5    1.50s
     3    -2.310092e+00     8.978566e-05
 * time: 153.55817699432373
n     Energy            log10(ΔE)   log10(Δρ)   Diag   Δtime
---   ---------------   ---------   ---------   ----   ------
  1   -2.309871850853                   -1.43    5.4    1.85s
  2   -2.310049367424       -3.75       -1.84    1.5    1.04s
  3   -2.310091578433       -4.37       -3.52    3.6    1.27s
  4   -2.310091810235       -6.63       -4.18    4.4    1.76s
  5   -2.310091810584       -9.46       -4.67    2.6    981ms
  6   -2.310091810658      -10.13       -5.46    2.9    1.33s
  7   -2.310091810660      -11.72       -6.32    3.2    1.15s
  8   -2.310091810660      -13.37       -7.30    3.4    1.49s
n     Energy            log10(ΔE)   log10(Δρ)   Diag   Δtime
---   ---------------   ---------   ---------   ----   ------
  1   -2.309868666534                   -1.43    5.4    1.86s
  2   -2.310048915437       -3.74       -1.84    1.5    733ms
  3   -2.310091576792       -4.37       -3.52    3.6    1.53s
  4   -2.310091810248       -6.63       -4.19    4.4    1.48s
  5   -2.310091810585       -9.47       -4.68    2.5    1.22s
  6   -2.310091810658      -10.14       -5.47    3.0    1.09s
  7   -2.310091810660      -11.76       -6.33    3.2    1.39s
  8   -2.310091810660      -13.41       -7.29    3.5    1.21s
     4    -2.310092e+00     8.010333e-07
 * time: 203.07188296318054
 * Status: success

 * Candidate solution
    Final objective value:     -2.310092e+00

 * Found with
    Algorithm:     L-BFGS

 * Convergence measures
    |x - x'|               = 1.66e-03 ≰ -1.0e+00
    |x - x'|/|x'|          = 2.20e-04 ≰ 0.0e+00
    |f(x) - f(x')|         = 7.54e-08 ≰ 1.0e-08
    |f(x) - f(x')|/|f(x')| = 3.26e-08 ≰ 0.0e+00
    |g(x)|                 = 8.01e-07 ≤ 1.0e-06

 * Work counters
    Seconds run:   203  (vs limit Inf)
    Iterations:    4
    f(x) calls:    5
    ∇f(x) calls:   5

Al: 235.132164 seconds (194.61 M allocations: 46.431 GiB, 6.35% gc time, 0.03% compilation time)
n     Energy            log10(ΔE)   log10(Δρ)   Diag   Δtime
---   ---------------   ---------   ---------   ----   ------
  1   -73.49253003731                   -0.75    9.7    8.70s
  2   -73.51478384204       -1.65       -0.96    5.5    5.71s
  3   -73.52485667325       -2.00       -1.25    6.8    6.77s
  4   -73.52715689358       -2.64       -1.62    6.1    5.85s
  5   -73.52749155909       -3.48       -2.32    5.5    5.65s
  6   -73.52750289010       -4.95       -3.04    5.6    5.81s
  7   -73.52750287721   +   -7.89       -3.49    5.3    5.57s
  8   -73.52750290496       -7.56       -3.82    5.2    5.22s
  9   -73.52750291544       -7.98       -4.41    5.6    5.70s
 10   -73.52750291644       -9.00       -4.83    5.3    5.62s
 11   -73.52750291649      -10.24       -5.77    5.6    5.69s
 12   -73.52750291649      -12.94       -6.18    4.8    5.54s
 13   -73.52750291649   +  -12.13       -6.58    5.6    5.77s
 14   -73.52750291649      -12.62       -7.01    5.0    5.48s
Iter     Function value   Gradient norm 
     0    -7.352750e+01     3.335475e-02
 * time: 2.86102294921875e-6
n     Energy            log10(ΔE)   log10(Δρ)   Diag   Δtime
---   ---------------   ---------   ---------   ----   ------
  1   -73.49419867129                   -0.75    9.9    9.04s
  2   -73.51626426694       -1.66       -0.96    5.6    5.52s
  3   -73.52608084965       -2.01       -1.26    7.0    6.92s
  4   -73.52819288036       -2.68       -1.63    6.1    5.80s
  5   -73.52852823854       -3.47       -2.35    5.6    5.41s
  6   -73.52853598986       -5.11       -3.08    5.6    6.13s
  7   -73.52853599398       -8.38       -3.58    4.9    5.34s
  8   -73.52853600035       -8.20       -3.87    4.5    4.97s
  9   -73.52853600454       -8.38       -4.54    5.9    5.89s
 10   -73.52853600521       -9.17       -4.83    5.6    5.91s
 11   -73.52853600524      -10.46       -5.66    5.4    5.58s
 12   -73.52853600524   +  -11.40       -6.15    5.4    5.91s
 13   -73.52853600524      -11.72       -6.78    5.6    5.87s
 14   -73.52853600524   +  -12.70       -6.95    4.8    5.38s
 15   -73.52853600524   +  -12.62       -8.17    5.5    5.59s
n     Energy            log10(ΔE)   log10(Δρ)   Diag   Δtime
---   ---------------   ---------   ---------   ----   ------
  1   -73.49419411465                   -0.75    9.9    9.35s
  2   -73.51626580010       -1.66       -0.96    5.7    5.56s
  3   -73.52608107677       -2.01       -1.26    6.8    6.79s
  4   -73.52819333288       -2.68       -1.63    6.1    5.89s
  5   -73.52852813848       -3.48       -2.35    5.6    5.52s
  6   -73.52853598990       -5.11       -3.08    5.6    5.87s
  7   -73.52853599475       -8.31       -3.57    4.7    5.53s
  8   -73.52853600083       -8.22       -3.88    4.4    4.83s
  9   -73.52853600449       -8.44       -4.53    5.9    5.74s
 10   -73.52853600520       -9.15       -4.83    5.7    5.97s
 11   -73.52853600524      -10.43       -5.65    5.3    5.66s
 12   -73.52853600524   +  -11.37       -6.15    5.3    5.84s
 13   -73.52853600524      -11.69       -6.77    5.5    5.77s
 14   -73.52853600524   +  -12.81       -6.94    4.8    5.43s
 15   -73.52853600524   +  -12.64       -8.16    5.5    5.55s
     1    -7.352854e+01     2.856000e-02
 * time: 238.02577686309814
n     Energy            log10(ΔE)   log10(Δρ)   Diag   Δtime
---   ---------------   ---------   ---------   ----   ------
  1   -73.50361377469                   -0.77    9.5    10.9s
  2   -73.52064067930       -1.77       -0.98    5.1    6.51s
  3   -73.52904428520       -2.08       -1.29    6.6    8.20s
  4   -73.53081132139       -2.75       -1.73    5.8    7.21s
  5   -73.53100538565       -3.71       -2.55    5.2    6.78s
  6   -73.53100673184       -5.87       -3.17    5.3    7.36s
  7   -73.53100675490       -7.64       -3.81    5.0    6.86s
  8   -73.53100675817       -8.48       -4.16    4.6    6.49s
  9   -73.53100675803   +   -9.83       -4.62    5.3    6.96s
 10   -73.53100675852       -9.31       -5.42    5.3    7.06s
 11   -73.53100675852      -11.45       -6.26    5.2    7.14s
 12   -73.53100675852      -12.62       -6.72    5.5    7.50s
 13   -73.53100675852   +  -12.85       -7.41    5.1    6.82s
n     Energy            log10(ΔE)   log10(Δρ)   Diag   Δtime
---   ---------------   ---------   ---------   ----   ------
  1   -73.50361115496                   -0.77    9.5    10.7s
  2   -73.52064571619       -1.77       -0.98    5.1    6.63s
  3   -73.52904402051       -2.08       -1.29    6.5    8.02s
  4   -73.53081168276       -2.75       -1.73    5.9    7.14s
  5   -73.53100533357       -3.71       -2.54    5.2    6.86s
  6   -73.53100673283       -5.85       -3.17    5.4    7.29s
  7   -73.53100675504       -7.65       -3.81    5.0    6.71s
  8   -73.53100675820       -8.50       -4.16    4.6    6.39s
  9   -73.53100675801   +   -9.71       -4.61    5.4    6.97s
 10   -73.53100675852       -9.29       -5.42    5.2    6.90s
 11   -73.53100675852      -11.37       -6.24    5.2    7.01s
 12   -73.53100675852      -12.85       -6.74    5.3    7.28s
 13   -73.53100675852      -13.37       -7.40    5.1    6.91s
     2    -7.353101e+01     5.074803e-03
 * time: 487.79110884666443
n     Energy            log10(ΔE)   log10(Δρ)   Diag   Δtime
---   ---------------   ---------   ---------   ----   ------
  1   -73.50308342236                   -0.77    9.9    11.2s
  2   -73.52044227668       -1.76       -0.98    5.3    6.67s
  3   -73.52900487930       -2.07       -1.29    6.8    8.48s
  4   -73.53084999228       -2.73       -1.70    6.1    7.45s
  5   -73.53107322755       -3.65       -2.55    5.5    7.08s
  6   -73.53107457901       -5.87       -3.18    5.5    7.48s
  7   -73.53107457918       -9.77       -3.70    5.1    6.97s
  8   -73.53107458912       -8.00       -4.02    4.8    6.59s
  9   -73.53107459018       -8.97       -4.48    5.5    7.13s
 10   -73.53107459111       -9.04       -5.08    5.4    7.17s
 11   -73.53107459113      -10.56       -5.90    5.3    7.06s
 12   -73.53107459113   +  -12.32       -6.63    5.1    7.05s
 13   -73.53107459113      -12.89       -7.28    5.4    7.07s
n     Energy            log10(ΔE)   log10(Δρ)   Diag   Δtime
---   ---------------   ---------   ---------   ----   ------
  1   -73.50309216448                   -0.77    9.8    11.2s
  2   -73.52042876979       -1.76       -0.98    5.4    6.55s
  3   -73.52900614134       -2.07       -1.29    6.7    8.21s
  4   -73.53085024074       -2.73       -1.70    6.0    7.28s
  5   -73.53107322094       -3.65       -2.55    5.5    6.86s
  6   -73.53107457936       -5.87       -3.18    5.5    7.36s
  7   -73.53107457991       -9.26       -3.71    5.1    6.77s
  8   -73.53107458920       -8.03       -4.02    4.8    6.51s
  9   -73.53107459026       -8.97       -4.49    5.5    7.10s
 10   -73.53107459111       -9.07       -5.07    5.3    7.07s
 11   -73.53107459113      -10.55       -5.91    5.3    7.01s
 12   -73.53107459113   +  -12.33       -6.64    5.0    7.04s
 13   -73.53107459113      -13.85       -7.28    5.6    7.36s
     3    -7.353107e+01     5.080714e-04
 * time: 740.1298198699951
n     Energy            log10(ΔE)   log10(Δρ)   Diag   Δtime
---   ---------------   ---------   ---------   ----   ------
  1   -73.50319111482                   -0.77    9.9    11.1s
  2   -73.52045466686       -1.76       -0.98    5.5    6.82s
  3   -73.52901040114       -2.07       -1.29    6.9    8.50s
  4   -73.53085443151       -2.73       -1.71    6.0    7.27s
  5   -73.53107404592       -3.66       -2.56    5.5    7.04s
  6   -73.53107528000       -5.91       -3.18    5.6    7.62s
  7   -73.53107528643       -8.19       -3.72    5.2    6.99s
  8   -73.53107529433       -8.10       -4.03    4.8    6.58s
  9   -73.53107529496       -9.19       -4.49    5.5    6.99s
 10   -73.53107529582       -9.07       -5.09    5.2    6.97s
 11   -73.53107529585      -10.58       -5.95    5.3    7.07s
 12   -73.53107529585   +  -12.19       -6.64    5.2    7.04s
 13   -73.53107529585      -13.37       -7.30    4.4    6.33s
n     Energy            log10(ΔE)   log10(Δρ)   Diag   Δtime
---   ---------------   ---------   ---------   ----   ------
  1   -73.50317852301                   -0.77    9.9    11.6s
  2   -73.52045184383       -1.76       -0.98    5.4    6.80s
  3   -73.52901203944       -2.07       -1.29    6.9    8.47s
  4   -73.53085458446       -2.73       -1.71    6.1    7.37s
  5   -73.53107405458       -3.66       -2.56    5.5    6.86s
  6   -73.53107527981       -5.91       -3.18    5.6    7.40s
  7   -73.53107528759       -8.11       -3.72    5.2    6.95s
  8   -73.53107529458       -8.16       -4.04    4.8    6.61s
  9   -73.53107529492       -9.47       -4.48    5.5    7.03s
 10   -73.53107529582       -9.05       -5.07    5.3    7.01s
 11   -73.53107529585      -10.52       -5.95    5.3    6.95s
 12   -73.53107529585   +  -12.15       -6.63    5.1    6.97s
 13   -73.53107529585      -13.07       -7.26    5.0    6.69s
     4    -7.353108e+01     9.136606e-06
 * time: 991.5572779178619
n     Energy            log10(ΔE)   log10(Δρ)   Diag   Δtime
---   ---------------   ---------   ---------   ----   ------
  1   -73.50317178125                   -0.77    9.5    11.1s
  2   -73.52044998797       -1.76       -0.98    5.3    6.56s
  3   -73.52901477191       -2.07       -1.29    6.6    8.25s
  4   -73.53085342153       -2.74       -1.71    5.9    7.36s
  5   -73.53107399288       -3.66       -2.55    5.3    6.91s
  6   -73.53107528183       -5.89       -3.18    5.4    7.41s
  7   -73.53107528746       -8.25       -3.73    5.0    6.87s
  8   -73.53107529471       -8.14       -4.04    4.7    6.47s
  9   -73.53107529510       -9.41       -4.48    5.5    7.05s
 10   -73.53107529603       -9.03       -5.08    5.2    7.03s
 11   -73.53107529605      -10.59       -5.94    5.1    6.96s
 12   -73.53107529605   +  -12.08       -6.65    5.0    6.83s
 13   -73.53107529605      -12.62       -7.23    5.4    6.95s
n     Energy            log10(ΔE)   log10(Δρ)   Diag   Δtime
---   ---------------   ---------   ---------   ----   ------
  1   -73.50316003609                   -0.77    9.5    11.3s
  2   -73.52045078257       -1.76       -0.98    5.2    6.62s
  3   -73.52901424808       -2.07       -1.29    6.6    8.24s
  4   -73.53085382093       -2.74       -1.71    5.8    7.13s
  5   -73.53107382798       -3.66       -2.54    5.4    6.96s
  6   -73.53107528349       -5.84       -3.17    5.4    7.40s
  7   -73.53107528565       -8.67       -3.72    5.0    6.77s
  8   -73.53107529433       -8.06       -4.03    4.7    6.54s
  9   -73.53107529514       -9.09       -4.49    5.4    7.03s
 10   -73.53107529603       -9.05       -5.09    5.2    6.97s
 11   -73.53107529605      -10.62       -5.95    5.1    6.79s
 12   -73.53107529605   +  -12.19       -6.66    5.0    6.92s
 13   -73.53107529605      -12.73       -7.22    5.5    7.21s
     5    -7.353108e+01     8.958846e-09
 * time: 1241.545336008072
┌ Info: Threading setup: 
│   Threads.nthreads() = 1
│   n_DFTK = 1
│   n_fft = 1
└   n_blas = 1
┌ Info: 2025-05-15T14:59:24.097
│   name = "Si"
│   Ecut = 18.0
│   kgrid = MonkhorstPack([14, 14, 14])
│   p0 = ComponentVector{Float64}(a = 10.347246312603742)
│   temperature = 0.001
└   smearing = DFTK.Smearing.Gaussian()
┌ Info: 2025-05-15T15:03:13.502
│   name = "NaCl"
│   Ecut = 44.0
│   kgrid = MonkhorstPack([13, 13, 13])
│   p0 = ComponentVector{Float64}(a = 10.746130571470083)
│   temperature = 0
└   smearing = DFTK.Smearing.None()
┌ Info: 2025-05-15T15:25:29.087
│   name = "Al"
│   Ecut = 20.0
│   kgrid = MonkhorstPack([18, 18, 18])
│   p0 = ComponentVector{Float64}(a = 7.641925528121933)
│   temperature = 0.001
└   smearing = DFTK.Smearing.Gaussian()
┌ Warning: Eigensolver not converged
│   n_iter =
│    195-element Vector{Int64}:
│     6
│     5
│     3
│     4
│     ⋮
│     3
│     2
│     3
└ @ DFTK ~/.julia/packages/DFTK/n2IL4/src/scf/self_consistent_field.jl:76
┌ Warning: Eigensolver not converged
│   n_iter =
│    195-element Vector{Int64}:
│     2
│     1
│     2
│     5
│     ⋮
│     1
│     1
│     2
└ @ DFTK ~/.julia/packages/DFTK/n2IL4/src/scf/self_consistent_field.jl:76
┌ Warning: Eigensolver not converged
│   n_iter =
│    195-element Vector{Int64}:
│     5
│     7
│     3
│     3
│     ⋮
│     3
│     2
│     3
└ @ DFTK ~/.julia/packages/DFTK/n2IL4/src/scf/self_consistent_field.jl:76
┌ Info: 2025-05-15T15:29:24.220
│   name = "V"
│   Ecut = 42.0
│   kgrid = MonkhorstPack([20, 20, 20])
│   p0 = ComponentVector{Float64}(a = 5.699267600684394)
│   temperature = 0.001
└   smearing = DFTK.Smearing.Gaussian()
┌ Warning: Negative ρcore detected: -3.4151886922104144e-8
└ @ DFTK ~/.julia/packages/DFTK/n2IL4/src/terms/xc.jl:39
┌ Warning: Negative ρcore detected: Dual{ForwardDiff.Tag{var"#19#21"{@NamedTuple{ham::Hamiltonian, basis::PlaneWaveBasis{Float64, Float64, DFTK.CPU, FFTGrid{Float64, Float64, Array{StaticArraysCore.SVector{3, Int64}, 3}, Array{StaticArraysCore.SVector{3, Float64}, 3}}, Vector{StaticArraysCore.SVector{3, Int64}}}, energies::Energies{Float64}, converged::Bool, occupation_threshold::Float64, ρ::Array{Float64, 4}, τ::Nothing, α::Float64, eigenvalues::Vector{Vector{Float64}}, occupation::Vector{Vector{Float64}}, εF::Float64, n_bands_converge::Int64, n_iter::Int64, n_matvec::Int64, ψ::Vector{Matrix{ComplexF64}}, diagonalization::Vector{@NamedTuple{λ::Vector{Vector{Float64}}, X::Vector{Matrix{ComplexF64}}, residual_norms::Vector{Vector{Float64}}, n_iter::Vector{Int64}, converged::Bool, n_matvec::Int64}}, stage::Symbol, history_Δρ::Vector{Float64}, history_Etot::Vector{Float64}, timedout::Bool, runtime_ns::UInt64, algorithm::String}, Model{Float64, Float64}, Float64, MonkhorstPack, var"#case#4"{Matrix{Float64}, Float64, MonkhorstPack, Vector{StaticArraysCore.SVector{3, Float64}}, Vector{ElementPsp{PspUpf{Float64, Interpolations.Extrapolation{Float64, 1, Interpolations.GriddedInterpolation{Float64, 1, Vector{Float64}, Interpolations.Gridded{Interpolations.Linear{Interpolations.Throw{Interpolations.OnGrid}}}, Tuple{Vector{Float64}}}, Interpolations.Gridded{Interpolations.Linear{Interpolations.Throw{Interpolations.OnGrid}}}, Interpolations.Throw{Nothing}}}}}, Float64, Float64, String}}, Float64}}(-3.4151886922104144e-8,-1.2413273474001241e-8)
└ @ DFTK ~/.julia/packages/DFTK/n2IL4/src/terms/xc.jl:39
┌ Warning: Negative ρcore detected: -3.1220760329001277e-8
└ @ DFTK ~/.julia/packages/DFTK/n2IL4/src/terms/xc.jl:39
┌ Warning: Negative ρcore detected: -3.1220760329001277e-8
└ @ DFTK ~/.julia/packages/DFTK/n2IL4/src/terms/xc.jl:39
┌ Warning: Negative ρcore detected: Dual{ForwardDiff.Tag{var"#19#21"{@NamedTuple{ham::Hamiltonian, basis::PlaneWaveBasis{Float64, Float64, DFTK.CPU, FFTGrid{Float64, Float64, Array{StaticArraysCore.SVector{3, Int64}, 3}, Array{StaticArraysCore.SVector{3, Float64}, 3}}, Vector{StaticArraysCore.SVector{3, Int64}}}, energies::Energies{Float64}, converged::Bool, occupation_threshold::Float64, ρ::Array{Float64, 4}, τ::Nothing, α::Float64, eigenvalues::Vector{Vector{Float64}}, occupation::Vector{Vector{Float64}}, εF::Float64, n_bands_converge::Int64, n_iter::Int64, n_matvec::Int64, ψ::Vector{Matrix{ComplexF64}}, diagonalization::Vector{@NamedTuple{λ::Vector{Vector{Float64}}, X::Vector{Matrix{ComplexF64}}, residual_norms::Vector{Vector{Float64}}, n_iter::Vector{Int64}, converged::Bool, n_matvec::Int64}}, stage::Symbol, history_Δρ::Vector{Float64}, history_Etot::Vector{Float64}, timedout::Bool, runtime_ns::UInt64, algorithm::String}, Model{Float64, Float64}, Float64, MonkhorstPack, var"#case#4"{Matrix{Float64}, Float64, MonkhorstPack, Vector{StaticArraysCore.SVector{3, Float64}}, Vector{ElementPsp{PspUpf{Float64, Interpolations.Extrapolation{Float64, 1, Interpolations.GriddedInterpolation{Float64, 1, Vector{Float64}, Interpolations.Gridded{Interpolations.Linear{Interpolations.Throw{Interpolations.OnGrid}}}, Tuple{Vector{Float64}}}, Interpolations.Gridded{Interpolations.Linear{Interpolations.Throw{Interpolations.OnGrid}}}, Interpolations.Throw{Nothing}}}}}, Float64, Float64, String}}, Float64}}(-3.1220760329001277e-8,-1.6898700890879034e-7)
└ @ DFTK ~/.julia/packages/DFTK/n2IL4/src/terms/xc.jl:39
┌ Warning: Negative ρcore detected: -3.842116074076346e-8
└ @ DFTK ~/.julia/packages/DFTK/n2IL4/src/terms/xc.jl:39
┌ Warning: Negative ρcore detected: -3.842116074076346e-8
└ @ DFTK ~/.julia/packages/DFTK/n2IL4/src/terms/xc.jl:39
┌ Warning: Negative ρcore detected: Dual{ForwardDiff.Tag{var"#19#21"{@NamedTuple{ham::Hamiltonian, basis::PlaneWaveBasis{Float64, Float64, DFTK.CPU, FFTGrid{Float64, Float64, Array{StaticArraysCore.SVector{3, Int64}, 3}, Array{StaticArraysCore.SVector{3, Float64}, 3}}, Vector{StaticArraysCore.SVector{3, Int64}}}, energies::Energies{Float64}, converged::Bool, occupation_threshold::Float64, ρ::Array{Float64, 4}, τ::Nothing, α::Float64, eigenvalues::Vector{Vector{Float64}}, occupation::Vector{Vector{Float64}}, εF::Float64, n_bands_converge::Int64, n_iter::Int64, n_matvec::Int64, ψ::Vector{Matrix{ComplexF64}}, diagonalization::Vector{@NamedTuple{λ::Vector{Vector{Float64}}, X::Vector{Matrix{ComplexF64}}, residual_norms::Vector{Vector{Float64}}, n_iter::Vector{Int64}, converged::Bool, n_matvec::Int64}}, stage::Symbol, history_Δρ::Vector{Float64}, history_Etot::Vector{Float64}, timedout::Bool, runtime_ns::UInt64, algorithm::String}, Model{Float64, Float64}, Float64, MonkhorstPack, var"#case#4"{Matrix{Float64}, Float64, MonkhorstPack, Vector{StaticArraysCore.SVector{3, Float64}}, Vector{ElementPsp{PspUpf{Float64, Interpolations.Extrapolation{Float64, 1, Interpolations.GriddedInterpolation{Float64, 1, Vector{Float64}, Interpolations.Gridded{Interpolations.Linear{Interpolations.Throw{Interpolations.OnGrid}}}, Tuple{Vector{Float64}}}, Interpolations.Gridded{Interpolations.Linear{Interpolations.Throw{Interpolations.OnGrid}}}, Interpolations.Throw{Nothing}}}}}, Float64, Float64, String}}, Float64}}(-3.842116074076346e-8,-5.3358157321459414e-8)
└ @ DFTK ~/.julia/packages/DFTK/n2IL4/src/terms/xc.jl:39
┌ Warning: Negative ρcore detected: -4.070799214335097e-8
└ @ DFTK ~/.julia/packages/DFTK/n2IL4/src/terms/xc.jl:39
┌ Warning: Negative ρcore detected: -4.070799214335097e-8
└ @ DFTK ~/.julia/packages/DFTK/n2IL4/src/terms/xc.jl:39
┌ Warning: Negative ρcore detected: Dual{ForwardDiff.Tag{var"#19#21"{@NamedTuple{ham::Hamiltonian, basis::PlaneWaveBasis{Float64, Float64, DFTK.CPU, FFTGrid{Float64, Float64, Array{StaticArraysCore.SVector{3, Int64}, 3}, Array{StaticArraysCore.SVector{3, Float64}, 3}}, Vector{StaticArraysCore.SVector{3, Int64}}}, energies::Energies{Float64}, converged::Bool, occupation_threshold::Float64, ρ::Array{Float64, 4}, τ::Nothing, α::Float64, eigenvalues::Vector{Vector{Float64}}, occupation::Vector{Vector{Float64}}, εF::Float64, n_bands_converge::Int64, n_iter::Int64, n_matvec::Int64, ψ::Vector{Matrix{ComplexF64}}, diagonalization::Vector{@NamedTuple{λ::Vector{Vector{Float64}}, X::Vector{Matrix{ComplexF64}}, residual_norms::Vector{Vector{Float64}}, n_iter::Vector{Int64}, converged::Bool, n_matvec::Int64}}, stage::Symbol, history_Δρ::Vector{Float64}, history_Etot::Vector{Float64}, timedout::Bool, runtime_ns::UInt64, algorithm::String}, Model{Float64, Float64}, Float64, MonkhorstPack, var"#case#4"{Matrix{Float64}, Float64, MonkhorstPack, Vector{StaticArraysCore.SVector{3, Float64}}, Vector{ElementPsp{PspUpf{Float64, Interpolations.Extrapolation{Float64, 1, Interpolations.GriddedInterpolation{Float64, 1, Vector{Float64}, Interpolations.Gridded{Interpolations.Linear{Interpolations.Throw{Interpolations.OnGrid}}}, Tuple{Vector{Float64}}}, Interpolations.Gridded{Interpolations.Linear{Interpolations.Throw{Interpolations.OnGrid}}}, Interpolations.Throw{Nothing}}}}}, Float64, Float64, String}}, Float64}}(-4.070799214335097e-8,-1.3445284139445633e-7)
└ @ DFTK ~/.julia/packages/DFTK/n2IL4/src/terms/xc.jl:39
┌ Warning: Negative ρcore detected: -4.0318752026326154e-8
└ @ DFTK ~/.julia/packages/DFTK/n2IL4/src/terms/xc.jl:39
┌ Warning: Negative ρcore detected: -4.0318752026326154e-8
└ @ DFTK ~/.julia/packages/DFTK/n2IL4/src/terms/xc.jl:39
┌ Warning: Negative ρcore detected: Dual{ForwardDiff.Tag{var"#19#21"{@NamedTuple{ham::Hamiltonian, basis::PlaneWaveBasis{Float64, Float64, DFTK.CPU, FFTGrid{Float64, Float64, Array{StaticArraysCore.SVector{3, Int64}, 3}, Array{StaticArraysCore.SVector{3, Float64}, 3}}, Vector{StaticArraysCore.SVector{3, Int64}}}, energies::Energies{Float64}, converged::Bool, occupation_threshold::Float64, ρ::Array{Float64, 4}, τ::Nothing, α::Float64, eigenvalues::Vector{Vector{Float64}}, occupation::Vector{Vector{Float64}}, εF::Float64, n_bands_converge::Int64, n_iter::Int64, n_matvec::Int64, ψ::Vector{Matrix{ComplexF64}}, diagonalization::Vector{@NamedTuple{λ::Vector{Vector{Float64}}, X::Vector{Matrix{ComplexF64}}, residual_norms::Vector{Vector{Float64}}, n_iter::Vector{Int64}, converged::Bool, n_matvec::Int64}}, stage::Symbol, history_Δρ::Vector{Float64}, history_Etot::Vector{Float64}, timedout::Bool, runtime_ns::UInt64, algorithm::String}, Model{Float64, Float64}, Float64, MonkhorstPack, var"#case#4"{Matrix{Float64}, Float64, MonkhorstPack, Vector{StaticArraysCore.SVector{3, Float64}}, Vector{ElementPsp{PspUpf{Float64, Interpolations.Extrapolation{Float64, 1, Interpolations.GriddedInterpolation{Float64, 1, Vector{Float64}, Interpolations.Gridded{Interpolations.Linear{Interpolations.Throw{Interpolations.OnGrid}}}, Tuple{Vector{Float64}}}, Interpolations.Gridded{Interpolations.Linear{Interpolations.Throw{Interpolations.OnGrid}}}, Interpolations.Throw{Nothing}}}}}, Float64, Float64, String}}, Float64}}(-4.0318752026326154e-8,-1.509536834434309e-7)
└ @ DFTK ~/.julia/packages/DFTK/n2IL4/src/terms/xc.jl:39
┌ Warning: Negative ρcore detected: -4.031120355554156e-8
└ @ DFTK ~/.julia/packages/DFTK/n2IL4/src/terms/xc.jl:39
┌ Warning: Negative ρcore detected: -4.031120355554156e-8
└ @ DFTK ~/.julia/packages/DFTK/n2IL4/src/terms/xc.jl:39
┌ Warning: Negative ρcore detected: Dual{ForwardDiff.Tag{var"#19#21"{@NamedTuple{ham::Hamiltonian, basis::PlaneWaveBasis{Float64, Float64, DFTK.CPU, FFTGrid{Float64, Float64, Array{StaticArraysCore.SVector{3, Int64}, 3}, Array{StaticArraysCore.SVector{3, Float64}, 3}}, Vector{StaticArraysCore.SVector{3, Int64}}}, energies::Energies{Float64}, converged::Bool, occupation_threshold::Float64, ρ::Array{Float64, 4}, τ::Nothing, α::Float64, eigenvalues::Vector{Vector{Float64}}, occupation::Vector{Vector{Float64}}, εF::Float64, n_bands_converge::Int64, n_iter::Int64, n_matvec::Int64, ψ::Vector{Matrix{ComplexF64}}, diagonalization::Vector{@NamedTuple{λ::Vector{Vector{Float64}}, X::Vector{Matrix{ComplexF64}}, residual_norms::Vector{Vector{Float64}}, n_iter::Vector{Int64}, converged::Bool, n_matvec::Int64}}, stage::Symbol, history_Δρ::Vector{Float64}, history_Etot::Vector{Float64}, timedout::Bool, runtime_ns::UInt64, algorithm::String}, Model{Float64, Float64}, Float64, MonkhorstPack, var"#case#4"{Matrix{Float64}, Float64, MonkhorstPack, Vector{StaticArraysCore.SVector{3, Float64}}, Vector{ElementPsp{PspUpf{Float64, Interpolations.Extrapolation{Float64, 1, Interpolations.GriddedInterpolation{Float64, 1, Vector{Float64}, Interpolations.Gridded{Interpolations.Linear{Interpolations.Throw{Interpolations.OnGrid}}}, Tuple{Vector{Float64}}}, Interpolations.Gridded{Interpolations.Linear{Interpolations.Throw{Interpolations.OnGrid}}}, Interpolations.Throw{Nothing}}}}}, Float64, Float64, String}}, Float64}}(-4.031120355554156e-8,-1.512582282221232e-7)
└ @ DFTK ~/.julia/packages/DFTK/n2IL4/src/terms/xc.jl:39
 * Status: success

 * Candidate solution
    Final objective value:     -7.353108e+01

 * Found with
    Algorithm:     L-BFGS

 * Convergence measures
    |x - x'|               = 5.00e-05 ≰ -1.0e+00
    |x - x'|/|x'|          = 9.09e-06 ≰ 0.0e+00
    |f(x) - f(x')|         = 2.06e-10 ≤ 1.0e-08
    |f(x) - f(x')|/|f(x')| = 2.80e-12 ≰ 0.0e+00
    |g(x)|                 = 8.96e-09 ≤ 1.0e-06

 * Work counters
    Seconds run:   1242  (vs limit Inf)
    Iterations:    5
    f(x) calls:    6
    ∇f(x) calls:   6

V: 1365.692164 seconds (811.13 M allocations: 385.574 GiB, 5.00% gc time, 0.02% compilation time)
