n     Energy            log10(ΔE)   log10(Δρ)   Diag   Δtime
---   ---------------   ---------   ---------   ----   ------
  1   -8.409144004798                   -0.97    6.9    10.7s
  2   -8.411263796881       -2.67       -1.78    1.9    4.89s
  3   -8.411344802602       -4.09       -2.95    3.8    2.05s
  4   -8.411345338394       -6.27       -3.90    4.3    1.79s
  5   -8.411345341266       -8.54       -4.58    3.7    1.98s
  6   -8.411345341475       -9.68       -5.25    3.9    1.59s
  7   -8.411345341488      -10.86       -6.31    3.7    1.90s
  8   -8.411345341488      -13.32       -7.55    3.9    1.64s
Iter     Function value   Gradient norm 
     0    -8.411345e+00     9.013948e-03
 * time: 7.867813110351562e-6
n     Energy            log10(ΔE)   log10(Δρ)   Diag   Δtime
---   ---------------   ---------   ---------   ----   ------
  1   -8.409177816691                   -0.97    7.1    2.53s
  2   -8.411339286146       -2.67       -1.78    2.0    1.13s
  3   -8.411423298646       -4.08       -2.95    4.0    2.06s
  4   -8.411423803004       -6.30       -3.91    4.3    1.76s
  5   -8.411423805387       -8.62       -4.60    3.7    1.93s
  6   -8.411423805586       -9.70       -5.35    4.0    1.62s
  7   -8.411423805595      -11.04       -6.31    3.8    1.94s
  8   -8.411423805595      -13.57       -7.64    3.8    1.52s
n     Energy            log10(ΔE)   log10(Δρ)   Diag   Δtime
---   ---------------   ---------   ---------   ----   ------
  1   -8.409182468514                   -0.97    7.1    2.46s
  2   -8.411337369783       -2.67       -1.78    2.1    1.13s
  3   -8.411423264196       -4.07       -2.96    4.0    2.09s
  4   -8.411423803068       -6.27       -3.89    4.3    1.78s
  5   -8.411423805401       -8.63       -4.62    3.6    1.88s
  6   -8.411423805585       -9.73       -5.32    4.1    1.62s
  7   -8.411423805595      -10.99       -6.30    3.8    1.91s
  8   -8.411423805595      -13.37       -7.46    3.8    1.57s
     1    -8.411424e+00     8.394657e-03
 * time: 41.63100504875183
n     Energy            log10(ΔE)   log10(Δρ)   Diag   Δtime
---   ---------------   ---------   ---------   ----   ------
  1   -8.409436932862                   -0.96    7.2    2.51s
  2   -8.411833728608       -2.62       -1.82    2.1    1.12s
  3   -8.411913489268       -4.10       -2.85    4.0    1.98s
  4   -8.411913929689       -6.36       -3.89    4.2    1.99s
  5   -8.411913934635       -8.31       -4.53    4.0    1.67s
  6   -8.411913934871       -9.63       -5.41    3.6    1.79s
  7   -8.411913934879      -11.09       -6.24    4.0    1.63s
  8   -8.411913934879      -12.66       -7.64    4.0    1.90s
n     Energy            log10(ΔE)   log10(Δρ)   Diag   Δtime
---   ---------------   ---------   ---------   ----   ------
  1   -8.409449310913                   -0.96    7.1    2.51s
  2   -8.411839193178       -2.62       -1.82    2.2    1.16s
  3   -8.411913432189       -4.13       -2.85    4.0    1.98s
  4   -8.411913930750       -6.30       -3.89    4.2    1.99s
  5   -8.411913934669       -8.41       -4.55    4.0    1.65s
  6   -8.411913934873       -9.69       -5.46    4.0    1.85s
  7   -8.411913934879      -11.20       -6.25    3.9    1.62s
  8   -8.411913934879      -12.73       -7.65    4.0    1.90s
     2    -8.411914e+00     5.430250e-04
 * time: 82.2711009979248
n     Energy            log10(ΔE)   log10(Δρ)   Diag   Δtime
---   ---------------   ---------   ---------   ----   ------
  1   -8.409457601139                   -0.96    7.1    2.49s
  2   -8.411838184688       -2.62       -1.82    2.1    1.16s
  3   -8.411915414455       -4.11       -2.84    4.0    2.04s
  4   -8.411915833280       -6.38       -3.88    4.2    1.68s
  5   -8.411915837885       -8.34       -4.52    4.1    1.97s
  6   -8.411915838128       -9.61       -5.42    3.8    1.52s
  7   -8.411915838136      -11.12       -6.27    4.0    1.94s
  8   -8.411915838136      -12.76       -7.58    4.0    1.63s
n     Energy            log10(ΔE)   log10(Δρ)   Diag   Δtime
---   ---------------   ---------   ---------   ----   ------
  1   -8.409453822657                   -0.96    7.2    2.52s
  2   -8.411834091398       -2.62       -1.82    2.1    1.14s
  3   -8.411915420543       -4.09       -2.84    4.1    2.03s
  4   -8.411915832850       -6.38       -3.88    4.2    1.69s
  5   -8.411915837833       -8.30       -4.49    4.1    1.99s
  6   -8.411915838127       -9.53       -5.40    3.9    1.54s
  7   -8.411915838136      -11.05       -6.23    4.2    1.95s
  8   -8.411915838136      -12.67       -7.62    4.0    1.61s
     3    -8.411916e+00     2.962017e-05
 * time: 122.68552088737488
n     Energy            log10(ΔE)   log10(Δρ)   Diag   Δtime
---   ---------------   ---------   ---------   ----   ------
  1   -8.409451063052                   -0.96    7.1    2.45s
  2   -8.411834357223       -2.62       -1.82    2.3    1.13s
  3   -8.411915363013       -4.09       -2.85    4.0    1.96s
  4   -8.411915839900       -6.32       -3.87    4.2    1.68s
  5   -8.411915843640       -8.43       -4.56    3.9    1.88s
  6   -8.411915843834       -9.71       -5.46    3.9    1.52s
  7   -8.411915843840      -11.22       -6.25    4.1    1.93s
  8   -8.411915843840      -12.69       -7.66    3.9    1.63s
n     Energy            log10(ΔE)   log10(Δρ)   Diag   Δtime
---   ---------------   ---------   ---------   ----   ------
  1   -8.409445494514                   -0.96    7.0    2.47s
  2   -8.411830944683       -2.62       -1.82    2.3    1.17s
  3   -8.411915403053       -4.07       -2.85    4.0    2.01s
  4   -8.411915838902       -6.36       -3.88    4.1    1.67s
  5   -8.411915843574       -8.33       -4.52    4.0    2.01s
  6   -8.411915843832       -9.59       -5.41    3.9    1.51s
  7   -8.411915843840      -11.09       -6.28    4.1    1.92s
  8   -8.411915843840      -12.78       -7.61    4.0    1.62s
     4    -8.411916e+00     9.635464e-08
 * time: 162.86593294143677
 * Status: success

 * Candidate solution
    Final objective value:     -8.411916e+00

 * Found with
    Algorithm:     L-BFGS

 * Convergence measures
    |x - x'|               = 3.84e-04 ≰ -1.0e+00
    |x - x'|/|x'|          = 3.76e-05 ≰ 0.0e+00
    |f(x) - f(x')|         = 5.70e-09 ≤ 1.0e-08
    |f(x) - f(x')|/|f(x')| = 6.78e-10 ≰ 0.0e+00
    |g(x)|                 = 9.64e-08 ≤ 1.0e-06

 * Work counters
    Seconds run:   163  (vs limit Inf)
    Iterations:    4
    f(x) calls:    5
    ∇f(x) calls:   5

Si: 233.624264 seconds (365.61 M allocations: 72.628 GiB, 8.29% gc time, 20.82% compilation time: <1% of which was recompilation)
n     Energy            log10(ΔE)   log10(Δρ)   Diag   Δtime
---   ---------------   ---------   ---------   ----   ------
  1   -61.87234251415                   -1.18    8.4    19.7s
  2   -61.87517611215       -2.55       -1.27    2.8    8.57s
  3   -61.87832706470       -2.50       -2.19    4.2    10.6s
  4   -61.87832927589       -5.66       -2.58    4.0    10.5s
  5   -61.87833567780       -5.19       -3.57    3.5    9.31s
  6   -61.87833569831       -7.69       -4.55    4.4    11.2s
  7   -61.87833569847       -9.79       -5.14    4.4    11.5s
  8   -61.87833569848      -11.03       -7.10    4.1    10.7s
Iter     Function value   Gradient norm 
     0    -6.187834e+01     8.729982e-03
 * time: 5.0067901611328125e-6
n     Energy            log10(ΔE)   log10(Δρ)   Diag   Δtime
---   ---------------   ---------   ---------   ----   ------
  1   -61.87244164901                   -1.18    8.5    17.2s
  2   -61.87527105374       -2.55       -1.27    2.8    7.94s
  3   -61.87840282291       -2.50       -2.19    4.1    10.6s
  4   -61.87840506943       -5.65       -2.59    4.0    10.6s
  5   -61.87841129534       -5.21       -3.57    3.5    9.55s
  6   -61.87841131512       -7.70       -4.57    4.3    11.2s
  7   -61.87841131528       -9.80       -5.16    4.4    11.5s
  8   -61.87841131529      -11.08       -7.16    4.2    11.2s
n     Energy            log10(ΔE)   log10(Δρ)   Diag   Δtime
---   ---------------   ---------   ---------   ----   ------
  1   -61.87243565352                   -1.18    8.3    17.6s
  2   -61.87527973250       -2.55       -1.27    2.7    7.94s
  3   -61.87840273712       -2.51       -2.19    4.2    10.6s
  4   -61.87840484742       -5.68       -2.58    4.0    10.5s
  5   -61.87841129464       -5.19       -3.57    3.5    9.33s
  6   -61.87841131511       -7.69       -4.55    4.4    11.2s
  7   -61.87841131528       -9.77       -5.19    4.5    11.6s
  8   -61.87841131529      -11.12       -7.14    4.2    10.6s
     1    -6.187841e+01     8.593304e-03
 * time: 213.68091893196106
n     Energy            log10(ΔE)   log10(Δρ)   Diag   Δtime
---   ---------------   ---------   ---------   ----   ------
  1   -61.87515020359                   -1.19    8.1    14.4s
  2   -61.87797555908       -2.55       -1.31    3.0    7.28s
  3   -61.88017090181       -2.66       -2.23    4.0    9.10s
  4   -61.88017415751       -5.49       -2.73    4.2    9.51s
  5   -61.88017689809       -5.56       -3.62    3.7    8.30s
  6   -61.88017691202       -7.86       -4.70    4.3    9.67s
  7   -61.88017691210      -10.10       -5.32    4.3    9.89s
  8   -61.88017691210      -11.38       -6.84    4.0    9.17s
  9   -61.88017691210   +  -14.15       -7.87    4.6    10.5s
n     Energy            log10(ΔE)   log10(Δρ)   Diag   Δtime
---   ---------------   ---------   ---------   ----   ------
  1   -61.87514858454                   -1.19    8.1    14.8s
  2   -61.87797452521       -2.55       -1.31    2.9    7.19s
  3   -61.88017088621       -2.66       -2.23    4.1    9.16s
  4   -61.88017418097       -5.48       -2.73    4.1    9.37s
  5   -61.88017689798       -5.57       -3.62    3.8    8.41s
  6   -61.88017691201       -7.85       -4.70    4.2    9.65s
  7   -61.88017691210      -10.05       -5.32    4.2    9.71s
  8   -61.88017691210      -11.36       -6.88    4.0    8.96s
  9   -61.88017691210      -13.45       -7.83    4.6    10.3s
     2    -6.188018e+01     3.392640e-03
 * time: 416.9646809101105
n     Energy            log10(ΔE)   log10(Δρ)   Diag   Δtime
---   ---------------   ---------   ---------   ----   ------
  1   -61.87515031115                   -1.19    8.0    14.8s
  2   -61.87796878394       -2.55       -1.30    2.7    7.07s
  3   -61.88036506987       -2.62       -2.22    4.1    9.35s
  4   -61.88036804954       -5.53       -2.69    4.0    9.28s
  5   -61.88037152191       -5.46       -3.61    3.6    8.29s
  6   -61.88037153733       -7.81       -4.65    4.2    9.79s
  7   -61.88037153742      -10.02       -5.25    4.2    10.1s
  8   -61.88037153743      -11.23       -7.10    4.0    9.29s
n     Energy            log10(ΔE)   log10(Δρ)   Diag   Δtime
---   ---------------   ---------   ---------   ----   ------
  1   -61.87515006943                   -1.19    8.0    14.9s
  2   -61.87796729288       -2.55       -1.30    2.7    7.01s
  3   -61.88036500426       -2.62       -2.22    4.1    9.32s
  4   -61.88036797190       -5.53       -2.69    4.1    9.44s
  5   -61.88037152208       -5.45       -3.61    3.7    8.44s
  6   -61.88037153733       -7.82       -4.65    4.3    9.73s
  7   -61.88037153742      -10.05       -5.24    4.3    10.0s
  8   -61.88037153743      -11.23       -7.05    3.9    9.09s
     3    -6.188037e+01     7.697831e-04
 * time: 600.5128588676453
n     Energy            log10(ΔE)   log10(Δρ)   Diag   Δtime
---   ---------------   ---------   ---------   ----   ------
  1   -61.87520678509                   -1.19    8.9    15.9s
  2   -61.87801110792       -2.55       -1.30    3.2    7.76s
  3   -61.88037715020       -2.63       -2.23    4.5    9.75s
  4   -61.88038002908       -5.54       -2.70    4.3    9.77s
  5   -61.88038338663       -5.47       -3.62    4.0    8.72s
  6   -61.88038340086       -7.85       -4.72    4.3    9.82s
  7   -61.88038340094      -10.13       -5.33    4.5    10.6s
  8   -61.88038340094      -11.43       -6.86    4.2    9.62s
  9   -61.88038340094   +    -Inf       -7.92    4.6    10.6s
n     Energy            log10(ΔE)   log10(Δρ)   Diag   Δtime
---   ---------------   ---------   ---------   ----   ------
  1   -61.87520676747                   -1.19    8.9    16.1s
  2   -61.87801692795       -2.55       -1.30    3.2    7.71s
  3   -61.88037713023       -2.63       -2.23    4.3    9.61s
  4   -61.88038005001       -5.53       -2.70    4.2    9.59s
  5   -61.88038338653       -5.48       -3.62    3.9    8.67s
  6   -61.88038340086       -7.84       -4.70    4.4    9.92s
  7   -61.88038340094      -10.11       -5.32    4.5    10.4s
  8   -61.88038340094      -11.40       -6.94    4.0    9.38s
  9   -61.88038340094      -13.37       -7.91    4.8    11.0s
     4    -6.188038e+01     5.224515e-05
 * time: 813.9036600589752
n     Energy            log10(ΔE)   log10(Δρ)   Diag   Δtime
---   ---------------   ---------   ---------   ----   ------
  1   -61.87520755476                   -1.19    8.2    15.0s
  2   -61.87802172054       -2.55       -1.30    2.8    7.10s
  3   -61.88037704882       -2.63       -2.23    4.1    9.26s
  4   -61.88038006334       -5.52       -2.69    4.2    9.48s
  5   -61.88038343961       -5.47       -3.61    3.8    8.46s
  6   -61.88038345460       -7.82       -4.67    4.2    9.59s
  7   -61.88038345469      -10.06       -5.29    4.4    10.0s
  8   -61.88038345470      -11.32       -6.90    4.0    9.29s
  9   -61.88038345470      -13.30       -7.87    4.7    10.6s
n     Energy            log10(ΔE)   log10(Δρ)   Diag   Δtime
---   ---------------   ---------   ---------   ----   ------
  1   -61.87520372123                   -1.19    8.1    15.1s
  2   -61.87802432577       -2.55       -1.30    2.8    6.97s
  3   -61.88037699579       -2.63       -2.22    4.2    9.18s
  4   -61.88038003533       -5.52       -2.69    4.2    9.31s
  5   -61.88038343894       -5.47       -3.60    3.7    8.22s
  6   -61.88038345458       -7.81       -4.62    4.2    9.53s
  7   -61.88038345469       -9.96       -5.23    4.3    9.88s
  8   -61.88038345470      -11.18       -7.00    4.0    9.26s
  9   -61.88038345470      -13.45       -7.79    4.8    10.6s
     5    -6.188038e+01     8.862878e-07
 * time: 1020.8151528835297
 * Status: success

 * Candidate solution
    Final objective value:     -6.188038e+01

 * Found with
    Algorithm:     L-BFGS

 * Convergence measures
    |x - x'|               = 2.09e-03 ≰ -1.0e+00
    |x - x'|/|x'|          = 2.03e-04 ≰ 0.0e+00
    |f(x) - f(x')|         = 5.38e-08 ≰ 1.0e-08
    |f(x) - f(x')|/|f(x')| = 8.69e-10 ≰ 0.0e+00
    |g(x)|                 = 8.86e-07 ≤ 1.0e-06

 * Work counters
    Seconds run:   1021  (vs limit Inf)
    Iterations:    5
    f(x) calls:    6
    ∇f(x) calls:   6

NaCl: 1137.566877 seconds (1.07 G allocations: 315.527 GiB, 5.00% gc time, 0.29% compilation time)
n     Energy            log10(ΔE)   log10(Δρ)   Diag   Δtime
---   ---------------   ---------   ---------   ----   ------
  1   -2.310082697163                   -1.43    5.5    1.76s
  2   -2.310254131803       -3.77       -1.83    1.5    864ms
  3   -2.310296949147       -4.37       -3.40    3.6    1.63s
  4   -2.310297176425       -6.64       -3.91    4.3    1.90s
  5   -2.310297177394       -9.01       -4.37    2.6    1.05s
  6   -2.310297177625       -9.64       -4.91    2.7    1.09s
  7   -2.310297177650      -10.60       -5.91    3.1    1.50s
  8   -2.310297177651      -12.44       -6.53    3.6    1.37s
  9   -2.310297177651      -14.65       -7.34    2.0    1.23s
Iter     Function value   Gradient norm 
     0    -2.310297e+00     4.243185e-03
 * time: 4.0531158447265625e-6
n     Energy            log10(ΔE)   log10(Δρ)   Diag   Δtime
---   ---------------   ---------   ---------   ----   ------
  1   -2.310101245651                   -1.43    5.6    2.09s
  2   -2.310271671152       -3.77       -1.83    1.5    796ms
  3   -2.310314523322       -4.37       -3.38    3.6    1.64s
  4   -2.310314812271       -6.54       -3.88    4.3    1.55s
  5   -2.310314813358       -8.96       -4.35    2.5    1.35s
  6   -2.310314813596       -9.62       -4.87    2.8    1.08s
  7   -2.310314813626      -10.52       -5.92    3.0    1.17s
  8   -2.310314813626      -12.40       -6.50    3.6    1.65s
  9   -2.310314813626      -14.57       -7.20    2.0    898ms
n     Energy            log10(ΔE)   log10(Δρ)   Diag   Δtime
---   ---------------   ---------   ---------   ----   ------
  1   -2.310101023623                   -1.43    5.5    1.81s
  2   -2.310272143767       -3.77       -1.83    1.5    1.13s
  3   -2.310314540331       -4.37       -3.40    3.6    1.38s
  4   -2.310314812366       -6.57       -3.91    4.3    1.88s
  5   -2.310314813358       -9.00       -4.36    2.6    1.08s
  6   -2.310314813598       -9.62       -4.89    2.8    1.39s
  7   -2.310314813626      -10.56       -5.94    3.0    1.17s
  8   -2.310314813626      -12.49       -6.52    3.7    1.70s
  9   -2.310314813626   +    -Inf       -7.31    2.1    937ms
     1    -2.310315e+00     4.069406e-03
 * time: 54.35077404975891
n     Energy            log10(ΔE)   log10(Δρ)   Diag   Δtime
---   ---------------   ---------   ---------   ----   ------
  1   -2.310297062041                   -1.43    5.4    2.02s
  2   -2.310457889431       -3.79       -1.83    1.4    762ms
  3   -2.310497310622       -4.40       -3.48    3.5    1.61s
  4   -2.310497540857       -6.64       -4.14    4.4    1.57s
  5   -2.310497541284       -9.37       -4.62    2.5    1.31s
  6   -2.310497541376      -10.03       -5.42    3.0    1.14s
  7   -2.310497541379      -11.66       -6.29    3.4    1.55s
  8   -2.310497541379      -13.34       -7.25    3.4    1.27s
n     Energy            log10(ΔE)   log10(Δρ)   Diag   Δtime
---   ---------------   ---------   ---------   ----   ------
  1   -2.310294364798                   -1.43    5.4    2.01s
  2   -2.310458008111       -3.79       -1.83    1.4    793ms
  3   -2.310497259179       -4.41       -3.49    3.5    1.58s
  4   -2.310497540871       -6.55       -4.15    4.4    1.58s
  5   -2.310497541279       -9.39       -4.61    2.5    1.29s
  6   -2.310497541377      -10.01       -5.43    2.9    1.12s
  7   -2.310497541379      -11.69       -6.26    3.3    1.54s
  8   -2.310497541379      -13.30       -7.20    3.3    1.24s
     2    -2.310498e+00     6.429745e-04
 * time: 105.5501320362091
n     Energy            log10(ΔE)   log10(Δρ)   Diag   Δtime
---   ---------------   ---------   ---------   ----   ------
  1   -2.310300637788                   -1.43    5.1    1.93s
  2   -2.310460356195       -3.80       -1.83    1.3    742ms
  3   -2.310501033896       -4.39       -3.45    3.4    1.58s
  4   -2.310501333494       -6.52       -4.11    4.2    1.59s
  5   -2.310501333923       -9.37       -4.61    2.4    1.26s
  6   -2.310501334016      -10.03       -5.34    2.8    1.08s
  7   -2.310501334020      -11.47       -6.10    3.2    1.48s
  8   -2.310501334020      -13.07       -7.22    3.2    1.21s
n     Energy            log10(ΔE)   log10(Δρ)   Diag   Δtime
---   ---------------   ---------   ---------   ----   ------
  1   -2.310298345891                   -1.43    5.2    1.87s
  2   -2.310461069276       -3.79       -1.83    1.3    1.03s
  3   -2.310501055153       -4.40       -3.47    3.4    1.26s
  4   -2.310501333468       -6.56       -4.14    4.3    1.84s
  5   -2.310501333912       -9.35       -4.60    2.4    946ms
  6   -2.310501334017       -9.98       -5.37    2.8    1.09s
  7   -2.310501334020      -11.53       -6.13    3.2    1.44s
  8   -2.310501334020      -13.15       -7.13    3.2    1.17s
     3    -2.310501e+00     8.114207e-05
 * time: 155.73911309242249
n     Energy            log10(ΔE)   log10(Δρ)   Diag   Δtime
---   ---------------   ---------   ---------   ----   ------
  1   -2.310301709001                   -1.43    5.2    1.85s
  2   -2.310461590532       -3.80       -1.83    1.4    1.00s
  3   -2.310501157438       -4.40       -3.48    3.4    1.23s
  4   -2.310501395703       -6.62       -4.14    4.4    1.83s
  5   -2.310501396132       -9.37       -4.61    2.4    963ms
  6   -2.310501396230      -10.01       -5.43    2.9    1.12s
  7   -2.310501396232      -11.65       -6.27    3.2    1.45s
  8   -2.310501396232      -13.33       -7.22    3.3    1.23s
n     Energy            log10(ΔE)   log10(Δρ)   Diag   Δtime
---   ---------------   ---------   ---------   ----   ------
  1   -2.310298168105                   -1.43    5.3    1.63s
  2   -2.310461124667       -3.79       -1.83    1.4    1.02s
  3   -2.310501161837       -4.40       -3.49    3.4    1.25s
  4   -2.310501395736       -6.63       -4.16    4.4    1.81s
  5   -2.310501396136       -9.40       -4.62    2.4    977ms
  6   -2.310501396230      -10.03       -5.44    2.9    1.39s
  7   -2.310501396232      -11.66       -6.31    3.3    1.19s
  8   -2.310501396232      -13.39       -7.23    3.4    1.29s
     4    -2.310501e+00     7.146803e-07
 * time: 206.0929310321808
 * Status: success

 * Candidate solution
    Final objective value:     -2.310501e+00

 * Found with
    Algorithm:     L-BFGS

 * Convergence measures
    |x - x'|               = 1.52e-03 ≰ -1.0e+00
    |x - x'|/|x'|          = 2.01e-04 ≰ 0.0e+00
    |f(x) - f(x')|         = 6.22e-08 ≰ 1.0e-08
    |f(x) - f(x')|/|f(x')| = 2.69e-08 ≰ 0.0e+00
    |g(x)|                 = 7.15e-07 ≤ 1.0e-06

 * Work counters
    Seconds run:   206  (vs limit Inf)
    Iterations:    4
    f(x) calls:    5
    ∇f(x) calls:   5

Al: 238.772704 seconds (192.09 M allocations: 45.696 GiB, 6.26% gc time, 0.00% compilation time)
n     Energy            log10(ΔE)   log10(Δρ)   Diag   Δtime
---   ---------------   ---------   ---------   ----   ------
  1   -73.53229974047                   -0.77    9.8    9.25s
  2   -73.55220062756       -1.70       -0.98    5.6    5.46s
  3   -73.56137714922       -2.04       -1.29    6.9    6.73s
  4   -73.56340354688       -2.69       -1.74    6.2    5.90s
  5   -73.56355102097       -3.83       -2.15    5.1    5.32s
  6   -73.56358317888       -4.49       -3.04    5.5    5.74s
  7   -73.56358317924       -9.44       -3.50    4.9    5.36s
  8   -73.56358322425       -7.35       -4.11    5.6    5.58s
  9   -73.56358322298   +   -8.89       -4.38    5.4    5.60s
 10   -73.56358322453       -8.81       -5.24    5.7    5.71s
 11   -73.56358322454      -12.13       -5.62    5.5    5.77s
 12   -73.56358322454      -11.34       -6.58    5.3    5.37s
 13   -73.56358322454      -12.89       -6.95    5.8    5.80s
 14   -73.56358322454   +  -13.37       -7.42    5.8    5.90s
Iter     Function value   Gradient norm 
     0    -7.356358e+01     2.563461e-02
 * time: 5.0067901611328125e-6
n     Energy            log10(ΔE)   log10(Δρ)   Diag   Δtime
---   ---------------   ---------   ---------   ----   ------
  1   -73.53341391552                   -0.77    9.8    8.89s
  2   -73.55314031648       -1.70       -0.98    5.6    5.46s
  3   -73.56210546895       -2.05       -1.29    6.9    6.90s
  4   -73.56401007196       -2.72       -1.74    6.2    5.87s
  5   -73.56416506837       -3.81       -2.16    5.1    5.26s
  6   -73.56419228069       -4.57       -3.05    5.5    5.71s
  7   -73.56419231158       -7.51       -3.55    4.2    4.87s
  8   -73.56419233416       -7.65       -4.17    5.5    5.54s
  9   -73.56419233347   +   -9.16       -4.48    5.4    5.56s
 10   -73.56419233440       -9.03       -5.15    5.6    5.49s
 11   -73.56419233440      -11.58       -5.88    5.6    5.76s
 12   -73.56419233440      -11.61       -6.54    5.6    5.69s
 13   -73.56419233440      -12.94       -6.85    5.6    5.80s
 14   -73.56419233440   +  -12.94       -7.79    5.5    5.66s
n     Energy            log10(ΔE)   log10(Δρ)   Diag   Δtime
---   ---------------   ---------   ---------   ----   ------
  1   -73.53341704068                   -0.77    9.9    9.23s
  2   -73.55314573310       -1.70       -0.99    5.6    5.50s
  3   -73.56203567437       -2.05       -1.29    6.9    6.84s
  4   -73.56385338633       -2.74       -1.63    6.0    5.86s
  5   -73.56418197979       -3.48       -2.32    5.4    5.51s
  6   -73.56419231516       -4.99       -3.06    5.5    5.96s
  7   -73.56419233038       -7.82       -3.54    4.0    4.80s
  8   -73.56419233247       -8.68       -4.09    4.0    4.77s
  9   -73.56419233428       -8.74       -4.49    6.0    6.02s
 10   -73.56419233439       -9.98       -4.91    5.0    5.19s
 11   -73.56419233440      -10.74       -5.66    5.2    5.36s
 12   -73.56419233440   +  -11.94       -6.22    5.0    5.40s
 13   -73.56419233440      -12.38       -7.03    4.8    5.15s
     1    -7.356419e+01     2.187146e-02
 * time: 216.58906412124634
n     Energy            log10(ΔE)   log10(Δρ)   Diag   Δtime
---   ---------------   ---------   ---------   ----   ------
  1   -73.54013955661                   -0.79    9.7    11.2s
  2   -73.55585723713       -1.80       -1.00    5.3    6.84s
  3   -73.56383065079       -2.10       -1.31    6.8    8.68s
  4   -73.56542261839       -2.80       -1.69    6.0    7.41s
  5   -73.56567533632       -3.60       -2.55    5.4    6.99s
  6   -73.56567692194       -5.80       -3.14    5.3    7.49s
  7   -73.56567693004       -8.09       -3.65    4.4    6.26s
  8   -73.56567693971       -8.01       -3.98    4.9    6.73s
  9   -73.56567694046       -9.13       -4.46    5.5    7.09s
 10   -73.56567694142       -9.02       -4.83    5.3    7.01s
 11   -73.56567694149      -10.14       -5.50    5.1    6.73s
 12   -73.56567694149      -11.58       -6.31    5.2    7.17s
 13   -73.56567694149      -12.42       -6.95    5.2    7.07s
 14   -73.56567694149      -13.07       -7.39    5.3    7.01s
n     Energy            log10(ΔE)   log10(Δρ)   Diag   Δtime
---   ---------------   ---------   ---------   ----   ------
  1   -73.54014820186                   -0.79    9.8    11.3s
  2   -73.55584698138       -1.80       -1.00    5.3    6.93s
  3   -73.56383112353       -2.10       -1.31    6.7    8.70s
  4   -73.56542256627       -2.80       -1.69    6.0    7.54s
  5   -73.56567532337       -3.60       -2.55    5.5    7.14s
  6   -73.56567692200       -5.80       -3.14    5.4    7.53s
  7   -73.56567693109       -8.04       -3.66    4.4    6.22s
  8   -73.56567693996       -8.05       -3.98    4.9    6.65s
  9   -73.56567694044       -9.31       -4.45    5.4    7.11s
 10   -73.56567694141       -9.01       -4.82    5.3    7.04s
 11   -73.56567694149      -10.11       -5.50    5.1    6.65s
 12   -73.56567694149      -11.55       -6.27    5.4    7.22s
 13   -73.56567694149      -12.30       -7.01    5.3    7.24s
     2    -7.356568e+01     2.799543e-03
 * time: 476.8409740924835
n     Energy            log10(ΔE)   log10(Δρ)   Diag   Δtime
---   ---------------   ---------   ---------   ----   ------
  1   -73.53961682529                   -0.79    9.8    9.36s
  2   -73.55564050209       -1.80       -0.99    5.5    5.46s
  3   -73.56382942038       -2.09       -1.31    6.8    6.95s
  4   -73.56542621718       -2.80       -1.68    5.9    5.95s
  5   -73.56569658242       -3.57       -2.55    5.4    5.60s
  6   -73.56569835046       -5.75       -3.12    5.4    6.07s
  7   -73.56569836334       -7.89       -3.65    4.2    4.72s
  8   -73.56569837080       -8.13       -3.97    5.0    5.21s
  9   -73.56569837139       -9.23       -4.50    5.4    5.53s
 10   -73.56569837212       -9.14       -4.78    5.2    5.42s
 11   -73.56569837224       -9.93       -5.47    5.0    5.21s
 12   -73.56569837224      -11.27       -6.33    5.3    5.51s
 13   -73.56569837224      -12.94       -6.80    5.0    5.32s
 14   -73.56569837224      -13.25       -7.40    5.3    5.42s
n     Energy            log10(ΔE)   log10(Δρ)   Diag   Δtime
---   ---------------   ---------   ---------   ----   ------
  1   -73.53961554431                   -0.79    9.9    8.96s
  2   -73.55562762830       -1.80       -0.99    5.4    5.40s
  3   -73.56383099391       -2.09       -1.31    6.8    6.79s
  4   -73.56542590061       -2.80       -1.68    6.0    5.85s
  5   -73.56569667734       -3.57       -2.55    5.5    5.64s
  6   -73.56569835336       -5.78       -3.12    5.5    5.97s
  7   -73.56569836341       -8.00       -3.65    4.6    4.97s
  8   -73.56569837067       -8.14       -3.97    4.9    5.21s
  9   -73.56569837141       -9.13       -4.49    5.4    5.62s
 10   -73.56569837211       -9.16       -4.77    5.1    5.49s
 11   -73.56569837224       -9.91       -5.47    5.1    5.36s
 12   -73.56569837224      -11.25       -6.34    5.4    5.71s
 13   -73.56569837224      -13.07       -6.88    5.1    5.59s
 14   -73.56569837224   +  -13.55       -7.43    4.9    5.23s
     3    -7.356570e+01     2.576052e-04
 * time: 699.8239440917969
n     Energy            log10(ΔE)   log10(Δρ)   Diag   Δtime
---   ---------------   ---------   ---------   ----   ------
  1   -73.53965516940                   -0.79    9.7    11.5s
  2   -73.55565499982       -1.80       -0.99    5.4    6.87s
  3   -73.56383388608       -2.09       -1.31    6.7    8.70s
  4   -73.56542669874       -2.80       -1.68    5.9    7.38s
  5   -73.56569679973       -3.57       -2.55    5.4    7.05s
  6   -73.56569852461       -5.76       -3.12    5.4    7.56s
  7   -73.56569853253       -8.10       -3.65    4.7    6.63s
  8   -73.56569854154       -8.05       -3.97    4.8    6.64s
  9   -73.56569854242       -9.06       -4.47    5.5    7.16s
 10   -73.56569854323       -9.09       -4.78    5.1    6.86s
 11   -73.56569854334       -9.94       -5.47    5.1    6.62s
 12   -73.56569854335      -11.25       -6.33    5.3    7.00s
 13   -73.56569854335      -12.81       -6.86    5.1    6.85s
 14   -73.56569854335      -13.55       -7.45    5.0    6.46s
n     Energy            log10(ΔE)   log10(Δρ)   Diag   Δtime
---   ---------------   ---------   ---------   ----   ------
  1   -73.53965843798                   -0.79    9.8    11.2s
  2   -73.55565469179       -1.80       -0.99    5.2    6.67s
  3   -73.56383319110       -2.09       -1.31    6.7    8.40s
  4   -73.56542664334       -2.80       -1.68    5.9    7.37s
  5   -73.56569681437       -3.57       -2.55    5.5    7.13s
  6   -73.56569852367       -5.77       -3.12    5.3    7.48s
  7   -73.56569853316       -8.02       -3.65    4.6    6.36s
  8   -73.56569854155       -8.08       -3.97    4.9    6.67s
  9   -73.56569854245       -9.05       -4.48    5.4    7.22s
 10   -73.56569854323       -9.11       -4.77    5.1    6.92s
 11   -73.56569854334       -9.94       -5.45    5.0    6.59s
 12   -73.56569854335      -11.21       -6.29    5.3    7.10s
 13   -73.56569854335      -13.00       -6.84    5.1    6.95s
 14   -73.56569854335      -13.85       -7.43    5.0    6.54s
     4    -7.356570e+01     1.188723e-06
 * time: 963.0834801197052
n     Energy            log10(ΔE)   log10(Δρ)   Diag   Δtime
---   ---------------   ---------   ---------   ----   ------
  1   -73.53967808574                   -0.79    9.7    11.6s
  2   -73.55565720548       -1.80       -0.99    5.3    6.93s
  3   -73.56383137531       -2.09       -1.31    6.8    8.82s
  4   -73.56542699853       -2.80       -1.68    5.9    7.45s
  5   -73.56569687731       -3.57       -2.55    5.4    7.09s
  6   -73.56569852368       -5.78       -3.12    5.4    7.67s
  7   -73.56569853402       -7.99       -3.65    4.5    6.33s
  8   -73.56569854179       -8.11       -3.97    4.8    6.57s
  9   -73.56569854245       -9.18       -4.48    5.4    6.84s
 10   -73.56569854322       -9.11       -4.77    5.2    6.79s
 11   -73.56569854335       -9.91       -5.46    5.0    6.66s
 12   -73.56569854335      -11.20       -6.27    5.3    7.23s
 13   -73.56569854335      -13.00       -6.80    5.1    6.95s
 14   -73.56569854335      -13.55       -7.42    5.2    6.78s
n     Energy            log10(ΔE)   log10(Δρ)   Diag   Δtime
---   ---------------   ---------   ---------   ----   ------
  1   -73.53966570068                   -0.79    9.8    11.2s
  2   -73.55565622247       -1.80       -0.99    5.4    6.88s
  3   -73.56383295877       -2.09       -1.31    6.7    8.65s
  4   -73.56542639690       -2.80       -1.68    5.9    7.44s
  5   -73.56569690447       -3.57       -2.55    5.5    7.14s
  6   -73.56569852326       -5.79       -3.12    5.4    7.55s
  7   -73.56569853372       -7.98       -3.65    4.4    6.16s
  8   -73.56569854179       -8.09       -3.97    4.9    6.48s
  9   -73.56569854242       -9.20       -4.48    5.5    7.09s
 10   -73.56569854323       -9.09       -4.78    5.1    6.87s
 11   -73.56569854335       -9.93       -5.45    5.0    6.61s
 12   -73.56569854335      -11.22       -6.27    5.4    7.22s
 13   -73.56569854335      -12.85       -6.83    5.0    7.09s
 14   -73.56569854335   +    -Inf       -7.40    5.1    6.82s
     5    -7.356570e+01     9.467238e-09
 * time: 1228.9174931049347
┌ Info: Threading setup: 
│   Threads.nthreads() = 1
│   n_DFTK = 1
│   n_fft = 1
└   n_blas = 1
┌ Info: 2025-05-15T14:59:24.494
│   name = "Si"
│   Ecut = 18.0
│   kgrid = MonkhorstPack([14, 14, 14])
│   p0 = ComponentVector{Float64}(a = 10.347246312603742)
│   temperature = 0.001
└   smearing = DFTK.Smearing.Gaussian()
┌ Info: 2025-05-15T15:03:18.722
│   name = "NaCl"
│   Ecut = 44.0
│   kgrid = MonkhorstPack([13, 13, 13])
│   p0 = ComponentVector{Float64}(a = 10.746130571470083)
│   temperature = 0
└   smearing = DFTK.Smearing.None()
┌ Info: 2025-05-15T15:22:16.321
│   name = "Al"
│   Ecut = 20.0
│   kgrid = MonkhorstPack([18, 18, 18])
│   p0 = ComponentVector{Float64}(a = 7.641925528121933)
│   temperature = 0.001
└   smearing = DFTK.Smearing.Gaussian()
┌ Info: 2025-05-15T15:26:15.094
│   name = "V"
│   Ecut = 42.0
│   kgrid = MonkhorstPack([20, 20, 20])
│   p0 = ComponentVector{Float64}(a = 5.699267600684394)
│   temperature = 0.001
└   smearing = DFTK.Smearing.Gaussian()
┌ Warning: Negative ρcore detected: -3.4151886922104144e-8
└ @ DFTK ~/.julia/packages/DFTK/n2IL4/src/terms/xc.jl:39
┌ Warning: Negative ρcore detected: Dual{ForwardDiff.Tag{var"#19#21"{@NamedTuple{ham::Hamiltonian, basis::PlaneWaveBasis{Float64, Float64, DFTK.CPU, FFTGrid{Float64, Float64, Array{StaticArraysCore.SVector{3, Int64}, 3}, Array{StaticArraysCore.SVector{3, Float64}, 3}}, Vector{StaticArraysCore.SVector{3, Int64}}}, energies::Energies{Float64}, converged::Bool, occupation_threshold::Float64, ρ::Array{Float64, 4}, τ::Nothing, α::Float64, eigenvalues::Vector{Vector{Float64}}, occupation::Vector{Vector{Float64}}, εF::Float64, n_bands_converge::Int64, n_iter::Int64, n_matvec::Int64, ψ::Vector{Matrix{ComplexF64}}, diagonalization::Vector{@NamedTuple{λ::Vector{Vector{Float64}}, X::Vector{Matrix{ComplexF64}}, residual_norms::Vector{Vector{Float64}}, n_iter::Vector{Int64}, converged::Bool, n_matvec::Int64}}, stage::Symbol, history_Δρ::Vector{Float64}, history_Etot::Vector{Float64}, timedout::Bool, runtime_ns::UInt64, algorithm::String}, Model{Float64, Float64}, Float64, MonkhorstPack, var"#case#4"{Matrix{Float64}, Float64, MonkhorstPack, Vector{StaticArraysCore.SVector{3, Float64}}, Vector{ElementPsp{PspUpf{Float64, Interpolations.Extrapolation{Float64, 1, Interpolations.GriddedInterpolation{Float64, 1, Vector{Float64}, Interpolations.Gridded{Interpolations.Linear{Interpolations.Throw{Interpolations.OnGrid}}}, Tuple{Vector{Float64}}}, Interpolations.Gridded{Interpolations.Linear{Interpolations.Throw{Interpolations.OnGrid}}}, Interpolations.Throw{Nothing}}}}}, Float64, Float64, String}}, Float64}}(-3.4151886922104144e-8,-1.2413273474001241e-8)
└ @ DFTK ~/.julia/packages/DFTK/n2IL4/src/terms/xc.jl:39
┌ Warning: Negative ρcore detected: -3.237275409436462e-8
└ @ DFTK ~/.julia/packages/DFTK/n2IL4/src/terms/xc.jl:39
┌ Warning: Negative ρcore detected: -3.237275409436462e-8
└ @ DFTK ~/.julia/packages/DFTK/n2IL4/src/terms/xc.jl:39
┌ Warning: Negative ρcore detected: Dual{ForwardDiff.Tag{var"#19#21"{@NamedTuple{ham::Hamiltonian, basis::PlaneWaveBasis{Float64, Float64, DFTK.CPU, FFTGrid{Float64, Float64, Array{StaticArraysCore.SVector{3, Int64}, 3}, Array{StaticArraysCore.SVector{3, Float64}, 3}}, Vector{StaticArraysCore.SVector{3, Int64}}}, energies::Energies{Float64}, converged::Bool, occupation_threshold::Float64, ρ::Array{Float64, 4}, τ::Nothing, α::Float64, eigenvalues::Vector{Vector{Float64}}, occupation::Vector{Vector{Float64}}, εF::Float64, n_bands_converge::Int64, n_iter::Int64, n_matvec::Int64, ψ::Vector{Matrix{ComplexF64}}, diagonalization::Vector{@NamedTuple{λ::Vector{Vector{Float64}}, X::Vector{Matrix{ComplexF64}}, residual_norms::Vector{Vector{Float64}}, n_iter::Vector{Int64}, converged::Bool, n_matvec::Int64}}, stage::Symbol, history_Δρ::Vector{Float64}, history_Etot::Vector{Float64}, timedout::Bool, runtime_ns::UInt64, algorithm::String}, Model{Float64, Float64}, Float64, MonkhorstPack, var"#case#4"{Matrix{Float64}, Float64, MonkhorstPack, Vector{StaticArraysCore.SVector{3, Float64}}, Vector{ElementPsp{PspUpf{Float64, Interpolations.Extrapolation{Float64, 1, Interpolations.GriddedInterpolation{Float64, 1, Vector{Float64}, Interpolations.Gridded{Interpolations.Linear{Interpolations.Throw{Interpolations.OnGrid}}}, Tuple{Vector{Float64}}}, Interpolations.Gridded{Interpolations.Linear{Interpolations.Throw{Interpolations.OnGrid}}}, Interpolations.Throw{Nothing}}}}}, Float64, Float64, String}}, Float64}}(-3.237275409436462e-8,-1.297476116401968e-7)
└ @ DFTK ~/.julia/packages/DFTK/n2IL4/src/terms/xc.jl:39
┌ Warning: Negative ρcore detected: -4.225900586179485e-8
└ @ DFTK ~/.julia/packages/DFTK/n2IL4/src/terms/xc.jl:39
┌ Warning: Negative ρcore detected: -4.225900586179485e-8
└ @ DFTK ~/.julia/packages/DFTK/n2IL4/src/terms/xc.jl:39
┌ Warning: Negative ρcore detected: Dual{ForwardDiff.Tag{var"#19#21"{@NamedTuple{ham::Hamiltonian, basis::PlaneWaveBasis{Float64, Float64, DFTK.CPU, FFTGrid{Float64, Float64, Array{StaticArraysCore.SVector{3, Int64}, 3}, Array{StaticArraysCore.SVector{3, Float64}, 3}}, Vector{StaticArraysCore.SVector{3, Int64}}}, energies::Energies{Float64}, converged::Bool, occupation_threshold::Float64, ρ::Array{Float64, 4}, τ::Nothing, α::Float64, eigenvalues::Vector{Vector{Float64}}, occupation::Vector{Vector{Float64}}, εF::Float64, n_bands_converge::Int64, n_iter::Int64, n_matvec::Int64, ψ::Vector{Matrix{ComplexF64}}, diagonalization::Vector{@NamedTuple{λ::Vector{Vector{Float64}}, X::Vector{Matrix{ComplexF64}}, residual_norms::Vector{Vector{Float64}}, n_iter::Vector{Int64}, converged::Bool, n_matvec::Int64}}, stage::Symbol, history_Δρ::Vector{Float64}, history_Etot::Vector{Float64}, timedout::Bool, runtime_ns::UInt64, algorithm::String}, Model{Float64, Float64}, Float64, MonkhorstPack, var"#case#4"{Matrix{Float64}, Float64, MonkhorstPack, Vector{StaticArraysCore.SVector{3, Float64}}, Vector{ElementPsp{PspUpf{Float64, Interpolations.Extrapolation{Float64, 1, Interpolations.GriddedInterpolation{Float64, 1, Vector{Float64}, Interpolations.Gridded{Interpolations.Linear{Interpolations.Throw{Interpolations.OnGrid}}}, Tuple{Vector{Float64}}}, Interpolations.Gridded{Interpolations.Linear{Interpolations.Throw{Interpolations.OnGrid}}}, Interpolations.Throw{Nothing}}}}}, Float64, Float64, String}}, Float64}}(-4.225900586179485e-8,1.6892707333864178e-8)
└ @ DFTK ~/.julia/packages/DFTK/n2IL4/src/terms/xc.jl:39
┌ Warning: Negative ρcore detected: -3.258284853614481e-8
└ @ DFTK ~/.julia/packages/DFTK/n2IL4/src/terms/xc.jl:39
┌ Warning: Negative ρcore detected: -3.258284853614481e-8
└ @ DFTK ~/.julia/packages/DFTK/n2IL4/src/terms/xc.jl:39
┌ Warning: Negative ρcore detected: Dual{ForwardDiff.Tag{var"#19#21"{@NamedTuple{ham::Hamiltonian, basis::PlaneWaveBasis{Float64, Float64, DFTK.CPU, FFTGrid{Float64, Float64, Array{StaticArraysCore.SVector{3, Int64}, 3}, Array{StaticArraysCore.SVector{3, Float64}, 3}}, Vector{StaticArraysCore.SVector{3, Int64}}}, energies::Energies{Float64}, converged::Bool, occupation_threshold::Float64, ρ::Array{Float64, 4}, τ::Nothing, α::Float64, eigenvalues::Vector{Vector{Float64}}, occupation::Vector{Vector{Float64}}, εF::Float64, n_bands_converge::Int64, n_iter::Int64, n_matvec::Int64, ψ::Vector{Matrix{ComplexF64}}, diagonalization::Vector{@NamedTuple{λ::Vector{Vector{Float64}}, X::Vector{Matrix{ComplexF64}}, residual_norms::Vector{Vector{Float64}}, n_iter::Vector{Int64}, converged::Bool, n_matvec::Int64}}, stage::Symbol, history_Δρ::Vector{Float64}, history_Etot::Vector{Float64}, timedout::Bool, runtime_ns::UInt64, algorithm::String}, Model{Float64, Float64}, Float64, MonkhorstPack, var"#case#4"{Matrix{Float64}, Float64, MonkhorstPack, Vector{StaticArraysCore.SVector{3, Float64}}, Vector{ElementPsp{PspUpf{Float64, Interpolations.Extrapolation{Float64, 1, Interpolations.GriddedInterpolation{Float64, 1, Vector{Float64}, Interpolations.Gridded{Interpolations.Linear{Interpolations.Throw{Interpolations.OnGrid}}}, Tuple{Vector{Float64}}}, Interpolations.Gridded{Interpolations.Linear{Interpolations.Throw{Interpolations.OnGrid}}}, Interpolations.Throw{Nothing}}}}}, Float64, Float64, String}}, Float64}}(-3.258284853614481e-8,-4.34024335169886e-8)
└ @ DFTK ~/.julia/packages/DFTK/n2IL4/src/terms/xc.jl:39
┌ Warning: Negative ρcore detected: -4.141851012577763e-8
└ @ DFTK ~/.julia/packages/DFTK/n2IL4/src/terms/xc.jl:39
┌ Warning: Negative ρcore detected: -4.141851012577763e-8
└ @ DFTK ~/.julia/packages/DFTK/n2IL4/src/terms/xc.jl:39
┌ Warning: Negative ρcore detected: Dual{ForwardDiff.Tag{var"#19#21"{@NamedTuple{ham::Hamiltonian, basis::PlaneWaveBasis{Float64, Float64, DFTK.CPU, FFTGrid{Float64, Float64, Array{StaticArraysCore.SVector{3, Int64}, 3}, Array{StaticArraysCore.SVector{3, Float64}, 3}}, Vector{StaticArraysCore.SVector{3, Int64}}}, energies::Energies{Float64}, converged::Bool, occupation_threshold::Float64, ρ::Array{Float64, 4}, τ::Nothing, α::Float64, eigenvalues::Vector{Vector{Float64}}, occupation::Vector{Vector{Float64}}, εF::Float64, n_bands_converge::Int64, n_iter::Int64, n_matvec::Int64, ψ::Vector{Matrix{ComplexF64}}, diagonalization::Vector{@NamedTuple{λ::Vector{Vector{Float64}}, X::Vector{Matrix{ComplexF64}}, residual_norms::Vector{Vector{Float64}}, n_iter::Vector{Int64}, converged::Bool, n_matvec::Int64}}, stage::Symbol, history_Δρ::Vector{Float64}, history_Etot::Vector{Float64}, timedout::Bool, runtime_ns::UInt64, algorithm::String}, Model{Float64, Float64}, Float64, MonkhorstPack, var"#case#4"{Matrix{Float64}, Float64, MonkhorstPack, Vector{StaticArraysCore.SVector{3, Float64}}, Vector{ElementPsp{PspUpf{Float64, Interpolations.Extrapolation{Float64, 1, Interpolations.GriddedInterpolation{Float64, 1, Vector{Float64}, Interpolations.Gridded{Interpolations.Linear{Interpolations.Throw{Interpolations.OnGrid}}}, Tuple{Vector{Float64}}}, Interpolations.Gridded{Interpolations.Linear{Interpolations.Throw{Interpolations.OnGrid}}}, Interpolations.Throw{Nothing}}}}}, Float64, Float64, String}}, Float64}}(-4.141851012577763e-8,9.020226907682877e-8)
└ @ DFTK ~/.julia/packages/DFTK/n2IL4/src/terms/xc.jl:39
┌ Warning: Negative ρcore detected: -4.141910603990597e-8
└ @ DFTK ~/.julia/packages/DFTK/n2IL4/src/terms/xc.jl:39
┌ Warning: Negative ρcore detected: -4.141910603990597e-8
└ @ DFTK ~/.julia/packages/DFTK/n2IL4/src/terms/xc.jl:39
┌ Warning: Negative ρcore detected: Dual{ForwardDiff.Tag{var"#19#21"{@NamedTuple{ham::Hamiltonian, basis::PlaneWaveBasis{Float64, Float64, DFTK.CPU, FFTGrid{Float64, Float64, Array{StaticArraysCore.SVector{3, Int64}, 3}, Array{StaticArraysCore.SVector{3, Float64}, 3}}, Vector{StaticArraysCore.SVector{3, Int64}}}, energies::Energies{Float64}, converged::Bool, occupation_threshold::Float64, ρ::Array{Float64, 4}, τ::Nothing, α::Float64, eigenvalues::Vector{Vector{Float64}}, occupation::Vector{Vector{Float64}}, εF::Float64, n_bands_converge::Int64, n_iter::Int64, n_matvec::Int64, ψ::Vector{Matrix{ComplexF64}}, diagonalization::Vector{@NamedTuple{λ::Vector{Vector{Float64}}, X::Vector{Matrix{ComplexF64}}, residual_norms::Vector{Vector{Float64}}, n_iter::Vector{Int64}, converged::Bool, n_matvec::Int64}}, stage::Symbol, history_Δρ::Vector{Float64}, history_Etot::Vector{Float64}, timedout::Bool, runtime_ns::UInt64, algorithm::String}, Model{Float64, Float64}, Float64, MonkhorstPack, var"#case#4"{Matrix{Float64}, Float64, MonkhorstPack, Vector{StaticArraysCore.SVector{3, Float64}}, Vector{ElementPsp{PspUpf{Float64, Interpolations.Extrapolation{Float64, 1, Interpolations.GriddedInterpolation{Float64, 1, Vector{Float64}, Interpolations.Gridded{Interpolations.Linear{Interpolations.Throw{Interpolations.OnGrid}}}, Tuple{Vector{Float64}}}, Interpolations.Gridded{Interpolations.Linear{Interpolations.Throw{Interpolations.OnGrid}}}, Interpolations.Throw{Nothing}}}}}, Float64, Float64, String}}, Float64}}(-4.141910603990597e-8,9.017289870035794e-8)
└ @ DFTK ~/.julia/packages/DFTK/n2IL4/src/terms/xc.jl:39
 * Status: success

 * Candidate solution
    Final objective value:     -7.356570e+01

 * Found with
    Algorithm:     L-BFGS

 * Convergence measures
    |x - x'|               = 6.60e-06 ≰ -1.0e+00
    |x - x'|/|x'|          = 1.19e-06 ≰ 0.0e+00
    |f(x) - f(x')|         = 3.31e-12 ≤ 1.0e-08
    |f(x) - f(x')|/|f(x')| = 4.50e-14 ≰ 0.0e+00
    |g(x)|                 = 9.47e-09 ≤ 1.0e-06

 * Work counters
    Seconds run:   1229  (vs limit Inf)
    Iterations:    5
    f(x) calls:    6
    ∇f(x) calls:   6

V: 1353.263958 seconds (838.77 M allocations: 398.825 GiB, 5.19% gc time, 0.01% compilation time)
