n     Energy            log10(ΔE)   log10(Δρ)   Diag   Δtime
---   ---------------   ---------   ---------   ----   ------
  1   -8.438755404888                   -0.97    7.0    11.0s
  2   -8.441007000107       -2.65       -1.74    2.0    4.59s
  3   -8.441072373127       -4.18       -2.90    3.9    2.08s
  4   -8.441072930661       -6.25       -3.99    3.8    1.72s
  5   -8.441072931781       -8.95       -4.73    3.8    1.99s
  6   -8.441072931866      -10.07       -5.77    3.8    1.82s
  7   -8.441072931868      -11.84       -6.75    4.2    1.78s
  8   -8.441072931868      -14.05       -7.80    4.0    1.96s
Iter     Function value   Gradient norm 
     0    -8.441073e+00     6.635509e-03
 * time: 6.9141387939453125e-6
n     Energy            log10(ΔE)   log10(Δρ)   Diag   Δtime
---   ---------------   ---------   ---------   ----   ------
  1   -8.438765841014                   -0.97    7.1    2.61s
  2   -8.441046797449       -2.64       -1.74    2.1    1.19s
  3   -8.441114734975       -4.17       -2.90    3.9    1.98s
  4   -8.441115433254       -6.16       -3.96    4.0    2.02s
  5   -8.441115434368       -8.95       -4.69    3.9    1.64s
  6   -8.441115434468      -10.00       -5.71    3.9    1.86s
  7   -8.441115434470      -11.81       -6.68    4.0    1.68s
  8   -8.441115434470      -13.85       -7.72    4.2    1.93s
n     Energy            log10(ΔE)   log10(Δρ)   Diag   Δtime
---   ---------------   ---------   ---------   ----   ------
  1   -8.438755692375                   -0.97    7.1    2.55s
  2   -8.441046093828       -2.64       -1.74    2.3    1.52s
  3   -8.441114904120       -4.16       -2.89    3.8    1.75s
  4   -8.441115432997       -6.28       -3.98    4.0    2.04s
  5   -8.441115434341       -8.87       -4.69    4.1    1.70s
  6   -8.441115434468       -9.90       -5.70    4.0    1.91s
  7   -8.441115434470      -11.80       -6.69    4.0    1.67s
  8   -8.441115434470      -13.91       -7.64    4.2    1.91s
     1    -8.441115e+00     6.174664e-03
 * time: 41.953603982925415
n     Energy            log10(ΔE)   log10(Δρ)   Diag   Δtime
---   ---------------   ---------   ---------   ----   ------
  1   -8.438864482923                   -0.96    7.4    2.64s
  2   -8.441320540400       -2.61       -1.78    2.3    1.20s
  3   -8.441380723234       -4.22       -2.82    4.0    2.03s
  4   -8.441381127789       -6.39       -4.01    4.0    2.00s
  5   -8.441381131086       -8.48       -4.56    4.4    1.78s
  6   -8.441381131337       -9.60       -5.68    4.0    1.86s
  7   -8.441381131340      -11.44       -6.85    4.3    1.70s
  8   -8.441381131340      -14.27       -7.52    4.1    1.86s
n     Energy            log10(ΔE)   log10(Δρ)   Diag   Δtime
---   ---------------   ---------   ---------   ----   ------
  1   -8.438864154952                   -0.96    7.3    2.58s
  2   -8.441318858267       -2.61       -1.78    2.3    1.47s
  3   -8.441380655916       -4.21       -2.83    4.0    1.72s
  4   -8.441381127523       -6.33       -4.02    3.9    1.96s
  5   -8.441381131097       -8.45       -4.57    4.4    1.77s
  6   -8.441381131337       -9.62       -5.67    3.9    1.82s
  7   -8.441381131340      -11.45       -6.79    4.4    1.69s
  8   -8.441381131340      -13.75       -7.68    4.1    1.92s
     2    -8.441381e+00     2.878700e-04
 * time: 83.8803539276123
n     Energy            log10(ΔE)   log10(Δρ)   Diag   Δtime
---   ---------------   ---------   ---------   ----   ------
  1   -8.438865983913                   -0.96    7.0    2.57s
  2   -8.441320890198       -2.61       -1.78    2.1    1.16s
  3   -8.441381231955       -4.22       -2.83    3.9    1.95s
  4   -8.441381674075       -6.35       -4.01    3.8    1.92s
  5   -8.441381677733       -8.44       -4.55    4.3    1.75s
  6   -8.441381678016       -9.55       -5.68    3.8    1.77s
  7   -8.441381678020      -11.44       -6.86    4.2    1.69s
  8   -8.441381678020      -14.27       -7.48    4.0    1.85s
n     Energy            log10(ΔE)   log10(Δρ)   Diag   Δtime
---   ---------------   ---------   ---------   ----   ------
  1   -8.438873568258                   -0.96    6.9    2.50s
  2   -8.441321315011       -2.61       -1.78    2.3    1.47s
  3   -8.441381199746       -4.22       -2.83    3.9    1.66s
  4   -8.441381673826       -6.32       -4.00    3.8    1.92s
  5   -8.441381677737       -8.41       -4.55    4.2    1.75s
  6   -8.441381678016       -9.55       -5.67    3.8    1.80s
  7   -8.441381678020      -11.46       -6.79    4.2    1.69s
  8   -8.441381678020      -13.91       -7.72    4.1    1.86s
     3    -8.441382e+00     1.161284e-05
 * time: 124.15879392623901
n     Energy            log10(ΔE)   log10(Δρ)   Diag   Δtime
---   ---------------   ---------   ---------   ----   ------
  1   -8.438853982137                   -0.96    6.9    2.53s
  2   -8.441321873239       -2.61       -1.78    2.2    1.18s
  3   -8.441381212634       -4.23       -2.84    4.0    1.98s
  4   -8.441381675773       -6.33       -4.02    3.8    1.64s
  5   -8.441381678675       -8.54       -4.58    4.3    2.01s
  6   -8.441381678909       -9.63       -5.69    3.9    1.54s
  7   -8.441381678912      -11.49       -6.82    4.2    1.99s
  8   -8.441381678913      -13.91       -7.68    4.1    1.66s
n     Energy            log10(ΔE)   log10(Δρ)   Diag   Δtime
---   ---------------   ---------   ---------   ----   ------
  1   -8.438856554876                   -0.96    7.0    2.51s
  2   -8.441320647186       -2.61       -1.78    2.2    1.17s
  3   -8.441381274668       -4.22       -2.83    3.9    2.03s
  4   -8.441381675218       -6.40       -4.02    3.9    1.67s
  5   -8.441381678676       -8.46       -4.58    4.3    2.04s
  6   -8.441381678910       -9.63       -5.72    3.8    1.52s
  7   -8.441381678912      -11.53       -6.88    4.4    2.02s
  8   -8.441381678913      -13.97       -7.67    3.9    1.57s
     4    -8.441382e+00     2.173732e-08
 * time: 165.63904881477356
 * Status: success

 * Candidate solution
    Final objective value:     -8.441382e+00

 * Found with
    Algorithm:     L-BFGS

 * Convergence measures
    |x - x'|               = 1.54e-04 ≰ -1.0e+00
    |x - x'|/|x'|          = 1.50e-05 ≰ 0.0e+00
    |f(x) - f(x')|         = 8.93e-10 ≤ 1.0e-08
    |f(x) - f(x')|/|f(x')| = 1.06e-10 ≰ 0.0e+00
    |g(x)|                 = 2.17e-08 ≤ 1.0e-06

 * Work counters
    Seconds run:   166  (vs limit Inf)
    Iterations:    4
    f(x) calls:    5
    ∇f(x) calls:   5

Si: 237.263195 seconds (367.01 M allocations: 73.472 GiB, 8.30% gc time, 20.67% compilation time: <1% of which was recompilation)
n     Energy            log10(ΔE)   log10(Δρ)   Diag   Δtime
---   ---------------   ---------   ---------   ----   ------
  1   -62.00318077368                   -1.20    8.4    19.1s
  2   -62.00572293162       -2.59       -1.26    2.8    8.51s
  3   -62.00909765938       -2.47       -2.17    4.3    10.5s
  4   -62.00909781507       -6.81       -2.56    4.1    10.8s
  5   -62.00910603832       -5.08       -3.62    3.4    8.81s
  6   -62.00910604684       -8.07       -4.56    4.2    10.7s
  7   -62.00910604700       -9.80       -5.42    4.3    11.4s
  8   -62.00910604701      -11.50       -7.13    4.2    10.8s
Iter     Function value   Gradient norm 
     0    -6.200911e+01     1.090906e-02
 * time: 5.9604644775390625e-6
n     Energy            log10(ΔE)   log10(Δρ)   Diag   Δtime
---   ---------------   ---------   ---------   ----   ------
  1   -62.00331703952                   -1.20    8.4    16.4s
  2   -62.00586345772       -2.59       -1.26    2.9    7.89s
  3   -62.00921586737       -2.47       -2.18    4.1    10.0s
  4   -62.00921601755       -6.82       -2.56    4.1    10.6s
  5   -62.00922413213       -5.09       -3.63    3.3    8.61s
  6   -62.00922414024       -8.09       -4.58    4.2    10.7s
  7   -62.00922414039       -9.82       -5.34    4.4    11.2s
  8   -62.00922414039      -11.36       -7.38    4.2    10.6s
n     Energy            log10(ΔE)   log10(Δρ)   Diag   Δtime
---   ---------------   ---------   ---------   ----   ------
  1   -62.00331964893                   -1.20    8.4    17.0s
  2   -62.00586298123       -2.59       -1.26    2.8    7.88s
  3   -62.00921576835       -2.47       -2.18    4.1    10.1s
  4   -62.00921607043       -6.52       -2.56    4.1    10.7s
  5   -62.00922413175       -5.09       -3.62    3.4    8.81s
  6   -62.00922414023       -8.07       -4.55    4.2    10.8s
  7   -62.00922414039       -9.81       -5.30    4.3    11.3s
  8   -62.00922414039      -11.31       -7.35    4.2    10.6s
     1    -6.200922e+01     1.074117e-02
 * time: 205.81616497039795
n     Energy            log10(ΔE)   log10(Δρ)   Diag   Δtime
---   ---------------   ---------   ---------   ----   ------
  1   -62.00667745565                   -1.20    8.2    14.1s
  2   -62.00942098054       -2.56       -1.31    2.9    7.07s
  3   -62.01166515507       -2.65       -2.22    4.2    9.10s
  4   -62.01166878019       -5.44       -2.75    4.1    9.31s
  5   -62.01167161468       -5.55       -3.70    3.6    8.24s
  6   -62.01167161931       -8.33       -4.70    4.0    9.21s
  7   -62.01167161938      -10.13       -5.57    4.4    9.90s
  8   -62.01167161938      -11.88       -7.04    4.1    9.34s
n     Energy            log10(ΔE)   log10(Δρ)   Diag   Δtime
---   ---------------   ---------   ---------   ----   ------
  1   -62.00667492842                   -1.20    8.1    14.4s
  2   -62.00941939052       -2.56       -1.31    3.0    7.24s
  3   -62.01166508516       -2.65       -2.22    4.2    9.07s
  4   -62.01166870986       -5.44       -2.74    4.2    9.46s
  5   -62.01167161433       -5.54       -3.69    3.5    8.16s
  6   -62.01167161930       -8.30       -4.67    4.1    9.17s
  7   -62.01167161938      -10.07       -5.56    4.3    9.72s
  8   -62.01167161938      -11.87       -6.91    4.1    9.36s
  9   -62.01167161938      -13.85       -8.57    4.3    9.71s
     2    -6.201167e+01     5.908163e-03
 * time: 395.0694019794464
n     Energy            log10(ΔE)   log10(Δρ)   Diag   Δtime
---   ---------------   ---------   ---------   ----   ------
  1   -62.00698392013                   -1.20    8.5    14.8s
  2   -62.00962695393       -2.58       -1.30    3.0    7.36s
  3   -62.01216402546       -2.60       -2.21    4.2    9.34s
  4   -62.01216613736       -5.68       -2.67    4.2    9.60s
  5   -62.01217062795       -5.35       -3.67    3.6    8.20s
  6   -62.01217063339       -8.26       -4.67    4.2    9.56s
  7   -62.01217063348      -10.06       -5.45    4.3    10.0s
  8   -62.01217063348      -11.59       -7.00    4.1    9.44s
  9   -62.01217063348   +  -13.67       -8.19    4.4    10.1s
n     Energy            log10(ΔE)   log10(Δρ)   Diag   Δtime
---   ---------------   ---------   ---------   ----   ------
  1   -62.00697905557                   -1.20    8.5    15.0s
  2   -62.00963260525       -2.58       -1.30    3.0    7.36s
  3   -62.01216401485       -2.60       -2.21    4.4    9.47s
  4   -62.01216622499       -5.66       -2.67    4.2    9.60s
  5   -62.01217062794       -5.36       -3.68    3.6    8.26s
  6   -62.01217063339       -8.26       -4.64    4.2    9.80s
  7   -62.01217063348      -10.04       -5.45    4.3    9.82s
  8   -62.01217063348      -11.66       -7.52    4.1    9.38s
     3    -6.201217e+01     1.541300e-03
 * time: 591.3979840278625
n     Energy            log10(ΔE)   log10(Δρ)   Diag   Δtime
---   ---------------   ---------   ---------   ----   ------
  1   -62.00707216457                   -1.20    8.0    14.4s
  2   -62.00973751517       -2.57       -1.30    2.9    7.23s
  3   -62.01220805319       -2.61       -2.22    4.2    9.19s
  4   -62.01221050792       -5.61       -2.68    4.2    9.47s
  5   -62.01221460822       -5.39       -3.68    3.7    8.23s
  6   -62.01221461372       -8.26       -4.68    4.1    9.45s
  7   -62.01221461381      -10.07       -5.53    4.3    10.1s
  8   -62.01221461381      -11.77       -7.06    4.1    9.46s
n     Energy            log10(ΔE)   log10(Δρ)   Diag   Δtime
---   ---------------   ---------   ---------   ----   ------
  1   -62.00707307936                   -1.20    8.2    14.6s
  2   -62.00974228737       -2.57       -1.30    2.8    7.04s
  3   -62.01220797781       -2.61       -2.22    4.2    9.10s
  4   -62.01221058432       -5.58       -2.69    4.2    9.45s
  5   -62.01221460831       -5.40       -3.68    3.6    8.22s
  6   -62.01221461372       -8.27       -4.66    4.1    9.48s
  7   -62.01221461381      -10.06       -5.53    4.3    9.78s
  8   -62.01221461381      -11.82       -7.23    4.2    9.42s
     4    -6.201221e+01     1.620936e-04
 * time: 775.5950610637665
n     Energy            log10(ΔE)   log10(Δρ)   Diag   Δtime
---   ---------------   ---------   ---------   ----   ------
  1   -62.00708500739                   -1.20    8.2    14.9s
  2   -62.00975272247       -2.57       -1.30    3.0    7.33s
  3   -62.01220847587       -2.61       -2.21    4.4    9.48s
  4   -62.01221097676       -5.60       -2.68    4.2    9.51s
  5   -62.01221508137       -5.39       -3.68    3.6    8.21s
  6   -62.01221508689       -8.26       -4.65    4.3    9.71s
  7   -62.01221508698      -10.05       -5.53    4.4    9.95s
  8   -62.01221508698      -11.78       -7.11    4.2    9.69s
n     Energy            log10(ΔE)   log10(Δρ)   Diag   Δtime
---   ---------------   ---------   ---------   ----   ------
  1   -62.00708215315                   -1.20    8.4    15.2s
  2   -62.00975495830       -2.57       -1.30    3.0    7.23s
  3   -62.01220845100       -2.61       -2.21    4.3    9.42s
  4   -62.01221096405       -5.60       -2.68    4.3    9.62s
  5   -62.01221508129       -5.39       -3.67    3.7    8.39s
  6   -62.01221508688       -8.25       -4.63    4.2    9.50s
  7   -62.01221508698      -10.01       -5.61    4.4    9.79s
  8   -62.01221508698      -11.94       -7.38    4.3    9.67s
     5    -6.201222e+01     5.179080e-06
 * time: 962.6569709777832
n     Energy            log10(ΔE)   log10(Δρ)   Diag   Δtime
---   ---------------   ---------   ---------   ----   ------
  1   -62.00708368859                   -1.20    8.3    14.7s
  2   -62.00975198918       -2.57       -1.30    3.0    7.27s
  3   -62.01220854167       -2.61       -2.21    4.3    9.15s
  4   -62.01221100053       -5.61       -2.68    4.2    9.22s
  5   -62.01221508197       -5.39       -3.68    3.6    8.04s
  6   -62.01221508737       -8.27       -4.65    4.3    9.55s
  7   -62.01221508746      -10.05       -5.50    4.2    9.55s
  8   -62.01221508746      -11.71       -7.24    4.2    9.47s
n     Energy            log10(ΔE)   log10(Δρ)   Diag   Δtime
---   ---------------   ---------   ---------   ----   ------
  1   -62.00707964769                   -1.20    8.2    14.8s
  2   -62.00975187536       -2.57       -1.30    3.0    7.17s
  3   -62.01220847172       -2.61       -2.21    4.2    9.29s
  4   -62.01221094164       -5.61       -2.68    4.2    9.43s
  5   -62.01221508177       -5.38       -3.67    3.6    8.02s
  6   -62.01221508736       -8.25       -4.62    4.2    9.44s
  7   -62.01221508746      -10.00       -5.57    4.4    9.83s
  8   -62.01221508746      -11.87       -7.23    4.2    9.52s
     6    -6.201222e+01     2.117317e-09
 * time: 1143.3884229660034
 * Status: success

 * Candidate solution
    Final objective value:     -6.201222e+01

 * Found with
    Algorithm:     L-BFGS

 * Convergence measures
    |x - x'|               = 1.86e-04 ≰ -1.0e+00
    |x - x'|/|x'|          = 1.82e-05 ≰ 0.0e+00
    |f(x) - f(x')|         = 4.79e-10 ≤ 1.0e-08
    |f(x) - f(x')|/|f(x')| = 7.73e-12 ≰ 0.0e+00
    |g(x)|                 = 2.12e-09 ≤ 1.0e-06

 * Work counters
    Seconds run:   1143  (vs limit Inf)
    Iterations:    6
    f(x) calls:    7
    ∇f(x) calls:   7

NaCl: 1258.952997 seconds (1.20 G allocations: 351.203 GiB, 5.08% gc time, 0.27% compilation time)
n     Energy            log10(ΔE)   log10(Δρ)   Diag   Δtime
---   ---------------   ---------   ---------   ----   ------
  1   -2.315120829776                   -1.45    5.5    1.76s
  2   -2.315230957502       -3.96       -1.84    1.5    841ms
  3   -2.315256788668       -4.59       -3.59    3.4    1.58s
  4   -2.315256998998       -6.68       -4.13    4.7    1.97s
  5   -2.315256999402       -9.39       -4.49    2.6    1.06s
  6   -2.315256999493      -10.04       -5.08    2.7    1.37s
  7   -2.315256999497      -11.41       -6.02    2.6    1.10s
  8   -2.315256999497      -12.79       -6.55    3.5    1.33s
  9   -2.315256999497      -14.75       -7.47    2.1    1.22s
Iter     Function value   Gradient norm 
     0    -2.315257e+00     1.687897e-03
 * time: 7.152557373046875e-6
n     Energy            log10(ΔE)   log10(Δρ)   Diag   Δtime
---   ---------------   ---------   ---------   ----   ------
  1   -2.315122241674                   -1.45    5.4    2.06s
  2   -2.315234124568       -3.95       -1.85    1.5    791ms
  3   -2.315259558016       -4.59       -3.62    3.4    1.64s
  4   -2.315259788641       -6.64       -4.15    4.7    1.65s
  5   -2.315259788994       -9.45       -4.50    2.4    1.34s
  6   -2.315259789080      -10.07       -5.09    2.7    1.12s
  7   -2.315259789084      -11.41       -6.05    2.5    1.35s
  8   -2.315259789084      -12.81       -6.57    3.5    1.38s
  9   -2.315259789084   +  -14.88       -7.46    2.0    943ms
n     Energy            log10(ΔE)   log10(Δρ)   Diag   Δtime
---   ---------------   ---------   ---------   ----   ------
  1   -2.315123248002                   -1.45    5.4    2.00s
  2   -2.315233753035       -3.96       -1.85    1.4    784ms
  3   -2.315259565413       -4.59       -3.62    3.4    1.59s
  4   -2.315259788635       -6.65       -4.14    4.7    1.68s
  5   -2.315259788994       -9.45       -4.50    2.4    1.28s
  6   -2.315259789080      -10.06       -5.08    2.7    1.05s
  7   -2.315259789084      -11.40       -6.03    2.6    1.34s
  8   -2.315259789084      -12.83       -6.56    3.5    1.30s
  9   -2.315259789084      -14.65       -7.49    2.2    965ms
     1    -2.315260e+00     1.617541e-03
 * time: 53.80486702919006
n     Energy            log10(ΔE)   log10(Δρ)   Diag   Δtime
---   ---------------   ---------   ---------   ----   ------
  1   -2.315164642932                   -1.45    5.5    2.08s
  2   -2.315266540928       -3.99       -1.84    1.5    799ms
  3   -2.315291444311       -4.60       -3.56    3.6    1.64s
  4   -2.315291637578       -6.71       -4.09    4.5    1.58s
  5   -2.315291638119       -9.27       -4.49    2.6    1.38s
  6   -2.315291638226       -9.97       -5.08    3.0    1.19s
  7   -2.315291638229      -11.49       -5.94    2.7    1.34s
  8   -2.315291638229      -13.06       -6.51    3.1    1.24s
  9   -2.315291638229      -14.51       -7.35    2.3    980ms
n     Energy            log10(ΔE)   log10(Δρ)   Diag   Δtime
---   ---------------   ---------   ---------   ----   ------
  1   -2.315167004841                   -1.45    5.5    2.08s
  2   -2.315266433736       -4.00       -1.84    1.5    793ms
  3   -2.315291440618       -4.60       -3.55    3.5    1.62s
  4   -2.315291637519       -6.71       -4.07    4.5    1.62s
  5   -2.315291638111       -9.23       -4.47    2.7    1.36s
  6   -2.315291638226       -9.94       -5.07    3.0    1.15s
  7   -2.315291638229      -11.47       -5.94    2.5    1.30s
  8   -2.315291638229      -13.11       -6.49    3.2    1.16s
  9   -2.315291638229      -14.57       -7.37    2.2    989ms
     2    -2.315292e+00     1.925148e-05
 * time: 107.54635405540466
n     Energy            log10(ΔE)   log10(Δρ)   Diag   Δtime
---   ---------------   ---------   ---------   ----   ------
  1   -2.315165168705                   -1.45    5.5    1.98s
  2   -2.315266879170       -3.99       -1.84    1.5    848ms
  3   -2.315291426727       -4.61       -3.56    3.5    1.66s
  4   -2.315291641938       -6.67       -4.08    4.5    1.55s
  5   -2.315291642488       -9.26       -4.49    2.5    1.29s
  6   -2.315291642596       -9.97       -5.09    2.9    1.14s
  7   -2.315291642599      -11.48       -5.95    2.7    1.34s
  8   -2.315291642599      -13.03       -6.50    3.1    1.19s
  9   -2.315291642599      -14.57       -7.28    2.3    997ms
n     Energy            log10(ΔE)   log10(Δρ)   Diag   Δtime
---   ---------------   ---------   ---------   ----   ------
  1   -2.315161135605                   -1.45    5.5    2.00s
  2   -2.315266399191       -3.98       -1.84    1.5    781ms
  3   -2.315291486880       -4.60       -3.57    3.5    1.60s
  4   -2.315291641980       -6.81       -4.10    4.5    1.56s
  5   -2.315291642495       -9.29       -4.50    2.7    1.33s
  6   -2.315291642596      -10.00       -5.10    2.9    1.13s
  7   -2.315291642599      -11.49       -5.93    2.6    1.29s
  8   -2.315291642599      -12.98       -6.48    3.1    1.15s
  9   -2.315291642599      -15.05       -7.35    2.2    940ms
     3    -2.315292e+00     5.654539e-07
 * time: 160.40141105651855
 * Status: success

 * Candidate solution
    Final objective value:     -2.315292e+00

 * Found with
    Algorithm:     L-BFGS

 * Convergence measures
    |x - x'|               = 4.67e-04 ≰ -1.0e+00
    |x - x'|/|x'|          = 6.15e-05 ≰ 0.0e+00
    |f(x) - f(x')|         = 4.37e-09 ≤ 1.0e-08
    |f(x) - f(x')|/|f(x')| = 1.89e-09 ≰ 0.0e+00
    |g(x)|                 = 5.65e-07 ≤ 1.0e-06

 * Work counters
    Seconds run:   160  (vs limit Inf)
    Iterations:    3
    f(x) calls:    4
    ∇f(x) calls:   4

Al: 192.672215 seconds (158.57 M allocations: 37.777 GiB, 6.54% gc time, 0.00% compilation time)
n     Energy            log10(ΔE)   log10(Δρ)   Diag   Δtime
---   ---------------   ---------   ---------   ----   ------
  1   -73.65913999442                   -0.79    9.7    9.14s
  2   -73.67619908958       -1.77       -1.00    5.3    5.31s
  3   -73.68457055179       -2.08       -1.32    6.7    6.79s
  4   -73.68627020729       -2.77       -1.75    6.1    5.98s
  5   -73.68643700049       -3.78       -2.28    5.1    5.38s
  6   -73.68645401893       -4.77       -3.09    5.4    5.76s
  7   -73.68645403129       -7.91       -3.54    4.6    5.04s
  8   -73.68645406888       -7.42       -4.28    5.5    5.58s
  9   -73.68645406645   +   -8.62       -4.33    5.5    5.81s
 10   -73.68645406891       -8.61       -4.86    5.9    5.65s
 11   -73.68645406892      -10.80       -5.67    5.6    5.63s
 12   -73.68645406893      -11.69       -6.25    5.0    5.55s
 13   -73.68645406893      -12.94       -6.59    4.8    5.24s
 14   -73.68645406893      -13.25       -7.09    4.9    5.19s
Iter     Function value   Gradient norm 
     0    -7.368645e+01     2.603599e-02
 * time: 5.9604644775390625e-6
n     Energy            log10(ΔE)   log10(Δρ)   Diag   Δtime
---   ---------------   ---------   ---------   ----   ------
  1   -73.66064058605                   -0.80    9.6    9.13s
  2   -73.67688489501       -1.79       -1.00    5.2    5.43s
  3   -73.68524155899       -2.08       -1.32    6.6    6.82s
  4   -73.68690095304       -2.78       -1.74    6.0    5.91s
  5   -73.68706470314       -3.79       -2.28    5.1    5.38s
  6   -73.68708272587       -4.74       -3.09    5.5    5.92s
  7   -73.68708272492   +   -9.02       -3.55    5.0    5.53s
  8   -73.68708275667       -7.50       -4.11    5.4    5.57s
  9   -73.68708275558   +   -8.96       -4.34    5.5    5.85s
 10   -73.68708275783       -8.65       -4.87    5.8    5.71s
 11   -73.68708275785      -10.64       -5.58    5.2    5.95s
 12   -73.68708275785   +  -12.18       -6.24    5.0    5.59s
 13   -73.68708275785      -12.40       -6.45    4.9    5.43s
 14   -73.68708275785   +  -12.30       -7.06    5.1    5.34s
n     Energy            log10(ΔE)   log10(Δρ)   Diag   Δtime
---   ---------------   ---------   ---------   ----   ------
  1   -73.66063893810                   -0.80    9.6    9.01s
  2   -73.67688177563       -1.79       -1.00    5.3    5.33s
  3   -73.68524186326       -2.08       -1.32    6.6    6.74s
  4   -73.68690058204       -2.78       -1.74    6.0    5.98s
  5   -73.68706477474       -3.78       -2.28    5.1    5.38s
  6   -73.68708272683       -4.75       -3.10    5.5    5.84s
  7   -73.68708272453   +   -8.64       -3.55    4.9    5.52s
  8   -73.68708275646       -7.50       -4.11    5.4    5.61s
  9   -73.68708275550   +   -9.02       -4.33    5.5    5.97s
 10   -73.68708275782       -8.63       -4.86    5.6    5.85s
 11   -73.68708275785      -10.61       -5.56    5.2    5.90s
 12   -73.68708275785   +  -12.29       -6.24    5.1    5.73s
 13   -73.68708275785      -12.40       -6.46    4.9    5.44s
 14   -73.68708275785   +  -12.38       -7.06    5.1    5.44s
     1    -7.368708e+01     2.223005e-02
 * time: 227.18377900123596
n     Energy            log10(ΔE)   log10(Δρ)   Diag   Δtime
---   ---------------   ---------   ---------   ----   ------
  1   -73.66584540385                   -0.81    9.6    11.5s
  2   -73.67982893818       -1.85       -1.02    5.2    6.82s
  3   -73.68701768483       -2.14       -1.34    6.6    8.59s
  4   -73.68840023766       -2.86       -1.72    5.9    7.34s
  5   -73.68860863522       -3.68       -2.58    5.4    7.13s
  6   -73.68860965325       -5.99       -3.17    5.4    7.47s
  7   -73.68860969500       -7.38       -3.76    5.0    6.91s
  8   -73.68860969786       -8.54       -4.05    4.4    6.33s
  9   -73.68860969850       -9.19       -4.61    5.3    7.01s
 10   -73.68860969896       -9.34       -5.27    5.1    7.02s
 11   -73.68860969897      -11.36       -6.10    5.2    6.87s
 12   -73.68860969897      -11.91       -6.54    5.5    7.53s
 13   -73.68860969897   +  -12.50       -7.15    5.0    6.81s
n     Energy            log10(ΔE)   log10(Δρ)   Diag   Δtime
---   ---------------   ---------   ---------   ----   ------
  1   -73.66584318182                   -0.81    9.7    11.0s
  2   -73.67981797478       -1.85       -1.02    5.2    6.98s
  3   -73.68701831778       -2.14       -1.34    6.6    8.42s
  4   -73.68840099205       -2.86       -1.73    5.8    7.37s
  5   -73.68860857033       -3.68       -2.58    5.4    7.07s
  6   -73.68860965635       -5.96       -3.17    5.3    7.38s
  7   -73.68860969467       -7.42       -3.76    5.0    6.86s
  8   -73.68860969777       -8.51       -4.06    4.5    6.32s
  9   -73.68860969850       -9.14       -4.60    5.3    6.97s
 10   -73.68860969896       -9.33       -5.26    5.2    7.09s
 11   -73.68860969897      -11.38       -6.11    5.2    6.94s
 12   -73.68860969897      -11.93       -6.57    5.5    7.38s
 13   -73.68860969897   +  -12.57       -7.13    5.1    6.83s
     2    -7.368861e+01     2.932969e-03
 * time: 480.9101400375366
n     Energy            log10(ΔE)   log10(Δρ)   Diag   Δtime
---   ---------------   ---------   ---------   ----   ------
  1   -73.66567189699                   -0.81    9.6    11.2s
  2   -73.67969285910       -1.85       -1.02    5.2    6.70s
  3   -73.68698196478       -2.14       -1.34    6.5    8.50s
  4   -73.68841002138       -2.85       -1.71    5.8    7.31s
  5   -73.68863239724       -3.65       -2.58    5.4    7.04s
  6   -73.68863347936       -5.97       -3.16    5.4    7.48s
  7   -73.68863351546       -7.44       -3.74    5.1    6.93s
  8   -73.68863351771       -8.65       -4.01    4.3    5.99s
  9   -73.68863351844       -9.14       -4.59    5.2    6.79s
 10   -73.68863351890       -9.34       -5.03    5.0    6.91s
 11   -73.68863351894      -10.43       -6.04    5.1    6.94s
 12   -73.68863351894      -13.85       -6.47    4.7    6.92s
 13   -73.68863351894      -12.94       -6.94    4.6    6.62s
 14   -73.68863351894   +  -12.81       -7.69    5.2    7.03s
n     Energy            log10(ΔE)   log10(Δρ)   Diag   Δtime
---   ---------------   ---------   ---------   ----   ------
  1   -73.66567156561                   -0.81    9.6    11.3s
  2   -73.67969921222       -1.85       -1.02    5.1    6.71s
  3   -73.68698220054       -2.14       -1.34    6.6    8.60s
  4   -73.68840920155       -2.85       -1.71    5.8    7.41s
  5   -73.68863245030       -3.65       -2.58    5.4    7.13s
  6   -73.68863347817       -5.99       -3.16    5.3    7.53s
  7   -73.68863351534       -7.43       -3.75    5.0    6.96s
  8   -73.68863351766       -8.63       -4.00    4.2    6.12s
  9   -73.68863351844       -9.11       -4.58    5.2    6.88s
 10   -73.68863351890       -9.33       -5.03    5.0    7.01s
 11   -73.68863351894      -10.44       -6.02    5.0    6.84s
 12   -73.68863351894      -12.94       -6.44    4.7    6.81s
 13   -73.68863351894      -13.55       -6.98    4.8    6.79s
 14   -73.68863351894   +    -Inf       -7.64    5.2    7.08s
     3    -7.368863e+01     2.322777e-04
 * time: 745.1000080108643
n     Energy            log10(ΔE)   log10(Δρ)   Diag   Δtime
---   ---------------   ---------   ---------   ----   ------
  1   -73.66566726521                   -0.81    9.8    11.5s
  2   -73.67971281024       -1.85       -1.02    5.3    6.79s
  3   -73.68698734214       -2.14       -1.34    6.6    8.44s
  4   -73.68841140923       -2.85       -1.71    5.9    7.41s
  5   -73.68863250655       -3.66       -2.57    5.5    7.14s
  6   -73.68863362760       -5.95       -3.16    5.4    7.51s
  7   -73.68863366669       -7.41       -3.74    5.1    6.95s
  8   -73.68863367005       -8.47       -4.01    4.5    6.28s
  9   -73.68863367120       -8.94       -4.60    5.3    7.09s
 10   -73.68863367162       -9.38       -5.07    5.0    6.98s
 11   -73.68863367165      -10.52       -6.08    5.1    6.90s
 12   -73.68863367165   +    -Inf       -6.43    4.4    6.48s
 13   -73.68863367165      -13.55       -6.97    4.8    6.62s
 14   -73.68863367165      -13.55       -7.71    5.2    7.04s
n     Energy            log10(ΔE)   log10(Δρ)   Diag   Δtime
---   ---------------   ---------   ---------   ----   ------
  1   -73.66568213113                   -0.81    9.8    11.7s
  2   -73.67971276717       -1.85       -1.02    5.3    6.86s
  3   -73.68698660934       -2.14       -1.34    6.6    8.45s
  4   -73.68841059234       -2.85       -1.71    5.9    7.38s
  5   -73.68863262976       -3.65       -2.58    5.4    7.11s
  6   -73.68863362754       -6.00       -3.17    5.4    7.56s
  7   -73.68863366820       -7.39       -3.75    5.0    6.87s
  8   -73.68863367047       -8.64       -4.01    4.4    6.19s
  9   -73.68863367117       -9.16       -4.60    5.2    7.00s
 10   -73.68863367162       -9.35       -5.05    5.1    7.12s
 11   -73.68863367165      -10.50       -6.06    5.0    6.83s
 12   -73.68863367165      -13.00       -6.47    4.7    6.70s
 13   -73.68863367165   +  -12.94       -6.93    4.7    6.63s
 14   -73.68863367165      -13.15       -7.73    5.3    7.19s
     4    -7.368863e+01     2.625460e-06
 * time: 1009.6027648448944
n     Energy            log10(ΔE)   log10(Δρ)   Diag   Δtime
---   ---------------   ---------   ---------   ----   ------
  1   -73.66568274391                   -0.81    9.7    11.2s
  2   -73.67969973757       -1.85       -1.02    5.2    6.61s
  3   -73.68698799893       -2.14       -1.34    6.6    8.46s
  4   -73.68841095327       -2.85       -1.71    5.8    7.35s
  5   -73.68863263510       -3.65       -2.58    5.4    7.08s
  6   -73.68863362421       -6.00       -3.16    5.4    7.58s
  7   -73.68863366850       -7.35       -3.75    5.1    6.99s
  8   -73.68863367056       -8.69       -4.01    4.4    6.20s
  9   -73.68863367119       -9.21       -4.59    5.3    6.93s
 10   -73.68863367164       -9.35       -5.05    5.1    7.01s
 11   -73.68863367167      -10.47       -6.04    5.1    6.74s
 12   -73.68863367167      -12.85       -6.50    4.8    6.79s
 13   -73.68863367167   +  -13.55       -6.92    4.7    6.67s
 14   -73.68863367167      -13.85       -7.71    5.3    7.07s
n     Energy            log10(ΔE)   log10(Δρ)   Diag   Δtime
---   ---------------   ---------   ---------   ----   ------
  1   -73.66567415716                   -0.81    9.8    11.6s
  2   -73.67971327981       -1.85       -1.02    5.3    6.88s
  3   -73.68698684955       -2.14       -1.34    6.6    8.63s
  4   -73.68841078501       -2.85       -1.71    6.0    7.47s
  5   -73.68863242023       -3.65       -2.57    5.5    7.22s
  6   -73.68863364348       -5.91       -3.17    5.4    7.61s
  7   -73.68863366847       -7.60       -3.74    5.1    7.06s
  8   -73.68863367056       -8.68       -4.02    4.3    6.01s
  9   -73.68863367111       -9.26       -4.58    5.4    6.95s
 10   -73.68863367163       -9.28       -5.04    5.1    6.98s
 11   -73.68863367167      -10.43       -6.02    5.1    6.87s
 12   -73.68863367167      -13.07       -6.47    4.7    6.81s
 13   -73.68863367167      -13.37       -6.94    4.6    6.58s
 14   -73.68863367167   +  -13.15       -7.62    5.2    7.01s
     5    -7.368863e+01     1.012598e-08
 * time: 1273.90944480896
┌ Info: Threading setup: 
│   Threads.nthreads() = 1
│   n_DFTK = 1
│   n_fft = 1
└   n_blas = 1
┌ Info: 2025-05-15T14:59:24.035
│   name = "Si"
│   Ecut = 18.0
│   kgrid = MonkhorstPack([14, 14, 14])
│   p0 = ComponentVector{Float64}(a = 10.347246312603742)
│   temperature = 0.001
└   smearing = DFTK.Smearing.Gaussian()
┌ Info: 2025-05-15T15:03:21.900
│   name = "NaCl"
│   Ecut = 44.0
│   kgrid = MonkhorstPack([13, 13, 13])
│   p0 = ComponentVector{Float64}(a = 10.746130571470083)
│   temperature = 0
└   smearing = DFTK.Smearing.None()
┌ Info: 2025-05-15T15:24:20.913
│   name = "Al"
│   Ecut = 20.0
│   kgrid = MonkhorstPack([18, 18, 18])
│   p0 = ComponentVector{Float64}(a = 7.641925528121933)
│   temperature = 0.001
└   smearing = DFTK.Smearing.Gaussian()
┌ Info: 2025-05-15T15:27:33.586
│   name = "V"
│   Ecut = 42.0
│   kgrid = MonkhorstPack([20, 20, 20])
│   p0 = ComponentVector{Float64}(a = 5.699267600684394)
│   temperature = 0.001
└   smearing = DFTK.Smearing.Gaussian()
┌ Warning: Negative ρcore detected: -3.4151886922104144e-8
└ @ DFTK ~/.julia/packages/DFTK/n2IL4/src/terms/xc.jl:39
┌ Warning: Negative ρcore detected: Dual{ForwardDiff.Tag{var"#19#21"{@NamedTuple{ham::Hamiltonian, basis::PlaneWaveBasis{Float64, Float64, DFTK.CPU, FFTGrid{Float64, Float64, Array{StaticArraysCore.SVector{3, Int64}, 3}, Array{StaticArraysCore.SVector{3, Float64}, 3}}, Vector{StaticArraysCore.SVector{3, Int64}}}, energies::Energies{Float64}, converged::Bool, occupation_threshold::Float64, ρ::Array{Float64, 4}, τ::Nothing, α::Float64, eigenvalues::Vector{Vector{Float64}}, occupation::Vector{Vector{Float64}}, εF::Float64, n_bands_converge::Int64, n_iter::Int64, n_matvec::Int64, ψ::Vector{Matrix{ComplexF64}}, diagonalization::Vector{@NamedTuple{λ::Vector{Vector{Float64}}, X::Vector{Matrix{ComplexF64}}, residual_norms::Vector{Vector{Float64}}, n_iter::Vector{Int64}, converged::Bool, n_matvec::Int64}}, stage::Symbol, history_Δρ::Vector{Float64}, history_Etot::Vector{Float64}, timedout::Bool, runtime_ns::UInt64, algorithm::String}, Model{Float64, Float64}, Float64, MonkhorstPack, var"#case#4"{Matrix{Float64}, Float64, MonkhorstPack, Vector{StaticArraysCore.SVector{3, Float64}}, Vector{ElementPsp{PspUpf{Float64, Interpolations.Extrapolation{Float64, 1, Interpolations.GriddedInterpolation{Float64, 1, Vector{Float64}, Interpolations.Gridded{Interpolations.Linear{Interpolations.Throw{Interpolations.OnGrid}}}, Tuple{Vector{Float64}}}, Interpolations.Gridded{Interpolations.Linear{Interpolations.Throw{Interpolations.OnGrid}}}, Interpolations.Throw{Nothing}}}}}, Float64, Float64, String}}, Float64}}(-3.4151886922104144e-8,-1.2413273474001241e-8)
└ @ DFTK ~/.julia/packages/DFTK/n2IL4/src/terms/xc.jl:39
┌ Warning: Negative ρcore detected: -3.232027512428419e-8
└ @ DFTK ~/.julia/packages/DFTK/n2IL4/src/terms/xc.jl:39
┌ Warning: Negative ρcore detected: -3.232027512428419e-8
└ @ DFTK ~/.julia/packages/DFTK/n2IL4/src/terms/xc.jl:39
┌ Warning: Negative ρcore detected: Dual{ForwardDiff.Tag{var"#19#21"{@NamedTuple{ham::Hamiltonian, basis::PlaneWaveBasis{Float64, Float64, DFTK.CPU, FFTGrid{Float64, Float64, Array{StaticArraysCore.SVector{3, Int64}, 3}, Array{StaticArraysCore.SVector{3, Float64}, 3}}, Vector{StaticArraysCore.SVector{3, Int64}}}, energies::Energies{Float64}, converged::Bool, occupation_threshold::Float64, ρ::Array{Float64, 4}, τ::Nothing, α::Float64, eigenvalues::Vector{Vector{Float64}}, occupation::Vector{Vector{Float64}}, εF::Float64, n_bands_converge::Int64, n_iter::Int64, n_matvec::Int64, ψ::Vector{Matrix{ComplexF64}}, diagonalization::Vector{@NamedTuple{λ::Vector{Vector{Float64}}, X::Vector{Matrix{ComplexF64}}, residual_norms::Vector{Vector{Float64}}, n_iter::Vector{Int64}, converged::Bool, n_matvec::Int64}}, stage::Symbol, history_Δρ::Vector{Float64}, history_Etot::Vector{Float64}, timedout::Bool, runtime_ns::UInt64, algorithm::String}, Model{Float64, Float64}, Float64, MonkhorstPack, var"#case#4"{Matrix{Float64}, Float64, MonkhorstPack, Vector{StaticArraysCore.SVector{3, Float64}}, Vector{ElementPsp{PspUpf{Float64, Interpolations.Extrapolation{Float64, 1, Interpolations.GriddedInterpolation{Float64, 1, Vector{Float64}, Interpolations.Gridded{Interpolations.Linear{Interpolations.Throw{Interpolations.OnGrid}}}, Tuple{Vector{Float64}}}, Interpolations.Gridded{Interpolations.Linear{Interpolations.Throw{Interpolations.OnGrid}}}, Interpolations.Throw{Nothing}}}}}, Float64, Float64, String}}, Float64}}(-3.232027512428419e-8,-1.317438609105264e-7)
└ @ DFTK ~/.julia/packages/DFTK/n2IL4/src/terms/xc.jl:39
┌ Warning: Negative ρcore detected: -4.228712322198771e-8
└ @ DFTK ~/.julia/packages/DFTK/n2IL4/src/terms/xc.jl:39
┌ Warning: Negative ρcore detected: -4.228712322198771e-8
└ @ DFTK ~/.julia/packages/DFTK/n2IL4/src/terms/xc.jl:39
┌ Warning: Negative ρcore detected: Dual{ForwardDiff.Tag{var"#19#21"{@NamedTuple{ham::Hamiltonian, basis::PlaneWaveBasis{Float64, Float64, DFTK.CPU, FFTGrid{Float64, Float64, Array{StaticArraysCore.SVector{3, Int64}, 3}, Array{StaticArraysCore.SVector{3, Float64}, 3}}, Vector{StaticArraysCore.SVector{3, Int64}}}, energies::Energies{Float64}, converged::Bool, occupation_threshold::Float64, ρ::Array{Float64, 4}, τ::Nothing, α::Float64, eigenvalues::Vector{Vector{Float64}}, occupation::Vector{Vector{Float64}}, εF::Float64, n_bands_converge::Int64, n_iter::Int64, n_matvec::Int64, ψ::Vector{Matrix{ComplexF64}}, diagonalization::Vector{@NamedTuple{λ::Vector{Vector{Float64}}, X::Vector{Matrix{ComplexF64}}, residual_norms::Vector{Vector{Float64}}, n_iter::Vector{Int64}, converged::Bool, n_matvec::Int64}}, stage::Symbol, history_Δρ::Vector{Float64}, history_Etot::Vector{Float64}, timedout::Bool, runtime_ns::UInt64, algorithm::String}, Model{Float64, Float64}, Float64, MonkhorstPack, var"#case#4"{Matrix{Float64}, Float64, MonkhorstPack, Vector{StaticArraysCore.SVector{3, Float64}}, Vector{ElementPsp{PspUpf{Float64, Interpolations.Extrapolation{Float64, 1, Interpolations.GriddedInterpolation{Float64, 1, Vector{Float64}, Interpolations.Gridded{Interpolations.Linear{Interpolations.Throw{Interpolations.OnGrid}}}, Tuple{Vector{Float64}}}, Interpolations.Gridded{Interpolations.Linear{Interpolations.Throw{Interpolations.OnGrid}}}, Interpolations.Throw{Nothing}}}}}, Float64, Float64, String}}, Float64}}(-4.228712322198771e-8,-8.331851698032103e-10)
└ @ DFTK ~/.julia/packages/DFTK/n2IL4/src/terms/xc.jl:39
┌ Warning: Negative ρcore detected: -4.152710330342119e-8
└ @ DFTK ~/.julia/packages/DFTK/n2IL4/src/terms/xc.jl:39
┌ Warning: Negative ρcore detected: -4.152710330342119e-8
└ @ DFTK ~/.julia/packages/DFTK/n2IL4/src/terms/xc.jl:39
┌ Warning: Negative ρcore detected: Dual{ForwardDiff.Tag{var"#19#21"{@NamedTuple{ham::Hamiltonian, basis::PlaneWaveBasis{Float64, Float64, DFTK.CPU, FFTGrid{Float64, Float64, Array{StaticArraysCore.SVector{3, Int64}, 3}, Array{StaticArraysCore.SVector{3, Float64}, 3}}, Vector{StaticArraysCore.SVector{3, Int64}}}, energies::Energies{Float64}, converged::Bool, occupation_threshold::Float64, ρ::Array{Float64, 4}, τ::Nothing, α::Float64, eigenvalues::Vector{Vector{Float64}}, occupation::Vector{Vector{Float64}}, εF::Float64, n_bands_converge::Int64, n_iter::Int64, n_matvec::Int64, ψ::Vector{Matrix{ComplexF64}}, diagonalization::Vector{@NamedTuple{λ::Vector{Vector{Float64}}, X::Vector{Matrix{ComplexF64}}, residual_norms::Vector{Vector{Float64}}, n_iter::Vector{Int64}, converged::Bool, n_matvec::Int64}}, stage::Symbol, history_Δρ::Vector{Float64}, history_Etot::Vector{Float64}, timedout::Bool, runtime_ns::UInt64, algorithm::String}, Model{Float64, Float64}, Float64, MonkhorstPack, var"#case#4"{Matrix{Float64}, Float64, MonkhorstPack, Vector{StaticArraysCore.SVector{3, Float64}}, Vector{ElementPsp{PspUpf{Float64, Interpolations.Extrapolation{Float64, 1, Interpolations.GriddedInterpolation{Float64, 1, Vector{Float64}, Interpolations.Gridded{Interpolations.Linear{Interpolations.Throw{Interpolations.OnGrid}}}, Tuple{Vector{Float64}}}, Interpolations.Gridded{Interpolations.Linear{Interpolations.Throw{Interpolations.OnGrid}}}, Interpolations.Throw{Nothing}}}}}, Float64, Float64, String}}, Float64}}(-4.152710330342119e-8,8.464998871646711e-8)
└ @ DFTK ~/.julia/packages/DFTK/n2IL4/src/terms/xc.jl:39
┌ Warning: Negative ρcore detected: -4.163339757327159e-8
└ @ DFTK ~/.julia/packages/DFTK/n2IL4/src/terms/xc.jl:39
┌ Warning: Negative ρcore detected: -4.163339757327159e-8
└ @ DFTK ~/.julia/packages/DFTK/n2IL4/src/terms/xc.jl:39
┌ Warning: Negative ρcore detected: Dual{ForwardDiff.Tag{var"#19#21"{@NamedTuple{ham::Hamiltonian, basis::PlaneWaveBasis{Float64, Float64, DFTK.CPU, FFTGrid{Float64, Float64, Array{StaticArraysCore.SVector{3, Int64}, 3}, Array{StaticArraysCore.SVector{3, Float64}, 3}}, Vector{StaticArraysCore.SVector{3, Int64}}}, energies::Energies{Float64}, converged::Bool, occupation_threshold::Float64, ρ::Array{Float64, 4}, τ::Nothing, α::Float64, eigenvalues::Vector{Vector{Float64}}, occupation::Vector{Vector{Float64}}, εF::Float64, n_bands_converge::Int64, n_iter::Int64, n_matvec::Int64, ψ::Vector{Matrix{ComplexF64}}, diagonalization::Vector{@NamedTuple{λ::Vector{Vector{Float64}}, X::Vector{Matrix{ComplexF64}}, residual_norms::Vector{Vector{Float64}}, n_iter::Vector{Int64}, converged::Bool, n_matvec::Int64}}, stage::Symbol, history_Δρ::Vector{Float64}, history_Etot::Vector{Float64}, timedout::Bool, runtime_ns::UInt64, algorithm::String}, Model{Float64, Float64}, Float64, MonkhorstPack, var"#case#4"{Matrix{Float64}, Float64, MonkhorstPack, Vector{StaticArraysCore.SVector{3, Float64}}, Vector{ElementPsp{PspUpf{Float64, Interpolations.Extrapolation{Float64, 1, Interpolations.GriddedInterpolation{Float64, 1, Vector{Float64}, Interpolations.Gridded{Interpolations.Linear{Interpolations.Throw{Interpolations.OnGrid}}}, Tuple{Vector{Float64}}}, Interpolations.Gridded{Interpolations.Linear{Interpolations.Throw{Interpolations.OnGrid}}}, Interpolations.Throw{Nothing}}}}}, Float64, Float64, String}}, Float64}}(-4.163339757327159e-8,7.877344072752144e-8)
└ @ DFTK ~/.julia/packages/DFTK/n2IL4/src/terms/xc.jl:39
┌ Warning: Negative ρcore detected: -4.1634568515806057e-8
└ @ DFTK ~/.julia/packages/DFTK/n2IL4/src/terms/xc.jl:39
┌ Warning: Negative ρcore detected: -4.1634568515806057e-8
└ @ DFTK ~/.julia/packages/DFTK/n2IL4/src/terms/xc.jl:39
┌ Warning: Negative ρcore detected: Dual{ForwardDiff.Tag{var"#19#21"{@NamedTuple{ham::Hamiltonian, basis::PlaneWaveBasis{Float64, Float64, DFTK.CPU, FFTGrid{Float64, Float64, Array{StaticArraysCore.SVector{3, Int64}, 3}, Array{StaticArraysCore.SVector{3, Float64}, 3}}, Vector{StaticArraysCore.SVector{3, Int64}}}, energies::Energies{Float64}, converged::Bool, occupation_threshold::Float64, ρ::Array{Float64, 4}, τ::Nothing, α::Float64, eigenvalues::Vector{Vector{Float64}}, occupation::Vector{Vector{Float64}}, εF::Float64, n_bands_converge::Int64, n_iter::Int64, n_matvec::Int64, ψ::Vector{Matrix{ComplexF64}}, diagonalization::Vector{@NamedTuple{λ::Vector{Vector{Float64}}, X::Vector{Matrix{ComplexF64}}, residual_norms::Vector{Vector{Float64}}, n_iter::Vector{Int64}, converged::Bool, n_matvec::Int64}}, stage::Symbol, history_Δρ::Vector{Float64}, history_Etot::Vector{Float64}, timedout::Bool, runtime_ns::UInt64, algorithm::String}, Model{Float64, Float64}, Float64, MonkhorstPack, var"#case#4"{Matrix{Float64}, Float64, MonkhorstPack, Vector{StaticArraysCore.SVector{3, Float64}}, Vector{ElementPsp{PspUpf{Float64, Interpolations.Extrapolation{Float64, 1, Interpolations.GriddedInterpolation{Float64, 1, Vector{Float64}, Interpolations.Gridded{Interpolations.Linear{Interpolations.Throw{Interpolations.OnGrid}}}, Tuple{Vector{Float64}}}, Interpolations.Gridded{Interpolations.Linear{Interpolations.Throw{Interpolations.OnGrid}}}, Interpolations.Throw{Nothing}}}}}, Float64, Float64, String}}, Float64}}(-4.1634568515806057e-8,7.870589288154017e-8)
└ @ DFTK ~/.julia/packages/DFTK/n2IL4/src/terms/xc.jl:39
 * Status: success

 * Candidate solution
    Final objective value:     -7.368863e+01

 * Found with
    Algorithm:     L-BFGS

 * Convergence measures
    |x - x'|               = 1.49e-05 ≰ -1.0e+00
    |x - x'|/|x'|          = 2.69e-06 ≰ 0.0e+00
    |f(x) - f(x')|         = 1.84e-11 ≤ 1.0e-08
    |f(x) - f(x')|/|f(x')| = 2.50e-13 ≰ 0.0e+00
    |g(x)|                 = 1.01e-08 ≤ 1.0e-06

 * Work counters
    Seconds run:   1274  (vs limit Inf)
    Iterations:    5
    f(x) calls:    6
    ∇f(x) calls:   6

V: 1396.541864 seconds (825.72 M allocations: 393.326 GiB, 5.07% gc time, 0.01% compilation time)
