n     Energy            log10(ΔE)   log10(Δρ)   Diag   Δtime
---   ---------------   ---------   ---------   ----   ------
  1   -8.656920537053                   -0.91    7.1    11.3s
  2   -8.662867442986       -2.23       -1.54    2.6    4.81s
  3   -8.663343718309       -3.32       -2.11    4.0    1.93s
  4   -8.663367281005       -4.63       -3.32    3.8    1.55s
  5   -8.663367824966       -6.26       -3.69    4.2    1.93s
  6   -8.663367837365       -7.91       -4.63    3.5    1.76s
  7   -8.663367838128       -9.12       -4.95    4.2    1.67s
  8   -8.663367838173      -10.35       -6.17    3.5    1.62s
  9   -8.663367838175      -11.80       -6.95    4.5    1.81s
 10   -8.663367838175      -13.97       -7.66    4.0    1.81s
Iter     Function value   Gradient norm 
     0    -8.663368e+00     1.612904e-02
 * time: 8.106231689453125e-6
n     Energy            log10(ΔE)   log10(Δρ)   Diag   Δtime
---   ---------------   ---------   ---------   ----   ------
  1   -8.657205287365                   -0.92    7.0    2.56s
  2   -8.663130956411       -2.23       -1.54    2.7    1.22s
  3   -8.663595604507       -3.33       -2.12    4.3    2.03s
  4   -8.663618037542       -4.65       -3.30    3.8    1.61s
  5   -8.663618547100       -6.29       -3.67    4.1    2.01s
  6   -8.663618561876       -7.83       -4.46    3.8    1.48s
  7   -8.663618562768       -9.05       -5.07    3.8    1.89s
  8   -8.663618562804      -10.44       -6.11    3.8    1.53s
  9   -8.663618562804      -12.21       -7.01    4.1    1.99s
n     Energy            log10(ΔE)   log10(Δρ)   Diag   Δtime
---   ---------------   ---------   ---------   ----   ------
  1   -8.657212557773                   -0.92    7.0    2.55s
  2   -8.663135781689       -2.23       -1.54    2.9    1.54s
  3   -8.663596459625       -3.34       -2.12    4.1    1.68s
  4   -8.663618117926       -4.66       -3.28    3.8    1.89s
  5   -8.663618546288       -6.37       -3.67    4.1    1.72s
  6   -8.663618561780       -7.81       -4.44    3.8    1.77s
  7   -8.663618562770       -9.00       -5.07    3.8    1.58s
  8   -8.663618562804      -10.47       -6.00    3.7    1.79s
  9   -8.663618562804      -12.16       -6.90    4.0    1.66s
 10   -8.663618562805      -13.80       -7.30    4.3    1.96s
     1    -8.663619e+00     1.496382e-02
 * time: 49.09538197517395
n     Energy            log10(ΔE)   log10(Δρ)   Diag   Δtime
---   ---------------   ---------   ---------   ----   ------
  1   -8.659260712233                   -0.94    6.8    2.57s
  2   -8.664757351583       -2.26       -1.53    2.7    1.26s
  3   -8.665254841444       -3.30       -2.10    3.9    1.90s
  4   -8.665279363338       -4.61       -3.22    3.7    1.88s
  5   -8.665279868935       -6.30       -3.58    4.3    1.74s
  6   -8.665279895301       -7.58       -4.16    3.9    1.80s
  7   -8.665279898151       -8.55       -5.32    3.7    1.54s
  8   -8.665279898193      -10.38       -5.86    4.1    2.01s
  9   -8.665279898194      -12.23       -6.61    3.2    1.41s
 10   -8.665279898194      -13.17       -7.33    4.2    1.95s
n     Energy            log10(ΔE)   log10(Δρ)   Diag   Δtime
---   ---------------   ---------   ---------   ----   ------
  1   -8.659266152687                   -0.94    6.9    2.48s
  2   -8.664770090496       -2.26       -1.53    2.3    1.44s
  3   -8.665256017403       -3.31       -2.10    4.0    1.69s
  4   -8.665279322707       -4.63       -3.20    3.7    1.90s
  5   -8.665279865712       -6.27       -3.55    4.2    1.71s
  6   -8.665279895343       -7.53       -4.15    4.1    1.80s
  7   -8.665279898146       -8.55       -5.28    3.7    1.50s
  8   -8.665279898193      -10.33       -5.92    4.1    1.95s
  9   -8.665279898194      -12.34       -6.55    3.4    1.43s
 10   -8.665279898194      -13.17       -7.39    4.2    1.88s
     2    -8.665280e+00     1.542873e-03
 * time: 98.02521991729736
n     Energy            log10(ΔE)   log10(Δρ)   Diag   Δtime
---   ---------------   ---------   ---------   ----   ------
  1   -8.659373338004                   -0.95    7.2    2.61s
  2   -8.664798417526       -2.27       -1.54    2.8    1.31s
  3   -8.665276932764       -3.32       -2.10    4.1    1.96s
  4   -8.665299578766       -4.65       -3.19    3.9    1.90s
  5   -8.665300237680       -6.18       -3.52    4.5    1.79s
  6   -8.665300269495       -7.50       -4.23    3.8    1.81s
  7   -8.665300271906       -8.62       -5.10    4.0    1.61s
  8   -8.665300271958      -10.28       -5.67    3.8    1.83s
  9   -8.665300271959      -11.85       -6.53    3.9    1.56s
 10   -8.665300271959      -13.11       -7.07    4.4    1.95s
n     Energy            log10(ΔE)   log10(Δρ)   Diag   Δtime
---   ---------------   ---------   ---------   ----   ------
  1   -8.659365875933                   -0.95    7.3    2.36s
  2   -8.664795575388       -2.27       -1.54    2.9    1.56s
  3   -8.665276225943       -3.32       -2.10    4.0    1.95s
  4   -8.665299618745       -4.63       -3.19    3.9    1.64s
  5   -8.665300237429       -6.21       -3.52    4.3    2.06s
  6   -8.665300269424       -7.49       -4.21    4.1    1.56s
  7   -8.665300271909       -8.60       -5.11    4.0    1.91s
  8   -8.665300271958      -10.30       -5.78    3.9    1.60s
  9   -8.665300271959      -12.05       -6.57    3.8    1.80s
 10   -8.665300271959      -13.18       -7.31    4.4    1.68s
     3    -8.665300e+00     1.740944e-04
 * time: 148.46222710609436
n     Energy            log10(ΔE)   log10(Δρ)   Diag   Δtime
---   ---------------   ---------   ---------   ----   ------
  1   -8.659376602199                   -0.95    7.4    2.63s
  2   -8.664804869227       -2.27       -1.54    2.9    1.56s
  3   -8.665276501791       -3.33       -2.10    4.0    1.70s
  4   -8.665299922162       -4.63       -3.20    3.9    1.93s
  5   -8.665300506410       -6.23       -3.55    4.4    1.80s
  6   -8.665300536058       -7.53       -4.16    3.9    1.75s
  7   -8.665300539088       -8.52       -5.21    3.9    1.58s
  8   -8.665300539134      -10.34       -5.73    4.1    1.96s
  9   -8.665300539135      -11.96       -6.63    3.7    1.49s
 10   -8.665300539135      -13.18       -7.22    4.5    2.02s
n     Energy            log10(ΔE)   log10(Δρ)   Diag   Δtime
---   ---------------   ---------   ---------   ----   ------
  1   -8.659376995242                   -0.95    7.2    2.66s
  2   -8.664804215282       -2.27       -1.54    2.8    1.55s
  3   -8.665276975944       -3.33       -2.10    4.2    1.71s
  4   -8.665299938830       -4.64       -3.20    4.0    1.94s
  5   -8.665300506455       -6.25       -3.54    4.3    2.07s
  6   -8.665300536194       -7.53       -4.17    4.0    1.50s
  7   -8.665300539082       -8.54       -5.11    3.9    1.89s
  8   -8.665300539134      -10.29       -5.66    3.8    1.64s
  9   -8.665300539135      -11.83       -6.53    3.9    1.83s
 10   -8.665300539135      -13.04       -6.99    4.3    1.72s
 11   -8.665300539135   +    -Inf       -8.12    3.8    1.82s
     4    -8.665301e+00     2.440518e-06
 * time: 200.35166311264038
n     Energy            log10(ΔE)   log10(Δρ)   Diag   Δtime
---   ---------------   ---------   ---------   ----   ------
  1   -8.659373812569                   -0.95    7.3    2.73s
  2   -8.664805347355       -2.27       -1.54    2.8    1.34s
  3   -8.665277312983       -3.33       -2.10    4.0    1.99s
  4   -8.665299807013       -4.65       -3.19    3.9    1.95s
  5   -8.665300503768       -6.16       -3.52    4.3    1.81s
  6   -8.665300536584       -7.48       -4.23    4.1    1.84s
  7   -8.665300539142       -8.59       -5.17    3.9    1.66s
  8   -8.665300539186      -10.36       -5.64    3.9    1.92s
  9   -8.665300539188      -11.81       -6.58    3.9    1.57s
 10   -8.665300539188      -13.09       -7.19    4.4    2.07s
n     Energy            log10(ΔE)   log10(Δρ)   Diag   Δtime
---   ---------------   ---------   ---------   ----   ------
  1   -8.659372674276                   -0.95    7.2    2.64s
  2   -8.664807459218       -2.26       -1.54    3.0    1.61s
  3   -8.665276310683       -3.33       -2.10    3.9    2.00s
  4   -8.665299945683       -4.63       -3.20    3.8    1.64s
  5   -8.665300506072       -6.25       -3.54    4.4    2.16s
  6   -8.665300536169       -7.52       -4.15    4.1    1.55s
  7   -8.665300539140       -8.53       -5.23    3.8    1.89s
  8   -8.665300539187      -10.33       -5.79    4.2    1.76s
  9   -8.665300539188      -12.12       -6.56    3.6    1.80s
 10   -8.665300539188      -13.13       -7.23    4.3    1.69s
     5    -8.665301e+00     1.275830e-08
 * time: 251.88256192207336
 * Status: success

 * Candidate solution
    Final objective value:     -8.665301e+00

 * Found with
    Algorithm:     L-BFGS

 * Convergence measures
    |x - x'|               = 4.31e-05 ≰ -1.0e+00
    |x - x'|/|x'|          = 4.06e-06 ≰ 0.0e+00
    |f(x) - f(x')|         = 5.26e-11 ≤ 1.0e-08
    |f(x) - f(x')|/|f(x')| = 6.07e-12 ≰ 0.0e+00
    |g(x)|                 = 1.28e-08 ≤ 1.0e-06

 * Work counters
    Seconds run:   252  (vs limit Inf)
    Iterations:    5
    f(x) calls:    6
    ∇f(x) calls:   6

Si: 327.864251 seconds (488.89 M allocations: 107.439 GiB, 8.55% gc time, 15.43% compilation time: <1% of which was recompilation)
n     Energy            log10(ΔE)   log10(Δρ)   Diag   Δtime
---   ---------------   ---------   ---------   ----   ------
  1   -63.24755982121                   -1.06    8.9    19.8s
  2   -63.25335837434       -2.24       -1.12    2.5    7.05s
  3   -63.26240363029       -2.04       -2.21    3.8    9.38s
  4   -63.26241154659       -5.10       -2.58    3.5    9.76s
  5   -63.26241761555       -5.22       -3.73    3.2    8.74s
  6   -63.26241764548       -7.52       -4.38    4.3    10.7s
  7   -63.26241764950       -8.40       -5.52    3.4    8.59s
  8   -63.26241764952      -10.75       -6.37    4.0    10.3s
  9   -63.26241764952      -12.25       -7.41    3.9    9.92s
Iter     Function value   Gradient norm 
     0    -6.326242e+01     1.753975e-04
 * time: 5.0067901611328125e-6
n     Energy            log10(ΔE)   log10(Δρ)   Diag   Δtime
---   ---------------   ---------   ---------   ----   ------
  1   -63.24756008374                   -1.06    9.3    17.5s
  2   -63.25336717690       -2.24       -1.12    2.6    6.35s
  3   -63.26240353898       -2.04       -2.21    3.9    9.09s
  4   -63.26241160518       -5.09       -2.58    3.5    9.03s
  5   -63.26241764680       -5.22       -3.73    3.2    8.66s
  6   -63.26241767601       -7.53       -4.38    4.4    10.4s
  7   -63.26241767992       -8.41       -5.52    3.3    8.01s
  8   -63.26241767994      -10.75       -6.37    4.0    10.1s
  9   -63.26241767994      -12.27       -7.41    3.8    10.2s
n     Energy            log10(ΔE)   log10(Δρ)   Diag   Δtime
---   ---------------   ---------   ---------   ----   ------
  1   -63.24756091460                   -1.06    9.2    17.8s
  2   -63.25335145381       -2.24       -1.12    2.7    6.57s
  3   -63.26240370152       -2.04       -2.21    4.0    9.44s
  4   -63.26241149890       -5.11       -2.57    3.5    9.56s
  5   -63.26241764413       -5.21       -3.72    3.2    8.59s
  6   -63.26241767574       -7.50       -4.38    4.3    10.3s
  7   -63.26241767992       -8.38       -5.51    3.4    8.20s
  8   -63.26241767994      -10.75       -6.42    4.1    10.3s
  9   -63.26241767994      -12.26       -7.48    3.8    9.69s
     1    -6.326242e+01     1.714214e-04
 * time: 213.52706694602966
n     Energy            log10(ΔE)   log10(Δρ)   Diag   Δtime
---   ---------------   ---------   ---------   ----   ------
  1   -63.24758096062                   -1.06    9.1    17.7s
  2   -63.25339004254       -2.24       -1.12    2.6    6.57s
  3   -63.26240436206       -2.05       -2.21    3.8    9.39s
  4   -63.26241237141       -5.10       -2.58    3.6    9.59s
  5   -63.26241829396       -5.23       -3.73    3.2    8.64s
  6   -63.26241832305       -7.54       -4.38    4.5    10.6s
  7   -63.26241832686       -8.42       -5.54    3.4    8.38s
  8   -63.26241832688      -10.76       -6.29    3.9    10.0s
  9   -63.26241832688      -12.10       -7.26    3.8    10.3s
n     Energy            log10(ΔE)   log10(Δρ)   Diag   Δtime
---   ---------------   ---------   ---------   ----   ------
  1   -63.24758194518                   -1.06    9.1    17.4s
  2   -63.25337692221       -2.24       -1.12    2.6    6.44s
  3   -63.26240449083       -2.04       -2.21    3.9    9.39s
  4   -63.26241219594       -5.11       -2.58    3.6    9.92s
  5   -63.26241829236       -5.21       -3.72    3.2    8.68s
  6   -63.26241832282       -7.52       -4.38    4.4    10.3s
  7   -63.26241832686       -8.39       -5.52    3.5    8.55s
  8   -63.26241832688      -10.77       -6.38    4.0    10.3s
  9   -63.26241832688      -12.21       -7.49    3.8    9.76s
     2    -6.326242e+01     5.491717e-07
 * time: 432.25440287590027
 * Status: success

 * Candidate solution
    Final objective value:     -6.326242e+01

 * Found with
    Algorithm:     L-BFGS

 * Convergence measures
    |x - x'|               = 7.56e-03 ≰ -1.0e+00
    |x - x'|/|x'|          = 7.04e-04 ≰ 0.0e+00
    |f(x) - f(x')|         = 6.47e-07 ≰ 1.0e-08
    |f(x) - f(x')|/|f(x')| = 1.02e-08 ≰ 0.0e+00
    |g(x)|                 = 5.49e-07 ≤ 1.0e-06

 * Work counters
    Seconds run:   432  (vs limit Inf)
    Iterations:    2
    f(x) calls:    3
    ∇f(x) calls:   3

NaCl: 551.254781 seconds (582.34 M allocations: 159.727 GiB, 5.46% gc time, 0.59% compilation time)
n     Energy            log10(ΔE)   log10(Δρ)   Diag   Δtime
---   ---------------   ---------   ---------   ----   ------
  1   -2.349365579855                   -1.64    5.5    1.73s
  2   -2.349687317887       -3.49       -1.91    1.3    767ms
  3   -2.349883270514       -3.71       -2.66    4.1    1.49s
  4   -2.349894361667       -4.96       -3.26    4.3    1.84s
  5   -2.349894620926       -6.59       -3.75    3.2    1.54s
  6   -2.349894680152       -7.23       -4.19    3.5    1.30s
  7   -2.349894689280       -8.04       -4.87    3.5    1.64s
  8   -2.349894689696       -9.38       -5.76    3.5    1.31s
  9   -2.349894689702      -11.23       -6.15    3.8    1.71s
 10   -2.349894689703      -12.24       -6.60    3.2    1.23s
 11   -2.349894689703      -13.64       -7.13    2.0    910ms
Iter     Function value   Gradient norm 
     0    -2.349895e+00     1.700818e-02
 * time: 3.814697265625e-6
n     Energy            log10(ΔE)   log10(Δρ)   Diag   Δtime
---   ---------------   ---------   ---------   ----   ------
  1   -2.349664086460                   -1.65    5.5    2.05s
  2   -2.349975562120       -3.51       -1.92    1.4    763ms
  3   -2.350167774118       -3.72       -2.66    4.3    1.81s
  4   -2.350178255361       -4.98       -3.26    4.3    1.53s
  5   -2.350178491700       -6.63       -3.79    3.2    1.55s
  6   -2.350178541447       -7.30       -4.18    3.4    1.29s
  7   -2.350178550698       -8.03       -4.94    3.5    1.59s
  8   -2.350178551095       -9.40       -5.91    3.7    1.36s
  9   -2.350178551099      -11.50       -6.05    3.4    1.55s
 10   -2.350178551099      -12.07       -6.69    2.5    1.02s
 11   -2.350178551099      -12.84       -7.11    3.3    1.56s
n     Energy            log10(ΔE)   log10(Δρ)   Diag   Δtime
---   ---------------   ---------   ---------   ----   ------
  1   -2.349660895249                   -1.65    5.5    2.06s
  2   -2.349974607091       -3.50       -1.92    1.4    754ms
  3   -2.350167677211       -3.71       -2.66    4.2    1.78s
  4   -2.350178255382       -4.98       -3.25    4.4    1.57s
  5   -2.350178492680       -6.62       -3.80    3.4    1.53s
  6   -2.350178541187       -7.31       -4.18    3.4    1.28s
  7   -2.350178550704       -8.02       -4.95    3.4    1.57s
  8   -2.350178551096       -9.41       -5.91    3.8    1.37s
  9   -2.350178551099      -11.51       -6.03    3.5    1.64s
 10   -2.350178551099      -12.25       -6.68    2.2    966ms
 11   -2.350178551099      -12.79       -7.04    3.4    1.63s
     1    -2.350179e+00     1.636651e-02
 * time: 68.2139778137207
n     Energy            log10(ΔE)   log10(Δρ)   Diag   Δtime
---   ---------------   ---------   ---------   ----   ------
  1   -2.354094654140                   -1.77    5.6    1.83s
  2   -2.354296116337       -3.70       -2.04    1.3    623ms
  3   -2.354411716707       -3.94       -2.83    4.2    1.57s
  4   -2.354417863680       -5.21       -3.40    4.3    1.28s
  5   -2.354418161571       -6.53       -4.14    3.8    1.43s
  6   -2.354418180699       -7.72       -4.67    3.8    1.14s
  7   -2.354418183015       -8.64       -5.29    3.7    1.42s
  8   -2.354418183066      -10.30       -5.65    3.8    1.13s
  9   -2.354418183077      -10.94       -6.47    3.4    1.34s
 10   -2.354418183077      -12.70       -6.88    3.2    1.00s
 11   -2.354418183077      -13.40       -7.73    3.4    1.35s
n     Energy            log10(ΔE)   log10(Δρ)   Diag   Δtime
---   ---------------   ---------   ---------   ----   ------
  1   -2.354095524199                   -1.77    5.6    1.74s
  2   -2.354296403146       -3.70       -2.04    1.3    613ms
  3   -2.354411696795       -3.94       -2.83    4.3    1.58s
  4   -2.354417853255       -5.21       -3.40    4.2    1.27s
  5   -2.354418162082       -6.51       -4.15    3.7    1.42s
  6   -2.354418180728       -7.73       -4.66    3.7    1.12s
  7   -2.354418183008       -8.64       -5.25    3.8    1.40s
  8   -2.354418183062      -10.26       -5.59    3.8    1.13s
  9   -2.354418183077      -10.83       -6.51    3.3    1.34s
 10   -2.354418183077      -12.77       -6.84    3.5    1.07s
 11   -2.354418183077      -13.33       -7.56    3.3    1.30s
     2    -2.354418e+00     4.822140e-03
 * time: 132.972806930542
n     Energy            log10(ΔE)   log10(Δρ)   Diag   Δtime
---   ---------------   ---------   ---------   ----   ------
  1   -2.354772712799                   -1.83    5.4    1.72s
  2   -2.354941063571       -3.77       -2.10    1.2    606ms
  3   -2.355037031717       -4.02       -2.84    4.4    1.55s
  4   -2.355042508052       -5.26       -3.34    4.2    1.49s
  5   -2.355042961278       -6.34       -3.94    3.6    1.09s
  6   -2.355042995086       -7.47       -4.33    3.9    1.47s
  7   -2.355042999566       -8.35       -5.21    3.3    1.02s
  8   -2.355042999709       -9.84       -5.73    3.7    1.39s
  9   -2.355042999718      -11.05       -6.18    3.5    1.07s
 10   -2.355042999718      -12.30       -6.91    2.2    1.09s
 11   -2.355042999718      -13.80       -7.41    2.7    901ms
n     Energy            log10(ΔE)   log10(Δρ)   Diag   Δtime
---   ---------------   ---------   ---------   ----   ------
  1   -2.354771867535                   -1.83    5.5    1.73s
  2   -2.354940754549       -3.77       -2.10    1.2    601ms
  3   -2.355036973285       -4.02       -2.84    4.3    1.54s
  4   -2.355042515342       -5.26       -3.35    4.1    1.23s
  5   -2.355042962653       -6.35       -3.95    3.5    1.39s
  6   -2.355042995063       -7.49       -4.32    4.0    1.19s
  7   -2.355042999597       -8.34       -5.29    3.3    1.30s
  8   -2.355042999710       -9.95       -5.76    3.8    1.13s
  9   -2.355042999718      -11.13       -6.08    3.5    1.36s
 10   -2.355042999718      -12.12       -6.93    2.3    818ms
 11   -2.355042999718      -13.83       -7.51    2.8    1.22s
     3    -2.355043e+00     2.270467e-03
 * time: 197.2975628376007
n     Energy            log10(ΔE)   log10(Δρ)   Diag   Δtime
---   ---------------   ---------   ---------   ----   ------
  1   -2.355103985162                   -1.88    5.7    3.36s
  2   -2.355250323129       -3.83       -2.16    1.3    1.59s
  3   -2.355320731775       -4.15       -2.95    4.3    2.65s
  4   -2.355324122599       -5.47       -3.42    4.2    2.77s
  5   -2.355324562876       -6.36       -4.20    3.7    2.34s
  6   -2.355324575156       -7.91       -4.46    3.8    2.58s
  7   -2.355324579012       -8.41       -4.66    3.7    2.37s
  8   -2.355324580280       -8.90       -5.61    3.1    2.25s
  9   -2.355324580302      -10.66       -6.45    3.7    2.34s
 10   -2.355324580302      -13.77       -6.37    3.2    2.43s
 11   -2.355324580302      -13.18       -7.09    2.9    1.90s
n     Energy            log10(ΔE)   log10(Δρ)   Diag   Δtime
---   ---------------   ---------   ---------   ----   ------
  1   -2.355106518453                   -1.88    5.6    3.31s
  2   -2.355250819593       -3.84       -2.16    1.3    1.33s
  3   -2.355320722765       -4.16       -2.96    4.4    2.94s
  4   -2.355324111860       -5.47       -3.42    4.2    2.80s
  5   -2.355324562540       -6.35       -4.20    3.7    2.38s
  6   -2.355324575060       -7.90       -4.46    3.8    2.72s
  7   -2.355324578979       -8.41       -4.66    3.7    2.36s
  8   -2.355324580276       -8.89       -5.56    3.0    2.23s
  9   -2.355324580302      -10.58       -6.45    3.7    2.35s
 10   -2.355324580302      -13.27       -6.35    3.3    2.43s
 11   -2.355324580302      -13.09       -7.12    3.0    1.99s
     4    -2.355325e+00     1.063010e-03
 * time: 289.0917568206787
n     Energy            log10(ΔE)   log10(Δρ)   Diag   Δtime
---   ---------------   ---------   ---------   ----   ------
  1   -2.355188453819                   -1.93    5.7    3.46s
  2   -2.355312966705       -3.90       -2.21    1.2    1.35s
  3   -2.355369484176       -4.25       -3.01    4.3    3.01s
  4   -2.355372279450       -5.55       -3.54    4.2    2.92s
  5   -2.355372541700       -6.58       -4.09    3.6    2.30s
  6   -2.355372573747       -7.49       -4.70    3.7    2.61s
  7   -2.355372575577       -8.74       -5.20    3.7    2.34s
  8   -2.355372575726       -9.83       -5.57    3.6    2.65s
  9   -2.355372575745      -10.72       -6.61    2.9    2.04s
 10   -2.355372575745      -13.05       -6.86    3.4    2.49s
 11   -2.355372575745      -13.76       -7.93    2.6    1.90s
n     Energy            log10(ΔE)   log10(Δρ)   Diag   Δtime
---   ---------------   ---------   ---------   ----   ------
  1   -2.355189829502                   -1.93    5.7    3.40s
  2   -2.355313007111       -3.91       -2.21    1.2    1.32s
  3   -2.355369459229       -4.25       -3.01    4.3    3.02s
  4   -2.355372274973       -5.55       -3.53    4.1    2.92s
  5   -2.355372542067       -6.57       -4.09    3.7    2.45s
  6   -2.355372573756       -7.50       -4.70    3.6    2.73s
  7   -2.355372575559       -8.74       -5.17    3.7    2.41s
  8   -2.355372575726       -9.78       -5.57    3.5    2.67s
  9   -2.355372575744      -10.73       -6.32    2.7    1.96s
 10   -2.355372575745      -12.40       -6.88    3.1    2.40s
 11   -2.355372575745      -15.35       -7.21    2.7    1.91s
     5    -2.355373e+00     3.158181e-04
 * time: 381.6287889480591
n     Energy            log10(ΔE)   log10(Δρ)   Diag   Δtime
---   ---------------   ---------   ---------   ----   ------
  1   -2.355190147562                   -1.92    5.5    3.37s
  2   -2.355315868800       -3.90       -2.20    1.2    1.29s
  3   -2.355375052074       -4.23       -3.00    4.3    2.91s
  4   -2.355378014414       -5.53       -3.53    4.1    2.76s
  5   -2.355378294151       -6.55       -4.07    3.6    2.28s
  6   -2.355378329704       -7.45       -4.66    3.6    2.61s
  7   -2.355378331647       -8.71       -5.09    3.6    2.27s
  8   -2.355378331925       -9.56       -5.52    3.5    2.57s
  9   -2.355378331950      -10.60       -6.42    2.9    2.01s
 10   -2.355378331950      -12.59       -6.86    3.2    2.45s
 11   -2.355378331950   +  -13.64       -7.79    2.9    2.00s
n     Energy            log10(ΔE)   log10(Δρ)   Diag   Δtime
---   ---------------   ---------   ---------   ----   ------
  1   -2.355191438118                   -1.92    5.6    3.36s
  2   -2.355315973471       -3.90       -2.20    1.2    1.30s
  3   -2.355375041292       -4.23       -3.00    4.3    3.05s
  4   -2.355378014224       -5.53       -3.52    4.1    2.88s
  5   -2.355378294075       -6.55       -4.07    3.7    2.40s
  6   -2.355378329651       -7.45       -4.66    3.6    2.67s
  7   -2.355378331677       -8.69       -5.11    3.5    2.34s
  8   -2.355378331929       -9.60       -5.55    3.5    2.55s
  9   -2.355378331950      -10.67       -6.41    2.9    2.01s
 10   -2.355378331950      -12.56       -6.83    3.1    2.37s
 11   -2.355378331950   +  -13.51       -8.01    2.9    2.07s
     6    -2.355378e+00     3.564502e-05
 * time: 473.32828283309937
n     Energy            log10(ΔE)   log10(Δρ)   Diag   Δtime
---   ---------------   ---------   ---------   ----   ------
  1   -2.355188306412                   -1.92    5.7    3.43s
  2   -2.355315474886       -3.90       -2.19    1.3    1.33s
  3   -2.355375128663       -4.22       -3.00    4.3    2.91s
  4   -2.355378091818       -5.53       -3.53    4.2    2.84s
  5   -2.355378365951       -6.56       -4.08    3.7    2.36s
  6   -2.355378401034       -7.45       -4.66    3.6    2.61s
  7   -2.355378403138       -8.68       -5.14    3.6    2.27s
  8   -2.355378403361       -9.65       -5.56    3.5    2.57s
  9   -2.355378403383      -10.67       -6.61    3.0    2.07s
 10   -2.355378403383      -12.71       -6.84    3.4    2.55s
 11   -2.355378403383   +  -13.35       -7.76    2.9    2.05s
n     Energy            log10(ΔE)   log10(Δρ)   Diag   Δtime
---   ---------------   ---------   ---------   ----   ------
  1   -2.355190441029                   -1.92    5.8    3.48s
  2   -2.355315483322       -3.90       -2.19    1.2    1.35s
  3   -2.355375116005       -4.22       -3.00    4.4    3.07s
  4   -2.355378088961       -5.53       -3.53    4.1    2.89s
  5   -2.355378366001       -6.56       -4.08    3.7    2.41s
  6   -2.355378401022       -7.46       -4.66    3.7    2.68s
  7   -2.355378403135       -8.68       -5.13    3.6    2.32s
  8   -2.355378403361       -9.65       -5.56    3.6    2.63s
  9   -2.355378403383      -10.66       -6.65    2.9    2.02s
 10   -2.355378403383      -12.66       -6.84    3.6    2.62s
 11   -2.355378403383   +  -13.36       -7.75    2.9    2.00s
     7    -2.355378e+00     1.174616e-06
 * time: 566.371827840805
n     Energy            log10(ΔE)   log10(Δρ)   Diag   Δtime
---   ---------------   ---------   ---------   ----   ------
  1   -2.355190479314                   -1.92    5.7    3.43s
  2   -2.355315534353       -3.90       -2.19    1.2    1.32s
  3   -2.355375110608       -4.22       -3.00    4.4    2.98s
  4   -2.355378092700       -5.53       -3.53    4.2    2.77s
  5   -2.355378366334       -6.56       -4.08    3.7    2.28s
  6   -2.355378401137       -7.46       -4.66    3.6    2.51s
  7   -2.355378403205       -8.68       -5.13    3.5    2.21s
  8   -2.355378403436       -9.64       -5.54    3.5    2.49s
  9   -2.355378403458      -10.64       -6.55    3.0    2.01s
 10   -2.355378403459      -12.73       -6.86    3.3    2.41s
 11   -2.355378403459   +  -13.45       -8.00    3.0    1.99s
n     Energy            log10(ΔE)   log10(Δρ)   Diag   Δtime
---   ---------------   ---------   ---------   ----   ------
  1   -2.355189156549                   -1.92    5.7    3.25s
  2   -2.355315440176       -3.90       -2.19    1.2    1.27s
  3   -2.355375098559       -4.22       -3.00    4.4    2.96s
  4   -2.355378087729       -5.52       -3.53    4.2    2.90s
  5   -2.355378365847       -6.56       -4.08    3.7    2.36s
  6   -2.355378401115       -7.45       -4.66    3.7    2.62s
  7   -2.355378403197       -8.68       -5.12    3.6    2.25s
  8   -2.355378403437       -9.62       -5.56    3.6    2.61s
  9   -2.355378403458      -10.67       -6.53    2.9    2.00s
 10   -2.355378403459      -12.76       -6.82    3.2    2.43s
 11   -2.355378403459   +  -13.53       -8.04    2.8    1.99s
     8    -2.355378e+00     6.373226e-09
 * time: 657.3187298774719
 * Status: success

 * Candidate solution
    Final objective value:     -2.355378e+00

 * Found with
    Algorithm:     L-BFGS

 * Convergence measures
    |x - x'|               = 1.32e-04 ≰ -1.0e+00
    |x - x'|/|x'|          = 1.55e-05 ≰ 0.0e+00
    |f(x) - f(x')|         = 7.58e-11 ≤ 1.0e-08
    |f(x) - f(x')|/|f(x')| = 3.22e-11 ≰ 0.0e+00
    |g(x)|                 = 6.37e-09 ≤ 1.0e-06

 * Work counters
    Seconds run:   657  (vs limit Inf)
    Iterations:    8
    f(x) calls:    9
    ∇f(x) calls:   9

Al: 693.012134 seconds (530.01 M allocations: 140.294 GiB, 6.13% gc time, 0.00% compilation time)
n     Energy            log10(ΔE)   log10(Δρ)   Diag   Δtime
---   ---------------   ---------   ---------   ----   ------
  1   -74.64743418379                   -1.24    9.2    9.28s
  2   -74.64820612798       -3.11       -1.43    3.4    4.25s
  3   -74.64882534585       -3.21       -2.07    6.0    6.39s
  4   -74.64883864694       -4.88       -2.62    5.2    5.84s
  5   -74.64883941727       -6.11       -3.04    4.6    5.28s
  6   -74.64883962911       -6.67       -3.38    5.2    5.25s
  7   -74.64883971199       -7.08       -3.81    5.4    5.56s
  8   -74.64883971643       -8.35       -3.98    4.9    5.15s
  9   -74.64883972359       -8.14       -4.53    5.1    5.22s
 10   -74.64883972387       -9.56       -5.22    4.4    5.16s
 11   -74.64883972384   +  -10.57       -5.19    5.7    5.96s
 12   -74.64883972388      -10.44       -5.74    5.1    5.26s
 13   -74.64883972388      -12.23       -6.29    3.7    4.63s
 14   -74.64883972388      -12.40       -7.13    5.4    5.97s
Iter     Function value   Gradient norm 
     0    -7.464884e+01     1.715761e-02
 * time: 4.0531158447265625e-6
n     Energy            log10(ΔE)   log10(Δρ)   Diag   Δtime
---   ---------------   ---------   ---------   ----   ------
  1   -74.64769154641                   -1.24    9.4    9.31s
  2   -74.64846941630       -3.11       -1.43    3.5    4.11s
  3   -74.64909591122       -3.20       -2.07    6.0    6.26s
  4   -74.64910961668       -4.86       -2.61    5.2    5.71s
  5   -74.64911052036       -6.04       -3.03    4.9    5.46s
  6   -74.64911072717       -6.68       -3.36    5.2    5.45s
  7   -74.64911081333       -7.06       -3.79    5.4    5.32s
  8   -74.64911081921       -8.23       -3.96    5.0    5.19s
  9   -74.64911082662       -8.13       -4.54    5.2    5.16s
 10   -74.64911082694       -9.50       -5.20    4.7    5.25s
 11   -74.64911082693   +  -11.60       -5.21    4.4    5.21s
 12   -74.64911082696      -10.57       -5.78    5.0    5.25s
 13   -74.64911082696      -12.40       -6.50    4.2    4.93s
 14   -74.64911082696   +    -Inf       -7.07    5.5    5.87s
n     Energy            log10(ΔE)   log10(Δρ)   Diag   Δtime
---   ---------------   ---------   ---------   ----   ------
  1   -74.64768797966                   -1.24    9.4    9.23s
  2   -74.64847143272       -3.11       -1.43    3.5    4.28s
  3   -74.64909578271       -3.20       -2.07    6.1    6.41s
  4   -74.64910963306       -4.86       -2.61    5.1    5.74s
  5   -74.64911052107       -6.05       -3.03    4.8    5.53s
  6   -74.64911073051       -6.68       -3.37    5.2    5.19s
  7   -74.64911081434       -7.08       -3.79    5.3    5.32s
  8   -74.64911081922       -8.31       -3.96    5.1    5.31s
  9   -74.64911082674       -8.12       -4.47    5.2    5.43s
 10   -74.64911082695       -9.68       -5.22    4.1    4.84s
 11   -74.64911082694   +  -10.81       -5.23    5.8    5.81s
 12   -74.64911082696      -10.64       -5.74    5.0    5.02s
 13   -74.64911082696      -12.17       -6.37    3.5    4.56s
 14   -74.64911082696   +  -12.53       -6.63    5.0    5.55s
 15   -74.64911082696      -12.94       -7.57    4.7    5.13s
     1    -7.464911e+01     1.445531e-02
 * time: 234.71612095832825
n     Energy            log10(ΔE)   log10(Δρ)   Diag   Δtime
---   ---------------   ---------   ---------   ----   ------
  1   -74.64835516905                   -1.24    9.8    9.32s
  2   -74.64913546351       -3.11       -1.42    3.7    4.29s
  3   -74.64979402953       -3.18       -2.03    6.3    6.56s
  4   -74.64980910950       -4.82       -2.56    5.5    5.85s
  5   -74.64981124686       -5.67       -2.94    5.7    6.02s
  6   -74.64981144701       -6.70       -3.30    4.8    5.06s
  7   -74.64981152791       -7.09       -3.65    5.1    5.32s
  8   -74.64981155424       -7.58       -3.97    4.6    5.17s
  9   -74.64981155968       -8.26       -4.44    4.6    5.09s
 10   -74.64981156037       -9.16       -4.75    4.8    5.44s
 11   -74.64981155387   +   -8.19       -5.22    4.6    4.99s
 12   -74.64981155391      -10.42       -5.53    4.6    5.40s
 13   -74.64981155392      -11.24       -6.08    5.5    5.64s
 14   -74.64981155392      -11.62       -7.00    4.9    5.51s
n     Energy            log10(ΔE)   log10(Δρ)   Diag   Δtime
---   ---------------   ---------   ---------   ----   ------
  1   -74.64835858506                   -1.24    9.7    9.69s
  2   -74.64913341638       -3.11       -1.42    3.8    4.51s
  3   -74.64979411923       -3.18       -2.03    6.2    6.60s
  4   -74.64980914192       -4.82       -2.56    5.4    6.00s
  5   -74.64981122476       -5.68       -2.94    5.6    5.66s
  6   -74.64981144384       -6.66       -3.29    4.9    5.47s
  7   -74.64981152913       -7.07       -3.66    5.1    5.28s
  8   -74.64981155399       -7.60       -3.97    4.4    5.03s
  9   -74.64981155968       -8.24       -4.44    4.7    5.24s
 10   -74.64981156038       -9.16       -4.75    4.7    5.34s
 11   -74.64981155387   +   -8.19       -5.22    4.5    4.94s
 12   -74.64981155391      -10.43       -5.51    4.6    5.19s
 13   -74.64981155392      -11.04       -6.23    5.4    5.79s
 14   -74.64981155392      -12.03       -6.75    4.9    5.61s
 15   -74.64981155392      -12.49       -7.37    5.4    5.86s
     2    -7.464981e+01     1.125695e-03
 * time: 473.93355989456177
n     Energy            log10(ΔE)   log10(Δρ)   Diag   Δtime
---   ---------------   ---------   ---------   ----   ------
  1   -74.64835910993                   -1.24    9.6    9.46s
  2   -74.64912820604       -3.11       -1.42    3.5    4.24s
  3   -74.64979904717       -3.17       -2.02    6.3    6.44s
  4   -74.64981358433       -4.84       -2.56    5.4    5.89s
  5   -74.64981587421       -5.64       -2.93    5.6    5.74s
  6   -74.64981610679       -6.63       -3.28    4.8    5.14s
  7   -74.64981619644       -7.05       -3.64    5.0    5.30s
  8   -74.64981622447       -7.55       -3.96    4.6    5.33s
  9   -74.64981623054       -8.22       -4.41    4.6    5.18s
 10   -74.64981623129       -9.13       -4.73    4.8    5.34s
 11   -74.64981623145       -9.79       -5.19    4.6    5.02s
 12   -74.64981623149      -10.38       -5.50    4.4    5.17s
 13   -74.64981623150      -11.14       -6.06    5.5    5.55s
 14   -74.64981623150      -11.65       -7.02    5.0    5.82s
n     Energy            log10(ΔE)   log10(Δρ)   Diag   Δtime
---   ---------------   ---------   ---------   ----   ------
  1   -74.64835905142                   -1.24    9.5    9.64s
  2   -74.64913423035       -3.11       -1.42    3.5    4.17s
  3   -74.64979876886       -3.18       -2.02    6.2    6.35s
  4   -74.64981359589       -4.83       -2.56    5.4    6.05s
  5   -74.64981589906       -5.64       -2.93    5.6    5.53s
  6   -74.64981611314       -6.67       -3.29    4.8    5.06s
  7   -74.64981619725       -7.08       -3.64    5.1    5.20s
  8   -74.64981622495       -7.56       -3.97    4.6    5.14s
  9   -74.64981623059       -8.25       -4.42    4.6    5.01s
 10   -74.64981623128       -9.16       -4.72    4.8    5.16s
 11   -74.64981623145       -9.78       -5.19    4.6    5.51s
 12   -74.64981623149      -10.40       -5.49    4.5    5.13s
 13   -74.64981623150      -11.02       -6.31    5.5    5.70s
 14   -74.64981623150      -12.49       -6.73    5.0    5.64s
 15   -74.64981623150      -12.53       -7.30    5.4    5.75s
     3    -7.464982e+01     8.330766e-05
 * time: 710.5653219223022
n     Energy            log10(ΔE)   log10(Δρ)   Diag   Δtime
---   ---------------   ---------   ---------   ----   ------
  1   -74.64835966788                   -1.24    9.7    9.43s
  2   -74.64913375102       -3.11       -1.42    3.6    4.13s
  3   -74.64979869102       -3.18       -2.02    6.2    6.28s
  4   -74.64981362483       -4.83       -2.56    5.4    5.84s
  5   -74.64981591927       -5.64       -2.93    5.6    5.55s
  6   -74.64981613678       -6.66       -3.29    4.8    5.16s
  7   -74.64981622219       -7.07       -3.64    5.1    5.08s
  8   -74.64981625067       -7.55       -3.96    4.6    4.91s
  9   -74.64981625650       -8.23       -4.42    4.6    4.97s
 10   -74.64981625722       -9.14       -4.72    4.7    5.25s
 11   -74.64981625739       -9.77       -5.19    4.7    5.06s
 12   -74.64981625743      -10.38       -5.50    4.6    5.18s
 13   -74.64981625744      -11.17       -6.06    5.5    5.29s
 14   -74.64981625744      -11.67       -7.00    4.9    5.20s
n     Energy            log10(ΔE)   log10(Δρ)   Diag   Δtime
---   ---------------   ---------   ---------   ----   ------
  1   -74.64835966738                   -1.24    9.7    9.25s
  2   -74.64913241103       -3.11       -1.42    3.6    4.36s
  3   -74.64979883616       -3.18       -2.02    6.2    6.38s
  4   -74.64981360377       -4.83       -2.56    5.4    5.86s
  5   -74.64981592347       -5.63       -2.93    5.6    5.69s
  6   -74.64981613764       -6.67       -3.29    4.9    5.22s
  7   -74.64981622084       -7.08       -3.63    5.0    5.36s
  8   -74.64981625080       -7.52       -3.97    4.8    5.48s
  9   -74.64981625648       -8.25       -4.41    4.6    5.33s
 10   -74.64981625721       -9.14       -4.72    4.8    5.12s
 11   -74.64981625739       -9.75       -5.19    4.7    5.09s
 12   -74.64981625743      -10.38       -5.50    4.6    5.10s
 13   -74.64981625744      -11.15       -6.07    5.4    5.68s
 14   -74.64981625744      -11.67       -7.01    4.9    5.49s
     4    -7.464982e+01     6.007736e-07
 * time: 941.0903499126434
┌ Info: Threading setup: 
│   Threads.nthreads() = 1
│   n_DFTK = 1
│   n_fft = 1
└   n_blas = 1
┌ Info: 2025-05-15T17:14:16.085
│   name = "Si"
│   Ecut = 18.0
│   kgrid = MonkhorstPack([14, 14, 14])
│   p0 = ComponentVector{Float64}(a = 10.347246312603742)
│   temperature = 0.001
└   smearing = DFTK.Smearing.Gaussian()
┌ Info: 2025-05-15T17:19:44.609
│   name = "NaCl"
│   Ecut = 44.0
│   kgrid = MonkhorstPack([13, 13, 13])
│   p0 = ComponentVector{Float64}(a = 10.746130571470083)
│   temperature = 0
└   smearing = DFTK.Smearing.None()
┌ Info: 2025-05-15T17:28:55.896
│   name = "Al"
│   Ecut = 20.0
│   kgrid = MonkhorstPack([18, 18, 18])
│   p0 = ComponentVector{Float64}(a = 7.641925528121933)
│   temperature = 0.001
└   smearing = DFTK.Smearing.Gaussian()
┌ Info: 2025-05-15T17:40:28.909
│   name = "V"
│   Ecut = 42.0
│   kgrid = MonkhorstPack([20, 20, 20])
│   p0 = ComponentVector{Float64}(a = 5.699267600684394)
│   temperature = 0.001
└   smearing = DFTK.Smearing.Gaussian()
┌ Warning: Negative ρcore detected: -3.4151886922104144e-8
└ @ DFTK ~/.julia/packages/DFTK/n2IL4/src/terms/xc.jl:39
┌ Warning: Eigensolver not converged
│   n_iter =
│    256-element Vector{Int64}:
│     2
│     3
│     2
│     4
│     ⋮
│     5
│     7
│     3
└ @ DFTK ~/.julia/packages/DFTK/n2IL4/src/scf/self_consistent_field.jl:76
┌ Warning: Negative ρcore detected: Dual{ForwardDiff.Tag{var"#19#21"{@NamedTuple{ham::Hamiltonian, basis::PlaneWaveBasis{Float64, Float64, DFTK.CPU, FFTGrid{Float64, Float64, Array{StaticArraysCore.SVector{3, Int64}, 3}, Array{StaticArraysCore.SVector{3, Float64}, 3}}, Vector{StaticArraysCore.SVector{3, Int64}}}, energies::Energies{Float64}, converged::Bool, occupation_threshold::Float64, ρ::Array{Float64, 4}, τ::Nothing, α::Float64, eigenvalues::Vector{Vector{Float64}}, occupation::Vector{Vector{Float64}}, εF::Float64, n_bands_converge::Int64, n_iter::Int64, n_matvec::Int64, ψ::Vector{Matrix{ComplexF64}}, diagonalization::Vector{@NamedTuple{λ::Vector{Vector{Float64}}, X::Vector{Matrix{ComplexF64}}, residual_norms::Vector{Vector{Float64}}, n_iter::Vector{Int64}, converged::Bool, n_matvec::Int64}}, stage::Symbol, history_Δρ::Vector{Float64}, history_Etot::Vector{Float64}, timedout::Bool, runtime_ns::UInt64, algorithm::String}, Model{Float64, Float64}, Float64, MonkhorstPack, var"#case#4"{Matrix{Float64}, Float64, MonkhorstPack, Vector{StaticArraysCore.SVector{3, Float64}}, Vector{ElementPsp{PspUpf{Float64, Interpolations.Extrapolation{Float64, 1, Interpolations.GriddedInterpolation{Float64, 1, Vector{Float64}, Interpolations.Gridded{Interpolations.Linear{Interpolations.Throw{Interpolations.OnGrid}}}, Tuple{Vector{Float64}}}, Interpolations.Gridded{Interpolations.Linear{Interpolations.Throw{Interpolations.OnGrid}}}, Interpolations.Throw{Nothing}}}}}, Float64, Float64, String}}, Float64}}(-3.4151886922104144e-8,-1.2413273474001241e-8)
└ @ DFTK ~/.julia/packages/DFTK/n2IL4/src/terms/xc.jl:39
┌ Warning: Negative ρcore detected: -3.377535875224788e-8
└ @ DFTK ~/.julia/packages/DFTK/n2IL4/src/terms/xc.jl:39
┌ Warning: Negative ρcore detected: -3.377535875224788e-8
└ @ DFTK ~/.julia/packages/DFTK/n2IL4/src/terms/xc.jl:39
┌ Warning: Negative ρcore detected: Dual{ForwardDiff.Tag{var"#19#21"{@NamedTuple{ham::Hamiltonian, basis::PlaneWaveBasis{Float64, Float64, DFTK.CPU, FFTGrid{Float64, Float64, Array{StaticArraysCore.SVector{3, Int64}, 3}, Array{StaticArraysCore.SVector{3, Float64}, 3}}, Vector{StaticArraysCore.SVector{3, Int64}}}, energies::Energies{Float64}, converged::Bool, occupation_threshold::Float64, ρ::Array{Float64, 4}, τ::Nothing, α::Float64, eigenvalues::Vector{Vector{Float64}}, occupation::Vector{Vector{Float64}}, εF::Float64, n_bands_converge::Int64, n_iter::Int64, n_matvec::Int64, ψ::Vector{Matrix{ComplexF64}}, diagonalization::Vector{@NamedTuple{λ::Vector{Vector{Float64}}, X::Vector{Matrix{ComplexF64}}, residual_norms::Vector{Vector{Float64}}, n_iter::Vector{Int64}, converged::Bool, n_matvec::Int64}}, stage::Symbol, history_Δρ::Vector{Float64}, history_Etot::Vector{Float64}, timedout::Bool, runtime_ns::UInt64, algorithm::String}, Model{Float64, Float64}, Float64, MonkhorstPack, var"#case#4"{Matrix{Float64}, Float64, MonkhorstPack, Vector{StaticArraysCore.SVector{3, Float64}}, Vector{ElementPsp{PspUpf{Float64, Interpolations.Extrapolation{Float64, 1, Interpolations.GriddedInterpolation{Float64, 1, Vector{Float64}, Interpolations.Gridded{Interpolations.Linear{Interpolations.Throw{Interpolations.OnGrid}}}, Tuple{Vector{Float64}}}, Interpolations.Gridded{Interpolations.Linear{Interpolations.Throw{Interpolations.OnGrid}}}, Interpolations.Throw{Nothing}}}}}, Float64, Float64, String}}, Float64}}(-3.377535875224788e-8,5.477665307461656e-8)
└ @ DFTK ~/.julia/packages/DFTK/n2IL4/src/terms/xc.jl:39
┌ Warning: Negative ρcore detected: -3.68717841752554e-8
└ @ DFTK ~/.julia/packages/DFTK/n2IL4/src/terms/xc.jl:39
┌ Warning: Negative ρcore detected: -3.68717841752554e-8
└ @ DFTK ~/.julia/packages/DFTK/n2IL4/src/terms/xc.jl:39
┌ Warning: Negative ρcore detected: Dual{ForwardDiff.Tag{var"#19#21"{@NamedTuple{ham::Hamiltonian, basis::PlaneWaveBasis{Float64, Float64, DFTK.CPU, FFTGrid{Float64, Float64, Array{StaticArraysCore.SVector{3, Int64}, 3}, Array{StaticArraysCore.SVector{3, Float64}, 3}}, Vector{StaticArraysCore.SVector{3, Int64}}}, energies::Energies{Float64}, converged::Bool, occupation_threshold::Float64, ρ::Array{Float64, 4}, τ::Nothing, α::Float64, eigenvalues::Vector{Vector{Float64}}, occupation::Vector{Vector{Float64}}, εF::Float64, n_bands_converge::Int64, n_iter::Int64, n_matvec::Int64, ψ::Vector{Matrix{ComplexF64}}, diagonalization::Vector{@NamedTuple{λ::Vector{Vector{Float64}}, X::Vector{Matrix{ComplexF64}}, residual_norms::Vector{Vector{Float64}}, n_iter::Vector{Int64}, converged::Bool, n_matvec::Int64}}, stage::Symbol, history_Δρ::Vector{Float64}, history_Etot::Vector{Float64}, timedout::Bool, runtime_ns::UInt64, algorithm::String}, Model{Float64, Float64}, Float64, MonkhorstPack, var"#case#4"{Matrix{Float64}, Float64, MonkhorstPack, Vector{StaticArraysCore.SVector{3, Float64}}, Vector{ElementPsp{PspUpf{Float64, Interpolations.Extrapolation{Float64, 1, Interpolations.GriddedInterpolation{Float64, 1, Vector{Float64}, Interpolations.Gridded{Interpolations.Linear{Interpolations.Throw{Interpolations.OnGrid}}}, Tuple{Vector{Float64}}}, Interpolations.Gridded{Interpolations.Linear{Interpolations.Throw{Interpolations.OnGrid}}}, Interpolations.Throw{Nothing}}}}}, Float64, Float64, String}}, Float64}}(-3.68717841752554e-8,6.499463105299949e-8)
└ @ DFTK ~/.julia/packages/DFTK/n2IL4/src/terms/xc.jl:39
┌ Warning: Negative ρcore detected: -3.625601745352529e-8
└ @ DFTK ~/.julia/packages/DFTK/n2IL4/src/terms/xc.jl:39
┌ Warning: Negative ρcore detected: -3.625601745352529e-8
└ @ DFTK ~/.julia/packages/DFTK/n2IL4/src/terms/xc.jl:39
┌ Warning: Negative ρcore detected: Dual{ForwardDiff.Tag{var"#19#21"{@NamedTuple{ham::Hamiltonian, basis::PlaneWaveBasis{Float64, Float64, DFTK.CPU, FFTGrid{Float64, Float64, Array{StaticArraysCore.SVector{3, Int64}, 3}, Array{StaticArraysCore.SVector{3, Float64}, 3}}, Vector{StaticArraysCore.SVector{3, Int64}}}, energies::Energies{Float64}, converged::Bool, occupation_threshold::Float64, ρ::Array{Float64, 4}, τ::Nothing, α::Float64, eigenvalues::Vector{Vector{Float64}}, occupation::Vector{Vector{Float64}}, εF::Float64, n_bands_converge::Int64, n_iter::Int64, n_matvec::Int64, ψ::Vector{Matrix{ComplexF64}}, diagonalization::Vector{@NamedTuple{λ::Vector{Vector{Float64}}, X::Vector{Matrix{ComplexF64}}, residual_norms::Vector{Vector{Float64}}, n_iter::Vector{Int64}, converged::Bool, n_matvec::Int64}}, stage::Symbol, history_Δρ::Vector{Float64}, history_Etot::Vector{Float64}, timedout::Bool, runtime_ns::UInt64, algorithm::String}, Model{Float64, Float64}, Float64, MonkhorstPack, var"#case#4"{Matrix{Float64}, Float64, MonkhorstPack, Vector{StaticArraysCore.SVector{3, Float64}}, Vector{ElementPsp{PspUpf{Float64, Interpolations.Extrapolation{Float64, 1, Interpolations.GriddedInterpolation{Float64, 1, Vector{Float64}, Interpolations.Gridded{Interpolations.Linear{Interpolations.Throw{Interpolations.OnGrid}}}, Tuple{Vector{Float64}}}, Interpolations.Gridded{Interpolations.Linear{Interpolations.Throw{Interpolations.OnGrid}}}, Interpolations.Throw{Nothing}}}}}, Float64, Float64, String}}, Float64}}(-3.625601745352529e-8,9.357952660749434e-8)
└ @ DFTK ~/.julia/packages/DFTK/n2IL4/src/terms/xc.jl:39
┌ Warning: Negative ρcore detected: -3.619736595153356e-8
└ @ DFTK ~/.julia/packages/DFTK/n2IL4/src/terms/xc.jl:39
┌ Warning: Negative ρcore detected: -3.619736595153356e-8
└ @ DFTK ~/.julia/packages/DFTK/n2IL4/src/terms/xc.jl:39
┌ Warning: Negative ρcore detected: Dual{ForwardDiff.Tag{var"#19#21"{@NamedTuple{ham::Hamiltonian, basis::PlaneWaveBasis{Float64, Float64, DFTK.CPU, FFTGrid{Float64, Float64, Array{StaticArraysCore.SVector{3, Int64}, 3}, Array{StaticArraysCore.SVector{3, Float64}, 3}}, Vector{StaticArraysCore.SVector{3, Int64}}}, energies::Energies{Float64}, converged::Bool, occupation_threshold::Float64, ρ::Array{Float64, 4}, τ::Nothing, α::Float64, eigenvalues::Vector{Vector{Float64}}, occupation::Vector{Vector{Float64}}, εF::Float64, n_bands_converge::Int64, n_iter::Int64, n_matvec::Int64, ψ::Vector{Matrix{ComplexF64}}, diagonalization::Vector{@NamedTuple{λ::Vector{Vector{Float64}}, X::Vector{Matrix{ComplexF64}}, residual_norms::Vector{Vector{Float64}}, n_iter::Vector{Int64}, converged::Bool, n_matvec::Int64}}, stage::Symbol, history_Δρ::Vector{Float64}, history_Etot::Vector{Float64}, timedout::Bool, runtime_ns::UInt64, algorithm::String}, Model{Float64, Float64}, Float64, MonkhorstPack, var"#case#4"{Matrix{Float64}, Float64, MonkhorstPack, Vector{StaticArraysCore.SVector{3, Float64}}, Vector{ElementPsp{PspUpf{Float64, Interpolations.Extrapolation{Float64, 1, Interpolations.GriddedInterpolation{Float64, 1, Vector{Float64}, Interpolations.Gridded{Interpolations.Linear{Interpolations.Throw{Interpolations.OnGrid}}}, Tuple{Vector{Float64}}}, Interpolations.Gridded{Interpolations.Linear{Interpolations.Throw{Interpolations.OnGrid}}}, Interpolations.Throw{Nothing}}}}}, Float64, Float64, String}}, Float64}}(-3.619736595153356e-8,9.578270310064009e-8)
└ @ DFTK ~/.julia/packages/DFTK/n2IL4/src/terms/xc.jl:39
 * Status: success

 * Candidate solution
    Final objective value:     -7.464982e+01

 * Found with
    Algorithm:     L-BFGS

 * Convergence measures
    |x - x'|               = 6.19e-04 ≰ -1.0e+00
    |x - x'|/|x'|          = 1.06e-04 ≰ 0.0e+00
    |f(x) - f(x')|         = 2.59e-08 ≰ 1.0e-08
    |f(x) - f(x')|/|f(x')| = 3.47e-10 ≰ 0.0e+00
    |g(x)|                 = 6.01e-07 ≤ 1.0e-06

 * Work counters
    Seconds run:   941  (vs limit Inf)
    Iterations:    4
    f(x) calls:    5
    ∇f(x) calls:   5

V: 1062.150471 seconds (732.91 M allocations: 350.212 GiB, 6.14% gc time, 0.01% compilation time)
