n     Energy            log10(ΔE)   log10(Δρ)   Diag   Δtime
---   ---------------   ---------   ---------   ----   ------
  1   -8.472313411931                   -0.98    7.0    10.3s
  2   -8.474780067802       -2.61       -1.74    2.1    4.61s
  3   -8.474840248327       -4.22       -2.77    3.6    1.85s
  4   -8.474841212826       -6.02       -3.80    3.6    1.63s
  5   -8.474841214748       -8.72       -4.53    3.2    1.70s
  6   -8.474841214792      -10.36       -5.58    2.8    1.58s
  7   -8.474841214793      -11.88       -6.36    3.8    1.63s
  8   -8.474841214793      -13.03       -7.13    3.7    1.93s
Iter     Function value   Gradient norm 
     0    -8.474841e+00     9.347477e-03
 * time: 8.106231689453125e-6
n     Energy            log10(ΔE)   log10(Δρ)   Diag   Δtime
---   ---------------   ---------   ---------   ----   ------
  1   -8.472345696971                   -0.98    7.2    2.41s
  2   -8.474859361837       -2.60       -1.74    2.1    1.41s
  3   -8.474924640156       -4.19       -2.77    3.6    1.56s
  4   -8.474925548774       -6.04       -3.81    3.7    1.90s
  5   -8.474925551257       -8.61       -4.53    3.3    1.42s
  6   -8.474925551298      -10.38       -5.59    2.9    1.63s
  7   -8.474925551301      -11.66       -6.20    4.1    1.68s
  8   -8.474925551301      -12.80       -7.20    3.5    1.77s
n     Energy            log10(ΔE)   log10(Δρ)   Diag   Δtime
---   ---------------   ---------   ---------   ----   ------
  1   -8.472358596257                   -0.98    7.2    2.39s
  2   -8.474860786001       -2.60       -1.74    2.2    1.39s
  3   -8.474924737362       -4.19       -2.77    3.6    1.54s
  4   -8.474925549370       -6.09       -3.82    3.7    1.87s
  5   -8.474925551250       -8.73       -4.57    3.3    1.45s
  6   -8.474925551297      -10.33       -5.61    3.0    1.73s
  7   -8.474925551301      -11.49       -6.16    4.1    1.69s
  8   -8.474925551301      -12.92       -7.28    3.3    1.68s
     1    -8.474926e+00     8.696310e-03
 * time: 40.09882712364197
n     Energy            log10(ΔE)   log10(Δρ)   Diag   Δtime
---   ---------------   ---------   ---------   ----   ------
  1   -8.472475361338                   -0.96    7.1    2.34s
  2   -8.475380008773       -2.54       -1.74    2.2    1.12s
  3   -8.475442275907       -4.21       -2.71    3.6    1.78s
  4   -8.475443534190       -5.90       -3.79    3.5    1.85s
  5   -8.475443537473       -8.48       -4.50    3.2    1.41s
  6   -8.475443537517      -10.36       -5.59    2.8    1.57s
  7   -8.475443537519      -11.70       -6.28    3.8    1.62s
  8   -8.475443537519      -13.02       -7.19    3.6    1.79s
n     Energy            log10(ΔE)   log10(Δρ)   Diag   Δtime
---   ---------------   ---------   ---------   ----   ------
  1   -8.472486237405                   -0.96    7.1    2.39s
  2   -8.475380546656       -2.54       -1.74    2.2    1.34s
  3   -8.475442472107       -4.21       -2.71    3.7    1.51s
  4   -8.475443534190       -5.97       -3.81    3.5    1.80s
  5   -8.475443537464       -8.48       -4.54    3.4    1.42s
  6   -8.475443537516      -10.28       -5.63    2.8    1.55s
  7   -8.475443537519      -11.63       -6.23    4.1    1.68s
  8   -8.475443537519      -12.75       -7.32    3.6    1.78s
     2    -8.475444e+00     5.800919e-04
 * time: 78.00399804115295
n     Energy            log10(ΔE)   log10(Δρ)   Diag   Δtime
---   ---------------   ---------   ---------   ----   ------
  1   -8.472526890443                   -0.97    7.2    2.40s
  2   -8.475386123654       -2.54       -1.75    2.4    1.15s
  3   -8.475444788421       -4.23       -2.71    3.7    1.75s
  4   -8.475445667787       -6.06       -3.82    3.6    1.52s
  5   -8.475445672073       -8.37       -4.55    3.5    1.72s
  6   -8.475445672116      -10.36       -5.61    3.0    1.35s
  7   -8.475445672117      -12.08       -6.46    3.7    1.96s
  8   -8.475445672117      -13.41       -7.32    3.8    1.54s
n     Energy            log10(ΔE)   log10(Δρ)   Diag   Δtime
---   ---------------   ---------   ---------   ----   ------
  1   -8.472526843849                   -0.97    7.1    2.58s
  2   -8.475383238905       -2.54       -1.75    2.3    1.18s
  3   -8.475444677878       -4.21       -2.72    3.7    1.86s
  4   -8.475445669415       -6.00       -3.81    3.6    1.55s
  5   -8.475445672069       -8.58       -4.55    3.5    1.78s
  6   -8.475445672114      -10.35       -5.59    3.0    1.33s
  7   -8.475445672116      -11.69       -6.27    4.0    2.00s
  8   -8.475445672117      -12.89       -7.36    3.7    1.56s
     3    -8.475446e+00     3.248070e-05
 * time: 117.12001514434814
n     Energy            log10(ΔE)   log10(Δρ)   Diag   Δtime
---   ---------------   ---------   ---------   ----   ------
  1   -8.472534550421                   -0.97    7.4    2.57s
  2   -8.475380999870       -2.55       -1.74    2.2    1.41s
  3   -8.475444688559       -4.20       -2.73    3.8    1.54s
  4   -8.475445676404       -6.01       -3.82    3.7    1.88s
  5   -8.475445678796       -8.62       -4.57    3.6    1.46s
  6   -8.475445678858      -10.21       -5.58    3.3    1.71s
  7   -8.475445678862      -11.42       -6.15    4.2    1.72s
  8   -8.475445678862      -12.53       -7.29    3.8    1.87s
n     Energy            log10(ΔE)   log10(Δρ)   Diag   Δtime
---   ---------------   ---------   ---------   ----   ------
  1   -8.472531417470                   -0.97    7.3    2.57s
  2   -8.475381856182       -2.55       -1.74    2.3    1.47s
  3   -8.475444729542       -4.20       -2.72    3.8    1.57s
  4   -8.475445676231       -6.02       -3.81    3.6    1.92s
  5   -8.475445678815       -8.59       -4.56    3.4    1.44s
  6   -8.475445678860      -10.35       -5.62    2.9    1.63s
  7   -8.475445678862      -11.77       -6.29    4.1    1.68s
  8   -8.475445678862      -12.83       -7.33    3.8    1.93s
     4    -8.475446e+00     1.151246e-07
 * time: 156.49609518051147
 * Status: success

 * Candidate solution
    Final objective value:     -8.475446e+00

 * Found with
    Algorithm:     L-BFGS

 * Convergence measures
    |x - x'|               = 4.14e-04 ≰ -1.0e+00
    |x - x'|/|x'|          = 4.05e-05 ≰ 0.0e+00
    |f(x) - f(x')|         = 6.75e-09 ≤ 1.0e-08
    |f(x) - f(x')|/|f(x')| = 7.96e-10 ≰ 0.0e+00
    |g(x)|                 = 1.15e-07 ≤ 1.0e-06

 * Work counters
    Seconds run:   156  (vs limit Inf)
    Iterations:    4
    f(x) calls:    5
    ∇f(x) calls:   5

Si: 224.645864 seconds (363.03 M allocations: 70.221 GiB, 8.39% gc time, 21.05% compilation time: <1% of which was recompilation)
n     Energy            log10(ΔE)   log10(Δρ)   Diag   Δtime
---   ---------------   ---------   ---------   ----   ------
  1   -62.05807784797                   -1.20    8.6    19.2s
  2   -62.06033292307       -2.65       -1.28    2.6    8.04s
  3   -62.06342598720       -2.51       -2.20    4.0    9.83s
  4   -62.06342327572   +   -5.57       -2.53    4.1    10.6s
  5   -62.06343330590       -5.00       -3.59    2.8    7.55s
  6   -62.06343332713       -7.67       -4.57    4.1    10.2s
  7   -62.06343332728       -9.83       -5.63    4.2    11.1s
  8   -62.06343332728      -11.62       -6.97    4.1    10.6s
  9   -62.06343332728      -13.45       -7.71    4.2    10.7s
Iter     Function value   Gradient norm 
     0    -6.206343e+01     1.540804e-02
 * time: 4.0531158447265625e-6
n     Energy            log10(ΔE)   log10(Δρ)   Diag   Δtime
---   ---------------   ---------   ---------   ----   ------
  1   -62.05834684086                   -1.20    8.2    16.1s
  2   -62.06059284561       -2.65       -1.28    2.5    7.34s
  3   -62.06366204127       -2.51       -2.21    4.0    10.3s
  4   -62.06365932695   +   -5.57       -2.53    4.0    10.2s
  5   -62.06366918329       -5.01       -3.60    2.6    7.34s
  6   -62.06366920319       -7.70       -4.61    4.1    10.4s
  7   -62.06366920333       -9.85       -5.66    4.1    10.7s
  8   -62.06366920333      -11.71       -6.99    4.0    10.3s
  9   -62.06366920333      -13.37       -7.72    4.2    11.1s
n     Energy            log10(ΔE)   log10(Δρ)   Diag   Δtime
---   ---------------   ---------   ---------   ----   ------
  1   -62.05834553838                   -1.20    8.2    16.5s
  2   -62.06058992815       -2.65       -1.28    2.6    7.46s
  3   -62.06366204558       -2.51       -2.21    3.9    10.2s
  4   -62.06365933040   +   -5.57       -2.53    4.2    10.4s
  5   -62.06366918308       -5.01       -3.60    2.8    7.47s
  6   -62.06366920320       -7.70       -4.63    4.2    10.6s
  7   -62.06366920333       -9.88       -5.71    4.2    10.8s
  8   -62.06366920333      -11.72       -6.94    4.0    10.4s
  9   -62.06366920333   +  -12.85       -7.76    4.3    11.0s
     1    -6.206367e+01     1.520856e-02
 * time: 220.23748517036438
n     Energy            log10(ΔE)   log10(Δρ)   Diag   Δtime
---   ---------------   ---------   ---------   ----   ------
  1   -62.06124237272                   -1.20    8.6    14.3s
  2   -62.06399067328       -2.56       -1.33    3.1    7.28s
  3   -62.06581491078       -2.74       -2.24    4.2    8.96s
  4   -62.06581947294       -5.34       -2.80    4.2    9.13s
  5   -62.06582171013       -5.65       -3.72    3.4    7.52s
  6   -62.06582171585       -8.24       -4.63    4.1    8.97s
  7   -62.06582171598       -9.92       -5.74    3.9    8.78s
  8   -62.06582171598      -12.11       -6.95    4.1    9.13s
  9   -62.06582171598      -14.15       -8.52    4.0    9.06s
n     Energy            log10(ΔE)   log10(Δρ)   Diag   Δtime
---   ---------------   ---------   ---------   ----   ------
  1   -62.06124047701                   -1.20    8.6    14.4s
  2   -62.06399090960       -2.56       -1.33    3.1    7.25s
  3   -62.06581495114       -2.74       -2.24    4.1    8.76s
  4   -62.06581947246       -5.34       -2.80    4.1    8.99s
  5   -62.06582171015       -5.65       -3.72    3.5    7.62s
  6   -62.06582171585       -8.24       -4.62    4.1    8.95s
  7   -62.06582171598       -9.89       -5.73    3.9    8.85s
  8   -62.06582171598      -12.18       -6.99    4.0    8.96s
  9   -62.06582171598      -13.55       -8.49    4.2    9.20s
     2    -6.206582e+01     1.922677e-02
 * time: 410.5355520248413
n     Energy            log10(ΔE)   log10(Δρ)   Diag   Δtime
---   ---------------   ---------   ---------   ----   ------
  1   -62.06472796528                   -1.22    8.9    16.1s
  2   -62.06707006705       -2.63       -1.32    2.9    7.40s
  3   -62.06930985405       -2.65       -2.25    4.2    9.48s
  4   -62.06930949381   +   -6.44       -2.63    4.3    10.0s
  5   -62.06931543249       -5.23       -3.66    3.3    7.79s
  6   -62.06931544314       -7.97       -4.66    4.2    9.59s
  7   -62.06931544325       -9.99       -5.93    4.3    10.1s
  8   -62.06931544325      -12.46       -7.29    4.2    9.88s
n     Energy            log10(ΔE)   log10(Δρ)   Diag   Δtime
---   ---------------   ---------   ---------   ----   ------
  1   -62.06472629164                   -1.22    8.8    15.9s
  2   -62.06707053375       -2.63       -1.32    2.9    7.23s
  3   -62.06930994146       -2.65       -2.25    4.0    9.18s
  4   -62.06930956064   +   -6.42       -2.63    4.2    9.51s
  5   -62.06931543276       -5.23       -3.66    3.4    7.76s
  6   -62.06931544314       -7.98       -4.66    4.2    9.51s
  7   -62.06931544325       -9.99       -5.92    4.3    9.75s
  8   -62.06931544325      -12.33       -7.24    4.3    9.79s
     3    -6.206932e+01     5.537684e-03
 * time: 598.7513341903687
n     Energy            log10(ΔE)   log10(Δρ)   Diag   Δtime
---   ---------------   ---------   ---------   ----   ------
  1   -62.06534888384                   -1.22    9.3    16.1s
  2   -62.06774083005       -2.62       -1.32    3.0    7.34s
  3   -62.06983391512       -2.68       -2.25    4.3    9.42s
  4   -62.06983430940       -6.40       -2.67    4.4    9.73s
  5   -62.06983923109       -5.31       -3.69    3.3    7.57s
  6   -62.06983923978       -8.06       -4.69    4.1    9.36s
  7   -62.06983923987      -10.07       -5.93    4.3    9.76s
  8   -62.06983923987      -12.43       -7.25    4.3    10.0s
n     Energy            log10(ΔE)   log10(Δρ)   Diag   Δtime
---   ---------------   ---------   ---------   ----   ------
  1   -62.06534691674                   -1.22    9.2    16.2s
  2   -62.06773709458       -2.62       -1.32    2.9    7.25s
  3   -62.06983381649       -2.68       -2.25    4.2    9.32s
  4   -62.06983433290       -6.29       -2.67    4.3    9.62s
  5   -62.06983923096       -5.31       -3.68    3.2    7.32s
  6   -62.06983923977       -8.05       -4.67    4.1    9.26s
  7   -62.06983923987      -10.02       -5.86    4.3    9.54s
  8   -62.06983923987      -12.25       -7.06    4.3    9.62s
     4    -6.206984e+01     1.488291e-03
 * time: 784.1283202171326
n     Energy            log10(ΔE)   log10(Δρ)   Diag   Δtime
---   ---------------   ---------   ---------   ----   ------
  1   -62.06539552118                   -1.21    8.3    14.8s
  2   -62.06782080507       -2.62       -1.32    2.9    7.20s
  3   -62.06986948852       -2.69       -2.25    4.1    9.03s
  4   -62.06987031652       -6.08       -2.68    4.2    9.38s
  5   -62.06987487161       -5.34       -3.69    3.2    7.33s
  6   -62.06987488009       -8.07       -4.68    4.1    9.19s
  7   -62.06987488018      -10.04       -5.96    4.2    9.57s
  8   -62.06987488018      -12.60       -7.21    4.3    9.74s
n     Energy            log10(ΔE)   log10(Δρ)   Diag   Δtime
---   ---------------   ---------   ---------   ----   ------
  1   -62.06540035862                   -1.21    8.3    15.1s
  2   -62.06781818475       -2.62       -1.32    2.9    7.24s
  3   -62.06986949000       -2.69       -2.25    4.2    9.29s
  4   -62.06987022662       -6.13       -2.68    4.2    9.47s
  5   -62.06987487142       -5.33       -3.68    3.3    7.37s
  6   -62.06987488007       -8.06       -4.64    4.1    9.50s
  7   -62.06987488018       -9.96       -5.94    4.2    9.53s
  8   -62.06987488018      -12.56       -7.02    4.3    9.75s
     5    -6.206987e+01     1.834882e-04
 * time: 965.3112180233002
n     Energy            log10(ΔE)   log10(Δρ)   Diag   Δtime
---   ---------------   ---------   ---------   ----   ------
  1   -62.06539107274                   -1.21    8.6    15.1s
  2   -62.06780888928       -2.62       -1.32    2.9    7.23s
  3   -62.06987003386       -2.69       -2.25    4.1    8.90s
  4   -62.06987075933       -6.14       -2.68    4.1    9.13s
  5   -62.06987539843       -5.33       -3.69    3.2    7.28s
  6   -62.06987540681       -8.08       -4.66    4.1    9.17s
  7   -62.06987540691      -10.00       -5.88    4.1    9.40s
  8   -62.06987540691      -12.45       -7.12    4.2    9.52s
n     Energy            log10(ΔE)   log10(Δρ)   Diag   Δtime
---   ---------------   ---------   ---------   ----   ------
  1   -62.06539431398                   -1.21    8.6    15.2s
  2   -62.06781057574       -2.62       -1.32    2.9    7.06s
  3   -62.06987003511       -2.69       -2.25    4.1    8.87s
  4   -62.06987079031       -6.12       -2.68    4.2    9.30s
  5   -62.06987539785       -5.34       -3.69    3.2    7.06s
  6   -62.06987540680       -8.05       -4.66    4.2    9.11s
  7   -62.06987540691       -9.99       -5.97    4.1    9.34s
  8   -62.06987540691      -12.70       -7.33    4.1    9.39s
     6    -6.206988e+01     5.186196e-06
 * time: 1143.9280271530151
n     Energy            log10(ΔE)   log10(Δρ)   Diag   Δtime
---   ---------------   ---------   ---------   ----   ------
  1   -62.06539305273                   -1.21    8.5    14.7s
  2   -62.06781101235       -2.62       -1.32    2.9    6.85s
  3   -62.06987000015       -2.69       -2.25    4.1    8.96s
  4   -62.06987066339       -6.18       -2.67    4.2    9.05s
  5   -62.06987539870       -5.32       -3.68    3.3    7.15s
  6   -62.06987540723       -8.07       -4.66    4.1    9.06s
  7   -62.06987540733      -10.01       -6.00    4.2    9.30s
  8   -62.06987540733      -12.60       -7.27    4.1    9.17s
n     Energy            log10(ΔE)   log10(Δρ)   Diag   Δtime
---   ---------------   ---------   ---------   ----   ------
  1   -62.06539480961                   -1.21    8.4    14.7s
  2   -62.06781321690       -2.62       -1.32    3.0    7.03s
  3   -62.06986995643       -2.69       -2.25    4.1    8.82s
  4   -62.06987068483       -6.14       -2.67    4.2    9.15s
  5   -62.06987539859       -5.33       -3.68    3.4    7.11s
  6   -62.06987540722       -8.06       -4.65    4.1    8.82s
  7   -62.06987540733       -9.97       -5.93    4.2    9.15s
  8   -62.06987540733      -12.49       -7.23    4.2    9.25s
     7    -6.206988e+01     1.275363e-08
 * time: 1318.4768171310425
 * Status: success

 * Candidate solution
    Final objective value:     -6.206988e+01

 * Found with
    Algorithm:     L-BFGS

 * Convergence measures
    |x - x'|               = 1.63e-04 ≰ -1.0e+00
    |x - x'|/|x'|          = 1.62e-05 ≰ 0.0e+00
    |f(x) - f(x')|         = 4.23e-10 ≤ 1.0e-08
    |f(x) - f(x')|/|f(x')| = 6.82e-12 ≰ 0.0e+00
    |g(x)|                 = 1.28e-08 ≤ 1.0e-06

 * Work counters
    Seconds run:   1318  (vs limit Inf)
    Iterations:    7
    f(x) calls:    8
    ∇f(x) calls:   8

NaCl: 1441.228194 seconds (1.38 G allocations: 394.577 GiB, 5.22% gc time, 0.24% compilation time)
n     Energy            log10(ΔE)   log10(Δρ)   Diag   Δtime
---   ---------------   ---------   ---------   ----   ------
  1   -2.323821454106                   -1.50    5.5    1.67s
  2   -2.323976541740       -3.81       -1.90    1.3    777ms
  3   -2.324009639115       -4.48       -3.10    3.4    1.49s
  4   -2.324009941734       -6.52       -3.47    3.7    1.62s
  5   -2.324009961014       -7.71       -3.87    1.9    833ms
  6   -2.324009965493       -8.35       -5.02    2.8    1.04s
  7   -2.324009965568      -10.12       -5.73    3.8    1.55s
  8   -2.324009965569      -12.00       -6.23    3.1    1.13s
  9   -2.324009965569      -13.07       -6.86    2.9    1.33s
 10   -2.324009965569      -14.10       -7.91    3.2    1.17s
Iter     Function value   Gradient norm 
     0    -2.324010e+00     1.577815e-03
 * time: 4.0531158447265625e-6
n     Energy            log10(ΔE)   log10(Δρ)   Diag   Δtime
---   ---------------   ---------   ---------   ----   ------
  1   -2.323823409680                   -1.50    5.9    2.02s
  2   -2.323978648592       -3.81       -1.90    1.5    1.06s
  3   -2.324012049292       -4.48       -3.11    3.7    1.37s
  4   -2.324012374005       -6.49       -3.48    3.9    1.64s
  5   -2.324012392174       -7.74       -3.87    2.1    898ms
  6   -2.324012396697       -8.34       -5.04    2.9    1.34s
  7   -2.324012396766      -10.16       -5.66    3.9    1.38s
  8   -2.324012396767      -12.00       -6.25    2.9    1.37s
  9   -2.324012396768      -13.10       -6.89    2.9    1.10s
 10   -2.324012396768      -14.12       -7.75    3.3    1.48s
n     Energy            log10(ΔE)   log10(Δρ)   Diag   Δtime
---   ---------------   ---------   ---------   ----   ------
  1   -2.323825345125                   -1.50    5.8    2.05s
  2   -2.323980291362       -3.81       -1.90    1.5    770ms
  3   -2.324012044162       -4.50       -3.11    3.5    1.50s
  4   -2.324012373813       -6.48       -3.48    3.9    1.34s
  5   -2.324012391840       -7.74       -3.85    2.2    1.11s
  6   -2.324012396684       -8.31       -5.04    2.9    1.06s
  7   -2.324012396767      -10.08       -5.78    3.9    1.62s
  8   -2.324012396767      -12.14       -6.25    3.1    1.14s
  9   -2.324012396768      -13.09       -6.88    2.8    1.34s
 10   -2.324012396768      -14.03       -7.83    3.4    1.22s
     1    -2.324012e+00     1.503940e-03
 * time: 54.796863079071045
n     Energy            log10(ΔE)   log10(Δρ)   Diag   Δtime
---   ---------------   ---------   ---------   ----   ------
  1   -2.323842155495                   -1.50    5.5    1.95s
  2   -2.324002628394       -3.79       -1.90    1.3    984ms
  3   -2.324036550182       -4.47       -3.12    3.5    1.26s
  4   -2.324036861669       -6.51       -3.51    3.8    1.61s
  5   -2.324036878411       -7.78       -3.93    2.0    849ms
  6   -2.324036882092       -8.43       -5.07    2.8    1.29s
  7   -2.324036882158      -10.18       -5.72    3.8    1.37s
  8   -2.324036882159      -11.76       -6.15    2.9    1.44s
  9   -2.324036882160      -12.89       -6.80    2.6    1.03s
 10   -2.324036882160      -13.99       -7.51    3.0    1.40s
n     Energy            log10(ΔE)   log10(Δρ)   Diag   Δtime
---   ---------------   ---------   ---------   ----   ------
  1   -2.323842801571                   -1.50    5.4    1.93s
  2   -2.324002756605       -3.80       -1.90    1.3    703ms
  3   -2.324036479318       -4.47       -3.12    3.5    1.49s
  4   -2.324036861603       -6.42       -3.50    3.7    1.30s
  5   -2.324036878291       -7.78       -3.92    2.0    1.07s
  6   -2.324036882095       -8.42       -5.08    2.9    1.05s
  7   -2.324036882157      -10.20       -5.73    3.7    1.58s
  8   -2.324036882159      -11.71       -6.17    3.0    1.12s
  9   -2.324036882160      -12.89       -6.81    2.6    1.32s
 10   -2.324036882160      -14.10       -7.54    2.9    1.08s
     2    -2.324037e+00     3.025997e-05
 * time: 109.23568105697632
n     Energy            log10(ΔE)   log10(Δρ)   Diag   Δtime
---   ---------------   ---------   ---------   ----   ------
  1   -2.323844864896                   -1.50    5.6    1.95s
  2   -2.324003264457       -3.80       -1.90    1.4    992ms
  3   -2.324036494415       -4.48       -3.12    3.4    1.23s
  4   -2.324036872072       -6.42       -3.51    3.8    1.60s
  5   -2.324036888389       -7.79       -3.91    2.0    844ms
  6   -2.324036892266       -8.41       -5.08    2.7    1.31s
  7   -2.324036892332      -10.18       -5.74    3.7    1.35s
  8   -2.324036892334      -11.73       -6.17    3.0    1.39s
  9   -2.324036892334      -12.90       -6.80    2.6    1.04s
 10   -2.324036892334      -14.05       -7.51    2.9    1.14s
n     Energy            log10(ΔE)   log10(Δρ)   Diag   Δtime
---   ---------------   ---------   ---------   ----   ------
  1   -2.323842983124                   -1.50    5.5    2.01s
  2   -2.324002642283       -3.80       -1.90    1.4    741ms
  3   -2.324036517421       -4.47       -3.12    3.6    1.55s
  4   -2.324036872061       -6.45       -3.51    3.8    1.38s
  5   -2.324036888489       -7.78       -3.92    1.9    1.12s
  6   -2.324036892269       -8.42       -5.09    2.8    1.08s
  7   -2.324036892332      -10.20       -5.75    3.7    1.62s
  8   -2.324036892334      -11.73       -6.18    2.9    1.11s
  9   -2.324036892334      -12.92       -6.83    2.6    1.34s
 10   -2.324036892334      -14.10       -7.54    2.8    1.10s
     3    -2.324037e+00     6.002315e-07
 * time: 164.34932613372803
 * Status: success

 * Candidate solution
    Final objective value:     -2.324037e+00

 * Found with
    Algorithm:     L-BFGS

 * Convergence measures
    |x - x'|               = 6.60e-04 ≰ -1.0e+00
    |x - x'|/|x'|          = 8.59e-05 ≰ 0.0e+00
    |f(x) - f(x')|         = 1.02e-08 ≰ 1.0e-08
    |f(x) - f(x')|/|f(x')| = 4.38e-09 ≰ 0.0e+00
    |g(x)|                 = 6.00e-07 ≤ 1.0e-06

 * Work counters
    Seconds run:   164  (vs limit Inf)
    Iterations:    3
    f(x) calls:    4
    ∇f(x) calls:   4

Al: 196.456001 seconds (171.04 M allocations: 41.254 GiB, 6.59% gc time, 0.00% compilation time)
n     Energy            log10(ΔE)   log10(Δρ)   Diag   Δtime
---   ---------------   ---------   ---------   ----   ------
  1   -73.76749858278                   -0.78    9.7    9.52s
  2   -73.78454182772       -1.77       -0.98    5.2    5.40s
  3   -73.79345208629       -2.05       -1.29    6.7    7.06s
  4   -73.79522848759       -2.75       -1.65    5.8    5.85s
  5   -73.79553251862       -3.52       -2.54    5.3    5.50s
  6   -73.79553445455       -5.71       -3.16    5.5    5.95s
  7   -73.79553448098       -7.58       -3.60    5.0    5.51s
  8   -73.79553447750   +   -8.46       -3.96    3.2    4.36s
  9   -73.79553447911       -8.79       -4.50    5.6    5.62s
 10   -73.79553447981       -9.16       -4.74    4.9    5.19s
 11   -73.79553448001       -9.69       -5.50    4.9    5.23s
 12   -73.79553448002      -12.70       -6.07    5.4    5.75s
 13   -73.79553448002      -11.91       -6.65    5.2    5.85s
 14   -73.79553448002   +  -12.73       -6.83    5.0    5.50s
 15   -73.79553448002   +  -12.81       -7.79    5.2    5.16s
Iter     Function value   Gradient norm 
     0    -7.379553e+01     3.858635e-02
 * time: 4.0531158447265625e-6
n     Energy            log10(ΔE)   log10(Δρ)   Diag   Δtime
---   ---------------   ---------   ---------   ----   ------
  1   -73.76995924460                   -0.79    9.8    9.53s
  2   -73.78631772363       -1.79       -0.99    5.0    5.39s
  3   -73.79492202253       -2.07       -1.30    6.6    6.92s
  4   -73.79664660189       -2.76       -1.67    5.8    5.81s
  5   -73.79692031948       -3.56       -2.58    5.3    5.51s
  6   -73.79692150994       -5.92       -3.17    5.5    6.32s
  7   -73.79692157982       -7.16       -3.65    4.9    5.42s
  8   -73.79692158020       -9.41       -4.03    4.6    5.02s
  9   -73.79692158072       -9.29       -4.58    5.4    5.49s
 10   -73.79692158103       -9.52       -4.83    4.4    4.91s
 11   -73.79692158122       -9.71       -5.81    5.2    5.23s
 12   -73.79692158122      -12.43       -6.20    5.0    5.31s
 13   -73.79692158122      -12.77       -7.02    4.2    4.78s
n     Energy            log10(ΔE)   log10(Δρ)   Diag   Δtime
---   ---------------   ---------   ---------   ----   ------
  1   -73.76996711249                   -0.79    9.9    9.38s
  2   -73.78633466643       -1.79       -0.99    5.1    5.40s
  3   -73.79492007253       -2.07       -1.30    6.6    6.86s
  4   -73.79664641952       -2.76       -1.67    5.9    5.88s
  5   -73.79692032763       -3.56       -2.58    5.3    5.47s
  6   -73.79692150382       -5.93       -3.17    5.5    6.03s
  7   -73.79692157983       -7.12       -3.66    5.0    5.48s
  8   -73.79692158006       -9.64       -4.03    4.5    4.90s
  9   -73.79692158071       -9.19       -4.57    5.5    5.51s
 10   -73.79692158102       -9.50       -4.83    4.5    4.96s
 11   -73.79692158122       -9.70       -5.84    5.1    5.29s
 12   -73.79692158122   +  -13.55       -6.19    4.7    5.20s
 13   -73.79692158122      -12.64       -6.95    4.4    4.83s
 14   -73.79692158122      -12.85       -7.33    5.1    5.46s
     1    -7.379692e+01     3.325575e-02
 * time: 215.35003995895386
n     Energy            log10(ΔE)   log10(Δρ)   Diag   Δtime
---   ---------------   ---------   ---------   ----   ------
  1   -73.77843979254                   -0.81    9.5    11.5s
  2   -73.79188369435       -1.87       -1.01    4.8    6.50s
  3   -73.79901006476       -2.15       -1.37    6.4    8.44s
  4   -73.80018634680       -2.93       -1.81    5.6    7.20s
  5   -73.80031342014       -3.90       -2.75    5.1    6.86s
  6   -73.80031415929       -6.13       -3.36    5.2    7.34s
  7   -73.80031414108   +   -7.74       -3.67    5.2    7.02s
  8   -73.80031416711       -7.58       -4.48    5.0    6.65s
  9   -73.80031416714      -10.55       -5.29    5.1    6.84s
 10   -73.80031416715      -10.87       -5.85    5.1    7.00s
 11   -73.80031416715   +  -13.85       -6.49    4.6    6.15s
 12   -73.80031416715      -13.55       -7.16    4.9    6.55s
n     Energy            log10(ΔE)   log10(Δρ)   Diag   Δtime
---   ---------------   ---------   ---------   ----   ------
  1   -73.77843191979                   -0.81    9.5    11.0s
  2   -73.79188522784       -1.87       -1.01    4.7    6.49s
  3   -73.79901066987       -2.15       -1.37    6.4    8.62s
  4   -73.80018587072       -2.93       -1.81    5.6    7.13s
  5   -73.80031336916       -3.89       -2.75    5.1    6.81s
  6   -73.80031415841       -6.10       -3.36    5.3    7.30s
  7   -73.80031414347   +   -7.83       -3.69    5.2    7.15s
  8   -73.80031416711       -7.63       -4.47    5.0    6.88s
  9   -73.80031416713      -10.87       -5.24    5.1    7.02s
 10   -73.80031416715      -10.59       -5.87    5.2    7.23s
 11   -73.80031416715   +  -12.89       -6.50    4.4    6.20s
 12   -73.80031416715      -13.37       -7.15    4.7    6.39s
     2    -7.380031e+01     7.430585e-03
 * time: 450.139986038208
n     Energy            log10(ΔE)   log10(Δρ)   Diag   Δtime
---   ---------------   ---------   ---------   ----   ------
  1   -73.77762653587                   -0.80    9.5    11.3s
  2   -73.79156244361       -1.86       -1.01    4.9    6.51s
  3   -73.79898913757       -2.13       -1.35    6.3    8.28s
  4   -73.80031384857       -2.88       -1.78    5.6    7.12s
  5   -73.80044918879       -3.87       -2.65    5.0    6.74s
  6   -73.80045149961       -5.64       -3.26    5.0    7.15s
  7   -73.80045147581   +   -7.62       -3.53    5.3    7.14s
  8   -73.80045154797       -7.14       -4.65    5.2    6.77s
  9   -73.80045154801      -10.50       -5.25    5.3    7.27s
 10   -73.80045154802      -10.76       -6.08    5.0    6.68s
 11   -73.80045154802   +  -11.79       -6.81    4.7    6.45s
 12   -73.80045154802   +  -12.18       -7.50    5.4    6.94s
n     Energy            log10(ΔE)   log10(Δρ)   Diag   Δtime
---   ---------------   ---------   ---------   ----   ------
  1   -73.77763112431                   -0.80    9.5    11.0s
  2   -73.79155314267       -1.86       -1.01    4.9    6.46s
  3   -73.79899040180       -2.13       -1.35    6.4    8.21s
  4   -73.80031344620       -2.88       -1.78    5.6    6.93s
  5   -73.80044916638       -3.87       -2.65    5.0    6.65s
  6   -73.80045150248       -5.63       -3.26    5.1    7.09s
  7   -73.80045148049   +   -7.66       -3.54    5.4    7.15s
  8   -73.80045154798       -7.17       -4.64    5.1    6.80s
  9   -73.80045154802      -10.42       -5.27    5.2    7.23s
 10   -73.80045154802      -11.13       -6.07    4.7    6.67s
 11   -73.80045154802   +  -11.98       -6.77    4.4    6.44s
 12   -73.80045154802   +  -12.11       -7.36    5.3    7.09s
     3    -7.380045e+01     1.091263e-03
 * time: 683.4559049606323
n     Energy            log10(ΔE)   log10(Δρ)   Diag   Δtime
---   ---------------   ---------   ---------   ----   ------
  1   -73.77776372650                   -0.80    9.5    11.3s
  2   -73.79161968578       -1.86       -1.01    4.8    6.32s
  3   -73.79901064646       -2.13       -1.35    6.4    8.21s
  4   -73.80031923125       -2.88       -1.79    5.6    7.12s
  5   -73.80045249553       -3.88       -2.66    5.1    6.81s
  6   -73.80045466893       -5.66       -3.27    5.0    7.13s
  7   -73.80045463784   +   -7.51       -3.54    5.4    7.22s
  8   -73.80045470526       -7.17       -4.62    5.1    6.82s
  9   -73.80045470531      -10.32       -5.38    5.1    7.22s
 10   -73.80045470531      -12.03       -6.06    3.9    6.04s
 11   -73.80045470531   +  -12.94       -6.79    3.4    5.51s
 12   -73.80045470531   +  -12.59       -7.51    5.1    6.98s
n     Energy            log10(ΔE)   log10(Δρ)   Diag   Δtime
---   ---------------   ---------   ---------   ----   ------
  1   -73.77777504782                   -0.80    9.6    11.0s
  2   -73.79161529546       -1.86       -1.01    4.8    6.62s
  3   -73.79900961740       -2.13       -1.35    6.4    8.18s
  4   -73.80031939507       -2.88       -1.79    5.6    6.98s
  5   -73.80045252190       -3.88       -2.66    5.0    6.48s
  6   -73.80045466977       -5.67       -3.27    5.1    7.01s
  7   -73.80045464099   +   -7.54       -3.55    5.3    6.97s
  8   -73.80045470526       -7.19       -4.62    5.1    6.64s
  9   -73.80045470531      -10.30       -5.37    5.0    6.96s
 10   -73.80045470531      -12.50       -6.06    4.6    6.51s
 11   -73.80045470531   +  -12.77       -6.79    4.0    6.01s
 12   -73.80045470531   +  -12.55       -7.37    5.1    6.97s
     4    -7.380045e+01     2.925569e-05
 * time: 914.2656810283661
n     Energy            log10(ΔE)   log10(Δρ)   Diag   Δtime
---   ---------------   ---------   ---------   ----   ------
  1   -73.77776808966                   -0.80    9.6    11.5s
  2   -73.79161910336       -1.86       -1.01    4.8    6.54s
  3   -73.79901152235       -2.13       -1.35    6.5    8.21s
  4   -73.80031894634       -2.88       -1.79    5.8    7.02s
  5   -73.80045253955       -3.87       -2.66    5.0    6.68s
  6   -73.80045467343       -5.67       -3.27    5.2    7.20s
  7   -73.80045464229   +   -7.51       -3.55    5.4    7.14s
  8   -73.80045470746       -7.19       -4.62    5.1    6.83s
  9   -73.80045470751      -10.32       -5.38    5.1    7.06s
 10   -73.80045470751      -12.45       -6.05    4.3    6.30s
 11   -73.80045470751   +  -12.67       -6.81    4.3    6.36s
 12   -73.80045470751   +  -12.70       -7.31    5.0    7.07s
n     Energy            log10(ΔE)   log10(Δρ)   Diag   Δtime
---   ---------------   ---------   ---------   ----   ------
  1   -73.77777852916                   -0.80    9.7    11.5s
  2   -73.79160571667       -1.86       -1.01    4.8    6.50s
  3   -73.79901227285       -2.13       -1.35    6.4    8.37s
  4   -73.80031878273       -2.88       -1.78    5.7    7.11s
  5   -73.80045263235       -3.87       -2.67    5.0    6.48s
  6   -73.80045467149       -5.69       -3.27    5.1    6.94s
  7   -73.80045464194   +   -7.53       -3.54    5.3    7.05s
  8   -73.80045470746       -7.18       -4.62    5.1    6.65s
  9   -73.80045470751      -10.31       -5.40    5.1    6.96s
 10   -73.80045470751      -12.19       -6.06    4.0    5.86s
 11   -73.80045470751   +  -13.15       -6.77    3.3    5.40s
 12   -73.80045470751   +  -12.55       -7.41    5.1    7.07s
     5    -7.380045e+01     1.212716e-07
 * time: 1145.908714056015
┌ Info: Threading setup: 
│   Threads.nthreads() = 1
│   n_DFTK = 1
│   n_fft = 1
└   n_blas = 1
┌ Info: 2025-05-15T14:59:24.244
│   name = "Si"
│   Ecut = 18.0
│   kgrid = MonkhorstPack([14, 14, 14])
│   p0 = ComponentVector{Float64}(a = 10.347246312603742)
│   temperature = 0.001
└   smearing = DFTK.Smearing.Gaussian()
┌ Info: 2025-05-15T15:03:09.468
│   name = "NaCl"
│   Ecut = 44.0
│   kgrid = MonkhorstPack([13, 13, 13])
│   p0 = ComponentVector{Float64}(a = 10.746130571470083)
│   temperature = 0
└   smearing = DFTK.Smearing.None()
┌ Info: 2025-05-15T15:27:10.730
│   name = "Al"
│   Ecut = 20.0
│   kgrid = MonkhorstPack([18, 18, 18])
│   p0 = ComponentVector{Float64}(a = 7.641925528121933)
│   temperature = 0.001
└   smearing = DFTK.Smearing.Gaussian()
┌ Info: 2025-05-15T15:30:27.216
│   name = "V"
│   Ecut = 42.0
│   kgrid = MonkhorstPack([20, 20, 20])
│   p0 = ComponentVector{Float64}(a = 5.699267600684394)
│   temperature = 0.001
└   smearing = DFTK.Smearing.Gaussian()
┌ Warning: Negative ρcore detected: -3.4151886922104144e-8
└ @ DFTK ~/.julia/packages/DFTK/n2IL4/src/terms/xc.jl:39
┌ Warning: Negative ρcore detected: Dual{ForwardDiff.Tag{var"#19#21"{@NamedTuple{ham::Hamiltonian, basis::PlaneWaveBasis{Float64, Float64, DFTK.CPU, FFTGrid{Float64, Float64, Array{StaticArraysCore.SVector{3, Int64}, 3}, Array{StaticArraysCore.SVector{3, Float64}, 3}}, Vector{StaticArraysCore.SVector{3, Int64}}}, energies::Energies{Float64}, converged::Bool, occupation_threshold::Float64, ρ::Array{Float64, 4}, τ::Nothing, α::Float64, eigenvalues::Vector{Vector{Float64}}, occupation::Vector{Vector{Float64}}, εF::Float64, n_bands_converge::Int64, n_iter::Int64, n_matvec::Int64, ψ::Vector{Matrix{ComplexF64}}, diagonalization::Vector{@NamedTuple{λ::Vector{Vector{Float64}}, X::Vector{Matrix{ComplexF64}}, residual_norms::Vector{Vector{Float64}}, n_iter::Vector{Int64}, converged::Bool, n_matvec::Int64}}, stage::Symbol, history_Δρ::Vector{Float64}, history_Etot::Vector{Float64}, timedout::Bool, runtime_ns::UInt64, algorithm::String}, Model{Float64, Float64}, Float64, MonkhorstPack, var"#case#4"{Matrix{Float64}, Float64, MonkhorstPack, Vector{StaticArraysCore.SVector{3, Float64}}, Vector{ElementPsp{PspUpf{Float64, Interpolations.Extrapolation{Float64, 1, Interpolations.GriddedInterpolation{Float64, 1, Vector{Float64}, Interpolations.Gridded{Interpolations.Linear{Interpolations.Throw{Interpolations.OnGrid}}}, Tuple{Vector{Float64}}}, Interpolations.Gridded{Interpolations.Linear{Interpolations.Throw{Interpolations.OnGrid}}}, Interpolations.Throw{Nothing}}}}}, Float64, Float64, String}}, Float64}}(-3.4151886922104144e-8,-1.2413273474001241e-8)
└ @ DFTK ~/.julia/packages/DFTK/n2IL4/src/terms/xc.jl:39
┌ Warning: Negative ρcore detected: -3.1351549306847803e-8
└ @ DFTK ~/.julia/packages/DFTK/n2IL4/src/terms/xc.jl:39
┌ Warning: Negative ρcore detected: -3.1351549306847803e-8
└ @ DFTK ~/.julia/packages/DFTK/n2IL4/src/terms/xc.jl:39
┌ Warning: Negative ρcore detected: Dual{ForwardDiff.Tag{var"#19#21"{@NamedTuple{ham::Hamiltonian, basis::PlaneWaveBasis{Float64, Float64, DFTK.CPU, FFTGrid{Float64, Float64, Array{StaticArraysCore.SVector{3, Int64}, 3}, Array{StaticArraysCore.SVector{3, Float64}, 3}}, Vector{StaticArraysCore.SVector{3, Int64}}}, energies::Energies{Float64}, converged::Bool, occupation_threshold::Float64, ρ::Array{Float64, 4}, τ::Nothing, α::Float64, eigenvalues::Vector{Vector{Float64}}, occupation::Vector{Vector{Float64}}, εF::Float64, n_bands_converge::Int64, n_iter::Int64, n_matvec::Int64, ψ::Vector{Matrix{ComplexF64}}, diagonalization::Vector{@NamedTuple{λ::Vector{Vector{Float64}}, X::Vector{Matrix{ComplexF64}}, residual_norms::Vector{Vector{Float64}}, n_iter::Vector{Int64}, converged::Bool, n_matvec::Int64}}, stage::Symbol, history_Δρ::Vector{Float64}, history_Etot::Vector{Float64}, timedout::Bool, runtime_ns::UInt64, algorithm::String}, Model{Float64, Float64}, Float64, MonkhorstPack, var"#case#4"{Matrix{Float64}, Float64, MonkhorstPack, Vector{StaticArraysCore.SVector{3, Float64}}, Vector{ElementPsp{PspUpf{Float64, Interpolations.Extrapolation{Float64, 1, Interpolations.GriddedInterpolation{Float64, 1, Vector{Float64}, Interpolations.Gridded{Interpolations.Linear{Interpolations.Throw{Interpolations.OnGrid}}}, Tuple{Vector{Float64}}}, Interpolations.Gridded{Interpolations.Linear{Interpolations.Throw{Interpolations.OnGrid}}}, Interpolations.Throw{Nothing}}}}}, Float64, Float64, String}}, Float64}}(-3.1351549306847803e-8,2.7451440937226832e-8)
└ @ DFTK ~/.julia/packages/DFTK/n2IL4/src/terms/xc.jl:39
┌ Warning: Negative ρcore detected: -3.893618173429918e-8
└ @ DFTK ~/.julia/packages/DFTK/n2IL4/src/terms/xc.jl:39
┌ Warning: Negative ρcore detected: -3.893618173429918e-8
└ @ DFTK ~/.julia/packages/DFTK/n2IL4/src/terms/xc.jl:39
┌ Warning: Negative ρcore detected: Dual{ForwardDiff.Tag{var"#19#21"{@NamedTuple{ham::Hamiltonian, basis::PlaneWaveBasis{Float64, Float64, DFTK.CPU, FFTGrid{Float64, Float64, Array{StaticArraysCore.SVector{3, Int64}, 3}, Array{StaticArraysCore.SVector{3, Float64}, 3}}, Vector{StaticArraysCore.SVector{3, Int64}}}, energies::Energies{Float64}, converged::Bool, occupation_threshold::Float64, ρ::Array{Float64, 4}, τ::Nothing, α::Float64, eigenvalues::Vector{Vector{Float64}}, occupation::Vector{Vector{Float64}}, εF::Float64, n_bands_converge::Int64, n_iter::Int64, n_matvec::Int64, ψ::Vector{Matrix{ComplexF64}}, diagonalization::Vector{@NamedTuple{λ::Vector{Vector{Float64}}, X::Vector{Matrix{ComplexF64}}, residual_norms::Vector{Vector{Float64}}, n_iter::Vector{Int64}, converged::Bool, n_matvec::Int64}}, stage::Symbol, history_Δρ::Vector{Float64}, history_Etot::Vector{Float64}, timedout::Bool, runtime_ns::UInt64, algorithm::String}, Model{Float64, Float64}, Float64, MonkhorstPack, var"#case#4"{Matrix{Float64}, Float64, MonkhorstPack, Vector{StaticArraysCore.SVector{3, Float64}}, Vector{ElementPsp{PspUpf{Float64, Interpolations.Extrapolation{Float64, 1, Interpolations.GriddedInterpolation{Float64, 1, Vector{Float64}, Interpolations.Gridded{Interpolations.Linear{Interpolations.Throw{Interpolations.OnGrid}}}, Tuple{Vector{Float64}}}, Interpolations.Gridded{Interpolations.Linear{Interpolations.Throw{Interpolations.OnGrid}}}, Interpolations.Throw{Nothing}}}}}, Float64, Float64, String}}, Float64}}(-3.893618173429918e-8,-6.183396210093167e-8)
└ @ DFTK ~/.julia/packages/DFTK/n2IL4/src/terms/xc.jl:39
┌ Warning: Negative ρcore detected: -3.8215369182836254e-8
└ @ DFTK ~/.julia/packages/DFTK/n2IL4/src/terms/xc.jl:39
┌ Warning: Negative ρcore detected: -3.8215369182836254e-8
└ @ DFTK ~/.julia/packages/DFTK/n2IL4/src/terms/xc.jl:39
┌ Warning: Negative ρcore detected: Dual{ForwardDiff.Tag{var"#19#21"{@NamedTuple{ham::Hamiltonian, basis::PlaneWaveBasis{Float64, Float64, DFTK.CPU, FFTGrid{Float64, Float64, Array{StaticArraysCore.SVector{3, Int64}, 3}, Array{StaticArraysCore.SVector{3, Float64}, 3}}, Vector{StaticArraysCore.SVector{3, Int64}}}, energies::Energies{Float64}, converged::Bool, occupation_threshold::Float64, ρ::Array{Float64, 4}, τ::Nothing, α::Float64, eigenvalues::Vector{Vector{Float64}}, occupation::Vector{Vector{Float64}}, εF::Float64, n_bands_converge::Int64, n_iter::Int64, n_matvec::Int64, ψ::Vector{Matrix{ComplexF64}}, diagonalization::Vector{@NamedTuple{λ::Vector{Vector{Float64}}, X::Vector{Matrix{ComplexF64}}, residual_norms::Vector{Vector{Float64}}, n_iter::Vector{Int64}, converged::Bool, n_matvec::Int64}}, stage::Symbol, history_Δρ::Vector{Float64}, history_Etot::Vector{Float64}, timedout::Bool, runtime_ns::UInt64, algorithm::String}, Model{Float64, Float64}, Float64, MonkhorstPack, var"#case#4"{Matrix{Float64}, Float64, MonkhorstPack, Vector{StaticArraysCore.SVector{3, Float64}}, Vector{ElementPsp{PspUpf{Float64, Interpolations.Extrapolation{Float64, 1, Interpolations.GriddedInterpolation{Float64, 1, Vector{Float64}, Interpolations.Gridded{Interpolations.Linear{Interpolations.Throw{Interpolations.OnGrid}}}, Tuple{Vector{Float64}}}, Interpolations.Gridded{Interpolations.Linear{Interpolations.Throw{Interpolations.OnGrid}}}, Interpolations.Throw{Nothing}}}}}, Float64, Float64, String}}, Float64}}(-3.8215369182836254e-8,-7.08292723615916e-8)
└ @ DFTK ~/.julia/packages/DFTK/n2IL4/src/terms/xc.jl:39
┌ Warning: Negative ρcore detected: -3.773112964669892e-8
└ @ DFTK ~/.julia/packages/DFTK/n2IL4/src/terms/xc.jl:39
┌ Warning: Negative ρcore detected: -3.773112964669892e-8
└ @ DFTK ~/.julia/packages/DFTK/n2IL4/src/terms/xc.jl:39
┌ Warning: Negative ρcore detected: Dual{ForwardDiff.Tag{var"#19#21"{@NamedTuple{ham::Hamiltonian, basis::PlaneWaveBasis{Float64, Float64, DFTK.CPU, FFTGrid{Float64, Float64, Array{StaticArraysCore.SVector{3, Int64}, 3}, Array{StaticArraysCore.SVector{3, Float64}, 3}}, Vector{StaticArraysCore.SVector{3, Int64}}}, energies::Energies{Float64}, converged::Bool, occupation_threshold::Float64, ρ::Array{Float64, 4}, τ::Nothing, α::Float64, eigenvalues::Vector{Vector{Float64}}, occupation::Vector{Vector{Float64}}, εF::Float64, n_bands_converge::Int64, n_iter::Int64, n_matvec::Int64, ψ::Vector{Matrix{ComplexF64}}, diagonalization::Vector{@NamedTuple{λ::Vector{Vector{Float64}}, X::Vector{Matrix{ComplexF64}}, residual_norms::Vector{Vector{Float64}}, n_iter::Vector{Int64}, converged::Bool, n_matvec::Int64}}, stage::Symbol, history_Δρ::Vector{Float64}, history_Etot::Vector{Float64}, timedout::Bool, runtime_ns::UInt64, algorithm::String}, Model{Float64, Float64}, Float64, MonkhorstPack, var"#case#4"{Matrix{Float64}, Float64, MonkhorstPack, Vector{StaticArraysCore.SVector{3, Float64}}, Vector{ElementPsp{PspUpf{Float64, Interpolations.Extrapolation{Float64, 1, Interpolations.GriddedInterpolation{Float64, 1, Vector{Float64}, Interpolations.Gridded{Interpolations.Linear{Interpolations.Throw{Interpolations.OnGrid}}}, Tuple{Vector{Float64}}}, Interpolations.Gridded{Interpolations.Linear{Interpolations.Throw{Interpolations.OnGrid}}}, Interpolations.Throw{Nothing}}}}}, Float64, Float64, String}}, Float64}}(-3.773112964669892e-8,-1.0138386909928064e-7)
└ @ DFTK ~/.julia/packages/DFTK/n2IL4/src/terms/xc.jl:39
┌ Warning: Negative ρcore detected: -3.7715339917506594e-8
└ @ DFTK ~/.julia/packages/DFTK/n2IL4/src/terms/xc.jl:39
┌ Warning: Negative ρcore detected: -3.7715339917506594e-8
└ @ DFTK ~/.julia/packages/DFTK/n2IL4/src/terms/xc.jl:39
┌ Warning: Negative ρcore detected: Dual{ForwardDiff.Tag{var"#19#21"{@NamedTuple{ham::Hamiltonian, basis::PlaneWaveBasis{Float64, Float64, DFTK.CPU, FFTGrid{Float64, Float64, Array{StaticArraysCore.SVector{3, Int64}, 3}, Array{StaticArraysCore.SVector{3, Float64}, 3}}, Vector{StaticArraysCore.SVector{3, Int64}}}, energies::Energies{Float64}, converged::Bool, occupation_threshold::Float64, ρ::Array{Float64, 4}, τ::Nothing, α::Float64, eigenvalues::Vector{Vector{Float64}}, occupation::Vector{Vector{Float64}}, εF::Float64, n_bands_converge::Int64, n_iter::Int64, n_matvec::Int64, ψ::Vector{Matrix{ComplexF64}}, diagonalization::Vector{@NamedTuple{λ::Vector{Vector{Float64}}, X::Vector{Matrix{ComplexF64}}, residual_norms::Vector{Vector{Float64}}, n_iter::Vector{Int64}, converged::Bool, n_matvec::Int64}}, stage::Symbol, history_Δρ::Vector{Float64}, history_Etot::Vector{Float64}, timedout::Bool, runtime_ns::UInt64, algorithm::String}, Model{Float64, Float64}, Float64, MonkhorstPack, var"#case#4"{Matrix{Float64}, Float64, MonkhorstPack, Vector{StaticArraysCore.SVector{3, Float64}}, Vector{ElementPsp{PspUpf{Float64, Interpolations.Extrapolation{Float64, 1, Interpolations.GriddedInterpolation{Float64, 1, Vector{Float64}, Interpolations.Gridded{Interpolations.Linear{Interpolations.Throw{Interpolations.OnGrid}}}, Tuple{Vector{Float64}}}, Interpolations.Gridded{Interpolations.Linear{Interpolations.Throw{Interpolations.OnGrid}}}, Interpolations.Throw{Nothing}}}}}, Float64, Float64, String}}, Float64}}(-3.7715339917506594e-8,-1.0224137034394673e-7)
└ @ DFTK ~/.julia/packages/DFTK/n2IL4/src/terms/xc.jl:39
 * Status: success

 * Candidate solution
    Final objective value:     -7.380045e+01

 * Found with
    Algorithm:     L-BFGS

 * Convergence measures
    |x - x'|               = 1.55e-04 ≰ -1.0e+00
    |x - x'|/|x'|          = 2.84e-05 ≰ 0.0e+00
    |f(x) - f(x')|         = 2.21e-09 ≤ 1.0e-08
    |f(x) - f(x')|/|f(x')| = 2.99e-11 ≰ 0.0e+00
    |g(x)|                 = 1.21e-07 ≤ 1.0e-06

 * Work counters
    Seconds run:   1146  (vs limit Inf)
    Iterations:    5
    f(x) calls:    6
    ∇f(x) calls:   6

V: 1275.321465 seconds (756.39 M allocations: 348.748 GiB, 5.16% gc time, 0.01% compilation time)
