n     Energy            log10(ΔE)   log10(Δρ)   Diag   Δtime
---   ---------------   ---------   ---------   ----   ------
  1   -8.491132862586                   -0.98    7.0    10.7s
  2   -8.493620346146       -2.60       -1.74    1.9    4.83s
  3   -8.493675241686       -4.26       -2.73    3.5    1.88s
  4   -8.493676306352       -5.97       -3.77    3.5    1.60s
  5   -8.493676310154       -8.42       -4.50    3.2    1.72s
  6   -8.493676310225      -10.15       -5.57    2.8    1.65s
  7   -8.493676310227      -11.63       -6.24    3.9    1.66s
  8   -8.493676310227      -12.72       -7.11    3.5    1.83s
Iter     Function value   Gradient norm 
     0    -8.493676e+00     1.004737e-02
 * time: 9.059906005859375e-6
n     Energy            log10(ΔE)   log10(Δρ)   Diag   Δtime
---   ---------------   ---------   ---------   ----   ------
  1   -8.491191814934                   -0.98    7.2    2.49s
  2   -8.493716423540       -2.60       -1.74    2.2    1.45s
  3   -8.493772617753       -4.25       -2.72    3.5    1.51s
  4   -8.493773751775       -5.95       -3.75    3.6    1.89s
  5   -8.493773755446       -8.44       -4.46    3.2    1.38s
  6   -8.493773755529      -10.09       -5.47    2.9    1.64s
  7   -8.493773755531      -11.69       -6.38    3.5    1.53s
  8   -8.493773755531      -13.03       -7.11    3.7    1.87s
n     Energy            log10(ΔE)   log10(Δρ)   Diag   Δtime
---   ---------------   ---------   ---------   ----   ------
  1   -8.491179668388                   -0.98    7.1    2.45s
  2   -8.493711278951       -2.60       -1.74    2.3    1.43s
  3   -8.493772556410       -4.21       -2.74    3.3    1.47s
  4   -8.493773751637       -5.92       -3.74    3.5    1.96s
  5   -8.493773755449       -8.42       -4.46    3.0    1.37s
  6   -8.493773755527      -10.11       -5.52    2.9    1.62s
  7   -8.493773755530      -11.50       -6.12    4.0    1.69s
  8   -8.493773755531      -12.53       -7.00    3.4    1.76s
  9   -8.493773755531      -14.45       -8.45    3.7    1.56s
     1    -8.493774e+00     9.348672e-03
 * time: 41.034948110580444
n     Energy            log10(ΔE)   log10(Δρ)   Diag   Δtime
---   ---------------   ---------   ---------   ----   ------
  1   -8.491335471395                   -0.97    7.6    2.56s
  2   -8.494305901488       -2.53       -1.74    2.2    1.44s
  3   -8.494369383040       -4.20       -2.68    3.7    1.51s
  4   -8.494371053874       -5.78       -3.73    3.5    1.86s
  5   -8.494371057921       -8.39       -4.45    3.4    1.43s
  6   -8.494371058017      -10.02       -5.47    3.0    1.65s
  7   -8.494371058022      -11.34       -6.00    4.0    1.67s
  8   -8.494371058023      -12.15       -7.02    3.5    1.74s
n     Energy            log10(ΔE)   log10(Δρ)   Diag   Δtime
---   ---------------   ---------   ---------   ----   ------
  1   -8.491335286245                   -0.97    7.4    2.52s
  2   -8.494309307371       -2.53       -1.74    2.4    1.44s
  3   -8.494369923331       -4.22       -2.68    3.7    1.53s
  4   -8.494371053489       -5.95       -3.78    3.4    1.81s
  5   -8.494371057908       -8.35       -4.56    3.6    1.52s
  6   -8.494371058017       -9.96       -5.53    3.2    1.74s
  7   -8.494371058022      -11.30       -6.07    4.1    1.69s
  8   -8.494371058023      -12.20       -7.37    3.8    1.84s
     2    -8.494371e+00     6.755912e-04
 * time: 80.43932318687439
n     Energy            log10(ΔE)   log10(Δρ)   Diag   Δtime
---   ---------------   ---------   ---------   ----   ------
  1   -8.491362746095                   -0.97    7.2    2.44s
  2   -8.494308896623       -2.53       -1.70    2.1    1.12s
  3   -8.494372521749       -4.20       -2.66    3.4    1.78s
  4   -8.494373924120       -5.85       -3.68    3.5    1.88s
  5   -8.494373929519       -8.27       -4.36    3.2    1.40s
  6   -8.494373929661       -9.85       -5.20    3.0    1.61s
  7   -8.494373929666      -11.27       -6.43    3.2    1.45s
  8   -8.494373929666      -13.16       -7.72    3.8    1.90s
n     Energy            log10(ΔE)   log10(Δρ)   Diag   Δtime
---   ---------------   ---------   ---------   ----   ------
  1   -8.491367475126                   -0.97    7.2    2.53s
  2   -8.494310436296       -2.53       -1.70    2.1    1.42s
  3   -8.494372485169       -4.21       -2.66    3.5    1.49s
  4   -8.494373923281       -5.84       -3.68    3.4    1.84s
  5   -8.494373929460       -8.21       -4.35    3.3    1.43s
  6   -8.494373929658       -9.70       -5.16    3.1    1.60s
  7   -8.494373929666      -11.08       -6.46    3.3    1.44s
  8   -8.494373929666      -13.09       -7.46    4.3    1.99s
     3    -8.494374e+00     4.070960e-05
 * time: 119.5056459903717
n     Energy            log10(ΔE)   log10(Δρ)   Diag   Δtime
---   ---------------   ---------   ---------   ----   ------
  1   -8.491364652655                   -0.97    7.4    2.52s
  2   -8.494305899419       -2.53       -1.70    2.2    1.12s
  3   -8.494372487140       -4.18       -2.66    3.6    1.80s
  4   -8.494373934596       -5.84       -3.69    3.4    1.79s
  5   -8.494373940093       -8.26       -4.40    3.3    1.41s
  6   -8.494373940181      -10.06       -5.34    2.8    1.59s
  7   -8.494373940183      -11.63       -6.23    3.6    1.50s
  8   -8.494373940184      -12.68       -7.14    3.6    1.84s
n     Energy            log10(ΔE)   log10(Δρ)   Diag   Δtime
---   ---------------   ---------   ---------   ----   ------
  1   -8.491359291279                   -0.97    7.3    2.59s
  2   -8.494307051221       -2.53       -1.70    2.4    1.45s
  3   -8.494372410562       -4.18       -2.66    3.5    1.48s
  4   -8.494373934612       -5.82       -3.68    3.4    1.81s
  5   -8.494373940073       -8.26       -4.37    3.2    1.39s
  6   -8.494373940181       -9.96       -5.29    2.9    1.62s
  7   -8.494373940184      -11.61       -6.27    3.2    1.42s
  8   -8.494373940184      -12.97       -7.09    3.8    1.94s
     4    -8.494374e+00     1.304428e-07
 * time: 158.09964418411255
 * Status: success

 * Candidate solution
    Final objective value:     -8.494374e+00

 * Found with
    Algorithm:     L-BFGS

 * Convergence measures
    |x - x'|               = 5.15e-04 ≰ -1.0e+00
    |x - x'|/|x'|          = 5.04e-05 ≰ 0.0e+00
    |f(x) - f(x')|         = 1.05e-08 ≰ 1.0e-08
    |f(x) - f(x')|/|f(x')| = 1.24e-09 ≰ 0.0e+00
    |g(x)|                 = 1.30e-07 ≤ 1.0e-06

 * Work counters
    Seconds run:   158  (vs limit Inf)
    Iterations:    4
    f(x) calls:    5
    ∇f(x) calls:   5

Si: 228.069938 seconds (365.54 M allocations: 70.698 GiB, 8.61% gc time, 21.16% compilation time: <1% of which was recompilation)
n     Energy            log10(ΔE)   log10(Δρ)   Diag   Δtime
---   ---------------   ---------   ---------   ----   ------
  1   -62.11791599078                   -1.21    8.6    19.7s
  2   -62.12022329430       -2.64       -1.27    2.7    8.36s
  3   -62.12350338613       -2.48       -2.19    3.9    9.90s
  4   -62.12350300005   +   -6.41       -2.55    4.0    10.3s
  5   -62.12351170270       -5.06       -3.58    2.9    8.47s
  6   -62.12351172477       -7.66       -4.64    4.1    10.3s
  7   -62.12351172489       -9.89       -5.45    4.3    11.0s
  8   -62.12351172490      -11.36       -6.92    4.1    10.8s
  9   -62.12351172490      -13.55       -7.73    4.2    10.8s
Iter     Function value   Gradient norm 
     0    -6.212351e+01     1.606405e-02
 * time: 5.0067901611328125e-6
n     Energy            log10(ΔE)   log10(Δρ)   Diag   Δtime
---   ---------------   ---------   ---------   ----   ------
  1   -62.11821537513                   -1.21    8.7    17.7s
  2   -62.12053333533       -2.63       -1.28    2.6    7.53s
  3   -62.12375988099       -2.49       -2.19    4.0    10.1s
  4   -62.12375963851   +   -6.62       -2.56    4.1    10.7s
  5   -62.12376814597       -5.07       -3.58    2.7    7.59s
  6   -62.12376816886       -7.64       -4.63    4.0    10.3s
  7   -62.12376816898       -9.93       -5.56    4.2    11.2s
  8   -62.12376816898      -11.47       -7.00    4.0    10.4s
  9   -62.12376816898   +    -Inf       -7.82    4.2    10.5s
n     Energy            log10(ΔE)   log10(Δρ)   Diag   Δtime
---   ---------------   ---------   ---------   ----   ------
  1   -62.11821490443                   -1.21    8.7    17.9s
  2   -62.12052270177       -2.64       -1.28    2.7    7.82s
  3   -62.12375995997       -2.49       -2.19    4.0    10.1s
  4   -62.12375967754   +   -6.55       -2.56    4.2    10.9s
  5   -62.12376814706       -5.07       -3.59    2.8    7.76s
  6   -62.12376816887       -7.66       -4.69    4.2    10.4s
  7   -62.12376816898       -9.98       -5.59    4.3    11.1s
  8   -62.12376816898      -11.56       -7.11    4.1    10.4s
     1    -6.212377e+01     1.586298e-02
 * time: 215.8266100883484
n     Energy            log10(ΔE)   log10(Δρ)   Diag   Δtime
---   ---------------   ---------   ---------   ----   ------
  1   -62.12038102350                   -1.20    8.8    14.5s
  2   -62.12328215417       -2.54       -1.32    3.1    7.27s
  3   -62.12514940019       -2.73       -2.23    4.2    8.89s
  4   -62.12515600887       -5.18       -2.85    3.9    8.69s
  5   -62.12515759897       -5.80       -3.72    3.7    7.93s
  6   -62.12515760459       -8.25       -4.62    4.0    8.89s
  7   -62.12515760471       -9.91       -5.67    4.0    8.98s
  8   -62.12515760471      -12.05       -6.92    4.0    9.08s
  9   -62.12515760471      -13.45       -8.59    4.0    9.22s
n     Energy            log10(ΔE)   log10(Δρ)   Diag   Δtime
---   ---------------   ---------   ---------   ----   ------
  1   -62.12038175397                   -1.20    8.7    14.7s
  2   -62.12328503860       -2.54       -1.32    3.0    7.15s
  3   -62.12514946411       -2.73       -2.23    4.1    9.00s
  4   -62.12515597774       -5.19       -2.85    3.9    8.80s
  5   -62.12515759941       -5.79       -3.73    3.5    7.77s
  6   -62.12515760460       -8.28       -4.64    4.0    9.06s
  7   -62.12515760471       -9.94       -5.81    4.0    9.01s
  8   -62.12515760471      -12.26       -7.00    4.1    9.07s
  9   -62.12515760471      -13.55       -8.56    4.0    9.12s
     2    -6.212516e+01     2.300361e-02
 * time: 409.2487370967865
n     Energy            log10(ΔE)   log10(Δρ)   Diag   Δtime
---   ---------------   ---------   ---------   ----   ------
  1   -62.12504883471                   -1.22    8.7    15.9s
  2   -62.12744226827       -2.62       -1.31    2.8    7.28s
  3   -62.12979556097       -2.63       -2.24    4.0    9.27s
  4   -62.12979668644       -5.95       -2.66    4.2    9.63s
  5   -62.12980166012       -5.30       -3.67    3.2    7.29s
  6   -62.12980167196       -7.93       -4.75    4.1    9.43s
  7   -62.12980167204      -10.12       -5.79    4.3    10.1s
  8   -62.12980167204      -12.13       -7.11    4.2    9.85s
n     Energy            log10(ΔE)   log10(Δρ)   Diag   Δtime
---   ---------------   ---------   ---------   ----   ------
  1   -62.12504971933                   -1.22    8.6    16.0s
  2   -62.12744607321       -2.62       -1.31    2.8    7.17s
  3   -62.12979542862       -2.63       -2.24    4.2    9.36s
  4   -62.12979649572       -5.97       -2.65    4.1    9.46s
  5   -62.12980166025       -5.29       -3.65    3.2    7.73s
  6   -62.12980167194       -7.93       -4.68    4.1    9.34s
  7   -62.12980167204      -10.00       -5.81    4.2    9.75s
  8   -62.12980167204      -12.16       -7.04    4.3    9.89s
     3    -6.212980e+01     6.484852e-03
 * time: 594.6227350234985
n     Energy            log10(ΔE)   log10(Δρ)   Diag   Δtime
---   ---------------   ---------   ---------   ----   ------
  1   -62.12586572609                   -1.22    8.4    15.1s
  2   -62.12832532939       -2.61       -1.32    2.7    6.98s
  3   -62.13050625499       -2.66       -2.24    4.0    9.06s
  4   -62.13050828138       -5.69       -2.70    4.1    9.46s
  5   -62.13051235873       -5.39       -3.69    3.3    7.51s
  6   -62.13051236812       -8.03       -4.74    4.1    9.33s
  7   -62.13051236820      -10.09       -5.69    4.2    9.61s
  8   -62.13051236820      -11.98       -6.96    4.1    9.65s
  9   -62.13051236820   +  -13.67       -8.43    4.1    9.66s
n     Energy            log10(ΔE)   log10(Δρ)   Diag   Δtime
---   ---------------   ---------   ---------   ----   ------
  1   -62.12586529561                   -1.22    8.5    15.4s
  2   -62.12832601227       -2.61       -1.32    2.7    7.04s
  3   -62.13050617648       -2.66       -2.24    3.9    8.94s
  4   -62.13050826118       -5.68       -2.69    4.2    9.55s
  5   -62.13051235830       -5.39       -3.68    3.2    7.55s
  6   -62.13051236811       -8.01       -4.71    4.1    9.38s
  7   -62.13051236820      -10.05       -5.80    4.1    9.46s
  8   -62.13051236820      -12.16       -7.05    4.2    9.65s
     4    -6.213051e+01     1.984580e-03
 * time: 786.5333111286163
n     Energy            log10(ΔE)   log10(Δρ)   Diag   Δtime
---   ---------------   ---------   ---------   ----   ------
  1   -62.12596959390                   -1.22    8.9    15.7s
  2   -62.12845111164       -2.61       -1.32    2.9    7.29s
  3   -62.13056887053       -2.67       -2.25    4.1    9.06s
  4   -62.13057126646       -5.62       -2.72    4.2    9.51s
  5   -62.13057494355       -5.43       -3.70    3.3    7.57s
  6   -62.13057495207       -8.07       -4.76    4.1    9.20s
  7   -62.13057495214      -10.13       -5.69    4.2    9.60s
  8   -62.13057495214      -12.01       -6.94    4.2    9.57s
  9   -62.13057495214      -14.15       -8.46    4.2    9.73s
n     Energy            log10(ΔE)   log10(Δρ)   Diag   Δtime
---   ---------------   ---------   ---------   ----   ------
  1   -62.12596914993                   -1.22    8.9    15.7s
  2   -62.12845340812       -2.60       -1.32    2.9    7.17s
  3   -62.13056880294       -2.67       -2.25    4.2    9.17s
  4   -62.13057123397       -5.61       -2.71    4.2    9.44s
  5   -62.13057494342       -5.43       -3.69    3.5    7.61s
  6   -62.13057495206       -8.06       -4.72    4.1    9.23s
  7   -62.13057495214      -10.08       -5.74    4.2    9.44s
  8   -62.13057495214      -12.15       -6.99    4.2    9.35s
  9   -62.13057495214      -13.07       -8.50    4.3    9.61s
     5    -6.213057e+01     2.962550e-04
 * time: 986.2158420085907
n     Energy            log10(ΔE)   log10(Δρ)   Diag   Δtime
---   ---------------   ---------   ---------   ----   ------
  1   -62.12595982003                   -1.22    8.3    14.9s
  2   -62.12845149478       -2.60       -1.32    2.8    7.06s
  3   -62.13056993702       -2.67       -2.24    4.0    9.04s
  4   -62.13057233700       -5.62       -2.70    4.1    9.35s
  5   -62.13057628745       -5.40       -3.67    3.3    7.49s
  6   -62.13057629676       -8.03       -4.62    4.0    9.18s
  7   -62.13057629689       -9.89       -5.86    4.0    9.27s
  8   -62.13057629689      -12.32       -7.06    4.2    9.79s
n     Energy            log10(ΔE)   log10(Δρ)   Diag   Δtime
---   ---------------   ---------   ---------   ----   ------
  1   -62.12596205894                   -1.22    8.1    14.7s
  2   -62.12845081737       -2.60       -1.32    2.8    6.98s
  3   -62.13057003681       -2.67       -2.24    3.9    8.68s
  4   -62.13057243812       -5.62       -2.71    4.2    9.24s
  5   -62.13057628756       -5.41       -3.68    3.1    7.22s
  6   -62.13057629678       -8.04       -4.66    4.0    8.95s
  7   -62.13057629689       -9.97       -5.82    4.1    9.08s
  8   -62.13057629689      -12.26       -6.97    4.2    9.30s
  9   -62.13057629689   +  -13.45       -8.48    4.1    9.21s
     6    -6.213058e+01     1.104780e-05
 * time: 1172.990308046341
n     Energy            log10(ΔE)   log10(Δρ)   Diag   Δtime
---   ---------------   ---------   ---------   ----   ------
  1   -62.12596172492                   -1.22    8.4    14.6s
  2   -62.12844300073       -2.61       -1.32    2.7    6.86s
  3   -62.13057014139       -2.67       -2.24    3.9    8.63s
  4   -62.13057246761       -5.63       -2.71    4.2    9.20s
  5   -62.13057628991       -5.42       -3.69    3.3    7.34s
  6   -62.13057629869       -8.06       -4.71    4.1    9.13s
  7   -62.13057629878      -10.06       -5.69    4.2    9.19s
  8   -62.13057629878      -12.04       -6.95    4.1    9.15s
  9   -62.13057629878      -13.67       -8.47    4.2    9.38s
n     Energy            log10(ΔE)   log10(Δρ)   Diag   Δtime
---   ---------------   ---------   ---------   ----   ------
  1   -62.12596823483                   -1.22    8.4    14.3s
  2   -62.12844625004       -2.61       -1.32    2.9    6.98s
  3   -62.13057003766       -2.67       -2.24    4.0    8.70s
  4   -62.13057241449       -5.62       -2.70    4.2    9.03s
  5   -62.13057628931       -5.41       -3.68    3.3    7.13s
  6   -62.13057629867       -8.03       -4.67    4.1    8.80s
  7   -62.13057629878       -9.98       -5.72    4.1    8.94s
  8   -62.13057629878      -12.10       -6.90    4.1    9.04s
  9   -62.13057629878   +  -13.37       -8.39    4.1    9.02s
     7    -6.213058e+01     5.941253e-08
 * time: 1364.707123041153
 * Status: success

 * Candidate solution
    Final objective value:     -6.213058e+01

 * Found with
    Algorithm:     L-BFGS

 * Convergence measures
    |x - x'|               = 3.40e-04 ≰ -1.0e+00
    |x - x'|/|x'|          = 3.40e-05 ≰ 0.0e+00
    |f(x) - f(x')|         = 1.89e-09 ≤ 1.0e-08
    |f(x) - f(x')|/|f(x')| = 3.04e-11 ≰ 0.0e+00
    |g(x)|                 = 5.94e-08 ≤ 1.0e-06

 * Work counters
    Seconds run:   1365  (vs limit Inf)
    Iterations:    7
    f(x) calls:    8
    ∇f(x) calls:   8

NaCl: 1489.192027 seconds (1.41 G allocations: 403.022 GiB, 5.06% gc time, 0.27% compilation time)
n     Energy            log10(ΔE)   log10(Δρ)   Diag   Δtime
---   ---------------   ---------   ---------   ----   ------
  1   -2.328711409541                   -1.52    5.5    1.74s
  2   -2.328910509614       -3.70       -1.92    1.3    786ms
  3   -2.328951902179       -4.38       -2.97    3.7    1.60s
  4   -2.328952629370       -6.14       -3.69    3.6    1.61s
  5   -2.328952651710       -7.65       -4.03    3.1    1.16s
  6   -2.328952658644       -8.16       -4.99    3.2    1.49s
  7   -2.328952658824       -9.74       -5.58    3.7    1.30s
  8   -2.328952658827      -11.51       -6.16    2.8    1.15s
  9   -2.328952658828      -12.54       -6.73    2.9    1.36s
 10   -2.328952658828      -13.86       -7.52    2.9    1.10s
Iter     Function value   Gradient norm 
     0    -2.328953e+00     3.127436e-03
 * time: 5.0067901611328125e-6
n     Energy            log10(ΔE)   log10(Δρ)   Diag   Δtime
---   ---------------   ---------   ---------   ----   ------
  1   -2.328718999680                   -1.52    5.4    1.74s
  2   -2.328918936985       -3.70       -1.92    1.3    1.02s
  3   -2.328961429702       -4.37       -2.98    3.5    1.33s
  4   -2.328962179455       -6.13       -3.69    3.6    1.60s
  5   -2.328962201034       -7.67       -4.03    3.0    1.16s
  6   -2.328962208003       -8.16       -4.98    3.0    1.43s
  7   -2.328962208203       -9.70       -5.58    3.7    1.35s
  8   -2.328962208205      -11.60       -6.26    2.6    1.35s
  9   -2.328962208206      -12.61       -6.80    3.2    1.24s
 10   -2.328962208206      -14.05       -7.46    2.6    1.04s
n     Energy            log10(ΔE)   log10(Δρ)   Diag   Δtime
---   ---------------   ---------   ---------   ----   ------
  1   -2.328717779411                   -1.52    5.4    2.01s
  2   -2.328917781484       -3.70       -1.92    1.3    732ms
  3   -2.328961446406       -4.36       -2.97    3.6    1.58s
  4   -2.328962179671       -6.13       -3.69    3.6    1.33s
  5   -2.328962201109       -7.67       -4.04    3.1    1.41s
  6   -2.328962207993       -8.16       -4.97    3.1    1.17s
  7   -2.328962208203       -9.68       -5.57    3.8    1.59s
  8   -2.328962208205      -11.55       -6.24    2.7    1.10s
  9   -2.328962208206      -12.61       -6.77    3.1    1.46s
 10   -2.328962208206      -13.94       -7.51    2.5    997ms
     1    -2.328962e+00     2.979500e-03
 * time: 55.576115131378174
n     Energy            log10(ΔE)   log10(Δρ)   Diag   Δtime
---   ---------------   ---------   ---------   ----   ------
  1   -2.328798380727                   -1.52    5.5    1.96s
  2   -2.329012793232       -3.67       -1.93    1.3    1.00s
  3   -2.329057785575       -4.35       -3.01    3.7    1.29s
  4   -2.329058434543       -6.19       -3.63    3.8    1.57s
  5   -2.329058460830       -7.58       -3.99    2.8    1.06s
  6   -2.329058469540       -8.06       -4.86    3.1    1.39s
  7   -2.329058469786       -9.61       -5.40    3.5    1.22s
  8   -2.329058469797      -10.96       -6.28    3.1    1.39s
  9   -2.329058469798      -12.72       -6.98    3.1    1.16s
 10   -2.329058469798      -14.10       -7.75    3.2    1.45s
n     Energy            log10(ΔE)   log10(Δρ)   Diag   Δtime
---   ---------------   ---------   ---------   ----   ------
  1   -2.328798825445                   -1.52    5.6    2.04s
  2   -2.329013067115       -3.67       -1.93    1.4    755ms
  3   -2.329057824559       -4.35       -3.01    3.7    1.62s
  4   -2.329058434208       -6.21       -3.63    3.7    1.35s
  5   -2.329058460841       -7.57       -3.99    2.7    1.35s
  6   -2.329058469529       -8.06       -4.86    3.2    1.16s
  7   -2.329058469786       -9.59       -5.39    3.4    1.50s
  8   -2.329058469797      -10.95       -6.25    2.9    1.11s
  9   -2.329058469798      -12.64       -6.87    3.2    1.43s
 10   -2.329058469798      -13.83       -7.54    3.0    1.11s
     2    -2.329058e+00     1.117557e-04
 * time: 111.64485120773315
n     Energy            log10(ΔE)   log10(Δρ)   Diag   Δtime
---   ---------------   ---------   ---------   ----   ------
  1   -2.328800185628                   -1.52    5.5    1.78s
  2   -2.329013937933       -3.67       -1.93    1.3    1.02s
  3   -2.329057956622       -4.36       -3.01    3.7    1.34s
  4   -2.329058577053       -6.21       -3.64    3.7    1.62s
  5   -2.329058602994       -7.59       -3.99    2.8    1.11s
  6   -2.329058611772       -8.06       -4.87    3.1    1.42s
  7   -2.329058612024       -9.60       -5.39    3.5    1.24s
  8   -2.329058612034      -10.97       -6.30    3.0    1.39s
  9   -2.329058612034      -12.75       -7.00    3.2    1.20s
 10   -2.329058612034      -13.88       -7.69    3.2    1.49s
n     Energy            log10(ΔE)   log10(Δρ)   Diag   Δtime
---   ---------------   ---------   ---------   ----   ------
  1   -2.328801453410                   -1.52    5.5    2.13s
  2   -2.329013593151       -3.67       -1.93    1.4    758ms
  3   -2.329057925496       -4.35       -3.01    3.7    1.65s
  4   -2.329058575862       -6.19       -3.63    3.7    1.36s
  5   -2.329058602856       -7.57       -3.98    2.8    1.34s
  6   -2.329058611779       -8.05       -4.87    3.1    1.18s
  7   -2.329058612022       -9.62       -5.38    3.5    1.54s
  8   -2.329058612034      -10.91       -6.26    3.0    1.16s
  9   -2.329058612034      -12.69       -6.95    3.2    1.48s
 10   -2.329058612034      -13.88       -7.70    3.2    1.20s
     3    -2.329059e+00     4.196540e-06
 * time: 168.50682616233826
n     Energy            log10(ΔE)   log10(Δρ)   Diag   Δtime
---   ---------------   ---------   ---------   ----   ------
  1   -2.328798669202                   -1.52    5.5    2.04s
  2   -2.329014210865       -3.67       -1.93    1.3    1.05s
  3   -2.329057947150       -4.36       -3.01    3.7    1.34s
  4   -2.329058576058       -6.20       -3.63    3.7    1.58s
  5   -2.329058602951       -7.57       -3.98    2.7    1.05s
  6   -2.329058611979       -8.04       -4.87    3.1    1.43s
  7   -2.329058612224       -9.61       -5.38    3.5    1.24s
  8   -2.329058612235      -10.94       -6.26    3.1    1.39s
  9   -2.329058612235      -12.68       -6.95    3.2    1.18s
 10   -2.329058612235      -13.89       -7.64    3.0    1.45s
n     Energy            log10(ΔE)   log10(Δρ)   Diag   Δtime
---   ---------------   ---------   ---------   ----   ------
  1   -2.328800539444                   -1.52    5.5    2.06s
  2   -2.329014851248       -3.67       -1.93    1.3    747ms
  3   -2.329057977089       -4.37       -3.01    3.7    1.61s
  4   -2.329058576627       -6.22       -3.64    3.7    1.36s
  5   -2.329058603334       -7.57       -4.00    3.0    1.49s
  6   -2.329058611984       -8.06       -4.87    3.1    1.15s
  7   -2.329058612223       -9.62       -5.37    3.4    1.50s
  8   -2.329058612235      -10.91       -6.25    3.0    1.12s
  9   -2.329058612235      -12.69       -6.92    3.2    1.45s
 10   -2.329058612235      -13.81       -7.53    3.2    1.17s
     4    -2.329059e+00     7.753122e-09
 * time: 224.7692370414734
 * Status: success

 * Candidate solution
    Final objective value:     -2.329059e+00

 * Found with
    Algorithm:     L-BFGS

 * Convergence measures
    |x - x'|               = 9.58e-05 ≰ -1.0e+00
    |x - x'|/|x'|          = 1.24e-05 ≰ 0.0e+00
    |f(x) - f(x')|         = 2.01e-10 ≤ 1.0e-08
    |f(x) - f(x')|/|f(x')| = 8.63e-11 ≰ 0.0e+00
    |g(x)|                 = 7.75e-09 ≤ 1.0e-06

 * Work counters
    Seconds run:   225  (vs limit Inf)
    Iterations:    4
    f(x) calls:    5
    ∇f(x) calls:   5

Al: 257.525329 seconds (222.42 M allocations: 54.155 GiB, 6.85% gc time, 0.00% compilation time)
n     Energy            log10(ΔE)   log10(Δρ)   Diag   Δtime
---   ---------------   ---------   ---------   ----   ------
  1   -73.84025434346                   -0.79    9.8    9.38s
  2   -73.85617026152       -1.80       -0.99    5.2    5.77s
  3   -73.86458215973       -2.08       -1.31    6.7    6.91s
  4   -73.86625125742       -2.78       -1.67    5.8    5.94s
  5   -73.86652352344       -3.57       -2.56    5.3    5.58s
  6   -73.86652522875       -5.77       -3.16    5.5    6.16s
  7   -73.86652530297       -7.13       -3.62    4.9    5.63s
  8   -73.86652530337       -9.40       -4.01    4.6    4.98s
  9   -73.86652530527       -8.72       -4.56    5.4    5.65s
 10   -73.86652530559       -9.50       -4.80    4.5    5.00s
 11   -73.86652530578       -9.73       -5.79    5.2    5.38s
 12   -73.86652530578      -12.45       -6.25    4.8    5.22s
 13   -73.86652530578   +  -13.25       -6.84    4.1    4.71s
 14   -73.86652530578   +  -12.59       -7.26    5.2    5.67s
Iter     Function value   Gradient norm 
     0    -7.386653e+01     4.072106e-02
 * time: 7.152557373046875e-6
n     Energy            log10(ΔE)   log10(Δρ)   Diag   Δtime
---   ---------------   ---------   ---------   ----   ------
  1   -73.84271242306                   -0.80    9.7    9.48s
  2   -73.85811445617       -1.81       -1.00    5.1    5.38s
  3   -73.86621789542       -2.09       -1.31    6.6    6.77s
  4   -73.86783340979       -2.79       -1.69    5.7    5.83s
  5   -73.86807035986       -3.63       -2.58    5.4    5.58s
  6   -73.86807225639       -5.72       -3.17    5.4    5.96s
  7   -73.86807231484       -7.23       -3.64    4.9    5.45s
  8   -73.86807231620       -8.87       -4.03    3.8    4.34s
  9   -73.86807231877       -8.59       -4.53    5.3    5.87s
 10   -73.86807231923       -9.34       -4.92    4.7    5.09s
 11   -73.86807231935       -9.93       -6.04    5.3    5.44s
 12   -73.86807231935      -12.73       -6.59    5.9    6.28s
 13   -73.86807231935      -13.55       -6.75    4.5    5.03s
 14   -73.86807231935   +  -13.37       -7.56    5.0    5.18s
n     Energy            log10(ΔE)   log10(Δρ)   Diag   Δtime
---   ---------------   ---------   ---------   ----   ------
  1   -73.84271788837                   -0.80    9.7    9.59s
  2   -73.85811690943       -1.81       -1.00    5.1    5.49s
  3   -73.86621671262       -2.09       -1.31    6.7    6.95s
  4   -73.86783405708       -2.79       -1.69    5.7    5.80s
  5   -73.86807056139       -3.63       -2.59    5.3    5.66s
  6   -73.86807224390       -5.77       -3.17    5.4    6.07s
  7   -73.86807231494       -7.15       -3.64    5.1    5.69s
  8   -73.86807231623       -8.89       -4.03    3.7    4.39s
  9   -73.86807231875       -8.60       -4.53    5.3    5.62s
 10   -73.86807231922       -9.33       -4.91    4.7    5.10s
 11   -73.86807231935       -9.91       -6.01    5.2    5.42s
 12   -73.86807231935      -12.49       -6.52    5.9    6.24s
 13   -73.86807231935   +  -13.55       -6.75    4.7    5.09s
 14   -73.86807231935   +  -13.85       -7.60    5.0    5.07s
     1    -7.386807e+01     3.520311e-02
 * time: 223.13292503356934
n     Energy            log10(ΔE)   log10(Δρ)   Diag   Δtime
---   ---------------   ---------   ---------   ----   ------
  1   -73.85126612585                   -0.82    9.7    11.6s
  2   -73.86411227801       -1.89       -1.03    4.9    6.65s
  3   -73.87075525601       -2.18       -1.39    6.5    8.37s
  4   -73.87176120310       -3.00       -1.83    5.4    6.97s
  5   -73.87188234234       -3.92       -2.77    5.1    6.91s
  6   -73.87188255753       -6.67       -3.34    5.3    7.48s
  7   -73.87188257662       -7.72       -4.06    5.0    6.94s
  8   -73.87188257632   +   -9.52       -4.37    4.5    6.39s
  9   -73.87188257665       -9.49       -4.92    4.1    5.78s
 10   -73.87188257676       -9.93       -5.67    4.6    6.42s
 11   -73.87188257677      -11.34       -6.10    5.0    6.81s
 12   -73.87188257677      -12.21       -6.82    4.8    6.35s
 13   -73.87188257677      -13.00       -7.38    5.3    7.15s
n     Energy            log10(ΔE)   log10(Δρ)   Diag   Δtime
---   ---------------   ---------   ---------   ----   ------
  1   -73.85126984693                   -0.82    9.6    11.5s
  2   -73.86412489840       -1.89       -1.03    4.8    6.68s
  3   -73.87075323283       -2.18       -1.39    6.4    8.81s
  4   -73.87176135829       -3.00       -1.83    5.4    6.95s
  5   -73.87188233567       -3.92       -2.77    5.1    6.83s
  6   -73.87188255489       -6.66       -3.34    5.4    7.39s
  7   -73.87188257658       -7.66       -4.04    5.1    6.96s
  8   -73.87188257633   +   -9.59       -4.37    4.5    6.46s
  9   -73.87188257664       -9.50       -4.92    4.3    6.06s
 10   -73.87188257676       -9.93       -5.67    4.7    6.61s
 11   -73.87188257677      -11.35       -6.09    5.1    6.92s
 12   -73.87188257677      -12.18       -6.85    4.7    6.36s
 13   -73.87188257677   +  -13.85       -7.59    5.5    7.16s
     2    -7.387188e+01     8.576672e-03
 * time: 469.2101390361786
n     Energy            log10(ΔE)   log10(Δρ)   Diag   Δtime
---   ---------------   ---------   ---------   ----   ------
  1   -73.85062553043                   -0.81    9.6    11.7s
  2   -73.86379626461       -1.88       -1.02    4.8    6.57s
  3   -73.87078630118       -2.16       -1.37    6.5    8.51s
  4   -73.87193334335       -2.94       -1.81    5.6    7.04s
  5   -73.87206375533       -3.88       -2.74    5.1    6.91s
  6   -73.87206441797       -6.18       -3.33    5.2    7.38s
  7   -73.87206441617   +   -8.75       -3.76    5.1    7.04s
  8   -73.87206443027       -7.85       -4.40    4.8    6.55s
  9   -73.87206443023   +  -10.39       -4.97    5.2    6.86s
 10   -73.87206443033       -9.97       -5.74    5.1    6.88s
 11   -73.87206443034      -11.70       -6.34    5.3    7.20s
 12   -73.87206443034      -12.81       -6.94    4.6    6.52s
 13   -73.87206443034   +  -13.37       -7.75    5.5    7.08s
n     Energy            log10(ΔE)   log10(Δρ)   Diag   Δtime
---   ---------------   ---------   ---------   ----   ------
  1   -73.85063172931                   -0.81    9.6    11.2s
  2   -73.86379607469       -1.88       -1.02    4.8    6.46s
  3   -73.87078559843       -2.16       -1.37    6.5    8.32s
  4   -73.87193337218       -2.94       -1.81    5.5    7.03s
  5   -73.87206384770       -3.88       -2.76    5.1    6.86s
  6   -73.87206441824       -6.24       -3.34    5.3    7.30s
  7   -73.87206441799   +   -9.60       -3.78    5.0    6.77s
  8   -73.87206443027       -7.91       -4.40    4.8    6.57s
  9   -73.87206443021   +  -10.26       -4.95    5.1    6.84s
 10   -73.87206443033       -9.93       -5.73    5.0    6.82s
 11   -73.87206443034      -11.65       -6.36    5.4    7.12s
 12   -73.87206443034      -13.07       -6.94    4.7    6.47s
 13   -73.87206443034   +  -13.37       -7.82    5.4    7.25s
     3    -7.387206e+01     1.322466e-03
 * time: 719.0867850780487
n     Energy            log10(ΔE)   log10(Δρ)   Diag   Δtime
---   ---------------   ---------   ---------   ----   ------
  1   -73.85072769678                   -0.81    9.5    11.2s
  2   -73.86385260038       -1.88       -1.02    4.8    6.40s
  3   -73.87081734564       -2.16       -1.37    6.3    8.32s
  4   -73.87193835710       -2.95       -1.81    5.5    6.97s
  5   -73.87206855213       -3.89       -2.75    5.0    6.77s
  6   -73.87206904577       -6.31       -3.33    5.4    7.30s
  7   -73.87206905421       -8.07       -3.86    4.2    6.04s
  8   -73.87206906008       -8.23       -4.41    4.8    6.55s
  9   -73.87206906001   +  -10.15       -4.94    4.9    6.60s
 10   -73.87206906014       -9.91       -5.71    4.9    6.76s
 11   -73.87206906014      -11.58       -6.36    5.4    7.17s
 12   -73.87206906014      -13.55       -6.93    4.6    6.49s
 13   -73.87206906014   +  -13.07       -7.79    5.4    7.19s
n     Energy            log10(ΔE)   log10(Δρ)   Diag   Δtime
---   ---------------   ---------   ---------   ----   ------
  1   -73.85072270156                   -0.81    9.5    10.9s
  2   -73.86386648445       -1.88       -1.02    4.8    6.72s
  3   -73.87081616657       -2.16       -1.37    6.3    8.22s
  4   -73.87193819240       -2.95       -1.81    5.4    6.93s
  5   -73.87206855230       -3.88       -2.75    5.0    6.77s
  6   -73.87206904618       -6.31       -3.34    5.3    7.22s
  7   -73.87206905322       -8.15       -3.85    4.4    6.11s
  8   -73.87206906008       -8.16       -4.41    4.9    6.70s
  9   -73.87206906001   +  -10.12       -4.93    4.9    6.67s
 10   -73.87206906014       -9.90       -5.71    4.9    6.70s
 11   -73.87206906014      -11.58       -6.34    5.4    7.14s
 12   -73.87206906014      -13.07       -6.93    4.6    6.50s
 13   -73.87206906014   +  -12.85       -7.83    5.3    7.10s
     4    -7.387207e+01     3.754516e-05
 * time: 964.8327770233154
n     Energy            log10(ΔE)   log10(Δρ)   Diag   Δtime
---   ---------------   ---------   ---------   ----   ------
  1   -73.85073369394                   -0.81    9.7    11.6s
  2   -73.86386576505       -1.88       -1.02    4.8    6.47s
  3   -73.87081787100       -2.16       -1.37    6.5    8.37s
  4   -73.87193748171       -2.95       -1.81    5.5    7.07s
  5   -73.87206860301       -3.88       -2.76    5.2    6.86s
  6   -73.87206905113       -6.35       -3.34    5.4    7.25s
  7   -73.87206905730       -8.21       -3.85    4.6    6.40s
  8   -73.87206906378       -8.19       -4.42    4.9    6.71s
  9   -73.87206906371   +  -10.18       -4.96    5.1    6.79s
 10   -73.87206906383       -9.94       -5.71    5.0    6.90s
 11   -73.87206906383      -11.59       -6.33    5.4    7.25s
 12   -73.87206906383      -12.85       -6.91    4.7    6.68s
 13   -73.87206906383   +  -12.94       -7.76    5.5    7.21s
n     Energy            log10(ΔE)   log10(Δρ)   Diag   Δtime
---   ---------------   ---------   ---------   ----   ------
  1   -73.85072042057                   -0.81    9.7    11.3s
  2   -73.86387121228       -1.88       -1.02    4.7    6.41s
  3   -73.87081640766       -2.16       -1.37    6.4    8.25s
  4   -73.87193897812       -2.95       -1.81    5.6    6.98s
  5   -73.87206853624       -3.89       -2.75    5.1    6.77s
  6   -73.87206904930       -6.29       -3.33    5.4    7.32s
  7   -73.87206905671       -8.13       -3.84    4.5    6.23s
  8   -73.87206906377       -8.15       -4.41    4.9    6.71s
  9   -73.87206906371   +  -10.22       -4.95    5.0    6.63s
 10   -73.87206906383       -9.94       -5.71    5.0    6.72s
 11   -73.87206906383      -11.56       -6.36    5.4    7.21s
 12   -73.87206906383      -13.55       -6.93    4.6    6.44s
 13   -73.87206906383   +    -Inf       -7.75    5.4    7.13s
     5    -7.387207e+01     1.744707e-07
 * time: 1212.2765560150146
┌ Info: Threading setup: 
│   Threads.nthreads() = 1
│   n_DFTK = 1
│   n_fft = 1
└   n_blas = 1
┌ Info: 2025-05-15T14:59:24.896
│   name = "Si"
│   Ecut = 18.0
│   kgrid = MonkhorstPack([14, 14, 14])
│   p0 = ComponentVector{Float64}(a = 10.347246312603742)
│   temperature = 0.001
└   smearing = DFTK.Smearing.Gaussian()
┌ Info: 2025-05-15T15:03:13.573
│   name = "NaCl"
│   Ecut = 44.0
│   kgrid = MonkhorstPack([13, 13, 13])
│   p0 = ComponentVector{Float64}(a = 10.746130571470083)
│   temperature = 0
└   smearing = DFTK.Smearing.None()
┌ Info: 2025-05-15T15:28:02.794
│   name = "Al"
│   Ecut = 20.0
│   kgrid = MonkhorstPack([18, 18, 18])
│   p0 = ComponentVector{Float64}(a = 7.641925528121933)
│   temperature = 0.001
└   smearing = DFTK.Smearing.Gaussian()
┌ Info: 2025-05-15T15:32:20.320
│   name = "V"
│   Ecut = 42.0
│   kgrid = MonkhorstPack([20, 20, 20])
│   p0 = ComponentVector{Float64}(a = 5.699267600684394)
│   temperature = 0.001
└   smearing = DFTK.Smearing.Gaussian()
┌ Warning: Negative ρcore detected: -3.4151886922104144e-8
└ @ DFTK ~/.julia/packages/DFTK/n2IL4/src/terms/xc.jl:39
┌ Warning: Negative ρcore detected: Dual{ForwardDiff.Tag{var"#19#21"{@NamedTuple{ham::Hamiltonian, basis::PlaneWaveBasis{Float64, Float64, DFTK.CPU, FFTGrid{Float64, Float64, Array{StaticArraysCore.SVector{3, Int64}, 3}, Array{StaticArraysCore.SVector{3, Float64}, 3}}, Vector{StaticArraysCore.SVector{3, Int64}}}, energies::Energies{Float64}, converged::Bool, occupation_threshold::Float64, ρ::Array{Float64, 4}, τ::Nothing, α::Float64, eigenvalues::Vector{Vector{Float64}}, occupation::Vector{Vector{Float64}}, εF::Float64, n_bands_converge::Int64, n_iter::Int64, n_matvec::Int64, ψ::Vector{Matrix{ComplexF64}}, diagonalization::Vector{@NamedTuple{λ::Vector{Vector{Float64}}, X::Vector{Matrix{ComplexF64}}, residual_norms::Vector{Vector{Float64}}, n_iter::Vector{Int64}, converged::Bool, n_matvec::Int64}}, stage::Symbol, history_Δρ::Vector{Float64}, history_Etot::Vector{Float64}, timedout::Bool, runtime_ns::UInt64, algorithm::String}, Model{Float64, Float64}, Float64, MonkhorstPack, var"#case#4"{Matrix{Float64}, Float64, MonkhorstPack, Vector{StaticArraysCore.SVector{3, Float64}}, Vector{ElementPsp{PspUpf{Float64, Interpolations.Extrapolation{Float64, 1, Interpolations.GriddedInterpolation{Float64, 1, Vector{Float64}, Interpolations.Gridded{Interpolations.Linear{Interpolations.Throw{Interpolations.OnGrid}}}, Tuple{Vector{Float64}}}, Interpolations.Gridded{Interpolations.Linear{Interpolations.Throw{Interpolations.OnGrid}}}, Interpolations.Throw{Nothing}}}}}, Float64, Float64, String}}, Float64}}(-3.4151886922104144e-8,-1.2413273474001241e-8)
└ @ DFTK ~/.julia/packages/DFTK/n2IL4/src/terms/xc.jl:39
┌ Warning: Negative ρcore detected: -3.1401358879829176e-8
└ @ DFTK ~/.julia/packages/DFTK/n2IL4/src/terms/xc.jl:39
┌ Warning: Negative ρcore detected: -3.1401358879829176e-8
└ @ DFTK ~/.julia/packages/DFTK/n2IL4/src/terms/xc.jl:39
┌ Warning: Negative ρcore detected: Dual{ForwardDiff.Tag{var"#19#21"{@NamedTuple{ham::Hamiltonian, basis::PlaneWaveBasis{Float64, Float64, DFTK.CPU, FFTGrid{Float64, Float64, Array{StaticArraysCore.SVector{3, Int64}, 3}, Array{StaticArraysCore.SVector{3, Float64}, 3}}, Vector{StaticArraysCore.SVector{3, Int64}}}, energies::Energies{Float64}, converged::Bool, occupation_threshold::Float64, ρ::Array{Float64, 4}, τ::Nothing, α::Float64, eigenvalues::Vector{Vector{Float64}}, occupation::Vector{Vector{Float64}}, εF::Float64, n_bands_converge::Int64, n_iter::Int64, n_matvec::Int64, ψ::Vector{Matrix{ComplexF64}}, diagonalization::Vector{@NamedTuple{λ::Vector{Vector{Float64}}, X::Vector{Matrix{ComplexF64}}, residual_norms::Vector{Vector{Float64}}, n_iter::Vector{Int64}, converged::Bool, n_matvec::Int64}}, stage::Symbol, history_Δρ::Vector{Float64}, history_Etot::Vector{Float64}, timedout::Bool, runtime_ns::UInt64, algorithm::String}, Model{Float64, Float64}, Float64, MonkhorstPack, var"#case#4"{Matrix{Float64}, Float64, MonkhorstPack, Vector{StaticArraysCore.SVector{3, Float64}}, Vector{ElementPsp{PspUpf{Float64, Interpolations.Extrapolation{Float64, 1, Interpolations.GriddedInterpolation{Float64, 1, Vector{Float64}, Interpolations.Gridded{Interpolations.Linear{Interpolations.Throw{Interpolations.OnGrid}}}, Tuple{Vector{Float64}}}, Interpolations.Gridded{Interpolations.Linear{Interpolations.Throw{Interpolations.OnGrid}}}, Interpolations.Throw{Nothing}}}}}, Float64, Float64, String}}, Float64}}(-3.1401358879829176e-8,1.9189854419581663e-8)
└ @ DFTK ~/.julia/packages/DFTK/n2IL4/src/terms/xc.jl:39
┌ Warning: Negative ρcore detected: -3.635277202504517e-8
└ @ DFTK ~/.julia/packages/DFTK/n2IL4/src/terms/xc.jl:39
┌ Warning: Negative ρcore detected: -3.635277202504517e-8
└ @ DFTK ~/.julia/packages/DFTK/n2IL4/src/terms/xc.jl:39
┌ Warning: Negative ρcore detected: Dual{ForwardDiff.Tag{var"#19#21"{@NamedTuple{ham::Hamiltonian, basis::PlaneWaveBasis{Float64, Float64, DFTK.CPU, FFTGrid{Float64, Float64, Array{StaticArraysCore.SVector{3, Int64}, 3}, Array{StaticArraysCore.SVector{3, Float64}, 3}}, Vector{StaticArraysCore.SVector{3, Int64}}}, energies::Energies{Float64}, converged::Bool, occupation_threshold::Float64, ρ::Array{Float64, 4}, τ::Nothing, α::Float64, eigenvalues::Vector{Vector{Float64}}, occupation::Vector{Vector{Float64}}, εF::Float64, n_bands_converge::Int64, n_iter::Int64, n_matvec::Int64, ψ::Vector{Matrix{ComplexF64}}, diagonalization::Vector{@NamedTuple{λ::Vector{Vector{Float64}}, X::Vector{Matrix{ComplexF64}}, residual_norms::Vector{Vector{Float64}}, n_iter::Vector{Int64}, converged::Bool, n_matvec::Int64}}, stage::Symbol, history_Δρ::Vector{Float64}, history_Etot::Vector{Float64}, timedout::Bool, runtime_ns::UInt64, algorithm::String}, Model{Float64, Float64}, Float64, MonkhorstPack, var"#case#4"{Matrix{Float64}, Float64, MonkhorstPack, Vector{StaticArraysCore.SVector{3, Float64}}, Vector{ElementPsp{PspUpf{Float64, Interpolations.Extrapolation{Float64, 1, Interpolations.GriddedInterpolation{Float64, 1, Vector{Float64}, Interpolations.Gridded{Interpolations.Linear{Interpolations.Throw{Interpolations.OnGrid}}}, Tuple{Vector{Float64}}}, Interpolations.Gridded{Interpolations.Linear{Interpolations.Throw{Interpolations.OnGrid}}}, Interpolations.Throw{Nothing}}}}}, Float64, Float64, String}}, Float64}}(-3.635277202504517e-8,-1.8457959921604566e-7)
└ @ DFTK ~/.julia/packages/DFTK/n2IL4/src/terms/xc.jl:39
┌ Warning: Negative ρcore detected: -3.8548477101592866e-8
└ @ DFTK ~/.julia/packages/DFTK/n2IL4/src/terms/xc.jl:39
┌ Warning: Negative ρcore detected: -3.8548477101592866e-8
└ @ DFTK ~/.julia/packages/DFTK/n2IL4/src/terms/xc.jl:39
┌ Warning: Negative ρcore detected: Dual{ForwardDiff.Tag{var"#19#21"{@NamedTuple{ham::Hamiltonian, basis::PlaneWaveBasis{Float64, Float64, DFTK.CPU, FFTGrid{Float64, Float64, Array{StaticArraysCore.SVector{3, Int64}, 3}, Array{StaticArraysCore.SVector{3, Float64}, 3}}, Vector{StaticArraysCore.SVector{3, Int64}}}, energies::Energies{Float64}, converged::Bool, occupation_threshold::Float64, ρ::Array{Float64, 4}, τ::Nothing, α::Float64, eigenvalues::Vector{Vector{Float64}}, occupation::Vector{Vector{Float64}}, εF::Float64, n_bands_converge::Int64, n_iter::Int64, n_matvec::Int64, ψ::Vector{Matrix{ComplexF64}}, diagonalization::Vector{@NamedTuple{λ::Vector{Vector{Float64}}, X::Vector{Matrix{ComplexF64}}, residual_norms::Vector{Vector{Float64}}, n_iter::Vector{Int64}, converged::Bool, n_matvec::Int64}}, stage::Symbol, history_Δρ::Vector{Float64}, history_Etot::Vector{Float64}, timedout::Bool, runtime_ns::UInt64, algorithm::String}, Model{Float64, Float64}, Float64, MonkhorstPack, var"#case#4"{Matrix{Float64}, Float64, MonkhorstPack, Vector{StaticArraysCore.SVector{3, Float64}}, Vector{ElementPsp{PspUpf{Float64, Interpolations.Extrapolation{Float64, 1, Interpolations.GriddedInterpolation{Float64, 1, Vector{Float64}, Interpolations.Gridded{Interpolations.Linear{Interpolations.Throw{Interpolations.OnGrid}}}, Tuple{Vector{Float64}}}, Interpolations.Gridded{Interpolations.Linear{Interpolations.Throw{Interpolations.OnGrid}}}, Interpolations.Throw{Nothing}}}}}, Float64, Float64, String}}, Float64}}(-3.8548477101592866e-8,8.246294782236594e-8)
└ @ DFTK ~/.julia/packages/DFTK/n2IL4/src/terms/xc.jl:39
┌ Warning: Negative ρcore detected: -3.900772721120366e-8
└ @ DFTK ~/.julia/packages/DFTK/n2IL4/src/terms/xc.jl:39
┌ Warning: Negative ρcore detected: -3.900772721120366e-8
└ @ DFTK ~/.julia/packages/DFTK/n2IL4/src/terms/xc.jl:39
┌ Warning: Negative ρcore detected: Dual{ForwardDiff.Tag{var"#19#21"{@NamedTuple{ham::Hamiltonian, basis::PlaneWaveBasis{Float64, Float64, DFTK.CPU, FFTGrid{Float64, Float64, Array{StaticArraysCore.SVector{3, Int64}, 3}, Array{StaticArraysCore.SVector{3, Float64}, 3}}, Vector{StaticArraysCore.SVector{3, Int64}}}, energies::Energies{Float64}, converged::Bool, occupation_threshold::Float64, ρ::Array{Float64, 4}, τ::Nothing, α::Float64, eigenvalues::Vector{Vector{Float64}}, occupation::Vector{Vector{Float64}}, εF::Float64, n_bands_converge::Int64, n_iter::Int64, n_matvec::Int64, ψ::Vector{Matrix{ComplexF64}}, diagonalization::Vector{@NamedTuple{λ::Vector{Vector{Float64}}, X::Vector{Matrix{ComplexF64}}, residual_norms::Vector{Vector{Float64}}, n_iter::Vector{Int64}, converged::Bool, n_matvec::Int64}}, stage::Symbol, history_Δρ::Vector{Float64}, history_Etot::Vector{Float64}, timedout::Bool, runtime_ns::UInt64, algorithm::String}, Model{Float64, Float64}, Float64, MonkhorstPack, var"#case#4"{Matrix{Float64}, Float64, MonkhorstPack, Vector{StaticArraysCore.SVector{3, Float64}}, Vector{ElementPsp{PspUpf{Float64, Interpolations.Extrapolation{Float64, 1, Interpolations.GriddedInterpolation{Float64, 1, Vector{Float64}, Interpolations.Gridded{Interpolations.Linear{Interpolations.Throw{Interpolations.OnGrid}}}, Tuple{Vector{Float64}}}, Interpolations.Gridded{Interpolations.Linear{Interpolations.Throw{Interpolations.OnGrid}}}, Interpolations.Throw{Nothing}}}}}, Float64, Float64, String}}, Float64}}(-3.900772721120366e-8,5.233713452446003e-8)
└ @ DFTK ~/.julia/packages/DFTK/n2IL4/src/terms/xc.jl:39
┌ Warning: Negative ρcore detected: -3.901803503232938e-8
└ @ DFTK ~/.julia/packages/DFTK/n2IL4/src/terms/xc.jl:39
┌ Warning: Negative ρcore detected: -3.901803503232938e-8
└ @ DFTK ~/.julia/packages/DFTK/n2IL4/src/terms/xc.jl:39
┌ Warning: Negative ρcore detected: Dual{ForwardDiff.Tag{var"#19#21"{@NamedTuple{ham::Hamiltonian, basis::PlaneWaveBasis{Float64, Float64, DFTK.CPU, FFTGrid{Float64, Float64, Array{StaticArraysCore.SVector{3, Int64}, 3}, Array{StaticArraysCore.SVector{3, Float64}, 3}}, Vector{StaticArraysCore.SVector{3, Int64}}}, energies::Energies{Float64}, converged::Bool, occupation_threshold::Float64, ρ::Array{Float64, 4}, τ::Nothing, α::Float64, eigenvalues::Vector{Vector{Float64}}, occupation::Vector{Vector{Float64}}, εF::Float64, n_bands_converge::Int64, n_iter::Int64, n_matvec::Int64, ψ::Vector{Matrix{ComplexF64}}, diagonalization::Vector{@NamedTuple{λ::Vector{Vector{Float64}}, X::Vector{Matrix{ComplexF64}}, residual_norms::Vector{Vector{Float64}}, n_iter::Vector{Int64}, converged::Bool, n_matvec::Int64}}, stage::Symbol, history_Δρ::Vector{Float64}, history_Etot::Vector{Float64}, timedout::Bool, runtime_ns::UInt64, algorithm::String}, Model{Float64, Float64}, Float64, MonkhorstPack, var"#case#4"{Matrix{Float64}, Float64, MonkhorstPack, Vector{StaticArraysCore.SVector{3, Float64}}, Vector{ElementPsp{PspUpf{Float64, Interpolations.Extrapolation{Float64, 1, Interpolations.GriddedInterpolation{Float64, 1, Vector{Float64}, Interpolations.Gridded{Interpolations.Linear{Interpolations.Throw{Interpolations.OnGrid}}}, Tuple{Vector{Float64}}}, Interpolations.Gridded{Interpolations.Linear{Interpolations.Throw{Interpolations.OnGrid}}}, Interpolations.Throw{Nothing}}}}}, Float64, Float64, String}}, Float64}}(-3.901803503232938e-8,5.143068447939968e-8)
└ @ DFTK ~/.julia/packages/DFTK/n2IL4/src/terms/xc.jl:39
 * Status: success

 * Candidate solution
    Final objective value:     -7.387207e+01

 * Found with
    Algorithm:     L-BFGS

 * Convergence measures
    |x - x'|               = 1.99e-04 ≰ -1.0e+00
    |x - x'|/|x'|          = 3.65e-05 ≰ 0.0e+00
    |f(x) - f(x')|         = 3.69e-09 ≤ 1.0e-08
    |f(x) - f(x')|/|f(x')| = 5.00e-11 ≰ 0.0e+00
    |g(x)|                 = 1.74e-07 ≤ 1.0e-06

 * Work counters
    Seconds run:   1212  (vs limit Inf)
    Iterations:    5
    f(x) calls:    6
    ∇f(x) calls:   6

V: 1336.195201 seconds (788.63 M allocations: 364.515 GiB, 5.18% gc time, 0.01% compilation time)
