n     Energy            log10(ΔE)   log10(Δρ)   Diag   Δtime
---   ---------------   ---------   ---------   ----   ------
  1   -8.661173511341                   -0.92    7.1    11.2s
  2   -8.668149182032       -2.16       -1.55    3.0    5.33s
  3   -8.668611124032       -3.34       -2.08    4.0    1.70s
  4   -8.668632199728       -4.68       -3.23    3.5    1.83s
  5   -8.668632801238       -6.22       -3.63    4.5    1.81s
  6   -8.668632822372       -7.68       -4.63    3.9    1.76s
  7   -8.668632823256       -9.05       -4.74    4.4    2.14s
  8   -8.668632823468       -9.67       -5.78    3.3    1.31s
  9   -8.668632823473      -11.24       -6.31    4.4    2.01s
 10   -8.668632823474      -12.43       -6.81    3.9    1.53s
 11   -8.668632823474      -14.27       -7.47    3.6    1.69s
Iter     Function value   Gradient norm 
     0    -8.668633e+00     1.265101e-02
 * time: 1.1920928955078125e-5
n     Energy            log10(ΔE)   log10(Δρ)   Diag   Δtime
---   ---------------   ---------   ---------   ----   ------
  1   -8.661384775470                   -0.92    7.1    2.29s
  2   -8.668314903413       -2.16       -1.55    3.0    1.59s
  3   -8.668765681137       -3.35       -2.09    4.0    1.98s
  4   -8.668786413663       -4.68       -3.23    3.8    1.58s
  5   -8.668787054111       -6.19       -3.59    4.6    2.18s
  6   -8.668787082315       -7.55       -4.47    3.7    1.44s
  7   -8.668787083794       -8.83       -4.80    4.3    2.06s
  8   -8.668787084005       -9.67       -5.83    3.6    1.43s
  9   -8.668787084009      -11.35       -6.36    4.4    2.05s
 10   -8.668787084010      -12.45       -6.99    4.1    1.65s
 11   -8.668787084010      -14.45       -7.73    3.8    1.86s
n     Energy            log10(ΔE)   log10(Δρ)   Diag   Δtime
---   ---------------   ---------   ---------   ----   ------
  1   -8.661391796523                   -0.92    7.1    2.62s
  2   -8.668319942927       -2.16       -1.55    3.0    1.56s
  3   -8.668766849936       -3.35       -2.09    4.0    1.62s
  4   -8.668786535069       -4.71       -3.22    3.8    1.85s
  5   -8.668787054831       -6.28       -3.60    4.6    1.79s
  6   -8.668787082177       -7.56       -4.42    3.9    1.73s
  7   -8.668787083830       -8.78       -4.85    4.2    1.68s
  8   -8.668787084006       -9.76       -5.84    3.7    1.72s
  9   -8.668787084009      -11.43       -6.28    4.4    1.73s
 10   -8.668787084010      -12.35       -7.08    4.0    1.86s
     1    -8.668787e+00     1.173794e-02
 * time: 51.50260591506958
n     Energy            log10(ΔE)   log10(Δρ)   Diag   Δtime
---   ---------------   ---------   ---------   ----   ------
  1   -8.662959264668                   -0.94    7.6    2.69s
  2   -8.669310873738       -2.20       -1.53    3.1    1.34s
  3   -8.669772099608       -3.34       -2.05    4.1    2.02s
  4   -8.669795517988       -4.63       -3.10    3.8    1.92s
  5   -8.669796138572       -6.21       -3.54    4.2    1.77s
  6   -8.669796164499       -7.59       -4.51    3.9    1.87s
  7   -8.669796165814       -8.88       -5.17    4.3    1.79s
  8   -8.669796165861      -10.33       -5.70    3.8    1.83s
  9   -8.669796165862      -11.96       -6.95    4.0    1.60s
 10   -8.669796165862      -13.55       -7.35    4.5    2.12s
n     Energy            log10(ΔE)   log10(Δρ)   Diag   Δtime
---   ---------------   ---------   ---------   ----   ------
  1   -8.662970779983                   -0.94    7.4    2.65s
  2   -8.669306749497       -2.20       -1.53    3.0    1.58s
  3   -8.669772774685       -3.33       -2.05    4.0    1.72s
  4   -8.669795448373       -4.64       -3.09    3.9    1.91s
  5   -8.669796135429       -6.16       -3.51    4.2    1.77s
  6   -8.669796164286       -7.54       -4.48    3.9    1.82s
  7   -8.669796165815       -8.82       -5.18    4.2    1.77s
  8   -8.669796165860      -10.34       -5.64    3.7    1.83s
  9   -8.669796165862      -11.87       -7.04    3.7    1.47s
     2    -8.669796e+00     9.633236e-04
 * time: 99.63260889053345
n     Energy            log10(ΔE)   log10(Δρ)   Diag   Δtime
---   ---------------   ---------   ---------   ----   ------
  1   -8.663014269731                   -0.95    7.3    2.60s
  2   -8.669308233964       -2.20       -1.53    3.1    1.60s
  3   -8.669780150989       -3.33       -2.06    3.8    1.65s
  4   -8.669803096482       -4.64       -3.10    3.6    1.82s
  5   -8.669803732945       -6.20       -3.52    4.2    1.71s
  6   -8.669803759530       -7.58       -4.32    3.9    1.77s
  7   -8.669803761281       -8.76       -5.20    4.0    1.62s
  8   -8.669803761329      -10.32       -5.63    3.7    1.85s
  9   -8.669803761330      -11.85       -7.04    3.8    1.50s
n     Energy            log10(ΔE)   log10(Δρ)   Diag   Δtime
---   ---------------   ---------   ---------   ----   ------
  1   -8.663020439482                   -0.95    7.3    2.62s
  2   -8.669304483074       -2.20       -1.53    2.8    1.26s
  3   -8.669780034912       -3.32       -2.06    4.1    2.07s
  4   -8.669803077008       -4.64       -3.11    3.7    1.86s
  5   -8.669803734955       -6.18       -3.54    4.1    1.75s
  6   -8.669803759537       -7.61       -4.37    3.8    1.78s
  7   -8.669803761280       -8.76       -5.12    4.1    1.67s
  8   -8.669803761328      -10.32       -5.57    3.6    1.78s
  9   -8.669803761330      -11.70       -6.85    3.6    1.48s
 10   -8.669803761331      -13.23       -7.16    4.5    2.16s
     3    -8.669804e+00     8.360243e-05
 * time: 146.8780779838562
n     Energy            log10(ΔE)   log10(Δρ)   Diag   Δtime
---   ---------------   ---------   ---------   ----   ------
  1   -8.663012485829                   -0.95    7.2    2.69s
  2   -8.669310837722       -2.20       -1.53    2.7    1.59s
  3   -8.669780043582       -3.33       -2.05    4.1    1.73s
  4   -8.669803158393       -4.64       -3.10    3.8    1.93s
  5   -8.669803791693       -6.20       -3.53    4.0    1.75s
  6   -8.669803817723       -7.58       -4.33    3.8    1.84s
  7   -8.669803819485       -8.75       -5.18    4.0    1.69s
  8   -8.669803819533      -10.32       -5.61    3.6    1.87s
  9   -8.669803819534      -11.81       -6.94    3.6    1.51s
 10   -8.669803819534      -13.27       -7.31    4.5    2.21s
n     Energy            log10(ΔE)   log10(Δρ)   Diag   Δtime
---   ---------------   ---------   ---------   ----   ------
  1   -8.663016045258                   -0.95    7.2    2.66s
  2   -8.669307875195       -2.20       -1.54    2.8    1.60s
  3   -8.669780923516       -3.33       -2.05    3.9    1.71s
  4   -8.669803155559       -4.65       -3.09    3.8    1.93s
  5   -8.669803790802       -6.20       -3.53    4.0    1.73s
  6   -8.669803817665       -7.57       -4.36    3.8    1.77s
  7   -8.669803819483       -8.74       -5.16    4.0    1.72s
  8   -8.669803819532      -10.31       -5.57    3.6    1.87s
  9   -8.669803819534      -11.72       -6.92    3.6    1.49s
 10   -8.669803819534      -13.22       -7.27    4.5    2.29s
     4    -8.669804e+00     6.793368e-07
 * time: 196.35158801078796
 * Status: success

 * Candidate solution
    Final objective value:     -8.669804e+00

 * Found with
    Algorithm:     L-BFGS

 * Convergence measures
    |x - x'|               = 1.38e-03 ≰ -1.0e+00
    |x - x'|/|x'|          = 1.31e-04 ≰ 0.0e+00
    |f(x) - f(x')|         = 5.82e-08 ≰ 1.0e-08
    |f(x) - f(x')|/|f(x')| = 6.71e-09 ≰ 0.0e+00
    |g(x)|                 = 6.79e-07 ≤ 1.0e-06

 * Work counters
    Seconds run:   196  (vs limit Inf)
    Iterations:    4
    f(x) calls:    5
    ∇f(x) calls:   5

Si: 274.238935 seconds (419.14 M allocations: 88.793 GiB, 8.63% gc time, 18.52% compilation time: <1% of which was recompilation)
n     Energy            log10(ΔE)   log10(Δρ)   Diag   Δtime
---   ---------------   ---------   ---------   ----   ------
  1   -63.17710470473                   -1.13    9.0    19.4s
  2   -63.18117394273       -2.39       -1.16    2.9    7.52s
  3   -63.18878593068       -2.12       -2.22    4.0    9.12s
  4   -63.18880641093       -4.69       -3.20    3.0    7.78s
  5   -63.18880699160       -6.24       -3.87    4.0    9.88s
  6   -63.18880702254       -7.51       -4.48    3.6    9.73s
  7   -63.18880702286       -9.49       -5.25    3.6    9.48s
  8   -63.18880702288      -10.69       -6.24    3.9    10.2s
  9   -63.18880702288      -12.36       -7.27    3.9    10.6s
Iter     Function value   Gradient norm 
     0    -6.318881e+01     5.838576e-03
 * time: 5.9604644775390625e-6
n     Energy            log10(ΔE)   log10(Δρ)   Diag   Δtime
---   ---------------   ---------   ---------   ----   ------
  1   -63.17715154385                   -1.13    8.7    17.4s
  2   -63.18122324295       -2.39       -1.16    2.9    6.88s
  3   -63.18881989508       -2.12       -2.22    3.9    9.06s
  4   -63.18884017542       -4.69       -3.20    3.1    8.04s
  5   -63.18884074121       -6.25       -3.84    4.0    9.83s
  6   -63.18884077215       -7.51       -4.47    3.5    9.94s
  7   -63.18884077248       -9.49       -5.30    3.5    9.39s
  8   -63.18884077249      -10.77       -6.29    3.9    10.3s
  9   -63.18884077249      -12.54       -7.30    3.9    10.7s
n     Energy            log10(ΔE)   log10(Δρ)   Diag   Δtime
---   ---------------   ---------   ---------   ----   ------
  1   -63.17715275563                   -1.13    8.7    16.9s
  2   -63.18124185928       -2.39       -1.16    2.9    7.01s
  3   -63.18881974349       -2.12       -2.22    3.9    9.12s
  4   -63.18884019212       -4.69       -3.20    3.1    8.06s
  5   -63.18884074128       -6.26       -3.79    4.1    9.85s
  6   -63.18884077187       -7.51       -4.46    3.5    9.56s
  7   -63.18884077248       -9.21       -5.37    3.3    9.03s
  8   -63.18884077249      -10.81       -6.40    3.9    10.1s
  9   -63.18884077249      -12.43       -7.29    4.0    10.6s
     1    -6.318884e+01     5.722214e-03
 * time: 214.53866004943848
n     Energy            log10(ΔE)   log10(Δρ)   Diag   Δtime
---   ---------------   ---------   ---------   ----   ------
  1   -63.17840622932                   -1.12    8.6    17.3s
  2   -63.18301826081       -2.34       -1.18    2.8    6.91s
  3   -63.18955153439       -2.18       -2.27    3.8    8.84s
  4   -63.18956617765       -4.83       -3.22    3.1    8.31s
  5   -63.18956666842       -6.31       -4.02    4.1    10.1s
  6   -63.18956668379       -7.81       -4.68    3.5    9.14s
  7   -63.18956668406       -9.58       -5.32    3.7    9.81s
  8   -63.18956668407      -10.87       -6.22    3.7    9.88s
  9   -63.18956668407      -12.53       -7.29    3.6    10.4s
n     Energy            log10(ΔE)   log10(Δρ)   Diag   Δtime
---   ---------------   ---------   ---------   ----   ------
  1   -63.17840541803                   -1.12    8.6    17.2s
  2   -63.18302253632       -2.34       -1.18    2.7    6.96s
  3   -63.18955177284       -2.19       -2.27    3.7    8.75s
  4   -63.18956618360       -4.84       -3.22    3.1    8.66s
  5   -63.18956666891       -6.31       -4.05    3.8    9.56s
  6   -63.18956668395       -7.82       -5.05    3.7    9.29s
  7   -63.18956668407       -9.95       -5.61    3.9    10.6s
  8   -63.18956668407      -11.18       -6.25    3.5    9.65s
  9   -63.18956668407      -12.70       -7.39    3.4    9.45s
     2    -6.318957e+01     1.011648e-03
 * time: 428.2374711036682
n     Energy            log10(ΔE)   log10(Δρ)   Diag   Δtime
---   ---------------   ---------   ---------   ----   ------
  1   -63.17836495667                   -1.12    8.7    17.7s
  2   -63.18291017351       -2.34       -1.18    2.8    7.15s
  3   -63.18956901008       -2.18       -2.26    3.9    8.98s
  4   -63.18958492887       -4.80       -3.24    3.1    8.73s
  5   -63.18958535409       -6.37       -3.99    3.9    9.82s
  6   -63.18958536928       -7.82       -4.49    3.6    9.90s
  7   -63.18958536967       -9.41       -5.25    3.2    9.38s
  8   -63.18958536969      -10.78       -6.16    3.8    10.1s
  9   -63.18958536969      -12.40       -7.09    3.7    10.3s
n     Energy            log10(ΔE)   log10(Δρ)   Diag   Δtime
---   ---------------   ---------   ---------   ----   ------
  1   -63.17836409230                   -1.12    8.5    17.3s
  2   -63.18288915208       -2.34       -1.18    2.9    7.25s
  3   -63.18956967900       -2.18       -2.27    3.7    8.76s
  4   -63.18958484887       -4.82       -3.22    3.1    8.58s
  5   -63.18958535184       -6.30       -3.98    4.0    9.82s
  6   -63.18958536932       -7.76       -4.55    3.5    9.37s
  7   -63.18958536967       -9.45       -5.25    3.5    9.56s
  8   -63.18958536969      -10.74       -6.22    3.8    10.1s
  9   -63.18958536969      -12.36       -7.31    3.9    10.9s
     3    -6.318959e+01     1.365509e-04
 * time: 643.4758310317993
n     Energy            log10(ΔE)   log10(Δρ)   Diag   Δtime
---   ---------------   ---------   ---------   ----   ------
  1   -63.17837291110                   -1.12    8.7    17.5s
  2   -63.18289144657       -2.35       -1.18    2.9    7.18s
  3   -63.18957009535       -2.18       -2.27    3.9    9.07s
  4   -63.18958522837       -4.82       -3.22    3.1    8.90s
  5   -63.18958571369       -6.31       -4.05    4.0    9.87s
  6   -63.18958572714       -7.87       -5.22    3.7    9.50s
  7   -63.18958572719      -10.24       -5.90    4.0    10.7s
  8   -63.18958572720      -11.72       -6.38    3.6    10.1s
  9   -63.18958572720      -13.37       -7.33    3.4    9.41s
n     Energy            log10(ΔE)   log10(Δρ)   Diag   Δtime
---   ---------------   ---------   ---------   ----   ------
  1   -63.17837230696                   -1.12    8.7    17.5s
  2   -63.18289821682       -2.34       -1.18    2.8    6.89s
  3   -63.18957001297       -2.18       -2.27    3.8    8.71s
  4   -63.18958522031       -4.82       -3.23    3.1    8.10s
  5   -63.18958571034       -6.31       -4.00    4.0    9.89s
  6   -63.18958572691       -7.78       -4.63    3.5    9.20s
  7   -63.18958572718       -9.57       -5.27    3.6    9.59s
  8   -63.18958572719      -10.77       -6.25    3.7    9.70s
  9   -63.18958572720      -12.42       -7.28    3.8    10.0s
     4    -6.318959e+01     2.711034e-06
 * time: 856.2366518974304
n     Energy            log10(ΔE)   log10(Δρ)   Diag   Δtime
---   ---------------   ---------   ---------   ----   ------
  1   -63.17837200798                   -1.12    8.9    17.4s
  2   -63.18292207638       -2.34       -1.18    2.8    6.66s
  3   -63.18956984940       -2.18       -2.26    3.8    8.43s
  4   -63.18958524523       -4.81       -3.23    3.1    8.22s
  5   -63.18958571013       -6.33       -3.95    4.0    9.50s
  6   -63.18958572677       -7.78       -4.41    3.8    9.73s
  7   -63.18958572732       -9.26       -5.26    3.2    8.84s
  8   -63.18958572734      -10.79       -6.20    3.8    10.0s
  9   -63.18958572734      -12.49       -7.41    3.8    10.0s
n     Energy            log10(ΔE)   log10(Δρ)   Diag   Δtime
---   ---------------   ---------   ---------   ----   ------
  1   -63.17837201424                   -1.12    8.8    17.4s
  2   -63.18290419727       -2.34       -1.18    2.9    6.91s
  3   -63.18956993423       -2.18       -2.26    4.0    8.52s
  4   -63.18958523733       -4.82       -3.22    3.1    8.18s
  5   -63.18958571010       -6.33       -3.97    4.0    9.75s
  6   -63.18958572684       -7.78       -4.47    3.6    9.24s
  7   -63.18958572732       -9.32       -5.26    3.3    8.86s
  8   -63.18958572734      -10.79       -6.19    3.9    9.83s
  9   -63.18958572734      -12.45       -7.38    3.7    10.1s
     5    -6.318959e+01     9.366793e-09
 * time: 1064.181282043457
 * Status: success

 * Candidate solution
    Final objective value:     -6.318959e+01

 * Found with
    Algorithm:     L-BFGS

 * Convergence measures
    |x - x'|               = 1.04e-04 ≰ -1.0e+00
    |x - x'|/|x'|          = 9.90e-06 ≰ 0.0e+00
    |f(x) - f(x')|         = 1.40e-10 ≤ 1.0e-08
    |f(x) - f(x')|/|f(x')| = 2.22e-12 ≰ 0.0e+00
    |g(x)|                 = 9.37e-09 ≤ 1.0e-06

 * Work counters
    Seconds run:   1064  (vs limit Inf)
    Iterations:    5
    f(x) calls:    6
    ∇f(x) calls:   6

NaCl: 1183.072250 seconds (1.21 G allocations: 329.948 GiB, 5.50% gc time, 0.27% compilation time)
n     Energy            log10(ΔE)   log10(Δρ)   Diag   Δtime
---   ---------------   ---------   ---------   ----   ------
  1   -2.352885337385                   -1.66    5.4    1.74s
  2   -2.353201378841       -3.50       -1.94    1.3    801ms
  3   -2.353401132063       -3.70       -2.62    4.2    1.71s
  4   -2.353416551997       -4.81       -3.26    4.3    1.79s
  5   -2.353416964121       -6.38       -3.74    3.4    1.24s
  6   -2.353417078962       -6.94       -4.22    3.5    1.57s
  7   -2.353417091768       -7.89       -4.82    3.3    1.25s
  8   -2.353417092755       -9.01       -5.42    3.7    1.59s
  9   -2.353417092786      -10.51       -5.81    3.5    1.28s
 10   -2.353417092791      -11.32       -6.52    3.1    1.51s
 11   -2.353417092791      -12.79       -6.78    3.5    1.31s
 12   -2.353417092791      -13.64       -7.51    2.7    1.08s
Iter     Function value   Gradient norm 
     0    -2.353417e+00     1.835932e-02
 * time: 5.9604644775390625e-6
n     Energy            log10(ΔE)   log10(Δρ)   Diag   Δtime
---   ---------------   ---------   ---------   ----   ------
  1   -2.353226673663                   -1.67    5.4    1.99s
  2   -2.353537450076       -3.51       -1.94    1.2    730ms
  3   -2.353732103377       -3.71       -2.62    4.2    1.85s
  4   -2.353747014065       -4.83       -3.25    4.2    1.48s
  5   -2.353747398935       -6.41       -3.76    3.4    1.50s
  6   -2.353747499991       -7.00       -4.21    3.5    1.32s
  7   -2.353747514397       -7.84       -4.82    3.4    1.57s
  8   -2.353747515642       -8.90       -5.45    3.9    1.38s
  9   -2.353747515677      -10.47       -6.02    3.5    1.59s
 10   -2.353747515679      -11.58       -6.65    3.1    1.24s
 11   -2.353747515679      -12.91       -7.16    3.3    1.55s
n     Energy            log10(ΔE)   log10(Δρ)   Diag   Δtime
---   ---------------   ---------   ---------   ----   ------
  1   -2.353226663451                   -1.67    5.4    2.02s
  2   -2.353536771763       -3.51       -1.94    1.3    727ms
  3   -2.353732049695       -3.71       -2.62    4.3    1.82s
  4   -2.353747015522       -4.82       -3.25    4.1    1.49s
  5   -2.353747397461       -6.42       -3.76    3.4    1.54s
  6   -2.353747499754       -6.99       -4.21    3.4    1.29s
  7   -2.353747514414       -7.83       -4.82    3.3    1.53s
  8   -2.353747515642       -8.91       -5.46    3.8    1.35s
  9   -2.353747515677      -10.46       -6.02    3.4    1.56s
 10   -2.353747515679      -11.58       -6.67    3.2    1.24s
 11   -2.353747515679      -12.90       -7.16    3.4    1.54s
     1    -2.353748e+00     1.763373e-02
 * time: 61.21747589111328
n     Energy            log10(ΔE)   log10(Δρ)   Diag   Δtime
---   ---------------   ---------   ---------   ----   ------
  1   -2.358298316715                   -1.79    5.6    1.74s
  2   -2.358473313209       -3.76       -2.07    1.3    612ms
  3   -2.358563993979       -4.04       -2.83    4.3    1.54s
  4   -2.358570480419       -5.19       -3.35    4.1    1.31s
  5   -2.358571150739       -6.17       -4.15    3.8    1.41s
  6   -2.358571172216       -7.67       -4.39    3.9    1.14s
  7   -2.358571177219       -8.30       -4.56    3.7    1.39s
  8   -2.358571179658       -8.61       -5.96    3.1    961ms
  9   -2.358571179662      -11.35       -5.90    4.1    1.49s
 10   -2.358571179667      -11.33       -6.52    2.9    945ms
 11   -2.358571179667      -12.52       -7.38    3.2    1.30s
n     Energy            log10(ΔE)   log10(Δρ)   Diag   Δtime
---   ---------------   ---------   ---------   ----   ------
  1   -2.358300559194                   -1.79    5.6    1.75s
  2   -2.358473757382       -3.76       -2.07    1.3    606ms
  3   -2.358563998731       -4.04       -2.83    4.4    1.52s
  4   -2.358570476657       -5.19       -3.35    4.1    1.20s
  5   -2.358571150841       -6.17       -4.15    3.8    1.40s
  6   -2.358571172528       -7.66       -4.40    3.9    1.10s
  7   -2.358571177521       -8.30       -4.59    3.7    1.35s
  8   -2.358571179655       -8.67       -5.85    3.1    946ms
  9   -2.358571179663      -11.10       -5.93    4.0    1.41s
 10   -2.358571179667      -11.38       -6.66    2.8    890ms
 11   -2.358571179667      -12.76       -7.39    3.4    1.29s
     2    -2.358571e+00     5.552004e-03
 * time: 118.6769528388977
n     Energy            log10(ΔE)   log10(Δρ)   Diag   Δtime
---   ---------------   ---------   ---------   ----   ------
  1   -2.359173236576                   -1.85    5.6    1.77s
  2   -2.359306170124       -3.88       -2.14    1.2    901ms
  3   -2.359367224776       -4.21       -2.89    4.4    1.28s
  4   -2.359371712607       -5.35       -3.30    4.1    1.49s
  5   -2.359372457861       -6.13       -3.77    3.5    1.06s
  6   -2.359372570784       -6.95       -4.21    3.8    1.46s
  7   -2.359372579364       -8.07       -4.44    3.8    1.20s
  8   -2.359372583807       -8.35       -5.15    3.2    1.33s
  9   -2.359372583913       -9.98       -5.53    2.7    892ms
 10   -2.359372583932      -10.71       -6.32    2.9    1.24s
 11   -2.359372583932      -12.56       -6.58    2.7    901ms
 12   -2.359372583932      -14.12       -7.45    2.8    1.24s
n     Energy            log10(ΔE)   log10(Δρ)   Diag   Δtime
---   ---------------   ---------   ---------   ----   ------
  1   -2.359173121218                   -1.85    5.7    1.75s
  2   -2.359305996689       -3.88       -2.14    1.3    596ms
  3   -2.359367160114       -4.21       -2.89    4.3    1.51s
  4   -2.359371724277       -5.34       -3.31    4.0    1.18s
  5   -2.359372459830       -6.13       -3.77    3.4    1.31s
  6   -2.359372570608       -6.96       -4.20    3.8    1.15s
  7   -2.359372579562       -8.05       -4.45    3.8    1.39s
  8   -2.359372583818       -8.37       -5.17    3.3    994ms
  9   -2.359372583910      -10.04       -5.50    2.7    1.17s
 10   -2.359372583932      -10.65       -6.35    2.9    910ms
 11   -2.359372583932      -12.55       -6.50    2.9    1.22s
 12   -2.359372583932      -13.23       -7.27    2.7    874ms
     3    -2.359373e+00     2.679230e-03
 * time: 177.83377480506897
n     Energy            log10(ΔE)   log10(Δρ)   Diag   Δtime
---   ---------------   ---------   ---------   ----   ------
  1   -2.359534792016                   -1.91    5.6    3.11s
  2   -2.359637272541       -3.99       -2.20    1.2    1.23s
  3   -2.359679731258       -4.37       -3.01    4.3    2.72s
  4   -2.359682434050       -5.57       -3.50    4.1    2.63s
  5   -2.359682741329       -6.51       -4.02    3.7    2.24s
  6   -2.359682786628       -7.34       -4.62    3.6    2.40s
  7   -2.359682789991       -8.47       -4.97    3.5    2.07s
  8   -2.359682790487       -9.30       -5.93    3.3    2.21s
  9   -2.359682790492      -11.24       -6.48    3.5    2.12s
 10   -2.359682790493      -12.47       -6.88    3.4    2.33s
 11   -2.359682790493      -13.25       -8.01    2.6    1.75s
n     Energy            log10(ΔE)   log10(Δρ)   Diag   Δtime
---   ---------------   ---------   ---------   ----   ------
  1   -2.359535156127                   -1.91    5.6    3.13s
  2   -2.359637338262       -3.99       -2.20    1.3    1.24s
  3   -2.359679709643       -4.37       -3.01    4.2    2.68s
  4   -2.359682436304       -5.56       -3.50    4.0    2.61s
  5   -2.359682741945       -6.51       -4.03    3.7    2.22s
  6   -2.359682786658       -7.35       -4.62    3.5    2.46s
  7   -2.359682789997       -8.48       -4.97    3.6    2.17s
  8   -2.359682790487       -9.31       -5.94    3.2    2.31s
  9   -2.359682790492      -11.25       -6.49    3.5    2.18s
 10   -2.359682790493      -12.49       -6.86    3.5    2.48s
 11   -2.359682790493      -13.22       -7.96    2.8    1.86s
     4    -2.359683e+00     4.159991e-04
 * time: 259.08864188194275
n     Energy            log10(ΔE)   log10(Δρ)   Diag   Δtime
---   ---------------   ---------   ---------   ----   ------
  1   -2.359549044378                   -1.92    5.7    3.24s
  2   -2.359647398216       -4.01       -2.22    1.1    1.20s
  3   -2.359687217774       -4.40       -3.02    4.2    2.70s
  4   -2.359689789315       -5.59       -3.51    4.1    2.65s
  5   -2.359690077797       -6.54       -4.04    3.7    2.24s
  6   -2.359690118897       -7.39       -4.66    3.6    2.49s
  7   -2.359690121568       -8.57       -4.98    3.6    2.18s
  8   -2.359690121945       -9.42       -5.88    3.2    2.32s
  9   -2.359690121951      -11.20       -6.52    3.2    2.07s
 10   -2.359690121951   +  -12.66       -6.83    3.5    2.46s
 11   -2.359690121951      -12.70       -8.01    2.7    1.82s
n     Energy            log10(ΔE)   log10(Δρ)   Diag   Δtime
---   ---------------   ---------   ---------   ----   ------
  1   -2.359548069214                   -1.92    5.7    3.13s
  2   -2.359647243072       -4.00       -2.22    1.2    1.19s
  3   -2.359687205328       -4.40       -3.02    4.2    2.69s
  4   -2.359689793375       -5.59       -3.51    4.1    2.66s
  5   -2.359690076269       -6.55       -4.03    3.7    2.18s
  6   -2.359690118390       -7.38       -4.64    3.6    2.44s
  7   -2.359690121670       -8.48       -5.04    3.7    2.18s
  8   -2.359690121945       -9.56       -5.92    3.2    2.25s
  9   -2.359690121951      -11.24       -6.65    3.3    2.05s
 10   -2.359690121951   +  -13.07       -6.90    3.3    2.27s
 11   -2.359690121951      -12.75       -7.91    2.8    1.78s
     5    -2.359690e+00     4.063902e-06
 * time: 340.2622900009155
n     Energy            log10(ΔE)   log10(Δρ)   Diag   Δtime
---   ---------------   ---------   ---------   ----   ------
  1   -2.359548497790                   -1.92    5.8    3.27s
  2   -2.359647330483       -4.01       -2.22    1.3    1.26s
  3   -2.359687201953       -4.40       -3.02    4.3    2.75s
  4   -2.359689794745       -5.59       -3.51    4.1    2.66s
  5   -2.359690076899       -6.55       -4.03    3.7    2.24s
  6   -2.359690119130       -7.37       -4.64    3.5    2.47s
  7   -2.359690122430       -8.48       -5.05    3.7    2.25s
  8   -2.359690122699       -9.57       -5.92    3.3    2.37s
  9   -2.359690122705      -11.26       -6.65    3.3    2.11s
 10   -2.359690122705   +  -13.48       -6.91    3.2    2.34s
 11   -2.359690122705      -12.80       -7.97    2.8    1.84s
n     Energy            log10(ΔE)   log10(Δρ)   Diag   Δtime
---   ---------------   ---------   ---------   ----   ------
  1   -2.359549815825                   -1.92    5.9    3.30s
  2   -2.359647730890       -4.01       -2.22    1.3    1.25s
  3   -2.359687247734       -4.40       -3.02    4.2    2.77s
  4   -2.359689787247       -5.60       -3.51    4.2    2.73s
  5   -2.359690076905       -6.54       -4.03    3.7    2.22s
  6   -2.359690119164       -7.37       -4.64    3.6    2.50s
  7   -2.359690122406       -8.49       -5.03    3.7    2.17s
  8   -2.359690122698       -9.53       -5.88    3.3    2.29s
  9   -2.359690122705      -11.17       -6.65    3.3    2.02s
 10   -2.359690122705   +  -13.15       -6.84    3.4    2.31s
 11   -2.359690122705      -12.68       -7.94    2.8    1.83s
     6    -2.359690e+00     7.446134e-08
 * time: 422.20195388793945
 * Status: success

 * Candidate solution
    Final objective value:     -2.359690e+00

 * Found with
    Algorithm:     L-BFGS

 * Convergence measures
    |x - x'|               = 3.47e-04 ≰ -1.0e+00
    |x - x'|/|x'|          = 4.06e-05 ≰ 0.0e+00
    |f(x) - f(x')|         = 7.54e-10 ≤ 1.0e-08
    |f(x) - f(x')|/|f(x')| = 3.19e-10 ≰ 0.0e+00
    |g(x)|                 = 7.45e-08 ≤ 1.0e-06

 * Work counters
    Seconds run:   422  (vs limit Inf)
    Iterations:    6
    f(x) calls:    7
    ∇f(x) calls:   7

Al: 459.169434 seconds (403.47 M allocations: 106.384 GiB, 6.95% gc time, 0.00% compilation time)
n     Energy            log10(ΔE)   log10(Δρ)   Diag   Δtime
---   ---------------   ---------   ---------   ----   ------
  1   -74.64609548566                   -1.14    9.4    9.01s
  2   -74.64794124720       -2.73       -1.33    3.7    4.35s
  3   -74.64924945635       -2.88       -1.95    5.8    6.36s
  4   -74.64928888903       -4.40       -2.43    5.2    5.71s
  5   -74.64929178841       -5.54       -2.97    5.2    5.84s
  6   -74.64929192373       -6.87       -3.44    4.8    5.25s
  7   -74.64929194052       -7.78       -3.98    5.0    5.61s
  8   -74.64929194241       -8.72       -4.32    5.0    5.14s
  9   -74.64929194360       -8.93       -4.75    4.4    4.96s
 10   -74.64929194383       -9.64       -5.13    4.5    5.07s
 11   -74.64929194382   +  -11.03       -5.60    4.9    4.97s
 12   -74.64929194382      -11.15       -6.02    5.0    5.01s
 13   -74.64929194382      -11.79       -6.43    4.5    5.18s
 14   -74.64929194382      -13.00       -6.92    4.1    4.70s
 15   -74.64929194382      -12.57       -7.62    5.3    5.67s
Iter     Function value   Gradient norm 
     0    -7.464929e+01     2.306988e-03
 * time: 5.9604644775390625e-6
n     Energy            log10(ΔE)   log10(Δρ)   Diag   Δtime
---   ---------------   ---------   ---------   ----   ------
  1   -74.64609709445                   -1.14    9.5    9.42s
  2   -74.64793942878       -2.73       -1.33    3.8    4.40s
  3   -74.64925465257       -2.88       -1.95    5.9    6.36s
  4   -74.64929370529       -4.41       -2.43    5.1    5.69s
  5   -74.64929669718       -5.52       -2.96    5.3    5.81s
  6   -74.64929684497       -6.83       -3.43    5.0    5.47s
  7   -74.64929686185       -7.77       -3.98    4.9    5.25s
  8   -74.64929686364       -8.75       -4.31    5.0    5.21s
  9   -74.64929686486       -8.91       -4.75    4.4    4.86s
 10   -74.64929686508       -9.66       -5.13    4.5    5.12s
 11   -74.64929686507   +  -11.13       -5.61    5.0    5.24s
 12   -74.64929686507      -11.21       -6.04    5.0    5.19s
 13   -74.64929686508      -11.83       -6.43    4.7    5.23s
 14   -74.64929686508      -13.15       -6.92    4.0    4.52s
 15   -74.64929686508      -12.77       -7.63    5.2    5.61s
n     Energy            log10(ΔE)   log10(Δρ)   Diag   Δtime
---   ---------------   ---------   ---------   ----   ------
  1   -74.64609531155                   -1.14    9.4    9.42s
  2   -74.64794669590       -2.73       -1.33    3.8    4.55s
  3   -74.64925381479       -2.88       -1.95    5.9    6.42s
  4   -74.64929385157       -4.40       -2.43    5.1    5.74s
  5   -74.64929671522       -5.54       -2.98    5.3    5.98s
  6   -74.64929684561       -6.88       -3.44    4.8    5.28s
  7   -74.64929686172       -7.79       -3.98    5.0    5.36s
  8   -74.64929686364       -8.72       -4.31    5.0    5.36s
  9   -74.64929686486       -8.91       -4.75    4.4    5.01s
 10   -74.64929686508       -9.67       -5.15    4.5    5.24s
 11   -74.64929686507   +  -11.10       -5.59    4.9    5.01s
 12   -74.64929686507      -11.19       -6.03    5.0    5.09s
 13   -74.64929686508      -11.89       -6.43    4.5    5.24s
 14   -74.64929686508      -12.89       -6.91    4.1    4.77s
 15   -74.64929686508      -12.89       -7.63    5.3    5.67s
     1    -7.464930e+01     1.960076e-03
 * time: 226.85273599624634
n     Energy            log10(ΔE)   log10(Δρ)   Diag   Δtime
---   ---------------   ---------   ---------   ----   ------
  1   -74.64607880109                   -1.14    9.8    9.59s
  2   -74.64794341673       -2.73       -1.33    3.9    4.57s
  3   -74.64926641445       -2.88       -1.94    6.0    6.52s
  4   -74.64930673670       -4.39       -2.43    5.3    5.90s
  5   -74.64930959075       -5.54       -2.97    5.1    5.84s
  6   -74.64930971181       -6.92       -3.43    4.9    5.23s
  7   -74.64930972604       -7.85       -3.97    5.1    5.57s
  8   -74.64930972813       -8.68       -4.28    5.2    5.42s
  9   -74.64930972931       -8.93       -4.80    4.6    5.03s
 10   -74.64930972949       -9.76       -5.16    4.5    5.14s
 11   -74.64930972948   +  -11.05       -5.65    4.8    4.95s
 12   -74.64930972949      -11.17       -6.14    5.0    5.25s
 13   -74.64930972949      -11.93       -6.52    4.4    5.23s
 14   -74.64930972949      -12.59       -6.98    4.2    4.78s
 15   -74.64930972949      -12.47       -7.63    5.3    5.62s
n     Energy            log10(ΔE)   log10(Δρ)   Diag   Δtime
---   ---------------   ---------   ---------   ----   ------
  1   -74.64607827716                   -1.14    9.7    9.78s
  2   -74.64794440709       -2.73       -1.33    3.8    4.55s
  3   -74.64926599935       -2.88       -1.94    6.0    6.53s
  4   -74.64930682516       -4.39       -2.43    5.2    5.78s
  5   -74.64930960368       -5.56       -2.98    5.1    5.80s
  6   -74.64930971249       -6.96       -3.43    4.9    5.28s
  7   -74.64930972580       -7.88       -3.97    5.0    5.50s
  8   -74.64930972819       -8.62       -4.27    5.2    5.45s
  9   -74.64930972932       -8.95       -4.81    4.5    4.84s
 10   -74.64930972949       -9.77       -5.18    4.5    5.18s
 11   -74.64930972948   +  -11.13       -5.66    4.8    5.04s
 12   -74.64930972949      -11.20       -6.15    5.0    5.26s
 13   -74.64930972949      -11.98       -6.53    4.4    5.48s
 14   -74.64930972949      -12.45       -7.01    4.4    4.88s
     2    -7.464931e+01     1.970151e-05
 * time: 450.806941986084
n     Energy            log10(ΔE)   log10(Δρ)   Diag   Δtime
---   ---------------   ---------   ---------   ----   ------
  1   -74.64607695174                   -1.14    9.4    9.53s
  2   -74.64793564621       -2.73       -1.33    3.7    4.48s
  3   -74.64926711922       -2.88       -1.95    5.8    6.28s
  4   -74.64930666543       -4.40       -2.43    5.1    5.59s
  5   -74.64930958357       -5.53       -2.96    5.1    5.71s
  6   -74.64930971205       -6.89       -3.43    4.8    5.20s
  7   -74.64930972718       -7.82       -3.97    5.0    5.26s
  8   -74.64930972943       -8.65       -4.27    5.2    5.36s
  9   -74.64930973062       -8.93       -4.79    4.5    5.03s
 10   -74.64930973080       -9.74       -5.16    4.5    5.25s
 11   -74.64930973079   +  -11.11       -5.66    4.9    5.12s
 12   -74.64930973080      -11.18       -6.13    5.0    5.25s
 13   -74.64930973080      -11.94       -6.49    4.4    5.28s
 14   -74.64930973080      -12.47       -6.99    4.3    5.17s
 15   -74.64930973080      -12.55       -7.63    5.3    5.89s
n     Energy            log10(ΔE)   log10(Δρ)   Diag   Δtime
---   ---------------   ---------   ---------   ----   ------
  1   -74.64607664414                   -1.14    9.4    9.70s
  2   -74.64793515343       -2.73       -1.33    3.8    4.57s
  3   -74.64926682552       -2.88       -1.95    5.9    6.51s
  4   -74.64930683321       -4.40       -2.43    5.2    5.84s
  5   -74.64930959809       -5.56       -2.96    5.1    5.76s
  6   -74.64930971306       -6.94       -3.43    4.8    5.61s
  7   -74.64930972692       -7.86       -3.97    4.9    5.23s
  8   -74.64930972956       -8.58       -4.28    5.1    5.45s
  9   -74.64930973063       -8.97       -4.81    4.6    5.06s
 10   -74.64930973080       -9.78       -5.17    4.5    5.29s
 11   -74.64930973079   +  -11.17       -5.67    4.7    5.03s
 12   -74.64930973080      -11.21       -6.14    5.0    5.65s
 13   -74.64930973080      -12.03       -6.51    4.4    5.15s
 14   -74.64930973080      -12.37       -7.03    4.3    4.79s
     3    -7.464931e+01     1.605516e-07
 * time: 676.6373219490051
┌ Info: Threading setup: 
│   Threads.nthreads() = 1
│   n_DFTK = 1
│   n_fft = 1
└   n_blas = 1
┌ Info: 2025-05-15T16:35:44.813
│   name = "Si"
│   Ecut = 18.0
│   kgrid = MonkhorstPack([14, 14, 14])
│   p0 = ComponentVector{Float64}(a = 10.347246312603742)
│   temperature = 0.001
└   smearing = DFTK.Smearing.Gaussian()
┌ Info: 2025-05-15T16:40:19.666
│   name = "NaCl"
│   Ecut = 44.0
│   kgrid = MonkhorstPack([13, 13, 13])
│   p0 = ComponentVector{Float64}(a = 10.746130571470083)
│   temperature = 0
└   smearing = DFTK.Smearing.None()
┌ Info: 2025-05-15T17:00:02.773
│   name = "Al"
│   Ecut = 20.0
│   kgrid = MonkhorstPack([18, 18, 18])
│   p0 = ComponentVector{Float64}(a = 7.641925528121933)
│   temperature = 0.001
└   smearing = DFTK.Smearing.Gaussian()
┌ Info: 2025-05-15T17:07:41.943
│   name = "V"
│   Ecut = 42.0
│   kgrid = MonkhorstPack([20, 20, 20])
│   p0 = ComponentVector{Float64}(a = 5.699267600684394)
│   temperature = 0.001
└   smearing = DFTK.Smearing.Gaussian()
┌ Warning: Negative ρcore detected: -3.4151886922104144e-8
└ @ DFTK ~/.julia/packages/DFTK/n2IL4/src/terms/xc.jl:39
┌ Warning: Negative ρcore detected: Dual{ForwardDiff.Tag{var"#19#21"{@NamedTuple{ham::Hamiltonian, basis::PlaneWaveBasis{Float64, Float64, DFTK.CPU, FFTGrid{Float64, Float64, Array{StaticArraysCore.SVector{3, Int64}, 3}, Array{StaticArraysCore.SVector{3, Float64}, 3}}, Vector{StaticArraysCore.SVector{3, Int64}}}, energies::Energies{Float64}, converged::Bool, occupation_threshold::Float64, ρ::Array{Float64, 4}, τ::Nothing, α::Float64, eigenvalues::Vector{Vector{Float64}}, occupation::Vector{Vector{Float64}}, εF::Float64, n_bands_converge::Int64, n_iter::Int64, n_matvec::Int64, ψ::Vector{Matrix{ComplexF64}}, diagonalization::Vector{@NamedTuple{λ::Vector{Vector{Float64}}, X::Vector{Matrix{ComplexF64}}, residual_norms::Vector{Vector{Float64}}, n_iter::Vector{Int64}, converged::Bool, n_matvec::Int64}}, stage::Symbol, history_Δρ::Vector{Float64}, history_Etot::Vector{Float64}, timedout::Bool, runtime_ns::UInt64, algorithm::String}, Model{Float64, Float64}, Float64, MonkhorstPack, var"#case#4"{Matrix{Float64}, Float64, MonkhorstPack, Vector{StaticArraysCore.SVector{3, Float64}}, Vector{ElementPsp{PspUpf{Float64, Interpolations.Extrapolation{Float64, 1, Interpolations.GriddedInterpolation{Float64, 1, Vector{Float64}, Interpolations.Gridded{Interpolations.Linear{Interpolations.Throw{Interpolations.OnGrid}}}, Tuple{Vector{Float64}}}, Interpolations.Gridded{Interpolations.Linear{Interpolations.Throw{Interpolations.OnGrid}}}, Interpolations.Throw{Nothing}}}}}, Float64, Float64, String}}, Float64}}(-3.4151886922104144e-8,-1.2413273474001241e-8)
└ @ DFTK ~/.julia/packages/DFTK/n2IL4/src/terms/xc.jl:39
┌ Warning: Negative ρcore detected: -3.416945678366434e-8
└ @ DFTK ~/.julia/packages/DFTK/n2IL4/src/terms/xc.jl:39
┌ Warning: Negative ρcore detected: -3.416945678366434e-8
└ @ DFTK ~/.julia/packages/DFTK/n2IL4/src/terms/xc.jl:39
┌ Warning: Negative ρcore detected: Dual{ForwardDiff.Tag{var"#19#21"{@NamedTuple{ham::Hamiltonian, basis::PlaneWaveBasis{Float64, Float64, DFTK.CPU, FFTGrid{Float64, Float64, Array{StaticArraysCore.SVector{3, Int64}, 3}, Array{StaticArraysCore.SVector{3, Float64}, 3}}, Vector{StaticArraysCore.SVector{3, Int64}}}, energies::Energies{Float64}, converged::Bool, occupation_threshold::Float64, ρ::Array{Float64, 4}, τ::Nothing, α::Float64, eigenvalues::Vector{Vector{Float64}}, occupation::Vector{Vector{Float64}}, εF::Float64, n_bands_converge::Int64, n_iter::Int64, n_matvec::Int64, ψ::Vector{Matrix{ComplexF64}}, diagonalization::Vector{@NamedTuple{λ::Vector{Vector{Float64}}, X::Vector{Matrix{ComplexF64}}, residual_norms::Vector{Vector{Float64}}, n_iter::Vector{Int64}, converged::Bool, n_matvec::Int64}}, stage::Symbol, history_Δρ::Vector{Float64}, history_Etot::Vector{Float64}, timedout::Bool, runtime_ns::UInt64, algorithm::String}, Model{Float64, Float64}, Float64, MonkhorstPack, var"#case#4"{Matrix{Float64}, Float64, MonkhorstPack, Vector{StaticArraysCore.SVector{3, Float64}}, Vector{ElementPsp{PspUpf{Float64, Interpolations.Extrapolation{Float64, 1, Interpolations.GriddedInterpolation{Float64, 1, Vector{Float64}, Interpolations.Gridded{Interpolations.Linear{Interpolations.Throw{Interpolations.OnGrid}}}, Tuple{Vector{Float64}}}, Interpolations.Gridded{Interpolations.Linear{Interpolations.Throw{Interpolations.OnGrid}}}, Interpolations.Throw{Nothing}}}}}, Float64, Float64, String}}, Float64}}(-3.416945678366434e-8,-2.8461556860050118e-9)
└ @ DFTK ~/.julia/packages/DFTK/n2IL4/src/terms/xc.jl:39
┌ Warning: Negative ρcore detected: -3.38687843095424e-8
└ @ DFTK ~/.julia/packages/DFTK/n2IL4/src/terms/xc.jl:39
┌ Warning: Negative ρcore detected: -3.38687843095424e-8
└ @ DFTK ~/.julia/packages/DFTK/n2IL4/src/terms/xc.jl:39
┌ Warning: Negative ρcore detected: Dual{ForwardDiff.Tag{var"#19#21"{@NamedTuple{ham::Hamiltonian, basis::PlaneWaveBasis{Float64, Float64, DFTK.CPU, FFTGrid{Float64, Float64, Array{StaticArraysCore.SVector{3, Int64}, 3}, Array{StaticArraysCore.SVector{3, Float64}, 3}}, Vector{StaticArraysCore.SVector{3, Int64}}}, energies::Energies{Float64}, converged::Bool, occupation_threshold::Float64, ρ::Array{Float64, 4}, τ::Nothing, α::Float64, eigenvalues::Vector{Vector{Float64}}, occupation::Vector{Vector{Float64}}, εF::Float64, n_bands_converge::Int64, n_iter::Int64, n_matvec::Int64, ψ::Vector{Matrix{ComplexF64}}, diagonalization::Vector{@NamedTuple{λ::Vector{Vector{Float64}}, X::Vector{Matrix{ComplexF64}}, residual_norms::Vector{Vector{Float64}}, n_iter::Vector{Int64}, converged::Bool, n_matvec::Int64}}, stage::Symbol, history_Δρ::Vector{Float64}, history_Etot::Vector{Float64}, timedout::Bool, runtime_ns::UInt64, algorithm::String}, Model{Float64, Float64}, Float64, MonkhorstPack, var"#case#4"{Matrix{Float64}, Float64, MonkhorstPack, Vector{StaticArraysCore.SVector{3, Float64}}, Vector{ElementPsp{PspUpf{Float64, Interpolations.Extrapolation{Float64, 1, Interpolations.GriddedInterpolation{Float64, 1, Vector{Float64}, Interpolations.Gridded{Interpolations.Linear{Interpolations.Throw{Interpolations.OnGrid}}}, Tuple{Vector{Float64}}}, Interpolations.Gridded{Interpolations.Linear{Interpolations.Throw{Interpolations.OnGrid}}}, Interpolations.Throw{Nothing}}}}}, Float64, Float64, String}}, Float64}}(-3.38687843095424e-8,4.809897955090831e-8)
└ @ DFTK ~/.julia/packages/DFTK/n2IL4/src/terms/xc.jl:39
┌ Warning: Negative ρcore detected: -3.386238614252843e-8
└ @ DFTK ~/.julia/packages/DFTK/n2IL4/src/terms/xc.jl:39
┌ Warning: Negative ρcore detected: -3.386238614252843e-8
└ @ DFTK ~/.julia/packages/DFTK/n2IL4/src/terms/xc.jl:39
┌ Warning: Negative ρcore detected: Dual{ForwardDiff.Tag{var"#19#21"{@NamedTuple{ham::Hamiltonian, basis::PlaneWaveBasis{Float64, Float64, DFTK.CPU, FFTGrid{Float64, Float64, Array{StaticArraysCore.SVector{3, Int64}, 3}, Array{StaticArraysCore.SVector{3, Float64}, 3}}, Vector{StaticArraysCore.SVector{3, Int64}}}, energies::Energies{Float64}, converged::Bool, occupation_threshold::Float64, ρ::Array{Float64, 4}, τ::Nothing, α::Float64, eigenvalues::Vector{Vector{Float64}}, occupation::Vector{Vector{Float64}}, εF::Float64, n_bands_converge::Int64, n_iter::Int64, n_matvec::Int64, ψ::Vector{Matrix{ComplexF64}}, diagonalization::Vector{@NamedTuple{λ::Vector{Vector{Float64}}, X::Vector{Matrix{ComplexF64}}, residual_norms::Vector{Vector{Float64}}, n_iter::Vector{Int64}, converged::Bool, n_matvec::Int64}}, stage::Symbol, history_Δρ::Vector{Float64}, history_Etot::Vector{Float64}, timedout::Bool, runtime_ns::UInt64, algorithm::String}, Model{Float64, Float64}, Float64, MonkhorstPack, var"#case#4"{Matrix{Float64}, Float64, MonkhorstPack, Vector{StaticArraysCore.SVector{3, Float64}}, Vector{ElementPsp{PspUpf{Float64, Interpolations.Extrapolation{Float64, 1, Interpolations.GriddedInterpolation{Float64, 1, Vector{Float64}, Interpolations.Gridded{Interpolations.Linear{Interpolations.Throw{Interpolations.OnGrid}}}, Tuple{Vector{Float64}}}, Interpolations.Gridded{Interpolations.Linear{Interpolations.Throw{Interpolations.OnGrid}}}, Interpolations.Throw{Nothing}}}}}, Float64, Float64, String}}, Float64}}(-3.386238614252843e-8,4.858911137035261e-8)
└ @ DFTK ~/.julia/packages/DFTK/n2IL4/src/terms/xc.jl:39
 * Status: success

 * Candidate solution
    Final objective value:     -7.464931e+01

 * Found with
    Algorithm:     L-BFGS

 * Convergence measures
    |x - x'|               = 1.32e-04 ≰ -1.0e+00
    |x - x'|/|x'|          = 2.32e-05 ≰ 0.0e+00
    |f(x) - f(x')|         = 1.31e-09 ≤ 1.0e-08
    |f(x) - f(x')|/|f(x')| = 1.76e-11 ≰ 0.0e+00
    |g(x)|                 = 1.61e-07 ≤ 1.0e-06

 * Work counters
    Seconds run:   677  (vs limit Inf)
    Iterations:    3
    f(x) calls:    4
    ∇f(x) calls:   4

V: 800.617622 seconds (572.81 M allocations: 268.744 GiB, 6.54% gc time, 0.01% compilation time)
