n     Energy            log10(ΔE)   log10(Δρ)   Diag   Δtime
---   ---------------   ---------   ---------   ----   ------
  1   -8.698928495368                   -0.91    7.1    11.6s
  2   -8.707463037162       -2.07       -1.52    3.1    5.11s
  3   -8.708182765432       -3.14       -1.98    4.0    2.00s
  4   -8.708224771598       -4.38       -3.00    3.6    1.57s
  5   -8.708226255187       -5.83       -3.38    4.2    2.00s
  6   -8.708226347224       -7.04       -4.50    3.9    1.83s
  7   -8.708226350626       -8.47       -4.66    4.6    1.86s
  8   -8.708226351022       -9.40       -5.92    3.4    1.60s
  9   -8.708226351030      -11.10       -6.18    4.8    1.88s
 10   -8.708226351030      -12.22       -6.76    4.0    1.74s
 11   -8.708226351030      -13.91       -7.28    3.9    1.54s
Iter     Function value   Gradient norm 
     0    -8.708226e+00     1.598812e-02
 * time: 7.867813110351562e-6
n     Energy            log10(ΔE)   log10(Δρ)   Diag   Δtime
---   ---------------   ---------   ---------   ----   ------
  1   -8.699242064650                   -0.91    7.1    2.60s
  2   -8.707723776253       -2.07       -1.52    3.3    1.33s
  3   -8.708431252001       -3.15       -1.99    3.9    2.03s
  4   -8.708470975728       -4.40       -3.00    3.7    1.52s
  5   -8.708472562886       -5.80       -3.35    4.5    2.09s
  6   -8.708472677525       -6.94       -4.38    4.0    1.49s
  7   -8.708472682412       -8.31       -4.95    4.4    2.07s
  8   -8.708472682582       -9.77       -5.82    3.7    1.48s
  9   -8.708472682584      -11.70       -6.37    4.2    1.92s
 10   -8.708472682584      -12.43       -7.45    4.1    1.60s
n     Energy            log10(ΔE)   log10(Δρ)   Diag   Δtime
---   ---------------   ---------   ---------   ----   ------
  1   -8.699248961962                   -0.91    7.1    2.59s
  2   -8.707731692079       -2.07       -1.52    3.3    1.34s
  3   -8.708431033643       -3.16       -2.00    3.9    1.92s
  4   -8.708470969527       -4.40       -3.00    3.9    1.88s
  5   -8.708472560202       -5.80       -3.35    4.4    1.75s
  6   -8.708472677320       -6.93       -4.36    3.8    1.74s
  7   -8.708472682376       -8.30       -4.90    4.4    1.79s
  8   -8.708472682581       -9.69       -5.79    3.6    1.79s
  9   -8.708472682584      -11.59       -6.44    4.0    1.65s
 10   -8.708472682584      -12.54       -7.39    4.1    1.95s
     1    -8.708473e+00     1.482921e-02
 * time: 49.77843689918518
n     Energy            log10(ΔE)   log10(Δρ)   Diag   Δtime
---   ---------------   ---------   ---------   ----   ------
  1   -8.701650084453                   -0.94    7.3    2.71s
  2   -8.709311988287       -2.12       -1.51    3.1    1.34s
  3   -8.710050853532       -3.13       -1.96    4.0    2.01s
  4   -8.710096797924       -4.34       -2.89    3.8    1.92s
  5   -8.710098507726       -5.77       -3.34    4.0    1.71s
  6   -8.710098598608       -7.04       -4.42    3.8    1.80s
  7   -8.710098603423       -8.32       -4.84    4.4    1.85s
  8   -8.710098603639       -9.67       -5.33    3.2    1.68s
  9   -8.710098603647      -11.09       -6.66    3.7    1.51s
 10   -8.710098603648      -12.69       -6.92    4.5    2.24s
 11   -8.710098603648      -14.15       -7.47    2.9    1.32s
n     Energy            log10(ΔE)   log10(Δρ)   Diag   Δtime
---   ---------------   ---------   ---------   ----   ------
  1   -8.701613737316                   -0.94    7.3    2.69s
  2   -8.709310506546       -2.11       -1.51    3.0    1.33s
  3   -8.710050160814       -3.13       -1.96    4.0    2.03s
  4   -8.710096433508       -4.33       -2.89    3.7    1.85s
  5   -8.710098496716       -5.69       -3.31    4.0    1.74s
  6   -8.710098598228       -6.99       -4.47    3.7    1.79s
  7   -8.710098603398       -8.29       -4.82    4.6    1.95s
  8   -8.710098603640       -9.62       -5.33    3.3    1.70s
  9   -8.710098603647      -11.12       -6.66    3.7    1.53s
 10   -8.710098603648      -12.71       -7.42    4.5    2.14s
     2    -8.710099e+00     1.525883e-03
 * time: 101.55340003967285
n     Energy            log10(ΔE)   log10(Δρ)   Diag   Δtime
---   ---------------   ---------   ---------   ----   ------
  1   -8.701795975061                   -0.94    7.2    2.59s
  2   -8.709354802926       -2.12       -1.52    3.0    1.55s
  3   -8.710072197887       -3.14       -1.96    3.9    1.69s
  4   -8.710116723944       -4.35       -3.38    3.7    1.82s
  5   -8.710118427100       -5.77       -3.63    4.8    1.99s
  6   -8.710118450860       -7.62       -4.11    3.9    1.80s
  7   -8.710118454341       -8.46       -4.58    3.8    1.50s
  8   -8.710118454734       -9.41       -6.00    3.5    1.77s
  9   -8.710118454741      -11.18       -6.36    4.8    1.94s
 10   -8.710118454741      -12.99       -6.97    3.9    1.86s
 11   -8.710118454741      -14.45       -7.67    3.5    1.47s
n     Energy            log10(ΔE)   log10(Δρ)   Diag   Δtime
---   ---------------   ---------   ---------   ----   ------
  1   -8.701792168677                   -0.94    7.0    2.57s
  2   -8.709346751257       -2.12       -1.52    3.1    1.32s
  3   -8.710072508057       -3.14       -1.96    4.0    2.04s
  4   -8.710116743213       -4.35       -3.36    3.8    1.87s
  5   -8.710118427318       -5.77       -3.62    4.8    2.05s
  6   -8.710118451259       -7.62       -4.13    3.9    1.88s
  7   -8.710118454360       -8.51       -4.58    3.8    1.57s
  8   -8.710118454736       -9.43       -5.97    3.8    1.87s
  9   -8.710118454741      -11.29       -6.37    4.5    1.95s
 10   -8.710118454741      -12.98       -7.06    3.8    1.88s
     3    -8.710118e+00     1.716703e-04
 * time: 153.94549298286438
n     Energy            log10(ΔE)   log10(Δρ)   Diag   Δtime
---   ---------------   ---------   ---------   ----   ------
  1   -8.701788994766                   -0.95    7.4    2.72s
  2   -8.709335090745       -2.12       -1.52    3.2    1.68s
  3   -8.710071695129       -3.13       -1.96    4.0    1.75s
  4   -8.710116967279       -4.34       -3.33    3.8    1.91s
  5   -8.710118684030       -5.77       -3.60    4.9    2.01s
  6   -8.710118709643       -7.59       -4.09    4.0    1.91s
  7   -8.710118713137       -8.46       -4.55    4.0    1.59s
  8   -8.710118713563       -9.37       -5.98    3.8    1.83s
  9   -8.710118713570      -11.18       -6.57    4.7    1.95s
 10   -8.710118713570      -13.39       -7.21    4.1    1.99s
n     Energy            log10(ΔE)   log10(Δρ)   Diag   Δtime
---   ---------------   ---------   ---------   ----   ------
  1   -8.701807586772                   -0.95    7.2    2.74s
  2   -8.709341354441       -2.12       -1.52    3.2    1.66s
  3   -8.710072317996       -3.14       -1.96    4.0    1.76s
  4   -8.710117047329       -4.35       -3.35    3.9    1.95s
  5   -8.710118684798       -5.79       -3.61    4.9    2.05s
  6   -8.710118709490       -7.61       -4.09    4.0    1.88s
  7   -8.710118713162       -8.44       -4.57    3.9    1.61s
  8   -8.710118713562       -9.40       -6.06    3.7    1.83s
  9   -8.710118713570      -11.11       -6.46    4.9    2.07s
 10   -8.710118713570      -13.17       -7.09    3.7    1.85s
     4    -8.710119e+00     2.407337e-06
 * time: 205.0302529335022
n     Energy            log10(ΔE)   log10(Δρ)   Diag   Δtime
---   ---------------   ---------   ---------   ----   ------
  1   -8.701778958286                   -0.95    7.4    2.75s
  2   -8.709327855942       -2.12       -1.52    3.2    1.70s
  3   -8.710069871062       -3.13       -1.96    3.9    1.74s
  4   -8.710117373285       -4.32       -3.38    3.9    1.96s
  5   -8.710118688304       -5.88       -3.67    4.9    2.00s
  6   -8.710118709196       -7.68       -4.08    4.0    1.86s
  7   -8.710118713299       -8.39       -4.64    3.8    1.51s
  8   -8.710118713618       -9.50       -5.84    3.9    1.86s
  9   -8.710118713621      -11.50       -6.18    4.5    1.88s
 10   -8.710118713622      -12.72       -7.13    3.9    1.89s
n     Energy            log10(ΔE)   log10(Δρ)   Diag   Δtime
---   ---------------   ---------   ---------   ----   ------
  1   -8.701807995966                   -0.95    7.3    2.79s
  2   -8.709340442816       -2.12       -1.52    3.1    1.64s
  3   -8.710072276817       -3.14       -1.96    4.0    1.82s
  4   -8.710117046533       -4.35       -3.36    3.9    1.94s
  5   -8.710118686382       -5.79       -3.62    5.0    2.07s
  6   -8.710118709906       -7.63       -4.11    4.1    1.89s
  7   -8.710118713259       -8.47       -4.59    4.0    1.61s
  8   -8.710118713615       -9.45       -5.97    3.7    1.86s
  9   -8.710118713622      -11.19       -6.47    4.6    1.97s
 10   -8.710118713622      -13.21       -7.13    4.0    1.98s
     5    -8.710119e+00     4.149421e-09
 * time: 256.2951898574829
 * Status: success

 * Candidate solution
    Final objective value:     -8.710119e+00

 * Found with
    Algorithm:     L-BFGS

 * Convergence measures
    |x - x'|               = 4.23e-05 ≰ -1.0e+00
    |x - x'|/|x'|          = 3.99e-06 ≰ 0.0e+00
    |f(x) - f(x')|         = 5.17e-11 ≤ 1.0e-08
    |f(x) - f(x')|/|f(x')| = 5.93e-12 ≰ 0.0e+00
    |g(x)|                 = 4.15e-09 ≤ 1.0e-06

 * Work counters
    Seconds run:   256  (vs limit Inf)
    Iterations:    5
    f(x) calls:    6
    ∇f(x) calls:   6

Si: 335.745567 seconds (499.96 M allocations: 111.030 GiB, 8.73% gc time, 15.39% compilation time: <1% of which was recompilation)
n     Energy            log10(ΔE)   log10(Δρ)   Diag   Δtime
---   ---------------   ---------   ---------   ----   ------
  1   -63.39107674986                   -1.08    9.0    19.7s
  2   -63.39584958001       -2.32       -1.13    2.6    7.11s
  3   -63.40473753772       -2.05       -2.31    3.7    9.15s
  4   -63.40474575828       -5.09       -2.68    3.7    9.56s
  5   -63.40474963943       -5.41       -3.72    3.2    8.47s
  6   -63.40474965833       -7.72       -4.46    3.8    9.89s
  7   -63.40474966123       -8.54       -5.47    3.3    8.53s
  8   -63.40474966126      -10.52       -6.39    3.5    8.94s
  9   -63.40474966126      -12.01       -6.98    4.0    10.5s
 10   -63.40474966126      -13.19       -8.06    3.0    8.35s
Iter     Function value   Gradient norm 
     0    -6.340475e+01     4.143950e-03
 * time: 5.0067901611328125e-6
n     Energy            log10(ΔE)   log10(Δρ)   Diag   Δtime
---   ---------------   ---------   ---------   ----   ------
  1   -63.39110459106                   -1.08    9.0    17.8s
  2   -63.39584703389       -2.32       -1.13    2.7    6.59s
  3   -63.40475490374       -2.05       -2.31    3.7    8.79s
  4   -63.40476234753       -5.13       -2.65    3.8    9.91s
  5   -63.40476662823       -5.37       -3.73    3.0    8.29s
  6   -63.40476664893       -7.68       -4.45    3.9    10.1s
  7   -63.40476665256       -8.44       -5.47    3.3    8.19s
  8   -63.40476665259      -10.50       -6.45    3.9    9.73s
  9   -63.40476665260      -12.00       -7.16    4.2    10.7s
n     Energy            log10(ΔE)   log10(Δρ)   Diag   Δtime
---   ---------------   ---------   ---------   ----   ------
  1   -63.39110550159                   -1.08    9.1    17.8s
  2   -63.39583882128       -2.32       -1.13    2.7    6.78s
  3   -63.40475484744       -2.05       -2.31    3.7    9.17s
  4   -63.40476231172       -5.13       -2.65    3.8    9.82s
  5   -63.40476662810       -5.36       -3.73    3.0    8.26s
  6   -63.40476664886       -7.68       -4.44    4.0    10.1s
  7   -63.40476665256       -8.43       -5.45    3.3    8.22s
  8   -63.40476665259      -10.49       -6.44    3.7    9.50s
  9   -63.40476665260      -12.01       -7.11    4.2    11.0s
     1    -6.340477e+01     4.056514e-03
 * time: 214.02265000343323
n     Energy            log10(ΔE)   log10(Δρ)   Diag   Δtime
---   ---------------   ---------   ---------   ----   ------
  1   -63.39183258280                   -1.07    8.9    16.7s
  2   -63.39706810064       -2.28       -1.15    2.6    6.34s
  3   -63.40511710414       -2.09       -2.33    3.6    8.50s
  4   -63.40512404818       -5.16       -2.67    4.0    10.1s
  5   -63.40512777226       -5.43       -3.75    3.0    7.90s
  6   -63.40512779107       -7.73       -4.50    3.9    9.42s
  7   -63.40512779361       -8.60       -5.48    3.2    8.26s
  8   -63.40512779363      -10.58       -6.46    3.4    8.57s
  9   -63.40512779363      -12.08       -7.04    4.2    10.0s
n     Energy            log10(ΔE)   log10(Δρ)   Diag   Δtime
---   ---------------   ---------   ---------   ----   ------
  1   -63.39183356428                   -1.07    8.8    16.6s
  2   -63.39703451443       -2.28       -1.15    2.6    6.03s
  3   -63.40511725165       -2.09       -2.33    3.5    8.23s
  4   -63.40512372602       -5.19       -2.65    3.8    9.15s
  5   -63.40512777108       -5.39       -3.75    3.0    7.94s
  6   -63.40512779065       -7.71       -4.48    4.0    9.08s
  7   -63.40512779361       -8.53       -5.45    3.3    7.90s
  8   -63.40512779363      -10.58       -6.49    3.5    8.94s
  9   -63.40512779363      -12.06       -7.05    4.1    9.68s
     2    -6.340513e+01     4.522435e-04
 * time: 414.00728607177734
n     Energy            log10(ΔE)   log10(Δρ)   Diag   Δtime
---   ---------------   ---------   ---------   ----   ------
  1   -63.39180662062                   -1.08    8.8    16.7s
  2   -63.39697725704       -2.29       -1.14    2.6    6.05s
  3   -63.40512087733       -2.09       -2.33    3.6    8.40s
  4   -63.40512771453       -5.17       -2.65    3.8    9.19s
  5   -63.40513170848       -5.40       -3.75    3.0    8.17s
  6   -63.40513172758       -7.72       -4.50    3.9    9.23s
  7   -63.40513173041       -8.55       -5.45    3.2    7.76s
  8   -63.40513173044      -10.56       -6.52    3.6    8.90s
  9   -63.40513173044      -12.16       -7.06    4.3    10.1s
n     Energy            log10(ΔE)   log10(Δρ)   Diag   Δtime
---   ---------------   ---------   ---------   ----   ------
  1   -63.39180616299                   -1.08    8.9    16.4s
  2   -63.39699269932       -2.29       -1.14    2.6    6.16s
  3   -63.40512105272       -2.09       -2.33    3.7    8.44s
  4   -63.40512791789       -5.16       -2.67    3.9    9.56s
  5   -63.40513170947       -5.42       -3.74    3.0    7.91s
  6   -63.40513172783       -7.74       -4.50    4.0    9.30s
  7   -63.40513173041       -8.59       -5.47    3.2    7.90s
  8   -63.40513173044      -10.57       -6.50    3.4    8.34s
  9   -63.40513173044      -12.09       -7.00    4.2    10.2s
 10   -63.40513173044      -13.85       -8.01    2.8    7.42s
     3    -6.340513e+01     4.225281e-05
 * time: 621.0119431018829
n     Energy            log10(ΔE)   log10(Δρ)   Diag   Δtime
---   ---------------   ---------   ---------   ----   ------
  1   -63.39180919052                   -1.08    9.0    17.1s
  2   -63.39698958538       -2.29       -1.14    2.7    6.29s
  3   -63.40512098190       -2.09       -2.33    3.5    8.44s
  4   -63.40512771900       -5.17       -2.65    3.8    9.23s
  5   -63.40513174349       -5.40       -3.75    3.1    8.36s
  6   -63.40513176270       -7.72       -4.49    4.1    9.59s
  7   -63.40513176554       -8.55       -5.45    3.4    8.14s
  8   -63.40513176557      -10.56       -6.45    3.6    9.27s
  9   -63.40513176557      -12.07       -7.04    4.3    10.1s
n     Energy            log10(ΔE)   log10(Δρ)   Diag   Δtime
---   ---------------   ---------   ---------   ----   ------
  1   -63.39180915816                   -1.08    9.0    16.9s
  2   -63.39698577694       -2.29       -1.14    2.7    6.17s
  3   -63.40512093169       -2.09       -2.33    3.6    8.34s
  4   -63.40512783334       -5.16       -2.66    3.8    9.25s
  5   -63.40513174406       -5.41       -3.75    3.0    8.22s
  6   -63.40513176286       -7.73       -4.50    4.0    9.37s
  7   -63.40513176554       -8.57       -5.46    3.3    8.03s
  8   -63.40513176557      -10.56       -6.46    3.4    8.66s
  9   -63.40513176557      -12.10       -7.02    4.2    9.81s
     4    -6.340513e+01     3.480320e-07
 * time: 823.4762420654297
 * Status: success

 * Candidate solution
    Final objective value:     -6.340513e+01

 * Found with
    Algorithm:     L-BFGS

 * Convergence measures
    |x - x'|               = 1.65e-03 ≰ -1.0e+00
    |x - x'|/|x'|          = 1.56e-04 ≰ 0.0e+00
    |f(x) - f(x')|         = 3.51e-08 ≰ 1.0e-08
    |f(x) - f(x')|/|f(x')| = 5.54e-10 ≰ 0.0e+00
    |g(x)|                 = 3.48e-07 ≤ 1.0e-06

 * Work counters
    Seconds run:   823  (vs limit Inf)
    Iterations:    4
    f(x) calls:    5
    ∇f(x) calls:   5

NaCl: 949.205146 seconds (1.02 G allocations: 279.432 GiB, 5.55% gc time, 0.36% compilation time)
n     Energy            log10(ΔE)   log10(Δρ)   Diag   Δtime
---   ---------------   ---------   ---------   ----   ------
  1   -2.359187665506                   -1.70    5.5    1.96s
  2   -2.359602751253       -3.38       -1.95    1.3    745ms
  3   -2.359893451855       -3.54       -2.56    4.4    1.87s
  4   -2.359923451312       -4.52       -3.15    4.2    1.49s
  5   -2.359925349858       -5.72       -3.47    3.4    1.64s
  6   -2.359926061090       -6.15       -4.06    3.7    1.37s
  7   -2.359926092741       -7.50       -4.47    3.6    1.69s
  8   -2.359926096122       -8.47       -5.31    3.5    1.29s
  9   -2.359926096211      -10.05       -5.35    3.9    1.75s
 10   -2.359926096226      -10.83       -5.92    2.5    1.02s
 11   -2.359926096231      -11.29       -6.45    3.6    1.62s
 12   -2.359926096231      -12.58       -6.92    2.8    1.16s
 13   -2.359926096231      -13.99       -7.51    3.1    1.53s
Iter     Function value   Gradient norm 
     0    -2.359926e+00     2.179745e-02
 * time: 4.0531158447265625e-6
n     Energy            log10(ΔE)   log10(Δρ)   Diag   Δtime
---   ---------------   ---------   ---------   ----   ------
  1   -2.359677118158                   -1.70    5.5    2.05s
  2   -2.360080857371       -3.39       -1.95    1.4    814ms
  3   -2.360364013893       -3.55       -2.57    4.4    1.89s
  4   -2.360391690093       -4.56       -3.18    4.1    1.53s
  5   -2.360393038122       -5.87       -3.54    3.4    1.60s
  6   -2.360393534628       -6.30       -4.05    3.6    1.38s
  7   -2.360393575609       -7.39       -4.54    3.6    1.61s
  8   -2.360393579919       -8.37       -5.16    3.7    1.36s
  9   -2.360393580086       -9.78       -5.35    3.9    1.70s
 10   -2.360393580129      -10.36       -6.04    3.2    1.27s
 11   -2.360393580131      -11.78       -6.38    3.6    1.58s
 12   -2.360393580131      -12.81       -7.03    3.1    1.19s
n     Energy            log10(ΔE)   log10(Δρ)   Diag   Δtime
---   ---------------   ---------   ---------   ----   ------
  1   -2.359682053139                   -1.70    5.5    1.75s
  2   -2.360083134944       -3.40       -1.95    1.4    1.02s
  3   -2.360364100452       -3.55       -2.57    4.3    1.54s
  4   -2.360391650118       -4.56       -3.18    4.2    1.82s
  5   -2.360393040253       -5.86       -3.54    3.5    1.31s
  6   -2.360393539011       -6.30       -4.06    3.6    1.64s
  7   -2.360393575589       -7.44       -4.55    3.4    1.29s
  8   -2.360393579899       -8.37       -5.14    3.8    1.57s
  9   -2.360393580090       -9.72       -5.35    3.8    1.36s
 10   -2.360393580130      -10.40       -6.13    3.1    1.39s
 11   -2.360393580131      -11.84       -6.37    3.7    1.31s
 12   -2.360393580131      -12.88       -7.05    2.9    1.37s
     1    -2.360394e+00     2.108753e-02
 * time: 64.85065007209778
n     Energy            log10(ΔE)   log10(Δρ)   Diag   Δtime
---   ---------------   ---------   ---------   ----   ------
  1   -2.368379884116                   -1.91    5.8    1.76s
  2   -2.368546298367       -3.78       -2.18    1.3    609ms
  3   -2.368627562458       -4.09       -2.88    4.4    1.54s
  4   -2.368633665980       -5.21       -3.21    4.0    1.17s
  5   -2.368635304780       -5.79       -3.85    3.7    1.38s
  6   -2.368635447207       -6.85       -4.37    3.8    1.15s
  7   -2.368635462714       -7.81       -4.99    3.9    1.43s
  8   -2.368635462980       -9.58       -5.79    3.4    1.02s
  9   -2.368635463005      -10.59       -6.30    3.7    1.34s
 10   -2.368635463007      -11.82       -7.03    3.2    960ms
n     Energy            log10(ΔE)   log10(Δρ)   Diag   Δtime
---   ---------------   ---------   ---------   ----   ------
  1   -2.368378277816                   -1.91    5.8    1.71s
  2   -2.368545817821       -3.78       -2.18    1.3    584ms
  3   -2.368627521137       -4.09       -2.88    4.4    1.50s
  4   -2.368633665630       -5.21       -3.21    4.0    1.14s
  5   -2.368635304721       -5.79       -3.85    3.7    1.34s
  6   -2.368635447123       -6.85       -4.37    3.8    1.14s
  7   -2.368635462706       -7.81       -4.98    4.0    1.41s
  8   -2.368635462978       -9.57       -5.76    3.5    1.05s
  9   -2.368635463005      -10.56       -6.28    3.7    1.38s
 10   -2.368635463007      -11.80       -7.01    3.2    995ms
     2    -2.368635e+00     7.278151e-03
 * time: 119.64679217338562
n     Energy            log10(ΔE)   log10(Δρ)   Diag   Δtime
---   ---------------   ---------   ---------   ----   ------
  1   -2.370192407347                   -2.02    5.4    3.22s
  2   -2.370298478543       -3.97       -2.30    1.1    1.25s
  3   -2.370340928511       -4.37       -3.02    4.2    2.89s
  4   -2.370343855431       -5.53       -3.36    3.8    2.73s
  5   -2.370344460100       -6.22       -3.86    3.5    2.22s
  6   -2.370344542426       -7.08       -4.39    3.9    2.68s
  7   -2.370344550092       -8.12       -4.54    3.9    2.38s
  8   -2.370344552065       -8.70       -5.33    3.0    2.22s
  9   -2.370344552123      -10.24       -6.37    3.5    2.23s
 10   -2.370344552123      -12.51       -6.64    3.4    2.46s
 11   -2.370344552123      -12.72       -7.50    2.8    1.94s
n     Energy            log10(ΔE)   log10(Δρ)   Diag   Δtime
---   ---------------   ---------   ---------   ----   ------
  1   -2.370189927014                   -2.02    5.5    3.16s
  2   -2.370298215492       -3.97       -2.30    1.2    1.23s
  3   -2.370340929682       -4.37       -3.02    4.2    2.79s
  4   -2.370343859772       -5.53       -3.36    3.8    2.58s
  5   -2.370344461105       -6.22       -3.86    3.5    2.16s
  6   -2.370344542460       -7.09       -4.39    3.8    2.52s
  7   -2.370344549983       -8.12       -4.53    3.8    2.28s
  8   -2.370344552071       -8.68       -5.35    2.9    2.11s
  9   -2.370344552123      -10.29       -6.39    3.5    2.20s
 10   -2.370344552123      -12.68       -6.65    3.4    2.45s
 11   -2.370344552123      -12.76       -7.51    2.8    1.91s
     3    -2.370345e+00     2.954899e-03
 * time: 202.56260514259338
n     Energy            log10(ΔE)   log10(Δρ)   Diag   Δtime
---   ---------------   ---------   ---------   ----   ------
  1   -2.370631311552                   -2.08    5.5    3.37s
  2   -2.370709012597       -4.11       -2.38    1.1    1.33s
  3   -2.370737208119       -4.55       -3.11    4.3    3.00s
  4   -2.370739121838       -5.72       -3.43    3.8    2.82s
  5   -2.370739466953       -6.46       -4.01    3.6    2.36s
  6   -2.370739502178       -7.45       -4.62    3.7    2.74s
  7   -2.370739506213       -8.39       -4.95    3.9    2.53s
  8   -2.370739506314      -10.00       -5.53    2.4    2.07s
  9   -2.370739506326      -10.91       -6.34    3.0    2.39s
 10   -2.370739506326      -12.42       -7.03    3.0    2.15s
n     Energy            log10(ΔE)   log10(Δρ)   Diag   Δtime
---   ---------------   ---------   ---------   ----   ------
  1   -2.370630251282                   -2.08    5.6    3.32s
  2   -2.370708911534       -4.10       -2.38    1.2    1.27s
  3   -2.370737228118       -4.55       -3.11    4.2    2.98s
  4   -2.370739118752       -5.72       -3.43    3.8    2.69s
  5   -2.370739466892       -6.46       -4.01    3.4    2.21s
  6   -2.370739502197       -7.45       -4.62    3.8    2.70s
  7   -2.370739506203       -8.40       -4.94    3.8    2.39s
  8   -2.370739506313       -9.96       -5.52    2.3    1.99s
  9   -2.370739506326      -10.89       -6.35    3.0    2.30s
 10   -2.370739506326      -12.41       -7.03    3.1    2.11s
     4    -2.370740e+00     4.357235e-04
 * time: 283.2779371738434
n     Energy            log10(ΔE)   log10(Δρ)   Diag   Δtime
---   ---------------   ---------   ---------   ----   ------
  1   -2.370640778521                   -2.09    5.7    3.39s
  2   -2.370719592316       -4.10       -2.39    1.2    1.33s
  3   -2.370746477965       -4.57       -3.12    4.2    2.90s
  4   -2.370748244489       -5.75       -3.44    3.8    2.67s
  5   -2.370748574559       -6.48       -4.02    3.5    2.24s
  6   -2.370748607127       -7.49       -4.63    3.7    2.67s
  7   -2.370748610870       -8.43       -4.96    3.7    2.41s
  8   -2.370748610979       -9.97       -5.57    2.5    2.07s
  9   -2.370748610989      -10.97       -6.39    3.0    2.42s
 10   -2.370748610990      -12.48       -7.17    3.0    2.08s
n     Energy            log10(ΔE)   log10(Δρ)   Diag   Δtime
---   ---------------   ---------   ---------   ----   ------
  1   -2.370643004380                   -2.09    5.7    3.42s
  2   -2.370719516273       -4.12       -2.39    1.2    1.29s
  3   -2.370746449518       -4.57       -3.12    4.4    3.00s
  4   -2.370748257855       -5.74       -3.45    3.9    2.71s
  5   -2.370748574526       -6.50       -4.02    3.4    2.21s
  6   -2.370748607105       -7.49       -4.63    3.7    2.70s
  7   -2.370748610886       -8.42       -4.97    3.8    2.41s
  8   -2.370748610978      -10.04       -5.56    2.3    2.00s
  9   -2.370748610989      -10.95       -6.37    3.0    2.35s
 10   -2.370748610990      -12.47       -7.10    3.0    2.13s
     5    -2.370749e+00     1.812736e-05
 * time: 363.2504150867462
n     Energy            log10(ΔE)   log10(Δρ)   Diag   Δtime
---   ---------------   ---------   ---------   ----   ------
  1   -2.370645341652                   -2.09    5.8    3.54s
  2   -2.370720238580       -4.13       -2.39    1.2    1.35s
  3   -2.370746500166       -4.58       -3.13    4.2    2.90s
  4   -2.370748274133       -5.75       -3.45    3.8    2.74s
  5   -2.370748590418       -6.50       -4.02    3.4    2.23s
  6   -2.370748623285       -7.48       -4.63    3.8    2.75s
  7   -2.370748627060       -8.42       -4.98    3.7    2.42s
  8   -2.370748627150      -10.05       -5.55    2.3    1.98s
  9   -2.370748627161      -10.95       -6.34    3.0    2.29s
 10   -2.370748627162      -12.43       -7.10    2.9    2.03s
n     Energy            log10(ΔE)   log10(Δρ)   Diag   Δtime
---   ---------------   ---------   ---------   ----   ------
  1   -2.370641342894                   -2.09    5.7    3.52s
  2   -2.370719773420       -4.11       -2.39    1.2    1.35s
  3   -2.370746487216       -4.57       -3.12    4.2    2.95s
  4   -2.370748255454       -5.75       -3.44    3.9    2.78s
  5   -2.370748590762       -6.47       -4.02    3.5    2.29s
  6   -2.370748623331       -7.49       -4.64    3.7    2.68s
  7   -2.370748627052       -8.43       -4.98    3.7    2.37s
  8   -2.370748627151      -10.01       -5.58    2.4    2.00s
  9   -2.370748627161      -10.99       -6.36    3.1    2.34s
 10   -2.370748627162      -12.45       -7.12    2.9    2.04s
     6    -2.370749e+00     3.438536e-07
 * time: 443.8806631565094
 * Status: success

 * Candidate solution
    Final objective value:     -2.370749e+00

 * Found with
    Algorithm:     L-BFGS

 * Convergence measures
    |x - x'|               = 1.75e-03 ≰ -1.0e+00
    |x - x'|/|x'|          = 1.96e-04 ≰ 0.0e+00
    |f(x) - f(x')|         = 1.62e-08 ≰ 1.0e-08
    |f(x) - f(x')|/|f(x')| = 6.82e-09 ≰ 0.0e+00
    |g(x)|                 = 3.44e-07 ≤ 1.0e-06

 * Work counters
    Seconds run:   444  (vs limit Inf)
    Iterations:    6
    f(x) calls:    7
    ∇f(x) calls:   7

Al: 482.622039 seconds (403.03 M allocations: 107.405 GiB, 6.62% gc time, 0.00% compilation time)
n     Energy            log10(ΔE)   log10(Δρ)   Diag   Δtime
---   ---------------   ---------   ---------   ----   ------
  1   -74.81451444861                   -1.22    9.1    9.10s
  2   -74.81524478304       -3.14       -1.41    2.8    3.79s
  3   -74.81582625969       -3.24       -2.05    5.8    6.20s
  4   -74.81583813000       -4.93       -2.50    3.8    4.74s
  5   -74.81584073822       -5.58       -2.93    5.0    5.39s
  6   -74.81584143765       -6.16       -3.32    5.3    5.48s
  7   -74.81584157458       -6.86       -3.63    4.4    5.19s
  8   -74.81584158985       -7.82       -3.79    3.6    4.37s
  9   -74.81584160396       -7.85       -4.14    4.4    4.95s
 10   -74.81584160709       -8.51       -4.81    4.9    5.39s
 11   -74.81584160719       -9.97       -5.41    5.4    5.79s
 12   -74.81584160720      -11.25       -5.51    5.2    5.39s
 13   -74.81584160721      -11.26       -6.11    4.4    4.75s
 14   -74.81584160721   +  -12.49       -6.23    5.7    6.00s
 15   -74.81584160721      -12.49       -6.75    4.5    4.87s
 16   -74.81584160721      -13.37       -7.70    4.9    5.52s
Iter     Function value   Gradient norm 
     0    -7.481584e+01     9.834294e-03
 * time: 3.814697265625e-6
n     Energy            log10(ΔE)   log10(Δρ)   Diag   Δtime
---   ---------------   ---------   ---------   ----   ------
  1   -74.81459932131                   -1.21    9.4    9.10s
  2   -74.81533117726       -3.14       -1.40    2.7    3.80s
  3   -74.81591551765       -3.23       -2.05    5.7    6.23s
  4   -74.81592751028       -4.92       -2.50    3.9    4.91s
  5   -74.81593008701       -5.59       -2.93    4.9    5.41s
  6   -74.81593081408       -6.14       -3.32    5.2    5.60s
  7   -74.81593094856       -6.87       -3.63    4.4    5.34s
  8   -74.81593096308       -7.84       -3.78    3.5    4.20s
  9   -74.81593097748       -7.84       -4.14    4.4    4.86s
 10   -74.81593098069       -8.49       -4.80    4.9    5.36s
 11   -74.81593098081       -9.94       -5.46    5.4    5.68s
 12   -74.81593098081      -11.46       -5.51    5.2    5.57s
 13   -74.81593098081      -11.28       -6.08    4.3    4.65s
 14   -74.81593098081   +  -12.45       -6.18    5.6    6.15s
 15   -74.81593098081      -12.36       -6.73    4.6    4.88s
 16   -74.81593098081      -13.85       -7.57    4.8    5.43s
n     Energy            log10(ΔE)   log10(Δρ)   Diag   Δtime
---   ---------------   ---------   ---------   ----   ------
  1   -74.81459843043                   -1.21    9.4    9.22s
  2   -74.81533570923       -3.13       -1.40    2.7    3.78s
  3   -74.81591552940       -3.24       -2.05    5.9    6.28s
  4   -74.81592754494       -4.92       -2.50    3.8    4.76s
  5   -74.81593010970       -5.59       -2.93    4.9    5.35s
  6   -74.81593081306       -6.15       -3.32    5.2    5.47s
  7   -74.81593094756       -6.87       -3.62    4.4    5.06s
  8   -74.81593096320       -7.81       -3.79    3.5    4.22s
  9   -74.81593097755       -7.84       -4.14    4.5    4.88s
 10   -74.81593098071       -8.50       -4.82    4.8    5.31s
 11   -74.81593098081      -10.02       -5.43    5.4    5.70s
 12   -74.81593098081      -11.44       -5.49    5.1    5.42s
 13   -74.81593098081      -11.24       -6.11    4.3    4.67s
 14   -74.81593098081   +  -12.45       -6.19    5.6    6.13s
 15   -74.81593098081      -12.49       -6.70    4.2    4.70s
 16   -74.81593098081      -13.25       -7.65    4.8    5.41s
     1    -7.481593e+01     8.345027e-03
 * time: 233.4466679096222
n     Energy            log10(ΔE)   log10(Δρ)   Diag   Δtime
---   ---------------   ---------   ---------   ----   ------
  1   -74.81481407417                   -1.21    9.7    9.88s
  2   -74.81556428736       -3.12       -1.40    2.9    3.94s
  3   -74.81615234705       -3.23       -2.05    6.0    6.57s
  4   -74.81616592192       -4.87       -2.54    3.7    4.70s
  5   -74.81616706472       -5.94       -2.86    4.9    5.68s
  6   -74.81616811396       -5.98       -3.23    5.2    5.56s
  7   -74.81616834480       -6.64       -3.61    4.9    5.52s
  8   -74.81616836420       -7.71       -3.88    3.9    4.60s
  9   -74.81616837464       -7.98       -4.12    4.1    4.82s
 10   -74.81616838788       -7.88       -4.81    4.6    5.23s
 11   -74.81616837847   +   -8.03       -5.32    5.1    5.60s
 12   -74.81616837848      -11.03       -5.41    4.6    4.97s
 13   -74.81616837849      -11.18       -5.79    4.5    4.93s
 14   -74.81616837849      -12.11       -6.33    3.8    4.69s
 15   -74.81616837849      -13.85       -6.62    4.2    4.99s
 16   -74.81616837849   +  -12.85       -7.32    4.9    5.66s
n     Energy            log10(ΔE)   log10(Δρ)   Diag   Δtime
---   ---------------   ---------   ---------   ----   ------
  1   -74.81481079272                   -1.21    9.5    9.73s
  2   -74.81556545911       -3.12       -1.40    2.9    3.88s
  3   -74.81615242262       -3.23       -2.05    5.9    6.41s
  4   -74.81616594056       -4.87       -2.54    3.7    4.74s
  5   -74.81616705222       -5.95       -2.85    4.8    5.68s
  6   -74.81616810661       -5.98       -3.23    5.1    5.45s
  7   -74.81616834478       -6.62       -3.61    4.9    5.65s
  8   -74.81616836383       -7.72       -3.87    3.9    4.58s
  9   -74.81616837452       -7.97       -4.12    4.0    4.59s
 10   -74.81616838789       -7.87       -4.79    4.6    5.16s
 11   -74.81616837847   +   -8.03       -5.31    5.1    5.41s
 12   -74.81616837848      -10.93       -5.39    4.8    5.17s
 13   -74.81616837849      -11.15       -5.77    4.2    4.72s
 14   -74.81616837849      -12.47       -6.51    4.2    5.19s
 15   -74.81616837849      -12.70       -6.60    3.7    4.48s
 16   -74.81616837849   +  -12.67       -7.35    4.9    5.26s
     2    -7.481617e+01     3.779689e-04
 * time: 467.0377368927002
n     Energy            log10(ΔE)   log10(Δρ)   Diag   Δtime
---   ---------------   ---------   ---------   ----   ------
  1   -74.81480622942                   -1.21    9.4    9.62s
  2   -74.81555951567       -3.12       -1.40    2.7    3.78s
  3   -74.81615283550       -3.23       -2.05    5.8    6.42s
  4   -74.81616637775       -4.87       -2.54    3.7    4.68s
  5   -74.81616756273       -5.93       -2.85    4.8    5.72s
  6   -74.81616863240       -5.97       -3.23    5.1    5.35s
  7   -74.81616886869       -6.63       -3.61    4.8    5.39s
  8   -74.81616888745       -7.73       -3.88    4.0    4.70s
  9   -74.81616889792       -7.98       -4.13    4.0    4.74s
 10   -74.81616890195       -8.40       -4.79    4.6    5.15s
 11   -74.81616890195      -11.17       -5.33    5.1    5.39s
 12   -74.81616890195   +  -13.85       -5.38    4.7    5.57s
 13   -74.81616890196      -10.92       -5.76    4.1    4.75s
 14   -74.81616890197      -11.86       -6.43    4.1    4.93s
 15   -74.81616890197   +  -12.53       -6.55    3.1    3.97s
 16   -74.81616890197      -12.40       -7.37    4.8    5.22s
n     Energy            log10(ΔE)   log10(Δρ)   Diag   Δtime
---   ---------------   ---------   ---------   ----   ------
  1   -74.81480550077                   -1.21    9.5    9.59s
  2   -74.81555858240       -3.12       -1.40    2.7    3.84s
  3   -74.81615278724       -3.23       -2.05    5.9    6.49s
  4   -74.81616635481       -4.87       -2.54    3.6    4.72s
  5   -74.81616756261       -5.92       -2.85    4.8    5.53s
  6   -74.81616863008       -5.97       -3.23    5.1    5.38s
  7   -74.81616886869       -6.62       -3.61    4.9    5.47s
  8   -74.81616888731       -7.73       -3.88    3.9    4.61s
  9   -74.81616889784       -7.98       -4.12    4.0    4.74s
 10   -74.81616890195       -8.39       -4.80    4.4    5.05s
 11   -74.81616890195      -11.39       -5.31    5.1    5.70s
 12   -74.81616890195      -11.40       -5.41    4.6    5.06s
 13   -74.81616890196      -10.99       -5.79    4.2    4.74s
 14   -74.81616890197      -11.86       -6.48    4.0    4.86s
 15   -74.81616890197   +  -12.77       -6.57    3.4    4.06s
 16   -74.81616890197      -12.49       -7.37    4.9    5.31s
     3    -7.481617e+01     1.571361e-05
 * time: 698.1959798336029
n     Energy            log10(ΔE)   log10(Δρ)   Diag   Δtime
---   ---------------   ---------   ---------   ----   ------
  1   -74.81480295270                   -1.21    9.3    9.44s
  2   -74.81556150172       -3.12       -1.40    2.7    3.84s
  3   -74.81615277584       -3.23       -2.05    5.9    6.57s
  4   -74.81616637148       -4.87       -2.54    3.6    4.69s
  5   -74.81616755614       -5.93       -2.85    4.8    5.58s
  6   -74.81616862966       -5.97       -3.23    5.1    5.47s
  7   -74.81616886909       -6.62       -3.61    4.9    5.53s
  8   -74.81616888783       -7.73       -3.87    3.8    4.72s
  9   -74.81616889865       -7.97       -4.12    4.0    4.85s
 10   -74.81616890283       -8.38       -4.80    4.5    5.20s
 11   -74.81616890284      -11.11       -5.32    5.0    5.38s
 12   -74.81616890284   +  -12.40       -5.41    4.4    4.98s
 13   -74.81616890285      -10.98       -5.78    4.3    4.90s
 14   -74.81616890285      -11.88       -6.45    4.1    5.06s
 15   -74.81616890285   +  -12.53       -6.56    3.6    4.49s
 16   -74.81616890285      -12.43       -7.36    4.9    5.60s
n     Energy            log10(ΔE)   log10(Δρ)   Diag   Δtime
---   ---------------   ---------   ---------   ----   ------
  1   -74.81480405569                   -1.21    9.4    9.61s
  2   -74.81556172946       -3.12       -1.40    2.7    3.81s
  3   -74.81615278465       -3.23       -2.05    5.9    6.47s
  4   -74.81616635649       -4.87       -2.54    3.6    4.76s
  5   -74.81616760925       -5.90       -2.86    4.9    5.51s
  6   -74.81616863702       -5.99       -3.23    5.0    5.30s
  7   -74.81616886994       -6.63       -3.61    4.9    5.63s
  8   -74.81616888861       -7.73       -3.89    3.8    4.64s
  9   -74.81616889885       -7.99       -4.13    4.0    4.77s
 10   -74.81616890282       -8.40       -4.81    4.6    5.34s
 11   -74.81616890284      -10.74       -5.34    5.0    5.29s
 12   -74.81616890284   +  -11.86       -5.40    4.6    5.11s
 13   -74.81616890285      -10.95       -5.79    4.3    4.85s
 14   -74.81616890285      -12.25       -6.31    3.7    4.62s
 15   -74.81616890285      -13.25       -6.61    4.2    5.01s
 16   -74.81616890285      -12.59       -7.29    4.7    5.59s
     4    -7.481617e+01     6.574093e-08
 * time: 931.3060908317566
┌ Info: Threading setup: 
│   Threads.nthreads() = 1
│   n_DFTK = 1
│   n_fft = 1
└   n_blas = 1
┌ Info: 2025-05-15T16:42:51.340
│   name = "Si"
│   Ecut = 18.0
│   kgrid = MonkhorstPack([14, 14, 14])
│   p0 = ComponentVector{Float64}(a = 10.347246312603742)
│   temperature = 0.001
└   smearing = DFTK.Smearing.Gaussian()
┌ Info: 2025-05-15T16:48:27.768
│   name = "NaCl"
│   Ecut = 44.0
│   kgrid = MonkhorstPack([13, 13, 13])
│   p0 = ComponentVector{Float64}(a = 10.746130571470083)
│   temperature = 0
└   smearing = DFTK.Smearing.None()
┌ Info: 2025-05-15T17:04:17.018
│   name = "Al"
│   Ecut = 20.0
│   kgrid = MonkhorstPack([18, 18, 18])
│   p0 = ComponentVector{Float64}(a = 7.641925528121933)
│   temperature = 0.001
└   smearing = DFTK.Smearing.Gaussian()
┌ Info: 2025-05-15T17:12:19.641
│   name = "V"
│   Ecut = 42.0
│   kgrid = MonkhorstPack([20, 20, 20])
│   p0 = ComponentVector{Float64}(a = 5.699267600684394)
│   temperature = 0.001
└   smearing = DFTK.Smearing.Gaussian()
┌ Warning: Negative ρcore detected: -3.4151886922104144e-8
└ @ DFTK ~/.julia/packages/DFTK/n2IL4/src/terms/xc.jl:39
┌ Warning: Negative ρcore detected: Dual{ForwardDiff.Tag{var"#19#21"{@NamedTuple{ham::Hamiltonian, basis::PlaneWaveBasis{Float64, Float64, DFTK.CPU, FFTGrid{Float64, Float64, Array{StaticArraysCore.SVector{3, Int64}, 3}, Array{StaticArraysCore.SVector{3, Float64}, 3}}, Vector{StaticArraysCore.SVector{3, Int64}}}, energies::Energies{Float64}, converged::Bool, occupation_threshold::Float64, ρ::Array{Float64, 4}, τ::Nothing, α::Float64, eigenvalues::Vector{Vector{Float64}}, occupation::Vector{Vector{Float64}}, εF::Float64, n_bands_converge::Int64, n_iter::Int64, n_matvec::Int64, ψ::Vector{Matrix{ComplexF64}}, diagonalization::Vector{@NamedTuple{λ::Vector{Vector{Float64}}, X::Vector{Matrix{ComplexF64}}, residual_norms::Vector{Vector{Float64}}, n_iter::Vector{Int64}, converged::Bool, n_matvec::Int64}}, stage::Symbol, history_Δρ::Vector{Float64}, history_Etot::Vector{Float64}, timedout::Bool, runtime_ns::UInt64, algorithm::String}, Model{Float64, Float64}, Float64, MonkhorstPack, var"#case#4"{Matrix{Float64}, Float64, MonkhorstPack, Vector{StaticArraysCore.SVector{3, Float64}}, Vector{ElementPsp{PspUpf{Float64, Interpolations.Extrapolation{Float64, 1, Interpolations.GriddedInterpolation{Float64, 1, Vector{Float64}, Interpolations.Gridded{Interpolations.Linear{Interpolations.Throw{Interpolations.OnGrid}}}, Tuple{Vector{Float64}}}, Interpolations.Gridded{Interpolations.Linear{Interpolations.Throw{Interpolations.OnGrid}}}, Interpolations.Throw{Nothing}}}}}, Float64, Float64, String}}, Float64}}(-3.4151886922104144e-8,-1.2413273474001241e-8)
└ @ DFTK ~/.julia/packages/DFTK/n2IL4/src/terms/xc.jl:39
┌ Warning: Negative ρcore detected: -3.4076619342848486e-8
└ @ DFTK ~/.julia/packages/DFTK/n2IL4/src/terms/xc.jl:39
┌ Warning: Eigensolver not converged
│   n_iter =
│    256-element Vector{Int64}:
│     2
│     1
│     1
│     6
│     ⋮
│     5
│     8
│     3
└ @ DFTK ~/.julia/packages/DFTK/n2IL4/src/scf/self_consistent_field.jl:76
┌ Warning: Negative ρcore detected: -3.4076619342848486e-8
└ @ DFTK ~/.julia/packages/DFTK/n2IL4/src/terms/xc.jl:39
┌ Warning: Negative ρcore detected: Dual{ForwardDiff.Tag{var"#19#21"{@NamedTuple{ham::Hamiltonian, basis::PlaneWaveBasis{Float64, Float64, DFTK.CPU, FFTGrid{Float64, Float64, Array{StaticArraysCore.SVector{3, Int64}, 3}, Array{StaticArraysCore.SVector{3, Float64}, 3}}, Vector{StaticArraysCore.SVector{3, Int64}}}, energies::Energies{Float64}, converged::Bool, occupation_threshold::Float64, ρ::Array{Float64, 4}, τ::Nothing, α::Float64, eigenvalues::Vector{Vector{Float64}}, occupation::Vector{Vector{Float64}}, εF::Float64, n_bands_converge::Int64, n_iter::Int64, n_matvec::Int64, ψ::Vector{Matrix{ComplexF64}}, diagonalization::Vector{@NamedTuple{λ::Vector{Vector{Float64}}, X::Vector{Matrix{ComplexF64}}, residual_norms::Vector{Vector{Float64}}, n_iter::Vector{Int64}, converged::Bool, n_matvec::Int64}}, stage::Symbol, history_Δρ::Vector{Float64}, history_Etot::Vector{Float64}, timedout::Bool, runtime_ns::UInt64, algorithm::String}, Model{Float64, Float64}, Float64, MonkhorstPack, var"#case#4"{Matrix{Float64}, Float64, MonkhorstPack, Vector{StaticArraysCore.SVector{3, Float64}}, Vector{ElementPsp{PspUpf{Float64, Interpolations.Extrapolation{Float64, 1, Interpolations.GriddedInterpolation{Float64, 1, Vector{Float64}, Interpolations.Gridded{Interpolations.Linear{Interpolations.Throw{Interpolations.OnGrid}}}, Tuple{Vector{Float64}}}, Interpolations.Gridded{Interpolations.Linear{Interpolations.Throw{Interpolations.OnGrid}}}, Interpolations.Throw{Nothing}}}}}, Float64, Float64, String}}, Float64}}(-3.4076619342848486e-8,2.7219265811255727e-8)
└ @ DFTK ~/.julia/packages/DFTK/n2IL4/src/terms/xc.jl:39
┌ Warning: Negative ρcore detected: -3.5602645226967376e-8
└ @ DFTK ~/.julia/packages/DFTK/n2IL4/src/terms/xc.jl:39
┌ Warning: Negative ρcore detected: -3.5602645226967376e-8
└ @ DFTK ~/.julia/packages/DFTK/n2IL4/src/terms/xc.jl:39
┌ Warning: Negative ρcore detected: Dual{ForwardDiff.Tag{var"#19#21"{@NamedTuple{ham::Hamiltonian, basis::PlaneWaveBasis{Float64, Float64, DFTK.CPU, FFTGrid{Float64, Float64, Array{StaticArraysCore.SVector{3, Int64}, 3}, Array{StaticArraysCore.SVector{3, Float64}, 3}}, Vector{StaticArraysCore.SVector{3, Int64}}}, energies::Energies{Float64}, converged::Bool, occupation_threshold::Float64, ρ::Array{Float64, 4}, τ::Nothing, α::Float64, eigenvalues::Vector{Vector{Float64}}, occupation::Vector{Vector{Float64}}, εF::Float64, n_bands_converge::Int64, n_iter::Int64, n_matvec::Int64, ψ::Vector{Matrix{ComplexF64}}, diagonalization::Vector{@NamedTuple{λ::Vector{Vector{Float64}}, X::Vector{Matrix{ComplexF64}}, residual_norms::Vector{Vector{Float64}}, n_iter::Vector{Int64}, converged::Bool, n_matvec::Int64}}, stage::Symbol, history_Δρ::Vector{Float64}, history_Etot::Vector{Float64}, timedout::Bool, runtime_ns::UInt64, algorithm::String}, Model{Float64, Float64}, Float64, MonkhorstPack, var"#case#4"{Matrix{Float64}, Float64, MonkhorstPack, Vector{StaticArraysCore.SVector{3, Float64}}, Vector{ElementPsp{PspUpf{Float64, Interpolations.Extrapolation{Float64, 1, Interpolations.GriddedInterpolation{Float64, 1, Vector{Float64}, Interpolations.Gridded{Interpolations.Linear{Interpolations.Throw{Interpolations.OnGrid}}}, Tuple{Vector{Float64}}}, Interpolations.Gridded{Interpolations.Linear{Interpolations.Throw{Interpolations.OnGrid}}}, Interpolations.Throw{Nothing}}}}}, Float64, Float64, String}}, Float64}}(-3.5602645226967376e-8,-1.326001162871953e-7)
└ @ DFTK ~/.julia/packages/DFTK/n2IL4/src/terms/xc.jl:39
┌ Warning: Negative ρcore detected: -3.5931759145191446e-8
└ @ DFTK ~/.julia/packages/DFTK/n2IL4/src/terms/xc.jl:39
┌ Warning: Negative ρcore detected: -3.5931759145191446e-8
└ @ DFTK ~/.julia/packages/DFTK/n2IL4/src/terms/xc.jl:39
┌ Warning: Negative ρcore detected: Dual{ForwardDiff.Tag{var"#19#21"{@NamedTuple{ham::Hamiltonian, basis::PlaneWaveBasis{Float64, Float64, DFTK.CPU, FFTGrid{Float64, Float64, Array{StaticArraysCore.SVector{3, Int64}, 3}, Array{StaticArraysCore.SVector{3, Float64}, 3}}, Vector{StaticArraysCore.SVector{3, Int64}}}, energies::Energies{Float64}, converged::Bool, occupation_threshold::Float64, ρ::Array{Float64, 4}, τ::Nothing, α::Float64, eigenvalues::Vector{Vector{Float64}}, occupation::Vector{Vector{Float64}}, εF::Float64, n_bands_converge::Int64, n_iter::Int64, n_matvec::Int64, ψ::Vector{Matrix{ComplexF64}}, diagonalization::Vector{@NamedTuple{λ::Vector{Vector{Float64}}, X::Vector{Matrix{ComplexF64}}, residual_norms::Vector{Vector{Float64}}, n_iter::Vector{Int64}, converged::Bool, n_matvec::Int64}}, stage::Symbol, history_Δρ::Vector{Float64}, history_Etot::Vector{Float64}, timedout::Bool, runtime_ns::UInt64, algorithm::String}, Model{Float64, Float64}, Float64, MonkhorstPack, var"#case#4"{Matrix{Float64}, Float64, MonkhorstPack, Vector{StaticArraysCore.SVector{3, Float64}}, Vector{ElementPsp{PspUpf{Float64, Interpolations.Extrapolation{Float64, 1, Interpolations.GriddedInterpolation{Float64, 1, Vector{Float64}, Interpolations.Gridded{Interpolations.Linear{Interpolations.Throw{Interpolations.OnGrid}}}, Tuple{Vector{Float64}}}, Interpolations.Gridded{Interpolations.Linear{Interpolations.Throw{Interpolations.OnGrid}}}, Interpolations.Throw{Nothing}}}}}, Float64, Float64, String}}, Float64}}(-3.5931759145191446e-8,-1.1921281667755303e-7)
└ @ DFTK ~/.julia/packages/DFTK/n2IL4/src/terms/xc.jl:39
┌ Warning: Negative ρcore detected: -3.594524561495774e-8
└ @ DFTK ~/.julia/packages/DFTK/n2IL4/src/terms/xc.jl:39
┌ Warning: Negative ρcore detected: -3.594524561495774e-8
└ @ DFTK ~/.julia/packages/DFTK/n2IL4/src/terms/xc.jl:39
┌ Warning: Negative ρcore detected: Dual{ForwardDiff.Tag{var"#19#21"{@NamedTuple{ham::Hamiltonian, basis::PlaneWaveBasis{Float64, Float64, DFTK.CPU, FFTGrid{Float64, Float64, Array{StaticArraysCore.SVector{3, Int64}, 3}, Array{StaticArraysCore.SVector{3, Float64}, 3}}, Vector{StaticArraysCore.SVector{3, Int64}}}, energies::Energies{Float64}, converged::Bool, occupation_threshold::Float64, ρ::Array{Float64, 4}, τ::Nothing, α::Float64, eigenvalues::Vector{Vector{Float64}}, occupation::Vector{Vector{Float64}}, εF::Float64, n_bands_converge::Int64, n_iter::Int64, n_matvec::Int64, ψ::Vector{Matrix{ComplexF64}}, diagonalization::Vector{@NamedTuple{λ::Vector{Vector{Float64}}, X::Vector{Matrix{ComplexF64}}, residual_norms::Vector{Vector{Float64}}, n_iter::Vector{Int64}, converged::Bool, n_matvec::Int64}}, stage::Symbol, history_Δρ::Vector{Float64}, history_Etot::Vector{Float64}, timedout::Bool, runtime_ns::UInt64, algorithm::String}, Model{Float64, Float64}, Float64, MonkhorstPack, var"#case#4"{Matrix{Float64}, Float64, MonkhorstPack, Vector{StaticArraysCore.SVector{3, Float64}}, Vector{ElementPsp{PspUpf{Float64, Interpolations.Extrapolation{Float64, 1, Interpolations.GriddedInterpolation{Float64, 1, Vector{Float64}, Interpolations.Gridded{Interpolations.Linear{Interpolations.Throw{Interpolations.OnGrid}}}, Tuple{Vector{Float64}}}, Interpolations.Gridded{Interpolations.Linear{Interpolations.Throw{Interpolations.OnGrid}}}, Interpolations.Throw{Nothing}}}}}, Float64, Float64, String}}, Float64}}(-3.594524561495774e-8,-1.1863670531570089e-7)
└ @ DFTK ~/.julia/packages/DFTK/n2IL4/src/terms/xc.jl:39
 * Status: success

 * Candidate solution
    Final objective value:     -7.481617e+01

 * Found with
    Algorithm:     L-BFGS

 * Convergence measures
    |x - x'|               = 1.13e-04 ≰ -1.0e+00
    |x - x'|/|x'|          = 1.97e-05 ≰ 0.0e+00
    |f(x) - f(x')|         = 8.82e-10 ≤ 1.0e-08
    |f(x) - f(x')|/|f(x')| = 1.18e-11 ≰ 0.0e+00
    |g(x)|                 = 6.57e-08 ≤ 1.0e-06

 * Work counters
    Seconds run:   931  (vs limit Inf)
    Iterations:    4
    f(x) calls:    5
    ∇f(x) calls:   5

V: 1059.964997 seconds (767.63 M allocations: 359.186 GiB, 6.64% gc time, 0.01% compilation time)
