n     Energy            log10(ΔE)   log10(Δρ)   Diag   Δtime
---   ---------------   ---------   ---------   ----   ------
  1   -8.553515628813                   -0.94    6.9    10.9s
  2   -8.556592113988       -2.51       -1.64    2.5    4.84s
  3   -8.556693681864       -3.99       -2.46    4.0    1.83s
  4   -8.556698151842       -5.35       -3.67    3.7    1.57s
  5   -8.556698183728       -7.50       -4.27    4.7    2.05s
  6   -8.556698185747       -8.69       -4.90    3.9    1.87s
  7   -8.556698185872       -9.90       -5.83    4.0    1.51s
  8   -8.556698185875      -11.65       -6.96    4.0    1.84s
  9   -8.556698185875      -14.45       -7.86    4.2    1.95s
Iter     Function value   Gradient norm 
     0    -8.556698e+00     7.268664e-03
 * time: 8.821487426757812e-6
n     Energy            log10(ΔE)   log10(Δρ)   Diag   Δtime
---   ---------------   ---------   ---------   ----   ------
  1   -8.553599794681                   -0.94    6.9    2.55s
  2   -8.556640948971       -2.52       -1.64    2.3    1.15s
  3   -8.556744041553       -3.99       -2.47    4.0    1.86s
  4   -8.556749099486       -5.30       -3.64    3.7    1.91s
  5   -8.556749139461       -7.40       -4.25    4.8    1.78s
  6   -8.556749141699       -8.65       -4.84    3.9    1.84s
  7   -8.556749141861       -9.79       -5.82    3.8    1.50s
  8   -8.556749141863      -11.63       -6.89    4.0    1.87s
  9   -8.556749141863      -13.97       -7.90    4.3    1.63s
n     Energy            log10(ΔE)   log10(Δρ)   Diag   Δtime
---   ---------------   ---------   ---------   ----   ------
  1   -8.553595923857                   -0.94    6.9    2.45s
  2   -8.556642820314       -2.52       -1.64    2.5    1.16s
  3   -8.556745066392       -3.99       -2.46    4.1    1.85s
  4   -8.556749098249       -5.39       -3.63    3.7    1.59s
  5   -8.556749138849       -7.39       -4.19    4.7    2.07s
  6   -8.556749141696       -8.55       -4.84    3.8    1.58s
  7   -8.556749141861       -9.78       -5.84    3.7    1.78s
  8   -8.556749141863      -11.65       -6.98    3.9    1.67s
  9   -8.556749141863      -14.27       -8.04    4.3    1.98s
     1    -8.556749e+00     6.752662e-03
 * time: 45.005069971084595
n     Energy            log10(ΔE)   log10(Δρ)   Diag   Δtime
---   ---------------   ---------   ---------   ----   ------
  1   -8.554141267860                   -0.95    7.3    2.59s
  2   -8.556975195182       -2.55       -1.63    2.4    1.17s
  3   -8.557075547738       -4.00       -2.55    4.2    1.86s
  4   -8.557080854927       -5.28       -3.33    4.2    1.76s
  5   -8.557080973066       -6.93       -3.80    4.6    2.00s
  6   -8.557080991336       -7.74       -4.82    4.0    1.59s
  7   -8.557080991591       -9.59       -5.44    4.2    1.98s
  8   -8.557080991599      -11.08       -6.37    4.0    1.57s
  9   -8.557080991599      -12.88       -7.76    4.3    1.97s
n     Energy            log10(ΔE)   log10(Δρ)   Diag   Δtime
---   ---------------   ---------   ---------   ----   ------
  1   -8.554127574675                   -0.95    7.3    2.58s
  2   -8.556973630921       -2.55       -1.63    2.3    1.38s
  3   -8.557075666910       -3.99       -2.55    4.3    1.62s
  4   -8.557080864074       -5.28       -3.36    4.1    2.01s
  5   -8.557080974553       -6.96       -3.82    4.5    1.68s
  6   -8.557080991294       -7.78       -4.75    3.9    1.82s
  7   -8.557080991593       -9.53       -5.52    4.1    1.64s
  8   -8.557080991599      -11.20       -6.39    4.3    1.95s
  9   -8.557080991599      -12.99       -8.00    4.2    1.67s
     2    -8.557081e+00     3.238278e-04
 * time: 89.89233779907227
n     Energy            log10(ΔE)   log10(Δρ)   Diag   Δtime
---   ---------------   ---------   ---------   ----   ------
  1   -8.554116894713                   -0.95    7.1    2.50s
  2   -8.556968588077       -2.54       -1.63    2.2    1.39s
  3   -8.557076650453       -3.97       -2.54    4.2    1.57s
  4   -8.557081610829       -5.30       -3.28    4.1    2.00s
  5   -8.557081776974       -6.78       -3.73    4.4    1.66s
  6   -8.557081803867       -7.57       -4.96    3.9    1.84s
  7   -8.557081804079       -9.67       -5.50    4.3    1.75s
  8   -8.557081804086      -11.20       -6.37    3.9    1.82s
  9   -8.557081804086      -12.96       -7.90    4.1    1.60s
n     Energy            log10(ΔE)   log10(Δρ)   Diag   Δtime
---   ---------------   ---------   ---------   ----   ------
  1   -8.554122261348                   -0.95    7.1    2.56s
  2   -8.556968150907       -2.55       -1.63    2.1    1.09s
  3   -8.557076143824       -3.97       -2.55    4.2    1.89s
  4   -8.557081636562       -5.26       -3.30    4.0    1.70s
  5   -8.557081781953       -6.84       -3.77    4.3    1.96s
  6   -8.557081803831       -7.66       -4.86    3.9    1.61s
  7   -8.557081804078       -9.61       -5.48    4.2    2.03s
  8   -8.557081804086      -11.15       -6.40    4.1    1.60s
  9   -8.557081804086      -12.96       -7.77    4.2    2.00s
     3    -8.557082e+00     1.556087e-05
 * time: 134.47729587554932
n     Energy            log10(ΔE)   log10(Δρ)   Diag   Δtime
---   ---------------   ---------   ---------   ----   ------
  1   -8.554113990062                   -0.95    7.0    2.57s
  2   -8.556968633929       -2.54       -1.63    2.5    1.19s
  3   -8.557076240587       -3.97       -2.55    4.0    1.89s
  4   -8.557081651697       -5.27       -3.32    4.0    1.74s
  5   -8.557081785513       -6.87       -3.79    4.4    1.99s
  6   -8.557081805733       -7.69       -4.85    3.8    1.57s
  7   -8.557081805964       -9.63       -5.48    4.0    1.98s
  8   -8.557081805972      -11.13       -6.38    4.0    1.57s
  9   -8.557081805972      -12.95       -7.76    4.1    1.93s
n     Energy            log10(ΔE)   log10(Δρ)   Diag   Δtime
---   ---------------   ---------   ---------   ----   ------
  1   -8.554116735117                   -0.95    7.1    2.59s
  2   -8.556964365194       -2.55       -1.63    2.3    1.42s
  3   -8.557076213068       -3.95       -2.54    4.0    1.59s
  4   -8.557081626255       -5.27       -3.30    4.0    2.01s
  5   -8.557081783932       -6.80       -3.77    4.5    1.69s
  6   -8.557081805702       -7.66       -4.85    3.8    1.83s
  7   -8.557081805965       -9.58       -5.49    4.0    1.66s
  8   -8.557081805972      -11.19       -6.33    3.9    1.84s
  9   -8.557081805972      -12.91       -7.82    4.2    1.59s
     4    -8.557082e+00     3.787357e-08
 * time: 179.32111287117004
 * Status: success

 * Candidate solution
    Final objective value:     -8.557082e+00

 * Found with
    Algorithm:     L-BFGS

 * Convergence measures
    |x - x'|               = 2.42e-04 ≰ -1.0e+00
    |x - x'|/|x'|          = 2.31e-05 ≰ 0.0e+00
    |f(x) - f(x')|         = 1.89e-09 ≤ 1.0e-08
    |f(x) - f(x')|/|f(x')| = 2.20e-10 ≰ 0.0e+00
    |g(x)|                 = 3.79e-08 ≤ 1.0e-06

 * Work counters
    Seconds run:   179  (vs limit Inf)
    Iterations:    4
    f(x) calls:    5
    ∇f(x) calls:   5

Si: 253.185938 seconds (392.58 M allocations: 81.396 GiB, 8.36% gc time, 19.87% compilation time: <1% of which was recompilation)
n     Energy            log10(ΔE)   log10(Δρ)   Diag   Δtime
---   ---------------   ---------   ---------   ----   ------
  1   -62.69348780285                   -1.15    8.8    19.4s
  2   -62.69771410827       -2.37       -1.17    3.1    8.31s
  3   -62.70411412320       -2.19       -2.08    4.1    9.52s
  4   -62.70414855718       -4.46       -3.16    3.3    8.77s
  5   -62.70414895875       -6.40       -3.59    4.4    10.5s
  6   -62.70414897832       -7.71       -4.29    3.8    9.58s
  7   -62.70414898145       -8.50       -5.36    3.9    9.94s
  8   -62.70414898147      -10.65       -6.61    3.9    9.94s
  9   -62.70414898147      -13.00       -7.57    4.2    10.4s
Iter     Function value   Gradient norm 
     0    -6.270415e+01     2.782658e-03
 * time: 5.9604644775390625e-6
n     Energy            log10(ΔE)   log10(Δρ)   Diag   Δtime
---   ---------------   ---------   ---------   ----   ------
  1   -62.69350307402                   -1.15    8.5    16.7s
  2   -62.69773887499       -2.37       -1.17    3.2    7.82s
  3   -62.70412220876       -2.19       -2.08    4.0    9.84s
  4   -62.70415619723       -4.47       -3.19    3.4    8.42s
  5   -62.70415660833       -6.39       -3.63    4.7    10.7s
  6   -62.70415664213       -7.47       -4.32    3.7    9.45s
  7   -62.70415664566       -8.45       -5.38    4.0    9.33s
  8   -62.70415664568      -10.59       -6.64    4.0    9.87s
  9   -62.70415664568   +  -13.00       -7.55    4.2    10.9s
n     Energy            log10(ΔE)   log10(Δρ)   Diag   Δtime
---   ---------------   ---------   ---------   ----   ------
  1   -62.69350444020                   -1.15    8.6    16.5s
  2   -62.69773449665       -2.37       -1.17    3.0    7.66s
  3   -62.70412206555       -2.19       -2.08    4.0    9.41s
  4   -62.70415620383       -4.47       -3.18    3.4    8.42s
  5   -62.70415661317       -6.39       -3.60    4.5    10.7s
  6   -62.70415664227       -7.54       -4.32    3.7    9.40s
  7   -62.70415664565       -8.47       -5.34    3.9    9.43s
  8   -62.70415664568      -10.57       -6.60    3.9    9.85s
  9   -62.70415664568   +    -Inf       -7.63    4.2    11.0s
     1    -6.270416e+01     2.725879e-03
 * time: 217.6046600341797
n     Energy            log10(ΔE)   log10(Δρ)   Diag   Δtime
---   ---------------   ---------   ---------   ----   ------
  1   -62.69404741703                   -1.15    8.8    16.8s
  2   -62.69842681839       -2.36       -1.18    3.2    7.99s
  3   -62.70430066303       -2.23       -2.10    4.0    9.38s
  4   -62.70432928889       -4.54       -3.24    3.6    9.01s
  5   -62.70432963809       -6.46       -3.79    5.0    10.6s
  6   -62.70432966624       -7.55       -4.37    3.8    9.51s
  7   -62.70432966926       -8.52       -5.53    4.3    9.01s
  8   -62.70432966928      -10.85       -6.87    4.2    10.2s
  9   -62.70432966928   +  -13.25       -7.65    4.2    10.2s
n     Energy            log10(ΔE)   log10(Δρ)   Diag   Δtime
---   ---------------   ---------   ---------   ----   ------
  1   -62.69404533717                   -1.15    8.9    17.2s
  2   -62.69843438997       -2.36       -1.18    3.2    8.00s
  3   -62.70430058176       -2.23       -2.10    3.9    9.45s
  4   -62.70432928394       -4.54       -3.23    3.6    9.04s
  5   -62.70432963701       -6.45       -3.74    4.8    10.7s
  6   -62.70432966594       -7.54       -4.34    3.8    9.65s
  7   -62.70432966926       -8.48       -5.48    4.1    9.13s
  8   -62.70432966928      -10.78       -7.10    4.2    10.2s
     2    -6.270433e+01     2.034715e-04
 * time: 426.10599398612976
n     Energy            log10(ΔE)   log10(Δρ)   Diag   Δtime
---   ---------------   ---------   ---------   ----   ------
  1   -62.69402299578                   -1.15    8.5    16.9s
  2   -62.69838957210       -2.36       -1.18    3.2    7.95s
  3   -62.70430114009       -2.23       -2.10    4.1    9.69s
  4   -62.70433017628       -4.54       -3.23    3.5    8.61s
  5   -62.70433051570       -6.47       -3.72    4.7    11.0s
  6   -62.70433054585       -7.52       -4.30    3.8    9.54s
  7   -62.70433054954       -8.43       -5.48    4.1    9.19s
  8   -62.70433054955      -10.80       -7.05    4.2    10.1s
n     Energy            log10(ΔE)   log10(Δρ)   Diag   Δtime
---   ---------------   ---------   ---------   ----   ------
  1   -62.69402023204                   -1.15    8.5    17.0s
  2   -62.69838859686       -2.36       -1.18    3.2    7.94s
  3   -62.70430103482       -2.23       -2.10    4.0    9.53s
  4   -62.70433017841       -4.54       -3.24    3.5    8.99s
  5   -62.70433051775       -6.47       -3.77    4.8    10.8s
  6   -62.70433054609       -7.55       -4.33    3.7    9.44s
  7   -62.70433054954       -8.46       -5.52    4.0    9.17s
  8   -62.70433054955      -10.87       -7.05    4.3    10.4s
     3    -6.270433e+01     1.343749e-05
 * time: 623.1032280921936
n     Energy            log10(ΔE)   log10(Δρ)   Diag   Δtime
---   ---------------   ---------   ---------   ----   ------
  1   -62.69402437293                   -1.15    8.3    16.6s
  2   -62.69839936969       -2.36       -1.18    3.1    7.79s
  3   -62.70430111849       -2.23       -2.10    4.1    9.46s
  4   -62.70433017528       -4.54       -3.20    3.4    8.56s
  5   -62.70433051998       -6.46       -3.60    4.6    10.9s
  6   -62.70433055020       -7.52       -4.29    3.7    9.51s
  7   -62.70433055339       -8.50       -5.35    4.1    9.91s
  8   -62.70433055342      -10.61       -6.73    4.1    10.1s
  9   -62.70433055342   +  -13.45       -7.73    4.3    10.5s
n     Energy            log10(ΔE)   log10(Δρ)   Diag   Δtime
---   ---------------   ---------   ---------   ----   ------
  1   -62.69402271552                   -1.15    8.3    16.6s
  2   -62.69840125178       -2.36       -1.18    3.0    7.70s
  3   -62.70430089396       -2.23       -2.10    4.0    9.60s
  4   -62.70433019079       -4.53       -3.23    3.5    8.91s
  5   -62.70433052052       -6.48       -3.69    4.6    10.6s
  6   -62.70433055024       -7.53       -4.32    3.7    9.43s
  7   -62.70433055340       -8.50       -5.47    4.1    9.50s
  8   -62.70433055342      -10.81       -6.92    4.1    10.2s
  9   -62.70433055342   +  -13.15       -7.77    4.4    11.1s
     4    -6.270433e+01     3.307830e-08
 * time: 841.0476639270782
 * Status: success

 * Candidate solution
    Final objective value:     -6.270433e+01

 * Found with
    Algorithm:     L-BFGS

 * Convergence measures
    |x - x'|               = 5.75e-04 ≰ -1.0e+00
    |x - x'|/|x'|          = 5.41e-05 ≰ 0.0e+00
    |f(x) - f(x')|         = 3.86e-09 ≤ 1.0e-08
    |f(x) - f(x')|/|f(x')| = 6.16e-11 ≰ 0.0e+00
    |g(x)|                 = 3.31e-08 ≤ 1.0e-06

 * Work counters
    Seconds run:   841  (vs limit Inf)
    Iterations:    4
    f(x) calls:    5
    ∇f(x) calls:   5

NaCl: 962.212477 seconds (983.46 M allocations: 279.079 GiB, 5.42% gc time, 0.34% compilation time)
n     Energy            log10(ΔE)   log10(Δρ)   Diag   Δtime
---   ---------------   ---------   ---------   ----   ------
  1   -2.332384374939                   -1.55    5.5    2.10s
  2   -2.332495969881       -3.95       -1.87    1.3    764ms
  3   -2.332535938968       -4.40       -2.97    3.5    1.70s
  4   -2.332536723237       -6.11       -3.49    4.0    1.47s
  5   -2.332536750305       -7.57       -4.08    2.7    1.45s
  6   -2.332536752712       -8.62       -4.77    3.2    1.28s
  7   -2.332536752943       -9.64       -5.41    3.1    1.52s
  8   -2.332536752949      -11.25       -6.10    3.3    1.29s
  9   -2.332536752949      -12.44       -6.85    2.8    1.18s
 10   -2.332536752949      -13.75       -7.34    3.3    1.53s
Iter     Function value   Gradient norm 
     0    -2.332537e+00     7.619574e-03
 * time: 5.0067901611328125e-6
n     Energy            log10(ΔE)   log10(Δρ)   Diag   Δtime
---   ---------------   ---------   ---------   ----   ------
  1   -2.332442240832                   -1.55    5.5    2.14s
  2   -2.332554294773       -3.95       -1.87    1.4    786ms
  3   -2.332592622932       -4.42       -2.98    3.4    1.66s
  4   -2.332593523231       -6.05       -3.48    4.0    1.52s
  5   -2.332593553986       -7.51       -4.12    2.8    1.46s
  6   -2.332593556268       -8.64       -4.79    3.3    1.28s
  7   -2.332593556501       -9.63       -5.43    3.3    1.60s
  8   -2.332593556506      -11.29       -6.20    3.1    1.24s
  9   -2.332593556506      -12.55       -6.84    3.1    1.25s
 10   -2.332593556506      -13.70       -7.37    3.4    1.51s
n     Energy            log10(ΔE)   log10(Δρ)   Diag   Δtime
---   ---------------   ---------   ---------   ----   ------
  1   -2.332441160680                   -1.55    5.5    2.06s
  2   -2.332553951351       -3.95       -1.87    1.3    766ms
  3   -2.332592661744       -4.41       -2.98    3.5    1.61s
  4   -2.332593523889       -6.06       -3.49    3.9    1.44s
  5   -2.332593554104       -7.52       -4.13    2.9    1.45s
  6   -2.332593556268       -8.66       -4.80    3.3    1.24s
  7   -2.332593556502       -9.63       -5.53    3.2    1.50s
  8   -2.332593556506      -11.39       -6.23    3.2    1.23s
  9   -2.332593556506      -12.64       -6.85    2.7    1.40s
 10   -2.332593556506      -13.73       -7.42    3.2    1.19s
     1    -2.332594e+00     7.290484e-03
 * time: 57.68079710006714
n     Energy            log10(ΔE)   log10(Δρ)   Diag   Δtime
---   ---------------   ---------   ---------   ----   ------
  1   -2.333104739171                   -1.57    5.2    1.71s
  2   -2.333218698812       -3.94       -1.89    1.2    581ms
  3   -2.333256076043       -4.43       -3.06    3.4    1.33s
  4   -2.333256696347       -6.21       -3.43    3.9    1.15s
  5   -2.333256739580       -7.36       -3.73    2.3    1.06s
  6   -2.333256753963       -7.84       -4.80    2.7    849ms
  7   -2.333256754290       -9.49       -5.45    4.1    1.48s
  8   -2.333256754293      -11.46       -5.97    3.1    945ms
  9   -2.333256754294      -12.13       -6.67    2.7    1.13s
 10   -2.333256754294      -13.46       -7.16    3.3    944ms
n     Energy            log10(ΔE)   log10(Δρ)   Diag   Δtime
---   ---------------   ---------   ---------   ----   ------
  1   -2.333107795514                   -1.57    5.3    1.35s
  2   -2.333219771109       -3.95       -1.89    1.2    884ms
  3   -2.333256061657       -4.44       -3.06    3.3    1.01s
  4   -2.333256696935       -6.20       -3.43    4.0    1.46s
  5   -2.333256736897       -7.40       -3.69    2.2    726ms
  6   -2.333256753904       -7.77       -4.75    2.6    1.13s
  7   -2.333256754285       -9.42       -5.33    4.3    1.19s
  8   -2.333256754293      -11.11       -5.88    3.0    1.22s
  9   -2.333256754294      -11.99       -6.55    2.6    819ms
 10   -2.333256754294      -13.25       -7.00    3.1    925ms
     2    -2.333257e+00     8.362303e-04
 * time: 109.55520987510681
n     Energy            log10(ΔE)   log10(Δρ)   Diag   Δtime
---   ---------------   ---------   ---------   ----   ------
  1   -2.333122917472                   -1.57    5.5    1.75s
  2   -2.333230552148       -3.97       -1.89    1.3    622ms
  3   -2.333266385119       -4.45       -3.07    3.5    1.39s
  4   -2.333267013252       -6.20       -3.44    4.0    1.22s
  5   -2.333267048208       -7.46       -3.65    2.2    1.08s
  6   -2.333267068980       -7.68       -4.75    2.6    851ms
  7   -2.333267069387       -9.39       -5.21    4.3    1.57s
  8   -2.333267069397      -10.99       -5.79    2.9    901ms
  9   -2.333267069399      -11.85       -6.37    2.8    1.23s
 10   -2.333267069399      -13.00       -6.85    2.8    877ms
 11   -2.333267069399      -14.03       -7.94    2.6    835ms
n     Energy            log10(ΔE)   log10(Δρ)   Diag   Δtime
---   ---------------   ---------   ---------   ----   ------
  1   -2.333123707300                   -1.57    5.5    1.69s
  2   -2.333230256584       -3.97       -1.89    1.3    582ms
  3   -2.333266416159       -4.44       -3.07    3.5    1.35s
  4   -2.333267012828       -6.22       -3.44    4.0    1.16s
  5   -2.333267050044       -7.43       -3.67    2.2    1.02s
  6   -2.333267068965       -7.72       -4.74    2.6    821ms
  7   -2.333267069386       -9.38       -5.21    4.4    1.52s
  8   -2.333267069397      -10.93       -5.78    2.9    879ms
  9   -2.333267069399      -11.82       -6.38    2.7    1.16s
 10   -2.333267069399      -12.96       -6.91    2.9    870ms
 11   -2.333267069399      -14.15       -7.84    2.6    1.14s
     3    -2.333267e+00     1.112610e-04
 * time: 164.20643496513367
n     Energy            log10(ΔE)   log10(Δρ)   Diag   Δtime
---   ---------------   ---------   ---------   ----   ------
  1   -2.333125491456                   -1.57    5.8    1.79s
  2   -2.333231292472       -3.98       -1.89    1.4    632ms
  3   -2.333266587675       -4.45       -3.08    3.6    1.36s
  4   -2.333267203040       -6.21       -3.44    4.2    1.22s
  5   -2.333267234348       -7.50       -3.62    1.9    1.01s
  6   -2.333267258003       -7.63       -4.73    2.5    806ms
  7   -2.333267258421       -9.38       -5.12    4.3    1.48s
  8   -2.333267258435      -10.86       -5.77    2.5    805ms
  9   -2.333267258436      -12.11       -6.23    3.1    1.25s
 10   -2.333267258436      -12.51       -6.91    2.4    757ms
 11   -2.333267258436   +  -13.45       -7.81    3.0    919ms
n     Energy            log10(ΔE)   log10(Δρ)   Diag   Δtime
---   ---------------   ---------   ---------   ----   ------
  1   -2.333125316137                   -1.57    5.7    1.74s
  2   -2.333231110448       -3.98       -1.89    1.3    598ms
  3   -2.333266584284       -4.45       -3.07    3.6    1.36s
  4   -2.333267201930       -6.21       -3.44    4.1    1.18s
  5   -2.333267236578       -7.46       -3.64    2.1    1.01s
  6   -2.333267257995       -7.67       -4.74    2.6    808ms
  7   -2.333267258421       -9.37       -5.19    4.4    1.49s
  8   -2.333267258435      -10.85       -5.77    2.8    851ms
  9   -2.333267258436      -12.07       -6.34    2.8    1.16s
 10   -2.333267258436      -12.64       -6.88    2.8    841ms
 11   -2.333267258436   +  -13.47       -7.95    2.7    1.16s
     4    -2.333267e+00     2.241541e-06
 * time: 218.14315509796143
n     Energy            log10(ΔE)   log10(Δρ)   Diag   Δtime
---   ---------------   ---------   ---------   ----   ------
  1   -2.333126046745                   -1.57    5.7    1.77s
  2   -2.333231215185       -3.98       -1.89    1.4    632ms
  3   -2.333266592489       -4.45       -3.07    3.7    1.41s
  4   -2.333267202135       -6.21       -3.44    4.0    1.18s
  5   -2.333267237311       -7.45       -3.65    2.3    1.05s
  6   -2.333267258114       -7.68       -4.75    2.6    816ms
  7   -2.333267258511       -9.40       -5.27    4.4    1.53s
  8   -2.333267258517      -11.16       -5.81    2.7    848ms
  9   -2.333267258518      -12.17       -6.39    2.8    1.16s
 10   -2.333267258518      -12.68       -6.84    2.9    864ms
 11   -2.333267258518   +  -13.48       -7.98    2.4    783ms
n     Energy            log10(ΔE)   log10(Δρ)   Diag   Δtime
---   ---------------   ---------   ---------   ----   ------
  1   -2.333124013111                   -1.57    5.7    1.70s
  2   -2.333231060833       -3.97       -1.89    1.4    604ms
  3   -2.333266641297       -4.45       -3.07    3.7    1.38s
  4   -2.333267202793       -6.25       -3.44    4.1    1.20s
  5   -2.333267236547       -7.47       -3.64    2.1    1.06s
  6   -2.333267258093       -7.67       -4.76    2.5    793ms
  7   -2.333267258507       -9.38       -5.18    4.4    1.50s
  8   -2.333267258517      -10.99       -5.80    2.4    789ms
  9   -2.333267258518      -12.22       -6.26    3.0    1.25s
 10   -2.333267258518      -12.52       -6.89    2.6    806ms
 11   -2.333267258518   +  -13.45       -7.99    2.9    901ms
     5    -2.333267e+00     5.540256e-09
 * time: 272.0861520767212
 * Status: success

 * Candidate solution
    Final objective value:     -2.333267e+00

 * Found with
    Algorithm:     L-BFGS

 * Convergence measures
    |x - x'|               = 6.90e-05 ≰ -1.0e+00
    |x - x'|/|x'|          = 8.80e-06 ≰ 0.0e+00
    |f(x) - f(x')|         = 8.20e-11 ≤ 1.0e-08
    |f(x) - f(x')|/|f(x')| = 3.52e-11 ≰ 0.0e+00
    |g(x)|                 = 5.54e-09 ≤ 1.0e-06

 * Work counters
    Seconds run:   272  (vs limit Inf)
    Iterations:    5
    f(x) calls:    6
    ∇f(x) calls:   6

Al: 306.499551 seconds (292.01 M allocations: 71.506 GiB, 7.92% gc time, 0.00% compilation time)
n     Energy            log10(ΔE)   log10(Δρ)   Diag   Δtime
---   ---------------   ---------   ---------   ----   ------
  1   -74.19478494422                   -1.02    9.5    9.10s
  2   -74.19917934978       -2.36       -1.22    4.8    4.98s
  3   -74.20219795058       -2.52       -1.64    6.4    6.59s
  4   -74.20255880809       -3.44       -2.05    5.3    5.59s
  5   -74.20259040992       -4.50       -2.44    5.1    5.61s
  6   -74.20259885796       -5.07       -3.19    5.3    5.77s
  7   -74.20259890852       -7.30       -3.69    5.3    5.83s
  8   -74.20259892195       -7.87       -4.25    5.2    5.56s
  9   -74.20259892237       -9.38       -4.73    5.1    5.56s
 10   -74.20259892234   +  -10.48       -5.28    5.3    5.66s
 11   -74.20259892239      -10.30       -5.86    5.4    5.68s
 12   -74.20259892239      -11.12       -6.58    5.2    5.64s
 13   -74.20259892239   +  -11.64       -6.75    5.9    6.25s
 14   -74.20259892239      -12.00       -7.37    5.6    5.74s
Iter     Function value   Gradient norm 
     0    -7.420260e+01     1.896107e-03
 * time: 5.9604644775390625e-6
n     Energy            log10(ΔE)   log10(Δρ)   Diag   Δtime
---   ---------------   ---------   ---------   ----   ------
  1   -74.19478100791                   -1.02    9.5    9.09s
  2   -74.19917954098       -2.36       -1.22    4.7    5.16s
  3   -74.20220048849       -2.52       -1.64    6.4    6.57s
  4   -74.20256173756       -3.44       -2.05    5.3    5.61s
  5   -74.20259371983       -4.50       -2.44    5.1    5.89s
  6   -74.20260217918       -5.07       -3.19    5.3    5.69s
  7   -74.20260222906       -7.30       -3.69    5.2    5.72s
  8   -74.20260224184       -7.89       -4.25    5.1    5.40s
  9   -74.20260224225       -9.39       -4.73    5.1    5.46s
 10   -74.20260224222   +  -10.55       -5.28    5.2    5.55s
 11   -74.20260224227      -10.32       -5.85    5.4    5.72s
 12   -74.20260224228      -11.13       -6.59    5.1    5.48s
 13   -74.20260224227   +  -11.66       -6.73    5.9    5.94s
 14   -74.20260224227      -12.06       -7.35    5.6    5.51s
n     Energy            log10(ΔE)   log10(Δρ)   Diag   Δtime
---   ---------------   ---------   ---------   ----   ------
  1   -74.19478024605                   -1.02    9.4    8.97s
  2   -74.19918074199       -2.36       -1.22    4.7    4.79s
  3   -74.20220103023       -2.52       -1.64    6.4    6.58s
  4   -74.20256148366       -3.44       -2.05    5.2    5.47s
  5   -74.20259382444       -4.49       -2.44    5.1    5.57s
  6   -74.20260217466       -5.08       -3.19    5.3    5.59s
  7   -74.20260222944       -7.26       -3.69    5.2    5.49s
  8   -74.20260224181       -7.91       -4.24    5.2    5.32s
  9   -74.20260224225       -9.35       -4.73    5.1    5.36s
 10   -74.20260224222   +  -10.53       -5.29    5.3    5.58s
 11   -74.20260224227      -10.33       -5.85    5.4    5.54s
 12   -74.20260224228      -11.13       -6.60    5.1    5.42s
 13   -74.20260224227   +  -11.68       -6.73    5.9    5.87s
 14   -74.20260224227      -12.09       -7.33    5.5    5.40s
     1    -7.420260e+01     1.605101e-03
 * time: 224.1671860218048
n     Energy            log10(ΔE)   log10(Δρ)   Diag   Δtime
---   ---------------   ---------   ---------   ----   ------
  1   -74.19474555634                   -1.02    9.7    8.78s
  2   -74.19915157234       -2.36       -1.22    4.8    5.17s
  3   -74.20220621554       -2.52       -1.64    6.5    6.54s
  4   -74.20256826052       -3.44       -2.04    5.4    5.54s
  5   -74.20260208039       -4.47       -2.43    5.1    5.53s
  6   -74.20261060874       -5.07       -3.18    5.3    5.62s
  7   -74.20261068034       -7.15       -3.69    5.3    5.49s
  8   -74.20261069143       -7.96       -4.21    5.1    5.29s
  9   -74.20261069188       -9.35       -4.73    5.0    5.42s
 10   -74.20261069187   +  -11.57       -5.28    5.3    5.69s
 11   -74.20261069191      -10.45       -5.83    5.4    5.57s
 12   -74.20261069191      -11.29       -6.59    5.2    5.46s
 13   -74.20261069191   +  -11.89       -6.71    5.9    5.95s
 14   -74.20261069191      -12.17       -7.36    5.7    5.50s
n     Energy            log10(ΔE)   log10(Δρ)   Diag   Δtime
---   ---------------   ---------   ---------   ----   ------
  1   -74.19475315705                   -1.02    9.5    9.01s
  2   -74.19915516092       -2.36       -1.22    4.7    5.04s
  3   -74.20220349236       -2.52       -1.64    6.5    6.78s
  4   -74.20256918707       -3.44       -2.04    5.3    5.72s
  5   -74.20260167775       -4.49       -2.42    5.1    5.57s
  6   -74.20261061689       -5.05       -3.18    5.4    5.71s
  7   -74.20261067914       -7.21       -3.69    5.3    5.87s
  8   -74.20261069145       -7.91       -4.22    5.1    5.43s
  9   -74.20261069187       -9.38       -4.73    5.1    5.64s
 10   -74.20261069187      -11.39       -5.27    5.3    5.61s
 11   -74.20261069191      -10.45       -5.80    5.5    5.61s
 12   -74.20261069191      -11.22       -6.56    5.2    5.62s
 13   -74.20261069191   +  -11.87       -6.67    5.9    6.28s
 14   -74.20261069191      -12.23       -7.28    5.6    5.73s
     2    -7.420261e+01     1.444462e-05
 * time: 450.02062702178955
n     Energy            log10(ΔE)   log10(Δρ)   Diag   Δtime
---   ---------------   ---------   ---------   ----   ------
  1   -74.19474754771                   -1.02    9.4    8.91s
  2   -74.19915492125       -2.36       -1.22    4.7    5.33s
  3   -74.20220436194       -2.52       -1.64    6.5    6.71s
  4   -74.20256891452       -3.44       -2.04    5.3    5.51s
  5   -74.20260172084       -4.48       -2.42    5.0    5.57s
  6   -74.20261061343       -5.05       -3.18    5.2    5.72s
  7   -74.20261067990       -7.18       -3.69    5.3    5.81s
  8   -74.20261069206       -7.91       -4.21    5.2    5.49s
  9   -74.20261069256       -9.30       -4.73    5.1    5.61s
 10   -74.20261069256      -11.69       -5.26    5.3    5.67s
 11   -74.20261069260      -10.43       -5.80    5.5    5.52s
 12   -74.20261069261      -11.23       -6.56    5.1    5.59s
 13   -74.20261069261   +  -11.87       -6.68    5.8    6.09s
 14   -74.20261069261      -12.19       -7.28    5.6    5.66s
n     Energy            log10(ΔE)   log10(Δρ)   Diag   Δtime
---   ---------------   ---------   ---------   ----   ------
  1   -74.19475066713                   -1.02    9.4    9.32s
  2   -74.19915409617       -2.36       -1.22    4.7    5.06s
  3   -74.20220333975       -2.52       -1.64    6.4    6.71s
  4   -74.20256928282       -3.44       -2.04    5.3    5.47s
  5   -74.20260175592       -4.49       -2.42    5.1    5.77s
  6   -74.20261061662       -5.05       -3.18    5.4    5.82s
  7   -74.20261068048       -7.19       -3.69    5.4    5.91s
  8   -74.20261069213       -7.93       -4.22    5.2    5.55s
  9   -74.20261069256       -9.36       -4.73    5.1    5.54s
 10   -74.20261069257      -11.41       -5.28    5.3    5.70s
 11   -74.20261069260      -10.45       -5.80    5.4    5.59s
 12   -74.20261069261      -11.24       -6.56    5.2    5.64s
 13   -74.20261069261   +  -11.89       -6.69    5.8    6.16s
 14   -74.20261069261      -12.18       -7.31    5.6    5.59s
     3    -7.420261e+01     1.005681e-07
 * time: 678.4275119304657
┌ Info: Threading setup: 
│   Threads.nthreads() = 1
│   n_DFTK = 1
│   n_fft = 1
└   n_blas = 1
┌ Info: 2025-05-15T16:34:46.762
│   name = "Si"
│   Ecut = 18.0
│   kgrid = MonkhorstPack([14, 14, 14])
│   p0 = ComponentVector{Float64}(a = 10.347246312603742)
│   temperature = 0.001
└   smearing = DFTK.Smearing.Gaussian()
┌ Info: 2025-05-15T16:39:00.599
│   name = "NaCl"
│   Ecut = 44.0
│   kgrid = MonkhorstPack([13, 13, 13])
│   p0 = ComponentVector{Float64}(a = 10.746130571470083)
│   temperature = 0
└   smearing = DFTK.Smearing.None()
┌ Info: 2025-05-15T16:55:02.846
│   name = "Al"
│   Ecut = 20.0
│   kgrid = MonkhorstPack([18, 18, 18])
│   p0 = ComponentVector{Float64}(a = 7.641925528121933)
│   temperature = 0.001
└   smearing = DFTK.Smearing.Gaussian()
┌ Info: 2025-05-15T17:00:09.346
│   name = "V"
│   Ecut = 42.0
│   kgrid = MonkhorstPack([20, 20, 20])
│   p0 = ComponentVector{Float64}(a = 5.699267600684394)
│   temperature = 0.001
└   smearing = DFTK.Smearing.Gaussian()
┌ Warning: Negative ρcore detected: -3.4151886922104144e-8
└ @ DFTK ~/.julia/packages/DFTK/n2IL4/src/terms/xc.jl:39
┌ Warning: Negative ρcore detected: Dual{ForwardDiff.Tag{var"#19#21"{@NamedTuple{ham::Hamiltonian, basis::PlaneWaveBasis{Float64, Float64, DFTK.CPU, FFTGrid{Float64, Float64, Array{StaticArraysCore.SVector{3, Int64}, 3}, Array{StaticArraysCore.SVector{3, Float64}, 3}}, Vector{StaticArraysCore.SVector{3, Int64}}}, energies::Energies{Float64}, converged::Bool, occupation_threshold::Float64, ρ::Array{Float64, 4}, τ::Nothing, α::Float64, eigenvalues::Vector{Vector{Float64}}, occupation::Vector{Vector{Float64}}, εF::Float64, n_bands_converge::Int64, n_iter::Int64, n_matvec::Int64, ψ::Vector{Matrix{ComplexF64}}, diagonalization::Vector{@NamedTuple{λ::Vector{Vector{Float64}}, X::Vector{Matrix{ComplexF64}}, residual_norms::Vector{Vector{Float64}}, n_iter::Vector{Int64}, converged::Bool, n_matvec::Int64}}, stage::Symbol, history_Δρ::Vector{Float64}, history_Etot::Vector{Float64}, timedout::Bool, runtime_ns::UInt64, algorithm::String}, Model{Float64, Float64}, Float64, MonkhorstPack, var"#case#4"{Matrix{Float64}, Float64, MonkhorstPack, Vector{StaticArraysCore.SVector{3, Float64}}, Vector{ElementPsp{PspUpf{Float64, Interpolations.Extrapolation{Float64, 1, Interpolations.GriddedInterpolation{Float64, 1, Vector{Float64}, Interpolations.Gridded{Interpolations.Linear{Interpolations.Throw{Interpolations.OnGrid}}}, Tuple{Vector{Float64}}}, Interpolations.Gridded{Interpolations.Linear{Interpolations.Throw{Interpolations.OnGrid}}}, Interpolations.Throw{Nothing}}}}}, Float64, Float64, String}}, Float64}}(-3.4151886922104144e-8,-1.2413273474001241e-8)
└ @ DFTK ~/.julia/packages/DFTK/n2IL4/src/terms/xc.jl:39
┌ Warning: Negative ρcore detected: -3.4167940037992895e-8
└ @ DFTK ~/.julia/packages/DFTK/n2IL4/src/terms/xc.jl:39
┌ Warning: Negative ρcore detected: -3.4167940037992895e-8
└ @ DFTK ~/.julia/packages/DFTK/n2IL4/src/terms/xc.jl:39
┌ Warning: Negative ρcore detected: Dual{ForwardDiff.Tag{var"#19#21"{@NamedTuple{ham::Hamiltonian, basis::PlaneWaveBasis{Float64, Float64, DFTK.CPU, FFTGrid{Float64, Float64, Array{StaticArraysCore.SVector{3, Int64}, 3}, Array{StaticArraysCore.SVector{3, Float64}, 3}}, Vector{StaticArraysCore.SVector{3, Int64}}}, energies::Energies{Float64}, converged::Bool, occupation_threshold::Float64, ρ::Array{Float64, 4}, τ::Nothing, α::Float64, eigenvalues::Vector{Vector{Float64}}, occupation::Vector{Vector{Float64}}, εF::Float64, n_bands_converge::Int64, n_iter::Int64, n_matvec::Int64, ψ::Vector{Matrix{ComplexF64}}, diagonalization::Vector{@NamedTuple{λ::Vector{Vector{Float64}}, X::Vector{Matrix{ComplexF64}}, residual_norms::Vector{Vector{Float64}}, n_iter::Vector{Int64}, converged::Bool, n_matvec::Int64}}, stage::Symbol, history_Δρ::Vector{Float64}, history_Etot::Vector{Float64}, timedout::Bool, runtime_ns::UInt64, algorithm::String}, Model{Float64, Float64}, Float64, MonkhorstPack, var"#case#4"{Matrix{Float64}, Float64, MonkhorstPack, Vector{StaticArraysCore.SVector{3, Float64}}, Vector{ElementPsp{PspUpf{Float64, Interpolations.Extrapolation{Float64, 1, Interpolations.GriddedInterpolation{Float64, 1, Vector{Float64}, Interpolations.Gridded{Interpolations.Linear{Interpolations.Throw{Interpolations.OnGrid}}}, Tuple{Vector{Float64}}}, Interpolations.Gridded{Interpolations.Linear{Interpolations.Throw{Interpolations.OnGrid}}}, Interpolations.Throw{Nothing}}}}}, Float64, Float64, String}}, Float64}}(-3.4167940037992895e-8,-4.537995574199897e-9)
└ @ DFTK ~/.julia/packages/DFTK/n2IL4/src/terms/xc.jl:39
┌ Warning: Negative ρcore detected: -3.399579322545442e-8
└ @ DFTK ~/.julia/packages/DFTK/n2IL4/src/terms/xc.jl:39
┌ Warning: Negative ρcore detected: -3.399579322545442e-8
└ @ DFTK ~/.julia/packages/DFTK/n2IL4/src/terms/xc.jl:39
┌ Warning: Negative ρcore detected: Dual{ForwardDiff.Tag{var"#19#21"{@NamedTuple{ham::Hamiltonian, basis::PlaneWaveBasis{Float64, Float64, DFTK.CPU, FFTGrid{Float64, Float64, Array{StaticArraysCore.SVector{3, Int64}, 3}, Array{StaticArraysCore.SVector{3, Float64}, 3}}, Vector{StaticArraysCore.SVector{3, Int64}}}, energies::Energies{Float64}, converged::Bool, occupation_threshold::Float64, ρ::Array{Float64, 4}, τ::Nothing, α::Float64, eigenvalues::Vector{Vector{Float64}}, occupation::Vector{Vector{Float64}}, εF::Float64, n_bands_converge::Int64, n_iter::Int64, n_matvec::Int64, ψ::Vector{Matrix{ComplexF64}}, diagonalization::Vector{@NamedTuple{λ::Vector{Vector{Float64}}, X::Vector{Matrix{ComplexF64}}, residual_norms::Vector{Vector{Float64}}, n_iter::Vector{Int64}, converged::Bool, n_matvec::Int64}}, stage::Symbol, history_Δρ::Vector{Float64}, history_Etot::Vector{Float64}, timedout::Bool, runtime_ns::UInt64, algorithm::String}, Model{Float64, Float64}, Float64, MonkhorstPack, var"#case#4"{Matrix{Float64}, Float64, MonkhorstPack, Vector{StaticArraysCore.SVector{3, Float64}}, Vector{ElementPsp{PspUpf{Float64, Interpolations.Extrapolation{Float64, 1, Interpolations.GriddedInterpolation{Float64, 1, Vector{Float64}, Interpolations.Gridded{Interpolations.Linear{Interpolations.Throw{Interpolations.OnGrid}}}, Tuple{Vector{Float64}}}, Interpolations.Gridded{Interpolations.Linear{Interpolations.Throw{Interpolations.OnGrid}}}, Interpolations.Throw{Nothing}}}}}, Float64, Float64, String}}, Float64}}(-3.399579322545442e-8,3.689116760499702e-8)
└ @ DFTK ~/.julia/packages/DFTK/n2IL4/src/terms/xc.jl:39
┌ Warning: Negative ρcore detected: -3.399227265677711e-8
└ @ DFTK ~/.julia/packages/DFTK/n2IL4/src/terms/xc.jl:39
┌ Warning: Negative ρcore detected: -3.399227265677711e-8
└ @ DFTK ~/.julia/packages/DFTK/n2IL4/src/terms/xc.jl:39
┌ Warning: Negative ρcore detected: Dual{ForwardDiff.Tag{var"#19#21"{@NamedTuple{ham::Hamiltonian, basis::PlaneWaveBasis{Float64, Float64, DFTK.CPU, FFTGrid{Float64, Float64, Array{StaticArraysCore.SVector{3, Int64}, 3}, Array{StaticArraysCore.SVector{3, Float64}, 3}}, Vector{StaticArraysCore.SVector{3, Int64}}}, energies::Energies{Float64}, converged::Bool, occupation_threshold::Float64, ρ::Array{Float64, 4}, τ::Nothing, α::Float64, eigenvalues::Vector{Vector{Float64}}, occupation::Vector{Vector{Float64}}, εF::Float64, n_bands_converge::Int64, n_iter::Int64, n_matvec::Int64, ψ::Vector{Matrix{ComplexF64}}, diagonalization::Vector{@NamedTuple{λ::Vector{Vector{Float64}}, X::Vector{Matrix{ComplexF64}}, residual_norms::Vector{Vector{Float64}}, n_iter::Vector{Int64}, converged::Bool, n_matvec::Int64}}, stage::Symbol, history_Δρ::Vector{Float64}, history_Etot::Vector{Float64}, timedout::Bool, runtime_ns::UInt64, algorithm::String}, Model{Float64, Float64}, Float64, MonkhorstPack, var"#case#4"{Matrix{Float64}, Float64, MonkhorstPack, Vector{StaticArraysCore.SVector{3, Float64}}, Vector{ElementPsp{PspUpf{Float64, Interpolations.Extrapolation{Float64, 1, Interpolations.GriddedInterpolation{Float64, 1, Vector{Float64}, Interpolations.Gridded{Interpolations.Linear{Interpolations.Throw{Interpolations.OnGrid}}}, Tuple{Vector{Float64}}}, Interpolations.Gridded{Interpolations.Linear{Interpolations.Throw{Interpolations.OnGrid}}}, Interpolations.Throw{Nothing}}}}}, Float64, Float64, String}}, Float64}}(-3.399227265677711e-8,3.725177995247488e-8)
└ @ DFTK ~/.julia/packages/DFTK/n2IL4/src/terms/xc.jl:39
 * Status: success

 * Candidate solution
    Final objective value:     -7.420261e+01

 * Found with
    Algorithm:     L-BFGS

 * Convergence measures
    |x - x'|               = 9.50e-05 ≰ -1.0e+00
    |x - x'|/|x'|          = 1.66e-05 ≰ 0.0e+00
    |f(x) - f(x')|         = 6.92e-10 ≤ 1.0e-08
    |f(x) - f(x')|/|f(x')| = 9.33e-12 ≰ 0.0e+00
    |g(x)|                 = 1.01e-07 ≤ 1.0e-06

 * Work counters
    Seconds run:   678  (vs limit Inf)
    Iterations:    3
    f(x) calls:    4
    ∇f(x) calls:   4

V: 803.690949 seconds (572.92 M allocations: 275.251 GiB, 6.07% gc time, 0.01% compilation time)
