n     Energy            log10(ΔE)   log10(Δρ)   Diag   Δtime
---   ---------------   ---------   ---------   ----   ------
  1   -8.410628995176                   -0.97    7.0    11.4s
  2   -8.412687561372       -2.69       -1.78    1.8    4.86s
  3   -8.412771911673       -4.07       -2.95    3.9    2.02s
  4   -8.412772523616       -6.21       -3.86    4.4    1.75s
  5   -8.412772527841       -8.37       -4.56    4.0    1.84s
  6   -8.412772528099       -9.59       -5.11    4.2    1.87s
  7   -8.412772528121      -10.67       -6.28    3.5    1.49s
  8   -8.412772528121      -12.86       -7.31    4.0    2.00s
Iter     Function value   Gradient norm 
     0    -8.412773e+00     8.416947e-03
 * time: 8.106231689453125e-6
n     Energy            log10(ΔE)   log10(Δρ)   Diag   Δtime
---   ---------------   ---------   ---------   ----   ------
  1   -8.410667632386                   -0.97    7.3    2.55s
  2   -8.412762304632       -2.68       -1.77    2.1    1.41s
  3   -8.412840482654       -4.11       -2.96    4.0    1.68s
  4   -8.412840944043       -6.34       -3.88    4.5    2.02s
  5   -8.412840947224       -8.50       -4.69    4.1    1.57s
  6   -8.412840947365       -9.85       -5.26    4.6    2.00s
  7   -8.412840947374      -11.02       -6.36    3.5    1.44s
  8   -8.412840947374      -13.10       -7.38    3.8    1.81s
n     Energy            log10(ΔE)   log10(Δρ)   Diag   Δtime
---   ---------------   ---------   ---------   ----   ------
  1   -8.410668154978                   -0.97    7.3    2.47s
  2   -8.412755283309       -2.68       -1.77    2.0    1.39s
  3   -8.412840428825       -4.07       -2.95    4.0    1.69s
  4   -8.412840943488       -6.29       -3.86    4.5    2.00s
  5   -8.412840947171       -8.43       -4.62    3.9    1.59s
  6   -8.412840947358       -9.73       -5.15    4.3    1.96s
  7   -8.412840947374      -10.78       -6.29    3.4    1.45s
  8   -8.412840947374      -12.98       -7.31    4.2    1.95s
     1    -8.412841e+00     7.839790e-03
 * time: 41.51509094238281
n     Energy            log10(ΔE)   log10(Δρ)   Diag   Δtime
---   ---------------   ---------   ---------   ----   ------
  1   -8.410879757621                   -0.96    7.2    2.60s
  2   -8.413187388949       -2.64       -1.82    2.1    1.18s
  3   -8.413270024237       -4.08       -2.84    4.1    2.01s
  4   -8.413270520629       -6.30       -3.83    4.2    1.69s
  5   -8.413270527803       -8.14       -4.51    4.2    1.93s
  6   -8.413270528116       -9.50       -5.40    4.1    1.55s
  7   -8.413270528124      -11.13       -6.29    4.0    1.89s
  8   -8.413270528124      -12.78       -7.52    4.0    1.63s
n     Energy            log10(ΔE)   log10(Δρ)   Diag   Δtime
---   ---------------   ---------   ---------   ----   ------
  1   -8.410883239210                   -0.96    7.0    2.47s
  2   -8.413189309960       -2.64       -1.82    2.1    1.13s
  3   -8.413270004475       -4.09       -2.84    4.0    2.01s
  4   -8.413270520972       -6.29       -3.82    4.2    1.66s
  5   -8.413270527829       -8.16       -4.53    4.2    1.95s
  6   -8.413270528117       -9.54       -5.39    4.1    1.55s
  7   -8.413270528124      -11.14       -6.28    3.8    1.90s
  8   -8.413270528124      -12.78       -7.49    3.9    1.62s
     2    -8.413271e+00     4.743824e-04
 * time: 82.2281129360199
n     Energy            log10(ΔE)   log10(Δρ)   Diag   Δtime
---   ---------------   ---------   ---------   ----   ------
  1   -8.410899909009                   -0.96    7.4    2.60s
  2   -8.413187250832       -2.64       -1.82    2.1    1.45s
  3   -8.413271454649       -4.07       -2.84    4.0    1.72s
  4   -8.413271987165       -6.27       -3.83    4.4    2.09s
  5   -8.413271993995       -8.17       -4.49    4.2    1.69s
  6   -8.413271994338       -9.46       -5.36    4.1    1.87s
  7   -8.413271994346      -11.05       -6.24    3.9    1.61s
  8   -8.413271994347      -12.69       -7.50    3.8    1.89s
n     Energy            log10(ΔE)   log10(Δρ)   Diag   Δtime
---   ---------------   ---------   ---------   ----   ------
  1   -8.410901326760                   -0.96    7.3    2.55s
  2   -8.413183931116       -2.64       -1.81    2.2    1.43s
  3   -8.413271395837       -4.06       -2.84    4.1    1.69s
  4   -8.413271987526       -6.23       -3.82    4.2    1.96s
  5   -8.413271993992       -8.19       -4.48    4.3    1.71s
  6   -8.413271994336       -9.46       -5.30    4.2    1.90s
  7   -8.413271994346      -10.98       -6.15    3.9    1.61s
  8   -8.413271994347      -12.53       -7.44    3.9    1.91s
     3    -8.413272e+00     2.435799e-05
 * time: 123.43842506408691
n     Energy            log10(ΔE)   log10(Δρ)   Diag   Δtime
---   ---------------   ---------   ---------   ----   ------
  1   -8.410910662387                   -0.96    7.6    2.61s
  2   -8.413189999793       -2.64       -1.81    2.2    1.16s
  3   -8.413271410894       -4.09       -2.85    4.1    2.00s
  4   -8.413271991926       -6.24       -3.83    4.3    1.74s
  5   -8.413271997925       -8.22       -4.51    4.3    1.94s
  6   -8.413271998228       -9.52       -5.35    4.3    1.61s
  7   -8.413271998237      -11.07       -6.13    4.0    1.89s
  8   -8.413271998237      -12.50       -7.47    3.7    1.57s
n     Energy            log10(ΔE)   log10(Δρ)   Diag   Δtime
---   ---------------   ---------   ---------   ----   ------
  1   -8.410908116900                   -0.96    7.5    2.65s
  2   -8.413194540167       -2.64       -1.81    2.3    1.20s
  3   -8.413271441881       -4.11       -2.85    4.1    2.06s
  4   -8.413271992342       -6.26       -3.82    4.3    1.76s
  5   -8.413271997986       -8.25       -4.56    4.2    2.02s
  6   -8.413271998231       -9.61       -5.42    4.4    1.64s
  7   -8.413271998237      -11.23       -6.22    3.9    1.92s
  8   -8.413271998237      -12.73       -7.49    3.8    1.58s
     4    -8.413272e+00     6.905695e-08
 * time: 165.1387710571289
 * Status: success

 * Candidate solution
    Final objective value:     -8.413272e+00

 * Found with
    Algorithm:     L-BFGS

 * Convergence measures
    |x - x'|               = 3.19e-04 ≰ -1.0e+00
    |x - x'|/|x'|          = 3.11e-05 ≰ 0.0e+00
    |f(x) - f(x')|         = 3.89e-09 ≤ 1.0e-08
    |f(x) - f(x')|/|f(x')| = 4.62e-10 ≰ 0.0e+00
    |g(x)|                 = 6.91e-08 ≤ 1.0e-06

 * Work counters
    Seconds run:   165  (vs limit Inf)
    Iterations:    4
    f(x) calls:    5
    ∇f(x) calls:   5

Si: 238.767428 seconds (366.86 M allocations: 73.261 GiB, 8.07% gc time, 21.61% compilation time: <1% of which was recompilation)
n     Energy            log10(ΔE)   log10(Δρ)   Diag   Δtime
---   ---------------   ---------   ---------   ----   ------
  1   -61.89956920363                   -1.18    8.4    19.1s
  2   -61.90268250213       -2.51       -1.26    2.7    8.27s
  3   -61.90589931368       -2.49       -2.16    4.1    10.1s
  4   -61.90590876019       -5.02       -2.66    4.0    10.5s
  5   -61.90591243845       -5.43       -3.54    3.7    9.27s
  6   -61.90591247513       -7.44       -4.55    4.2    10.9s
  7   -61.90591247534       -9.67       -5.14    4.3    11.0s
  8   -61.90591247535      -10.92       -6.96    4.1    10.3s
  9   -61.90591247535   +  -13.00       -7.68    5.0    12.4s
Iter     Function value   Gradient norm 
     0    -6.190591e+01     6.278588e-03
 * time: 4.0531158447265625e-6
n     Energy            log10(ΔE)   log10(Δρ)   Diag   Δtime
---   ---------------   ---------   ---------   ----   ------
  1   -61.89962270520                   -1.18    8.6    16.9s
  2   -61.90273956619       -2.51       -1.26    2.7    7.51s
  3   -61.90593857240       -2.49       -2.16    4.1    10.3s
  4   -61.90594787227       -5.03       -2.66    4.1    10.1s
  5   -61.90595153838       -5.44       -3.54    3.7    9.14s
  6   -61.90595157471       -7.44       -4.54    4.2    10.5s
  7   -61.90595157494       -9.65       -5.14    4.4    11.3s
  8   -61.90595157495      -10.95       -6.77    4.1    10.3s
  9   -61.90595157495      -13.37       -7.48    4.8    12.0s
n     Energy            log10(ΔE)   log10(Δρ)   Diag   Δtime
---   ---------------   ---------   ---------   ----   ------
  1   -61.89961775529                   -1.18    8.6    17.5s
  2   -61.90274415194       -2.50       -1.26    2.6    7.57s
  3   -61.90593847423       -2.50       -2.16    4.2    10.2s
  4   -61.90594797318       -5.02       -2.66    4.1    10.5s
  5   -61.90595153748       -5.45       -3.54    3.5    8.98s
  6   -61.90595157470       -7.43       -4.53    4.4    10.9s
  7   -61.90595157493       -9.64       -5.13    4.3    11.2s
  8   -61.90595157495      -10.85       -6.91    4.0    10.2s
  9   -61.90595157495      -13.85       -7.56    5.0    12.5s
     1    -6.190595e+01     6.176162e-03
 * time: 231.374902009964
n     Energy            log10(ΔE)   log10(Δρ)   Diag   Δtime
---   ---------------   ---------   ---------   ----   ------
  1   -61.90142795417                   -1.19    8.2    15.4s
  2   -61.90447723631       -2.52       -1.30    2.7    6.89s
  3   -61.90692791937       -2.61       -2.20    4.0    9.11s
  4   -61.90693558193       -5.12       -2.76    4.2    9.53s
  5   -61.90693750985       -5.71       -3.57    3.8    8.66s
  6   -61.90693753785       -7.55       -4.61    4.3    9.88s
  7   -61.90693753799       -9.85       -5.20    4.2    10.1s
  8   -61.90693753800      -11.00       -7.06    3.9    9.11s
n     Energy            log10(ΔE)   log10(Δρ)   Diag   Δtime
---   ---------------   ---------   ---------   ----   ------
  1   -61.90142490763                   -1.19    8.2    15.3s
  2   -61.90447714788       -2.52       -1.30    2.8    7.01s
  3   -61.90692790174       -2.61       -2.20    4.1    9.22s
  4   -61.90693556631       -5.12       -2.76    4.2    9.83s
  5   -61.90693750982       -5.71       -3.56    3.7    8.53s
  6   -61.90693753785       -7.55       -4.59    4.3    9.94s
  7   -61.90693753799       -9.86       -5.16    4.2    9.75s
  8   -61.90693753800      -10.95       -7.05    4.0    9.25s
     2    -6.190694e+01     1.521063e-03
 * time: 416.4845268726349
n     Energy            log10(ΔE)   log10(Δρ)   Diag   Δtime
---   ---------------   ---------   ---------   ----   ------
  1   -61.90133835622                   -1.19    8.7    17.0s
  2   -61.90438639790       -2.52       -1.29    2.8    7.57s
  3   -61.90696949912       -2.59       -2.19    4.1    9.87s
  4   -61.90697737900       -5.10       -2.74    4.2    10.5s
  5   -61.90697962387       -5.65       -3.57    3.7    9.04s
  6   -61.90697965312       -7.53       -4.62    4.5    10.7s
  7   -61.90697965325       -9.86       -5.22    4.3    10.6s
  8   -61.90697965326      -11.07       -7.02    4.1    10.4s
n     Energy            log10(ΔE)   log10(Δρ)   Diag   Δtime
---   ---------------   ---------   ---------   ----   ------
  1   -61.90133926935                   -1.19    8.7    17.1s
  2   -61.90438652795       -2.52       -1.29    2.8    7.62s
  3   -61.90696954926       -2.59       -2.19    4.1    9.86s
  4   -61.90697743503       -5.10       -2.74    4.2    10.1s
  5   -61.90697962402       -5.66       -3.58    3.9    9.52s
  6   -61.90697965310       -7.54       -4.62    4.2    10.1s
  7   -61.90697965325       -9.83       -5.22    4.3    10.4s
  8   -61.90697965326      -11.04       -7.04    4.0    9.75s
     3    -6.190698e+01     2.633660e-04
 * time: 617.4325819015503
n     Energy            log10(ΔE)   log10(Δρ)   Diag   Δtime
---   ---------------   ---------   ---------   ----   ------
  1   -61.90135973055                   -1.19    8.4    16.6s
  2   -61.90440736814       -2.52       -1.29    2.7    7.40s
  3   -61.90697120539       -2.59       -2.19    4.0    9.90s
  4   -61.90697896094       -5.11       -2.74    4.1    10.0s
  5   -61.90698113198       -5.66       -3.57    3.7    9.41s
  6   -61.90698116050       -7.54       -4.63    4.2    10.2s
  7   -61.90698116064       -9.86       -5.20    4.3    10.5s
  8   -61.90698116065      -11.08       -6.99    4.0    9.70s
  9   -61.90698116065      -13.55       -7.70    5.0    12.2s
n     Energy            log10(ΔE)   log10(Δρ)   Diag   Δtime
---   ---------------   ---------   ---------   ----   ------
  1   -61.90135910415                   -1.19    8.4    16.4s
  2   -61.90441061952       -2.52       -1.29    2.7    7.33s
  3   -61.90697114958       -2.59       -2.19    4.1    9.73s
  4   -61.90697887765       -5.11       -2.74    4.2    10.4s
  5   -61.90698113138       -5.65       -3.56    3.7    8.84s
  6   -61.90698116049       -7.54       -4.61    4.2    10.1s
  7   -61.90698116064       -9.83       -5.19    4.3    10.7s
  8   -61.90698116065      -11.03       -7.03    4.0    9.70s
     4    -6.190698e+01     9.190930e-06
 * time: 829.2692179679871
n     Energy            log10(ΔE)   log10(Δρ)   Diag   Δtime
---   ---------------   ---------   ---------   ----   ------
  1   -61.90136125366                   -1.19    8.3    15.9s
  2   -61.90440940563       -2.52       -1.29    2.6    7.32s
  3   -61.90697114620       -2.59       -2.19    4.0    9.68s
  4   -61.90697894596       -5.11       -2.74    4.1    10.2s
  5   -61.90698113354       -5.66       -3.57    3.6    8.88s
  6   -61.90698116232       -7.54       -4.62    4.2    10.1s
  7   -61.90698116246       -9.88       -5.19    4.2    10.6s
  8   -61.90698116247      -11.05       -7.02    3.9    9.59s
n     Energy            log10(ΔE)   log10(Δρ)   Diag   Δtime
---   ---------------   ---------   ---------   ----   ------
  1   -61.90135992940                   -1.19    8.2    15.7s
  2   -61.90440716121       -2.52       -1.29    2.7    7.21s
  3   -61.90697114259       -2.59       -2.19    4.0    9.36s
  4   -61.90697893155       -5.11       -2.74    4.2    9.78s
  5   -61.90698113340       -5.66       -3.57    3.7    8.95s
  6   -61.90698116231       -7.54       -4.63    4.2    10.0s
  7   -61.90698116246       -9.84       -5.24    4.3    10.3s
  8   -61.90698116247      -11.12       -7.06    4.1    9.49s
     5    -6.190698e+01     6.967702e-08
 * time: 1022.3354048728943
 * Status: success

 * Candidate solution
    Final objective value:     -6.190698e+01

 * Found with
    Algorithm:     L-BFGS

 * Convergence measures
    |x - x'|               = 3.99e-04 ≰ -1.0e+00
    |x - x'|/|x'|          = 3.83e-05 ≰ 0.0e+00
    |f(x) - f(x')|         = 1.81e-09 ≤ 1.0e-08
    |f(x) - f(x')|/|f(x')| = 2.93e-11 ≰ 0.0e+00
    |g(x)|                 = 6.97e-08 ≤ 1.0e-06

 * Work counters
    Seconds run:   1022  (vs limit Inf)
    Iterations:    5
    f(x) calls:    6
    ∇f(x) calls:   6

NaCl: 1149.329894 seconds (1.14 G allocations: 326.599 GiB, 5.15% gc time, 0.29% compilation time)
n     Energy            log10(ΔE)   log10(Δρ)   Diag   Δtime
---   ---------------   ---------   ---------   ----   ------
  1   -2.310188363970                   -1.43    5.5    1.99s
  2   -2.310354196873       -3.78       -1.83    1.5    803ms
  3   -2.310396102278       -4.38       -3.39    3.5    1.61s
  4   -2.310396453937       -6.45       -3.89    4.3    1.53s
  5   -2.310396455006       -8.97       -4.35    2.6    1.31s
  6   -2.310396455251       -9.61       -4.87    2.7    1.05s
  7   -2.310396455281      -10.54       -5.93    3.0    1.49s
  8   -2.310396455281      -12.41       -6.53    3.5    1.30s
  9   -2.310396455281      -14.57       -7.26    2.1    968ms
Iter     Function value   Gradient norm 
     0    -2.310396e+00     4.169875e-03
 * time: 3.0994415283203125e-6
n     Energy            log10(ΔE)   log10(Δρ)   Diag   Δtime
---   ---------------   ---------   ---------   ----   ------
  1   -2.310203086148                   -1.43    5.5    2.04s
  2   -2.310372398469       -3.77       -1.83    1.5    874ms
  3   -2.310413134907       -4.39       -3.41    3.6    1.62s
  4   -2.310413486415       -6.45       -3.89    4.3    1.53s
  5   -2.310413487453       -8.98       -4.35    2.6    1.30s
  6   -2.310413487700       -9.61       -4.87    2.6    1.03s
  7   -2.310413487729      -10.54       -5.94    3.0    1.47s
  8   -2.310413487729      -12.47       -6.53    3.7    1.35s
  9   -2.310413487729      -14.75       -7.24    2.0    936ms
n     Energy            log10(ΔE)   log10(Δρ)   Diag   Δtime
---   ---------------   ---------   ---------   ----   ------
  1   -2.310205012134                   -1.43    5.5    2.01s
  2   -2.310370828597       -3.78       -1.83    1.5    784ms
  3   -2.310413241186       -4.37       -3.37    3.6    1.67s
  4   -2.310413486295       -6.61       -3.87    4.2    1.54s
  5   -2.310413487457       -8.94       -4.35    2.6    1.36s
  6   -2.310413487698       -9.62       -4.86    2.7    1.08s
  7   -2.310413487729      -10.52       -5.91    3.0    1.50s
  8   -2.310413487729      -12.47       -6.47    3.5    1.30s
  9   -2.310413487729      -14.75       -7.22    2.1    951ms
     1    -2.310413e+00     3.999377e-03
 * time: 53.7354199886322
n     Energy            log10(ΔE)   log10(Δρ)   Diag   Δtime
---   ---------------   ---------   ---------   ----   ------
  1   -2.310399200111                   -1.43    5.4    2.02s
  2   -2.310552320634       -3.81       -1.83    1.5    796ms
  3   -2.310589980579       -4.42       -3.50    3.4    1.62s
  4   -2.310590225355       -6.61       -4.15    4.4    1.61s
  5   -2.310590225781       -9.37       -4.62    2.5    1.30s
  6   -2.310590225874      -10.03       -5.42    3.0    1.18s
  7   -2.310590225876      -11.68       -6.30    3.2    1.53s
  8   -2.310590225876      -13.40       -7.22    3.5    1.34s
n     Energy            log10(ΔE)   log10(Δρ)   Diag   Δtime
---   ---------------   ---------   ---------   ----   ------
  1   -2.310396071984                   -1.43    5.4    1.72s
  2   -2.310552361651       -3.81       -1.83    1.5    1.05s
  3   -2.310589990574       -4.42       -3.51    3.5    1.30s
  4   -2.310590225369       -6.63       -4.16    4.4    1.86s
  5   -2.310590225781       -9.39       -4.62    2.6    1.03s
  6   -2.310590225874      -10.03       -5.43    2.9    1.38s
  7   -2.310590225876      -11.65       -6.32    3.4    1.25s
  8   -2.310590225876      -13.39       -7.24    3.4    1.59s
     2    -2.310590e+00     6.308922e-04
 * time: 105.15087890625
n     Energy            log10(ΔE)   log10(Δρ)   Diag   Δtime
---   ---------------   ---------   ---------   ----   ------
  1   -2.310397075376                   -1.43    5.3    2.00s
  2   -2.310554173135       -3.80       -1.83    1.3    758ms
  3   -2.310593616771       -4.40       -3.46    3.4    1.60s
  4   -2.310593886906       -6.57       -4.13    4.3    1.55s
  5   -2.310593887394       -9.31       -4.59    2.5    1.30s
  6   -2.310593887502       -9.96       -5.36    2.9    1.10s
  7   -2.310593887505      -11.56       -6.12    3.2    1.43s
  8   -2.310593887505      -13.11       -7.16    3.2    1.19s
n     Energy            log10(ΔE)   log10(Δρ)   Diag   Δtime
---   ---------------   ---------   ---------   ----   ------
  1   -2.310390711316                   -1.43    5.3    1.69s
  2   -2.310553571479       -3.79       -1.83    1.4    1.02s
  3   -2.310593627245       -4.40       -3.45    3.4    1.27s
  4   -2.310593886949       -6.59       -4.12    4.4    1.81s
  5   -2.310593887397       -9.35       -4.59    2.4    996ms
  6   -2.310593887502       -9.98       -5.36    2.8    1.36s
  7   -2.310593887505      -11.51       -6.11    3.3    1.23s
  8   -2.310593887505      -13.13       -7.16    3.2    1.50s
     3    -2.310594e+00     7.912258e-05
 * time: 155.0799880027771
n     Energy            log10(ΔE)   log10(Δρ)   Diag   Δtime
---   ---------------   ---------   ---------   ----   ------
  1   -2.310399477722                   -1.43    5.3    1.99s
  2   -2.310554318882       -3.81       -1.83    1.3    745ms
  3   -2.310593707349       -4.40       -3.46    3.4    1.60s
  4   -2.310593946245       -6.62       -4.11    4.3    1.54s
  5   -2.310593946702       -9.34       -4.59    2.5    1.36s
  6   -2.310593946804       -9.99       -5.39    2.9    1.16s
  7   -2.310593946807      -11.57       -6.22    3.2    1.51s
  8   -2.310593946807      -13.25       -7.14    3.2    1.25s
n     Energy            log10(ΔE)   log10(Δρ)   Diag   Δtime
---   ---------------   ---------   ---------   ----   ------
  1   -2.310395288161                   -1.43    5.2    1.70s
  2   -2.310553743624       -3.80       -1.83    1.3    1.02s
  3   -2.310593718496       -4.40       -3.45    3.4    1.32s
  4   -2.310593946223       -6.64       -4.12    4.3    1.84s
  5   -2.310593946696       -9.32       -4.59    2.5    1.02s
  6   -2.310593946804       -9.97       -5.41    2.8    1.42s
  7   -2.310593946807      -11.63       -6.25    3.2    1.19s
  8   -2.310593946807      -13.31       -7.19    3.4    1.56s
     4    -2.310594e+00     6.933169e-07
 * time: 206.23761105537415
 * Status: success

 * Candidate solution
    Final objective value:     -2.310594e+00

 * Found with
    Algorithm:     L-BFGS

 * Convergence measures
    |x - x'|               = 1.49e-03 ≰ -1.0e+00
    |x - x'|/|x'|          = 1.97e-04 ≰ 0.0e+00
    |f(x) - f(x')|         = 5.93e-08 ≰ 1.0e-08
    |f(x) - f(x')|/|f(x')| = 2.57e-08 ≰ 0.0e+00
    |g(x)|                 = 6.93e-07 ≤ 1.0e-06

 * Work counters
    Seconds run:   206  (vs limit Inf)
    Iterations:    4
    f(x) calls:    5
    ∇f(x) calls:   5

Al: 238.262474 seconds (191.71 M allocations: 45.650 GiB, 6.59% gc time, 0.03% compilation time)
n     Energy            log10(ΔE)   log10(Δρ)   Diag   Δtime
---   ---------------   ---------   ---------   ----   ------
  1   -73.54381170239                   -0.78    9.7    9.20s
  2   -73.56292375466       -1.72       -0.99    5.7    5.70s
  3   -73.57178869767       -2.05       -1.30    6.9    7.10s
  4   -73.57369525277       -2.72       -1.74    6.1    6.14s
  5   -73.57384073792       -3.84       -2.14    5.1    5.38s
  6   -73.57387380326       -4.48       -3.04    5.4    6.27s
  7   -73.57387380928       -8.22       -3.50    5.0    5.80s
  8   -73.57387385065       -7.38       -4.06    5.6    6.13s
  9   -73.57387384926   +   -8.86       -4.37    5.5    6.01s
 10   -73.57387385093       -8.78       -5.24    5.6    5.89s
 11   -73.57387385093      -11.61       -5.66    4.8    5.73s
 12   -73.57387385093      -11.51       -6.71    5.4    5.90s
 13   -73.57387385093      -13.07       -6.91    5.8    6.51s
 14   -73.57387385093   +  -12.89       -7.53    5.7    5.94s
Iter     Function value   Gradient norm 
     0    -7.357387e+01     2.274811e-02
 * time: 2.86102294921875e-6
n     Energy            log10(ΔE)   log10(Δρ)   Diag   Δtime
---   ---------------   ---------   ---------   ----   ------
  1   -73.54474788591                   -0.78    9.8    9.18s
  2   -73.56368529380       -1.72       -0.99    5.5    5.75s
  3   -73.57236682040       -2.06       -1.31    6.9    6.87s
  4   -73.57417291109       -2.74       -1.75    6.1    5.98s
  5   -73.57432422417       -3.82       -2.15    5.0    5.36s
  6   -73.57435317292       -4.54       -3.05    5.4    5.81s
  7   -73.57435320185       -7.54       -3.55    4.3    5.08s
  8   -73.57435321996       -7.74       -4.14    5.6    5.84s
  9   -73.57435321945   +   -9.29       -4.51    5.2    5.62s
 10   -73.57435322024       -9.10       -5.23    5.6    5.80s
 11   -73.57435322024      -12.21       -5.83    5.6    6.28s
 12   -73.57435322024      -11.62       -6.60    5.5    5.87s
 13   -73.57435322024      -12.77       -7.00    5.3    5.73s
n     Energy            log10(ΔE)   log10(Δρ)   Diag   Δtime
---   ---------------   ---------   ---------   ----   ------
  1   -73.54474392295                   -0.78    9.8    9.33s
  2   -73.56368007375       -1.72       -0.99    5.5    5.51s
  3   -73.57236762763       -2.06       -1.31    6.8    6.92s
  4   -73.57417248285       -2.74       -1.75    6.0    5.89s
  5   -73.57432394241       -3.82       -2.15    5.1    5.34s
  6   -73.57435317055       -4.53       -3.05    5.5    5.80s
  7   -73.57435320132       -7.51       -3.55    4.2    5.26s
  8   -73.57435321991       -7.73       -4.13    5.6    5.76s
  9   -73.57435321939   +   -9.28       -4.49    5.1    5.69s
 10   -73.57435322024       -9.07       -5.23    5.6    5.82s
 11   -73.57435322024      -12.20       -5.82    5.6    6.04s
 12   -73.57435322024      -11.62       -6.60    5.5    5.89s
 13   -73.57435322024      -12.85       -7.02    5.4    5.93s
     1    -7.357435e+01     1.938450e-02
 * time: 218.88113594055176
n     Energy            log10(ΔE)   log10(Δρ)   Diag   Δtime
---   ---------------   ---------   ---------   ----   ------
  1   -73.55041598960                   -0.80    9.7    9.18s
  2   -73.56580866900       -1.81       -1.00    5.4    5.47s
  3   -73.57374706198       -2.10       -1.32    6.8    7.01s
  4   -73.57526015674       -2.82       -1.68    5.8    5.68s
  5   -73.57552970327       -3.57       -2.54    5.4    5.74s
  6   -73.57553174094       -5.69       -3.11    5.3    6.02s
  7   -73.57553175412       -7.88       -3.63    4.0    4.61s
  8   -73.57553176205       -8.10       -3.97    4.9    5.21s
  9   -73.57553176302       -9.01       -4.53    5.5    5.65s
 10   -73.57553176364       -9.21       -4.77    5.2    5.68s
 11   -73.57553176375       -9.96       -5.44    4.9    5.32s
 12   -73.57553176376      -11.13       -6.27    5.3    5.81s
 13   -73.57553176376   +  -13.85       -6.86    5.1    5.75s
 14   -73.57553176376      -13.85       -7.35    4.5    5.12s
n     Energy            log10(ΔE)   log10(Δρ)   Diag   Δtime
---   ---------------   ---------   ---------   ----   ------
  1   -73.55040484556                   -0.80    9.6    8.85s
  2   -73.56581835550       -1.81       -1.00    5.4    5.64s
  3   -73.57374796057       -2.10       -1.32    6.8    6.95s
  4   -73.57525897942       -2.82       -1.68    5.9    5.99s
  5   -73.57552961902       -3.57       -2.54    5.5    5.70s
  6   -73.57553173990       -5.67       -3.11    5.5    5.96s
  7   -73.57553175271       -7.89       -3.63    4.1    4.67s
  8   -73.57553176189       -8.04       -3.97    4.8    5.16s
  9   -73.57553176300       -8.95       -4.52    5.5    5.76s
 10   -73.57553176365       -9.19       -4.78    5.2    5.67s
 11   -73.57553176375       -9.99       -5.45    5.0    5.30s
 12   -73.57553176376      -11.17       -6.28    5.3    5.74s
 13   -73.57553176376      -13.85       -6.87    5.0    5.70s
 14   -73.57553176376      -13.55       -7.37    4.7    5.29s
     2    -7.357553e+01     2.067900e-03
 * time: 443.465616941452
n     Energy            log10(ΔE)   log10(Δρ)   Diag   Δtime
---   ---------------   ---------   ---------   ----   ------
  1   -73.55002691046                   -0.80    9.8    9.36s
  2   -73.56562535792       -1.81       -1.00    5.3    5.43s
  3   -73.57374052143       -2.09       -1.32    6.8    6.85s
  4   -73.57526150337       -2.82       -1.67    5.9    5.78s
  5   -73.57554122028       -3.55       -2.53    5.4    5.52s
  6   -73.57554368412       -5.61       -3.10    5.3    5.78s
  7   -73.57554369426       -7.99       -3.62    4.5    4.84s
  8   -73.57554370254       -8.08       -3.97    4.9    5.05s
  9   -73.57554370383       -8.89       -4.54    5.5    5.61s
 10   -73.57554370439       -9.25       -4.77    5.2    5.53s
 11   -73.57554370450       -9.93       -5.43    5.0    5.24s
 12   -73.57554370451      -11.06       -6.23    5.3    5.71s
 13   -73.57554370451      -13.55       -6.81    4.8    5.44s
 14   -73.57554370451      -13.37       -7.35    4.2    4.88s
n     Energy            log10(ΔE)   log10(Δρ)   Diag   Δtime
---   ---------------   ---------   ---------   ----   ------
  1   -73.55001887399                   -0.80    9.8    9.31s
  2   -73.56563109126       -1.81       -1.00    5.4    5.52s
  3   -73.57373985237       -2.09       -1.32    6.8    7.08s
  4   -73.57526194273       -2.82       -1.67    5.9    5.97s
  5   -73.57554098216       -3.55       -2.52    5.4    5.64s
  6   -73.57554368181       -5.57       -3.09    5.4    5.98s
  7   -73.57554369384       -7.92       -3.62    4.4    4.92s
  8   -73.57554370253       -8.06       -3.97    5.0    5.19s
  9   -73.57554370383       -8.89       -4.55    5.6    5.69s
 10   -73.57554370439       -9.25       -4.77    5.2    5.56s
 11   -73.57554370450       -9.96       -5.43    4.9    5.19s
 12   -73.57554370451      -11.06       -6.23    5.3    5.87s
 13   -73.57554370451      -13.15       -6.81    4.9    5.57s
 14   -73.57554370451   +  -13.25       -7.37    4.2    5.05s
     3    -7.357554e+01     1.714780e-04
 * time: 666.4019658565521
n     Energy            log10(ΔE)   log10(Δρ)   Diag   Δtime
---   ---------------   ---------   ---------   ----   ------
  1   -73.55004874936                   -0.80    9.7    9.38s
  2   -73.56564597263       -1.81       -1.00    5.4    5.48s
  3   -73.57374337050       -2.09       -1.32    6.7    6.96s
  4   -73.57526121418       -2.82       -1.67    5.9    5.87s
  5   -73.57554096382       -3.55       -2.52    5.5    5.54s
  6   -73.57554376338       -5.55       -3.09    5.4    5.76s
  7   -73.57554377729       -7.86       -3.62    4.1    4.62s
  8   -73.57554378625       -8.05       -3.97    5.0    5.21s
  9   -73.57554378748       -8.91       -4.55    5.6    5.85s
 10   -73.57554378806       -9.23       -4.78    5.3    5.71s
 11   -73.57554378817      -10.00       -5.42    4.9    5.23s
 12   -73.57554378817      -11.05       -6.24    5.3    5.74s
 13   -73.57554378817      -13.15       -6.83    5.0    5.52s
 14   -73.57554378817   +  -13.37       -7.35    3.8    4.58s
n     Energy            log10(ΔE)   log10(Δρ)   Diag   Δtime
---   ---------------   ---------   ---------   ----   ------
  1   -73.55005044530                   -0.80    9.8    9.35s
  2   -73.56563720802       -1.81       -1.00    5.4    5.53s
  3   -73.57374371330       -2.09       -1.32    6.7    6.95s
  4   -73.57526236610       -2.82       -1.67    5.8    5.77s
  5   -73.57554112379       -3.55       -2.52    5.4    5.54s
  6   -73.57554376537       -5.58       -3.09    5.4    5.93s
  7   -73.57554377823       -7.89       -3.62    4.2    4.76s
  8   -73.57554378632       -8.09       -3.97    4.9    5.20s
  9   -73.57554378752       -8.92       -4.56    5.7    5.76s
 10   -73.57554378805       -9.27       -4.77    5.2    5.60s
 11   -73.57554378817       -9.95       -5.42    5.0    5.31s
 12   -73.57554378817      -11.05       -6.23    5.2    5.69s
 13   -73.57554378817      -13.07       -6.81    4.9    5.58s
 14   -73.57554378817   +    -Inf       -7.34    4.4    5.09s
     4    -7.357554e+01     1.407138e-06
 * time: 889.618411064148
n     Energy            log10(ΔE)   log10(Δρ)   Diag   Δtime
---   ---------------   ---------   ---------   ----   ------
  1   -73.55005837642                   -0.80    9.7    9.64s
  2   -73.56563753098       -1.81       -1.00    5.4    5.49s
  3   -73.57374272424       -2.09       -1.32    6.8    7.04s
  4   -73.57526234216       -2.82       -1.67    5.8    5.90s
  5   -73.57554104661       -3.55       -2.52    5.4    5.72s
  6   -73.57554376576       -5.57       -3.09    5.4    6.01s
  7   -73.57554377725       -7.94       -3.62    4.3    4.95s
  8   -73.57554378614       -8.05       -3.97    5.0    5.25s
  9   -73.57554378750       -8.87       -4.55    5.6    5.72s
 10   -73.57554378807       -9.24       -4.78    5.2    5.59s
 11   -73.57554378817       -9.98       -5.44    4.9    5.25s
 12   -73.57554378818      -11.10       -6.27    5.3    5.70s
 13   -73.57554378818      -12.81       -6.85    4.8    5.46s
 14   -73.57554378818   +  -13.00       -7.37    3.7    4.63s
n     Energy            log10(ΔE)   log10(Δρ)   Diag   Δtime
---   ---------------   ---------   ---------   ----   ------
  1   -73.55004564027                   -0.80    9.7    9.42s
  2   -73.56565457055       -1.81       -1.00    5.4    5.87s
  3   -73.57374189158       -2.09       -1.32    6.8    7.18s
  4   -73.57526156639       -2.82       -1.67    5.9    6.01s
  5   -73.57554112387       -3.55       -2.52    5.4    5.85s
  6   -73.57554376658       -5.58       -3.10    5.4    6.20s
  7   -73.57554377631       -8.01       -3.62    4.6    5.18s
  8   -73.57554378580       -8.02       -3.96    5.0    5.49s
  9   -73.57554378753       -8.76       -4.55    5.6    5.99s
 10   -73.57554378806       -9.27       -4.78    5.2    5.73s
 11   -73.57554378817       -9.97       -5.43    5.0    5.43s
 12   -73.57554378818      -11.06       -6.22    5.2    5.89s
 13   -73.57554378818      -13.85       -6.82    4.9    5.60s
 14   -73.57554378818   +  -13.25       -7.34    4.5    5.24s
     5    -7.357554e+01     3.435959e-09
 * time: 1116.0470049381256
┌ Info: Threading setup: 
│   Threads.nthreads() = 1
│   n_DFTK = 1
│   n_fft = 1
└   n_blas = 1
┌ Info: 2025-05-15T15:53:00.343
│   name = "Si"
│   Ecut = 18.0
│   kgrid = MonkhorstPack([14, 14, 14])
│   p0 = ComponentVector{Float64}(a = 10.347246312603742)
│   temperature = 0.001
└   smearing = DFTK.Smearing.Gaussian()
┌ Info: 2025-05-15T15:56:59.766
│   name = "NaCl"
│   Ecut = 44.0
│   kgrid = MonkhorstPack([13, 13, 13])
│   p0 = ComponentVector{Float64}(a = 10.746130571470083)
│   temperature = 0
└   smearing = DFTK.Smearing.None()
┌ Info: 2025-05-15T16:16:09.130
│   name = "Al"
│   Ecut = 20.0
│   kgrid = MonkhorstPack([18, 18, 18])
│   p0 = ComponentVector{Float64}(a = 7.641925528121933)
│   temperature = 0.001
└   smearing = DFTK.Smearing.Gaussian()
┌ Warning: Eigensolver not converged
│   n_iter =
│    195-element Vector{Int64}:
│     2
│     1
│     1
│     1
│     ⋮
│     2
│     2
│     1
└ @ DFTK ~/.julia/packages/DFTK/n2IL4/src/scf/self_consistent_field.jl:76
┌ Info: 2025-05-15T16:20:07.423
│   name = "V"
│   Ecut = 42.0
│   kgrid = MonkhorstPack([20, 20, 20])
│   p0 = ComponentVector{Float64}(a = 5.699267600684394)
│   temperature = 0.001
└   smearing = DFTK.Smearing.Gaussian()
┌ Warning: Negative ρcore detected: -3.4151886922104144e-8
└ @ DFTK ~/.julia/packages/DFTK/n2IL4/src/terms/xc.jl:39
┌ Warning: Negative ρcore detected: Dual{ForwardDiff.Tag{var"#19#21"{@NamedTuple{ham::Hamiltonian, basis::PlaneWaveBasis{Float64, Float64, DFTK.CPU, FFTGrid{Float64, Float64, Array{StaticArraysCore.SVector{3, Int64}, 3}, Array{StaticArraysCore.SVector{3, Float64}, 3}}, Vector{StaticArraysCore.SVector{3, Int64}}}, energies::Energies{Float64}, converged::Bool, occupation_threshold::Float64, ρ::Array{Float64, 4}, τ::Nothing, α::Float64, eigenvalues::Vector{Vector{Float64}}, occupation::Vector{Vector{Float64}}, εF::Float64, n_bands_converge::Int64, n_iter::Int64, n_matvec::Int64, ψ::Vector{Matrix{ComplexF64}}, diagonalization::Vector{@NamedTuple{λ::Vector{Vector{Float64}}, X::Vector{Matrix{ComplexF64}}, residual_norms::Vector{Vector{Float64}}, n_iter::Vector{Int64}, converged::Bool, n_matvec::Int64}}, stage::Symbol, history_Δρ::Vector{Float64}, history_Etot::Vector{Float64}, timedout::Bool, runtime_ns::UInt64, algorithm::String}, Model{Float64, Float64}, Float64, MonkhorstPack, var"#case#4"{Matrix{Float64}, Float64, MonkhorstPack, Vector{StaticArraysCore.SVector{3, Float64}}, Vector{ElementPsp{PspUpf{Float64, Interpolations.Extrapolation{Float64, 1, Interpolations.GriddedInterpolation{Float64, 1, Vector{Float64}, Interpolations.Gridded{Interpolations.Linear{Interpolations.Throw{Interpolations.OnGrid}}}, Tuple{Vector{Float64}}}, Interpolations.Gridded{Interpolations.Linear{Interpolations.Throw{Interpolations.OnGrid}}}, Interpolations.Throw{Nothing}}}}}, Float64, Float64, String}}, Float64}}(-3.4151886922104144e-8,-1.2413273474001241e-8)
└ @ DFTK ~/.julia/packages/DFTK/n2IL4/src/terms/xc.jl:39
┌ Warning: Negative ρcore detected: -3.272669772288077e-8
└ @ DFTK ~/.julia/packages/DFTK/n2IL4/src/terms/xc.jl:39
┌ Warning: Negative ρcore detected: -3.272669772288077e-8
└ @ DFTK ~/.julia/packages/DFTK/n2IL4/src/terms/xc.jl:39
┌ Warning: Negative ρcore detected: Dual{ForwardDiff.Tag{var"#19#21"{@NamedTuple{ham::Hamiltonian, basis::PlaneWaveBasis{Float64, Float64, DFTK.CPU, FFTGrid{Float64, Float64, Array{StaticArraysCore.SVector{3, Int64}, 3}, Array{StaticArraysCore.SVector{3, Float64}, 3}}, Vector{StaticArraysCore.SVector{3, Int64}}}, energies::Energies{Float64}, converged::Bool, occupation_threshold::Float64, ρ::Array{Float64, 4}, τ::Nothing, α::Float64, eigenvalues::Vector{Vector{Float64}}, occupation::Vector{Vector{Float64}}, εF::Float64, n_bands_converge::Int64, n_iter::Int64, n_matvec::Int64, ψ::Vector{Matrix{ComplexF64}}, diagonalization::Vector{@NamedTuple{λ::Vector{Vector{Float64}}, X::Vector{Matrix{ComplexF64}}, residual_norms::Vector{Vector{Float64}}, n_iter::Vector{Int64}, converged::Bool, n_matvec::Int64}}, stage::Symbol, history_Δρ::Vector{Float64}, history_Etot::Vector{Float64}, timedout::Bool, runtime_ns::UInt64, algorithm::String}, Model{Float64, Float64}, Float64, MonkhorstPack, var"#case#4"{Matrix{Float64}, Float64, MonkhorstPack, Vector{StaticArraysCore.SVector{3, Float64}}, Vector{ElementPsp{PspUpf{Float64, Interpolations.Extrapolation{Float64, 1, Interpolations.GriddedInterpolation{Float64, 1, Vector{Float64}, Interpolations.Gridded{Interpolations.Linear{Interpolations.Throw{Interpolations.OnGrid}}}, Tuple{Vector{Float64}}}, Interpolations.Gridded{Interpolations.Linear{Interpolations.Throw{Interpolations.OnGrid}}}, Interpolations.Throw{Nothing}}}}}, Float64, Float64, String}}, Float64}}(-3.272669772288077e-8,-1.1553461153107632e-7)
└ @ DFTK ~/.julia/packages/DFTK/n2IL4/src/terms/xc.jl:39
┌ Warning: Negative ρcore detected: -3.27123519772682e-8
└ @ DFTK ~/.julia/packages/DFTK/n2IL4/src/terms/xc.jl:39
┌ Warning: Negative ρcore detected: -3.27123519772682e-8
└ @ DFTK ~/.julia/packages/DFTK/n2IL4/src/terms/xc.jl:39
┌ Warning: Negative ρcore detected: Dual{ForwardDiff.Tag{var"#19#21"{@NamedTuple{ham::Hamiltonian, basis::PlaneWaveBasis{Float64, Float64, DFTK.CPU, FFTGrid{Float64, Float64, Array{StaticArraysCore.SVector{3, Int64}, 3}, Array{StaticArraysCore.SVector{3, Float64}, 3}}, Vector{StaticArraysCore.SVector{3, Int64}}}, energies::Energies{Float64}, converged::Bool, occupation_threshold::Float64, ρ::Array{Float64, 4}, τ::Nothing, α::Float64, eigenvalues::Vector{Vector{Float64}}, occupation::Vector{Vector{Float64}}, εF::Float64, n_bands_converge::Int64, n_iter::Int64, n_matvec::Int64, ψ::Vector{Matrix{ComplexF64}}, diagonalization::Vector{@NamedTuple{λ::Vector{Vector{Float64}}, X::Vector{Matrix{ComplexF64}}, residual_norms::Vector{Vector{Float64}}, n_iter::Vector{Int64}, converged::Bool, n_matvec::Int64}}, stage::Symbol, history_Δρ::Vector{Float64}, history_Etot::Vector{Float64}, timedout::Bool, runtime_ns::UInt64, algorithm::String}, Model{Float64, Float64}, Float64, MonkhorstPack, var"#case#4"{Matrix{Float64}, Float64, MonkhorstPack, Vector{StaticArraysCore.SVector{3, Float64}}, Vector{ElementPsp{PspUpf{Float64, Interpolations.Extrapolation{Float64, 1, Interpolations.GriddedInterpolation{Float64, 1, Vector{Float64}, Interpolations.Gridded{Interpolations.Linear{Interpolations.Throw{Interpolations.OnGrid}}}, Tuple{Vector{Float64}}}, Interpolations.Gridded{Interpolations.Linear{Interpolations.Throw{Interpolations.OnGrid}}}, Interpolations.Throw{Nothing}}}}}, Float64, Float64, String}}, Float64}}(-3.27123519772682e-8,-2.3599054353950547e-8)
└ @ DFTK ~/.julia/packages/DFTK/n2IL4/src/terms/xc.jl:39
┌ Warning: Negative ρcore detected: -3.26207740347549e-8
└ @ DFTK ~/.julia/packages/DFTK/n2IL4/src/terms/xc.jl:39
┌ Warning: Negative ρcore detected: -3.26207740347549e-8
└ @ DFTK ~/.julia/packages/DFTK/n2IL4/src/terms/xc.jl:39
┌ Warning: Negative ρcore detected: Dual{ForwardDiff.Tag{var"#19#21"{@NamedTuple{ham::Hamiltonian, basis::PlaneWaveBasis{Float64, Float64, DFTK.CPU, FFTGrid{Float64, Float64, Array{StaticArraysCore.SVector{3, Int64}, 3}, Array{StaticArraysCore.SVector{3, Float64}, 3}}, Vector{StaticArraysCore.SVector{3, Int64}}}, energies::Energies{Float64}, converged::Bool, occupation_threshold::Float64, ρ::Array{Float64, 4}, τ::Nothing, α::Float64, eigenvalues::Vector{Vector{Float64}}, occupation::Vector{Vector{Float64}}, εF::Float64, n_bands_converge::Int64, n_iter::Int64, n_matvec::Int64, ψ::Vector{Matrix{ComplexF64}}, diagonalization::Vector{@NamedTuple{λ::Vector{Vector{Float64}}, X::Vector{Matrix{ComplexF64}}, residual_norms::Vector{Vector{Float64}}, n_iter::Vector{Int64}, converged::Bool, n_matvec::Int64}}, stage::Symbol, history_Δρ::Vector{Float64}, history_Etot::Vector{Float64}, timedout::Bool, runtime_ns::UInt64, algorithm::String}, Model{Float64, Float64}, Float64, MonkhorstPack, var"#case#4"{Matrix{Float64}, Float64, MonkhorstPack, Vector{StaticArraysCore.SVector{3, Float64}}, Vector{ElementPsp{PspUpf{Float64, Interpolations.Extrapolation{Float64, 1, Interpolations.GriddedInterpolation{Float64, 1, Vector{Float64}, Interpolations.Gridded{Interpolations.Linear{Interpolations.Throw{Interpolations.OnGrid}}}, Tuple{Vector{Float64}}}, Interpolations.Gridded{Interpolations.Linear{Interpolations.Throw{Interpolations.OnGrid}}}, Interpolations.Throw{Nothing}}}}}, Float64, Float64, String}}, Float64}}(-3.26207740347549e-8,3.707442105723483e-8)
└ @ DFTK ~/.julia/packages/DFTK/n2IL4/src/terms/xc.jl:39
┌ Warning: Negative ρcore detected: -3.265450972260847e-8
└ @ DFTK ~/.julia/packages/DFTK/n2IL4/src/terms/xc.jl:39
┌ Warning: Negative ρcore detected: -3.265450972260847e-8
└ @ DFTK ~/.julia/packages/DFTK/n2IL4/src/terms/xc.jl:39
┌ Warning: Negative ρcore detected: Dual{ForwardDiff.Tag{var"#19#21"{@NamedTuple{ham::Hamiltonian, basis::PlaneWaveBasis{Float64, Float64, DFTK.CPU, FFTGrid{Float64, Float64, Array{StaticArraysCore.SVector{3, Int64}, 3}, Array{StaticArraysCore.SVector{3, Float64}, 3}}, Vector{StaticArraysCore.SVector{3, Int64}}}, energies::Energies{Float64}, converged::Bool, occupation_threshold::Float64, ρ::Array{Float64, 4}, τ::Nothing, α::Float64, eigenvalues::Vector{Vector{Float64}}, occupation::Vector{Vector{Float64}}, εF::Float64, n_bands_converge::Int64, n_iter::Int64, n_matvec::Int64, ψ::Vector{Matrix{ComplexF64}}, diagonalization::Vector{@NamedTuple{λ::Vector{Vector{Float64}}, X::Vector{Matrix{ComplexF64}}, residual_norms::Vector{Vector{Float64}}, n_iter::Vector{Int64}, converged::Bool, n_matvec::Int64}}, stage::Symbol, history_Δρ::Vector{Float64}, history_Etot::Vector{Float64}, timedout::Bool, runtime_ns::UInt64, algorithm::String}, Model{Float64, Float64}, Float64, MonkhorstPack, var"#case#4"{Matrix{Float64}, Float64, MonkhorstPack, Vector{StaticArraysCore.SVector{3, Float64}}, Vector{ElementPsp{PspUpf{Float64, Interpolations.Extrapolation{Float64, 1, Interpolations.GriddedInterpolation{Float64, 1, Vector{Float64}, Interpolations.Gridded{Interpolations.Linear{Interpolations.Throw{Interpolations.OnGrid}}}, Tuple{Vector{Float64}}}, Interpolations.Gridded{Interpolations.Linear{Interpolations.Throw{Interpolations.OnGrid}}}, Interpolations.Throw{Nothing}}}}}, Float64, Float64, String}}, Float64}}(-3.265450972260847e-8,3.264476845041275e-8)
└ @ DFTK ~/.julia/packages/DFTK/n2IL4/src/terms/xc.jl:39
┌ Warning: Negative ρcore detected: -3.265477120979915e-8
└ @ DFTK ~/.julia/packages/DFTK/n2IL4/src/terms/xc.jl:39
┌ Warning: Negative ρcore detected: -3.265477120979915e-8
└ @ DFTK ~/.julia/packages/DFTK/n2IL4/src/terms/xc.jl:39
┌ Warning: Negative ρcore detected: Dual{ForwardDiff.Tag{var"#19#21"{@NamedTuple{ham::Hamiltonian, basis::PlaneWaveBasis{Float64, Float64, DFTK.CPU, FFTGrid{Float64, Float64, Array{StaticArraysCore.SVector{3, Int64}, 3}, Array{StaticArraysCore.SVector{3, Float64}, 3}}, Vector{StaticArraysCore.SVector{3, Int64}}}, energies::Energies{Float64}, converged::Bool, occupation_threshold::Float64, ρ::Array{Float64, 4}, τ::Nothing, α::Float64, eigenvalues::Vector{Vector{Float64}}, occupation::Vector{Vector{Float64}}, εF::Float64, n_bands_converge::Int64, n_iter::Int64, n_matvec::Int64, ψ::Vector{Matrix{ComplexF64}}, diagonalization::Vector{@NamedTuple{λ::Vector{Vector{Float64}}, X::Vector{Matrix{ComplexF64}}, residual_norms::Vector{Vector{Float64}}, n_iter::Vector{Int64}, converged::Bool, n_matvec::Int64}}, stage::Symbol, history_Δρ::Vector{Float64}, history_Etot::Vector{Float64}, timedout::Bool, runtime_ns::UInt64, algorithm::String}, Model{Float64, Float64}, Float64, MonkhorstPack, var"#case#4"{Matrix{Float64}, Float64, MonkhorstPack, Vector{StaticArraysCore.SVector{3, Float64}}, Vector{ElementPsp{PspUpf{Float64, Interpolations.Extrapolation{Float64, 1, Interpolations.GriddedInterpolation{Float64, 1, Vector{Float64}, Interpolations.Gridded{Interpolations.Linear{Interpolations.Throw{Interpolations.OnGrid}}}, Tuple{Vector{Float64}}}, Interpolations.Gridded{Interpolations.Linear{Interpolations.Throw{Interpolations.OnGrid}}}, Interpolations.Throw{Nothing}}}}}, Float64, Float64, String}}, Float64}}(-3.265477120979915e-8,3.2607968166290434e-8)
└ @ DFTK ~/.julia/packages/DFTK/n2IL4/src/terms/xc.jl:39
 * Status: success

 * Candidate solution
    Final objective value:     -7.357554e+01

 * Found with
    Algorithm:     L-BFGS

 * Convergence measures
    |x - x'|               = 8.01e-06 ≰ -1.0e+00
    |x - x'|/|x'|          = 1.44e-06 ≰ 0.0e+00
    |f(x) - f(x')|         = 5.44e-12 ≤ 1.0e-08
    |f(x) - f(x')|/|f(x')| = 7.40e-14 ≰ 0.0e+00
    |g(x)|                 = 3.44e-09 ≤ 1.0e-06

 * Work counters
    Seconds run:   1116  (vs limit Inf)
    Iterations:    5
    f(x) calls:    6
    ∇f(x) calls:   6

V: 1244.833931 seconds (869.43 M allocations: 408.885 GiB, 6.02% gc time, 0.01% compilation time)
