n     Energy            log10(ΔE)   log10(Δρ)   Diag   Δtime
---   ---------------   ---------   ---------   ----   ------
  1   -8.546617996020                   -0.95    7.1    10.5s
  2   -8.550305067032       -2.43       -1.67    2.3    4.45s
  3   -8.550374259247       -4.16       -2.51    4.0    1.80s
  4   -8.550377481943       -5.49       -3.78    3.7    1.57s
  5   -8.550377508456       -7.58       -4.30    4.6    1.98s
  6   -8.550377510940       -8.60       -5.10    3.8    1.75s
  7   -8.550377511027      -10.06       -5.77    4.2    1.59s
  8   -8.550377511030      -11.52       -7.16    3.8    1.71s
Iter     Function value   Gradient norm 
     0    -8.550378e+00     1.055025e-03
 * time: 9.059906005859375e-6
n     Energy            log10(ΔE)   log10(Δρ)   Diag   Δtime
---   ---------------   ---------   ---------   ----   ------
  1   -8.546637914822                   -0.95    7.3    2.27s
  2   -8.550307978711       -2.44       -1.67    2.5    1.45s
  3   -8.550375783841       -4.17       -2.51    3.9    1.81s
  4   -8.550378553043       -5.56       -3.76    3.6    1.59s
  5   -8.550378581473       -7.55       -4.26    4.8    2.12s
  6   -8.550378584523       -8.52       -5.07    3.9    1.57s
  7   -8.550378584624      -10.00       -5.80    4.4    1.97s
  8   -8.550378584627      -11.57       -7.15    3.9    1.59s
n     Energy            log10(ΔE)   log10(Δρ)   Diag   Δtime
---   ---------------   ---------   ---------   ----   ------
  1   -8.546633942797                   -0.95    7.3    2.53s
  2   -8.550307562611       -2.43       -1.67    2.5    1.18s
  3   -8.550375349553       -4.17       -2.51    4.0    1.83s
  4   -8.550378559216       -5.49       -3.79    3.7    1.85s
  5   -8.550378582257       -7.64       -4.32    4.7    1.83s
  6   -8.550378584542       -8.64       -5.11    3.9    1.86s
  7   -8.550378584623      -10.09       -5.72    4.5    1.71s
  8   -8.550378584627      -11.40       -7.13    3.8    1.82s
     1    -8.550379e+00     9.801384e-04
 * time: 42.43760704994202
n     Energy            log10(ΔE)   log10(Δρ)   Diag   Δtime
---   ---------------   ---------   ---------   ----   ------
  1   -8.546676991980                   -0.96    7.0    2.48s
  2   -8.550313612120       -2.44       -1.67    2.6    1.21s
  3   -8.550382792423       -4.16       -2.52    3.9    1.76s
  4   -8.550385335859       -5.59       -3.66    3.6    1.83s
  5   -8.550385378799       -7.37       -4.10    4.5    1.75s
  6   -8.550385385523       -8.17       -5.02    3.9    1.80s
  7   -8.550385385661       -9.86       -5.89    4.4    1.68s
  8   -8.550385385663      -11.76       -6.96    3.8    1.84s
  9   -8.550385385663      -13.91       -7.81    4.5    1.73s
n     Energy            log10(ΔE)   log10(Δρ)   Diag   Δtime
---   ---------------   ---------   ---------   ----   ------
  1   -8.546673060346                   -0.96    7.1    2.42s
  2   -8.550310243432       -2.44       -1.67    2.4    1.15s
  3   -8.550382403639       -4.14       -2.52    3.9    1.76s
  4   -8.550385339405       -5.53       -3.67    3.5    1.55s
  5   -8.550385379813       -7.39       -4.13    4.7    1.99s
  6   -8.550385385502       -8.24       -4.98    3.9    1.53s
  7   -8.550385385661       -9.80       -5.91    4.3    1.88s
  8   -8.550385385663      -11.83       -6.84    3.7    1.54s
  9   -8.550385385663      -13.60       -7.85    4.4    1.93s
     2    -8.550385e+00     7.041515e-06
 * time: 86.54414510726929
n     Energy            log10(ΔE)   log10(Δρ)   Diag   Δtime
---   ---------------   ---------   ---------   ----   ------
  1   -8.546676570317                   -0.96    7.0    2.37s
  2   -8.550309819174       -2.44       -1.67    2.4    1.12s
  3   -8.550382080311       -4.14       -2.53    4.0    1.73s
  4   -8.550385333735       -5.49       -3.64    3.7    1.85s
  5   -8.550385379210       -7.34       -4.10    4.6    1.70s
  6   -8.550385385822       -8.18       -4.94    3.9    1.80s
  7   -8.550385386016       -9.71       -6.02    4.2    1.63s
  8   -8.550385386017      -12.08       -7.11    3.9    1.89s
n     Energy            log10(ΔE)   log10(Δρ)   Diag   Δtime
---   ---------------   ---------   ---------   ----   ------
  1   -8.546674975709                   -0.96    7.0    2.42s
  2   -8.550312257756       -2.44       -1.67    2.5    1.41s
  3   -8.550382314342       -4.15       -2.52    3.8    1.51s
  4   -8.550385346025       -5.52       -3.71    3.6    1.84s
  5   -8.550385381516       -7.45       -4.19    4.7    1.77s
  6   -8.550385385880       -8.36       -5.01    3.9    1.80s
  7   -8.550385386015       -9.87       -5.86    4.4    1.65s
  8   -8.550385386017      -11.71       -7.05    3.8    1.82s
     3    -8.550385e+00     1.067962e-08
 * time: 127.08576107025146
 * Status: success

 * Candidate solution
    Final objective value:     -8.550385e+00

 * Found with
    Algorithm:     L-BFGS

 * Convergence measures
    |x - x'|               = 9.99e-05 ≰ -1.0e+00
    |x - x'|/|x'|          = 9.64e-06 ≰ 0.0e+00
    |f(x) - f(x')|         = 3.54e-10 ≤ 1.0e-08
    |f(x) - f(x')|/|f(x')| = 4.14e-11 ≰ 0.0e+00
    |g(x)|                 = 1.07e-08 ≤ 1.0e-06

 * Work counters
    Seconds run:   127  (vs limit Inf)
    Iterations:    3
    f(x) calls:    4
    ∇f(x) calls:   4

Si: 197.406589 seconds (315.02 M allocations: 60.573 GiB, 7.71% gc time, 24.85% compilation time: <1% of which was recompilation)
n     Energy            log10(ΔE)   log10(Δρ)   Diag   Δtime
---   ---------------   ---------   ---------   ----   ------
  1   -62.51797819049                   -1.23    8.6    18.8s
  2   -62.52049651165       -2.60       -1.24    2.6    8.06s
  3   -62.52503366271       -2.34       -2.09    3.8    9.42s
  4   -62.52506403478       -4.52       -2.72    3.9    9.74s
  5   -62.52506649207       -5.61       -3.67    3.8    9.64s
  6   -62.52506649749       -8.27       -4.45    4.0    10.0s
  7   -62.52506649791       -9.38       -6.06    4.0    10.2s
  8   -62.52506649791      -12.01       -6.70    4.6    11.3s
  9   -62.52506649791   +  -13.00       -8.21    3.9    9.67s
Iter     Function value   Gradient norm 
     0    -6.252507e+01     1.129584e-02
 * time: 5.0067901611328125e-6
n     Energy            log10(ΔE)   log10(Δρ)   Diag   Δtime
---   ---------------   ---------   ---------   ----   ------
  1   -62.51813386772                   -1.23    8.9    16.9s
  2   -62.52063933766       -2.60       -1.24    2.6    7.17s
  3   -62.52516077173       -2.34       -2.10    3.8    9.42s
  4   -62.52519064872       -4.52       -2.72    3.8    9.51s
  5   -62.52519306296       -5.62       -3.66    3.7    9.31s
  6   -62.52519306903       -8.22       -4.43    3.9    10.1s
  7   -62.52519306949       -9.34       -5.86    4.0    9.81s
  8   -62.52519306949      -11.85       -6.61    4.5    11.2s
  9   -62.52519306949      -13.11       -8.19    3.9    9.83s
n     Energy            log10(ΔE)   log10(Δρ)   Diag   Δtime
---   ---------------   ---------   ---------   ----   ------
  1   -62.51813166195                   -1.23    9.0    17.0s
  2   -62.52064341262       -2.60       -1.24    2.7    7.29s
  3   -62.52516065286       -2.35       -2.10    3.8    9.38s
  4   -62.52519070658       -4.52       -2.73    3.8    9.59s
  5   -62.52519306339       -5.63       -3.67    3.8    9.41s
  6   -62.52519306904       -8.25       -4.44    4.0    10.4s
  7   -62.52519306949       -9.35       -5.95    3.9    9.83s
  8   -62.52519306949      -12.04       -6.69    4.6    11.2s
  9   -62.52519306949      -13.45       -8.16    3.8    9.85s
     1    -6.252519e+01     1.111404e-02
 * time: 217.23709988594055
n     Energy            log10(ΔE)   log10(Δρ)   Diag   Δtime
---   ---------------   ---------   ---------   ----   ------
  1   -62.52148424407                   -1.23    8.6    14.5s
  2   -62.52453371772       -2.52       -1.29    2.7    6.44s
  3   -62.52767948031       -2.50       -2.16    3.9    8.18s
  4   -62.52769814454       -4.73       -2.83    3.9    8.46s
  5   -62.52769916006       -5.99       -3.70    3.7    8.30s
  6   -62.52769916500       -8.31       -4.38    3.9    8.69s
  7   -62.52769916541       -9.39       -6.24    3.9    8.60s
  8   -62.52769916541      -12.08       -6.73    4.7    10.3s
  9   -62.52769916541      -13.19       -7.92    3.5    7.94s
n     Energy            log10(ΔE)   log10(Δρ)   Diag   Δtime
---   ---------------   ---------   ---------   ----   ------
  1   -62.52148652399                   -1.23    8.5    14.5s
  2   -62.52452491402       -2.52       -1.29    2.8    6.57s
  3   -62.52767958943       -2.50       -2.17    3.9    8.34s
  4   -62.52769830559       -4.73       -2.87    3.9    8.62s
  5   -62.52769916158       -6.07       -3.75    3.8    8.59s
  6   -62.52769916510       -8.45       -4.45    3.9    8.62s
  7   -62.52769916541       -9.50       -6.32    3.8    8.58s
  8   -62.52769916541      -12.33       -6.60    4.7    10.4s
  9   -62.52769916541      -13.30       -7.79    3.3    7.38s
     2    -6.252770e+01     6.053772e-03
 * time: 406.0553150177002
n     Energy            log10(ΔE)   log10(Δρ)   Diag   Δtime
---   ---------------   ---------   ---------   ----   ------
  1   -62.52183964348                   -1.24    8.1    14.4s
  2   -62.52466576914       -2.55       -1.27    2.6    6.45s
  3   -62.52818049760       -2.45       -2.15    3.7    8.25s
  4   -62.52820193053       -4.67       -2.81    3.8    8.73s
  5   -62.52820325705       -5.88       -3.72    3.6    8.38s
  6   -62.52820326130       -8.37       -4.46    3.9    8.85s
  7   -62.52820326164       -9.48       -6.22    3.8    9.10s
  8   -62.52820326164      -12.13       -6.81    4.6    10.5s
  9   -62.52820326164   +  -13.25       -8.12    3.8    8.75s
n     Energy            log10(ΔE)   log10(Δρ)   Diag   Δtime
---   ---------------   ---------   ---------   ----   ------
  1   -62.52184150063                   -1.24    8.4    14.4s
  2   -62.52466753833       -2.55       -1.27    2.6    6.48s
  3   -62.52818057553       -2.45       -2.15    3.7    8.16s
  4   -62.52820199979       -4.67       -2.83    3.8    8.72s
  5   -62.52820325759       -5.90       -3.74    3.6    8.35s
  6   -62.52820326133       -8.43       -4.50    3.9    9.09s
  7   -62.52820326164       -9.52       -6.32    3.9    8.89s
  8   -62.52820326164      -12.36       -6.63    4.6    10.2s
  9   -62.52820326164      -13.30       -7.97    3.4    7.82s
     3    -6.252820e+01     1.573847e-03
 * time: 599.1090888977051
n     Energy            log10(ΔE)   log10(Δρ)   Diag   Δtime
---   ---------------   ---------   ---------   ----   ------
  1   -62.52192317199                   -1.24    8.6    15.1s
  2   -62.52479694552       -2.54       -1.28    2.6    6.46s
  3   -62.52822512216       -2.46       -2.15    3.7    8.32s
  4   -62.52824603445       -4.68       -2.83    3.7    8.63s
  5   -62.52824721866       -5.93       -3.74    3.6    8.29s
  6   -62.52824722251       -8.41       -4.47    4.0    9.16s
  7   -62.52824722283       -9.50       -6.33    3.9    9.28s
  8   -62.52824722283      -12.26       -6.62    4.5    10.4s
  9   -62.52824722283      -14.15       -7.93    3.3    7.85s
n     Energy            log10(ΔE)   log10(Δρ)   Diag   Δtime
---   ---------------   ---------   ---------   ----   ------
  1   -62.52192916628                   -1.24    8.6    15.4s
  2   -62.52479644553       -2.54       -1.28    2.6    6.61s
  3   -62.52822527363       -2.46       -2.15    3.8    8.59s
  4   -62.52824598265       -4.68       -2.82    3.8    8.77s
  5   -62.52824721827       -5.91       -3.73    3.6    8.68s
  6   -62.52824722249       -8.37       -4.46    3.9    9.02s
  7   -62.52824722283       -9.47       -6.30    4.0    9.16s
  8   -62.52824722283      -12.11       -6.59    4.7    10.7s
  9   -62.52824722283   +  -13.85       -7.88    3.3    7.84s
     4    -6.252825e+01     1.629583e-04
 * time: 797.6477808952332
n     Energy            log10(ΔE)   log10(Δρ)   Diag   Δtime
---   ---------------   ---------   ---------   ----   ------
  1   -62.52193139815                   -1.24    8.5    15.1s
  2   -62.52480189530       -2.54       -1.28    2.5    6.54s
  3   -62.52822554874       -2.47       -2.15    3.6    8.41s
  4   -62.52824649713       -4.68       -2.83    3.8    8.97s
  5   -62.52824767683       -5.93       -3.73    3.7    9.06s
  6   -62.52824768095       -8.38       -4.45    3.9    9.17s
  7   -62.52824768129       -9.47       -6.22    3.9    9.16s
  8   -62.52824768129      -12.13       -6.79    4.7    11.0s
  9   -62.52824768129   +  -14.15       -8.07    3.7    8.58s
n     Energy            log10(ΔE)   log10(Δρ)   Diag   Δtime
---   ---------------   ---------   ---------   ----   ------
  1   -62.52193131735                   -1.24    8.4    14.9s
  2   -62.52479678249       -2.54       -1.28    2.5    6.56s
  3   -62.52822579089       -2.46       -2.15    3.7    8.48s
  4   -62.52824657870       -4.68       -2.85    3.9    8.94s
  5   -62.52824767775       -5.96       -3.76    3.7    8.97s
  6   -62.52824768101       -8.49       -4.51    3.9    9.02s
  7   -62.52824768129       -9.55       -6.30    3.9    9.00s
  8   -62.52824768129      -12.18       -6.64    4.6    10.4s
  9   -62.52824768129   +  -13.25       -7.95    3.4    8.11s
     5    -6.252825e+01     5.112586e-06
 * time: 995.077929019928
n     Energy            log10(ΔE)   log10(Δρ)   Diag   Δtime
---   ---------------   ---------   ---------   ----   ------
  1   -62.52192974819                   -1.24    8.2    14.9s
  2   -62.52480410266       -2.54       -1.28    2.5    6.63s
  3   -62.52822538380       -2.47       -2.15    3.8    8.72s
  4   -62.52824650312       -4.68       -2.83    3.8    9.05s
  5   -62.52824767709       -5.93       -3.72    3.6    8.83s
  6   -62.52824768139       -8.37       -4.43    3.9    9.63s
  7   -62.52824768174       -9.45       -6.09    3.9    9.24s
  8   -62.52824768174      -12.07       -6.80    4.6    10.8s
  9   -62.52824768174      -13.85       -7.98    3.8    9.06s
n     Energy            log10(ΔE)   log10(Δρ)   Diag   Δtime
---   ---------------   ---------   ---------   ----   ------
  1   -62.52193127512                   -1.24    8.3    14.8s
  2   -62.52479681927       -2.54       -1.28    2.5    6.45s
  3   -62.52822580298       -2.46       -2.15    3.7    8.36s
  4   -62.52824656286       -4.68       -2.85    3.8    8.74s
  5   -62.52824767798       -5.95       -3.75    3.6    8.46s
  6   -62.52824768145       -8.46       -4.50    3.8    8.89s
  7   -62.52824768174       -9.53       -6.26    3.9    9.41s
  8   -62.52824768174      -12.21       -6.82    4.7    10.8s
  9   -62.52824768174   +    -Inf       -8.11    3.5    8.43s
     6    -6.252825e+01     1.134395e-08
 * time: 1197.2078049182892
 * Status: success

 * Candidate solution
    Final objective value:     -6.252825e+01

 * Found with
    Algorithm:     L-BFGS

 * Convergence measures
    |x - x'|               = 1.77e-04 ≰ -1.0e+00
    |x - x'|/|x'|          = 1.73e-05 ≰ 0.0e+00
    |f(x) - f(x')|         = 4.51e-10 ≤ 1.0e-08
    |f(x) - f(x')|/|f(x')| = 7.22e-12 ≰ 0.0e+00
    |g(x)|                 = 1.13e-08 ≤ 1.0e-06

 * Work counters
    Seconds run:   1197  (vs limit Inf)
    Iterations:    6
    f(x) calls:    7
    ∇f(x) calls:   7

NaCl: 1318.128833 seconds (1.27 G allocations: 370.371 GiB, 5.25% gc time, 0.24% compilation time)
n     Energy            log10(ΔE)   log10(Δρ)   Diag   Δtime
---   ---------------   ---------   ---------   ----   ------
  1   -2.334410840943                   -1.56    5.5    1.72s
  2   -2.334530578231       -3.92       -1.90    1.3    1.01s
  3   -2.334572750674       -4.37       -2.88    3.6    1.33s
  4   -2.334574076352       -5.88       -3.55    4.0    1.74s
  5   -2.334574098271       -7.66       -4.03    2.9    1.11s
  6   -2.334574102332       -8.39       -4.61    3.1    1.46s
  7   -2.334574102738       -9.39       -5.53    3.3    1.20s
  8   -2.334574102745      -11.21       -6.38    3.3    1.28s
  9   -2.334574102745      -13.23       -6.68    3.2    1.47s
 10   -2.334574102745      -14.35       -7.57    1.9    864ms
Iter     Function value   Gradient norm 
     0    -2.334574e+00     7.941289e-03
 * time: 4.0531158447265625e-6
n     Energy            log10(ΔE)   log10(Δρ)   Diag   Δtime
---   ---------------   ---------   ---------   ----   ------
  1   -2.334476497332                   -1.56    5.7    1.85s
  2   -2.334593122000       -3.93       -1.90    1.3    1.08s
  3   -2.334634452931       -4.38       -2.88    3.6    1.36s
  4   -2.334635748997       -5.89       -3.55    4.0    1.77s
  5   -2.334635769860       -7.68       -4.01    2.9    1.15s
  6   -2.334635774055       -8.38       -4.61    3.0    1.47s
  7   -2.334635774455       -9.40       -5.56    3.4    1.28s
  8   -2.334635774460      -11.23       -6.31    3.4    1.64s
  9   -2.334635774461      -13.14       -6.83    3.1    1.22s
 10   -2.334635774461      -14.51       -7.84    2.2    1.27s
n     Energy            log10(ΔE)   log10(Δρ)   Diag   Δtime
---   ---------------   ---------   ---------   ----   ------
  1   -2.334476980417                   -1.56    5.6    2.13s
  2   -2.334594023687       -3.93       -1.90    1.4    771ms
  3   -2.334634428210       -4.39       -2.89    3.6    1.62s
  4   -2.334635746128       -5.88       -3.55    4.0    1.44s
  5   -2.334635770081       -7.62       -4.03    2.9    1.44s
  6   -2.334635774091       -8.40       -4.63    3.0    1.15s
  7   -2.334635774455       -9.44       -5.61    3.3    1.55s
  8   -2.334635774460      -11.28       -6.32    3.5    1.31s
  9   -2.334635774461      -13.22       -6.84    3.1    1.53s
 10   -2.334635774461      -14.21       -7.87    2.2    962ms
     1    -2.334636e+00     7.591333e-03
 * time: 57.821820974349976
n     Energy            log10(ΔE)   log10(Δρ)   Diag   Δtime
---   ---------------   ---------   ---------   ----   ------
  1   -2.335187462057                   -1.58    5.6    1.72s
  2   -2.335306197004       -3.93       -1.92    1.3    920ms
  3   -2.335343860392       -4.42       -2.97    3.6    1.08s
  4   -2.335344782702       -6.04       -3.67    4.1    1.50s
  5   -2.335344801131       -7.73       -4.12    2.9    937ms
  6   -2.335344805047       -8.41       -4.84    3.1    1.28s
  7   -2.335344805306       -9.59       -5.54    3.5    1.05s
  8   -2.335344805311      -11.33       -6.31    3.3    1.33s
  9   -2.335344805311      -12.87       -6.58    3.3    1.02s
 10   -2.335344805311   +  -14.75       -7.51    1.8    724ms
n     Energy            log10(ΔE)   log10(Δρ)   Diag   Δtime
---   ---------------   ---------   ---------   ----   ------
  1   -2.335188163447                   -1.58    5.5    1.71s
  2   -2.335306310383       -3.93       -1.92    1.3    606ms
  3   -2.335343825492       -4.43       -2.97    3.6    1.40s
  4   -2.335344782306       -6.02       -3.67    4.0    1.20s
  5   -2.335344801177       -7.72       -4.12    2.9    1.24s
  6   -2.335344805050       -8.41       -4.85    3.0    928ms
  7   -2.335344805306       -9.59       -5.53    3.6    1.35s
  8   -2.335344805311      -11.33       -6.33    3.2    981ms
  9   -2.335344805311      -12.77       -6.68    3.4    1.31s
 10   -2.335344805311   +  -13.97       -7.48    2.3    790ms
     2    -2.335345e+00     9.021349e-04
 * time: 111.26519417762756
n     Energy            log10(ΔE)   log10(Δρ)   Diag   Δtime
---   ---------------   ---------   ---------   ----   ------
  1   -2.335207885727                   -1.58    5.7    1.46s
  2   -2.335319461573       -3.95       -1.92    1.3    916ms
  3   -2.335355606422       -4.44       -2.97    3.7    1.10s
  4   -2.335356567072       -6.02       -3.67    4.1    1.55s
  5   -2.335356586179       -7.72       -4.12    3.0    946ms
  6   -2.335356589960       -8.42       -4.88    3.1    1.30s
  7   -2.335356590197       -9.63       -5.59    3.5    1.08s
  8   -2.335356590200      -11.51       -6.28    3.3    1.32s
  9   -2.335356590200      -12.60       -6.68    3.3    1.02s
 10   -2.335356590200      -14.18       -7.48    2.3    1.13s
n     Energy            log10(ΔE)   log10(Δρ)   Diag   Δtime
---   ---------------   ---------   ---------   ----   ------
  1   -2.335206261239                   -1.58    5.6    1.73s
  2   -2.335319429552       -3.95       -1.92    1.2    590ms
  3   -2.335355613997       -4.44       -2.97    3.6    1.40s
  4   -2.335356566551       -6.02       -3.67    4.1    1.21s
  5   -2.335356586067       -7.71       -4.12    3.0    1.28s
  6   -2.335356589956       -8.41       -4.89    3.0    953ms
  7   -2.335356590197       -9.62       -5.63    3.8    1.38s
  8   -2.335356590200      -11.57       -6.35    3.3    1.01s
  9   -2.335356590200      -12.66       -6.79    3.4    1.32s
 10   -2.335356590200      -14.75       -7.58    2.4    822ms
     3    -2.335357e+00     1.174038e-04
 * time: 165.3407301902771
n     Energy            log10(ΔE)   log10(Δρ)   Diag   Δtime
---   ---------------   ---------   ---------   ----   ------
  1   -2.335207424803                   -1.58    5.6    1.47s
  2   -2.335320265694       -3.95       -1.92    1.2    880ms
  3   -2.335355822547       -4.45       -2.98    3.6    1.07s
  4   -2.335356774301       -6.02       -3.66    4.0    1.45s
  5   -2.335356794656       -7.69       -4.12    3.1    955ms
  6   -2.335356798538       -8.41       -4.92    3.2    1.26s
  7   -2.335356798757       -9.66       -5.69    3.7    1.09s
  8   -2.335356798760      -11.63       -6.33    3.3    1.36s
  9   -2.335356798760      -12.69       -6.73    3.3    1.00s
 10   -2.335356798760      -14.31       -7.48    2.2    1.09s
n     Energy            log10(ΔE)   log10(Δρ)   Diag   Δtime
---   ---------------   ---------   ---------   ----   ------
  1   -2.335204712812                   -1.58    5.5    1.71s
  2   -2.335320109762       -3.94       -1.92    1.3    607ms
  3   -2.335355817703       -4.45       -2.98    3.7    1.40s
  4   -2.335356774660       -6.02       -3.66    4.0    1.20s
  5   -2.335356794737       -7.70       -4.13    3.0    1.28s
  6   -2.335356798532       -8.42       -4.90    3.0    967ms
  7   -2.335356798757       -9.65       -5.67    3.7    1.40s
  8   -2.335356798760      -11.59       -6.31    3.3    1.01s
  9   -2.335356798760      -12.68       -6.67    3.2    1.31s
 10   -2.335356798760      -14.21       -7.39    2.1    758ms
     4    -2.335357e+00     2.709158e-06
 * time: 219.15014815330505
n     Energy            log10(ΔE)   log10(Δρ)   Diag   Δtime
---   ---------------   ---------   ---------   ----   ------
  1   -2.335206632958                   -1.58    5.6    1.72s
  2   -2.335319772925       -3.95       -1.92    1.2    905ms
  3   -2.335355861510       -4.44       -2.97    3.6    1.09s
  4   -2.335356776428       -6.04       -3.66    3.9    1.50s
  5   -2.335356794886       -7.73       -4.12    3.0    956ms
  6   -2.335356798637       -8.43       -4.88    3.1    1.30s
  7   -2.335356798869       -9.63       -5.65    3.7    1.09s
  8   -2.335356798872      -11.55       -6.33    3.3    1.40s
  9   -2.335356798872      -12.75       -6.65    3.3    1.03s
 10   -2.335356798872      -14.31       -7.55    2.1    1.09s
n     Energy            log10(ΔE)   log10(Δρ)   Diag   Δtime
---   ---------------   ---------   ---------   ----   ------
  1   -2.335206521593                   -1.58    5.6    1.75s
  2   -2.335319692006       -3.95       -1.92    1.3    594ms
  3   -2.335355835454       -4.44       -2.97    3.6    1.38s
  4   -2.335356776041       -6.03       -3.66    4.0    1.20s
  5   -2.335356794856       -7.73       -4.12    3.0    1.26s
  6   -2.335356798635       -8.42       -4.89    3.1    971ms
  7   -2.335356798869       -9.63       -5.61    3.6    1.36s
  8   -2.335356798872      -11.53       -6.29    3.3    1.01s
  9   -2.335356798872      -12.59       -6.70    3.3    1.32s
 10   -2.335356798872      -14.18       -7.45    2.2    752ms
     5    -2.335357e+00     8.553174e-09
 * time: 272.90757417678833
 * Status: success

 * Candidate solution
    Final objective value:     -2.335357e+00

 * Found with
    Algorithm:     L-BFGS

 * Convergence measures
    |x - x'|               = 8.21e-05 ≰ -1.0e+00
    |x - x'|/|x'|          = 1.05e-05 ≰ 0.0e+00
    |f(x) - f(x')|         = 1.12e-10 ≤ 1.0e-08
    |f(x) - f(x')|/|f(x')| = 4.81e-11 ≰ 0.0e+00
    |g(x)|                 = 8.55e-09 ≤ 1.0e-06

 * Work counters
    Seconds run:   273  (vs limit Inf)
    Iterations:    5
    f(x) calls:    6
    ∇f(x) calls:   6

Al: 306.522418 seconds (283.50 M allocations: 69.766 GiB, 7.75% gc time, 0.00% compilation time)
n     Energy            log10(ΔE)   log10(Δρ)   Diag   Δtime
---   ---------------   ---------   ---------   ----   ------
  1   -74.12411614177                   -0.90    9.6    9.57s
  2   -74.13267399243       -2.07       -1.10    5.0    5.32s
  3   -74.13787114482       -2.28       -1.47    6.3    6.98s
  4   -74.13866022171       -3.10       -1.92    5.5    5.71s
  5   -74.13871402024       -4.27       -2.38    5.1    5.62s
  6   -74.13872654422       -4.90       -3.24    5.2    6.02s
  7   -74.13872653059   +   -7.87       -3.56    5.3    6.16s
  8   -74.13872656982       -7.41       -4.12    5.4    5.78s
  9   -74.13872657278       -8.53       -4.61    5.3    5.97s
 10   -74.13872657302       -9.63       -5.54    5.3    6.01s
 11   -74.13872657301   +  -11.08       -5.60    6.0    6.47s
 12   -74.13872657302      -11.04       -6.76    5.4    5.75s
 13   -74.13872657302   +  -13.15       -7.38    5.8    6.43s
Iter     Function value   Gradient norm 
     0    -7.413873e+01     2.102681e-02
 * time: 3.0994415283203125e-6
n     Energy            log10(ΔE)   log10(Δρ)   Diag   Δtime
---   ---------------   ---------   ---------   ----   ------
  1   -74.12475687412                   -0.90    9.5    9.24s
  2   -74.13317865371       -2.07       -1.10    4.8    5.19s
  3   -74.13830403060       -2.29       -1.48    6.4    6.68s
  4   -74.13907147060       -3.11       -1.93    5.5    5.79s
  5   -74.13912630954       -4.26       -2.41    5.1    5.56s
  6   -74.13913696992       -4.97       -3.25    5.2    5.66s
  7   -74.13913695508   +   -7.83       -3.57    5.3    5.73s
  8   -74.13913699455       -7.40       -4.14    5.3    5.50s
  9   -74.13913699724       -8.57       -4.61    5.3    5.68s
 10   -74.13913699745       -9.68       -5.71    5.2    5.89s
 11   -74.13913699745   +  -11.15       -5.71    5.9    6.26s
 12   -74.13913699745      -11.15       -6.78    5.3    5.43s
 13   -74.13913699745   +  -12.59       -7.50    5.6    6.15s
n     Energy            log10(ΔE)   log10(Δρ)   Diag   Δtime
---   ---------------   ---------   ---------   ----   ------
  1   -74.12474645920                   -0.90    9.5    9.12s
  2   -74.13318553159       -2.07       -1.10    4.8    5.10s
  3   -74.13830328700       -2.29       -1.48    6.4    6.60s
  4   -74.13907184494       -3.11       -1.93    5.4    5.63s
  5   -74.13912593413       -4.27       -2.40    5.0    5.51s
  6   -74.13913697227       -4.96       -3.26    5.2    5.86s
  7   -74.13913695175   +   -7.69       -3.56    5.3    5.82s
  8   -74.13913699462       -7.37       -4.15    5.3    5.54s
  9   -74.13913699728       -8.58       -4.63    5.3    5.73s
 10   -74.13913699745       -9.75       -5.65    5.3    5.63s
 11   -74.13913699745   +  -11.16       -5.71    6.0    6.46s
 12   -74.13913699745      -11.15       -6.74    5.4    5.46s
 13   -74.13913699745   +  -12.55       -7.48    5.6    6.31s
     1    -7.413914e+01     1.799530e-02
 * time: 218.12673807144165
n     Energy            log10(ΔE)   log10(Δρ)   Diag   Δtime
---   ---------------   ---------   ---------   ----   ------
  1   -74.12703362472                   -0.91    9.8    9.19s
  2   -74.13487207781       -2.11       -1.11    4.9    5.23s
  3   -74.13950857248       -2.33       -1.51    6.5    6.88s
  4   -74.14010745378       -3.22       -1.96    5.4    5.52s
  5   -74.14016907303       -4.21       -2.62    5.2    5.53s
  6   -74.14017059396       -5.82       -3.31    5.4    5.67s
  7   -74.14017060090       -8.16       -3.86    5.2    5.62s
  8   -74.14017060494       -8.39       -4.19    5.2    5.42s
  9   -74.14017060513       -9.71       -4.93    3.5    4.04s
 10   -74.14017060520      -10.14       -5.64    5.2    5.45s
 11   -74.14017060520      -12.73       -5.87    5.2    5.20s
 12   -74.14017060520      -12.17       -6.47    4.7    4.88s
 13   -74.14017060520   +  -12.64       -7.17    5.6    5.60s
n     Energy            log10(ΔE)   log10(Δρ)   Diag   Δtime
---   ---------------   ---------   ---------   ----   ------
  1   -74.12703225505                   -0.91    9.7    9.31s
  2   -74.13487388351       -2.11       -1.11    4.9    4.96s
  3   -74.13950885039       -2.33       -1.51    6.4    6.48s
  4   -74.14010712785       -3.22       -1.96    5.5    5.46s
  5   -74.14016901711       -4.21       -2.61    5.2    5.46s
  6   -74.14017059496       -5.80       -3.32    5.4    5.63s
  7   -74.14017060095       -8.22       -3.85    5.2    5.58s
  8   -74.14017060495       -8.40       -4.19    5.1    5.36s
  9   -74.14017060513       -9.74       -4.93    3.4    4.07s
 10   -74.14017060520      -10.13       -5.64    5.3    5.52s
 11   -74.14017060520      -12.50       -5.86    5.1    5.13s
 12   -74.14017060520      -12.27       -6.46    4.6    4.74s
 13   -74.14017060520   +  -12.89       -7.18    5.6    5.59s
     2    -7.414017e+01     2.048739e-03
 * time: 424.98320293426514
n     Energy            log10(ΔE)   log10(Δρ)   Diag   Δtime
---   ---------------   ---------   ---------   ----   ------
  1   -74.12692972063                   -0.91    9.6    8.96s
  2   -74.13481288836       -2.10       -1.11    4.9    5.13s
  3   -74.13950185059       -2.33       -1.51    6.4    6.74s
  4   -74.14011832749       -3.21       -1.96    5.3    5.45s
  5   -74.14018077904       -4.20       -2.62    5.3    5.64s
  6   -74.14018249577       -5.77       -3.31    5.3    5.66s
  7   -74.14018249967       -8.41       -3.83    5.2    5.53s
  8   -74.14018250612       -8.19       -4.18    5.1    5.32s
  9   -74.14018250620      -10.11       -4.88    4.3    4.60s
 10   -74.14018250629      -10.01       -5.61    5.0    5.35s
 11   -74.14018250630      -11.83       -5.91    5.4    5.57s
 12   -74.14018250630      -12.08       -6.46    4.5    4.89s
 13   -74.14018250630   +  -13.37       -7.18    5.4    5.49s
n     Energy            log10(ΔE)   log10(Δρ)   Diag   Δtime
---   ---------------   ---------   ---------   ----   ------
  1   -74.12692472087                   -0.91    9.6    9.08s
  2   -74.13481505159       -2.10       -1.11    4.9    5.04s
  3   -74.13950248355       -2.33       -1.51    6.5    6.53s
  4   -74.14011825808       -3.21       -1.96    5.4    5.35s
  5   -74.14018071708       -4.20       -2.61    5.2    5.47s
  6   -74.14018249469       -5.75       -3.30    5.4    5.58s
  7   -74.14018249886       -8.38       -3.82    5.3    5.60s
  8   -74.14018250612       -8.14       -4.18    5.2    5.47s
  9   -74.14018250621      -10.04       -4.90    4.2    4.71s
 10   -74.14018250629      -10.07       -5.60    5.0    5.29s
 11   -74.14018250630      -11.94       -5.91    5.4    5.41s
 12   -74.14018250630      -12.10       -6.45    4.5    4.93s
 13   -74.14018250630   +  -13.85       -7.18    5.4    5.45s
     3    -7.414018e+01     1.770763e-04
 * time: 632.5275640487671
n     Energy            log10(ΔE)   log10(Δρ)   Diag   Δtime
---   ---------------   ---------   ---------   ----   ------
  1   -74.12694245778                   -0.91    9.8    8.71s
  2   -74.13481531255       -2.10       -1.11    5.0    5.47s
  3   -74.13950451693       -2.33       -1.51    6.5    6.69s
  4   -74.14011803310       -3.21       -1.96    5.3    5.45s
  5   -74.14018087360       -4.20       -2.61    5.3    5.52s
  6   -74.14018258586       -5.77       -3.31    5.4    5.67s
  7   -74.14018259074       -8.31       -3.83    5.3    5.69s
  8   -74.14018259662       -8.23       -4.18    5.2    5.49s
  9   -74.14018259673       -9.98       -4.90    4.1    4.55s
 10   -74.14018259682      -10.06       -5.61    5.1    5.47s
 11   -74.14018259682      -11.88       -5.90    5.5    5.60s
 12   -74.14018259682      -12.07       -6.45    4.5    4.97s
 13   -74.14018259682   +  -13.55       -7.22    5.5    5.67s
n     Energy            log10(ΔE)   log10(Δρ)   Diag   Δtime
---   ---------------   ---------   ---------   ----   ------
  1   -74.12693097676                   -0.91    9.8    9.42s
  2   -74.13482080783       -2.10       -1.11    4.9    5.04s
  3   -74.13950460676       -2.33       -1.51    6.5    6.59s
  4   -74.14011795625       -3.21       -1.95    5.4    5.60s
  5   -74.14018084816       -4.20       -2.61    5.2    5.67s
  6   -74.14018258604       -5.76       -3.31    5.4    5.63s
  7   -74.14018259095       -8.31       -3.83    5.2    5.52s
  8   -74.14018259663       -8.25       -4.18    5.2    5.44s
  9   -74.14018259673      -10.00       -4.89    4.1    4.59s
 10   -74.14018259682      -10.06       -5.61    5.0    5.40s
 11   -74.14018259682      -11.87       -5.90    5.5    5.55s
 12   -74.14018259682      -12.05       -6.46    4.5    4.92s
 13   -74.14018259682      -13.55       -7.20    5.5    5.60s
     4    -7.414018e+01     1.516836e-06
 * time: 841.0497400760651
n     Energy            log10(ΔE)   log10(Δρ)   Diag   Δtime
---   ---------------   ---------   ---------   ----   ------
  1   -74.12693201046                   -0.91    9.7    9.12s
  2   -74.13480797601       -2.10       -1.11    5.0    5.34s
  3   -74.13950636921       -2.33       -1.51    6.5    6.98s
  4   -74.14011761221       -3.21       -1.95    5.3    5.36s
  5   -74.14018103599       -4.20       -2.63    5.3    5.86s
  6   -74.14018258540       -5.81       -3.30    5.4    5.96s
  7   -74.14018259189       -8.19       -3.85    5.3    5.68s
  8   -74.14018259660       -8.33       -4.18    5.2    5.57s
  9   -74.14018259673       -9.90       -4.89    3.6    4.30s
 10   -74.14018259682      -10.05       -5.61    5.1    5.59s
 11   -74.14018259682      -11.96       -5.87    5.3    5.49s
 12   -74.14018259682      -11.99       -6.46    4.6    5.08s
 13   -74.14018259682   +  -13.37       -7.18    5.6    5.73s
n     Energy            log10(ΔE)   log10(Δρ)   Diag   Δtime
---   ---------------   ---------   ---------   ----   ------
  1   -74.12693838880                   -0.91    9.7    9.23s
  2   -74.13482180091       -2.10       -1.11    5.0    5.20s
  3   -74.13950330376       -2.33       -1.51    6.6    6.69s
  4   -74.14011878250       -3.21       -1.96    5.4    5.37s
  5   -74.14018090419       -4.21       -2.62    5.3    5.51s
  6   -74.14018258583       -5.77       -3.31    5.4    5.64s
  7   -74.14018259013       -8.37       -3.83    5.3    5.54s
  8   -74.14018259664       -8.19       -4.18    5.2    5.42s
  9   -74.14018259673      -10.05       -4.89    4.1    4.51s
 10   -74.14018259682      -10.03       -5.61    5.1    5.38s
 11   -74.14018259682      -11.94       -5.91    5.4    5.58s
 12   -74.14018259682      -12.06       -6.46    4.5    5.06s
 13   -74.14018259682   +    -Inf       -7.18    5.4    5.71s
     5    -7.414018e+01     6.451343e-09
 * time: 1051.4582228660583
┌ Info: Threading setup: 
│   Threads.nthreads() = 1
│   n_DFTK = 1
│   n_fft = 1
└   n_blas = 1
┌ Info: 2025-05-15T15:41:29.302
│   name = "Si"
│   Ecut = 18.0
│   kgrid = MonkhorstPack([14, 14, 14])
│   p0 = ComponentVector{Float64}(a = 10.347246312603742)
│   temperature = 0.001
└   smearing = DFTK.Smearing.Gaussian()
┌ Info: 2025-05-15T15:44:47.319
│   name = "NaCl"
│   Ecut = 44.0
│   kgrid = MonkhorstPack([13, 13, 13])
│   p0 = ComponentVector{Float64}(a = 10.746130571470083)
│   temperature = 0
└   smearing = DFTK.Smearing.None()
┌ Info: 2025-05-15T16:06:45.478
│   name = "Al"
│   Ecut = 20.0
│   kgrid = MonkhorstPack([18, 18, 18])
│   p0 = ComponentVector{Float64}(a = 7.641925528121933)
│   temperature = 0.001
└   smearing = DFTK.Smearing.Gaussian()
┌ Info: 2025-05-15T16:11:52.001
│   name = "V"
│   Ecut = 42.0
│   kgrid = MonkhorstPack([20, 20, 20])
│   p0 = ComponentVector{Float64}(a = 5.699267600684394)
│   temperature = 0.001
└   smearing = DFTK.Smearing.Gaussian()
┌ Warning: Negative ρcore detected: -3.4151886922104144e-8
└ @ DFTK ~/.julia/packages/DFTK/n2IL4/src/terms/xc.jl:39
┌ Warning: Negative ρcore detected: Dual{ForwardDiff.Tag{var"#19#21"{@NamedTuple{ham::Hamiltonian, basis::PlaneWaveBasis{Float64, Float64, DFTK.CPU, FFTGrid{Float64, Float64, Array{StaticArraysCore.SVector{3, Int64}, 3}, Array{StaticArraysCore.SVector{3, Float64}, 3}}, Vector{StaticArraysCore.SVector{3, Int64}}}, energies::Energies{Float64}, converged::Bool, occupation_threshold::Float64, ρ::Array{Float64, 4}, τ::Nothing, α::Float64, eigenvalues::Vector{Vector{Float64}}, occupation::Vector{Vector{Float64}}, εF::Float64, n_bands_converge::Int64, n_iter::Int64, n_matvec::Int64, ψ::Vector{Matrix{ComplexF64}}, diagonalization::Vector{@NamedTuple{λ::Vector{Vector{Float64}}, X::Vector{Matrix{ComplexF64}}, residual_norms::Vector{Vector{Float64}}, n_iter::Vector{Int64}, converged::Bool, n_matvec::Int64}}, stage::Symbol, history_Δρ::Vector{Float64}, history_Etot::Vector{Float64}, timedout::Bool, runtime_ns::UInt64, algorithm::String}, Model{Float64, Float64}, Float64, MonkhorstPack, var"#case#4"{Matrix{Float64}, Float64, MonkhorstPack, Vector{StaticArraysCore.SVector{3, Float64}}, Vector{ElementPsp{PspUpf{Float64, Interpolations.Extrapolation{Float64, 1, Interpolations.GriddedInterpolation{Float64, 1, Vector{Float64}, Interpolations.Gridded{Interpolations.Linear{Interpolations.Throw{Interpolations.OnGrid}}}, Tuple{Vector{Float64}}}, Interpolations.Gridded{Interpolations.Linear{Interpolations.Throw{Interpolations.OnGrid}}}, Interpolations.Throw{Nothing}}}}}, Float64, Float64, String}}, Float64}}(-3.4151886922104144e-8,-1.2413273474001241e-8)
└ @ DFTK ~/.julia/packages/DFTK/n2IL4/src/terms/xc.jl:39
┌ Warning: Negative ρcore detected: -3.291836210374325e-8
└ @ DFTK ~/.julia/packages/DFTK/n2IL4/src/terms/xc.jl:39
┌ Warning: Negative ρcore detected: -3.291836210374325e-8
└ @ DFTK ~/.julia/packages/DFTK/n2IL4/src/terms/xc.jl:39
┌ Warning: Negative ρcore detected: Dual{ForwardDiff.Tag{var"#19#21"{@NamedTuple{ham::Hamiltonian, basis::PlaneWaveBasis{Float64, Float64, DFTK.CPU, FFTGrid{Float64, Float64, Array{StaticArraysCore.SVector{3, Int64}, 3}, Array{StaticArraysCore.SVector{3, Float64}, 3}}, Vector{StaticArraysCore.SVector{3, Int64}}}, energies::Energies{Float64}, converged::Bool, occupation_threshold::Float64, ρ::Array{Float64, 4}, τ::Nothing, α::Float64, eigenvalues::Vector{Vector{Float64}}, occupation::Vector{Vector{Float64}}, εF::Float64, n_bands_converge::Int64, n_iter::Int64, n_matvec::Int64, ψ::Vector{Matrix{ComplexF64}}, diagonalization::Vector{@NamedTuple{λ::Vector{Vector{Float64}}, X::Vector{Matrix{ComplexF64}}, residual_norms::Vector{Vector{Float64}}, n_iter::Vector{Int64}, converged::Bool, n_matvec::Int64}}, stage::Symbol, history_Δρ::Vector{Float64}, history_Etot::Vector{Float64}, timedout::Bool, runtime_ns::UInt64, algorithm::String}, Model{Float64, Float64}, Float64, MonkhorstPack, var"#case#4"{Matrix{Float64}, Float64, MonkhorstPack, Vector{StaticArraysCore.SVector{3, Float64}}, Vector{ElementPsp{PspUpf{Float64, Interpolations.Extrapolation{Float64, 1, Interpolations.GriddedInterpolation{Float64, 1, Vector{Float64}, Interpolations.Gridded{Interpolations.Linear{Interpolations.Throw{Interpolations.OnGrid}}}, Tuple{Vector{Float64}}}, Interpolations.Gridded{Interpolations.Linear{Interpolations.Throw{Interpolations.OnGrid}}}, Interpolations.Throw{Nothing}}}}}, Float64, Float64, String}}, Float64}}(-3.291836210374325e-8,-1.0717870184332381e-7)
└ @ DFTK ~/.julia/packages/DFTK/n2IL4/src/terms/xc.jl:39
┌ Warning: Negative ρcore detected: -3.2743003209592316e-8
└ @ DFTK ~/.julia/packages/DFTK/n2IL4/src/terms/xc.jl:39
┌ Warning: Negative ρcore detected: -3.2743003209592316e-8
└ @ DFTK ~/.julia/packages/DFTK/n2IL4/src/terms/xc.jl:39
┌ Warning: Negative ρcore detected: Dual{ForwardDiff.Tag{var"#19#21"{@NamedTuple{ham::Hamiltonian, basis::PlaneWaveBasis{Float64, Float64, DFTK.CPU, FFTGrid{Float64, Float64, Array{StaticArraysCore.SVector{3, Int64}, 3}, Array{StaticArraysCore.SVector{3, Float64}, 3}}, Vector{StaticArraysCore.SVector{3, Int64}}}, energies::Energies{Float64}, converged::Bool, occupation_threshold::Float64, ρ::Array{Float64, 4}, τ::Nothing, α::Float64, eigenvalues::Vector{Vector{Float64}}, occupation::Vector{Vector{Float64}}, εF::Float64, n_bands_converge::Int64, n_iter::Int64, n_matvec::Int64, ψ::Vector{Matrix{ComplexF64}}, diagonalization::Vector{@NamedTuple{λ::Vector{Vector{Float64}}, X::Vector{Matrix{ComplexF64}}, residual_norms::Vector{Vector{Float64}}, n_iter::Vector{Int64}, converged::Bool, n_matvec::Int64}}, stage::Symbol, history_Δρ::Vector{Float64}, history_Etot::Vector{Float64}, timedout::Bool, runtime_ns::UInt64, algorithm::String}, Model{Float64, Float64}, Float64, MonkhorstPack, var"#case#4"{Matrix{Float64}, Float64, MonkhorstPack, Vector{StaticArraysCore.SVector{3, Float64}}, Vector{ElementPsp{PspUpf{Float64, Interpolations.Extrapolation{Float64, 1, Interpolations.GriddedInterpolation{Float64, 1, Vector{Float64}, Interpolations.Gridded{Interpolations.Linear{Interpolations.Throw{Interpolations.OnGrid}}}, Tuple{Vector{Float64}}}, Interpolations.Gridded{Interpolations.Linear{Interpolations.Throw{Interpolations.OnGrid}}}, Interpolations.Throw{Nothing}}}}}, Float64, Float64, String}}, Float64}}(-3.2743003209592316e-8,1.553121156156746e-8)
└ @ DFTK ~/.julia/packages/DFTK/n2IL4/src/terms/xc.jl:39
┌ Warning: Negative ρcore detected: -3.25408845036058e-8
└ @ DFTK ~/.julia/packages/DFTK/n2IL4/src/terms/xc.jl:39
┌ Warning: Negative ρcore detected: -3.25408845036058e-8
└ @ DFTK ~/.julia/packages/DFTK/n2IL4/src/terms/xc.jl:39
┌ Warning: Negative ρcore detected: Dual{ForwardDiff.Tag{var"#19#21"{@NamedTuple{ham::Hamiltonian, basis::PlaneWaveBasis{Float64, Float64, DFTK.CPU, FFTGrid{Float64, Float64, Array{StaticArraysCore.SVector{3, Int64}, 3}, Array{StaticArraysCore.SVector{3, Float64}, 3}}, Vector{StaticArraysCore.SVector{3, Int64}}}, energies::Energies{Float64}, converged::Bool, occupation_threshold::Float64, ρ::Array{Float64, 4}, τ::Nothing, α::Float64, eigenvalues::Vector{Vector{Float64}}, occupation::Vector{Vector{Float64}}, εF::Float64, n_bands_converge::Int64, n_iter::Int64, n_matvec::Int64, ψ::Vector{Matrix{ComplexF64}}, diagonalization::Vector{@NamedTuple{λ::Vector{Vector{Float64}}, X::Vector{Matrix{ComplexF64}}, residual_norms::Vector{Vector{Float64}}, n_iter::Vector{Int64}, converged::Bool, n_matvec::Int64}}, stage::Symbol, history_Δρ::Vector{Float64}, history_Etot::Vector{Float64}, timedout::Bool, runtime_ns::UInt64, algorithm::String}, Model{Float64, Float64}, Float64, MonkhorstPack, var"#case#4"{Matrix{Float64}, Float64, MonkhorstPack, Vector{StaticArraysCore.SVector{3, Float64}}, Vector{ElementPsp{PspUpf{Float64, Interpolations.Extrapolation{Float64, 1, Interpolations.GriddedInterpolation{Float64, 1, Vector{Float64}, Interpolations.Gridded{Interpolations.Linear{Interpolations.Throw{Interpolations.OnGrid}}}, Tuple{Vector{Float64}}}, Interpolations.Gridded{Interpolations.Linear{Interpolations.Throw{Interpolations.OnGrid}}}, Interpolations.Throw{Nothing}}}}}, Float64, Float64, String}}, Float64}}(-3.25408845036058e-8,-1.3583423923170405e-7)
└ @ DFTK ~/.julia/packages/DFTK/n2IL4/src/terms/xc.jl:39
┌ Warning: Negative ρcore detected: -3.2399967301895154e-8
└ @ DFTK ~/.julia/packages/DFTK/n2IL4/src/terms/xc.jl:39
┌ Warning: Negative ρcore detected: -3.2399967301895154e-8
└ @ DFTK ~/.julia/packages/DFTK/n2IL4/src/terms/xc.jl:39
┌ Warning: Negative ρcore detected: Dual{ForwardDiff.Tag{var"#19#21"{@NamedTuple{ham::Hamiltonian, basis::PlaneWaveBasis{Float64, Float64, DFTK.CPU, FFTGrid{Float64, Float64, Array{StaticArraysCore.SVector{3, Int64}, 3}, Array{StaticArraysCore.SVector{3, Float64}, 3}}, Vector{StaticArraysCore.SVector{3, Int64}}}, energies::Energies{Float64}, converged::Bool, occupation_threshold::Float64, ρ::Array{Float64, 4}, τ::Nothing, α::Float64, eigenvalues::Vector{Vector{Float64}}, occupation::Vector{Vector{Float64}}, εF::Float64, n_bands_converge::Int64, n_iter::Int64, n_matvec::Int64, ψ::Vector{Matrix{ComplexF64}}, diagonalization::Vector{@NamedTuple{λ::Vector{Vector{Float64}}, X::Vector{Matrix{ComplexF64}}, residual_norms::Vector{Vector{Float64}}, n_iter::Vector{Int64}, converged::Bool, n_matvec::Int64}}, stage::Symbol, history_Δρ::Vector{Float64}, history_Etot::Vector{Float64}, timedout::Bool, runtime_ns::UInt64, algorithm::String}, Model{Float64, Float64}, Float64, MonkhorstPack, var"#case#4"{Matrix{Float64}, Float64, MonkhorstPack, Vector{StaticArraysCore.SVector{3, Float64}}, Vector{ElementPsp{PspUpf{Float64, Interpolations.Extrapolation{Float64, 1, Interpolations.GriddedInterpolation{Float64, 1, Vector{Float64}, Interpolations.Gridded{Interpolations.Linear{Interpolations.Throw{Interpolations.OnGrid}}}, Tuple{Vector{Float64}}}, Interpolations.Gridded{Interpolations.Linear{Interpolations.Throw{Interpolations.OnGrid}}}, Interpolations.Throw{Nothing}}}}}, Float64, Float64, String}}, Float64}}(-3.2399967301895154e-8,-1.418545304176486e-7)
└ @ DFTK ~/.julia/packages/DFTK/n2IL4/src/terms/xc.jl:39
┌ Warning: Negative ρcore detected: -3.23987228416117e-8
└ @ DFTK ~/.julia/packages/DFTK/n2IL4/src/terms/xc.jl:39
┌ Warning: Negative ρcore detected: -3.23987228416117e-8
└ @ DFTK ~/.julia/packages/DFTK/n2IL4/src/terms/xc.jl:39
┌ Warning: Negative ρcore detected: Dual{ForwardDiff.Tag{var"#19#21"{@NamedTuple{ham::Hamiltonian, basis::PlaneWaveBasis{Float64, Float64, DFTK.CPU, FFTGrid{Float64, Float64, Array{StaticArraysCore.SVector{3, Int64}, 3}, Array{StaticArraysCore.SVector{3, Float64}, 3}}, Vector{StaticArraysCore.SVector{3, Int64}}}, energies::Energies{Float64}, converged::Bool, occupation_threshold::Float64, ρ::Array{Float64, 4}, τ::Nothing, α::Float64, eigenvalues::Vector{Vector{Float64}}, occupation::Vector{Vector{Float64}}, εF::Float64, n_bands_converge::Int64, n_iter::Int64, n_matvec::Int64, ψ::Vector{Matrix{ComplexF64}}, diagonalization::Vector{@NamedTuple{λ::Vector{Vector{Float64}}, X::Vector{Matrix{ComplexF64}}, residual_norms::Vector{Vector{Float64}}, n_iter::Vector{Int64}, converged::Bool, n_matvec::Int64}}, stage::Symbol, history_Δρ::Vector{Float64}, history_Etot::Vector{Float64}, timedout::Bool, runtime_ns::UInt64, algorithm::String}, Model{Float64, Float64}, Float64, MonkhorstPack, var"#case#4"{Matrix{Float64}, Float64, MonkhorstPack, Vector{StaticArraysCore.SVector{3, Float64}}, Vector{ElementPsp{PspUpf{Float64, Interpolations.Extrapolation{Float64, 1, Interpolations.GriddedInterpolation{Float64, 1, Vector{Float64}, Interpolations.Gridded{Interpolations.Linear{Interpolations.Throw{Interpolations.OnGrid}}}, Tuple{Vector{Float64}}}, Interpolations.Gridded{Interpolations.Linear{Interpolations.Throw{Interpolations.OnGrid}}}, Interpolations.Throw{Nothing}}}}}, Float64, Float64, String}}, Float64}}(-3.23987228416117e-8,-1.4190670763055861e-7)
└ @ DFTK ~/.julia/packages/DFTK/n2IL4/src/terms/xc.jl:39
 * Status: success

 * Candidate solution
    Final objective value:     -7.414018e+01

 * Found with
    Algorithm:     L-BFGS

 * Convergence measures
    |x - x'|               = 8.77e-06 ≰ -1.0e+00
    |x - x'|/|x'|          = 1.58e-06 ≰ 0.0e+00
    |f(x) - f(x')|         = 5.61e-12 ≤ 1.0e-08
    |f(x) - f(x')|/|f(x')| = 7.57e-14 ≰ 0.0e+00
    |g(x)|                 = 6.45e-09 ≤ 1.0e-06

 * Work counters
    Seconds run:   1051  (vs limit Inf)
    Iterations:    5
    f(x) calls:    6
    ∇f(x) calls:   6

V: 1175.702395 seconds (830.30 M allocations: 387.249 GiB, 6.04% gc time, 0.01% compilation time)
