n     Energy            log10(ΔE)   log10(Δρ)   Diag   Δtime
---   ---------------   ---------   ---------   ----   ------
  1   -8.510290557674                   -0.95    7.0    10.9s
  2   -8.512985592238       -2.57       -1.69    2.1    4.87s
  3   -8.513039650889       -4.27       -2.63    3.8    1.82s
  4   -8.513041464021       -5.74       -4.06    3.5    1.55s
  5   -8.513041471720       -8.11       -4.53    4.9    2.17s
  6   -8.513041472192       -9.33       -5.28    3.7    1.76s
  7   -8.513041472215      -10.63       -6.46    4.0    1.60s
  8   -8.513041472215      -12.82       -7.44    4.3    1.95s
Iter     Function value   Gradient norm 
     0    -8.513041e+00     1.572598e-03
 * time: 7.867813110351562e-6
n     Energy            log10(ΔE)   log10(Δρ)   Diag   Δtime
---   ---------------   ---------   ---------   ----   ------
  1   -8.510307932086                   -0.95    7.3    2.50s
  2   -8.512987839267       -2.57       -1.69    2.4    1.44s
  3   -8.513042457117       -4.26       -2.63    3.9    1.58s
  4   -8.513043845977       -5.86       -3.96    3.7    1.86s
  5   -8.513043857235       -7.95       -4.41    4.9    1.87s
  6   -8.513043858096       -9.07       -5.24    3.9    1.88s
  7   -8.513043858125      -10.53       -6.57    4.1    1.61s
  8   -8.513043858125      -13.06       -7.34    4.5    2.06s
n     Energy            log10(ΔE)   log10(Δρ)   Diag   Δtime
---   ---------------   ---------   ---------   ----   ------
  1   -8.510305313718                   -0.95    7.4    2.56s
  2   -8.512990009257       -2.57       -1.69    2.4    1.43s
  3   -8.513042475518       -4.28       -2.63    3.9    1.53s
  4   -8.513043847653       -5.86       -4.01    3.6    1.80s
  5   -8.513043857444       -8.01       -4.47    4.8    1.82s
  6   -8.513043858098       -9.18       -5.25    3.8    1.78s
  7   -8.513043858125      -10.57       -6.46    4.1    1.58s
  8   -8.513043858125      -12.85       -7.45    4.4    1.98s
     1    -8.513044e+00     1.461762e-03
 * time: 41.47417187690735
n     Energy            log10(ΔE)   log10(Δρ)   Diag   Δtime
---   ---------------   ---------   ---------   ----   ------
  1   -8.510363194344                   -0.95    6.8    2.43s
  2   -8.513003981021       -2.58       -1.69    2.2    1.13s
  3   -8.513057384778       -4.27       -2.65    3.8    1.79s
  4   -8.513059118700       -5.76       -4.02    3.7    1.58s
  5   -8.513059127218       -8.07       -4.46    4.9    2.08s
  6   -8.513059127928       -9.15       -5.24    3.8    1.50s
  7   -8.513059127957      -10.54       -6.54    4.1    1.84s
  8   -8.513059127957      -12.88       -7.33    4.2    1.71s
n     Energy            log10(ΔE)   log10(Δρ)   Diag   Δtime
---   ---------------   ---------   ---------   ----   ------
  1   -8.510349586975                   -0.95    6.9    2.41s
  2   -8.513001141245       -2.58       -1.69    2.2    1.10s
  3   -8.513057523469       -4.25       -2.65    3.9    1.80s
  4   -8.513059118384       -5.80       -4.00    3.5    1.57s
  5   -8.513059127168       -8.06       -4.44    4.7    2.13s
  6   -8.513059127927       -9.12       -5.24    3.7    1.52s
  7   -8.513059127957      -10.53       -6.39    4.1    1.90s
  8   -8.513059127957      -12.73       -7.35    4.3    1.72s
     2    -8.513059e+00     1.549107e-05
 * time: 81.65419888496399
n     Energy            log10(ΔE)   log10(Δρ)   Diag   Δtime
---   ---------------   ---------   ---------   ----   ------
  1   -8.510362211718                   -0.95    7.2    2.57s
  2   -8.513000455360       -2.58       -1.69    2.3    1.45s
  3   -8.513057598390       -4.24       -2.65    3.9    1.60s
  4   -8.513059115277       -5.82       -3.93    3.8    1.93s
  5   -8.513059128477       -7.88       -4.36    4.9    1.88s
  6   -8.513059129656       -8.93       -5.16    3.9    1.85s
  7   -8.513059129698      -10.38       -6.70    4.1    1.63s
  8   -8.513059129698      -13.09       -7.30    4.6    2.13s
n     Energy            log10(ΔE)   log10(Δρ)   Diag   Δtime
---   ---------------   ---------   ---------   ----   ------
  1   -8.510360557214                   -0.95    7.1    2.51s
  2   -8.513002711768       -2.58       -1.69    2.2    1.39s
  3   -8.513057466737       -4.26       -2.65    4.1    1.58s
  4   -8.513059117898       -5.78       -3.98    3.7    1.86s
  5   -8.513059128736       -7.97       -4.41    4.9    1.88s
  6   -8.513059129663       -9.03       -5.20    3.9    1.82s
  7   -8.513059129698      -10.45       -6.63    4.2    1.63s
  8   -8.513059129698      -12.90       -7.36    4.5    2.07s
     3    -8.513059e+00     1.564926e-07
 * time: 123.24798703193665
 * Status: success

 * Candidate solution
    Final objective value:     -8.513059e+00

 * Found with
    Algorithm:     L-BFGS

 * Convergence measures
    |x - x'|               = 2.22e-04 ≰ -1.0e+00
    |x - x'|/|x'|          = 2.14e-05 ≰ 0.0e+00
    |f(x) - f(x')|         = 1.74e-09 ≤ 1.0e-08
    |f(x) - f(x')|/|f(x')| = 2.05e-10 ≰ 0.0e+00
    |g(x)|                 = 1.56e-07 ≤ 1.0e-06

 * Work counters
    Seconds run:   123  (vs limit Inf)
    Iterations:    3
    f(x) calls:    4
    ∇f(x) calls:   4

Si: 196.117239 seconds (308.04 M allocations: 58.995 GiB, 7.59% gc time, 25.76% compilation time: <1% of which was recompilation)
n     Energy            log10(ΔE)   log10(Δρ)   Diag   Δtime
---   ---------------   ---------   ---------   ----   ------
  1   -62.41736541852                   -1.20    8.6    18.8s
  2   -62.42047764474       -2.51       -1.22    3.0    8.27s
  3   -62.42538999639       -2.31       -2.08    4.3    10.1s
  4   -62.42542307935       -4.48       -2.84    3.9    9.52s
  5   -62.42542436111       -5.89       -3.70    3.9    9.69s
  6   -62.42542437167       -7.98       -4.49    4.0    9.83s
  7   -62.42542437230       -9.20       -5.68    4.1    10.2s
  8   -62.42542437230      -11.41       -6.42    4.0    10.1s
  9   -62.42542437230      -13.67       -8.04    4.1    10.4s
Iter     Function value   Gradient norm 
     0    -6.242542e+01     7.038515e-03
 * time: 6.9141387939453125e-6
n     Energy            log10(ΔE)   log10(Δρ)   Diag   Δtime
---   ---------------   ---------   ---------   ----   ------
  1   -62.41743564823                   -1.20    9.0    17.2s
  2   -62.42054772586       -2.51       -1.22    3.0    7.76s
  3   -62.42543921669       -2.31       -2.08    4.2    10.1s
  4   -62.42547227160       -4.48       -2.86    3.9    10.0s
  5   -62.42547345778       -5.93       -3.72    4.0    10.0s
  6   -62.42547346721       -8.03       -4.53    4.0    9.62s
  7   -62.42547346779       -9.23       -5.67    4.2    10.6s
  8   -62.42547346780      -11.29       -6.43    4.2    10.2s
  9   -62.42547346780      -12.97       -8.14    4.1    10.3s
n     Energy            log10(ΔE)   log10(Δρ)   Diag   Δtime
---   ---------------   ---------   ---------   ----   ------
  1   -62.41743463855                   -1.20    8.7    17.4s
  2   -62.42056488357       -2.50       -1.22    2.9    7.84s
  3   -62.42543912171       -2.31       -2.07    4.3    10.2s
  4   -62.42547216638       -4.48       -2.83    3.8    10.1s
  5   -62.42547345665       -5.89       -3.69    4.0    10.0s
  6   -62.42547346718       -7.98       -4.47    4.0    9.81s
  7   -62.42547346780       -9.21       -5.87    4.1    10.6s
  8   -62.42547346780      -11.69       -6.30    4.2    10.4s
  9   -62.42547346780      -12.92       -8.06    3.9    9.82s
     1    -6.242547e+01     6.911851e-03
 * time: 225.80437707901
n     Energy            log10(ΔE)   log10(Δρ)   Diag   Δtime
---   ---------------   ---------   ---------   ----   ------
  1   -62.41931357397                   -1.21    8.6    15.5s
  2   -62.42270632477       -2.47       -1.25    3.1    7.47s
  3   -62.42655875034       -2.41       -2.12    4.3    9.31s
  4   -62.42658216696       -4.63       -2.97    3.8    8.98s
  5   -62.42658272718       -6.25       -3.78    3.9    9.10s
  6   -62.42658273177       -8.34       -4.54    3.8    8.72s
  7   -62.42658273211       -9.46       -5.73    4.0    9.40s
  8   -62.42658273211      -11.63       -6.89    4.1    9.58s
  9   -62.42658273211   +    -Inf       -7.98    4.0    9.45s
n     Energy            log10(ΔE)   log10(Δρ)   Diag   Δtime
---   ---------------   ---------   ---------   ----   ------
  1   -62.41931320388                   -1.21    8.7    15.4s
  2   -62.42269911847       -2.47       -1.25    2.9    7.06s
  3   -62.42655884513       -2.41       -2.12    4.0    8.91s
  4   -62.42658217075       -4.63       -2.97    3.9    9.09s
  5   -62.42658272708       -6.25       -3.78    4.1    9.37s
  6   -62.42658273177       -8.33       -4.55    3.7    8.39s
  7   -62.42658273211       -9.47       -5.63    4.1    9.74s
  8   -62.42658273211      -11.42       -6.80    4.1    9.55s
  9   -62.42658273211   +  -12.85       -7.98    4.1    9.43s
     2    -6.242658e+01     1.723776e-03
 * time: 431.1406579017639
n     Energy            log10(ΔE)   log10(Δρ)   Diag   Δtime
---   ---------------   ---------   ---------   ----   ------
  1   -62.41923197786                   -1.21    8.1    15.7s
  2   -62.42257683033       -2.48       -1.24    2.8    7.65s
  3   -62.42661260501       -2.39       -2.11    4.0    9.58s
  4   -62.42663785331       -4.60       -2.93    3.7    9.45s
  5   -62.42663854577       -6.16       -3.74    3.8    9.62s
  6   -62.42663855191       -8.21       -4.50    3.7    9.42s
  7   -62.42663855231       -9.40       -5.75    3.9    10.0s
  8   -62.42663855231      -11.66       -6.54    3.9    10.0s
  9   -62.42663855231   +    -Inf       -7.99    3.9    9.83s
n     Energy            log10(ΔE)   log10(Δρ)   Diag   Δtime
---   ---------------   ---------   ---------   ----   ------
  1   -62.41923415440                   -1.21    8.1    15.5s
  2   -62.42258068178       -2.48       -1.24    2.8    7.85s
  3   -62.42661266561       -2.39       -2.11    4.0    9.56s
  4   -62.42663782060       -4.60       -2.91    3.8    9.45s
  5   -62.42663854527       -6.14       -3.73    3.8    9.94s
  6   -62.42663855190       -8.18       -4.49    3.6    9.26s
  7   -62.42663855231       -9.38       -5.82    4.0    10.2s
  8   -62.42663855231      -11.76       -6.56    4.0    10.5s
  9   -62.42663855231      -13.67       -7.97    3.8    9.76s
     3    -6.242664e+01     2.970195e-04
 * time: 648.4765830039978
n     Energy            log10(ΔE)   log10(Δρ)   Diag   Δtime
---   ---------------   ---------   ---------   ----   ------
  1   -62.41925949603                   -1.21    8.6    16.3s
  2   -62.42261009228       -2.47       -1.24    2.9    7.62s
  3   -62.42661481086       -2.40       -2.11    4.2    9.76s
  4   -62.42663960334       -4.61       -2.93    3.9    9.93s
  5   -62.42664027891       -6.17       -3.76    4.0    9.92s
  6   -62.42664028469       -8.24       -4.53    3.7    9.04s
  7   -62.42664028507       -9.42       -5.84    4.0    10.0s
  8   -62.42664028507      -11.69       -6.56    4.1    10.0s
  9   -62.42664028507      -14.15       -7.89    3.9    10.0s
n     Energy            log10(ΔE)   log10(Δρ)   Diag   Δtime
---   ---------------   ---------   ---------   ----   ------
  1   -62.41925986991                   -1.21    8.5    16.3s
  2   -62.42260826413       -2.48       -1.24    2.9    7.61s
  3   -62.42661479972       -2.40       -2.11    4.1    9.75s
  4   -62.42663961837       -4.61       -2.94    3.9    9.91s
  5   -62.42664027931       -6.18       -3.77    4.0    9.88s
  6   -62.42664028471       -8.27       -4.55    3.8    9.17s
  7   -62.42664028507       -9.44       -5.68    4.0    10.4s
  8   -62.42664028507      -11.50       -6.70    4.0    10.1s
  9   -62.42664028507      -14.15       -7.99    4.0    10.1s
     4    -6.242664e+01     9.950163e-06
 * time: 865.9510900974274
n     Energy            log10(ΔE)   log10(Δρ)   Diag   Δtime
---   ---------------   ---------   ---------   ----   ------
  1   -62.41926220603                   -1.21    8.5    16.5s
  2   -62.42261973794       -2.47       -1.24    2.9    7.72s
  3   -62.42661462768       -2.40       -2.11    4.2    9.66s
  4   -62.42663959593       -4.60       -2.93    3.9    9.56s
  5   -62.42664028068       -6.16       -3.74    4.0    10.1s
  6   -62.42664028661       -8.23       -4.51    3.8    9.16s
  7   -62.42664028700       -9.40       -5.95    4.0    9.83s
  8   -62.42664028700      -11.89       -6.65    4.3    10.7s
  9   -62.42664028700   +    -Inf       -7.93    3.9    9.60s
n     Energy            log10(ΔE)   log10(Δρ)   Diag   Δtime
---   ---------------   ---------   ---------   ----   ------
  1   -62.41926328571                   -1.21    8.6    16.4s
  2   -62.42260980219       -2.48       -1.24    2.9    7.73s
  3   -62.42661477462       -2.40       -2.11    4.2    9.76s
  4   -62.42663962824       -4.60       -2.94    3.9    9.68s
  5   -62.42664028120       -6.19       -3.76    4.0    10.0s
  6   -62.42664028662       -8.27       -4.54    3.7    9.28s
  7   -62.42664028700       -9.42       -5.76    4.0    9.86s
  8   -62.42664028700      -11.60       -6.67    4.1    9.93s
  9   -62.42664028700      -13.25       -8.00    4.0    9.84s
     5    -6.242664e+01     6.184751e-08
 * time: 1082.1765460968018
 * Status: success

 * Candidate solution
    Final objective value:     -6.242664e+01

 * Found with
    Algorithm:     L-BFGS

 * Convergence measures
    |x - x'|               = 3.91e-04 ≰ -1.0e+00
    |x - x'|/|x'|          = 3.75e-05 ≰ 0.0e+00
    |f(x) - f(x')|         = 1.93e-09 ≤ 1.0e-08
    |f(x) - f(x')|/|f(x')| = 3.09e-11 ≰ 0.0e+00
    |g(x)|                 = 6.18e-08 ≤ 1.0e-06

 * Work counters
    Seconds run:   1082  (vs limit Inf)
    Iterations:    5
    f(x) calls:    6
    ∇f(x) calls:   6

NaCl: 1203.882005 seconds (1.19 G allocations: 341.674 GiB, 5.22% gc time, 0.26% compilation time)
n     Energy            log10(ΔE)   log10(Δρ)   Diag   Δtime
---   ---------------   ---------   ---------   ----   ------
  1   -2.326231303944                   -1.51    5.5    1.77s
  2   -2.326307996971       -4.12       -1.86    1.3    1.09s
  3   -2.326326569287       -4.73       -3.17    3.2    1.29s
  4   -2.326326887812       -6.50       -3.50    4.0    1.80s
  5   -2.326326896805       -8.05       -3.72    1.8    857ms
  6   -2.326326901244       -8.35       -4.75    2.3    970ms
  7   -2.326326901388       -9.84       -5.39    3.8    1.70s
  8   -2.326326901391      -11.47       -6.00    2.8    1.11s
  9   -2.326326901392      -12.42       -6.38    2.7    1.42s
 10   -2.326326901392      -13.43       -7.10    2.6    1.08s
Iter     Function value   Gradient norm 
     0    -2.326327e+00     4.191339e-03
 * time: 3.814697265625e-6
n     Energy            log10(ΔE)   log10(Δρ)   Diag   Δtime
---   ---------------   ---------   ---------   ----   ------
  1   -2.326247223212                   -1.51    5.7    2.02s
  2   -2.326325989550       -4.10       -1.86    1.3    1.04s
  3   -2.326343748815       -4.75       -3.18    3.3    1.28s
  4   -2.326344069315       -6.49       -3.50    4.0    1.76s
  5   -2.326344077757       -8.07       -3.71    1.8    834ms
  6   -2.326344082597       -8.32       -4.78    2.4    1.05s
  7   -2.326344082729       -9.88       -5.30    3.8    1.62s
  8   -2.326344082734      -11.32       -6.01    2.8    1.13s
  9   -2.326344082735      -12.54       -6.37    3.0    1.38s
 10   -2.326344082735      -13.47       -6.85    2.4    1.01s
 11   -2.326344082735      -15.35       -8.09    2.9    1.41s
n     Energy            log10(ΔE)   log10(Δρ)   Diag   Δtime
---   ---------------   ---------   ---------   ----   ------
  1   -2.326251530735                   -1.51    5.6    2.04s
  2   -2.326326211459       -4.13       -1.86    1.3    751ms
  3   -2.326343785932       -4.76       -3.17    3.4    1.54s
  4   -2.326344069138       -6.55       -3.50    3.9    1.41s
  5   -2.326344078732       -8.02       -3.75    1.9    1.11s
  6   -2.326344082600       -8.41       -4.76    2.5    1.00s
  7   -2.326344082731       -9.88       -5.45    3.8    1.59s
  8   -2.326344082734      -11.51       -6.08    2.9    1.09s
  9   -2.326344082735      -12.61       -6.44    2.9    1.36s
 10   -2.326344082735      -13.60       -7.45    2.7    1.02s
     1    -2.326344e+00     4.007119e-03
 * time: 56.16998600959778
n     Energy            log10(ΔE)   log10(Δρ)   Diag   Δtime
---   ---------------   ---------   ---------   ----   ------
  1   -2.326444437698                   -1.52    5.7    1.66s
  2   -2.326514334550       -4.16       -1.87    1.4    601ms
  3   -2.326531526333       -4.76       -3.22    3.5    1.25s
  4   -2.326531797649       -6.57       -3.57    4.1    1.15s
  5   -2.326531806044       -8.08       -3.91    2.0    959ms
  6   -2.326531808275       -8.65       -5.01    2.9    847ms
  7   -2.326531808328      -10.27       -5.69    4.0    1.36s
  8   -2.326531808330      -11.95       -6.52    3.0    900ms
  9   -2.326531808330      -13.34       -6.94    3.3    1.22s
 10   -2.326531808330      -14.45       -7.77    2.5    788ms
n     Energy            log10(ΔE)   log10(Δρ)   Diag   Δtime
---   ---------------   ---------   ---------   ----   ------
  1   -2.326443718942                   -1.52    5.7    1.70s
  2   -2.326514672873       -4.15       -1.87    1.4    879ms
  3   -2.326531492360       -4.77       -3.22    3.4    1.00s
  4   -2.326531797727       -6.52       -3.57    4.2    1.43s
  5   -2.326531805761       -8.10       -3.88    2.1    708ms
  6   -2.326531808269       -8.60       -5.01    2.6    1.06s
  7   -2.326531808328      -10.23       -5.59    4.2    1.13s
  8   -2.326531808330      -11.72       -6.46    2.9    1.12s
  9   -2.326531808330      -13.25       -6.83    3.6    995ms
 10   -2.326531808330      -14.18       -7.54    2.5    1.06s
     2    -2.326532e+00     1.865563e-04
 * time: 107.10946488380432
n     Energy            log10(ΔE)   log10(Δρ)   Diag   Δtime
---   ---------------   ---------   ---------   ----   ------
  1   -2.326444669878                   -1.52    5.7    1.59s
  2   -2.326514548249       -4.16       -1.87    1.3    574ms
  3   -2.326531957572       -4.76       -3.22    3.4    1.24s
  4   -2.326532238883       -6.55       -3.57    4.1    1.14s
  5   -2.326532247212       -8.08       -3.92    2.1    968ms
  6   -2.326532249327       -8.67       -5.02    2.7    808ms
  7   -2.326532249380      -10.28       -5.67    4.0    1.37s
  8   -2.326532249381      -11.96       -6.49    3.0    886ms
  9   -2.326532249381      -13.37       -6.97    3.3    1.23s
 10   -2.326532249381      -14.40       -7.78    2.6    805ms
n     Energy            log10(ΔE)   log10(Δρ)   Diag   Δtime
---   ---------------   ---------   ---------   ----   ------
  1   -2.326446000378                   -1.52    5.6    1.61s
  2   -2.326514693204       -4.16       -1.87    1.3    831ms
  3   -2.326531970105       -4.76       -3.22    3.5    997ms
  4   -2.326532238921       -6.57       -3.58    4.1    1.43s
  5   -2.326532247227       -8.08       -3.93    2.1    715ms
  6   -2.326532249326       -8.68       -5.02    2.7    1.10s
  7   -2.326532249380      -10.26       -5.71    3.9    1.10s
  8   -2.326532249381      -12.03       -6.51    3.0    1.19s
  9   -2.326532249381      -13.38       -6.94    3.2    948ms
 10   -2.326532249381      -14.51       -7.77    2.6    1.12s
     3    -2.326532e+00     1.176984e-05
 * time: 157.69427299499512
n     Energy            log10(ΔE)   log10(Δρ)   Diag   Δtime
---   ---------------   ---------   ---------   ----   ------
  1   -2.326439542361                   -1.52    5.6    1.64s
  2   -2.326513895272       -4.13       -1.87    1.3    579ms
  3   -2.326531976521       -4.74       -3.22    3.4    1.26s
  4   -2.326532240869       -6.58       -3.58    4.1    1.16s
  5   -2.326532248952       -8.09       -3.92    2.1    1.02s
  6   -2.326532251096       -8.67       -5.02    2.6    811ms
  7   -2.326532251150      -10.27       -5.74    4.1    1.44s
  8   -2.326532251151      -12.09       -6.51    3.0    916ms
  9   -2.326532251151      -13.39       -6.99    3.2    1.26s
 10   -2.326532251151      -14.45       -7.84    2.5    812ms
n     Energy            log10(ΔE)   log10(Δρ)   Diag   Δtime
---   ---------------   ---------   ---------   ----   ------
  1   -2.326443300445                   -1.52    5.6    1.36s
  2   -2.326514829127       -4.15       -1.87    1.3    841ms
  3   -2.326531960785       -4.77       -3.22    3.4    1.00s
  4   -2.326532240638       -6.55       -3.57    4.1    1.42s
  5   -2.326532248847       -8.09       -3.91    2.1    704ms
  6   -2.326532251097       -8.65       -5.03    2.7    1.10s
  7   -2.326532251150      -10.28       -5.65    4.1    1.13s
  8   -2.326532251151      -11.96       -6.52    2.8    1.15s
  9   -2.326532251151      -13.36       -6.98    3.3    971ms
 10   -2.326532251151      -14.45       -7.78    2.6    1.10s
     4    -2.326532e+00     3.845625e-08
 * time: 209.4814488887787
 * Status: success

 * Candidate solution
    Final objective value:     -2.326532e+00

 * Found with
    Algorithm:     L-BFGS

 * Convergence measures
    |x - x'|               = 3.00e-04 ≰ -1.0e+00
    |x - x'|/|x'|          = 3.87e-05 ≰ 0.0e+00
    |f(x) - f(x')|         = 1.77e-09 ≤ 1.0e-08
    |f(x) - f(x')|/|f(x')| = 7.61e-10 ≰ 0.0e+00
    |g(x)|                 = 3.85e-08 ≤ 1.0e-06

 * Work counters
    Seconds run:   209  (vs limit Inf)
    Iterations:    4
    f(x) calls:    5
    ∇f(x) calls:   5

Al: 242.884535 seconds (229.64 M allocations: 55.630 GiB, 7.21% gc time, 0.00% compilation time)
n     Energy            log10(ΔE)   log10(Δρ)   Diag   Δtime
---   ---------------   ---------   ---------   ----   ------
  1   -73.99104258370                   -0.91    9.6    9.45s
  2   -73.99957926582       -2.07       -1.11    5.0    5.25s
  3   -74.00464883263       -2.30       -1.47    6.4    6.68s
  4   -74.00544756586       -3.10       -1.88    5.6    5.63s
  5   -74.00553580733       -4.05       -2.41    5.1    5.55s
  6   -74.00554496937       -5.04       -3.21    5.5    5.79s
  7   -74.00554497211       -8.56       -3.62    5.3    5.70s
  8   -74.00554499113       -7.72       -4.13    5.3    5.40s
  9   -74.00554499215       -8.99       -4.61    5.3    5.61s
 10   -74.00554499256       -9.38       -5.20    5.5    5.82s
 11   -74.00554499258      -10.65       -5.83    5.8    5.95s
 12   -74.00554499258      -12.08       -6.62    5.4    5.79s
 13   -74.00554499258   +    -Inf       -7.22    4.2    5.01s
Iter     Function value   Gradient norm 
     0    -7.400554e+01     1.148834e-02
 * time: 5.0067901611328125e-6
n     Energy            log10(ΔE)   log10(Δρ)   Diag   Δtime
---   ---------------   ---------   ---------   ----   ------
  1   -73.99130278599                   -0.91    9.7    9.37s
  2   -73.99973441585       -2.07       -1.11    5.0    5.21s
  3   -74.00478447542       -2.30       -1.47    6.5    6.58s
  4   -74.00557185449       -3.10       -1.88    5.6    5.53s
  5   -74.00565786358       -4.07       -2.41    5.1    5.46s
  6   -74.00566704669       -5.04       -3.22    5.4    5.86s
  7   -74.00566704595   +   -9.13       -3.62    5.3    5.83s
  8   -74.00566706526       -7.71       -4.14    5.3    5.57s
  9   -74.00566706606       -9.10       -4.60    5.3    5.69s
 10   -74.00566706649       -9.36       -5.23    5.5    6.01s
 11   -74.00566706651      -10.82       -5.87    5.7    6.02s
 12   -74.00566706651   +  -12.62       -6.70    5.4    5.71s
 13   -74.00566706651      -13.15       -7.20    5.1    5.47s
n     Energy            log10(ΔE)   log10(Δρ)   Diag   Δtime
---   ---------------   ---------   ---------   ----   ------
  1   -73.99128990478                   -0.91    9.7    9.19s
  2   -73.99976076701       -2.07       -1.11    5.1    5.24s
  3   -74.00478308299       -2.30       -1.47    6.6    6.84s
  4   -74.00557152957       -3.10       -1.88    5.6    5.57s
  5   -74.00565740988       -4.07       -2.40    5.1    5.33s
  6   -74.00566705089       -5.02       -3.22    5.5    5.70s
  7   -74.00566704181   +   -8.04       -3.60    5.3    5.50s
  8   -74.00566706514       -7.63       -4.15    5.4    5.35s
  9   -74.00566706606       -9.04       -4.60    5.3    5.77s
 10   -74.00566706649       -9.36       -5.23    5.5    5.74s
 11   -74.00566706651      -10.77       -5.88    5.6    5.72s
 12   -74.00566706651   +  -12.53       -6.75    5.4    5.82s
 13   -74.00566706651      -13.15       -7.19    5.2    5.86s
     1    -7.400567e+01     9.759513e-03
 * time: 216.5720410346985
n     Energy            log10(ΔE)   log10(Δρ)   Diag   Δtime
---   ---------------   ---------   ---------   ----   ------
  1   -73.99246314079                   -0.92    9.7    9.21s
  2   -74.00034211300       -2.10       -1.12    5.0    5.22s
  3   -74.00513800438       -2.32       -1.48    6.5    6.68s
  4   -74.00589559480       -3.12       -1.91    5.6    5.56s
  5   -74.00596070065       -4.19       -2.38    5.0    5.33s
  6   -74.00597227271       -4.94       -3.25    5.4    6.01s
  7   -74.00597226414   +   -8.07       -3.62    5.4    5.86s
  8   -74.00597228993       -7.59       -4.31    5.4    5.61s
  9   -74.00597229018       -9.60       -4.66    5.4    5.72s
 10   -74.00597229038       -9.70       -5.28    5.3    5.63s
 11   -74.00597229040      -10.75       -5.81    5.3    5.84s
 12   -74.00597229040      -11.64       -6.65    5.3    5.67s
 13   -74.00597229040      -13.25       -6.97    5.0    5.35s
 14   -74.00597229040   +  -13.85       -7.46    5.5    5.59s
n     Energy            log10(ΔE)   log10(Δρ)   Diag   Δtime
---   ---------------   ---------   ---------   ----   ------
  1   -73.99246041035                   -0.92    9.6    9.30s
  2   -74.00034658334       -2.10       -1.12    5.0    5.30s
  3   -74.00513819158       -2.32       -1.48    6.6    6.86s
  4   -74.00589509181       -3.12       -1.91    5.6    5.64s
  5   -74.00596073076       -4.18       -2.38    5.1    5.47s
  6   -74.00597227523       -4.94       -3.25    5.5    5.92s
  7   -74.00597226505   +   -7.99       -3.62    5.4    5.94s
  8   -74.00597229002       -7.60       -4.33    5.5    5.56s
  9   -74.00597229017       -9.82       -4.66    5.4    5.70s
 10   -74.00597229038       -9.68       -5.27    5.4    5.62s
 11   -74.00597229040      -10.73       -5.82    5.3    5.74s
 12   -74.00597229040      -11.66       -6.65    5.2    5.62s
 13   -74.00597229040      -13.55       -6.97    5.2    5.61s
 14   -74.00597229040      -13.85       -7.45    5.5    5.59s
     2    -7.400597e+01     4.886373e-04
 * time: 442.7231159210205
n     Energy            log10(ΔE)   log10(Δρ)   Diag   Δtime
---   ---------------   ---------   ---------   ----   ------
  1   -73.99242358809                   -0.92    9.6    9.43s
  2   -74.00032971156       -2.10       -1.12    4.9    5.37s
  3   -74.00513868979       -2.32       -1.48    6.5    6.73s
  4   -74.00589432200       -3.12       -1.91    5.6    5.61s
  5   -74.00596174410       -4.17       -2.39    5.1    5.40s
  6   -74.00597299799       -4.95       -3.25    5.4    5.96s
  7   -74.00597298944   +   -8.07       -3.63    5.3    5.98s
  8   -74.00597301272       -7.63       -4.30    5.4    5.66s
  9   -74.00597301298       -9.59       -4.65    5.4    5.96s
 10   -74.00597301321       -9.64       -5.26    5.5    5.84s
 11   -74.00597301323      -10.66       -5.84    5.5    5.87s
 12   -74.00597301323      -11.71       -6.65    5.2    5.78s
 13   -74.00597301323   +  -13.55       -6.97    5.4    5.69s
 14   -74.00597301323      -13.00       -7.43    5.5    5.58s
n     Energy            log10(ΔE)   log10(Δρ)   Diag   Δtime
---   ---------------   ---------   ---------   ----   ------
  1   -73.99242304273                   -0.92    9.6    9.37s
  2   -74.00033395226       -2.10       -1.12    4.9    5.18s
  3   -74.00513776848       -2.32       -1.48    6.6    6.67s
  4   -74.00589476552       -3.12       -1.91    5.6    5.68s
  5   -74.00596169252       -4.17       -2.39    5.1    5.55s
  6   -74.00597299602       -4.95       -3.25    5.4    5.87s
  7   -74.00597298687   +   -8.04       -3.62    5.4    5.73s
  8   -74.00597301264       -7.59       -4.30    5.4    5.74s
  9   -74.00597301299       -9.45       -4.66    5.3    5.79s
 10   -74.00597301321       -9.67       -5.27    5.4    5.79s
 11   -74.00597301323      -10.69       -5.81    5.3    5.80s
 12   -74.00597301323      -11.67       -6.65    5.3    5.67s
 13   -74.00597301323   +  -13.07       -6.97    5.1    5.53s
 14   -74.00597301323      -12.94       -7.45    5.5    5.68s
     3    -7.400597e+01     2.059253e-05
 * time: 671.5270400047302
n     Energy            log10(ΔE)   log10(Δρ)   Diag   Δtime
---   ---------------   ---------   ---------   ----   ------
  1   -73.99242875252                   -0.92    9.6    9.10s
  2   -74.00033190991       -2.10       -1.12    4.9    5.21s
  3   -74.00513731148       -2.32       -1.48    6.4    6.86s
  4   -74.00589481314       -3.12       -1.91    5.5    5.58s
  5   -74.00596194646       -4.17       -2.39    5.0    5.48s
  6   -74.00597299591       -4.96       -3.25    5.3    5.81s
  7   -74.00597298840   +   -8.12       -3.63    5.3    5.81s
  8   -74.00597301402       -7.59       -4.30    5.4    5.64s
  9   -74.00597301429       -9.57       -4.66    5.4    5.85s
 10   -74.00597301451       -9.66       -5.28    5.3    5.83s
 11   -74.00597301453      -10.69       -5.82    5.4    5.81s
 12   -74.00597301453      -11.67       -6.66    5.2    5.67s
 13   -74.00597301453   +  -13.07       -6.95    4.8    5.22s
 14   -74.00597301453      -13.55       -7.44    5.5    5.75s
n     Energy            log10(ΔE)   log10(Δρ)   Diag   Δtime
---   ---------------   ---------   ---------   ----   ------
  1   -73.99243000654                   -0.92    9.6    9.33s
  2   -74.00032942775       -2.10       -1.12    4.9    5.14s
  3   -74.00513885363       -2.32       -1.48    6.5    6.73s
  4   -74.00589454044       -3.12       -1.91    5.7    5.67s
  5   -74.00596193117       -4.17       -2.39    5.0    5.38s
  6   -74.00597299596       -4.96       -3.24    5.3    5.57s
  7   -74.00597298900   +   -8.16       -3.63    5.4    5.66s
  8   -74.00597301393       -7.60       -4.29    5.4    5.47s
  9   -74.00597301428       -9.46       -4.66    5.4    5.75s
 10   -74.00597301450       -9.66       -5.26    5.4    5.74s
 11   -74.00597301453      -10.64       -5.83    5.4    5.65s
 12   -74.00597301453      -11.70       -6.65    5.2    5.65s
 13   -74.00597301453      -13.55       -6.96    5.1    5.43s
 14   -74.00597301453   +  -13.85       -7.45    5.4    5.67s
     4    -7.400597e+01     4.666411e-08
 * time: 897.1036839485168
┌ Info: Threading setup: 
│   Threads.nthreads() = 1
│   n_DFTK = 1
│   n_fft = 1
└   n_blas = 1
┌ Info: 2025-05-15T15:51:07.769
│   name = "Si"
│   Ecut = 18.0
│   kgrid = MonkhorstPack([14, 14, 14])
│   p0 = ComponentVector{Float64}(a = 10.347246312603742)
│   temperature = 0.001
└   smearing = DFTK.Smearing.Gaussian()
┌ Info: 2025-05-15T15:54:24.553
│   name = "NaCl"
│   Ecut = 44.0
│   kgrid = MonkhorstPack([13, 13, 13])
│   p0 = ComponentVector{Float64}(a = 10.746130571470083)
│   temperature = 0
└   smearing = DFTK.Smearing.None()
┌ Info: 2025-05-15T16:14:28.472
│   name = "Al"
│   Ecut = 20.0
│   kgrid = MonkhorstPack([18, 18, 18])
│   p0 = ComponentVector{Float64}(a = 7.641925528121933)
│   temperature = 0.001
└   smearing = DFTK.Smearing.Gaussian()
┌ Info: 2025-05-15T16:18:31.357
│   name = "V"
│   Ecut = 42.0
│   kgrid = MonkhorstPack([20, 20, 20])
│   p0 = ComponentVector{Float64}(a = 5.699267600684394)
│   temperature = 0.001
└   smearing = DFTK.Smearing.Gaussian()
┌ Warning: Negative ρcore detected: -3.4151886922104144e-8
└ @ DFTK ~/.julia/packages/DFTK/n2IL4/src/terms/xc.jl:39
┌ Warning: Negative ρcore detected: Dual{ForwardDiff.Tag{var"#19#21"{@NamedTuple{ham::Hamiltonian, basis::PlaneWaveBasis{Float64, Float64, DFTK.CPU, FFTGrid{Float64, Float64, Array{StaticArraysCore.SVector{3, Int64}, 3}, Array{StaticArraysCore.SVector{3, Float64}, 3}}, Vector{StaticArraysCore.SVector{3, Int64}}}, energies::Energies{Float64}, converged::Bool, occupation_threshold::Float64, ρ::Array{Float64, 4}, τ::Nothing, α::Float64, eigenvalues::Vector{Vector{Float64}}, occupation::Vector{Vector{Float64}}, εF::Float64, n_bands_converge::Int64, n_iter::Int64, n_matvec::Int64, ψ::Vector{Matrix{ComplexF64}}, diagonalization::Vector{@NamedTuple{λ::Vector{Vector{Float64}}, X::Vector{Matrix{ComplexF64}}, residual_norms::Vector{Vector{Float64}}, n_iter::Vector{Int64}, converged::Bool, n_matvec::Int64}}, stage::Symbol, history_Δρ::Vector{Float64}, history_Etot::Vector{Float64}, timedout::Bool, runtime_ns::UInt64, algorithm::String}, Model{Float64, Float64}, Float64, MonkhorstPack, var"#case#4"{Matrix{Float64}, Float64, MonkhorstPack, Vector{StaticArraysCore.SVector{3, Float64}}, Vector{ElementPsp{PspUpf{Float64, Interpolations.Extrapolation{Float64, 1, Interpolations.GriddedInterpolation{Float64, 1, Vector{Float64}, Interpolations.Gridded{Interpolations.Linear{Interpolations.Throw{Interpolations.OnGrid}}}, Tuple{Vector{Float64}}}, Interpolations.Gridded{Interpolations.Linear{Interpolations.Throw{Interpolations.OnGrid}}}, Interpolations.Throw{Nothing}}}}}, Float64, Float64, String}}, Float64}}(-3.4151886922104144e-8,-1.2413273474001241e-8)
└ @ DFTK ~/.julia/packages/DFTK/n2IL4/src/terms/xc.jl:39
┌ Warning: Negative ρcore detected: -3.372543015868038e-8
└ @ DFTK ~/.julia/packages/DFTK/n2IL4/src/terms/xc.jl:39
┌ Warning: Negative ρcore detected: -3.372543015868038e-8
└ @ DFTK ~/.julia/packages/DFTK/n2IL4/src/terms/xc.jl:39
┌ Warning: Negative ρcore detected: Dual{ForwardDiff.Tag{var"#19#21"{@NamedTuple{ham::Hamiltonian, basis::PlaneWaveBasis{Float64, Float64, DFTK.CPU, FFTGrid{Float64, Float64, Array{StaticArraysCore.SVector{3, Int64}, 3}, Array{StaticArraysCore.SVector{3, Float64}, 3}}, Vector{StaticArraysCore.SVector{3, Int64}}}, energies::Energies{Float64}, converged::Bool, occupation_threshold::Float64, ρ::Array{Float64, 4}, τ::Nothing, α::Float64, eigenvalues::Vector{Vector{Float64}}, occupation::Vector{Vector{Float64}}, εF::Float64, n_bands_converge::Int64, n_iter::Int64, n_matvec::Int64, ψ::Vector{Matrix{ComplexF64}}, diagonalization::Vector{@NamedTuple{λ::Vector{Vector{Float64}}, X::Vector{Matrix{ComplexF64}}, residual_norms::Vector{Vector{Float64}}, n_iter::Vector{Int64}, converged::Bool, n_matvec::Int64}}, stage::Symbol, history_Δρ::Vector{Float64}, history_Etot::Vector{Float64}, timedout::Bool, runtime_ns::UInt64, algorithm::String}, Model{Float64, Float64}, Float64, MonkhorstPack, var"#case#4"{Matrix{Float64}, Float64, MonkhorstPack, Vector{StaticArraysCore.SVector{3, Float64}}, Vector{ElementPsp{PspUpf{Float64, Interpolations.Extrapolation{Float64, 1, Interpolations.GriddedInterpolation{Float64, 1, Vector{Float64}, Interpolations.Gridded{Interpolations.Linear{Interpolations.Throw{Interpolations.OnGrid}}}, Tuple{Vector{Float64}}}, Interpolations.Gridded{Interpolations.Linear{Interpolations.Throw{Interpolations.OnGrid}}}, Interpolations.Throw{Nothing}}}}}, Float64, Float64, String}}, Float64}}(-3.372543015868038e-8,-6.25075688350407e-8)
└ @ DFTK ~/.julia/packages/DFTK/n2IL4/src/terms/xc.jl:39
┌ Warning: Negative ρcore detected: -3.1864334130858346e-8
└ @ DFTK ~/.julia/packages/DFTK/n2IL4/src/terms/xc.jl:39
┌ Warning: Negative ρcore detected: -3.1864334130858346e-8
└ @ DFTK ~/.julia/packages/DFTK/n2IL4/src/terms/xc.jl:39
┌ Warning: Negative ρcore detected: Dual{ForwardDiff.Tag{var"#19#21"{@NamedTuple{ham::Hamiltonian, basis::PlaneWaveBasis{Float64, Float64, DFTK.CPU, FFTGrid{Float64, Float64, Array{StaticArraysCore.SVector{3, Int64}, 3}, Array{StaticArraysCore.SVector{3, Float64}, 3}}, Vector{StaticArraysCore.SVector{3, Int64}}}, energies::Energies{Float64}, converged::Bool, occupation_threshold::Float64, ρ::Array{Float64, 4}, τ::Nothing, α::Float64, eigenvalues::Vector{Vector{Float64}}, occupation::Vector{Vector{Float64}}, εF::Float64, n_bands_converge::Int64, n_iter::Int64, n_matvec::Int64, ψ::Vector{Matrix{ComplexF64}}, diagonalization::Vector{@NamedTuple{λ::Vector{Vector{Float64}}, X::Vector{Matrix{ComplexF64}}, residual_norms::Vector{Vector{Float64}}, n_iter::Vector{Int64}, converged::Bool, n_matvec::Int64}}, stage::Symbol, history_Δρ::Vector{Float64}, history_Etot::Vector{Float64}, timedout::Bool, runtime_ns::UInt64, algorithm::String}, Model{Float64, Float64}, Float64, MonkhorstPack, var"#case#4"{Matrix{Float64}, Float64, MonkhorstPack, Vector{StaticArraysCore.SVector{3, Float64}}, Vector{ElementPsp{PspUpf{Float64, Interpolations.Extrapolation{Float64, 1, Interpolations.GriddedInterpolation{Float64, 1, Vector{Float64}, Interpolations.Gridded{Interpolations.Linear{Interpolations.Throw{Interpolations.OnGrid}}}, Tuple{Vector{Float64}}}, Interpolations.Gridded{Interpolations.Linear{Interpolations.Throw{Interpolations.OnGrid}}}, Interpolations.Throw{Nothing}}}}}, Float64, Float64, String}}, Float64}}(-3.1864334130858346e-8,1.392188025288788e-7)
└ @ DFTK ~/.julia/packages/DFTK/n2IL4/src/terms/xc.jl:39
┌ Warning: Negative ρcore detected: -3.14160687902215e-8
└ @ DFTK ~/.julia/packages/DFTK/n2IL4/src/terms/xc.jl:39
┌ Warning: Negative ρcore detected: -3.14160687902215e-8
└ @ DFTK ~/.julia/packages/DFTK/n2IL4/src/terms/xc.jl:39
┌ Warning: Negative ρcore detected: Dual{ForwardDiff.Tag{var"#19#21"{@NamedTuple{ham::Hamiltonian, basis::PlaneWaveBasis{Float64, Float64, DFTK.CPU, FFTGrid{Float64, Float64, Array{StaticArraysCore.SVector{3, Int64}, 3}, Array{StaticArraysCore.SVector{3, Float64}, 3}}, Vector{StaticArraysCore.SVector{3, Int64}}}, energies::Energies{Float64}, converged::Bool, occupation_threshold::Float64, ρ::Array{Float64, 4}, τ::Nothing, α::Float64, eigenvalues::Vector{Vector{Float64}}, occupation::Vector{Vector{Float64}}, εF::Float64, n_bands_converge::Int64, n_iter::Int64, n_matvec::Int64, ψ::Vector{Matrix{ComplexF64}}, diagonalization::Vector{@NamedTuple{λ::Vector{Vector{Float64}}, X::Vector{Matrix{ComplexF64}}, residual_norms::Vector{Vector{Float64}}, n_iter::Vector{Int64}, converged::Bool, n_matvec::Int64}}, stage::Symbol, history_Δρ::Vector{Float64}, history_Etot::Vector{Float64}, timedout::Bool, runtime_ns::UInt64, algorithm::String}, Model{Float64, Float64}, Float64, MonkhorstPack, var"#case#4"{Matrix{Float64}, Float64, MonkhorstPack, Vector{StaticArraysCore.SVector{3, Float64}}, Vector{ElementPsp{PspUpf{Float64, Interpolations.Extrapolation{Float64, 1, Interpolations.GriddedInterpolation{Float64, 1, Vector{Float64}, Interpolations.Gridded{Interpolations.Linear{Interpolations.Throw{Interpolations.OnGrid}}}, Tuple{Vector{Float64}}}, Interpolations.Gridded{Interpolations.Linear{Interpolations.Throw{Interpolations.OnGrid}}}, Interpolations.Throw{Nothing}}}}}, Float64, Float64, String}}, Float64}}(-3.14160687902215e-8,1.5064723963101282e-7)
└ @ DFTK ~/.julia/packages/DFTK/n2IL4/src/terms/xc.jl:39
┌ Warning: Negative ρcore detected: -3.1434878616073166e-8
└ @ DFTK ~/.julia/packages/DFTK/n2IL4/src/terms/xc.jl:39
┌ Warning: Negative ρcore detected: -3.1434878616073166e-8
└ @ DFTK ~/.julia/packages/DFTK/n2IL4/src/terms/xc.jl:39
┌ Warning: Negative ρcore detected: Dual{ForwardDiff.Tag{var"#19#21"{@NamedTuple{ham::Hamiltonian, basis::PlaneWaveBasis{Float64, Float64, DFTK.CPU, FFTGrid{Float64, Float64, Array{StaticArraysCore.SVector{3, Int64}, 3}, Array{StaticArraysCore.SVector{3, Float64}, 3}}, Vector{StaticArraysCore.SVector{3, Int64}}}, energies::Energies{Float64}, converged::Bool, occupation_threshold::Float64, ρ::Array{Float64, 4}, τ::Nothing, α::Float64, eigenvalues::Vector{Vector{Float64}}, occupation::Vector{Vector{Float64}}, εF::Float64, n_bands_converge::Int64, n_iter::Int64, n_matvec::Int64, ψ::Vector{Matrix{ComplexF64}}, diagonalization::Vector{@NamedTuple{λ::Vector{Vector{Float64}}, X::Vector{Matrix{ComplexF64}}, residual_norms::Vector{Vector{Float64}}, n_iter::Vector{Int64}, converged::Bool, n_matvec::Int64}}, stage::Symbol, history_Δρ::Vector{Float64}, history_Etot::Vector{Float64}, timedout::Bool, runtime_ns::UInt64, algorithm::String}, Model{Float64, Float64}, Float64, MonkhorstPack, var"#case#4"{Matrix{Float64}, Float64, MonkhorstPack, Vector{StaticArraysCore.SVector{3, Float64}}, Vector{ElementPsp{PspUpf{Float64, Interpolations.Extrapolation{Float64, 1, Interpolations.GriddedInterpolation{Float64, 1, Vector{Float64}, Interpolations.Gridded{Interpolations.Linear{Interpolations.Throw{Interpolations.OnGrid}}}, Tuple{Vector{Float64}}}, Interpolations.Gridded{Interpolations.Linear{Interpolations.Throw{Interpolations.OnGrid}}}, Interpolations.Throw{Nothing}}}}}, Float64, Float64, String}}, Float64}}(-3.1434878616073166e-8,1.5019229082719053e-7)
└ @ DFTK ~/.julia/packages/DFTK/n2IL4/src/terms/xc.jl:39
 * Status: success

 * Candidate solution
    Final objective value:     -7.400597e+01

 * Found with
    Algorithm:     L-BFGS

 * Convergence measures
    |x - x'|               = 1.25e-04 ≰ -1.0e+00
    |x - x'|/|x'|          = 2.22e-05 ≰ 0.0e+00
    |f(x) - f(x')|         = 1.30e-09 ≤ 1.0e-08
    |f(x) - f(x')|/|f(x')| = 1.75e-11 ≰ 0.0e+00
    |g(x)|                 = 4.67e-08 ≤ 1.0e-06

 * Work counters
    Seconds run:   897  (vs limit Inf)
    Iterations:    4
    f(x) calls:    5
    ∇f(x) calls:   5

V: 1015.769442 seconds (714.72 M allocations: 342.228 GiB, 5.86% gc time, 0.01% compilation time)
