n     Energy            log10(ΔE)   log10(Δρ)   Diag   Δtime
---   ---------------   ---------   ---------   ----   ------
  1   -8.482441728760                   -0.98    7.0    10.5s
  2   -8.484916172526       -2.61       -1.74    2.1    4.82s
  3   -8.484975053004       -4.23       -2.75    3.6    1.60s
  4   -8.484976152529       -5.96       -3.77    3.4    1.89s
  5   -8.484976155335       -8.55       -4.49    3.3    1.45s
  6   -8.484976155393      -10.24       -5.53    2.8    1.59s
  7   -8.484976155396      -11.56       -6.18    3.9    1.66s
  8   -8.484976155396      -12.69       -7.10    3.4    1.85s
Iter     Function value   Gradient norm 
     0    -8.484976e+00     9.669503e-03
 * time: 8.106231689453125e-6
n     Energy            log10(ΔE)   log10(Δρ)   Diag   Δtime
---   ---------------   ---------   ---------   ----   ------
  1   -8.482491475391                   -0.98    7.2    2.16s
  2   -8.485003980828       -2.60       -1.74    2.3    1.44s
  3   -8.485065217704       -4.21       -2.74    3.5    1.85s
  4   -8.485066402256       -5.93       -3.76    3.6    1.60s
  5   -8.485066405077       -8.55       -4.46    3.4    1.75s
  6   -8.485066405151      -10.14       -5.54    2.8    1.32s
  7   -8.485066405154      -11.50       -6.12    3.9    1.94s
  8   -8.485066405154      -12.66       -7.12    3.5    1.48s
n     Energy            log10(ΔE)   log10(Δρ)   Diag   Δtime
---   ---------------   ---------   ---------   ----   ------
  1   -8.482481870391                   -0.98    7.3    2.47s
  2   -8.485005494771       -2.60       -1.74    2.4    1.15s
  3   -8.485065404691       -4.22       -2.74    3.6    1.84s
  4   -8.485066401631       -6.00       -3.78    3.6    1.61s
  5   -8.485066405097       -8.46       -4.49    3.3    1.83s
  6   -8.485066405152      -10.25       -5.50    2.8    1.31s
  7   -8.485066405154      -11.80       -6.39    3.6    1.88s
  8   -8.485066405154      -13.15       -7.14    3.7    1.56s
     1    -8.485066e+00     8.996331e-03
 * time: 40.357025146484375
n     Energy            log10(ΔE)   log10(Δρ)   Diag   Δtime
---   ---------------   ---------   ---------   ----   ------
  1   -8.482613487168                   -0.96    7.3    2.40s
  2   -8.485554754466       -2.53       -1.74    2.3    1.12s
  3   -8.485619157349       -4.19       -2.70    3.7    1.82s
  4   -8.485620121412       -6.02       -3.82    3.5    1.80s
  5   -8.485620124549       -8.50       -4.60    3.5    1.48s
  6   -8.485620124613      -10.19       -5.60    2.9    1.65s
  7   -8.485620124616      -11.48       -6.17    4.3    1.73s
  8   -8.485620124617      -12.42       -7.37    3.8    1.85s
n     Energy            log10(ΔE)   log10(Δρ)   Diag   Δtime
---   ---------------   ---------   ---------   ----   ------
  1   -8.482597061338                   -0.96    7.3    2.48s
  2   -8.485550923587       -2.53       -1.74    2.1    1.40s
  3   -8.485619012988       -4.17       -2.70    3.7    1.52s
  4   -8.485620121515       -5.96       -3.81    3.5    1.83s
  5   -8.485620124557       -8.52       -4.60    3.5    1.45s
  6   -8.485620124615      -10.24       -5.63    3.0    1.70s
  7   -8.485620124617      -11.74       -6.28    3.9    1.63s
  8   -8.485620124617      -12.64       -7.31    3.7    1.88s
     2    -8.485620e+00     6.226867e-04
 * time: 79.29513192176819
n     Energy            log10(ΔE)   log10(Δρ)   Diag   Δtime
---   ---------------   ---------   ---------   ----   ------
  1   -8.482664394230                   -0.97    7.2    2.42s
  2   -8.485560372089       -2.54       -1.74    2.3    1.11s
  3   -8.485621560992       -4.21       -2.70    3.7    1.76s
  4   -8.485622570038       -6.00       -3.79    3.6    1.56s
  5   -8.485622574582       -8.34       -4.54    3.4    1.79s
  6   -8.485622574651      -10.16       -5.56    3.0    1.32s
  7   -8.485622574655      -11.40       -6.13    4.2    1.99s
  8   -8.485622574655      -12.50       -7.39    3.7    1.54s
n     Energy            log10(ΔE)   log10(Δρ)   Diag   Δtime
---   ---------------   ---------   ---------   ----   ------
  1   -8.482662338644                   -0.97    7.3    2.54s
  2   -8.485559911681       -2.54       -1.74    2.3    1.14s
  3   -8.485621398095       -4.21       -2.70    3.6    1.81s
  4   -8.485622570441       -5.93       -3.78    3.6    1.58s
  5   -8.485622574600       -8.38       -4.52    3.5    1.78s
  6   -8.485622574653      -10.28       -5.57    2.8    1.30s
  7   -8.485622574655      -11.67       -6.26    4.0    1.93s
  8   -8.485622574655      -12.80       -7.28    3.6    1.51s
     3    -8.485623e+00     3.608701e-05
 * time: 118.46882605552673
n     Energy            log10(ΔE)   log10(Δρ)   Diag   Δtime
---   ---------------   ---------   ---------   ----   ------
  1   -8.482660344548                   -0.97    7.1    2.45s
  2   -8.485559290091       -2.54       -1.74    2.2    1.12s
  3   -8.485621401687       -4.21       -2.70    3.6    1.75s
  4   -8.485622577542       -5.93       -3.78    3.5    1.82s
  5   -8.485622582889       -8.27       -4.51    3.2    1.41s
  6   -8.485622582951      -10.21       -5.56    2.9    1.60s
  7   -8.485622582953      -11.59       -6.24    4.0    1.64s
  8   -8.485622582953      -12.86       -7.29    3.4    1.72s
n     Energy            log10(ΔE)   log10(Δρ)   Diag   Δtime
---   ---------------   ---------   ---------   ----   ------
  1   -8.482664117733                   -0.97    7.1    2.53s
  2   -8.485559905439       -2.54       -1.74    2.1    1.12s
  3   -8.485621227537       -4.21       -2.70    3.6    1.81s
  4   -8.485622579300       -5.87       -3.75    3.6    1.85s
  5   -8.485622582882       -8.45       -4.48    3.3    1.40s
  6   -8.485622582950      -10.17       -5.53    2.9    1.63s
  7   -8.485622582953      -11.48       -6.10    4.0    1.67s
  8   -8.485622582953      -12.45       -7.09    3.5    1.75s
     4    -8.485623e+00     1.447378e-07
 * time: 156.92030000686646
 * Status: success

 * Candidate solution
    Final objective value:     -8.485623e+00

 * Found with
    Algorithm:     L-BFGS

 * Convergence measures
    |x - x'|               = 4.58e-04 ≰ -1.0e+00
    |x - x'|/|x'|          = 4.49e-05 ≰ 0.0e+00
    |f(x) - f(x')|         = 8.30e-09 ≤ 1.0e-08
    |f(x) - f(x')|/|f(x')| = 9.78e-10 ≰ 0.0e+00
    |g(x)|                 = 1.45e-07 ≤ 1.0e-06

 * Work counters
    Seconds run:   157  (vs limit Inf)
    Iterations:    4
    f(x) calls:    5
    ∇f(x) calls:   5

Si: 226.061206 seconds (363.52 M allocations: 70.148 GiB, 8.43% gc time, 21.23% compilation time: <1% of which was recompilation)
n     Energy            log10(ΔE)   log10(Δρ)   Diag   Δtime
---   ---------------   ---------   ---------   ----   ------
  1   -62.09065471071                   -1.21    8.5    19.1s
  2   -62.09292334395       -2.64       -1.28    2.7    8.25s
  3   -62.09611700039       -2.50       -2.20    3.9    9.89s
  4   -62.09611529025   +   -5.77       -2.54    4.1    10.6s
  5   -62.09612477484       -5.02       -3.58    2.9    7.74s
  6   -62.09612479639       -7.67       -4.62    4.0    10.2s
  7   -62.09612479653       -9.86       -5.61    4.2    11.2s
  8   -62.09612479653      -11.61       -7.10    4.1    10.7s
Iter     Function value   Gradient norm 
     0    -6.209612e+01     1.576493e-02
 * time: 5.0067901611328125e-6
n     Energy            log10(ΔE)   log10(Δρ)   Diag   Δtime
---   ---------------   ---------   ---------   ----   ------
  1   -62.09093992049                   -1.21    8.4    17.1s
  2   -62.09321450136       -2.64       -1.28    2.6    7.61s
  3   -62.09636420367       -2.50       -2.20    4.0    10.1s
  4   -62.09636257507   +   -5.79       -2.55    4.1    10.8s
  5   -62.09637173333       -5.04       -3.60    2.8    7.79s
  6   -62.09637175350       -7.70       -4.64    4.1    10.6s
  7   -62.09637175361       -9.94       -5.58    4.2    11.0s
  8   -62.09637175362      -11.58       -7.08    4.1    11.1s
n     Energy            log10(ΔE)   log10(Δρ)   Diag   Δtime
---   ---------------   ---------   ---------   ----   ------
  1   -62.09093969414                   -1.21    8.4    16.9s
  2   -62.09320958878       -2.64       -1.28    2.6    7.59s
  3   -62.09636418325       -2.50       -2.20    3.9    9.88s
  4   -62.09636254374   +   -5.79       -2.54    4.1    10.6s
  5   -62.09637173277       -5.04       -3.59    2.8    7.48s
  6   -62.09637175349       -7.68       -4.64    4.1    10.3s
  7   -62.09637175362       -9.90       -5.67    4.2    11.2s
  8   -62.09637175362      -11.67       -7.00    4.1    10.6s
     1    -6.209637e+01     1.556445e-02
 * time: 200.3040099143982
n     Energy            log10(ΔE)   log10(Δρ)   Diag   Δtime
---   ---------------   ---------   ---------   ----   ------
  1   -62.09348104165                   -1.21    8.9    14.8s
  2   -62.09630661217       -2.55       -1.33    3.1    7.12s
  3   -62.09814854631       -2.73       -2.23    4.2    8.79s
  4   -62.09815423840       -5.24       -2.83    4.0    8.74s
  5   -62.09815613769       -5.72       -3.72    3.5    7.77s
  6   -62.09815614346       -8.24       -4.61    4.1    9.03s
  7   -62.09815614360       -9.86       -5.70    4.1    9.01s
  8   -62.09815614360      -12.03       -6.88    4.0    9.04s
  9   -62.09815614360   +  -13.67       -8.57    4.0    9.13s
n     Energy            log10(ΔE)   log10(Δρ)   Diag   Δtime
---   ---------------   ---------   ---------   ----   ------
  1   -62.09348228776                   -1.21    8.8    14.5s
  2   -62.09630695759       -2.55       -1.33    3.0    7.51s
  3   -62.09814862581       -2.73       -2.23    4.2    9.07s
  4   -62.09815425824       -5.25       -2.83    4.0    8.88s
  5   -62.09815613784       -5.73       -3.73    3.5    7.70s
  6   -62.09815614347       -8.25       -4.63    4.1    9.05s
  7   -62.09815614360       -9.89       -5.76    4.0    9.13s
  8   -62.09815614360      -12.23       -6.91    4.0    9.20s
  9   -62.09815614360      -13.55       -8.54    4.1    9.23s
     2    -6.209816e+01     2.118109e-02
 * time: 393.66881680488586
n     Energy            log10(ΔE)   log10(Δρ)   Diag   Δtime
---   ---------------   ---------   ---------   ----   ------
  1   -62.09756461771                   -1.22    8.8    15.9s
  2   -62.09993131466       -2.63       -1.32    2.8    7.08s
  3   -62.10222533260       -2.64       -2.24    4.0    9.09s
  4   -62.10222564267       -6.51       -2.64    4.2    9.57s
  5   -62.10223110288       -5.26       -3.66    3.2    7.41s
  6   -62.10223111407       -7.95       -4.66    4.2    9.68s
  7   -62.10223111417       -9.97       -5.80    4.2    10.0s
  8   -62.10223111418      -12.12       -7.02    4.3    10.0s
n     Energy            log10(ΔE)   log10(Δρ)   Diag   Δtime
---   ---------------   ---------   ---------   ----   ------
  1   -62.09756474913                   -1.22    8.9    16.1s
  2   -62.09993476186       -2.63       -1.32    2.9    7.40s
  3   -62.10222522513       -2.64       -2.24    4.2    9.26s
  4   -62.10222559757       -6.43       -2.64    4.2    9.49s
  5   -62.10223110268       -5.26       -3.66    3.2    7.36s
  6   -62.10223111406       -7.94       -4.64    4.2    9.62s
  7   -62.10223111417       -9.94       -5.88    4.1    9.67s
  8   -62.10223111418      -12.26       -7.13    4.3    9.81s
     3    -6.210223e+01     6.038524e-03
 * time: 580.7505829334259
n     Energy            log10(ΔE)   log10(Δρ)   Diag   Δtime
---   ---------------   ---------   ---------   ----   ------
  1   -62.09828600503                   -1.22    8.5    14.9s
  2   -62.10071121117       -2.62       -1.32    2.9    6.98s
  3   -62.10284462751       -2.67       -2.25    4.1    8.96s
  4   -62.10284583348       -5.92       -2.68    4.1    9.23s
  5   -62.10285033826       -5.35       -3.69    3.4    7.58s
  6   -62.10285034721       -8.05       -4.70    4.1    9.33s
  7   -62.10285034729      -10.09       -5.92    4.2    9.61s
  8   -62.10285034729      -12.45       -7.33    4.2    9.69s
n     Energy            log10(ΔE)   log10(Δρ)   Diag   Δtime
---   ---------------   ---------   ---------   ----   ------
  1   -62.09828457692                   -1.22    8.6    15.2s
  2   -62.10071117310       -2.62       -1.32    2.8    7.24s
  3   -62.10284455546       -2.67       -2.25    4.1    9.14s
  4   -62.10284581809       -5.90       -2.68    4.2    9.57s
  5   -62.10285033758       -5.34       -3.68    3.2    7.36s
  6   -62.10285034719       -8.02       -4.67    4.1    9.42s
  7   -62.10285034729      -10.00       -5.90    4.1    9.47s
  8   -62.10285034729      -12.42       -7.12    4.2    9.74s
     4    -6.210285e+01     1.741618e-03
 * time: 760.3980278968811
n     Energy            log10(ΔE)   log10(Δρ)   Diag   Δtime
---   ---------------   ---------   ---------   ----   ------
  1   -62.09835643923                   -1.22    8.4    14.7s
  2   -62.10081157573       -2.61       -1.32    2.9    7.11s
  3   -62.10289295674       -2.68       -2.25    3.9    8.81s
  4   -62.10289458556       -5.79       -2.69    4.2    9.37s
  5   -62.10289880158       -5.38       -3.68    3.4    7.41s
  6   -62.10289881048       -8.05       -4.66    4.0    9.01s
  7   -62.10289881058       -9.98       -5.91    4.0    9.13s
  8   -62.10289881058      -12.38       -7.05    4.2    9.68s
n     Energy            log10(ΔE)   log10(Δρ)   Diag   Δtime
---   ---------------   ---------   ---------   ----   ------
  1   -62.09835421636                   -1.22    8.3    14.8s
  2   -62.10081376738       -2.61       -1.32    2.9    7.09s
  3   -62.10289290686       -2.68       -2.25    4.0    9.08s
  4   -62.10289455841       -5.78       -2.69    4.1    9.21s
  5   -62.10289880145       -5.37       -3.68    3.3    7.52s
  6   -62.10289881048       -8.04       -4.65    4.1    9.19s
  7   -62.10289881058       -9.98       -5.94    4.0    9.19s
  8   -62.10289881058      -12.46       -7.27    4.2    9.57s
     5    -6.210290e+01     2.381197e-04
 * time: 938.3076229095459
n     Energy            log10(ΔE)   log10(Δρ)   Diag   Δtime
---   ---------------   ---------   ---------   ----   ------
  1   -62.09836210265                   -1.22    8.8    15.6s
  2   -62.10079996100       -2.61       -1.32    3.0    7.26s
  3   -62.10289396212       -2.68       -2.25    4.2    9.11s
  4   -62.10289555240       -5.80       -2.70    4.2    9.31s
  5   -62.10289967929       -5.38       -3.70    3.4    7.42s
  6   -62.10289968785       -8.07       -4.74    4.2    9.31s
  7   -62.10289968793      -10.11       -5.72    4.3    9.56s
  8   -62.10289968793      -12.11       -7.00    4.2    9.34s
n     Energy            log10(ΔE)   log10(Δρ)   Diag   Δtime
---   ---------------   ---------   ---------   ----   ------
  1   -62.09836425305                   -1.22    8.9    15.8s
  2   -62.10080880910       -2.61       -1.32    2.9    7.13s
  3   -62.10289388514       -2.68       -2.25    4.2    9.26s
  4   -62.10289546718       -5.80       -2.69    4.2    9.43s
  5   -62.10289967905       -5.38       -3.68    3.5    7.64s
  6   -62.10289968783       -8.06       -4.66    4.1    9.26s
  7   -62.10289968793       -9.99       -5.86    4.2    9.48s
  8   -62.10289968793      -12.45       -7.03    4.3    9.72s
     6    -6.210290e+01     7.767948e-06
 * time: 1121.2667689323425
n     Energy            log10(ΔE)   log10(Δρ)   Diag   Δtime
---   ---------------   ---------   ---------   ----   ------
  1   -62.09835584594                   -1.22    8.4    14.8s
  2   -62.10080215231       -2.61       -1.32    2.9    7.10s
  3   -62.10289384560       -2.68       -2.25    4.0    8.83s
  4   -62.10289552662       -5.77       -2.69    4.2    9.19s
  5   -62.10289967966       -5.38       -3.68    3.3    7.20s
  6   -62.10289968877       -8.04       -4.68    4.0    8.85s
  7   -62.10289968888       -9.98       -5.79    4.2    9.34s
  8   -62.10289968888      -12.21       -6.92    4.2    9.24s
  9   -62.10289968888   +    -Inf       -8.36    4.2    9.38s
n     Energy            log10(ΔE)   log10(Δρ)   Diag   Δtime
---   ---------------   ---------   ---------   ----   ------
  1   -62.09835462301                   -1.22    8.5    14.6s
  2   -62.10080801774       -2.61       -1.32    2.8    6.92s
  3   -62.10289385412       -2.68       -2.25    4.1    8.94s
  4   -62.10289550364       -5.78       -2.69    4.2    9.21s
  5   -62.10289967971       -5.38       -3.68    3.3    7.19s
  6   -62.10289968878       -8.04       -4.66    4.1    9.00s
  7   -62.10289968888      -10.00       -5.91    4.0    8.89s
  8   -62.10289968888      -12.38       -6.98    4.2    9.17s
  9   -62.10289968888      -13.15       -8.40    4.1    9.02s
     7    -6.210290e+01     5.938908e-08
 * time: 1315.5081479549408
 * Status: success

 * Candidate solution
    Final objective value:     -6.210290e+01

 * Found with
    Algorithm:     L-BFGS

 * Convergence measures
    |x - x'|               = 2.41e-04 ≰ -1.0e+00
    |x - x'|/|x'|          = 2.41e-05 ≰ 0.0e+00
    |f(x) - f(x')|         = 9.47e-10 ≤ 1.0e-08
    |f(x) - f(x')|/|f(x')| = 1.52e-11 ≰ 0.0e+00
    |g(x)|                 = 5.94e-08 ≤ 1.0e-06

 * Work counters
    Seconds run:   1316  (vs limit Inf)
    Iterations:    7
    f(x) calls:    8
    ∇f(x) calls:   8

NaCl: 1428.512744 seconds (1.37 G allocations: 388.315 GiB, 5.11% gc time, 0.24% compilation time)
n     Energy            log10(ΔE)   log10(Δρ)   Diag   Δtime
---   ---------------   ---------   ---------   ----   ------
  1   -2.326382120438                   -1.51    5.5    1.70s
  2   -2.326560911797       -3.75       -1.91    1.3    724ms
  3   -2.326598748851       -4.42       -3.02    3.7    1.59s
  4   -2.326599264635       -6.29       -3.52    3.7    1.37s
  5   -2.326599293208       -7.54       -3.94    2.3    1.22s
  6   -2.326599299492       -8.20       -4.78    3.0    1.08s
  7   -2.326599299607       -9.94       -5.14    3.0    1.42s
  8   -2.326599299627      -10.70       -6.02    2.2    900ms
  9   -2.326599299628      -12.47       -6.27    3.1    1.19s
 10   -2.326599299628      -12.91       -7.00    2.4    1.26s
 11   -2.326599299628      -14.35       -8.26    2.6    1.02s
Iter     Function value   Gradient norm 
     0    -2.326599e+00     2.432144e-03
 * time: 4.0531158447265625e-6
n     Energy            log10(ΔE)   log10(Δρ)   Diag   Δtime
---   ---------------   ---------   ---------   ----   ------
  1   -2.326388215745                   -1.51    5.6    1.96s
  2   -2.326566947008       -3.75       -1.91    1.4    738ms
  3   -2.326604543728       -4.42       -3.03    3.5    1.53s
  4   -2.326605039153       -6.31       -3.51    3.7    1.29s
  5   -2.326605069142       -7.52       -3.94    2.4    1.21s
  6   -2.326605075662       -8.19       -4.78    3.1    1.13s
  7   -2.326605075777       -9.94       -5.17    3.1    1.39s
  8   -2.326605075796      -10.71       -6.13    2.3    940ms
  9   -2.326605075797      -12.51       -6.51    3.4    1.53s
 10   -2.326605075797      -13.30       -7.21    2.6    1.03s
n     Energy            log10(ΔE)   log10(Δρ)   Diag   Δtime
---   ---------------   ---------   ---------   ----   ------
  1   -2.326391301481                   -1.51    5.7    2.02s
  2   -2.326567755055       -3.75       -1.91    1.4    1.03s
  3   -2.326604554020       -4.43       -3.03    3.5    1.25s
  4   -2.326605040250       -6.31       -3.52    3.7    1.35s
  5   -2.326605069394       -7.54       -3.95    2.4    1.21s
  6   -2.326605075671       -8.20       -4.81    3.1    1.12s
  7   -2.326605075779       -9.97       -5.18    3.1    1.43s
  8   -2.326605075796      -10.75       -6.14    2.3    958ms
  9   -2.326605075797      -12.51       -6.46    3.3    1.55s
 10   -2.326605075797      -13.22       -7.22    2.5    985ms
     1    -2.326605e+00     2.317771e-03
 * time: 54.53980493545532
n     Energy            log10(ΔE)   log10(Δρ)   Diag   Δtime
---   ---------------   ---------   ---------   ----   ------
  1   -2.326442271513                   -1.51    5.4    1.91s
  2   -2.326624076839       -3.74       -1.91    1.3    958ms
  3   -2.326662931514       -4.41       -3.05    3.6    1.24s
  4   -2.326663343772       -6.38       -3.46    3.6    1.31s
  5   -2.326663379162       -7.45       -3.85    2.1    1.09s
  6   -2.326663388972       -8.01       -4.90    2.8    1.02s
  7   -2.326663389192       -9.66       -5.41    3.8    1.58s
  8   -2.326663389199      -11.13       -5.91    2.8    1.03s
  9   -2.326663389200      -12.26       -6.54    2.7    1.29s
 10   -2.326663389200      -13.28       -7.32    3.0    1.12s
n     Energy            log10(ΔE)   log10(Δρ)   Diag   Δtime
---   ---------------   ---------   ---------   ----   ------
  1   -2.326442108865                   -1.51    5.4    1.94s
  2   -2.326624748405       -3.74       -1.91    1.3    998ms
  3   -2.326662908299       -4.42       -3.05    3.7    1.28s
  4   -2.326663343804       -6.36       -3.46    3.6    1.60s
  5   -2.326663378470       -7.46       -3.83    2.2    899ms
  6   -2.326663388947       -7.98       -4.89    2.9    1.33s
  7   -2.326663389193       -9.61       -5.40    3.8    1.33s
  8   -2.326663389199      -11.21       -5.93    2.7    1.02s
  9   -2.326663389200      -12.25       -6.56    2.8    1.36s
 10   -2.326663389200      -13.27       -7.42    3.2    1.16s
     2    -2.326663e+00     7.043152e-05
 * time: 108.77136707305908
n     Energy            log10(ΔE)   log10(Δρ)   Diag   Δtime
---   ---------------   ---------   ---------   ----   ------
  1   -2.326444089799                   -1.51    5.6    1.67s
  2   -2.326624692713       -3.74       -1.91    1.3    954ms
  3   -2.326662967036       -4.42       -3.05    3.6    1.24s
  4   -2.326663399792       -6.36       -3.46    3.7    1.57s
  5   -2.326663435431       -7.45       -3.85    2.1    867ms
  6   -2.326663444979       -8.02       -4.90    3.0    1.36s
  7   -2.326663445189       -9.68       -5.45    3.7    1.29s
  8   -2.326663445197      -11.11       -5.92    3.0    1.08s
  9   -2.326663445197      -12.25       -6.57    2.7    1.31s
 10   -2.326663445197      -13.37       -7.36    3.1    1.13s
n     Energy            log10(ΔE)   log10(Δρ)   Diag   Δtime
---   ---------------   ---------   ---------   ----   ------
  1   -2.326442643648                   -1.51    5.6    1.96s
  2   -2.326624291080       -3.74       -1.91    1.3    681ms
  3   -2.326662964681       -4.41       -3.05    3.7    1.28s
  4   -2.326663399606       -6.36       -3.46    3.6    1.48s
  5   -2.326663435534       -7.44       -3.86    2.0    872ms
  6   -2.326663444973       -8.03       -4.90    3.0    1.38s
  7   -2.326663445189       -9.67       -5.44    3.7    1.31s
  8   -2.326663445197      -11.14       -5.91    2.9    1.37s
  9   -2.326663445197      -12.26       -6.57    2.6    1.03s
 10   -2.326663445197      -13.36       -7.36    3.1    1.47s
     3    -2.326663e+00     2.100874e-06
 * time: 163.46587800979614
n     Energy            log10(ΔE)   log10(Δρ)   Diag   Δtime
---   ---------------   ---------   ---------   ----   ------
  1   -2.326442043105                   -1.51    5.5    1.96s
  2   -2.326624749708       -3.74       -1.91    1.3    719ms
  3   -2.326662932828       -4.42       -3.05    3.7    1.56s
  4   -2.326663399471       -6.33       -3.46    3.6    1.29s
  5   -2.326663434716       -7.45       -3.83    2.2    1.18s
  6   -2.326663444991       -7.99       -4.88    2.9    1.07s
  7   -2.326663445243       -9.60       -5.47    3.8    1.67s
  8   -2.326663445246      -11.43       -5.94    2.6    1.02s
  9   -2.326663445247      -12.28       -6.58    2.8    1.08s
 10   -2.326663445247      -13.30       -7.45    3.4    1.50s
n     Energy            log10(ΔE)   log10(Δρ)   Diag   Δtime
---   ---------------   ---------   ---------   ----   ------
  1   -2.326442677549                   -1.51    5.5    2.00s
  2   -2.326624740655       -3.74       -1.91    1.3    715ms
  3   -2.326662962606       -4.42       -3.05    3.6    1.57s
  4   -2.326663400493       -6.36       -3.46    3.7    1.37s
  5   -2.326663435228       -7.46       -3.85    2.1    1.20s
  6   -2.326663445024       -8.01       -4.90    2.9    1.11s
  7   -2.326663445239       -9.67       -5.44    3.7    1.65s
  8   -2.326663445246      -11.12       -5.92    2.9    1.09s
  9   -2.326663445247      -12.24       -6.55    2.8    1.09s
 10   -2.326663445247      -13.34       -7.32    3.1    1.50s
     4    -2.326663e+00     1.737675e-09
 * time: 218.6777639389038
 * Status: success

 * Candidate solution
    Final objective value:     -2.326663e+00

 * Found with
    Algorithm:     L-BFGS

 * Convergence measures
    |x - x'|               = 4.75e-05 ≰ -1.0e+00
    |x - x'|/|x'|          = 6.17e-06 ≰ 0.0e+00
    |f(x) - f(x')|         = 4.98e-11 ≤ 1.0e-08
    |f(x) - f(x')|/|f(x')| = 2.14e-11 ≰ 0.0e+00
    |g(x)|                 = 1.74e-09 ≤ 1.0e-06

 * Work counters
    Seconds run:   219  (vs limit Inf)
    Iterations:    4
    f(x) calls:    5
    ∇f(x) calls:   5

Al: 251.725890 seconds (220.96 M allocations: 53.217 GiB, 6.77% gc time, 0.00% compilation time)
n     Energy            log10(ΔE)   log10(Δρ)   Diag   Δtime
---   ---------------   ---------   ---------   ----   ------
  1   -73.80660428433                   -0.79    9.7    9.34s
  2   -73.82304406077       -1.78       -0.99    5.2    5.30s
  3   -73.83170940458       -2.06       -1.30    6.6    6.72s
  4   -73.83342754628       -2.76       -1.66    5.8    5.78s
  5   -73.83371586802       -3.54       -2.55    5.5    5.50s
  6   -73.83371753365       -5.78       -3.15    5.6    6.12s
  7   -73.83371760968       -7.12       -3.62    4.8    5.20s
  8   -73.83371761032       -9.19       -4.00    4.6    4.86s
  9   -73.83371761155       -8.91       -4.58    5.4    5.45s
 10   -73.83371761179       -9.62       -4.79    4.4    4.97s
 11   -73.83371761199       -9.70       -5.74    5.1    5.36s
 12   -73.83371761199   +  -12.05       -6.15    5.5    6.07s
 13   -73.83371761199      -12.17       -6.82    5.1    5.57s
 14   -73.83371761199   +  -13.25       -7.07    5.1    5.75s
Iter     Function value   Gradient norm 
     0    -7.383372e+01     3.972158e-02
 * time: 4.0531158447265625e-6
n     Energy            log10(ΔE)   log10(Δρ)   Diag   Δtime
---   ---------------   ---------   ---------   ----   ------
  1   -73.80911692847                   -0.79    9.7    9.07s
  2   -73.82492912971       -1.80       -0.99    5.0    5.22s
  3   -73.83325398649       -2.08       -1.31    6.6    6.79s
  4   -73.83493471004       -2.77       -1.68    5.8    5.72s
  5   -73.83518715942       -3.60       -2.58    5.2    5.51s
  6   -73.83518857168       -5.85       -3.17    5.5    5.98s
  7   -73.83518864874       -7.11       -3.65    5.0    5.41s
  8   -73.83518864882      -10.10       -4.03    4.4    4.91s
  9   -73.83518865063       -8.74       -4.55    5.4    5.52s
 10   -73.83518865094       -9.51       -4.85    4.5    5.01s
 11   -73.83518865109       -9.82       -5.94    5.3    5.43s
 12   -73.83518865109      -12.64       -6.34    5.3    5.91s
 13   -73.83518865109   +    -Inf       -6.87    4.5    5.09s
 14   -73.83518865109   +  -12.50       -7.48    5.2    5.74s
n     Energy            log10(ΔE)   log10(Δρ)   Diag   Δtime
---   ---------------   ---------   ---------   ----   ------
  1   -73.80911888356                   -0.79    9.8    9.54s
  2   -73.82492727624       -1.80       -0.99    5.0    5.29s
  3   -73.83325351241       -2.08       -1.31    6.6    6.79s
  4   -73.83493554143       -2.77       -1.68    5.8    5.76s
  5   -73.83518724110       -3.60       -2.59    5.4    5.53s
  6   -73.83518856725       -5.88       -3.17    5.5    5.98s
  7   -73.83518864884       -7.09       -3.65    5.0    5.40s
  8   -73.83518864890      -10.22       -4.03    4.5    4.85s
  9   -73.83518865061       -8.77       -4.54    5.3    5.44s
 10   -73.83518865093       -9.49       -4.84    4.6    5.07s
 11   -73.83518865109       -9.79       -5.94    5.2    5.40s
 12   -73.83518865109      -12.57       -6.34    5.3    5.86s
 13   -73.83518865109   +  -13.25       -6.87    4.5    5.06s
 14   -73.83518865109   +  -12.62       -7.50    5.2    5.77s
     1    -7.383519e+01     3.429097e-02
 * time: 224.72600197792053
n     Energy            log10(ΔE)   log10(Δρ)   Diag   Δtime
---   ---------------   ---------   ---------   ----   ------
  1   -73.81751053368                   -0.81    9.7    11.5s
  2   -73.83073182019       -1.88       -1.02    4.8    6.43s
  3   -73.83760361772       -2.16       -1.38    6.4    8.16s
  4   -73.83866971893       -2.97       -1.82    5.5    6.58s
  5   -73.83879942226       -3.89       -2.75    5.2    6.59s
  6   -73.83879975880       -6.47       -3.34    5.3    7.10s
  7   -73.83879977482       -7.80       -4.02    4.8    6.50s
  8   -73.83879977523       -9.39       -4.42    4.8    6.55s
  9   -73.83879977536       -9.87       -5.06    4.2    5.78s
 10   -73.83879977543      -10.15       -5.78    4.9    6.86s
 11   -73.83879977543      -11.72       -6.23    5.0    6.82s
 12   -73.83879977543      -12.70       -6.93    4.7    6.49s
 13   -73.83879977543   +  -13.25       -7.70    5.6    7.44s
n     Energy            log10(ΔE)   log10(Δρ)   Diag   Δtime
---   ---------------   ---------   ---------   ----   ------
  1   -73.81750625932                   -0.81    9.7    11.8s
  2   -73.83073715328       -1.88       -1.02    4.8    6.66s
  3   -73.83760299170       -2.16       -1.38    6.4    8.38s
  4   -73.83866953537       -2.97       -1.82    5.4    6.88s
  5   -73.83879945541       -3.89       -2.76    5.1    6.73s
  6   -73.83879976126       -6.51       -3.35    5.4    7.25s
  7   -73.83879977482       -7.87       -4.02    4.6    6.34s
  8   -73.83879977524       -9.38       -4.42    4.8    6.40s
  9   -73.83879977536       -9.93       -5.06    4.1    5.66s
 10   -73.83879977543      -10.14       -5.82    4.9    6.97s
 11   -73.83879977543      -11.83       -6.24    5.0    6.90s
 12   -73.83879977543      -12.73       -6.93    4.8    6.48s
 13   -73.83879977543      -13.55       -7.73    5.6    7.54s
     2    -7.383880e+01     8.041990e-03
 * time: 470.2703449726105
n     Energy            log10(ΔE)   log10(Δρ)   Diag   Δtime
---   ---------------   ---------   ---------   ----   ------
  1   -73.81692525534                   -0.81    9.7    11.2s
  2   -73.83038900673       -1.87       -1.01    4.9    6.69s
  3   -73.83759221156       -2.14       -1.36    6.5    8.13s
  4   -73.83882691465       -2.91       -1.80    5.6    6.78s
  5   -73.83895865227       -3.88       -2.71    5.0    6.47s
  6   -73.83895991127       -5.90       -3.32    5.2    6.81s
  7   -73.83895989089   +   -7.69       -3.63    5.3    6.76s
  8   -73.83895992201       -7.51       -4.47    5.0    6.53s
  9   -73.83895992201   +  -11.61       -5.08    5.4    6.99s
 10   -73.83895992207      -10.22       -5.86    5.2    6.91s
 11   -73.83895992207      -12.50       -6.51    4.9    6.71s
 12   -73.83895992207   +  -13.15       -7.07    4.7    6.59s
n     Energy            log10(ΔE)   log10(Δρ)   Diag   Δtime
---   ---------------   ---------   ---------   ----   ------
  1   -73.81690852069                   -0.81    9.6    11.2s
  2   -73.83039533282       -1.87       -1.01    4.8    6.88s
  3   -73.83759168249       -2.14       -1.36    6.4    8.25s
  4   -73.83882717663       -2.91       -1.80    5.6    7.04s
  5   -73.83895867527       -3.88       -2.72    5.0    6.70s
  6   -73.83895991104       -5.91       -3.32    5.1    7.05s
  7   -73.83895989064   +   -7.69       -3.63    5.2    6.95s
  8   -73.83895992201       -7.50       -4.47    4.9    6.47s
  9   -73.83895992201   +  -11.60       -5.08    5.4    6.92s
 10   -73.83895992207      -10.23       -5.88    5.2    6.79s
 11   -73.83895992207      -12.55       -6.51    4.9    6.79s
 12   -73.83895992207      -13.00       -7.09    4.7    6.49s
     3    -7.383896e+01     1.218453e-03
 * time: 703.4575219154358
n     Energy            log10(ΔE)   log10(Δρ)   Diag   Δtime
---   ---------------   ---------   ---------   ----   ------
  1   -73.81706077001                   -0.81    9.4    11.0s
  2   -73.83045694999       -1.87       -1.01    4.8    6.67s
  3   -73.83761844000       -2.14       -1.36    6.4    8.28s
  4   -73.83883209474       -2.92       -1.80    5.5    6.83s
  5   -73.83896276295       -3.88       -2.72    5.0    6.60s
  6   -73.83896385557       -5.96       -3.33    5.1    7.08s
  7   -73.83896383097   +   -7.61       -3.64    5.2    6.80s
  8   -73.83896386564       -7.46       -4.45    4.9    6.42s
  9   -73.83896386564   +  -11.27       -5.11    5.3    6.90s
 10   -73.83896386569      -10.25       -5.87    5.1    6.81s
 11   -73.83896386569      -12.70       -6.44    4.7    6.25s
 12   -73.83896386569      -12.62       -7.07    4.7    6.25s
n     Energy            log10(ΔE)   log10(Δρ)   Diag   Δtime
---   ---------------   ---------   ---------   ----   ------
  1   -73.81704748900                   -0.81    9.4    10.8s
  2   -73.83046117350       -1.87       -1.01    4.8    6.41s
  3   -73.83761983296       -2.15       -1.36    6.4    8.17s
  4   -73.83883131056       -2.92       -1.80    5.5    6.86s
  5   -73.83896275652       -3.88       -2.72    5.0    6.51s
  6   -73.83896385550       -5.96       -3.33    5.2    6.96s
  7   -73.83896383125   +   -7.62       -3.64    5.3    7.00s
  8   -73.83896386564       -7.46       -4.45    4.9    6.54s
  9   -73.83896386564   +  -11.39       -5.11    5.3    6.96s
 10   -73.83896386569      -10.26       -5.87    5.2    6.90s
 11   -73.83896386569      -12.36       -6.45    4.9    6.65s
 12   -73.83896386569      -12.89       -7.05    4.7    6.37s
     4    -7.383896e+01     3.559711e-05
 * time: 933.3163928985596
n     Energy            log10(ΔE)   log10(Δρ)   Diag   Δtime
---   ---------------   ---------   ---------   ----   ------
  1   -73.81705208234                   -0.81    9.6    11.0s
  2   -73.83046782870       -1.87       -1.01    4.9    6.67s
  3   -73.83761898802       -2.15       -1.36    6.4    8.29s
  4   -73.83883188036       -2.92       -1.80    5.7    7.27s
  5   -73.83896281144       -3.88       -2.73    5.1    6.75s
  6   -73.83896385901       -5.98       -3.33    5.1    7.13s
  7   -73.83896383554   +   -7.63       -3.65    5.3    7.11s
  8   -73.83896386899       -7.48       -4.46    4.9    6.66s
  9   -73.83896386899   +  -11.69       -5.13    5.3    7.13s
 10   -73.83896386904      -10.29       -5.88    5.1    7.01s
 11   -73.83896386904      -12.47       -6.49    4.9    6.71s
 12   -73.83896386904      -12.81       -7.07    4.6    6.45s
n     Energy            log10(ΔE)   log10(Δρ)   Diag   Δtime
---   ---------------   ---------   ---------   ----   ------
  1   -73.81705314802                   -0.81    9.5    10.9s
  2   -73.83046959042       -1.87       -1.01    4.9    6.48s
  3   -73.83761948916       -2.15       -1.36    6.5    8.45s
  4   -73.83883171434       -2.92       -1.80    5.6    7.06s
  5   -73.83896270022       -3.88       -2.72    5.0    6.69s
  6   -73.83896385864       -5.94       -3.32    5.1    7.05s
  7   -73.83896383187   +   -7.57       -3.63    5.3    7.09s
  8   -73.83896386899       -7.43       -4.45    5.0    6.65s
  9   -73.83896386899      -11.17       -5.14    5.4    7.17s
 10   -73.83896386904      -10.34       -5.88    5.1    7.03s
 11   -73.83896386904      -12.64       -6.44    4.7    6.44s
 12   -73.83896386904      -12.77       -7.07    4.6    6.51s
     5    -7.383896e+01     1.814860e-07
 * time: 1167.3817610740662
┌ Info: Threading setup: 
│   Threads.nthreads() = 1
│   n_DFTK = 1
│   n_fft = 1
└   n_blas = 1
┌ Info: 2025-05-15T14:59:24.498
│   name = "Si"
│   Ecut = 18.0
│   kgrid = MonkhorstPack([14, 14, 14])
│   p0 = ComponentVector{Float64}(a = 10.347246312603742)
│   temperature = 0.001
└   smearing = DFTK.Smearing.Gaussian()
┌ Info: 2025-05-15T15:03:11.139
│   name = "NaCl"
│   Ecut = 44.0
│   kgrid = MonkhorstPack([13, 13, 13])
│   p0 = ComponentVector{Float64}(a = 10.746130571470083)
│   temperature = 0
└   smearing = DFTK.Smearing.None()
┌ Info: 2025-05-15T15:26:59.684
│   name = "Al"
│   Ecut = 20.0
│   kgrid = MonkhorstPack([18, 18, 18])
│   p0 = ComponentVector{Float64}(a = 7.641925528121933)
│   temperature = 0.001
└   smearing = DFTK.Smearing.Gaussian()
┌ Info: 2025-05-15T15:31:11.411
│   name = "V"
│   Ecut = 42.0
│   kgrid = MonkhorstPack([20, 20, 20])
│   p0 = ComponentVector{Float64}(a = 5.699267600684394)
│   temperature = 0.001
└   smearing = DFTK.Smearing.Gaussian()
┌ Warning: Negative ρcore detected: -3.4151886922104144e-8
└ @ DFTK ~/.julia/packages/DFTK/n2IL4/src/terms/xc.jl:39
┌ Warning: Negative ρcore detected: Dual{ForwardDiff.Tag{var"#19#21"{@NamedTuple{ham::Hamiltonian, basis::PlaneWaveBasis{Float64, Float64, DFTK.CPU, FFTGrid{Float64, Float64, Array{StaticArraysCore.SVector{3, Int64}, 3}, Array{StaticArraysCore.SVector{3, Float64}, 3}}, Vector{StaticArraysCore.SVector{3, Int64}}}, energies::Energies{Float64}, converged::Bool, occupation_threshold::Float64, ρ::Array{Float64, 4}, τ::Nothing, α::Float64, eigenvalues::Vector{Vector{Float64}}, occupation::Vector{Vector{Float64}}, εF::Float64, n_bands_converge::Int64, n_iter::Int64, n_matvec::Int64, ψ::Vector{Matrix{ComplexF64}}, diagonalization::Vector{@NamedTuple{λ::Vector{Vector{Float64}}, X::Vector{Matrix{ComplexF64}}, residual_norms::Vector{Vector{Float64}}, n_iter::Vector{Int64}, converged::Bool, n_matvec::Int64}}, stage::Symbol, history_Δρ::Vector{Float64}, history_Etot::Vector{Float64}, timedout::Bool, runtime_ns::UInt64, algorithm::String}, Model{Float64, Float64}, Float64, MonkhorstPack, var"#case#4"{Matrix{Float64}, Float64, MonkhorstPack, Vector{StaticArraysCore.SVector{3, Float64}}, Vector{ElementPsp{PspUpf{Float64, Interpolations.Extrapolation{Float64, 1, Interpolations.GriddedInterpolation{Float64, 1, Vector{Float64}, Interpolations.Gridded{Interpolations.Linear{Interpolations.Throw{Interpolations.OnGrid}}}, Tuple{Vector{Float64}}}, Interpolations.Gridded{Interpolations.Linear{Interpolations.Throw{Interpolations.OnGrid}}}, Interpolations.Throw{Nothing}}}}}, Float64, Float64, String}}, Float64}}(-3.4151886922104144e-8,-1.2413273474001241e-8)
└ @ DFTK ~/.julia/packages/DFTK/n2IL4/src/terms/xc.jl:39
┌ Warning: Negative ρcore detected: -3.138023390426807e-8
└ @ DFTK ~/.julia/packages/DFTK/n2IL4/src/terms/xc.jl:39
┌ Warning: Negative ρcore detected: -3.138023390426807e-8
└ @ DFTK ~/.julia/packages/DFTK/n2IL4/src/terms/xc.jl:39
┌ Warning: Negative ρcore detected: Dual{ForwardDiff.Tag{var"#19#21"{@NamedTuple{ham::Hamiltonian, basis::PlaneWaveBasis{Float64, Float64, DFTK.CPU, FFTGrid{Float64, Float64, Array{StaticArraysCore.SVector{3, Int64}, 3}, Array{StaticArraysCore.SVector{3, Float64}, 3}}, Vector{StaticArraysCore.SVector{3, Int64}}}, energies::Energies{Float64}, converged::Bool, occupation_threshold::Float64, ρ::Array{Float64, 4}, τ::Nothing, α::Float64, eigenvalues::Vector{Vector{Float64}}, occupation::Vector{Vector{Float64}}, εF::Float64, n_bands_converge::Int64, n_iter::Int64, n_matvec::Int64, ψ::Vector{Matrix{ComplexF64}}, diagonalization::Vector{@NamedTuple{λ::Vector{Vector{Float64}}, X::Vector{Matrix{ComplexF64}}, residual_norms::Vector{Vector{Float64}}, n_iter::Vector{Int64}, converged::Bool, n_matvec::Int64}}, stage::Symbol, history_Δρ::Vector{Float64}, history_Etot::Vector{Float64}, timedout::Bool, runtime_ns::UInt64, algorithm::String}, Model{Float64, Float64}, Float64, MonkhorstPack, var"#case#4"{Matrix{Float64}, Float64, MonkhorstPack, Vector{StaticArraysCore.SVector{3, Float64}}, Vector{ElementPsp{PspUpf{Float64, Interpolations.Extrapolation{Float64, 1, Interpolations.GriddedInterpolation{Float64, 1, Vector{Float64}, Interpolations.Gridded{Interpolations.Linear{Interpolations.Throw{Interpolations.OnGrid}}}, Tuple{Vector{Float64}}}, Interpolations.Gridded{Interpolations.Linear{Interpolations.Throw{Interpolations.OnGrid}}}, Interpolations.Throw{Nothing}}}}}, Float64, Float64, String}}, Float64}}(-3.138023390426807e-8,2.3076635568728932e-8)
└ @ DFTK ~/.julia/packages/DFTK/n2IL4/src/terms/xc.jl:39
┌ Warning: Negative ρcore detected: -3.789261713104557e-8
└ @ DFTK ~/.julia/packages/DFTK/n2IL4/src/terms/xc.jl:39
┌ Warning: Negative ρcore detected: -3.789261713104557e-8
└ @ DFTK ~/.julia/packages/DFTK/n2IL4/src/terms/xc.jl:39
┌ Warning: Negative ρcore detected: Dual{ForwardDiff.Tag{var"#19#21"{@NamedTuple{ham::Hamiltonian, basis::PlaneWaveBasis{Float64, Float64, DFTK.CPU, FFTGrid{Float64, Float64, Array{StaticArraysCore.SVector{3, Int64}, 3}, Array{StaticArraysCore.SVector{3, Float64}, 3}}, Vector{StaticArraysCore.SVector{3, Int64}}}, energies::Energies{Float64}, converged::Bool, occupation_threshold::Float64, ρ::Array{Float64, 4}, τ::Nothing, α::Float64, eigenvalues::Vector{Vector{Float64}}, occupation::Vector{Vector{Float64}}, εF::Float64, n_bands_converge::Int64, n_iter::Int64, n_matvec::Int64, ψ::Vector{Matrix{ComplexF64}}, diagonalization::Vector{@NamedTuple{λ::Vector{Vector{Float64}}, X::Vector{Matrix{ComplexF64}}, residual_norms::Vector{Vector{Float64}}, n_iter::Vector{Int64}, converged::Bool, n_matvec::Int64}}, stage::Symbol, history_Δρ::Vector{Float64}, history_Etot::Vector{Float64}, timedout::Bool, runtime_ns::UInt64, algorithm::String}, Model{Float64, Float64}, Float64, MonkhorstPack, var"#case#4"{Matrix{Float64}, Float64, MonkhorstPack, Vector{StaticArraysCore.SVector{3, Float64}}, Vector{ElementPsp{PspUpf{Float64, Interpolations.Extrapolation{Float64, 1, Interpolations.GriddedInterpolation{Float64, 1, Vector{Float64}, Interpolations.Gridded{Interpolations.Linear{Interpolations.Throw{Interpolations.OnGrid}}}, Tuple{Vector{Float64}}}, Interpolations.Gridded{Interpolations.Linear{Interpolations.Throw{Interpolations.OnGrid}}}, Interpolations.Throw{Nothing}}}}}, Float64, Float64, String}}, Float64}}(-3.789261713104557e-8,-1.2484384499681997e-7)
└ @ DFTK ~/.julia/packages/DFTK/n2IL4/src/terms/xc.jl:39
┌ Warning: Negative ρcore detected: -3.78984834501581e-8
└ @ DFTK ~/.julia/packages/DFTK/n2IL4/src/terms/xc.jl:39
┌ Warning: Negative ρcore detected: -3.78984834501581e-8
└ @ DFTK ~/.julia/packages/DFTK/n2IL4/src/terms/xc.jl:39
┌ Warning: Negative ρcore detected: Dual{ForwardDiff.Tag{var"#19#21"{@NamedTuple{ham::Hamiltonian, basis::PlaneWaveBasis{Float64, Float64, DFTK.CPU, FFTGrid{Float64, Float64, Array{StaticArraysCore.SVector{3, Int64}, 3}, Array{StaticArraysCore.SVector{3, Float64}, 3}}, Vector{StaticArraysCore.SVector{3, Int64}}}, energies::Energies{Float64}, converged::Bool, occupation_threshold::Float64, ρ::Array{Float64, 4}, τ::Nothing, α::Float64, eigenvalues::Vector{Vector{Float64}}, occupation::Vector{Vector{Float64}}, εF::Float64, n_bands_converge::Int64, n_iter::Int64, n_matvec::Int64, ψ::Vector{Matrix{ComplexF64}}, diagonalization::Vector{@NamedTuple{λ::Vector{Vector{Float64}}, X::Vector{Matrix{ComplexF64}}, residual_norms::Vector{Vector{Float64}}, n_iter::Vector{Int64}, converged::Bool, n_matvec::Int64}}, stage::Symbol, history_Δρ::Vector{Float64}, history_Etot::Vector{Float64}, timedout::Bool, runtime_ns::UInt64, algorithm::String}, Model{Float64, Float64}, Float64, MonkhorstPack, var"#case#4"{Matrix{Float64}, Float64, MonkhorstPack, Vector{StaticArraysCore.SVector{3, Float64}}, Vector{ElementPsp{PspUpf{Float64, Interpolations.Extrapolation{Float64, 1, Interpolations.GriddedInterpolation{Float64, 1, Vector{Float64}, Interpolations.Gridded{Interpolations.Linear{Interpolations.Throw{Interpolations.OnGrid}}}, Tuple{Vector{Float64}}}, Interpolations.Gridded{Interpolations.Linear{Interpolations.Throw{Interpolations.OnGrid}}}, Interpolations.Throw{Nothing}}}}}, Float64, Float64, String}}, Float64}}(-3.78984834501581e-8,1.1054593762708738e-7)
└ @ DFTK ~/.julia/packages/DFTK/n2IL4/src/terms/xc.jl:39
┌ Warning: Negative ρcore detected: -3.851041515822185e-8
└ @ DFTK ~/.julia/packages/DFTK/n2IL4/src/terms/xc.jl:39
┌ Warning: Negative ρcore detected: -3.851041515822185e-8
└ @ DFTK ~/.julia/packages/DFTK/n2IL4/src/terms/xc.jl:39
┌ Warning: Negative ρcore detected: Dual{ForwardDiff.Tag{var"#19#21"{@NamedTuple{ham::Hamiltonian, basis::PlaneWaveBasis{Float64, Float64, DFTK.CPU, FFTGrid{Float64, Float64, Array{StaticArraysCore.SVector{3, Int64}, 3}, Array{StaticArraysCore.SVector{3, Float64}, 3}}, Vector{StaticArraysCore.SVector{3, Int64}}}, energies::Energies{Float64}, converged::Bool, occupation_threshold::Float64, ρ::Array{Float64, 4}, τ::Nothing, α::Float64, eigenvalues::Vector{Vector{Float64}}, occupation::Vector{Vector{Float64}}, εF::Float64, n_bands_converge::Int64, n_iter::Int64, n_matvec::Int64, ψ::Vector{Matrix{ComplexF64}}, diagonalization::Vector{@NamedTuple{λ::Vector{Vector{Float64}}, X::Vector{Matrix{ComplexF64}}, residual_norms::Vector{Vector{Float64}}, n_iter::Vector{Int64}, converged::Bool, n_matvec::Int64}}, stage::Symbol, history_Δρ::Vector{Float64}, history_Etot::Vector{Float64}, timedout::Bool, runtime_ns::UInt64, algorithm::String}, Model{Float64, Float64}, Float64, MonkhorstPack, var"#case#4"{Matrix{Float64}, Float64, MonkhorstPack, Vector{StaticArraysCore.SVector{3, Float64}}, Vector{ElementPsp{PspUpf{Float64, Interpolations.Extrapolation{Float64, 1, Interpolations.GriddedInterpolation{Float64, 1, Vector{Float64}, Interpolations.Gridded{Interpolations.Linear{Interpolations.Throw{Interpolations.OnGrid}}}, Tuple{Vector{Float64}}}, Interpolations.Gridded{Interpolations.Linear{Interpolations.Throw{Interpolations.OnGrid}}}, Interpolations.Throw{Nothing}}}}}, Float64, Float64, String}}, Float64}}(-3.851041515822185e-8,8.442163718519088e-8)
└ @ DFTK ~/.julia/packages/DFTK/n2IL4/src/terms/xc.jl:39
┌ Warning: Negative ρcore detected: -3.8526266920620254e-8
└ @ DFTK ~/.julia/packages/DFTK/n2IL4/src/terms/xc.jl:39
┌ Warning: Negative ρcore detected: -3.8526266920620254e-8
└ @ DFTK ~/.julia/packages/DFTK/n2IL4/src/terms/xc.jl:39
┌ Warning: Negative ρcore detected: Dual{ForwardDiff.Tag{var"#19#21"{@NamedTuple{ham::Hamiltonian, basis::PlaneWaveBasis{Float64, Float64, DFTK.CPU, FFTGrid{Float64, Float64, Array{StaticArraysCore.SVector{3, Int64}, 3}, Array{StaticArraysCore.SVector{3, Float64}, 3}}, Vector{StaticArraysCore.SVector{3, Int64}}}, energies::Energies{Float64}, converged::Bool, occupation_threshold::Float64, ρ::Array{Float64, 4}, τ::Nothing, α::Float64, eigenvalues::Vector{Vector{Float64}}, occupation::Vector{Vector{Float64}}, εF::Float64, n_bands_converge::Int64, n_iter::Int64, n_matvec::Int64, ψ::Vector{Matrix{ComplexF64}}, diagonalization::Vector{@NamedTuple{λ::Vector{Vector{Float64}}, X::Vector{Matrix{ComplexF64}}, residual_norms::Vector{Vector{Float64}}, n_iter::Vector{Int64}, converged::Bool, n_matvec::Int64}}, stage::Symbol, history_Δρ::Vector{Float64}, history_Etot::Vector{Float64}, timedout::Bool, runtime_ns::UInt64, algorithm::String}, Model{Float64, Float64}, Float64, MonkhorstPack, var"#case#4"{Matrix{Float64}, Float64, MonkhorstPack, Vector{StaticArraysCore.SVector{3, Float64}}, Vector{ElementPsp{PspUpf{Float64, Interpolations.Extrapolation{Float64, 1, Interpolations.GriddedInterpolation{Float64, 1, Vector{Float64}, Interpolations.Gridded{Interpolations.Linear{Interpolations.Throw{Interpolations.OnGrid}}}, Tuple{Vector{Float64}}}, Interpolations.Gridded{Interpolations.Linear{Interpolations.Throw{Interpolations.OnGrid}}}, Interpolations.Throw{Nothing}}}}}, Float64, Float64, String}}, Float64}}(-3.8526266920620254e-8,8.361243647688625e-8)
└ @ DFTK ~/.julia/packages/DFTK/n2IL4/src/terms/xc.jl:39
 * Status: success

 * Candidate solution
    Final objective value:     -7.383896e+01

 * Found with
    Algorithm:     L-BFGS

 * Convergence measures
    |x - x'|               = 1.89e-04 ≰ -1.0e+00
    |x - x'|/|x'|          = 3.46e-05 ≰ 0.0e+00
    |f(x) - f(x')|         = 3.35e-09 ≤ 1.0e-08
    |f(x) - f(x')|/|f(x')| = 4.53e-11 ≰ 0.0e+00
    |g(x)|                 = 1.81e-07 ≤ 1.0e-06

 * Work counters
    Seconds run:   1167  (vs limit Inf)
    Iterations:    5
    f(x) calls:    6
    ∇f(x) calls:   6

V: 1290.961030 seconds (768.16 M allocations: 354.464 GiB, 5.09% gc time, 0.01% compilation time)
