n     Energy            log10(ΔE)   log10(Δρ)   Diag   Δtime
---   ---------------   ---------   ---------   ----   ------
  1   -8.411050255785                   -0.97    7.0    11.7s
  2   -8.413074597955       -2.69       -1.77    1.9    5.03s
  3   -8.413154333156       -4.10       -2.95    3.9    1.98s
  4   -8.413154822557       -6.31       -3.84    4.3    1.74s
  5   -8.413154827394       -8.32       -4.59    4.1    1.87s
  6   -8.413154827635       -9.62       -5.12    4.4    1.90s
  7   -8.413154827654      -10.72       -6.31    3.5    1.43s
  8   -8.413154827654      -12.93       -7.34    4.1    1.96s
Iter     Function value   Gradient norm 
     0    -8.413155e+00     8.248660e-03
 * time: 1.0013580322265625e-5
n     Energy            log10(ΔE)   log10(Δρ)   Diag   Δtime
---   ---------------   ---------   ---------   ----   ------
  1   -8.411065557265                   -0.97    7.2    2.56s
  2   -8.413135611281       -2.68       -1.77    2.0    1.16s
  3   -8.413219975664       -4.07       -2.95    3.9    1.93s
  4   -8.413220534861       -6.25       -3.84    4.4    2.00s
  5   -8.413220539529       -8.33       -4.59    4.0    1.60s
  6   -8.413220539763       -9.63       -5.12    4.3    1.90s
  7   -8.413220539782      -10.72       -6.27    3.5    1.46s
  8   -8.413220539782      -12.87       -7.25    4.0    1.97s
n     Energy            log10(ΔE)   log10(Δρ)   Diag   Δtime
---   ---------------   ---------   ---------   ----   ------
  1   -8.411065886948                   -0.97    7.2    2.53s
  2   -8.413135847035       -2.68       -1.77    1.9    1.40s
  3   -8.413220071453       -4.07       -2.95    4.0    1.71s
  4   -8.413220534849       -6.33       -3.86    4.4    2.02s
  5   -8.413220539528       -8.33       -4.60    4.1    1.62s
  6   -8.413220539763       -9.63       -5.13    4.4    1.90s
  7   -8.413220539782      -10.73       -6.27    3.4    1.45s
  8   -8.413220539782      -12.83       -7.27    4.2    1.96s
     1    -8.413221e+00     7.683408e-03
 * time: 42.20883011817932
n     Energy            log10(ΔE)   log10(Δρ)   Diag   Δtime
---   ---------------   ---------   ---------   ----   ------
  1   -8.411272384847                   -0.96    7.1    2.48s
  2   -8.413546229241       -2.64       -1.82    2.1    1.12s
  3   -8.413633085796       -4.06       -2.83    4.1    1.94s
  4   -8.413633752494       -6.18       -3.80    4.3    1.67s
  5   -8.413633760770       -8.08       -4.50    4.2    1.90s
  6   -8.413633761121       -9.46       -5.34    4.3    1.55s
  7   -8.413633761129      -11.06       -6.21    3.8    1.80s
  8   -8.413633761130      -12.68       -7.40    3.7    1.64s
n     Energy            log10(ΔE)   log10(Δρ)   Diag   Δtime
---   ---------------   ---------   ---------   ----   ------
  1   -8.411279394965                   -0.96    7.1    2.45s
  2   -8.413551209158       -2.64       -1.82    2.1    1.14s
  3   -8.413633173786       -4.09       -2.83    4.0    1.95s
  4   -8.413633751771       -6.24       -3.81    4.1    1.62s
  5   -8.413633760762       -8.05       -4.50    4.3    1.88s
  6   -8.413633761121       -9.44       -5.37    4.4    1.52s
  7   -8.413633761129      -11.10       -6.24    4.0    1.81s
  8   -8.413633761130      -12.74       -7.42    3.8    1.50s
     2    -8.413634e+00     4.559926e-04
 * time: 81.64066219329834
n     Energy            log10(ΔE)   log10(Δρ)   Diag   Δtime
---   ---------------   ---------   ---------   ----   ------
  1   -8.411281382242                   -0.96    7.2    2.51s
  2   -8.413543399689       -2.65       -1.81    2.0    1.41s
  3   -8.413634397912       -4.04       -2.83    4.0    1.65s
  4   -8.413635110017       -6.15       -3.79    4.1    1.96s
  5   -8.413635119119       -8.04       -4.45    4.2    1.64s
  6   -8.413635119578       -9.34       -5.31    4.1    1.83s
  7   -8.413635119590      -10.94       -6.17    3.9    1.59s
  8   -8.413635119590      -12.58       -7.39    3.8    1.82s
n     Energy            log10(ΔE)   log10(Δρ)   Diag   Δtime
---   ---------------   ---------   ---------   ----   ------
  1   -8.411287012142                   -0.96    7.0    2.49s
  2   -8.413547064650       -2.65       -1.81    2.0    1.37s
  3   -8.413634544504       -4.06       -2.83    4.0    1.65s
  4   -8.413635109942       -6.25       -3.81    4.2    1.91s
  5   -8.413635119172       -8.03       -4.47    4.3    1.67s
  6   -8.413635119580       -9.39       -5.33    4.3    1.81s
  7   -8.413635119590      -11.00       -6.25    3.8    1.55s
  8   -8.413635119590      -12.70       -7.46    3.8    1.84s
     3    -8.413635e+00     2.300151e-05
 * time: 121.87837505340576
n     Energy            log10(ΔE)   log10(Δρ)   Diag   Δtime
---   ---------------   ---------   ---------   ----   ------
  1   -8.411279097803                   -0.96    7.2    2.48s
  2   -8.413545993773       -2.64       -1.82    2.2    1.14s
  3   -8.413634533421       -4.05       -2.83    4.0    1.91s
  4   -8.413635112992       -6.24       -3.82    4.4    1.66s
  5   -8.413635122612       -8.02       -4.45    4.4    1.90s
  6   -8.413635123057       -9.35       -5.32    4.0    1.49s
  7   -8.413635123068      -10.96       -6.32    4.0    1.84s
  8   -8.413635123068      -12.78       -7.40    4.1    1.66s
n     Energy            log10(ΔE)   log10(Δρ)   Diag   Δtime
---   ---------------   ---------   ---------   ----   ------
  1   -8.411277991809                   -0.96    7.3    2.54s
  2   -8.413548993377       -2.64       -1.81    2.1    1.12s
  3   -8.413634513102       -4.07       -2.83    4.1    2.00s
  4   -8.413635113915       -6.22       -3.80    4.2    1.71s
  5   -8.413635122673       -8.06       -4.49    4.2    1.94s
  6   -8.413635123059       -9.41       -5.35    4.2    1.58s
  7   -8.413635123068      -11.05       -6.24    4.0    1.91s
  8   -8.413635123068      -12.72       -7.44    3.8    1.60s
     4    -8.413635e+00     6.382229e-08
 * time: 162.53360509872437
 * Status: success

 * Candidate solution
    Final objective value:     -8.413635e+00

 * Found with
    Algorithm:     L-BFGS

 * Convergence measures
    |x - x'|               = 3.02e-04 ≰ -1.0e+00
    |x - x'|/|x'|          = 2.95e-05 ≰ 0.0e+00
    |f(x) - f(x')|         = 3.48e-09 ≤ 1.0e-08
    |f(x) - f(x')|/|f(x')| = 4.13e-10 ≰ 0.0e+00
    |g(x)|                 = 6.38e-08 ≤ 1.0e-06

 * Work counters
    Seconds run:   163  (vs limit Inf)
    Iterations:    4
    f(x) calls:    5
    ∇f(x) calls:   5

Si: 238.267290 seconds (366.60 M allocations: 72.980 GiB, 7.87% gc time, 22.65% compilation time: <1% of which was recompilation)
n     Energy            log10(ΔE)   log10(Δρ)   Diag   Δtime
---   ---------------   ---------   ---------   ----   ------
  1   -61.90774035747                   -1.18    8.3    18.4s
  2   -61.91096033970       -2.49       -1.26    2.6    7.86s
  3   -61.91417834866       -2.49       -2.15    4.0    9.61s
  4   -61.91419051843       -4.91       -2.68    3.9    10.0s
  5   -61.91419354286       -5.52       -3.52    3.7    8.96s
  6   -61.91419359131       -7.31       -4.53    4.3    10.3s
  7   -61.91419359159       -9.55       -5.10    4.5    11.2s
  8   -61.91419359161      -10.78       -6.80    3.9    9.84s
  9   -61.91419359161      -13.30       -7.63    4.8    11.8s
Iter     Function value   Gradient norm 
     0    -6.191419e+01     5.404604e-03
 * time: 5.0067901611328125e-6
n     Energy            log10(ΔE)   log10(Δρ)   Diag   Δtime
---   ---------------   ---------   ---------   ----   ------
  1   -61.90778013790                   -1.18    7.9    15.4s
  2   -61.91100443001       -2.49       -1.26    2.6    7.01s
  3   -61.91420728005       -2.49       -2.15    4.0    9.45s
  4   -61.91421954209       -4.91       -2.68    3.9    9.82s
  5   -61.91422251156       -5.53       -3.52    3.5    8.70s
  6   -61.91422256040       -7.31       -4.51    4.2    10.1s
  7   -61.91422256067       -9.56       -5.04    4.2    10.4s
  8   -61.91422256069      -10.66       -6.82    3.9    9.66s
  9   -61.91422256069      -13.19       -7.62    4.8    11.8s
n     Energy            log10(ΔE)   log10(Δρ)   Diag   Δtime
---   ---------------   ---------   ---------   ----   ------
  1   -61.90777824081                   -1.18    8.0    15.7s
  2   -61.91100029246       -2.49       -1.26    2.5    7.09s
  3   -61.91420742211       -2.49       -2.15    4.0    9.69s
  4   -61.91421955055       -4.92       -2.68    3.9    9.62s
  5   -61.91422251199       -5.53       -3.52    3.5    9.07s
  6   -61.91422256039       -7.32       -4.51    4.1    10.0s
  7   -61.91422256068       -9.54       -5.07    4.3    10.5s
  8   -61.91422256069      -10.71       -6.83    3.9    9.87s
  9   -61.91422256069      -13.11       -7.59    4.8    11.8s
     1    -6.191422e+01     5.315432e-03
 * time: 216.44720005989075
n     Energy            log10(ΔE)   log10(Δρ)   Diag   Δtime
---   ---------------   ---------   ---------   ----   ------
  1   -61.90926986730                   -1.19    8.4    15.2s
  2   -61.91241208020       -2.50       -1.29    2.6    6.65s
  3   -61.91495772672       -2.59       -2.18    4.1    8.89s
  4   -61.91496745164       -5.01       -2.76    4.0    8.97s
  5   -61.91496925734       -5.74       -3.53    3.6    8.35s
  6   -61.91496929557       -7.42       -4.54    4.1    9.07s
  7   -61.91496929577       -9.69       -5.10    4.1    9.67s
  8   -61.91496929579      -10.78       -6.94    3.8    8.70s
  9   -61.91496929579   +  -13.30       -7.58    4.9    10.8s
n     Energy            log10(ΔE)   log10(Δρ)   Diag   Δtime
---   ---------------   ---------   ---------   ----   ------
  1   -61.90927161591                   -1.19    8.4    14.9s
  2   -61.91241603657       -2.50       -1.29    2.7    6.78s
  3   -61.91495768506       -2.59       -2.18    4.0    8.92s
  4   -61.91496745886       -5.01       -2.76    4.1    9.15s
  5   -61.91496925704       -5.75       -3.53    3.6    8.38s
  6   -61.91496929556       -7.41       -4.54    4.1    9.54s
  7   -61.91496929577       -9.69       -5.08    4.2    9.49s
  8   -61.91496929579      -10.72       -6.96    3.8    8.73s
  9   -61.91496929579      -14.15       -7.58    5.0    11.2s
     2    -6.191497e+01     1.080027e-03
 * time: 418.85510993003845
n     Energy            log10(ΔE)   log10(Δρ)   Diag   Δtime
---   ---------------   ---------   ---------   ----   ------
  1   -61.90918786125                   -1.19    8.3    15.8s
  2   -61.91233657993       -2.50       -1.29    2.7    7.35s
  3   -61.91497772157       -2.58       -2.18    4.1    9.73s
  4   -61.91498771457       -5.00       -2.74    4.1    10.0s
  5   -61.91498968049       -5.71       -3.54    3.6    9.20s
  6   -61.91498971988       -7.40       -4.56    4.3    10.2s
  7   -61.91498972008       -9.70       -5.13    4.2    10.2s
  8   -61.91498972010      -10.83       -6.94    3.9    9.82s
  9   -61.91498972010   +  -14.15       -7.63    4.8    11.5s
n     Energy            log10(ΔE)   log10(Δρ)   Diag   Δtime
---   ---------------   ---------   ---------   ----   ------
  1   -61.90918350825                   -1.19    8.2    16.3s
  2   -61.91233262832       -2.50       -1.29    2.8    7.47s
  3   -61.91497766493       -2.58       -2.18    4.0    9.54s
  4   -61.91498772562       -5.00       -2.75    4.1    9.93s
  5   -61.91498968014       -5.71       -3.54    3.6    9.42s
  6   -61.91498971987       -7.40       -4.55    4.2    10.2s
  7   -61.91498972008       -9.68       -5.10    4.2    10.5s
  8   -61.91498972010      -10.77       -6.96    3.8    9.86s
  9   -61.91498972010      -13.55       -7.60    4.9    11.9s
     3    -6.191499e+01     1.640464e-04
 * time: 638.0811550617218
n     Energy            log10(ΔE)   log10(Δρ)   Diag   Δtime
---   ---------------   ---------   ---------   ----   ------
  1   -61.90920761388                   -1.19    8.6    16.7s
  2   -61.91235238789       -2.50       -1.29    2.8    7.46s
  3   -61.91497836905       -2.58       -2.18    4.0    9.65s
  4   -61.91498838016       -5.00       -2.75    4.1    10.1s
  5   -61.91499028616       -5.72       -3.54    3.7    9.46s
  6   -61.91499032490       -7.41       -4.58    4.2    10.3s
  7   -61.91499032508       -9.74       -5.15    4.2    10.3s
  8   -61.91499032509      -10.88       -6.88    3.9    9.95s
  9   -61.91499032509      -12.89       -7.66    4.9    11.9s
n     Energy            log10(ΔE)   log10(Δρ)   Diag   Δtime
---   ---------------   ---------   ---------   ----   ------
  1   -61.90920806553                   -1.19    8.5    16.9s
  2   -61.91234843249       -2.50       -1.29    2.8    7.68s
  3   -61.91497849180       -2.58       -2.18    4.0    9.79s
  4   -61.91498834041       -5.01       -2.75    4.2    10.3s
  5   -61.91499028693       -5.71       -3.55    3.6    9.48s
  6   -61.91499032490       -7.42       -4.59    4.1    10.2s
  7   -61.91499032508       -9.75       -5.18    4.3    10.7s
  8   -61.91499032509      -10.96       -6.87    4.0    10.1s
  9   -61.91499032509      -13.45       -7.70    5.0    12.1s
     4    -6.191499e+01     4.378996e-06
 * time: 866.87992811203
n     Energy            log10(ΔE)   log10(Δρ)   Diag   Δtime
---   ---------------   ---------   ---------   ----   ------
  1   -61.90920769482                   -1.19    8.7    17.0s
  2   -61.91234809302       -2.50       -1.29    3.0    7.78s
  3   -61.91497857245       -2.58       -2.18    4.1    9.87s
  4   -61.91498842295       -5.01       -2.76    4.1    10.1s
  5   -61.91499028734       -5.73       -3.55    3.7    9.33s
  6   -61.91499032533       -7.42       -4.59    4.3    10.2s
  7   -61.91499032551       -9.74       -5.16    4.3    10.4s
  8   -61.91499032552      -10.90       -6.96    4.0    10.1s
  9   -61.91499032552      -13.55       -7.74    4.8    11.9s
n     Energy            log10(ΔE)   log10(Δρ)   Diag   Δtime
---   ---------------   ---------   ---------   ----   ------
  1   -61.90920826721                   -1.19    8.7    17.0s
  2   -61.91234938688       -2.50       -1.29    2.8    7.40s
  3   -61.91497853148       -2.58       -2.18    4.1    9.76s
  4   -61.91498840098       -5.01       -2.76    4.1    10.0s
  5   -61.91499028752       -5.72       -3.55    3.8    9.50s
  6   -61.91499032534       -7.42       -4.61    4.2    10.0s
  7   -61.91499032551       -9.77       -5.21    4.3    10.4s
  8   -61.91499032552      -10.98       -6.90    4.0    9.78s
  9   -61.91499032552      -13.11       -7.79    4.9    11.9s
     5    -6.191499e+01     1.533255e-08
 * time: 1090.178927898407
 * Status: success

 * Candidate solution
    Final objective value:     -6.191499e+01

 * Found with
    Algorithm:     L-BFGS

 * Convergence measures
    |x - x'|               = 1.97e-04 ≰ -1.0e+00
    |x - x'|/|x'|          = 1.88e-05 ≰ 0.0e+00
    |f(x) - f(x')|         = 4.32e-10 ≤ 1.0e-08
    |f(x) - f(x')|/|f(x')| = 6.97e-12 ≰ 0.0e+00
    |g(x)|                 = 1.53e-08 ≤ 1.0e-06

 * Work counters
    Seconds run:   1090  (vs limit Inf)
    Iterations:    5
    f(x) calls:    6
    ∇f(x) calls:   6

NaCl: 1212.631439 seconds (1.19 G allocations: 347.672 GiB, 5.26% gc time, 0.27% compilation time)
n     Energy            log10(ΔE)   log10(Δρ)   Diag   Δtime
---   ---------------   ---------   ---------   ----   ------
  1   -2.310212538518                   -1.43    5.5    1.76s
  2   -2.310379501898       -3.78       -1.83    1.5    824ms
  3   -2.310421604157       -4.38       -3.40    3.5    1.64s
  4   -2.310421953093       -6.46       -3.90    4.3    1.86s
  5   -2.310421954086       -9.00       -4.35    2.6    1.03s
  6   -2.310421954336       -9.60       -4.88    2.6    1.03s
  7   -2.310421954365      -10.55       -5.93    3.0    1.50s
  8   -2.310421954365      -12.53       -6.53    3.6    1.33s
  9   -2.310421954365      -15.05       -7.30    2.2    1.26s
Iter     Function value   Gradient norm 
     0    -2.310422e+00     4.150942e-03
 * time: 5.0067901611328125e-6
n     Energy            log10(ΔE)   log10(Δρ)   Diag   Δtime
---   ---------------   ---------   ---------   ----   ------
  1   -2.310232290829                   -1.43    5.5    2.08s
  2   -2.310396904823       -3.78       -1.83    1.5    806ms
  3   -2.310438577591       -4.38       -3.38    3.5    1.67s
  4   -2.310438831248       -6.60       -3.87    4.3    1.58s
  5   -2.310438832367       -8.95       -4.34    2.6    1.38s
  6   -2.310438832617       -9.60       -4.87    2.7    1.07s
  7   -2.310438832646      -10.53       -5.91    2.9    1.47s
  8   -2.310438832647      -12.41       -6.49    3.7    1.37s
  9   -2.310438832647      -14.45       -7.23    2.1    984ms
n     Energy            log10(ΔE)   log10(Δρ)   Diag   Δtime
---   ---------------   ---------   ---------   ----   ------
  1   -2.310230681270                   -1.43    5.5    2.02s
  2   -2.310396118848       -3.78       -1.83    1.4    773ms
  3   -2.310438532300       -4.37       -3.37    3.5    1.62s
  4   -2.310438831148       -6.52       -3.85    4.3    1.58s
  5   -2.310438832368       -8.91       -4.34    2.6    1.35s
  6   -2.310438832615       -9.61       -4.85    2.7    1.04s
  7   -2.310438832646      -10.50       -5.91    3.0    1.43s
  8   -2.310438832647      -12.43       -6.49    3.5    1.29s
  9   -2.310438832647      -14.57       -7.20    2.2    986ms
     1    -2.310439e+00     3.981289e-03
 * time: 54.11350607872009
n     Energy            log10(ΔE)   log10(Δρ)   Diag   Δtime
---   ---------------   ---------   ---------   ----   ------
  1   -2.310419582943                   -1.43    5.5    2.06s
  2   -2.310576236543       -3.81       -1.83    1.5    820ms
  3   -2.310613812246       -4.43       -3.51    3.5    1.66s
  4   -2.310614036306       -6.65       -4.16    4.4    1.63s
  5   -2.310614036731       -9.37       -4.61    2.6    1.39s
  6   -2.310614036827      -10.01       -5.44    2.9    1.16s
  7   -2.310614036830      -11.66       -6.34    3.3    1.61s
  8   -2.310614036830      -13.45       -7.29    3.4    1.33s
n     Energy            log10(ΔE)   log10(Δρ)   Diag   Δtime
---   ---------------   ---------   ---------   ----   ------
  1   -2.310423595124                   -1.43    5.4    1.72s
  2   -2.310577311009       -3.81       -1.83    1.5    1.10s
  3   -2.310613820882       -4.44       -3.51    3.5    1.30s
  4   -2.310614036337       -6.67       -4.17    4.5    1.88s
  5   -2.310614036732       -9.40       -4.61    2.6    1.02s
  6   -2.310614036828      -10.02       -5.44    2.9    1.40s
  7   -2.310614036830      -11.70       -6.31    3.3    1.23s
  8   -2.310614036830      -13.39       -7.17    3.5    1.60s
     2    -2.310614e+00     6.277747e-04
 * time: 106.16426301002502
n     Energy            log10(ΔE)   log10(Δρ)   Diag   Δtime
---   ---------------   ---------   ---------   ----   ------
  1   -2.310417133482                   -1.43    5.2    1.94s
  2   -2.310577242507       -3.80       -1.83    1.4    749ms
  3   -2.310617376736       -4.40       -3.46    3.4    1.62s
  4   -2.310617664409       -6.54       -4.12    4.3    1.55s
  5   -2.310617664860       -9.35       -4.59    2.5    1.31s
  6   -2.310617664965       -9.98       -5.40    2.8    1.11s
  7   -2.310617664967      -11.62       -6.24    3.2    1.48s
  8   -2.310617664968      -13.28       -7.17    3.2    1.23s
n     Energy            log10(ΔE)   log10(Δρ)   Diag   Δtime
---   ---------------   ---------   ---------   ----   ------
  1   -2.310420034331                   -1.43    5.2    1.62s
  2   -2.310577619976       -3.80       -1.83    1.3    1.02s
  3   -2.310617403280       -4.40       -3.46    3.4    1.36s
  4   -2.310617664392       -6.58       -4.13    4.4    1.85s
  5   -2.310617664860       -9.33       -4.59    2.5    1.03s
  6   -2.310617664965       -9.98       -5.39    2.8    1.40s
  7   -2.310617664967      -11.59       -6.21    3.2    1.22s
  8   -2.310617664968      -13.23       -7.15    3.2    1.53s
     3    -2.310618e+00     7.859977e-05
 * time: 157.6432819366455
n     Energy            log10(ΔE)   log10(Δρ)   Diag   Δtime
---   ---------------   ---------   ---------   ----   ------
  1   -2.310421719432                   -1.43    5.4    1.98s
  2   -2.310578527833       -3.80       -1.83    1.5    787ms
  3   -2.310617484797       -4.41       -3.46    3.5    1.64s
  4   -2.310617722934       -6.62       -4.14    4.4    1.56s
  5   -2.310617723409       -9.32       -4.58    2.5    1.29s
  6   -2.310617723522       -9.95       -5.37    2.8    1.12s
  7   -2.310617723525      -11.53       -6.13    3.3    1.54s
  8   -2.310617723525      -13.15       -7.09    3.2    1.24s
n     Energy            log10(ΔE)   log10(Δρ)   Diag   Δtime
---   ---------------   ---------   ---------   ----   ------
  1   -2.310421228034                   -1.43    5.4    1.70s
  2   -2.310578287943       -3.80       -1.83    1.5    1.05s
  3   -2.310617506733       -4.41       -3.46    3.5    1.32s
  4   -2.310617722941       -6.67       -4.11    4.4    1.89s
  5   -2.310617723414       -9.32       -4.58    2.5    1.03s
  6   -2.310617723522       -9.97       -5.35    2.9    1.38s
  7   -2.310617723525      -11.50       -6.11    3.3    1.22s
  8   -2.310617723525      -13.10       -7.16    3.2    1.49s
     4    -2.310618e+00     6.855085e-07
 * time: 209.07467699050903
 * Status: success

 * Candidate solution
    Final objective value:     -2.310618e+00

 * Found with
    Algorithm:     L-BFGS

 * Convergence measures
    |x - x'|               = 1.48e-03 ≰ -1.0e+00
    |x - x'|/|x'|          = 1.95e-04 ≰ 0.0e+00
    |f(x) - f(x')|         = 5.86e-08 ≰ 1.0e-08
    |f(x) - f(x')|/|f(x')| = 2.53e-08 ≰ 0.0e+00
    |g(x)|                 = 6.86e-07 ≤ 1.0e-06

 * Work counters
    Seconds run:   209  (vs limit Inf)
    Iterations:    4
    f(x) calls:    5
    ∇f(x) calls:   5

Al: 241.210422 seconds (193.48 M allocations: 45.956 GiB, 6.56% gc time, 0.00% compilation time)
n     Energy            log10(ΔE)   log10(Δρ)   Diag   Δtime
---   ---------------   ---------   ---------   ----   ------
  1   -73.54696794681                   -0.78    9.7    9.22s
  2   -73.56585493517       -1.72       -0.99    5.6    5.47s
  3   -73.57464346785       -2.06       -1.30    6.9    6.80s
  4   -73.57651605584       -2.73       -1.74    6.0    5.91s
  5   -73.57666069725       -3.84       -2.13    5.0    5.37s
  6   -73.57669403469       -4.48       -3.03    5.5    5.95s
  7   -73.57669404778       -7.88       -3.50    4.8    5.79s
  8   -73.57669408412       -7.44       -4.06    5.6    5.94s
  9   -73.57669408286   +   -8.90       -4.39    5.5    5.84s
 10   -73.57669408437       -8.82       -5.23    5.6    5.86s
 11   -73.57669408437      -11.90       -5.68    5.2    5.96s
 12   -73.57669408437      -11.57       -6.71    5.3    5.76s
 13   -73.57669408437      -13.00       -6.89    5.8    6.09s
 14   -73.57669408437   +  -13.25       -7.65    5.7    5.85s
Iter     Function value   Gradient norm 
     0    -7.357669e+01     2.189768e-02
 * time: 3.0994415283203125e-6
n     Energy            log10(ΔE)   log10(Δρ)   Diag   Δtime
---   ---------------   ---------   ---------   ----   ------
  1   -73.54784826947                   -0.78    9.7    8.76s
  2   -73.56657530976       -1.73       -1.00    5.5    5.86s
  3   -73.57518338137       -2.07       -1.31    6.8    6.92s
  4   -73.57695804295       -2.75       -1.75    6.0    5.82s
  5   -73.57710860633       -3.82       -2.15    5.1    5.29s
  6   -73.57713816108       -4.53       -3.05    5.5    5.79s
  7   -73.57713819249       -7.50       -3.56    4.3    5.00s
  8   -73.57713820954       -7.77       -4.13    5.5    5.61s
  9   -73.57713820913   +   -9.38       -4.49    5.0    5.53s
 10   -73.57713820999       -9.06       -5.29    5.6    5.59s
 11   -73.57713820999      -12.94       -5.81    5.5    6.02s
 12   -73.57713820999      -11.67       -6.62    5.4    5.64s
 13   -73.57713820999      -12.85       -7.10    5.2    5.55s
n     Energy            log10(ΔE)   log10(Δρ)   Diag   Δtime
---   ---------------   ---------   ---------   ----   ------
  1   -73.54784468951                   -0.78    9.7    8.99s
  2   -73.56658089221       -1.73       -1.00    5.5    5.45s
  3   -73.57518163312       -2.07       -1.31    6.8    6.76s
  4   -73.57695804910       -2.75       -1.75    6.0    5.68s
  5   -73.57710800533       -3.82       -2.14    5.1    5.14s
  6   -73.57713816064       -4.52       -3.05    5.4    5.72s
  7   -73.57713819281       -7.49       -3.55    4.3    4.97s
  8   -73.57713820973       -7.77       -4.12    5.6    5.71s
  9   -73.57713820926   +   -9.33       -4.52    5.2    5.45s
 10   -73.57713820999       -9.13       -5.24    5.6    5.70s
 11   -73.57713820999      -11.97       -5.85    5.3    5.76s
 12   -73.57713820999      -11.77       -6.63    5.5    5.91s
 13   -73.57713820999      -13.37       -7.05    4.8    5.30s
     1    -7.357714e+01     1.865342e-02
 * time: 212.9455840587616
n     Energy            log10(ΔE)   log10(Δρ)   Diag   Δtime
---   ---------------   ---------   ---------   ----   ------
  1   -73.55322651716                   -0.80    9.6    8.73s
  2   -73.56853576081       -1.82       -1.00    5.3    5.33s
  3   -73.57646640391       -2.10       -1.32    6.7    6.68s
  4   -73.57795675667       -2.83       -1.67    5.8    5.66s
  5   -73.57823049051       -3.56       -2.53    5.4    5.33s
  6   -73.57823281849       -5.63       -3.10    5.4    5.73s
  7   -73.57823282969       -7.95       -3.63    4.3    4.67s
  8   -73.57823283822       -8.07       -3.96    5.0    5.15s
  9   -73.57823283959       -8.86       -4.55    5.5    5.53s
 10   -73.57823284014       -9.26       -4.77    5.1    5.43s
 11   -73.57823284024       -9.97       -5.44    4.8    5.03s
 12   -73.57823284025      -11.11       -6.24    5.3    5.53s
 13   -73.57823284025   +  -13.15       -6.85    4.8    5.45s
 14   -73.57823284025      -13.07       -7.35    3.7    4.55s
n     Energy            log10(ΔE)   log10(Δρ)   Diag   Δtime
---   ---------------   ---------   ---------   ----   ------
  1   -73.55323770502                   -0.80    9.7    8.78s
  2   -73.56852552628       -1.82       -1.00    5.3    5.21s
  3   -73.57646617423       -2.10       -1.32    6.7    6.66s
  4   -73.57795783379       -2.83       -1.68    5.8    5.60s
  5   -73.57823051003       -3.56       -2.53    5.4    5.35s
  6   -73.57823281667       -5.64       -3.10    5.4    5.79s
  7   -73.57823283070       -7.85       -3.62    4.0    4.55s
  8   -73.57823283863       -8.10       -3.97    4.9    5.09s
  9   -73.57823283954       -9.04       -4.54    5.5    5.58s
 10   -73.57823284013       -9.22       -4.77    5.2    5.40s
 11   -73.57823284024       -9.97       -5.44    5.0    5.16s
 12   -73.57823284025      -11.12       -6.25    5.2    5.72s
 13   -73.57823284025      -12.81       -6.86    4.9    5.57s
 14   -73.57823284025   +  -13.55       -7.36    3.9    4.60s
     2    -7.357823e+01     1.874729e-03
 * time: 430.4070281982422
n     Energy            log10(ΔE)   log10(Δρ)   Diag   Δtime
---   ---------------   ---------   ---------   ----   ------
  1   -73.55287734430                   -0.80    9.7    9.02s
  2   -73.56838019269       -1.81       -1.00    5.5    5.31s
  3   -73.57645720878       -2.09       -1.32    6.8    6.69s
  4   -73.57795999897       -2.82       -1.67    5.9    5.79s
  5   -73.57823963990       -3.55       -2.51    5.4    5.50s
  6   -73.57824270545       -5.51       -3.09    5.5    5.78s
  7   -73.57824271630       -7.96       -3.61    4.4    4.73s
  8   -73.57824272529       -8.05       -3.97    4.9    4.97s
  9   -73.57824272686       -8.80       -4.57    5.6    5.50s
 10   -73.57824272737       -9.29       -4.79    5.3    5.34s
 11   -73.57824272747      -10.01       -5.43    4.9    4.97s
 12   -73.57824272748      -11.04       -6.25    5.2    5.54s
 13   -73.57824272748      -13.25       -6.81    4.8    5.26s
 14   -73.57824272748      -13.25       -7.21    4.7    4.95s
n     Energy            log10(ΔE)   log10(Δρ)   Diag   Δtime
---   ---------------   ---------   ---------   ----   ------
  1   -73.55288178666                   -0.80    9.8    9.15s
  2   -73.56838431184       -1.81       -1.00    5.4    5.42s
  3   -73.57645500621       -2.09       -1.32    6.8    6.77s
  4   -73.57795990311       -2.82       -1.67    5.9    5.83s
  5   -73.57823975528       -3.55       -2.52    5.3    5.47s
  6   -73.57824270622       -5.53       -3.09    5.4    5.97s
  7   -73.57824271623       -8.00       -3.61    4.6    5.04s
  8   -73.57824272526       -8.04       -3.97    4.9    5.17s
  9   -73.57824272685       -8.80       -4.57    5.6    5.67s
 10   -73.57824272737       -9.28       -4.79    5.3    5.45s
 11   -73.57824272747      -10.02       -5.42    4.9    5.21s
 12   -73.57824272748      -11.03       -6.23    5.3    5.61s
 13   -73.57824272748      -13.25       -6.81    4.9    5.54s
 14   -73.57824272748      -12.89       -7.22    3.7    4.55s
     3    -7.357824e+01     1.496301e-04
 * time: 649.3047971725464
n     Energy            log10(ΔE)   log10(Δρ)   Diag   Δtime
---   ---------------   ---------   ---------   ----   ------
  1   -73.55289739013                   -0.80    9.9    9.40s
  2   -73.56839359466       -1.81       -1.00    5.5    5.56s
  3   -73.57645787019       -2.09       -1.32    6.9    7.02s
  4   -73.57796039458       -2.82       -1.67    5.9    5.81s
  5   -73.57823985199       -3.55       -2.52    5.5    5.57s
  6   -73.57824277111       -5.53       -3.09    5.5    5.86s
  7   -73.57824277876       -8.12       -3.61    4.8    5.03s
  8   -73.57824278893       -7.99       -3.97    5.0    5.16s
  9   -73.57824279088       -8.71       -4.56    5.6    5.61s
 10   -73.57824279139       -9.29       -4.78    5.4    5.61s
 11   -73.57824279150       -9.98       -5.43    4.9    5.18s
 12   -73.57824279151      -11.04       -6.20    5.3    5.54s
 13   -73.57824279151   +  -13.55       -6.80    4.8    5.18s
 14   -73.57824279151   +    -Inf       -7.37    3.7    4.41s
n     Energy            log10(ΔE)   log10(Δρ)   Diag   Δtime
---   ---------------   ---------   ---------   ----   ------
  1   -73.55289866910                   -0.80   10.0    9.41s
  2   -73.56839637598       -1.81       -1.00    5.6    5.53s
  3   -73.57645817691       -2.09       -1.32    6.9    6.91s
  4   -73.57796013001       -2.82       -1.67    5.8    5.79s
  5   -73.57823983415       -3.55       -2.52    5.4    5.59s
  6   -73.57824277021       -5.53       -3.09    5.4    6.05s
  7   -73.57824277978       -8.02       -3.61    4.6    5.07s
  8   -73.57824278917       -8.03       -3.96    5.0    5.24s
  9   -73.57824279088       -8.77       -4.57    5.7    5.79s
 10   -73.57824279140       -9.28       -4.78    5.2    5.54s
 11   -73.57824279150      -10.00       -5.42    4.9    5.25s
 12   -73.57824279151      -11.03       -6.22    5.3    5.70s
 13   -73.57824279151      -13.25       -6.81    5.0    5.45s
 14   -73.57824279151   +    -Inf       -7.38    3.9    4.61s
     4    -7.357824e+01     1.041730e-06
 * time: 871.130998134613
n     Energy            log10(ΔE)   log10(Δρ)   Diag   Δtime
---   ---------------   ---------   ---------   ----   ------
  1   -73.55289825320                   -0.80    9.9    9.47s
  2   -73.56838988224       -1.81       -1.00    5.5    5.58s
  3   -73.57645931495       -2.09       -1.32    6.9    6.92s
  4   -73.57795981924       -2.82       -1.67    6.0    5.83s
  5   -73.57823962278       -3.55       -2.51    5.5    5.64s
  6   -73.57824276947       -5.50       -3.09    5.6    6.04s
  7   -73.57824278020       -7.97       -3.61    4.5    5.02s
  8   -73.57824278933       -8.04       -3.97    5.1    5.17s
  9   -73.57824279089       -8.81       -4.57    5.7    5.61s
 10   -73.57824279140       -9.29       -4.79    5.3    5.49s
 11   -73.57824279150      -10.01       -5.42    4.9    5.03s
 12   -73.57824279151      -11.02       -6.24    5.3    5.47s
 13   -73.57824279151      -13.37       -6.80    4.9    5.25s
 14   -73.57824279151   +  -13.85       -7.37    3.6    4.33s
n     Energy            log10(ΔE)   log10(Δρ)   Diag   Δtime
---   ---------------   ---------   ---------   ----   ------
  1   -73.55291253724                   -0.80   10.0    9.33s
  2   -73.56838629174       -1.81       -1.00    5.4    5.44s
  3   -73.57645736026       -2.09       -1.32    6.9    6.90s
  4   -73.57796043404       -2.82       -1.67    6.0    5.83s
  5   -73.57823991489       -3.55       -2.52    5.5    5.58s
  6   -73.57824276990       -5.54       -3.09    5.5    6.01s
  7   -73.57824278087       -7.96       -3.61    4.5    4.94s
  8   -73.57824278951       -8.06       -3.97    5.0    5.18s
  9   -73.57824279085       -8.87       -4.56    5.7    5.79s
 10   -73.57824279140       -9.26       -4.78    5.3    5.63s
 11   -73.57824279150       -9.99       -5.42    5.0    5.18s
 12   -73.57824279151      -11.04       -6.26    5.3    5.72s
 13   -73.57824279151      -12.81       -6.81    4.8    5.34s
 14   -73.57824279151   +  -12.94       -7.20    4.7    5.08s
     5    -7.357824e+01     5.517360e-08
 * time: 1094.9216141700745
┌ Info: Threading setup: 
│   Threads.nthreads() = 1
│   n_DFTK = 1
│   n_fft = 1
└   n_blas = 1
┌ Info: 2025-05-15T16:31:45.964
│   name = "Si"
│   Ecut = 18.0
│   kgrid = MonkhorstPack([14, 14, 14])
│   p0 = ComponentVector{Float64}(a = 10.347246312603742)
│   temperature = 0.001
└   smearing = DFTK.Smearing.Gaussian()
┌ Info: 2025-05-15T16:35:44.894
│   name = "NaCl"
│   Ecut = 44.0
│   kgrid = MonkhorstPack([13, 13, 13])
│   p0 = ComponentVector{Float64}(a = 10.746130571470083)
│   temperature = 0
└   smearing = DFTK.Smearing.None()
┌ Info: 2025-05-15T16:55:57.555
│   name = "Al"
│   Ecut = 20.0
│   kgrid = MonkhorstPack([18, 18, 18])
│   p0 = ComponentVector{Float64}(a = 7.641925528121933)
│   temperature = 0.001
└   smearing = DFTK.Smearing.Gaussian()
┌ Info: 2025-05-15T16:59:58.766
│   name = "V"
│   Ecut = 42.0
│   kgrid = MonkhorstPack([20, 20, 20])
│   p0 = ComponentVector{Float64}(a = 5.699267600684394)
│   temperature = 0.001
└   smearing = DFTK.Smearing.Gaussian()
┌ Warning: Negative ρcore detected: -3.4151886922104144e-8
└ @ DFTK ~/.julia/packages/DFTK/n2IL4/src/terms/xc.jl:39
┌ Warning: Negative ρcore detected: Dual{ForwardDiff.Tag{var"#19#21"{@NamedTuple{ham::Hamiltonian, basis::PlaneWaveBasis{Float64, Float64, DFTK.CPU, FFTGrid{Float64, Float64, Array{StaticArraysCore.SVector{3, Int64}, 3}, Array{StaticArraysCore.SVector{3, Float64}, 3}}, Vector{StaticArraysCore.SVector{3, Int64}}}, energies::Energies{Float64}, converged::Bool, occupation_threshold::Float64, ρ::Array{Float64, 4}, τ::Nothing, α::Float64, eigenvalues::Vector{Vector{Float64}}, occupation::Vector{Vector{Float64}}, εF::Float64, n_bands_converge::Int64, n_iter::Int64, n_matvec::Int64, ψ::Vector{Matrix{ComplexF64}}, diagonalization::Vector{@NamedTuple{λ::Vector{Vector{Float64}}, X::Vector{Matrix{ComplexF64}}, residual_norms::Vector{Vector{Float64}}, n_iter::Vector{Int64}, converged::Bool, n_matvec::Int64}}, stage::Symbol, history_Δρ::Vector{Float64}, history_Etot::Vector{Float64}, timedout::Bool, runtime_ns::UInt64, algorithm::String}, Model{Float64, Float64}, Float64, MonkhorstPack, var"#case#4"{Matrix{Float64}, Float64, MonkhorstPack, Vector{StaticArraysCore.SVector{3, Float64}}, Vector{ElementPsp{PspUpf{Float64, Interpolations.Extrapolation{Float64, 1, Interpolations.GriddedInterpolation{Float64, 1, Vector{Float64}, Interpolations.Gridded{Interpolations.Linear{Interpolations.Throw{Interpolations.OnGrid}}}, Tuple{Vector{Float64}}}, Interpolations.Gridded{Interpolations.Linear{Interpolations.Throw{Interpolations.OnGrid}}}, Interpolations.Throw{Nothing}}}}}, Float64, Float64, String}}, Float64}}(-3.4151886922104144e-8,-1.2413273474001241e-8)
└ @ DFTK ~/.julia/packages/DFTK/n2IL4/src/terms/xc.jl:39
┌ Warning: Negative ρcore detected: -3.282318988397302e-8
└ @ DFTK ~/.julia/packages/DFTK/n2IL4/src/terms/xc.jl:39
┌ Warning: Negative ρcore detected: -3.282318988397302e-8
└ @ DFTK ~/.julia/packages/DFTK/n2IL4/src/terms/xc.jl:39
┌ Warning: Negative ρcore detected: Dual{ForwardDiff.Tag{var"#19#21"{@NamedTuple{ham::Hamiltonian, basis::PlaneWaveBasis{Float64, Float64, DFTK.CPU, FFTGrid{Float64, Float64, Array{StaticArraysCore.SVector{3, Int64}, 3}, Array{StaticArraysCore.SVector{3, Float64}, 3}}, Vector{StaticArraysCore.SVector{3, Int64}}}, energies::Energies{Float64}, converged::Bool, occupation_threshold::Float64, ρ::Array{Float64, 4}, τ::Nothing, α::Float64, eigenvalues::Vector{Vector{Float64}}, occupation::Vector{Vector{Float64}}, εF::Float64, n_bands_converge::Int64, n_iter::Int64, n_matvec::Int64, ψ::Vector{Matrix{ComplexF64}}, diagonalization::Vector{@NamedTuple{λ::Vector{Vector{Float64}}, X::Vector{Matrix{ComplexF64}}, residual_norms::Vector{Vector{Float64}}, n_iter::Vector{Int64}, converged::Bool, n_matvec::Int64}}, stage::Symbol, history_Δρ::Vector{Float64}, history_Etot::Vector{Float64}, timedout::Bool, runtime_ns::UInt64, algorithm::String}, Model{Float64, Float64}, Float64, MonkhorstPack, var"#case#4"{Matrix{Float64}, Float64, MonkhorstPack, Vector{StaticArraysCore.SVector{3, Float64}}, Vector{ElementPsp{PspUpf{Float64, Interpolations.Extrapolation{Float64, 1, Interpolations.GriddedInterpolation{Float64, 1, Vector{Float64}, Interpolations.Gridded{Interpolations.Linear{Interpolations.Throw{Interpolations.OnGrid}}}, Tuple{Vector{Float64}}}, Interpolations.Gridded{Interpolations.Linear{Interpolations.Throw{Interpolations.OnGrid}}}, Interpolations.Throw{Nothing}}}}}, Float64, Float64, String}}, Float64}}(-3.282318988397302e-8,-1.113950598386022e-7)
└ @ DFTK ~/.julia/packages/DFTK/n2IL4/src/terms/xc.jl:39
┌ Warning: Negative ρcore detected: -3.276428833558164e-8
└ @ DFTK ~/.julia/packages/DFTK/n2IL4/src/terms/xc.jl:39
┌ Warning: Negative ρcore detected: -3.276428833558164e-8
└ @ DFTK ~/.julia/packages/DFTK/n2IL4/src/terms/xc.jl:39
┌ Warning: Negative ρcore detected: Dual{ForwardDiff.Tag{var"#19#21"{@NamedTuple{ham::Hamiltonian, basis::PlaneWaveBasis{Float64, Float64, DFTK.CPU, FFTGrid{Float64, Float64, Array{StaticArraysCore.SVector{3, Int64}, 3}, Array{StaticArraysCore.SVector{3, Float64}, 3}}, Vector{StaticArraysCore.SVector{3, Int64}}}, energies::Energies{Float64}, converged::Bool, occupation_threshold::Float64, ρ::Array{Float64, 4}, τ::Nothing, α::Float64, eigenvalues::Vector{Vector{Float64}}, occupation::Vector{Vector{Float64}}, εF::Float64, n_bands_converge::Int64, n_iter::Int64, n_matvec::Int64, ψ::Vector{Matrix{ComplexF64}}, diagonalization::Vector{@NamedTuple{λ::Vector{Vector{Float64}}, X::Vector{Matrix{ComplexF64}}, residual_norms::Vector{Vector{Float64}}, n_iter::Vector{Int64}, converged::Bool, n_matvec::Int64}}, stage::Symbol, history_Δρ::Vector{Float64}, history_Etot::Vector{Float64}, timedout::Bool, runtime_ns::UInt64, algorithm::String}, Model{Float64, Float64}, Float64, MonkhorstPack, var"#case#4"{Matrix{Float64}, Float64, MonkhorstPack, Vector{StaticArraysCore.SVector{3, Float64}}, Vector{ElementPsp{PspUpf{Float64, Interpolations.Extrapolation{Float64, 1, Interpolations.GriddedInterpolation{Float64, 1, Vector{Float64}, Interpolations.Gridded{Interpolations.Linear{Interpolations.Throw{Interpolations.OnGrid}}}, Tuple{Vector{Float64}}}, Interpolations.Gridded{Interpolations.Linear{Interpolations.Throw{Interpolations.OnGrid}}}, Interpolations.Throw{Nothing}}}}}, Float64, Float64, String}}, Float64}}(-3.276428833558164e-8,6.1802767927173856e-9)
└ @ DFTK ~/.julia/packages/DFTK/n2IL4/src/terms/xc.jl:39
┌ Warning: Negative ρcore detected: -3.238485042326399e-8
└ @ DFTK ~/.julia/packages/DFTK/n2IL4/src/terms/xc.jl:39
┌ Warning: Negative ρcore detected: -3.238485042326399e-8
└ @ DFTK ~/.julia/packages/DFTK/n2IL4/src/terms/xc.jl:39
┌ Warning: Negative ρcore detected: Dual{ForwardDiff.Tag{var"#19#21"{@NamedTuple{ham::Hamiltonian, basis::PlaneWaveBasis{Float64, Float64, DFTK.CPU, FFTGrid{Float64, Float64, Array{StaticArraysCore.SVector{3, Int64}, 3}, Array{StaticArraysCore.SVector{3, Float64}, 3}}, Vector{StaticArraysCore.SVector{3, Int64}}}, energies::Energies{Float64}, converged::Bool, occupation_threshold::Float64, ρ::Array{Float64, 4}, τ::Nothing, α::Float64, eigenvalues::Vector{Vector{Float64}}, occupation::Vector{Vector{Float64}}, εF::Float64, n_bands_converge::Int64, n_iter::Int64, n_matvec::Int64, ψ::Vector{Matrix{ComplexF64}}, diagonalization::Vector{@NamedTuple{λ::Vector{Vector{Float64}}, X::Vector{Matrix{ComplexF64}}, residual_norms::Vector{Vector{Float64}}, n_iter::Vector{Int64}, converged::Bool, n_matvec::Int64}}, stage::Symbol, history_Δρ::Vector{Float64}, history_Etot::Vector{Float64}, timedout::Bool, runtime_ns::UInt64, algorithm::String}, Model{Float64, Float64}, Float64, MonkhorstPack, var"#case#4"{Matrix{Float64}, Float64, MonkhorstPack, Vector{StaticArraysCore.SVector{3, Float64}}, Vector{ElementPsp{PspUpf{Float64, Interpolations.Extrapolation{Float64, 1, Interpolations.GriddedInterpolation{Float64, 1, Vector{Float64}, Interpolations.Gridded{Interpolations.Linear{Interpolations.Throw{Interpolations.OnGrid}}}, Tuple{Vector{Float64}}}, Interpolations.Gridded{Interpolations.Linear{Interpolations.Throw{Interpolations.OnGrid}}}, Interpolations.Throw{Nothing}}}}}, Float64, Float64, String}}, Float64}}(-3.238485042326399e-8,5.897216981007397e-8)
└ @ DFTK ~/.julia/packages/DFTK/n2IL4/src/terms/xc.jl:39
┌ Warning: Negative ρcore detected: -3.2433387679350835e-8
└ @ DFTK ~/.julia/packages/DFTK/n2IL4/src/terms/xc.jl:39
┌ Warning: Negative ρcore detected: -3.2433387679350835e-8
└ @ DFTK ~/.julia/packages/DFTK/n2IL4/src/terms/xc.jl:39
┌ Warning: Negative ρcore detected: Dual{ForwardDiff.Tag{var"#19#21"{@NamedTuple{ham::Hamiltonian, basis::PlaneWaveBasis{Float64, Float64, DFTK.CPU, FFTGrid{Float64, Float64, Array{StaticArraysCore.SVector{3, Int64}, 3}, Array{StaticArraysCore.SVector{3, Float64}, 3}}, Vector{StaticArraysCore.SVector{3, Int64}}}, energies::Energies{Float64}, converged::Bool, occupation_threshold::Float64, ρ::Array{Float64, 4}, τ::Nothing, α::Float64, eigenvalues::Vector{Vector{Float64}}, occupation::Vector{Vector{Float64}}, εF::Float64, n_bands_converge::Int64, n_iter::Int64, n_matvec::Int64, ψ::Vector{Matrix{ComplexF64}}, diagonalization::Vector{@NamedTuple{λ::Vector{Vector{Float64}}, X::Vector{Matrix{ComplexF64}}, residual_norms::Vector{Vector{Float64}}, n_iter::Vector{Int64}, converged::Bool, n_matvec::Int64}}, stage::Symbol, history_Δρ::Vector{Float64}, history_Etot::Vector{Float64}, timedout::Bool, runtime_ns::UInt64, algorithm::String}, Model{Float64, Float64}, Float64, MonkhorstPack, var"#case#4"{Matrix{Float64}, Float64, MonkhorstPack, Vector{StaticArraysCore.SVector{3, Float64}}, Vector{ElementPsp{PspUpf{Float64, Interpolations.Extrapolation{Float64, 1, Interpolations.GriddedInterpolation{Float64, 1, Vector{Float64}, Interpolations.Gridded{Interpolations.Linear{Interpolations.Throw{Interpolations.OnGrid}}}, Tuple{Vector{Float64}}}, Interpolations.Gridded{Interpolations.Linear{Interpolations.Throw{Interpolations.OnGrid}}}, Interpolations.Throw{Nothing}}}}}, Float64, Float64, String}}, Float64}}(-3.2433387679350835e-8,5.5244239527259793e-8)
└ @ DFTK ~/.julia/packages/DFTK/n2IL4/src/terms/xc.jl:39
┌ Warning: Negative ρcore detected: -3.2433717125615684e-8
└ @ DFTK ~/.julia/packages/DFTK/n2IL4/src/terms/xc.jl:39
┌ Warning: Negative ρcore detected: -3.2433717125615684e-8
└ @ DFTK ~/.julia/packages/DFTK/n2IL4/src/terms/xc.jl:39
┌ Warning: Negative ρcore detected: Dual{ForwardDiff.Tag{var"#19#21"{@NamedTuple{ham::Hamiltonian, basis::PlaneWaveBasis{Float64, Float64, DFTK.CPU, FFTGrid{Float64, Float64, Array{StaticArraysCore.SVector{3, Int64}, 3}, Array{StaticArraysCore.SVector{3, Float64}, 3}}, Vector{StaticArraysCore.SVector{3, Int64}}}, energies::Energies{Float64}, converged::Bool, occupation_threshold::Float64, ρ::Array{Float64, 4}, τ::Nothing, α::Float64, eigenvalues::Vector{Vector{Float64}}, occupation::Vector{Vector{Float64}}, εF::Float64, n_bands_converge::Int64, n_iter::Int64, n_matvec::Int64, ψ::Vector{Matrix{ComplexF64}}, diagonalization::Vector{@NamedTuple{λ::Vector{Vector{Float64}}, X::Vector{Matrix{ComplexF64}}, residual_norms::Vector{Vector{Float64}}, n_iter::Vector{Int64}, converged::Bool, n_matvec::Int64}}, stage::Symbol, history_Δρ::Vector{Float64}, history_Etot::Vector{Float64}, timedout::Bool, runtime_ns::UInt64, algorithm::String}, Model{Float64, Float64}, Float64, MonkhorstPack, var"#case#4"{Matrix{Float64}, Float64, MonkhorstPack, Vector{StaticArraysCore.SVector{3, Float64}}, Vector{ElementPsp{PspUpf{Float64, Interpolations.Extrapolation{Float64, 1, Interpolations.GriddedInterpolation{Float64, 1, Vector{Float64}, Interpolations.Gridded{Interpolations.Linear{Interpolations.Throw{Interpolations.OnGrid}}}, Tuple{Vector{Float64}}}, Interpolations.Gridded{Interpolations.Linear{Interpolations.Throw{Interpolations.OnGrid}}}, Interpolations.Throw{Nothing}}}}}, Float64, Float64, String}}, Float64}}(-3.2433717125615684e-8,5.521800536149605e-8)
└ @ DFTK ~/.julia/packages/DFTK/n2IL4/src/terms/xc.jl:39
 * Status: success

 * Candidate solution
    Final objective value:     -7.357824e+01

 * Found with
    Algorithm:     L-BFGS

 * Convergence measures
    |x - x'|               = 5.96e-06 ≰ -1.0e+00
    |x - x'|/|x'|          = 1.07e-06 ≰ 0.0e+00
    |f(x) - f(x')|         = 3.06e-12 ≤ 1.0e-08
    |f(x) - f(x')|/|f(x')| = 4.15e-14 ≰ 0.0e+00
    |g(x)|                 = 5.52e-08 ≤ 1.0e-06

 * Work counters
    Seconds run:   1095  (vs limit Inf)
    Iterations:    5
    f(x) calls:    6
    ∇f(x) calls:   6

V: 1222.330010 seconds (869.96 M allocations: 409.153 GiB, 5.96% gc time, 0.01% compilation time)
