n     Energy            log10(ΔE)   log10(Δρ)   Diag   Δtime
---   ---------------   ---------   ---------   ----   ------
  1   -8.538611716852                   -0.97    7.0    10.6s
  2   -8.541971164981       -2.47       -1.67    2.5    4.91s
  3   -8.542032672534       -4.21       -2.46    3.6    1.55s
  4   -8.542035249666       -5.59       -3.75    3.6    1.89s
  5   -8.542035267363       -7.75       -4.41    4.3    1.76s
  6   -8.542035268198       -9.08       -5.05    4.1    1.99s
  7   -8.542035268258      -10.22       -5.94    3.8    1.55s
  8   -8.542035268259      -11.83       -7.10    4.1    2.02s
Iter     Function value   Gradient norm 
     0    -8.542035e+00     3.400120e-03
 * time: 8.106231689453125e-6
n     Energy            log10(ΔE)   log10(Δρ)   Diag   Δtime
---   ---------------   ---------   ---------   ----   ------
  1   -8.538613626955                   -0.97    7.3    2.60s
  2   -8.541981380834       -2.47       -1.66    2.5    1.19s
  3   -8.542043946481       -4.20       -2.46    3.8    1.87s
  4   -8.542046398264       -5.61       -3.75    3.7    1.60s
  5   -8.542046420270       -7.66       -4.41    4.3    2.08s
  6   -8.542046421089       -9.09       -5.05    4.1    1.64s
  7   -8.542046421146      -10.24       -5.83    3.9    1.89s
  8   -8.542046421148      -11.66       -7.01    4.1    1.61s
n     Energy            log10(ΔE)   log10(Δρ)   Diag   Δtime
---   ---------------   ---------   ---------   ----   ------
  1   -8.538608332895                   -0.97    7.3    2.55s
  2   -8.541979209362       -2.47       -1.66    2.5    1.22s
  3   -8.542043597540       -4.19       -2.47    3.7    1.86s
  4   -8.542046400918       -5.55       -3.75    3.6    1.97s
  5   -8.542046420166       -7.72       -4.44    4.4    1.75s
  6   -8.542046421080       -9.04       -5.06    4.2    1.96s
  7   -8.542046421146      -10.18       -5.89    3.9    1.59s
  8   -8.542046421148      -11.75       -7.06    4.1    1.91s
     1    -8.542046e+00     3.160114e-03
 * time: 41.96898102760315
n     Energy            log10(ΔE)   log10(Δρ)   Diag   Δtime
---   ---------------   ---------   ---------   ----   ------
  1   -8.538525768447                   -0.96    7.0    2.49s
  2   -8.542048882487       -2.45       -1.65    2.3    1.17s
  3   -8.542112710928       -4.19       -2.45    3.5    1.78s
  4   -8.542115983330       -5.49       -3.75    3.6    1.56s
  5   -8.542116007320       -7.62       -4.41    4.2    2.05s
  6   -8.542116008419       -8.96       -5.06    4.2    1.66s
  7   -8.542116008486      -10.18       -6.40    3.7    1.81s
  8   -8.542116008486      -12.58       -7.09    4.3    1.73s
n     Energy            log10(ΔE)   log10(Δρ)   Diag   Δtime
---   ---------------   ---------   ---------   ----   ------
  1   -8.538517177847                   -0.96    7.0    2.42s
  2   -8.542048410718       -2.45       -1.65    2.4    1.17s
  3   -8.542112888735       -4.19       -2.45    3.5    1.74s
  4   -8.542115984219       -5.51       -3.75    3.6    1.54s
  5   -8.542116007427       -7.63       -4.43    4.1    1.97s
  6   -8.542116008428       -9.00       -5.09    4.2    1.62s
  7   -8.542116008486      -10.23       -6.40    3.8    1.81s
  8   -8.542116008486      -12.70       -7.18    4.2    1.69s
     2    -8.542116e+00     7.451873e-05
 * time: 82.27472496032715
n     Energy            log10(ΔE)   log10(Δρ)   Diag   Δtime
---   ---------------   ---------   ---------   ----   ------
  1   -8.538508767186                   -0.96    6.9    2.39s
  2   -8.542044540480       -2.45       -1.65    2.4    1.49s
  3   -8.542112713915       -4.17       -2.46    3.5    1.50s
  4   -8.542116020499       -5.48       -3.75    3.4    1.77s
  5   -8.542116045078       -7.61       -4.44    4.2    1.69s
  6   -8.542116046035       -9.02       -5.09    4.0    1.88s
  7   -8.542116046093      -10.23       -6.26    3.8    1.51s
  8   -8.542116046094      -12.43       -7.15    4.1    1.91s
n     Energy            log10(ΔE)   log10(Δρ)   Diag   Δtime
---   ---------------   ---------   ---------   ----   ------
  1   -8.538515104096                   -0.96    6.9    2.40s
  2   -8.542046081014       -2.45       -1.65    2.4    1.45s
  3   -8.542112530493       -4.18       -2.45    3.7    1.48s
  4   -8.542116022869       -5.46       -3.74    3.6    1.85s
  5   -8.542116044895       -7.66       -4.38    4.1    1.69s
  6   -8.542116046043       -8.94       -5.11    4.1    1.91s
  7   -8.542116046094      -10.29       -6.37    3.9    1.56s
  8   -8.542116046094      -12.75       -7.15    4.0    1.94s
     3    -8.542116e+00     1.571069e-06
 * time: 121.41017007827759
n     Energy            log10(ΔE)   log10(Δρ)   Diag   Δtime
---   ---------------   ---------   ---------   ----   ------
  1   -8.538524078776                   -0.96    7.1    2.41s
  2   -8.542045009596       -2.45       -1.65    2.3    1.15s
  3   -8.542112907391       -4.17       -2.46    3.5    1.76s
  4   -8.542116020124       -5.51       -3.76    3.5    1.52s
  5   -8.542116045305       -7.60       -4.45    4.2    2.02s
  6   -8.542116046052       -9.13       -5.06    4.0    1.59s
  7   -8.542116046110      -10.24       -6.27    3.7    1.78s
  8   -8.542116046111      -12.40       -7.12    4.2    1.67s
n     Energy            log10(ΔE)   log10(Δρ)   Diag   Δtime
---   ---------------   ---------   ---------   ----   ------
  1   -8.538521991595                   -0.96    6.9    2.40s
  2   -8.542046277256       -2.45       -1.65    2.3    1.15s
  3   -8.542112749488       -4.18       -2.46    3.5    1.76s
  4   -8.542116022702       -5.49       -3.74    3.5    1.54s
  5   -8.542116045150       -7.65       -4.46    4.2    2.02s
  6   -8.542116046055       -9.04       -5.10    4.1    1.70s
  7   -8.542116046110      -10.26       -6.25    3.7    1.80s
  8   -8.542116046111      -12.40       -7.16    4.1    1.66s
     4    -8.542116e+00     5.284951e-09
 * time: 161.58225893974304
 * Status: success

 * Candidate solution
    Final objective value:     -8.542116e+00

 * Found with
    Algorithm:     L-BFGS

 * Convergence measures
    |x - x'|               = 2.13e-05 ≰ -1.0e+00
    |x - x'|/|x'|          = 2.07e-06 ≰ 0.0e+00
    |f(x) - f(x')|         = 1.68e-11 ≤ 1.0e-08
    |f(x) - f(x')|/|f(x')| = 1.97e-12 ≰ 0.0e+00
    |g(x)|                 = 5.28e-09 ≤ 1.0e-06

 * Work counters
    Seconds run:   162  (vs limit Inf)
    Iterations:    4
    f(x) calls:    5
    ∇f(x) calls:   5

Si: 231.713114 seconds (366.28 M allocations: 72.592 GiB, 8.28% gc time, 20.77% compilation time: <1% of which was recompilation)
n     Energy            log10(ΔE)   log10(Δρ)   Diag   Δtime
---   ---------------   ---------   ---------   ----   ------
  1   -62.39969529276                   -1.24    8.7    19.5s
  2   -62.40195698987       -2.65       -1.26    2.5    7.73s
  3   -62.40587614415       -2.41       -2.13    3.8    9.49s
  4   -62.40589187888       -4.80       -2.65    4.0    10.4s
  5   -62.40589665040       -5.32       -3.65    3.3    8.69s
  6   -62.40589665825       -8.10       -4.61    4.1    10.3s
  7   -62.40589665844       -9.73       -5.85    4.3    11.0s
  8   -62.40589665844      -12.01       -6.93    4.2    10.8s
  9   -62.40589665844   +  -13.85       -7.74    4.2    10.3s
Iter     Function value   Gradient norm 
     0    -6.240590e+01     1.440964e-02
 * time: 6.198883056640625e-6
n     Energy            log10(ΔE)   log10(Δρ)   Diag   Δtime
---   ---------------   ---------   ---------   ----   ------
  1   -62.39994054261                   -1.24    8.5    16.3s
  2   -62.40220875779       -2.64       -1.26    2.5    7.13s
  3   -62.40608270998       -2.41       -2.13    3.7    9.29s
  4   -62.40609801801       -4.82       -2.65    3.9    10.2s
  5   -62.40610283240       -5.32       -3.64    3.2    8.67s
  6   -62.40610284019       -8.11       -4.61    4.1    10.4s
  7   -62.40610284038       -9.72       -5.83    4.2    10.9s
  8   -62.40610284038      -12.07       -6.92    4.2    10.7s
  9   -62.40610284038      -13.45       -7.74    4.2    10.5s
n     Energy            log10(ΔE)   log10(Δρ)   Diag   Δtime
---   ---------------   ---------   ---------   ----   ------
  1   -62.39993902782                   -1.24    8.4    16.9s
  2   -62.40220698269       -2.64       -1.26    2.4    7.20s
  3   -62.40608254341       -2.41       -2.13    3.7    9.36s
  4   -62.40609803375       -4.81       -2.65    3.9    10.0s
  5   -62.40610283205       -5.32       -3.64    3.2    8.89s
  6   -62.40610284017       -8.09       -4.57    4.1    10.4s
  7   -62.40610284038       -9.68       -5.88    4.2    10.7s
  8   -62.40610284038      -12.02       -6.84    4.3    11.0s
  9   -62.40610284038   +  -13.11       -7.68    4.2    10.3s
     1    -6.240610e+01     1.420698e-02
 * time: 222.68035101890564
n     Energy            log10(ΔE)   log10(Δρ)   Diag   Δtime
---   ---------------   ---------   ---------   ----   ------
  1   -62.40362798992                   -1.24    8.4    14.6s
  2   -62.40654599995       -2.53       -1.32    2.8    6.90s
  3   -62.40895796004       -2.62       -2.20    3.8    8.59s
  4   -62.40897033344       -4.91       -2.85    3.9    8.84s
  5   -62.40897158988       -5.90       -3.75    3.6    8.33s
  6   -62.40897159340       -8.45       -4.51    4.1    9.32s
  7   -62.40897159361       -9.67       -5.97    3.9    8.95s
  8   -62.40897159361      -12.26       -7.30    4.3    10.0s
n     Energy            log10(ΔE)   log10(Δρ)   Diag   Δtime
---   ---------------   ---------   ---------   ----   ------
  1   -62.40362752276                   -1.24    8.4    14.5s
  2   -62.40653682476       -2.54       -1.31    2.8    6.76s
  3   -62.40895784517       -2.62       -2.20    3.9    8.48s
  4   -62.40897039513       -4.90       -2.86    3.9    8.85s
  5   -62.40897158988       -5.92       -3.75    3.6    8.24s
  6   -62.40897159340       -8.45       -4.52    4.0    9.24s
  7   -62.40897159361       -9.68       -5.92    4.0    8.88s
  8   -62.40897159361      -12.21       -7.27    4.3    9.75s
     2    -6.240897e+01     1.391246e-02
 * time: 399.33011198043823
n     Energy            log10(ΔE)   log10(Δρ)   Diag   Δtime
---   ---------------   ---------   ---------   ----   ------
  1   -62.40561402174                   -1.25    8.5    15.0s
  2   -62.40811520141       -2.60       -1.30    2.6    6.71s
  3   -62.41100329589       -2.54       -2.18    3.8    8.61s
  4   -62.41101522945       -4.92       -2.75    4.0    9.19s
  5   -62.41101792202       -5.57       -3.72    3.3    8.00s
  6   -62.41101792660       -8.34       -4.62    4.2    9.54s
  7   -62.41101792674       -9.84       -6.01    4.3    9.78s
  8   -62.41101792674      -12.26       -7.23    4.4    10.1s
n     Energy            log10(ΔE)   log10(Δρ)   Diag   Δtime
---   ---------------   ---------   ---------   ----   ------
  1   -62.40561026312                   -1.25    8.6    15.4s
  2   -62.40811885637       -2.60       -1.30    2.6    6.77s
  3   -62.41100335971       -2.54       -2.18    3.8    8.75s
  4   -62.41101518388       -4.93       -2.74    4.0    9.22s
  5   -62.41101792197       -5.56       -3.72    3.3    8.15s
  6   -62.41101792659       -8.34       -4.61    4.3    9.70s
  7   -62.41101792674       -9.82       -5.91    4.3    10.1s
  8   -62.41101792674      -12.38       -7.29    4.3    9.89s
     3    -6.241102e+01     4.050846e-03
 * time: 582.1482729911804
n     Energy            log10(ΔE)   log10(Δρ)   Diag   Δtime
---   ---------------   ---------   ---------   ----   ------
  1   -62.40596963686                   -1.25    8.5    15.1s
  2   -62.40853811372       -2.59       -1.31    2.6    6.55s
  3   -62.41128335119       -2.56       -2.19    3.9    8.72s
  4   -62.41129502706       -4.93       -2.77    4.0    8.99s
  5   -62.41129732148       -5.64       -3.74    3.5    8.24s
  6   -62.41129732533       -8.41       -4.63    4.1    9.41s
  7   -62.41129732546       -9.87       -5.96    4.3    10.1s
  8   -62.41129732546      -12.30       -7.32    4.3    10.2s
n     Energy            log10(ΔE)   log10(Δρ)   Diag   Δtime
---   ---------------   ---------   ---------   ----   ------
  1   -62.40596765791                   -1.25    8.7    15.4s
  2   -62.40854019365       -2.59       -1.31    2.7    6.72s
  3   -62.41128312643       -2.56       -2.19    3.9    8.76s
  4   -62.41129502504       -4.92       -2.77    4.0    9.06s
  5   -62.41129732110       -5.64       -3.73    3.5    8.18s
  6   -62.41129732531       -8.38       -4.60    4.1    9.35s
  7   -62.41129732546       -9.83       -6.01    4.3    9.60s
  8   -62.41129732546      -12.36       -7.24    4.5    10.1s
     4    -6.241130e+01     8.374179e-04
 * time: 764.4611790180206
n     Energy            log10(ΔE)   log10(Δρ)   Diag   Δtime
---   ---------------   ---------   ---------   ----   ------
  1   -62.40599055805                   -1.25    8.4    14.7s
  2   -62.40858045789       -2.59       -1.31    2.6    6.55s
  3   -62.41129475938       -2.57       -2.19    3.8    8.62s
  4   -62.41130647255       -4.93       -2.78    3.9    8.95s
  5   -62.41130865329       -5.66       -3.75    3.5    8.14s
  6   -62.41130865697       -8.44       -4.64    4.1    9.37s
  7   -62.41130865710       -9.89       -5.98    4.2    9.65s
  8   -62.41130865710      -12.29       -7.25    4.3    10.0s
n     Energy            log10(ΔE)   log10(Δρ)   Diag   Δtime
---   ---------------   ---------   ---------   ----   ------
  1   -62.40599144103                   -1.25    8.4    15.2s
  2   -62.40857853365       -2.59       -1.31    2.6    6.83s
  3   -62.41129486861       -2.57       -2.19    3.8    8.81s
  4   -62.41130652251       -4.93       -2.79    3.9    9.14s
  5   -62.41130865350       -5.67       -3.76    3.4    8.24s
  6   -62.41130865698       -8.46       -4.67    4.1    9.43s
  7   -62.41130865710       -9.92       -5.88    4.2    9.77s
  8   -62.41130865710      -12.27       -7.35    4.2    9.92s
     5    -6.241131e+01     7.087106e-05
 * time: 946.8563141822815
n     Energy            log10(ΔE)   log10(Δρ)   Diag   Δtime
---   ---------------   ---------   ---------   ----   ------
  1   -62.40598482138                   -1.25    8.7    15.2s
  2   -62.40857942621       -2.59       -1.31    2.7    6.71s
  3   -62.41129413117       -2.57       -2.19    3.9    8.51s
  4   -62.41130647044       -4.91       -2.76    4.0    9.13s
  5   -62.41130873131       -5.65       -3.69    3.5    8.02s
  6   -62.41130873677       -8.26       -4.50    4.1    9.12s
  7   -62.41130873700       -9.64       -6.02    4.1    9.17s
  8   -62.41130873700      -12.38       -7.28    4.4    10.0s
n     Energy            log10(ΔE)   log10(Δρ)   Diag   Δtime
---   ---------------   ---------   ---------   ----   ------
  1   -62.40598761924                   -1.25    8.7    15.4s
  2   -62.40858011460       -2.59       -1.31    2.7    6.64s
  3   -62.41129474264       -2.57       -2.19    3.9    8.75s
  4   -62.41130644088       -4.93       -2.77    4.1    9.24s
  5   -62.41130873253       -5.64       -3.72    3.6    8.24s
  6   -62.41130873683       -8.37       -4.57    4.1    9.58s
  7   -62.41130873700       -9.76       -5.95    4.2    9.41s
  8   -62.41130873700      -12.34       -7.31    4.3    9.92s
     6    -6.241131e+01     1.099179e-06
 * time: 1127.5486149787903
n     Energy            log10(ΔE)   log10(Δρ)   Diag   Δtime
---   ---------------   ---------   ---------   ----   ------
  1   -62.40598783175                   -1.25    8.8    15.2s
  2   -62.40857243864       -2.59       -1.31    2.7    6.56s
  3   -62.41129478641       -2.57       -2.19    3.9    8.43s
  4   -62.41130658885       -4.93       -2.78    4.1    8.97s
  5   -62.41130873308       -5.67       -3.74    3.5    7.89s
  6   -62.41130873687       -8.42       -4.61    4.1    9.02s
  7   -62.41130873702       -9.84       -5.97    4.3    9.36s
  8   -62.41130873702      -12.42       -7.31    4.4    9.64s
n     Energy            log10(ΔE)   log10(Δρ)   Diag   Δtime
---   ---------------   ---------   ---------   ----   ------
  1   -62.40598892203                   -1.25    8.9    15.2s
  2   -62.40858592302       -2.59       -1.31    2.7    6.56s
  3   -62.41129436088       -2.57       -2.19    3.9    8.45s
  4   -62.41130643093       -4.92       -2.76    3.9    8.74s
  5   -62.41130873171       -5.64       -3.70    3.5    7.96s
  6   -62.41130873680       -8.29       -4.51    4.1    8.88s
  7   -62.41130873702       -9.66       -5.97    4.1    8.80s
  8   -62.41130873702      -12.22       -7.26    4.5    9.73s
     7    -6.241131e+01     1.809427e-08
 * time: 1304.5262501239777
 * Status: success

 * Candidate solution
    Final objective value:     -6.241131e+01

 * Found with
    Algorithm:     L-BFGS

 * Convergence measures
    |x - x'|               = 3.50e-05 ≰ -1.0e+00
    |x - x'|/|x'|          = 3.47e-06 ≰ 0.0e+00
    |f(x) - f(x')|         = 1.94e-11 ≤ 1.0e-08
    |f(x) - f(x')|/|f(x')| = 3.11e-13 ≰ 0.0e+00
    |g(x)|                 = 1.81e-08 ≤ 1.0e-06

 * Work counters
    Seconds run:   1305  (vs limit Inf)
    Iterations:    7
    f(x) calls:    8
    ∇f(x) calls:   8

NaCl: 1427.063415 seconds (1.38 G allocations: 394.058 GiB, 5.09% gc time, 0.23% compilation time)
n     Energy            log10(ΔE)   log10(Δρ)   Diag   Δtime
---   ---------------   ---------   ---------   ----   ------
  1   -2.335379667458                   -1.56    5.5    1.69s
  2   -2.335515373387       -3.87       -1.92    1.3    990ms
  3   -2.335558643490       -4.36       -2.85    3.6    1.28s
  4   -2.335560415870       -5.75       -3.61    3.8    1.63s
  5   -2.335560446337       -7.52       -4.02    3.0    1.10s
  6   -2.335560454043       -8.11       -4.67    3.2    1.19s
  7   -2.335560454669       -9.20       -5.43    3.6    1.46s
  8   -2.335560454674      -11.28       -6.11    3.1    1.16s
  9   -2.335560454674      -12.47       -6.59    3.0    1.33s
 10   -2.335560454674      -13.25       -7.33    3.2    1.15s
Iter     Function value   Gradient norm 
     0    -2.335560e+00     7.544796e-03
 * time: 5.0067901611328125e-6
n     Energy            log10(ΔE)   log10(Δρ)   Diag   Δtime
---   ---------------   ---------   ---------   ----   ------
  1   -2.335435269478                   -1.56    5.5    1.68s
  2   -2.335572384424       -3.86       -1.92    1.2    965ms
  3   -2.335614349129       -4.38       -2.85    3.5    1.26s
  4   -2.335616060141       -5.77       -3.61    3.8    1.61s
  5   -2.335616088787       -7.54       -4.02    2.9    1.12s
  6   -2.335616096390       -8.12       -4.68    3.1    1.43s
  7   -2.335616096983       -9.23       -5.44    3.5    1.32s
  8   -2.335616096988      -11.28       -6.14    3.1    1.43s
  9   -2.335616096989      -12.53       -6.52    3.0    1.08s
 10   -2.335616096989      -13.31       -7.18    3.0    1.15s
n     Energy            log10(ΔE)   log10(Δρ)   Diag   Δtime
---   ---------------   ---------   ---------   ----   ------
  1   -2.335436832029                   -1.56    5.5    1.96s
  2   -2.335572046287       -3.87       -1.92    1.3    710ms
  3   -2.335614319514       -4.37       -2.85    3.6    1.56s
  4   -2.335616058296       -5.76       -3.61    3.7    1.38s
  5   -2.335616088365       -7.52       -4.01    3.0    1.43s
  6   -2.335616096376       -8.10       -4.67    3.1    1.15s
  7   -2.335616096983       -9.22       -5.42    3.5    1.53s
  8   -2.335616096988      -11.27       -6.14    3.0    1.16s
  9   -2.335616096989      -12.49       -6.54    3.0    1.41s
 10   -2.335616096989      -13.28       -7.15    3.0    1.14s
     1    -2.335616e+00     7.205673e-03
 * time: 55.597975969314575
n     Energy            log10(ΔE)   log10(Δρ)   Diag   Δtime
---   ---------------   ---------   ---------   ----   ------
  1   -2.336053332301                   -1.58    5.4    1.53s
  2   -2.336193829470       -3.85       -1.94    1.1    811ms
  3   -2.336233409336       -4.40       -2.94    3.7    1.03s
  4   -2.336234565231       -5.94       -3.75    3.9    1.34s
  5   -2.336234586566       -7.67       -4.11    3.1    906ms
  6   -2.336234592888       -8.20       -4.84    3.0    1.11s
  7   -2.336234593351       -9.33       -5.47    3.6    989ms
  8   -2.336234593356      -11.31       -6.18    2.9    1.08s
  9   -2.336234593357      -12.36       -6.81    3.0    849ms
 10   -2.336234593357      -14.10       -7.18    3.3    1.21s
n     Energy            log10(ΔE)   log10(Δρ)   Diag   Δtime
---   ---------------   ---------   ---------   ----   ------
  1   -2.336050505536                   -1.58    5.4    1.58s
  2   -2.336193059307       -3.85       -1.94    1.2    560ms
  3   -2.336233413668       -4.39       -2.93    3.7    1.29s
  4   -2.336234566290       -5.94       -3.76    3.9    1.08s
  5   -2.336234586554       -7.69       -4.12    3.2    1.20s
  6   -2.336234592876       -8.20       -4.84    3.1    890ms
  7   -2.336234593351       -9.32       -5.44    3.7    1.29s
  8   -2.336234593356      -11.31       -6.18    2.9    860ms
  9   -2.336234593357      -12.27       -6.87    3.1    1.19s
 10   -2.336234593357      -14.51       -7.21    3.5    991ms
     2    -2.336235e+00     7.253783e-04
 * time: 106.40349292755127
n     Energy            log10(ΔE)   log10(Δρ)   Diag   Δtime
---   ---------------   ---------   ---------   ----   ------
  1   -2.336056067057                   -1.58    5.5    1.32s
  2   -2.336199775147       -3.84       -1.94    1.2    810ms
  3   -2.336240656735       -4.39       -2.94    3.6    1.02s
  4   -2.336241785182       -5.95       -3.77    3.8    1.37s
  5   -2.336241805079       -7.70       -4.12    3.1    927ms
  6   -2.336241811191       -8.21       -4.84    3.1    1.17s
  7   -2.336241811650       -9.34       -5.40    3.6    1.01s
  8   -2.336241811655      -11.27       -6.19    2.8    1.12s
  9   -2.336241811656      -12.27       -6.79    3.2    915ms
 10   -2.336241811656      -13.61       -7.11    3.3    1.23s
n     Energy            log10(ΔE)   log10(Δρ)   Diag   Δtime
---   ---------------   ---------   ---------   ----   ------
  1   -2.336060865426                   -1.58    5.5    1.61s
  2   -2.336201395635       -3.85       -1.94    1.2    570ms
  3   -2.336240654495       -4.41       -2.94    3.6    1.28s
  4   -2.336241784438       -5.95       -3.75    3.9    1.11s
  5   -2.336241804839       -7.69       -4.11    3.1    1.21s
  6   -2.336241811207       -8.20       -4.85    3.1    934ms
  7   -2.336241811650       -9.35       -5.43    3.7    1.33s
  8   -2.336241811655      -11.32       -6.18    2.9    881ms
  9   -2.336241811656      -12.20       -6.95    3.2    1.20s
 10   -2.336241811656      -13.83       -7.29    3.5    1.02s
     3    -2.336242e+00     8.236214e-05
 * time: 157.24307894706726
n     Energy            log10(ΔE)   log10(Δρ)   Diag   Δtime
---   ---------------   ---------   ---------   ----   ------
  1   -2.336062258207                   -1.58    5.7    1.38s
  2   -2.336201852294       -3.86       -1.94    1.3    855ms
  3   -2.336240755104       -4.41       -2.94    3.5    1.02s
  4   -2.336241881420       -5.95       -3.75    4.0    1.41s
  5   -2.336241901359       -7.70       -4.11    3.2    949ms
  6   -2.336241907523       -8.21       -4.85    3.1    1.21s
  7   -2.336241907961       -9.36       -5.43    3.8    1.07s
  8   -2.336241907965      -11.34       -6.19    3.0    1.18s
  9   -2.336241907966      -12.21       -6.91    3.2    933ms
 10   -2.336241907966      -13.73       -7.22    3.5    1.32s
n     Energy            log10(ΔE)   log10(Δρ)   Diag   Δtime
---   ---------------   ---------   ---------   ----   ------
  1   -2.336060711289                   -1.58    5.6    1.64s
  2   -2.336202114672       -3.85       -1.94    1.3    592ms
  3   -2.336240768530       -4.41       -2.94    3.7    1.29s
  4   -2.336241880848       -5.95       -3.76    4.0    1.11s
  5   -2.336241901292       -7.69       -4.11    3.3    1.23s
  6   -2.336241907530       -8.20       -4.86    3.1    932ms
  7   -2.336241907961       -9.37       -5.44    3.9    1.33s
  8   -2.336241907965      -11.35       -6.19    2.9    895ms
  9   -2.336241907966      -12.22       -6.95    3.1    1.19s
 10   -2.336241907966      -13.78       -7.33    3.5    1.02s
     4    -2.336242e+00     1.481698e-06
 * time: 208.97516584396362
n     Energy            log10(ΔE)   log10(Δρ)   Diag   Δtime
---   ---------------   ---------   ---------   ----   ------
  1   -2.336060621042                   -1.58    5.6    1.37s
  2   -2.336201921211       -3.85       -1.94    1.4    840ms
  3   -2.336240771477       -4.41       -2.94    3.7    1.02s
  4   -2.336241881257       -5.95       -3.76    4.0    1.35s
  5   -2.336241901425       -7.70       -4.12    3.2    945ms
  6   -2.336241907555       -8.21       -4.85    3.0    1.13s
  7   -2.336241907992       -9.36       -5.42    3.8    1.03s
  8   -2.336241907997      -11.31       -6.16    3.0    1.15s
  9   -2.336241907998      -12.15       -6.97    3.2    925ms
 10   -2.336241907998      -13.86       -7.28    3.6    1.30s
n     Energy            log10(ΔE)   log10(Δρ)   Diag   Δtime
---   ---------------   ---------   ---------   ----   ------
  1   -2.336059689884                   -1.58    5.6    1.71s
  2   -2.336201004138       -3.85       -1.94    1.3    594ms
  3   -2.336240770894       -4.40       -2.94    3.7    1.34s
  4   -2.336241882079       -5.95       -3.77    4.0    1.13s
  5   -2.336241901333       -7.72       -4.12    3.2    1.21s
  6   -2.336241907541       -8.21       -4.85    3.1    912ms
  7   -2.336241907992       -9.35       -5.42    3.8    1.30s
  8   -2.336241907997      -11.32       -6.18    2.9    869ms
  9   -2.336241907998      -12.21       -6.87    3.1    1.18s
 10   -2.336241907998      -13.68       -7.19    3.4    1.00s
     5    -2.336242e+00     2.554382e-10
 * time: 261.2396080493927
 * Status: success

 * Candidate solution
    Final objective value:     -2.336242e+00

 * Found with
    Algorithm:     L-BFGS

 * Convergence measures
    |x - x'|               = 4.21e-05 ≰ -1.0e+00
    |x - x'|/|x'|          = 5.38e-06 ≰ 0.0e+00
    |f(x) - f(x')|         = 3.17e-11 ≤ 1.0e-08
    |f(x) - f(x')|/|f(x')| = 1.36e-11 ≰ 0.0e+00
    |g(x)|                 = 2.55e-10 ≤ 1.0e-06

 * Work counters
    Seconds run:   261  (vs limit Inf)
    Iterations:    5
    f(x) calls:    6
    ∇f(x) calls:   6

Al: 293.808509 seconds (284.52 M allocations: 70.221 GiB, 7.17% gc time, 0.00% compilation time)
n     Energy            log10(ΔE)   log10(Δρ)   Diag   Δtime
---   ---------------   ---------   ---------   ----   ------
  1   -74.06259539087                   -0.85    9.6    8.93s
  2   -74.07400688080       -1.94       -1.05    5.0    5.36s
  3   -74.08051169137       -2.19       -1.40    6.6    7.10s
  4   -74.08161394388       -2.96       -1.87    5.6    5.83s
  5   -74.08168124942       -4.17       -2.35    5.0    5.44s
  6   -74.08169543696       -4.85       -3.23    5.2    5.67s
  7   -74.08169542975   +   -8.14       -3.55    5.3    5.79s
  8   -74.08169547264       -7.37       -4.10    5.4    5.57s
  9   -74.08169547557       -8.53       -4.57    5.3    5.67s
 10   -74.08169547598       -9.39       -5.31    5.1    5.57s
 11   -74.08169547597   +  -11.23       -5.63    5.7    5.91s
 12   -74.08169547598      -10.98       -6.77    5.4    5.56s
 13   -74.08169547598   +  -12.64       -7.05    5.7    6.20s
Iter     Function value   Gradient norm 
     0    -7.408170e+01     3.219316e-02
 * time: 4.0531158447265625e-6
n     Energy            log10(ΔE)   log10(Δρ)   Diag   Δtime
---   ---------------   ---------   ---------   ----   ------
  1   -74.06403953522                   -0.85    9.6    8.95s
  2   -74.07517896890       -1.95       -1.05    4.9    5.20s
  3   -74.08152163769       -2.20       -1.41    6.5    6.92s
  4   -74.08258750478       -2.97       -1.89    5.6    5.71s
  5   -74.08264797978       -4.22       -2.38    4.9    5.38s
  6   -74.08266086040       -4.89       -3.25    5.0    5.64s
  7   -74.08266083364   +   -7.57       -3.53    5.3    5.67s
  8   -74.08266088594       -7.28       -4.11    5.4    5.40s
  9   -74.08266088918       -8.49       -4.58    5.3    5.69s
 10   -74.08266088951       -9.49       -5.26    5.1    5.37s
 11   -74.08266088952      -10.81       -5.76    5.4    5.66s
 12   -74.08266088953      -11.47       -6.49    5.3    5.53s
 13   -74.08266088953   +  -12.89       -7.14    5.1    5.41s
n     Energy            log10(ΔE)   log10(Δρ)   Diag   Δtime
---   ---------------   ---------   ---------   ----   ------
  1   -74.06404759706                   -0.85    9.5    9.17s
  2   -74.07518051787       -1.95       -1.05    4.9    5.18s
  3   -74.08152027017       -2.20       -1.41    6.4    6.79s
  4   -74.08258754335       -2.97       -1.89    5.6    5.68s
  5   -74.08264794494       -4.22       -2.38    5.0    5.45s
  6   -74.08266086032       -4.89       -3.25    5.1    5.63s
  7   -74.08266083286   +   -7.56       -3.53    5.4    5.82s
  8   -74.08266088602       -7.27       -4.12    5.3    5.54s
  9   -74.08266088915       -8.50       -4.58    5.3    5.74s
 10   -74.08266088951       -9.45       -5.27    5.1    5.48s
 11   -74.08266088952      -10.83       -5.75    5.5    5.83s
 12   -74.08266088953      -11.45       -6.50    5.3    5.66s
 13   -74.08266088953   +  -12.77       -7.15    5.1    5.61s
     1    -7.408266e+01     2.774539e-02
 * time: 213.6439380645752
n     Energy            log10(ΔE)   log10(Δρ)   Diag   Δtime
---   ---------------   ---------   ---------   ----   ------
  1   -74.06925642541                   -0.87    9.5    11.1s
  2   -74.07886146541       -2.02       -1.07    4.7    6.40s
  3   -74.08424125066       -2.27       -1.46    6.3    8.38s
  4   -74.08498289695       -3.13       -1.87    5.4    6.89s
  5   -74.08507921928       -4.02       -2.83    5.2    7.08s
  6   -74.08507937266       -6.81       -3.35    4.7    6.81s
  7   -74.08507938503       -7.91       -3.92    4.5    6.40s
  8   -74.08507938565       -9.20       -4.30    4.2    6.13s
  9   -74.08507938558   +  -10.14       -4.78    4.0    5.70s
 10   -74.08507938572       -9.85       -5.35    4.4    6.26s
 11   -74.08507938575      -10.60       -6.18    5.3    7.06s
 12   -74.08507938575   +  -13.85       -6.44    4.4    6.48s
 13   -74.08507938575      -12.16       -7.19    5.0    6.89s
n     Energy            log10(ΔE)   log10(Δρ)   Diag   Δtime
---   ---------------   ---------   ---------   ----   ------
  1   -74.06925466812                   -0.87    9.5    10.8s
  2   -74.07886508393       -2.02       -1.07    4.7    6.30s
  3   -74.08423986167       -2.27       -1.46    6.4    8.14s
  4   -74.08498376372       -3.13       -1.87    5.4    6.75s
  5   -74.08507922201       -4.02       -2.83    5.3    6.93s
  6   -74.08507937000       -6.83       -3.34    4.5    6.63s
  7   -74.08507938502       -7.82       -3.93    4.7    6.53s
  8   -74.08507938566       -9.20       -4.30    4.3    6.18s
  9   -74.08507938558   +  -10.14       -4.78    4.0    5.65s
 10   -74.08507938572       -9.85       -5.35    4.5    6.31s
 11   -74.08507938575      -10.61       -6.18    5.2    6.99s
 12   -74.08507938575   +  -13.85       -6.43    4.3    6.32s
 13   -74.08507938575      -12.18       -7.16    5.0    6.78s
     2    -7.408508e+01     5.268096e-03
 * time: 453.9446098804474
n     Energy            log10(ΔE)   log10(Δρ)   Diag   Δtime
---   ---------------   ---------   ---------   ----   ------
  1   -74.06880169155                   -0.87    9.4    10.8s
  2   -74.07874776204       -2.00       -1.07    4.7    6.14s
  3   -74.08427378228       -2.26       -1.45    6.2    7.93s
  4   -74.08503769181       -3.12       -1.84    5.3    6.59s
  5   -74.08515261810       -3.94       -2.76    5.3    6.97s
  6   -74.08515286087       -6.61       -3.32    5.1    7.14s
  7   -74.08515286788       -8.15       -3.94    3.7    5.62s
  8   -74.08515286830       -9.37       -4.30    3.7    5.61s
  9   -74.08515286842       -9.93       -4.87    3.2    5.23s
 10   -74.08515286853       -9.97       -5.49    4.7    6.64s
 11   -74.08515286853      -11.38       -6.05    5.5    7.28s
 12   -74.08515286853   +  -13.07       -6.60    4.8    6.68s
 13   -74.08515286853   +  -12.62       -7.21    5.3    7.14s
n     Energy            log10(ΔE)   log10(Δρ)   Diag   Δtime
---   ---------------   ---------   ---------   ----   ------
  1   -74.06880680723                   -0.87    9.4    10.9s
  2   -74.07875004663       -2.00       -1.07    4.7    6.67s
  3   -74.08427305350       -2.26       -1.45    6.3    8.21s
  4   -74.08503782882       -3.12       -1.84    5.2    6.60s
  5   -74.08515263292       -3.94       -2.77    5.3    6.87s
  6   -74.08515285597       -6.65       -3.32    4.9    6.88s
  7   -74.08515286784       -7.93       -3.94    3.9    5.81s
  8   -74.08515286830       -9.34       -4.30    3.8    5.71s
  9   -74.08515286841       -9.97       -4.85    3.0    4.99s
 10   -74.08515286853       -9.93       -5.49    4.7    6.54s
 11   -74.08515286853      -11.38       -6.04    5.5    7.20s
 12   -74.08515286853   +  -13.25       -6.57    4.8    6.68s
 13   -74.08515286853   +  -12.59       -7.17    5.4    7.08s
     3    -7.408515e+01     6.439578e-04
 * time: 693.9755539894104
n     Energy            log10(ΔE)   log10(Δρ)   Diag   Δtime
---   ---------------   ---------   ---------   ----   ------
  1   -74.06886684589                   -0.87    9.6    11.3s
  2   -74.07877847771       -2.00       -1.07    4.8    6.39s
  3   -74.08427627448       -2.26       -1.45    6.4    8.12s
  4   -74.08504189223       -3.12       -1.84    5.3    6.63s
  5   -74.08515381599       -3.95       -2.79    5.3    6.93s
  6   -74.08515400268       -6.73       -3.32    4.8    6.60s
  7   -74.08515401555       -7.89       -3.95    4.2    5.85s
  8   -74.08515401607       -9.29       -4.29    4.2    5.85s
  9   -74.08515401616      -10.04       -4.86    2.8    4.74s
 10   -74.08515401628       -9.90       -5.49    4.8    6.56s
 11   -74.08515401629      -11.04       -6.05    5.5    7.21s
 12   -74.08515401629      -12.55       -6.57    4.8    6.56s
 13   -74.08515401629      -13.85       -7.19    5.3    7.04s
n     Energy            log10(ΔE)   log10(Δρ)   Diag   Δtime
---   ---------------   ---------   ---------   ----   ------
  1   -74.06885513436                   -0.87    9.5    11.2s
  2   -74.07876984801       -2.00       -1.07    4.8    6.86s
  3   -74.08427928398       -2.26       -1.45    6.3    8.35s
  4   -74.08504076969       -3.12       -1.84    5.3    6.88s
  5   -74.08515379838       -3.95       -2.78    5.2    7.07s
  6   -74.08515400379       -6.69       -3.32    4.8    6.84s
  7   -74.08515401539       -7.94       -3.94    4.0    5.72s
  8   -74.08515401603       -9.20       -4.30    4.1    5.81s
  9   -74.08515401616       -9.88       -4.86    3.3    5.13s
 10   -74.08515401628       -9.90       -5.51    4.7    6.57s
 11   -74.08515401629      -11.09       -6.06    5.5    7.25s
 12   -74.08515401629      -12.64       -6.60    4.8    6.59s
 13   -74.08515401629      -12.81       -7.21    5.4    7.10s
     4    -7.408515e+01     1.101465e-05
 * time: 934.3248980045319
n     Energy            log10(ΔE)   log10(Δρ)   Diag   Δtime
---   ---------------   ---------   ---------   ----   ------
  1   -74.06886831722                   -0.87    9.6    11.5s
  2   -74.07876576089       -2.00       -1.07    4.7    6.42s
  3   -74.08427904602       -2.26       -1.45    6.3    8.25s
  4   -74.08504135821       -3.12       -1.84    5.4    6.84s
  5   -74.08515381288       -3.95       -2.78    5.3    6.97s
  6   -74.08515400484       -6.72       -3.32    4.9    6.77s
  7   -74.08515401547       -7.97       -3.93    3.7    5.60s
  8   -74.08515401629       -9.09       -4.28    4.2    6.08s
  9   -74.08515401648       -9.71       -4.86    3.7    5.49s
 10   -74.08515401661       -9.89       -5.50    4.7    6.48s
 11   -74.08515401662      -11.06       -6.06    5.6    7.19s
 12   -74.08515401662      -12.50       -6.60    4.8    6.57s
 13   -74.08515401662      -13.85       -7.24    5.3    7.13s
n     Energy            log10(ΔE)   log10(Δρ)   Diag   Δtime
---   ---------------   ---------   ---------   ----   ------
  1   -74.06886996452                   -0.87    9.6    11.3s
  2   -74.07876746799       -2.00       -1.07    4.8    6.82s
  3   -74.08427973720       -2.26       -1.45    6.4    8.41s
  4   -74.08504056789       -3.12       -1.84    5.3    6.96s
  5   -74.08515379826       -3.95       -2.78    5.4    7.26s
  6   -74.08515400473       -6.69       -3.32    5.0    7.01s
  7   -74.08515401579       -7.96       -3.95    3.9    5.82s
  8   -74.08515401636       -9.25       -4.29    4.0    5.97s
  9   -74.08515401648       -9.92       -4.85    3.1    5.20s
 10   -74.08515401661       -9.87       -5.50    4.8    6.70s
 11   -74.08515401662      -11.07       -6.04    5.5    7.21s
 12   -74.08515401662      -12.55       -6.59    4.7    6.59s
 13   -74.08515401662   +  -13.25       -7.19    5.3    7.06s
     5    -7.408515e+01     2.444823e-08
 * time: 1176.8212859630585
┌ Info: Threading setup: 
│   Threads.nthreads() = 1
│   n_DFTK = 1
│   n_fft = 1
└   n_blas = 1
┌ Info: 2025-05-15T14:59:24.555
│   name = "Si"
│   Ecut = 18.0
│   kgrid = MonkhorstPack([14, 14, 14])
│   p0 = ComponentVector{Float64}(a = 10.347246312603742)
│   temperature = 0.001
└   smearing = DFTK.Smearing.Gaussian()
┌ Info: 2025-05-15T15:03:16.857
│   name = "NaCl"
│   Ecut = 44.0
│   kgrid = MonkhorstPack([13, 13, 13])
│   p0 = ComponentVector{Float64}(a = 10.746130571470083)
│   temperature = 0
└   smearing = DFTK.Smearing.None()
┌ Info: 2025-05-15T15:27:03.948
│   name = "Al"
│   Ecut = 20.0
│   kgrid = MonkhorstPack([18, 18, 18])
│   p0 = ComponentVector{Float64}(a = 7.641925528121933)
│   temperature = 0.001
└   smearing = DFTK.Smearing.Gaussian()
┌ Info: 2025-05-15T15:31:57.758
│   name = "V"
│   Ecut = 42.0
│   kgrid = MonkhorstPack([20, 20, 20])
│   p0 = ComponentVector{Float64}(a = 5.699267600684394)
│   temperature = 0.001
└   smearing = DFTK.Smearing.Gaussian()
┌ Warning: Negative ρcore detected: -3.4151886922104144e-8
└ @ DFTK ~/.julia/packages/DFTK/n2IL4/src/terms/xc.jl:39
┌ Warning: Negative ρcore detected: Dual{ForwardDiff.Tag{var"#19#21"{@NamedTuple{ham::Hamiltonian, basis::PlaneWaveBasis{Float64, Float64, DFTK.CPU, FFTGrid{Float64, Float64, Array{StaticArraysCore.SVector{3, Int64}, 3}, Array{StaticArraysCore.SVector{3, Float64}, 3}}, Vector{StaticArraysCore.SVector{3, Int64}}}, energies::Energies{Float64}, converged::Bool, occupation_threshold::Float64, ρ::Array{Float64, 4}, τ::Nothing, α::Float64, eigenvalues::Vector{Vector{Float64}}, occupation::Vector{Vector{Float64}}, εF::Float64, n_bands_converge::Int64, n_iter::Int64, n_matvec::Int64, ψ::Vector{Matrix{ComplexF64}}, diagonalization::Vector{@NamedTuple{λ::Vector{Vector{Float64}}, X::Vector{Matrix{ComplexF64}}, residual_norms::Vector{Vector{Float64}}, n_iter::Vector{Int64}, converged::Bool, n_matvec::Int64}}, stage::Symbol, history_Δρ::Vector{Float64}, history_Etot::Vector{Float64}, timedout::Bool, runtime_ns::UInt64, algorithm::String}, Model{Float64, Float64}, Float64, MonkhorstPack, var"#case#4"{Matrix{Float64}, Float64, MonkhorstPack, Vector{StaticArraysCore.SVector{3, Float64}}, Vector{ElementPsp{PspUpf{Float64, Interpolations.Extrapolation{Float64, 1, Interpolations.GriddedInterpolation{Float64, 1, Vector{Float64}, Interpolations.Gridded{Interpolations.Linear{Interpolations.Throw{Interpolations.OnGrid}}}, Tuple{Vector{Float64}}}, Interpolations.Gridded{Interpolations.Linear{Interpolations.Throw{Interpolations.OnGrid}}}, Interpolations.Throw{Nothing}}}}}, Float64, Float64, String}}, Float64}}(-3.4151886922104144e-8,-1.2413273474001241e-8)
└ @ DFTK ~/.julia/packages/DFTK/n2IL4/src/terms/xc.jl:39
┌ Warning: Negative ρcore detected: -3.1413555426486204e-8
└ @ DFTK ~/.julia/packages/DFTK/n2IL4/src/terms/xc.jl:39
┌ Warning: Negative ρcore detected: -3.1413555426486204e-8
└ @ DFTK ~/.julia/packages/DFTK/n2IL4/src/terms/xc.jl:39
┌ Warning: Negative ρcore detected: Dual{ForwardDiff.Tag{var"#19#21"{@NamedTuple{ham::Hamiltonian, basis::PlaneWaveBasis{Float64, Float64, DFTK.CPU, FFTGrid{Float64, Float64, Array{StaticArraysCore.SVector{3, Int64}, 3}, Array{StaticArraysCore.SVector{3, Float64}, 3}}, Vector{StaticArraysCore.SVector{3, Int64}}}, energies::Energies{Float64}, converged::Bool, occupation_threshold::Float64, ρ::Array{Float64, 4}, τ::Nothing, α::Float64, eigenvalues::Vector{Vector{Float64}}, occupation::Vector{Vector{Float64}}, εF::Float64, n_bands_converge::Int64, n_iter::Int64, n_matvec::Int64, ψ::Vector{Matrix{ComplexF64}}, diagonalization::Vector{@NamedTuple{λ::Vector{Vector{Float64}}, X::Vector{Matrix{ComplexF64}}, residual_norms::Vector{Vector{Float64}}, n_iter::Vector{Int64}, converged::Bool, n_matvec::Int64}}, stage::Symbol, history_Δρ::Vector{Float64}, history_Etot::Vector{Float64}, timedout::Bool, runtime_ns::UInt64, algorithm::String}, Model{Float64, Float64}, Float64, MonkhorstPack, var"#case#4"{Matrix{Float64}, Float64, MonkhorstPack, Vector{StaticArraysCore.SVector{3, Float64}}, Vector{ElementPsp{PspUpf{Float64, Interpolations.Extrapolation{Float64, 1, Interpolations.GriddedInterpolation{Float64, 1, Vector{Float64}, Interpolations.Gridded{Interpolations.Linear{Interpolations.Throw{Interpolations.OnGrid}}}, Tuple{Vector{Float64}}}, Interpolations.Gridded{Interpolations.Linear{Interpolations.Throw{Interpolations.OnGrid}}}, Interpolations.Throw{Nothing}}}}}, Float64, Float64, String}}, Float64}}(-3.1413555426486204e-8,-1.6296965077974717e-7)
└ @ DFTK ~/.julia/packages/DFTK/n2IL4/src/terms/xc.jl:39
┌ Warning: Negative ρcore detected: -3.8366216031409984e-8
└ @ DFTK ~/.julia/packages/DFTK/n2IL4/src/terms/xc.jl:39
┌ Warning: Negative ρcore detected: -3.8366216031409984e-8
└ @ DFTK ~/.julia/packages/DFTK/n2IL4/src/terms/xc.jl:39
┌ Warning: Negative ρcore detected: Dual{ForwardDiff.Tag{var"#19#21"{@NamedTuple{ham::Hamiltonian, basis::PlaneWaveBasis{Float64, Float64, DFTK.CPU, FFTGrid{Float64, Float64, Array{StaticArraysCore.SVector{3, Int64}, 3}, Array{StaticArraysCore.SVector{3, Float64}, 3}}, Vector{StaticArraysCore.SVector{3, Int64}}}, energies::Energies{Float64}, converged::Bool, occupation_threshold::Float64, ρ::Array{Float64, 4}, τ::Nothing, α::Float64, eigenvalues::Vector{Vector{Float64}}, occupation::Vector{Vector{Float64}}, εF::Float64, n_bands_converge::Int64, n_iter::Int64, n_matvec::Int64, ψ::Vector{Matrix{ComplexF64}}, diagonalization::Vector{@NamedTuple{λ::Vector{Vector{Float64}}, X::Vector{Matrix{ComplexF64}}, residual_norms::Vector{Vector{Float64}}, n_iter::Vector{Int64}, converged::Bool, n_matvec::Int64}}, stage::Symbol, history_Δρ::Vector{Float64}, history_Etot::Vector{Float64}, timedout::Bool, runtime_ns::UInt64, algorithm::String}, Model{Float64, Float64}, Float64, MonkhorstPack, var"#case#4"{Matrix{Float64}, Float64, MonkhorstPack, Vector{StaticArraysCore.SVector{3, Float64}}, Vector{ElementPsp{PspUpf{Float64, Interpolations.Extrapolation{Float64, 1, Interpolations.GriddedInterpolation{Float64, 1, Vector{Float64}, Interpolations.Gridded{Interpolations.Linear{Interpolations.Throw{Interpolations.OnGrid}}}, Tuple{Vector{Float64}}}, Interpolations.Gridded{Interpolations.Linear{Interpolations.Throw{Interpolations.OnGrid}}}, Interpolations.Throw{Nothing}}}}}, Float64, Float64, String}}, Float64}}(-3.8366216031409984e-8,-5.849397974241964e-8)
└ @ DFTK ~/.julia/packages/DFTK/n2IL4/src/terms/xc.jl:39
┌ Warning: Negative ρcore detected: -4.085061131401864e-8
└ @ DFTK ~/.julia/packages/DFTK/n2IL4/src/terms/xc.jl:39
┌ Warning: Negative ρcore detected: -4.085061131401864e-8
└ @ DFTK ~/.julia/packages/DFTK/n2IL4/src/terms/xc.jl:39
┌ Warning: Negative ρcore detected: Dual{ForwardDiff.Tag{var"#19#21"{@NamedTuple{ham::Hamiltonian, basis::PlaneWaveBasis{Float64, Float64, DFTK.CPU, FFTGrid{Float64, Float64, Array{StaticArraysCore.SVector{3, Int64}, 3}, Array{StaticArraysCore.SVector{3, Float64}, 3}}, Vector{StaticArraysCore.SVector{3, Int64}}}, energies::Energies{Float64}, converged::Bool, occupation_threshold::Float64, ρ::Array{Float64, 4}, τ::Nothing, α::Float64, eigenvalues::Vector{Vector{Float64}}, occupation::Vector{Vector{Float64}}, εF::Float64, n_bands_converge::Int64, n_iter::Int64, n_matvec::Int64, ψ::Vector{Matrix{ComplexF64}}, diagonalization::Vector{@NamedTuple{λ::Vector{Vector{Float64}}, X::Vector{Matrix{ComplexF64}}, residual_norms::Vector{Vector{Float64}}, n_iter::Vector{Int64}, converged::Bool, n_matvec::Int64}}, stage::Symbol, history_Δρ::Vector{Float64}, history_Etot::Vector{Float64}, timedout::Bool, runtime_ns::UInt64, algorithm::String}, Model{Float64, Float64}, Float64, MonkhorstPack, var"#case#4"{Matrix{Float64}, Float64, MonkhorstPack, Vector{StaticArraysCore.SVector{3, Float64}}, Vector{ElementPsp{PspUpf{Float64, Interpolations.Extrapolation{Float64, 1, Interpolations.GriddedInterpolation{Float64, 1, Vector{Float64}, Interpolations.Gridded{Interpolations.Linear{Interpolations.Throw{Interpolations.OnGrid}}}, Tuple{Vector{Float64}}}, Interpolations.Gridded{Interpolations.Linear{Interpolations.Throw{Interpolations.OnGrid}}}, Interpolations.Throw{Nothing}}}}}, Float64, Float64, String}}, Float64}}(-4.085061131401864e-8,-1.279489595369424e-7)
└ @ DFTK ~/.julia/packages/DFTK/n2IL4/src/terms/xc.jl:39
┌ Warning: Negative ρcore detected: -4.036742040090212e-8
└ @ DFTK ~/.julia/packages/DFTK/n2IL4/src/terms/xc.jl:39
┌ Warning: Negative ρcore detected: -4.036742040090212e-8
└ @ DFTK ~/.julia/packages/DFTK/n2IL4/src/terms/xc.jl:39
┌ Warning: Negative ρcore detected: Dual{ForwardDiff.Tag{var"#19#21"{@NamedTuple{ham::Hamiltonian, basis::PlaneWaveBasis{Float64, Float64, DFTK.CPU, FFTGrid{Float64, Float64, Array{StaticArraysCore.SVector{3, Int64}, 3}, Array{StaticArraysCore.SVector{3, Float64}, 3}}, Vector{StaticArraysCore.SVector{3, Int64}}}, energies::Energies{Float64}, converged::Bool, occupation_threshold::Float64, ρ::Array{Float64, 4}, τ::Nothing, α::Float64, eigenvalues::Vector{Vector{Float64}}, occupation::Vector{Vector{Float64}}, εF::Float64, n_bands_converge::Int64, n_iter::Int64, n_matvec::Int64, ψ::Vector{Matrix{ComplexF64}}, diagonalization::Vector{@NamedTuple{λ::Vector{Vector{Float64}}, X::Vector{Matrix{ComplexF64}}, residual_norms::Vector{Vector{Float64}}, n_iter::Vector{Int64}, converged::Bool, n_matvec::Int64}}, stage::Symbol, history_Δρ::Vector{Float64}, history_Etot::Vector{Float64}, timedout::Bool, runtime_ns::UInt64, algorithm::String}, Model{Float64, Float64}, Float64, MonkhorstPack, var"#case#4"{Matrix{Float64}, Float64, MonkhorstPack, Vector{StaticArraysCore.SVector{3, Float64}}, Vector{ElementPsp{PspUpf{Float64, Interpolations.Extrapolation{Float64, 1, Interpolations.GriddedInterpolation{Float64, 1, Vector{Float64}, Interpolations.Gridded{Interpolations.Linear{Interpolations.Throw{Interpolations.OnGrid}}}, Tuple{Vector{Float64}}}, Interpolations.Gridded{Interpolations.Linear{Interpolations.Throw{Interpolations.OnGrid}}}, Interpolations.Throw{Nothing}}}}}, Float64, Float64, String}}, Float64}}(-4.036742040090212e-8,-1.489773293166203e-7)
└ @ DFTK ~/.julia/packages/DFTK/n2IL4/src/terms/xc.jl:39
┌ Warning: Negative ρcore detected: -4.035836017636742e-8
└ @ DFTK ~/.julia/packages/DFTK/n2IL4/src/terms/xc.jl:39
┌ Warning: Negative ρcore detected: -4.035836017636742e-8
└ @ DFTK ~/.julia/packages/DFTK/n2IL4/src/terms/xc.jl:39
┌ Warning: Negative ρcore detected: Dual{ForwardDiff.Tag{var"#19#21"{@NamedTuple{ham::Hamiltonian, basis::PlaneWaveBasis{Float64, Float64, DFTK.CPU, FFTGrid{Float64, Float64, Array{StaticArraysCore.SVector{3, Int64}, 3}, Array{StaticArraysCore.SVector{3, Float64}, 3}}, Vector{StaticArraysCore.SVector{3, Int64}}}, energies::Energies{Float64}, converged::Bool, occupation_threshold::Float64, ρ::Array{Float64, 4}, τ::Nothing, α::Float64, eigenvalues::Vector{Vector{Float64}}, occupation::Vector{Vector{Float64}}, εF::Float64, n_bands_converge::Int64, n_iter::Int64, n_matvec::Int64, ψ::Vector{Matrix{ComplexF64}}, diagonalization::Vector{@NamedTuple{λ::Vector{Vector{Float64}}, X::Vector{Matrix{ComplexF64}}, residual_norms::Vector{Vector{Float64}}, n_iter::Vector{Int64}, converged::Bool, n_matvec::Int64}}, stage::Symbol, history_Δρ::Vector{Float64}, history_Etot::Vector{Float64}, timedout::Bool, runtime_ns::UInt64, algorithm::String}, Model{Float64, Float64}, Float64, MonkhorstPack, var"#case#4"{Matrix{Float64}, Float64, MonkhorstPack, Vector{StaticArraysCore.SVector{3, Float64}}, Vector{ElementPsp{PspUpf{Float64, Interpolations.Extrapolation{Float64, 1, Interpolations.GriddedInterpolation{Float64, 1, Vector{Float64}, Interpolations.Gridded{Interpolations.Linear{Interpolations.Throw{Interpolations.OnGrid}}}, Tuple{Vector{Float64}}}, Interpolations.Gridded{Interpolations.Linear{Interpolations.Throw{Interpolations.OnGrid}}}, Interpolations.Throw{Nothing}}}}}, Float64, Float64, String}}, Float64}}(-4.035836017636742e-8,-1.4934697396303506e-7)
└ @ DFTK ~/.julia/packages/DFTK/n2IL4/src/terms/xc.jl:39
 * Status: success

 * Candidate solution
    Final objective value:     -7.408515e+01

 * Found with
    Algorithm:     L-BFGS

 * Convergence measures
    |x - x'|               = 6.07e-05 ≰ -1.0e+00
    |x - x'|/|x'|          = 1.11e-05 ≰ 0.0e+00
    |f(x) - f(x')|         = 3.29e-10 ≤ 1.0e-08
    |f(x) - f(x')|/|f(x')| = 4.44e-12 ≰ 0.0e+00
    |g(x)|                 = 2.44e-08 ≤ 1.0e-06

 * Work counters
    Seconds run:   1177  (vs limit Inf)
    Iterations:    5
    f(x) calls:    6
    ∇f(x) calls:   6

V: 1296.992259 seconds (774.09 M allocations: 355.997 GiB, 5.12% gc time, 0.01% compilation time)
