┌ Info: Threading setup: 
│   Threads.nthreads() = 4
│   n_DFTK = 4
│   n_fft = 1
└   n_blas = 4
┌ Info: 2025-08-08T16:23:43.301
│   file = "runs/C.extxyz_kgrid8_relax_scfres0.jld2"
│   v0 = 76.87605791541678
│   Ecut = 41.0
└   kgrid = MonkhorstPack([8, 8, 8])
┌ Info: 2025-08-08T16:23:44.570
│   length(model0.symmetries) = 48
│   length(symmetries_strain) = 8
│   strain_pattern =
│    6-element Vector{Float64}:
│     1.0
└     ⋮
n     Energy            log10(ΔE)   log10(Δρ)   Diag   Δtime
---   ---------------   ---------   ---------   ----   ------
  1   -12.03140796226                   -0.74    4.5    7.41s
  2   -12.03761613222       -2.21       -1.68    2.0    4.20s
  3   -12.03784895919       -3.63       -2.31    2.4    497ms
  4   -12.03785504708       -5.22       -3.59    1.9    529ms
  5   -12.03785531256       -6.58       -4.17    3.8    618ms
  6   -12.03785531361       -8.98       -4.87    2.3    560ms
  7   -12.03785531367      -10.18       -5.90    2.3    395ms
  8   -12.03785531367      -11.52       -7.06    3.1    646ms
  9   -12.03785531367      -13.43       -7.57    3.6    571ms
 10   -12.03785531367   +  -13.97       -8.23    2.2    520ms
 11   -12.03785531367      -14.45       -8.82    2.5    435ms
 12   -12.03785531367      -14.15      -10.09    2.0    505ms
Solving response problem
Iter  Restart  Krydim  log10(res)  avg(CG)  Δtime   Comment
----  -------  ------  ----------  -------  ------  ---------------
                                      78.7   8.22s  Non-interacting
   1        0       1        0.41     67.4   24.0s  
   2        0       2       -0.75     63.0   3.83s  
   3        0       3       -1.72     57.1   3.44s  
   4        0       4       -2.82     52.7   3.01s  
   5        0       5       -4.38     46.6   2.72s  
   6        0       6       -6.02     33.9   2.29s  
   7        0       7       -7.43     24.0   2.26s  
   8        0       8       -8.82     12.9   1.07s  
   9        0       9      -10.53      6.3   1.03s  
  10        1       1      -10.97     77.6   4.72s  Restart
                                      78.5   4.88s  Final orbitals
┌ Info: 2025-08-08T16:26:23.956
│   tol = 1.0e-10
│   Ecut = 41.0
│   c11 = 1056.8864147804034
│   c12 = 125.18130987531111
│   c44 = 564.6239727178955
│   stress = 6-element StaticArraysCore.SVector{6, Float64} with indices SOneTo(6): …
└   dstress = 6-element StaticArraysCore.SVector{6, Float64} with indices SOneTo(6): …
┌ Info: Finished.
└   now() = 2025-08-08T16:26:24.711
