┌ Info: Threading setup: 
│   Threads.nthreads() = 4
│   n_DFTK = 4
│   n_fft = 1
└   n_blas = 4
┌ Info: 2025-08-08T16:31:44.509
│   file = "runs/C.extxyz_kgrid8_relax_scfres0.jld2"
│   v0 = 76.87605791541678
│   Ecut = 41.0
└   kgrid = MonkhorstPack([8, 8, 8])
┌ Info: 2025-08-08T16:31:45.758
│   length(model0.symmetries) = 48
│   length(symmetries_strain) = 8
│   strain_pattern = 6-element Vector{Float64}: …
└   h_range = 3-element Vector{Float64}: …
┌ Info: 2025-08-08T16:31:46.316
│   tol = 1.0e-12
└   h = 0.001
n     Energy            log10(ΔE)   log10(Δρ)   Diag   Δtime
---   ---------------   ---------   ---------   ----   ------
  1   -12.03138050553                   -0.74    4.6    7.40s
  2   -12.03761317996       -2.21       -1.68    2.0    4.13s
  3   -12.03784608235       -3.63       -2.31    2.4    487ms
  4   -12.03785218277       -5.21       -3.59    1.9    503ms
  5   -12.03785244284       -6.58       -4.19    3.8    717ms
  6   -12.03785244386       -8.99       -4.93    2.4    505ms
  7   -12.03785244393      -10.21       -5.84    2.4    403ms
  8   -12.03785244393      -11.68       -6.82    2.7    577ms
  9   -12.03785244393      -13.75       -8.17    3.1    485ms
 10   -12.03785244393      -13.75       -8.70    4.0    718ms
 11   -12.03785244393   +  -13.64       -9.74    2.2    480ms
 12   -12.03785244393      -13.97      -10.17    3.3    496ms
 13   -12.03785244393      -14.27      -11.01    2.0    453ms
 14   -12.03785244393   +  -14.45      -11.57    2.5    550ms
 15   -12.03785244393      -14.05      -12.36    2.2    360ms
n     Energy            log10(ΔE)   log10(Δρ)   Diag   Δtime
---   ---------------   ---------   ---------   ----   ------
  1   -12.03142023406                   -0.74    4.6    832ms
  2   -12.03761566141       -2.21       -1.68    2.0    475ms
  3   -12.03784695641       -3.64       -2.31    2.4    424ms
  4   -12.03785347291       -5.19       -3.55    2.1    519ms
  5   -12.03785372587       -6.60       -4.26    3.5    561ms
  6   -12.03785372684       -9.01       -5.05    2.6    539ms
  7   -12.03785372687      -10.40       -6.02    2.4    419ms
  8   -12.03785372688      -11.91       -6.83    2.9    611ms
  9   -12.03785372688      -14.05       -7.45    2.9    602ms
 10   -12.03785372688      -14.75       -8.39    2.1    362ms
 11   -12.03785372688      -13.80       -9.30    3.1    628ms
 12   -12.03785372688   +  -13.80       -9.90    2.8    444ms
 13   -12.03785372688   +  -14.75      -11.43    2.3    532ms
 14   -12.03785372688      -13.71      -11.43    4.4    638ms
 15   -12.03785372688   +  -13.75      -12.39    1.1    419ms
┌ Info: 2025-08-08T16:32:51.683
│   tol = 1.0e-12
│   h = 0.001
│   Ecut = 41.0
│   c11 = 1051.3047093639393
│   c12 = 123.36856519645993
│   c44 = 562.5870035509987
│   stress1 = 6-element StaticArraysCore.SVector{6, Float64} with indices SOneTo(6): …
│   stress2 = 6-element StaticArraysCore.SVector{6, Float64} with indices SOneTo(6): …
└   dstress = 6-element StaticArraysCore.SVector{6, Float64} with indices SOneTo(6): …
┌ Info: 2025-08-08T16:32:52.430
│   tol = 1.0e-12
└   h = 1.0e-5
n     Energy            log10(ΔE)   log10(Δρ)   Diag   Δtime
---   ---------------   ---------   ---------   ----   ------
  1   -12.03140541933                   -0.74    4.6    676ms
  2   -12.03761552973       -2.21       -1.68    1.9    463ms
  3   -12.03784865998       -3.63       -2.31    2.4    566ms
  4   -12.03785505645       -5.19       -3.57    2.1    373ms
  5   -12.03785531248       -6.59       -4.21    3.5    699ms
  6   -12.03785531341       -9.03       -4.95    2.4    380ms
  7   -12.03785531346      -10.29       -5.91    2.4    545ms
  8   -12.03785531346      -11.67       -6.74    2.9    464ms
  9   -12.03785531346      -13.67       -8.09    2.7    594ms
 10   -12.03785531346   +    -Inf       -8.83    4.0    607ms
 11   -12.03785531346   +  -14.45       -9.41    2.3    533ms
 12   -12.03785531346      -14.75      -10.39    2.7    400ms
 13   -12.03785531346      -14.27      -10.73    3.1    640ms
 14   -12.03785531346   +  -14.27      -11.69    1.5    295ms
 15   -12.03785531346      -14.05      -12.07    3.0    629ms
n     Energy            log10(ΔE)   log10(Δρ)   Diag   Δtime
---   ---------------   ---------   ---------   ----   ------
  1   -12.03140669864                   -0.74    4.6    867ms
  2   -12.03761555727       -2.21       -1.68    2.0    366ms
  3   -12.03784856583       -3.63       -2.31    2.3    568ms
  4   -12.03785507842       -5.19       -3.54    2.0    381ms
  5   -12.03785531229       -6.63       -4.26    3.5    692ms
  6   -12.03785531343       -8.94       -5.06    2.6    417ms
  7   -12.03785531346      -10.45       -6.20    2.5    568ms
  8   -12.03785531346      -11.95       -6.98    3.5    538ms
  9   -12.03785531346      -14.05       -7.51    2.8    590ms
 10   -12.03785531346      -14.15       -8.33    1.9    336ms
 11   -12.03785531346   +  -13.91       -9.26    2.7    587ms
 12   -12.03785531346      -13.91      -10.53    2.6    431ms
 13   -12.03785531346   +  -14.15      -10.99    4.0    727ms
 14   -12.03785531346      -14.15      -11.91    2.0    352ms
 15   -12.03785531346   +  -13.85      -12.80    2.6    597ms
┌ Info: 2025-08-08T16:33:18.554
│   tol = 1.0e-12
│   h = 1.0e-5
│   Ecut = 41.0
│   c11 = 1056.8864246232395
│   c12 = 125.18132036674623
│   c44 = 564.6239743232347
│   stress1 = 6-element StaticArraysCore.SVector{6, Float64} with indices SOneTo(6): …
│   stress2 = 6-element StaticArraysCore.SVector{6, Float64} with indices SOneTo(6): …
└   dstress = 6-element StaticArraysCore.SVector{6, Float64} with indices SOneTo(6): …
┌ Info: 2025-08-08T16:33:18.579
│   tol = 1.0e-12
└   h = 1.0e-7
n     Energy            log10(ΔE)   log10(Δρ)   Diag   Δtime
---   ---------------   ---------   ---------   ----   ------
  1   -12.03140537560                   -0.74    4.6    848ms
  2   -12.03761718681       -2.21       -1.68    2.0    479ms
  3   -12.03784857446       -3.64       -2.31    2.4    405ms
  4   -12.03785506268       -5.19       -3.55    2.0    521ms
  5   -12.03785531260       -6.60       -4.25    3.6    535ms
  6   -12.03785531363       -8.99       -5.02    2.5    543ms
  7   -12.03785531367      -10.37       -6.11    2.5    396ms
  8   -12.03785531367      -11.81       -7.08    3.3    658ms
  9   -12.03785531367      -13.64       -7.65    3.2    481ms
 10   -12.03785531367   +  -14.05       -8.73    2.0    501ms
 11   -12.03785531367      -14.27       -9.37    3.3    495ms
 12   -12.03785531367   +  -14.15      -10.34    2.4    538ms
 13   -12.03785531367   +  -14.45      -10.70    3.0    461ms
 14   -12.03785531367      -14.05      -11.62    1.9    480ms
 15   -12.03785531367   +  -14.15      -12.60    2.7    438ms
n     Energy            log10(ΔE)   log10(Δρ)   Diag   Δtime
---   ---------------   ---------   ---------   ----   ------
  1   -12.03141341811                   -0.74    4.5    813ms
  2   -12.03761640761       -2.21       -1.68    2.0    473ms
  3   -12.03784864150       -3.63       -2.31    2.4    404ms
  4   -12.03785505693       -5.19       -3.56    2.0    523ms
  5   -12.03785531255       -6.59       -4.22    3.6    545ms
  6   -12.03785531362       -8.97       -4.96    2.5    544ms
  7   -12.03785531367      -10.30       -6.62    2.4    393ms
  8   -12.03785531367      -11.76       -7.21    4.5    799ms
  9   -12.03785531367   +    -Inf       -8.17    2.4    383ms
 10   -12.03785531367      -14.45       -9.03    3.2    634ms
 11   -12.03785531367   +  -14.15       -9.46    2.9    451ms
 12   -12.03785531367   +    -Inf      -10.79    1.8    472ms
 13   -12.03785531367      -14.15      -11.00    3.8    577ms
 14   -12.03785531367   +  -14.45      -11.40    2.1    489ms
 15   -12.03785531367   +    -Inf      -12.45    1.3    272ms
┌ Info: 2025-08-08T16:33:44.340
│   tol = 1.0e-12
│   h = 1.0e-7
│   Ecut = 41.0
│   c11 = 1056.8852362513107
│   c12 = 125.18019544084913
│   c44 = 564.6238817018143
│   stress1 = 6-element StaticArraysCore.SVector{6, Float64} with indices SOneTo(6): …
│   stress2 = 6-element StaticArraysCore.SVector{6, Float64} with indices SOneTo(6): …
└   dstress = 6-element StaticArraysCore.SVector{6, Float64} with indices SOneTo(6): …
┌ Info: Finished.
└   now() = 2025-08-08T16:33:44.342
