┌ Info: Threading setup: 
│   Threads.nthreads() = 4
│   n_DFTK = 4
│   n_fft = 1
└   n_blas = 4
┌ Info: 2025-08-08T19:18:00.062
│   file = "runs/CsCl.extxyz_kgrid8_relax_scfres0.jld2"
│   v0 = 501.00102706104343
│   Ecut = 29.0
└   kgrid = MonkhorstPack([8, 8, 8])
┌ Info: 2025-08-08T19:18:01.314
│   length(model0.symmetries) = 48
│   length(symmetries_strain) = 8
│   strain_pattern = 6-element Vector{Float64}: …
└   h_range = 3-element Vector{Float64}: …
┌ Info: 2025-08-08T19:18:01.856
│   tol = 1.0e-12
└   h = 0.001
n     Energy            log10(ΔE)   log10(Δρ)   Diag   Δtime
---   ---------------   ---------   ---------   ----   ------
  1   -39.89838189837                   -1.11    5.2    11.6s
  2   -39.90418568795       -2.24       -1.06    2.2    6.44s
  3   -39.91728984674       -1.88       -1.81    3.6    4.12s
  4   -39.91756024611       -3.57       -2.59    2.1    2.88s
  5   -39.91758472131       -4.61       -3.18    4.2    4.47s
  6   -39.91758520474       -6.32       -3.97    3.9    3.52s
  7   -39.91758524526       -7.39       -4.49    4.4    4.57s
  8   -39.91758524618       -9.04       -5.18    3.5    3.27s
  9   -39.91758524632       -9.87       -5.89    4.2    4.49s
 10   -39.91758524632      -11.41       -6.47    4.5    4.20s
 11   -39.91758524632      -12.59       -7.52    3.8    4.11s
 12   -39.91758524632      -13.85       -7.94    5.1    5.31s
 13   -39.91758524632   +  -13.85       -8.97    2.6    3.02s
 14   -39.91758524632      -13.85       -9.03    5.1    5.54s
 15   -39.91758524632   +  -13.85       -9.86    1.0    1.87s
 16   -39.91758524632   +  -13.85       -9.87    4.3    4.81s
 17   -39.91758524632      -13.85      -11.12    1.0    1.84s
 18   -39.91758524632      -14.15      -10.90    5.7    5.90s
 19   -39.91758524632   +  -13.45      -11.66    1.4    2.07s
 20   -39.91758524632      -13.55      -11.85    3.7    4.55s
 21   -39.91758524632   +    -Inf      -12.54    1.1    1.92s
n     Energy            log10(ΔE)   log10(Δρ)   Diag   Δtime
---   ---------------   ---------   ---------   ----   ------
  1   -39.89833871456                   -1.11    5.2    4.66s
  2   -39.90413940498       -2.24       -1.06    2.3    2.68s
  3   -39.91728942601       -1.88       -1.81    3.7    4.16s
  4   -39.91756022596       -3.57       -2.59    2.2    2.72s
  5   -39.91758499361       -4.61       -3.18    4.0    4.04s
  6   -39.91758545943       -6.33       -3.97    3.9    3.73s
  7   -39.91758550155       -7.38       -4.44    4.4    4.90s
  8   -39.91758550247       -9.03       -5.15    3.0    3.03s
  9   -39.91758550263       -9.81       -5.95    4.3    4.38s
 10   -39.91758550263      -11.40       -6.43    4.5    4.60s
 11   -39.91758550263      -12.60       -7.31    3.5    3.63s
 12   -39.91758550263   +    -Inf       -7.86    4.6    4.82s
 13   -39.91758550263      -13.85       -8.72    3.2    3.44s
 14   -39.91758550263      -14.15       -9.07    4.5    4.60s
 15   -39.91758550263   +  -13.85      -10.21    2.5    3.15s
 16   -39.91758550263   +  -13.55      -10.10    5.5    5.62s
 17   -39.91758550263      -13.37      -10.87    1.4    2.18s
 18   -39.91758550263   +  -14.15      -11.14    3.7    6.12s
 19   -39.91758550263      -14.15      -11.78    1.6    2.29s
 20   -39.91758550263   +  -13.67      -12.16    3.6    4.21s
┌ Info: 2025-08-08T19:23:31.014
│   tol = 1.0e-12
│   h = 0.001
│   Ecut = 29.0
│   c11 = 32.431697377900676
│   c12 = 5.468838861132774
│   c44 = 4.921287315764782
│   stress1 = 6-element StaticArraysCore.SVector{6, Float64} with indices SOneTo(6): …
│   stress2 = 6-element StaticArraysCore.SVector{6, Float64} with indices SOneTo(6): …
└   dstress = 6-element StaticArraysCore.SVector{6, Float64} with indices SOneTo(6): …
┌ Info: 2025-08-08T19:23:31.741
│   tol = 1.0e-12
└   h = 1.0e-5
n     Energy            log10(ΔE)   log10(Δρ)   Diag   Δtime
---   ---------------   ---------   ---------   ----   ------
  1   -39.89834945291                   -1.11    5.2    4.92s
  2   -39.90412025720       -2.24       -1.06    2.3    2.73s
  3   -39.91728787880       -1.88       -1.81    3.5    3.82s
  4   -39.91756000759       -3.57       -2.59    2.2    2.67s
  5   -39.91758519378       -4.60       -3.17    4.1    4.23s
  6   -39.91758569690       -6.30       -3.95    3.9    3.49s
  7   -39.91758574068       -7.36       -4.44    4.4    4.34s
  8   -39.91758574176       -8.97       -5.11    3.3    3.32s
  9   -39.91758574192       -9.78       -5.83    4.2    4.14s
 10   -39.91758574193      -11.28       -6.44    4.6    4.35s
 11   -39.91758574193      -12.48       -7.44    3.8    3.92s
 12   -39.91758574193   +    -Inf       -7.93    5.0    4.84s
 13   -39.91758574193   +  -14.15       -8.80    3.1    3.10s
 14   -39.91758574193   +    -Inf       -9.01    4.6    4.62s
 15   -39.91758574193   +  -13.85       -9.95    1.5    2.13s
 16   -39.91758574193      -13.85      -10.01    4.9    4.86s
 17   -39.91758574193   +    -Inf      -10.69    1.0    1.88s
 18   -39.91758574193   +  -13.85      -11.04    3.7    4.02s
 19   -39.91758574193      -13.85      -11.38    2.2    2.61s
 20   -39.91758574193   +  -13.85      -12.26    2.5    2.83s
n     Energy            log10(ΔE)   log10(Δρ)   Diag   Δtime
---   ---------------   ---------   ---------   ----   ------
  1   -39.89838422673                   -1.11    5.1    4.89s
  2   -39.90416989044       -2.24       -1.06    2.2    2.65s
  3   -39.91728852774       -1.88       -1.81    3.6    4.79s
  4   -39.91756096083       -3.56       -2.59    2.1    2.78s
  5   -39.91758517835       -4.62       -3.18    4.1    4.09s
  6   -39.91758569936       -6.28       -3.97    3.9    3.60s
  7   -39.91758573993       -7.39       -4.54    4.4    4.56s
  8   -39.91758574081       -9.05       -5.18    3.7    4.82s
  9   -39.91758574093       -9.92       -5.92    4.1    6.39s
 10   -39.91758574093      -11.35       -6.55    4.4    6.49s
 11   -39.91758574093      -12.81       -7.32    4.1    4.06s
 12   -39.91758574093   +  -14.15       -8.02    4.2    4.34s
 13   -39.91758574093      -13.67       -8.81    4.3    3.97s
 14   -39.91758574093   +  -14.15       -9.55    4.4    4.62s
 15   -39.91758574093   +  -14.15      -10.38    4.4    4.14s
 16   -39.91758574093   +    -Inf      -11.06    4.7    4.76s
 17   -39.91758574093      -14.15      -11.81    4.0    3.91s
 18   -39.91758574093   +    -Inf      -12.58    4.4    4.53s
┌ Info: 2025-08-08T19:28:13.300
│   tol = 1.0e-12
│   h = 1.0e-5
│   Ecut = 29.0
│   c11 = 32.606132267180385
│   c12 = 5.509903687098566
│   c44 = 4.975469177492661
│   stress1 = 6-element StaticArraysCore.SVector{6, Float64} with indices SOneTo(6): …
│   stress2 = 6-element StaticArraysCore.SVector{6, Float64} with indices SOneTo(6): …
└   dstress = 6-element StaticArraysCore.SVector{6, Float64} with indices SOneTo(6): …
┌ Info: 2025-08-08T19:28:13.350
│   tol = 1.0e-12
└   h = 1.0e-7
n     Energy            log10(ΔE)   log10(Δρ)   Diag   Δtime
---   ---------------   ---------   ---------   ----   ------
  1   -39.89837559413                   -1.11    5.2    5.99s
  2   -39.90419130127       -2.24       -1.06    2.3    3.71s
  3   -39.91729111533       -1.88       -1.81    3.5    5.71s
  4   -39.91756046728       -3.57       -2.59    2.2    3.88s
  5   -39.91758518945       -4.61       -3.18    4.1    4.22s
  6   -39.91758569783       -6.29       -3.96    3.9    3.59s
  7   -39.91758574040       -7.37       -4.49    4.5    4.48s
  8   -39.91758574133       -9.03       -5.16    3.5    3.34s
  9   -39.91758574146       -9.86       -5.92    4.1    6.17s
 10   -39.91758574147      -11.37       -6.43    4.6    4.42s
 11   -39.91758574147      -12.60       -7.37    3.5    3.70s
 12   -39.91758574147   +    -Inf       -8.00    4.8    6.39s
 13   -39.91758574147   +    -Inf       -8.70    3.6    5.71s
 14   -39.91758574147   +  -13.67       -9.32    4.2    4.28s
 15   -39.91758574147      -13.67      -10.08    3.8    3.70s
 16   -39.91758574147   +  -13.67      -10.84    4.4    4.32s
 17   -39.91758574147   +    -Inf      -11.05    4.5    4.17s
 18   -39.91758574147      -14.15      -11.88    2.1    2.51s
 19   -39.91758574147      -14.15      -12.31    4.3    4.71s
n     Energy            log10(ΔE)   log10(Δρ)   Diag   Δtime
---   ---------------   ---------   ---------   ----   ------
  1   -39.89836053328                   -1.11    5.2    6.18s
  2   -39.90416631788       -2.24       -1.06    2.2    2.62s
  3   -39.91729162474       -1.88       -1.81    3.5    3.67s
  4   -39.91756046892       -3.57       -2.58    2.1    2.55s
  5   -39.91758520696       -4.61       -3.19    4.1    4.24s
  6   -39.91758570002       -6.31       -3.98    4.0    3.96s
  7   -39.91758574048       -7.39       -4.52    4.6    4.42s
  8   -39.91758574132       -9.08       -5.17    3.5    3.28s
  9   -39.91758574145       -9.87       -5.92    4.1    4.30s
 10   -39.91758574146      -11.37       -6.51    4.6    6.07s
 11   -39.91758574146      -12.72       -7.29    3.9    3.78s
 12   -39.91758574146   +  -13.85       -7.87    4.2    4.28s
 13   -39.91758574146      -13.55       -8.72    3.6    3.47s
 14   -39.91758574146      -13.85       -9.08    4.6    4.74s
 15   -39.91758574146   +    -Inf       -9.87    2.4    2.54s
 16   -39.91758574146   +    -Inf      -10.04    4.3    4.71s
 17   -39.91758574146   +  -13.85      -10.43    1.1    1.91s
 18   -39.91758574146   +    -Inf      -11.50    2.6    3.13s
 19   -39.91758574146   +    -Inf      -11.68    5.1    4.95s
 20   -39.91758574146      -14.15      -12.16    1.6    2.18s
┌ Info: 2025-08-08T19:33:04.759
│   tol = 1.0e-12
│   h = 1.0e-7
│   Ecut = 29.0
│   c11 = 32.60573332677598
│   c12 = 5.510014620296593
│   c44 = 4.975455063889951
│   stress1 = 6-element StaticArraysCore.SVector{6, Float64} with indices SOneTo(6): …
│   stress2 = 6-element StaticArraysCore.SVector{6, Float64} with indices SOneTo(6): …
└   dstress = 6-element StaticArraysCore.SVector{6, Float64} with indices SOneTo(6): …
┌ Info: Finished.
└   now() = 2025-08-08T19:33:04.761
