┌ Info: Threading setup: 
│   Threads.nthreads() = 4
│   n_DFTK = 4
│   n_fft = 1
└   n_blas = 4
┌ Info: 2025-08-08T18:58:57.546
│   file = "runs/CsCl.extxyz_kgrid8_relax_scfres0.jld2"
│   v0 = 501.00102706104343
│   Ecut = 29.0
└   kgrid = MonkhorstPack([8, 8, 8])
┌ Info: 2025-08-08T18:58:58.813
│   length(model0.symmetries) = 48
│   length(symmetries_strain) = 8
│   strain_pattern =
│    6-element Vector{Float64}:
│     1.0
└     ⋮
n     Energy            log10(ΔE)   log10(Δρ)   Diag   Δtime
---   ---------------   ---------   ---------   ----   ------
  1   -39.89838425604                   -1.11    5.2    13.6s
  2   -39.90416016714       -2.24       -1.06    2.2    7.54s
  3   -39.91728626908       -1.88       -1.80    3.6    5.81s
  4   -39.91756072181       -3.56       -2.58    2.2    3.39s
  5   -39.91758519334       -4.61       -3.19    4.1    4.71s
  6   -39.91758569916       -6.30       -3.97    3.9    4.36s
  7   -39.91758574034       -7.39       -4.49    4.4    4.78s
  8   -39.91758574131       -9.01       -5.15    3.4    3.74s
  9   -39.91758574146       -9.83       -5.85    4.0    3.97s
 10   -39.91758574146      -11.33       -6.47    4.4    4.24s
 11   -39.91758574146      -12.62       -7.47    3.8    4.26s
 12   -39.91758574146   +    -Inf       -7.90    4.9    4.92s
 13   -39.91758574146   +  -13.67       -8.80    2.7    2.87s
 14   -39.91758574146      -13.55       -9.00    4.6    5.22s
 15   -39.91758574146   +  -14.15       -9.88    1.3    2.00s
 16   -39.91758574146   +    -Inf       -9.88    4.5    4.42s
 17   -39.91758574146      -14.15      -10.42    1.0    2.11s
 18   -39.91758574146   +    -Inf      -11.17    3.0    3.66s
 19   -39.91758574146   +  -14.15      -11.78    3.7    3.88s
 20   -39.91758574146      -13.85      -12.22    3.8    3.90s
Solving response problem
Iter  Restart  Krydim  log10(res)  avg(CG)  Δtime   Comment
----  -------  ------  ----------  -------  ------  ---------------
                                     283.6   81.8s  Non-interacting
   1        0       1        0.90    247.1   90.1s  
   2        0       2        0.36    232.7   67.5s  
   3        0       3       -0.45    223.8   63.4s  
   4        0       4       -1.55    208.8   59.3s  
   5        0       5       -2.45    191.1   54.1s  
   6        0       6       -3.49    171.4   49.3s  
   7        0       7       -4.22    149.9   43.3s  
   8        0       8       -5.35    139.1   40.0s  
   9        0       9       -6.22    109.7   32.8s  
  10        0      10       -7.17     92.1   27.7s  
  11        0      11       -8.47     75.6   23.1s  
  12        0      12       -9.87     45.1   15.1s  
  13        0      13      -11.06     15.9   6.92s  
  14        0      14      -12.53      8.0   5.09s  
  15        1       1      -11.97    277.0   80.3s  Restart
  16        1       2      -12.54     26.0   9.76s  
                                     280.1   78.7s  Final orbitals
┌ Info: 2025-08-08T19:17:45.833
│   tol = 1.0e-12
│   Ecut = 29.0
│   c11 = 32.60613704076944
│   c12 = 5.509902647168724
│   c44 = 4.97546906646501
│   stress = 6-element StaticArraysCore.SVector{6, Float64} with indices SOneTo(6): …
└   dstress = 6-element StaticArraysCore.SVector{6, Float64} with indices SOneTo(6): …
┌ Info: Finished.
└   now() = 2025-08-08T19:17:46.565
