┌ Info: Threading setup: 
│   Threads.nthreads() = 4
│   n_DFTK = 4
│   n_fft = 1
└   n_blas = 4
┌ Info: 2025-08-08T17:27:57.038
│   file = "runs/CsCl.extxyz_kgrid8_relax_scfres0.jld2"
│   v0 = 501.00102706104343
│   Ecut = 29.0
└   kgrid = MonkhorstPack([8, 8, 8])
┌ Info: 2025-08-08T17:27:58.304
│   length(model0.symmetries) = 48
│   length(symmetries_strain) = 8
│   strain_pattern = 6-element Vector{Float64}: …
└   h_range = 3-element Vector{Float64}: …
┌ Info: 2025-08-08T17:27:58.868
│   tol = 0.0001
└   h = 0.001
n     Energy            log10(ΔE)   log10(Δρ)   Diag   Δtime
---   ---------------   ---------   ---------   ----   ------
  1   -39.89839351258                   -1.11    5.2    11.6s
  2   -39.90422720286       -2.23       -1.06    2.2    7.53s
  3   -39.91728864351       -1.88       -1.80    3.6    4.80s
  4   -39.91756070111       -3.57       -2.59    2.1    2.82s
  5   -39.91758470990       -4.62       -3.19    4.2    5.63s
  6   -39.91758520498       -6.31       -3.97    3.9    3.51s
  7   -39.91758524524       -7.40       -4.50    4.5    4.45s
n     Energy            log10(ΔE)   log10(Δρ)   Diag   Δtime
---   ---------------   ---------   ---------   ----   ------
  1   -39.89834962308                   -1.11    5.2    4.91s
  2   -39.90404348471       -2.24       -1.06    2.2    2.94s
  3   -39.91728899013       -1.88       -1.81    3.6    3.83s
  4   -39.91755973114       -3.57       -2.58    2.1    2.55s
  5   -39.91758496556       -4.60       -3.18    4.1    4.60s
  6   -39.91758546020       -6.31       -3.95    4.0    5.23s
  7   -39.91758550143       -7.38       -4.46    4.4    5.04s
┌ Info: 2025-08-08T17:31:47.257
│   tol = 0.0001
│   h = 0.001
│   Ecut = 29.0
│   c11 = 32.12120298763144
│   c12 = 5.2255749892532775
│   c44 = 4.911526277185038
│   stress1 = 6-element StaticArraysCore.SVector{6, Float64} with indices SOneTo(6): …
│   stress2 = 6-element StaticArraysCore.SVector{6, Float64} with indices SOneTo(6): …
└   dstress = 6-element StaticArraysCore.SVector{6, Float64} with indices SOneTo(6): …
┌ Info: 2025-08-08T17:31:47.984
│   tol = 0.0001
└   h = 1.0e-5
n     Energy            log10(ΔE)   log10(Δρ)   Diag   Δtime
---   ---------------   ---------   ---------   ----   ------
  1   -39.89837848520                   -1.11    5.2    5.46s
  2   -39.90415634160       -2.24       -1.06    2.2    2.54s
  3   -39.91728737398       -1.88       -1.80    3.5    5.25s
  4   -39.91756054627       -3.56       -2.59    2.1    3.96s
  5   -39.91758521348       -4.61       -3.18    4.1    5.71s
  6   -39.91758569791       -6.31       -3.96    4.0    3.90s
  7   -39.91758574079       -7.37       -4.44    4.4    5.26s
n     Energy            log10(ΔE)   log10(Δρ)   Diag   Δtime
---   ---------------   ---------   ---------   ----   ------
  1   -39.89835895954                   -1.11    5.2    4.58s
  2   -39.90416243486       -2.24       -1.06    2.3    2.65s
  3   -39.91728573556       -1.88       -1.80    3.6    3.78s
  4   -39.91756071096       -3.56       -2.59    2.1    2.55s
  5   -39.91758522643       -4.61       -3.19    4.1    4.01s
  6   -39.91758569864       -6.33       -3.97    3.9    4.89s
  7   -39.91758573988       -7.38       -4.47    4.5    4.33s
┌ Info: 2025-08-08T17:34:55.875
│   tol = 0.0001
│   h = 1.0e-5
│   Ecut = 29.0
│   c11 = 35.29541467202533
│   c12 = -8.280657323549171
│   c44 = 9.558771916540945
│   stress1 = 6-element StaticArraysCore.SVector{6, Float64} with indices SOneTo(6): …
│   stress2 = 6-element StaticArraysCore.SVector{6, Float64} with indices SOneTo(6): …
└   dstress = 6-element StaticArraysCore.SVector{6, Float64} with indices SOneTo(6): …
┌ Info: 2025-08-08T17:34:55.900
│   tol = 0.0001
└   h = 1.0e-7
n     Energy            log10(ΔE)   log10(Δρ)   Diag   Δtime
---   ---------------   ---------   ---------   ----   ------
  1   -39.89834832104                   -1.11    5.2    5.19s
  2   -39.90413928323       -2.24       -1.06    2.3    2.82s
  3   -39.91728579856       -1.88       -1.80    3.6    5.50s
  4   -39.91756026856       -3.56       -2.58    2.2    2.59s
  5   -39.91758521269       -4.60       -3.18    4.1    4.00s
  6   -39.91758569713       -6.31       -3.97    3.9    3.37s
  7   -39.91758574040       -7.36       -4.46    4.5    4.70s
n     Energy            log10(ΔE)   log10(Δρ)   Diag   Δtime
---   ---------------   ---------   ---------   ----   ------
  1   -39.89836645622                   -1.11    5.2    4.68s
  2   -39.90419424344       -2.23       -1.06    2.2    2.51s
  3   -39.91728791696       -1.88       -1.80    3.6    3.71s
  4   -39.91756122665       -3.56       -2.59    2.1    2.63s
  5   -39.91758520975       -4.62       -3.19    4.1    4.10s
  6   -39.91758569994       -6.31       -3.97    4.0    4.95s
  7   -39.91758574036       -7.39       -4.50    4.4    4.30s
┌ Info: 2025-08-08T17:38:00.439
│   tol = 0.0001
│   h = 1.0e-7
│   Ecut = 29.0
│   c11 = 667.7868378566372
│   c12 = -1443.414185456091
│   c44 = -126.15322198735481
│   stress1 = 6-element StaticArraysCore.SVector{6, Float64} with indices SOneTo(6): …
│   stress2 = 6-element StaticArraysCore.SVector{6, Float64} with indices SOneTo(6): …
└   dstress = 6-element StaticArraysCore.SVector{6, Float64} with indices SOneTo(6): …
┌ Info: Finished.
└   now() = 2025-08-08T17:38:00.441
