┌ Info: Threading setup: 
│   Threads.nthreads() = 4
│   n_DFTK = 4
│   n_fft = 1
└   n_blas = 4
┌ Info: 2025-08-08T14:04:39.245
│   file = "Si.extxyz_kgrid8_relax_scfres0.jld2"
│   v0 = 275.9153684917313
│   Ecut = 18.0
└   kgrid = MonkhorstPack([8, 8, 8])
┌ Info: 2025-08-08T14:04:40.506
│   length(model0.symmetries) = 48
│   length(symmetries_strain) = 8
│   strain_pattern =
│    6-element Vector{Float64}:
│     1.0
└     ⋮
n     Energy            log10(ΔE)   log10(Δρ)   Diag   Δtime
---   ---------------   ---------   ---------   ----   ------
  1   -8.460373010226                   -0.96    4.1    7.51s
  2   -8.462324632837       -2.71       -1.70    1.0    4.00s
  3   -8.462452881236       -3.89       -2.81    2.0    611ms
  4   -8.462466217029       -4.87       -3.44    3.2    628ms
  5   -8.462466285380       -7.17       -4.03    2.1    562ms
  6   -8.462466290300       -8.31       -5.04    2.1    429ms
  7   -8.462466290579       -9.55       -5.74    3.3    716ms
  8   -8.462466290583      -11.38       -6.86    2.4    439ms
  9   -8.462466290583      -13.03       -7.63    3.4    758ms
 10   -8.462466290583   +    -Inf       -8.20    2.5    458ms
 11   -8.462466290583      -14.75       -9.19    2.1    558ms
 12   -8.462466290583   +  -14.75       -9.88    3.0    547ms
 13   -8.462466290583      -14.45      -10.96    2.3    444ms
 14   -8.462466290583   +  -14.75      -11.81    3.5    710ms
 15   -8.462466290583   +  -14.75      -12.84    2.7    468ms
Solving response problem
Iter  Restart  Krydim  log10(res)  avg(CG)  Δtime   Comment
----  -------  ------  ----------  -------  ------  ---------------
                                     105.2   9.57s  Non-interacting
   1        0       1        0.11     88.5   25.2s  
   2        0       2       -0.69     84.3   5.11s  
   3        0       3       -1.69     79.2   4.68s  
   4        0       4       -2.77     73.3   4.40s  
   5        0       5       -4.02     65.6   3.98s  
   6        0       6       -5.51     55.3   3.37s  
   7        0       7       -6.76     44.9   2.64s  
   8        0       8       -7.94     37.4   2.30s  
   9        0       9       -9.37     28.5   1.91s  
  10        0      10      -10.86     16.5   1.64s  
  11        0      11      -12.29      7.2   806ms  
  12        0      12      -14.12      4.0   638ms  
  13        1       1      -13.05    104.0   6.42s  Restart
                                     104.8   5.95s  Final orbitals
┌ Info: 2025-08-08T14:07:46.165
│   Ecut = 18.0
│   c11 = 153.05037557410014
│   c12 = 56.442072822721535
│   c44 = 99.72657670995767
│   stress = 6-element StaticArraysCore.SVector{6, Float64} with indices SOneTo(6): …
└   dstress = 6-element StaticArraysCore.SVector{6, Float64} with indices SOneTo(6): …
┌ Info: Finished.
└   now() = 2025-08-08T14:07:46.889
