┌ Info: Threading setup: 
│   Threads.nthreads() = 4
│   n_DFTK = 4
│   n_fft = 1
└   n_blas = 4
┌ Info: 2025-08-08T14:10:02.602
│   file = "Si.extxyz_kgrid8_relax_scfres0.jld2"
│   v0 = 275.9153684917313
│   Ecut = 18.0
└   kgrid = MonkhorstPack([8, 8, 8])
┌ Info: 2025-08-08T14:10:03.859
│   length(model0.symmetries) = 48
│   length(symmetries_strain) = 8
│   strain_pattern = 6-element Vector{Float64}: …
└   h_range = 3-element Vector{Float64}: …
┌ Info: 2025-08-08T14:10:04.405
│   tol = 1.0e-6
└   h = 0.001
n     Energy            log10(ΔE)   log10(Δρ)   Diag   Δtime
---   ---------------   ---------   ---------   ----   ------
  1   -8.460349469502                   -0.96    4.1    7.54s
  2   -8.462322275508       -2.70       -1.70    1.0    4.04s
  3   -8.462451465978       -3.89       -2.81    2.0    586ms
  4   -8.462464838131       -4.87       -3.43    3.2    755ms
  5   -8.462464908832       -7.15       -4.01    1.9    414ms
  6   -8.462464914251       -8.27       -5.30    2.1    549ms
  7   -8.462464914549       -9.53       -6.02    3.8    802ms
n     Energy            log10(ΔE)   log10(Δρ)   Diag   Δtime
---   ---------------   ---------   ---------   ----   ------
  1   -8.460350858017                   -0.96    4.1    682ms
  2   -8.462318186857       -2.71       -1.70    1.0    449ms
  3   -8.462451793326       -3.87       -2.81    2.1    442ms
  4   -8.462465107884       -4.88       -3.47    3.1    715ms
  5   -8.462465178889       -7.15       -4.09    2.1    424ms
  6   -8.462465182898       -8.40       -5.19    2.2    557ms
  7   -8.462465183152       -9.59       -5.82    3.5    635ms
  8   -8.462465183154      -11.65       -6.62    2.2    556ms
┌ Info: 2025-08-08T14:11:09.622
│   tol = 1.0e-6
│   h = 0.001
│   Ecut = 18.0
│   c11 = 152.91100207321574
│   c12 = 56.4561933073664
│   c44 = 99.64931036373765
│   stress1 = 6-element StaticArraysCore.SVector{6, Float64} with indices SOneTo(6): …
│   stress2 = 6-element StaticArraysCore.SVector{6, Float64} with indices SOneTo(6): …
└   dstress = 6-element StaticArraysCore.SVector{6, Float64} with indices SOneTo(6): …
┌ Info: 2025-08-08T14:11:10.358
│   tol = 1.0e-6
└   h = 1.0e-5
n     Energy            log10(ΔE)   log10(Δρ)   Diag   Δtime
---   ---------------   ---------   ---------   ----   ------
  1   -8.460382483228                   -0.96    4.1    823ms
  2   -8.462325866058       -2.71       -1.70    1.0    286ms
  3   -8.462452477682       -3.90       -2.81    2.0    529ms
  4   -8.462466209388       -4.86       -3.42    3.2    732ms
  5   -8.462466284263       -7.13       -3.99    2.0    355ms
  6   -8.462466290121       -8.23       -5.07    2.1    386ms
  7   -8.462466290462       -9.47       -5.91    3.4    696ms
  8   -8.462466290465      -11.55       -6.64    2.7    618ms
n     Energy            log10(ΔE)   log10(Δρ)   Diag   Δtime
---   ---------------   ---------   ---------   ----   ------
  1   -8.460397167888                   -0.96    4.1    682ms
  2   -8.462328288251       -2.71       -1.70    1.0    444ms
  3   -8.462452853463       -3.90       -2.81    2.1    424ms
  4   -8.462466206783       -4.87       -3.41    3.2    692ms
  5   -8.462466284325       -7.11       -3.97    2.0    376ms
  6   -8.462466290082       -8.24       -5.02    2.1    533ms
  7   -8.462466290461       -9.42       -5.86    3.4    558ms
  8   -8.462466290465      -11.47       -6.77    2.6    601ms
┌ Info: 2025-08-08T14:11:35.799
│   tol = 1.0e-6
│   h = 1.0e-5
│   Ecut = 18.0
│   c11 = 153.55867924442066
│   c12 = 56.92808775020909
│   c44 = 99.73827366106296
│   stress1 = 6-element StaticArraysCore.SVector{6, Float64} with indices SOneTo(6): …
│   stress2 = 6-element StaticArraysCore.SVector{6, Float64} with indices SOneTo(6): …
└   dstress = 6-element StaticArraysCore.SVector{6, Float64} with indices SOneTo(6): …
┌ Info: 2025-08-08T14:11:35.825
│   tol = 1.0e-6
└   h = 1.0e-7
n     Energy            log10(ΔE)   log10(Δρ)   Diag   Δtime
---   ---------------   ---------   ---------   ----   ------
  1   -8.460380802446                   -0.96    4.1    765ms
  2   -8.462325305499       -2.71       -1.70    1.0    455ms
  3   -8.462452146674       -3.90       -2.81    2.1    439ms
  4   -8.462466210855       -4.85       -3.40    3.2    697ms
  5   -8.462466283241       -7.14       -3.94    1.8    352ms
  6   -8.462466290183       -8.16       -5.10    2.0    536ms
  7   -8.462466290581       -9.40       -5.84    3.6    591ms
  8   -8.462466290583      -11.59       -6.56    2.3    582ms
n     Energy            log10(ΔE)   log10(Δρ)   Diag   Δtime
---   ---------------   ---------   ---------   ----   ------
  1   -8.460376238841                   -0.96    4.1    736ms
  2   -8.462323118507       -2.71       -1.70    1.0    457ms
  3   -8.462452622613       -3.89       -2.81    2.0    396ms
  4   -8.462466210648       -4.87       -3.42    3.2    675ms
  5   -8.462466284856       -7.13       -3.98    2.0    371ms
  6   -8.462466290238       -8.27       -5.10    2.2    525ms
  7   -8.462466290581       -9.47       -5.80    3.4    571ms
  8   -8.462466290583      -11.56       -6.88    2.3    531ms
┌ Info: 2025-08-08T14:12:01.112
│   tol = 1.0e-6
│   h = 1.0e-7
│   Ecut = 18.0
│   c11 = -19.461565033183962
│   c12 = -117.83170296114334
│   c44 = 151.41680201519216
│   stress1 = 6-element StaticArraysCore.SVector{6, Float64} with indices SOneTo(6): …
│   stress2 = 6-element StaticArraysCore.SVector{6, Float64} with indices SOneTo(6): …
└   dstress = 6-element StaticArraysCore.SVector{6, Float64} with indices SOneTo(6): …
┌ Info: Finished.
└   now() = 2025-08-08T14:12:01.114
