┌ Info: Threading setup: 
│   Threads.nthreads() = 4
│   n_DFTK = 4
│   n_fft = 1
└   n_blas = 4
┌ Info: 2025-08-08T14:14:33.406
│   file = "Si.extxyz_kgrid8_relax_scfres0.jld2"
│   v0 = 275.9153684917313
│   Ecut = 18.0
└   kgrid = MonkhorstPack([8, 8, 8])
┌ Info: 2025-08-08T14:14:34.675
│   length(model0.symmetries) = 48
│   length(symmetries_strain) = 8
│   strain_pattern = 6-element Vector{Float64}: …
└   h_range = 3-element Vector{Float64}: …
┌ Info: 2025-08-08T14:14:35.364
│   tol = 1.0e-10
└   h = 0.001
n     Energy            log10(ΔE)   log10(Δρ)   Diag   Δtime
---   ---------------   ---------   ---------   ----   ------
  1   -8.460369423808                   -0.96    4.1    7.58s
  2   -8.462323452068       -2.71       -1.70    1.0    4.28s
  3   -8.462451306148       -3.89       -2.81    2.0    610ms
  4   -8.462464835950       -4.87       -3.42    3.2    744ms
  5   -8.462464908264       -7.14       -3.97    2.1    439ms
  6   -8.462464914190       -8.23       -5.20    2.0    533ms
  7   -8.462464914548       -9.45       -6.03    3.6    783ms
  8   -8.462464914550      -11.87       -6.81    2.6    507ms
  9   -8.462464914550      -13.57       -7.51    2.9    641ms
 10   -8.462464914550      -14.75       -8.49    2.4    471ms
 11   -8.462464914550   +  -14.75       -9.02    3.3    695ms
 12   -8.462464914550      -14.75       -9.83    2.1    432ms
 13   -8.462464914550   +    -Inf      -10.83    2.6    602ms
n     Energy            log10(ΔE)   log10(Δρ)   Diag   Δtime
---   ---------------   ---------   ---------   ----   ------
  1   -8.460368003257                   -0.96    4.1    854ms
  2   -8.462324376592       -2.71       -1.70    1.0    321ms
  3   -8.462450864713       -3.90       -2.81    2.0    550ms
  4   -8.462465100588       -4.85       -3.40    3.1    731ms
  5   -8.462465175898       -7.12       -3.94    1.9    379ms
  6   -8.462465182741       -8.16       -5.16    2.0    535ms
  7   -8.462465183152       -9.39       -5.78    3.6    644ms
  8   -8.462465183154      -11.61       -6.66    2.1    544ms
  9   -8.462465183154      -12.84       -7.23    2.9    527ms
 10   -8.462465183154   +    -Inf       -8.13    2.2    570ms
 11   -8.462465183154   +    -Inf       -9.05    2.9    535ms
 12   -8.462465183154   +  -14.45       -9.72    3.0    668ms
 13   -8.462465183154   +    -Inf      -10.42    2.5    477ms
┌ Info: 2025-08-08T14:15:46.632
│   tol = 1.0e-10
│   h = 0.001
│   Ecut = 18.0
│   c11 = 152.85420170989784
│   c12 = 56.398710362044206
│   c44 = 99.67043164812411
│   stress1 = 6-element StaticArraysCore.SVector{6, Float64} with indices SOneTo(6): …
│   stress2 = 6-element StaticArraysCore.SVector{6, Float64} with indices SOneTo(6): …
└   dstress = 6-element StaticArraysCore.SVector{6, Float64} with indices SOneTo(6): …
┌ Info: 2025-08-08T14:15:47.365
│   tol = 1.0e-10
└   h = 1.0e-5
n     Energy            log10(ΔE)   log10(Δρ)   Diag   Δtime
---   ---------------   ---------   ---------   ----   ------
  1   -8.460366876575                   -0.96    4.1    837ms
  2   -8.462324283204       -2.71       -1.70    1.0    443ms
  3   -8.462452363339       -3.89       -2.82    2.1    424ms
  4   -8.462466209407       -4.86       -3.42    3.2    751ms
  5   -8.462466284236       -7.13       -3.99    2.0    390ms
  6   -8.462466290132       -8.23       -5.10    2.0    550ms
  7   -8.462466290462       -9.48       -5.88    3.4    591ms
  8   -8.462466290465      -11.59       -6.79    2.5    609ms
  9   -8.462466290465      -13.32       -7.38    3.2    542ms
 10   -8.462466290465      -14.27       -8.61    2.4    594ms
 11   -8.462466290465      -14.75       -9.13    3.6    612ms
 12   -8.462466290465      -14.75      -10.08    1.9    518ms
n     Energy            log10(ΔE)   log10(Δρ)   Diag   Δtime
---   ---------------   ---------   ---------   ----   ------
  1   -8.460377704942                   -0.96    4.1    696ms
  2   -8.462323488178       -2.71       -1.70    1.0    437ms
  3   -8.462451967058       -3.89       -2.82    2.1    595ms
  4   -8.462466209492       -4.85       -3.41    3.2    579ms
  5   -8.462466283760       -7.13       -3.97    2.0    532ms
  6   -8.462466290112       -8.20       -5.10    2.0    395ms
  7   -8.462466290461       -9.46       -5.71    3.6    773ms
  8   -8.462466290465      -11.47       -6.66    2.1    404ms
  9   -8.462466290465      -12.88       -7.53    2.9    673ms
 10   -8.462466290465   +    -Inf       -7.86    3.0    519ms
 11   -8.462466290465   +    -Inf       -8.68    1.6    485ms
 12   -8.462466290465   +  -14.75       -9.39    2.8    492ms
 13   -8.462466290465      -14.75      -10.04    2.3    593ms
┌ Info: 2025-08-08T14:16:18.125
│   tol = 1.0e-10
│   h = 1.0e-5
│   Ecut = 18.0
│   c11 = 153.05010155854967
│   c12 = 56.441762723080984
│   c44 = 99.72647760951054
│   stress1 = 6-element StaticArraysCore.SVector{6, Float64} with indices SOneTo(6): …
│   stress2 = 6-element StaticArraysCore.SVector{6, Float64} with indices SOneTo(6): …
└   dstress = 6-element StaticArraysCore.SVector{6, Float64} with indices SOneTo(6): …
┌ Info: 2025-08-08T14:16:18.151
│   tol = 1.0e-10
└   h = 1.0e-7
n     Energy            log10(ΔE)   log10(Δρ)   Diag   Δtime
---   ---------------   ---------   ---------   ----   ------
  1   -8.460381261344                   -0.96    4.1    758ms
  2   -8.462326051530       -2.71       -1.70    1.0    454ms
  3   -8.462452357701       -3.90       -2.81    2.1    427ms
  4   -8.462466212393       -4.86       -3.41    3.2    716ms
  5   -8.462466284280       -7.14       -3.97    1.9    392ms
  6   -8.462466290194       -8.23       -5.03    2.0    549ms
  7   -8.462466290580       -9.41       -5.75    3.3    595ms
  8   -8.462466290583      -11.43       -6.80    2.4    596ms
  9   -8.462466290583      -13.01       -7.43    3.3    585ms
 10   -8.462466290583   +  -14.75       -8.42    2.1    567ms
 11   -8.462466290583      -14.27       -9.27    3.1    536ms
 12   -8.462466290583   +  -14.45      -10.12    2.7    645ms
n     Energy            log10(ΔE)   log10(Δρ)   Diag   Δtime
---   ---------------   ---------   ---------   ----   ------
  1   -8.460380169867                   -0.96    4.2    714ms
  2   -8.462327448587       -2.71       -1.70    1.0    441ms
  3   -8.462452749613       -3.90       -2.82    2.0    424ms
  4   -8.462466213754       -4.87       -3.42    3.2    722ms
  5   -8.462466284482       -7.15       -3.99    2.0    387ms
  6   -8.462466290239       -8.24       -5.09    2.0    554ms
  7   -8.462466290580       -9.47       -5.75    3.4    605ms
  8   -8.462466290583      -11.48       -6.67    2.2    575ms
  9   -8.462466290583      -12.93       -7.53    3.1    541ms
 10   -8.462466290583   +  -14.45       -8.04    2.9    663ms
 11   -8.462466290583      -14.45       -9.18    2.1    410ms
 12   -8.462466290583   +    -Inf       -9.71    3.4    744ms
 13   -8.462466290583   +    -Inf      -11.10    1.8    369ms
┌ Info: 2025-08-08T14:16:48.839
│   tol = 1.0e-10
│   h = 1.0e-7
│   Ecut = 18.0
│   c11 = 153.05980730565497
│   c12 = 56.45188757373535
│   c44 = 99.76085183045467
│   stress1 = 6-element StaticArraysCore.SVector{6, Float64} with indices SOneTo(6): …
│   stress2 = 6-element StaticArraysCore.SVector{6, Float64} with indices SOneTo(6): …
└   dstress = 6-element StaticArraysCore.SVector{6, Float64} with indices SOneTo(6): …
┌ Info: Finished.
└   now() = 2025-08-08T14:16:48.841
