┌ Info: Threading setup: 
│   Threads.nthreads() = 1
│   n_DFTK = 1
│   n_fft = 1
└   n_blas = 1
┌ Info: 2025-05-14T10:00:08.323
│   name = "Si"
│   Ecut = 18.0
│   kgrid = MonkhorstPack([14, 14, 14])
│   p0 = ComponentVector{Float64}(a = 10.347246312603742)
│   temperature = 0.001
└   smearing = DFTK.Smearing.Gaussian()
n     Energy            log10(ΔE)   log10(Δρ)   Diag   Δtime
---   ---------------   ---------   ---------   ----   ------
  1   -8.684797772594                   -0.91    7.1    12.3s
  2   -8.692130865045       -2.13       -1.52    3.0    6.08s
  3   -8.692780940243       -3.19       -2.03    3.9    2.13s
  4   -8.692816875481       -4.44       -3.14    3.7    1.78s
  5   -8.692818002717       -5.95       -3.49    4.3    2.21s
  6   -8.692818044481       -7.38       -4.43    3.6    1.93s
  7   -8.692818046957       -8.61       -4.62    4.4    1.90s
  8   -8.692818047295       -9.47       -6.07    3.5    1.95s
  9   -8.692818047304      -11.05       -6.64    5.0    2.57s
 10   -8.692818047304      -13.64       -7.07    2.3    1.47s
Iter     Function value   Gradient norm 
     0    -8.692818e+00     1.738327e-02
 * time: 3.504753112792969e-5
n     Energy            log10(ΔE)   log10(Δρ)   Diag   Δtime
---   ---------------   ---------   ---------   ----   ------
  1   -8.685131821242                   -0.91    6.8    2.56s
  2   -8.692430422355       -2.14       -1.52    2.9    1.88s
  3   -8.693072602773       -3.19       -2.04    4.0    2.28s
  4   -8.693108199032       -4.45       -3.19    3.8    1.73s
  5   -8.693109206325       -6.00       -3.53    4.2    2.18s
  6   -8.693109240631       -7.46       -4.63    3.6    1.51s
  7   -8.693109242637       -8.70       -4.64    4.4    2.27s
  8   -8.693109242898       -9.58       -6.00    3.2    1.37s
  9   -8.693109242906      -11.08       -6.67    4.7    2.35s
 10   -8.693109242906      -13.71       -7.37    3.7    1.64s
n     Energy            log10(ΔE)   log10(Δρ)   Diag   Δtime
---   ---------------   ---------   ---------   ----   ------
  1   -8.685125318618                   -0.91    6.8    3.54s
  2   -8.692415472751       -2.14       -1.52    3.0    1.39s
  3   -8.693072301954       -3.18       -2.04    4.1    2.08s
  4   -8.693108163640       -4.45       -3.17    3.8    1.93s
  5   -8.693109204015       -5.98       -3.52    4.1    1.86s
  6   -8.693109240272       -7.44       -4.62    3.7    1.79s
  7   -8.693109242622       -8.63       -4.62    4.4    1.93s
  8   -8.693109242897       -9.56       -5.81    3.1    1.59s
  9   -8.693109242905      -11.09       -5.95    4.3    1.92s
 10   -8.693109242906      -11.96       -6.52    3.6    1.74s
 11   -8.693109242906      -13.29       -7.67    3.6    1.55s
     1    -8.693109e+00     1.612324e-02
 * time: 56.03509712219238
n     Energy            log10(ΔE)   log10(Δρ)   Diag   Δtime
---   ---------------   ---------   ---------   ----   ------
  1   -8.687701804327                   -0.94    7.1    2.75s
  2   -8.694346611047       -2.18       -1.52    2.8    1.62s
  3   -8.695001709304       -3.18       -2.02    3.9    1.79s
  4   -8.695039965932       -4.42       -3.03    3.8    2.00s
  5   -8.695041401594       -5.84       -3.34    4.4    2.00s
  6   -8.695041491823       -7.04       -4.29    3.9    1.88s
  7   -8.695041497099       -8.28       -4.99    4.3    1.91s
  8   -8.695041497171      -10.14       -5.37    3.2    1.93s
  9   -8.695041497178      -11.12       -6.59    3.8    1.62s
 10   -8.695041497178      -12.63       -6.95    4.7    2.33s
 11   -8.695041497178      -14.05       -7.98    3.8    1.58s
n     Energy            log10(ΔE)   log10(Δρ)   Diag   Δtime
---   ---------------   ---------   ---------   ----   ------
  1   -8.687703128298                   -0.94    7.2    2.72s
  2   -8.694350959029       -2.18       -1.52    3.1    1.41s
  3   -8.695002536782       -3.19       -2.02    4.0    2.03s
  4   -8.695040080051       -4.43       -3.03    3.9    2.00s
  5   -8.695041402885       -5.88       -3.35    4.3    1.87s
  6   -8.695041491594       -7.05       -4.21    3.8    2.09s
  7   -8.695041497120       -8.26       -5.10    4.2    1.86s
  8   -8.695041497172      -10.29       -5.39    3.4    1.87s
  9   -8.695041497178      -11.18       -6.52    3.5    1.53s
 10   -8.695041497178      -12.66       -6.88    4.6    2.21s
 11   -8.695041497178      -14.27       -7.96    3.6    1.56s
     2    -8.695041e+00     1.788596e-03
 * time: 112.03746819496155
n     Energy            log10(ΔE)   log10(Δρ)   Diag   Δtime
---   ---------------   ---------   ---------   ----   ------
  1   -8.687784936491                   -0.94    7.2    2.85s
  2   -8.694401088089       -2.18       -1.52    3.0    1.74s
  3   -8.695031292427       -3.20       -2.02    4.1    1.86s
  4   -8.695067868527       -4.44       -3.05    3.8    2.07s
  5   -8.695069186252       -5.88       -3.38    4.4    2.80s
  6   -8.695069256484       -7.15       -4.16    3.8    1.84s
  7   -8.695069262246       -8.24       -4.76    4.2    2.12s
  8   -8.695069262429       -9.74       -5.22    3.5    1.48s
  9   -8.695069262444      -10.83       -6.06    3.6    1.89s
 10   -8.695069262445      -12.20       -6.51    4.2    1.77s
 11   -8.695069262445      -13.50       -7.30    3.7    1.97s
n     Energy            log10(ΔE)   log10(Δρ)   Diag   Δtime
---   ---------------   ---------   ---------   ----   ------
  1   -8.687795482735                   -0.94    7.2    2.80s
  2   -8.694382641043       -2.18       -1.52    2.8    1.64s
  3   -8.695030784423       -3.19       -2.01    4.1    1.84s
  4   -8.695067893320       -4.43       -3.04    3.9    2.20s
  5   -8.695069184455       -5.89       -3.38    4.2    2.97s
  6   -8.695069256525       -7.14       -4.10    4.0    2.95s
  7   -8.695069262255       -8.24       -4.81    4.0    2.81s
  8   -8.695069262435       -9.74       -5.30    3.6    3.04s
  9   -8.695069262444      -11.03       -6.16    3.7    2.05s
 10   -8.695069262445      -12.34       -6.71    4.4    2.16s
 11   -8.695069262445      -13.80       -7.44    3.9    1.73s
     3    -8.695069e+00     2.199504e-04
 * time: 173.07743120193481
n     Energy            log10(ΔE)   log10(Δρ)   Diag   Δtime
---   ---------------   ---------   ---------   ----   ------
  1   -8.687825574176                   -0.95    7.3    2.92s
  2   -8.694387188667       -2.18       -1.52    2.9    1.64s
  3   -8.695030927034       -3.19       -2.01    4.1    1.84s
  4   -8.695068551908       -4.42       -3.05    3.8    2.00s
  5   -8.695069627157       -5.97       -3.41    4.4    1.91s
  6   -8.695069691625       -7.19       -4.06    3.9    1.92s
  7   -8.695069697086       -8.26       -4.82    3.8    1.71s
  8   -8.695069697278       -9.72       -5.39    3.7    1.95s
  9   -8.695069697284      -11.18       -6.20    3.8    1.66s
 10   -8.695069697285      -12.44       -6.80    4.4    2.12s
 11   -8.695069697285      -13.97       -7.57    4.0    1.71s
n     Energy            log10(ΔE)   log10(Δρ)   Diag   Δtime
---   ---------------   ---------   ---------   ----   ------
  1   -8.687831516397                   -0.95    7.3    2.98s
  2   -8.694380542926       -2.18       -1.52    2.9    1.39s
  3   -8.695031550216       -3.19       -2.01    4.0    2.30s
  4   -8.695068429102       -4.43       -3.03    3.9    2.60s
  5   -8.695069620105       -5.92       -3.38    4.1    2.17s
  6   -8.695069691081       -7.15       -4.10    3.9    2.16s
  7   -8.695069697063       -8.22       -4.74    4.3    2.02s
  8   -8.695069697270       -9.69       -5.21    3.7    2.00s
  9   -8.695069697284      -10.85       -5.97    3.7    1.87s
 10   -8.695069697285      -12.01       -6.53    4.1    2.63s
 11   -8.695069697285      -13.50       -7.24    4.0    2.27s
     4    -8.695070e+00     3.694966e-06
 * time: 236.18465614318848
n     Energy            log10(ΔE)   log10(Δρ)   Diag   Δtime
---   ---------------   ---------   ---------   ----   ------
  1   -8.687836228589                   -0.95    7.2    3.36s
  2   -8.694394544313       -2.18       -1.52    3.0    1.72s
  3   -8.695031795194       -3.20       -2.02    4.1    2.41s
  4   -8.695068386559       -4.44       -3.04    3.9    2.54s
  5   -8.695069623135       -5.91       -3.39    4.2    2.13s
  6   -8.695069692101       -7.16       -4.14    3.9    1.94s
  7   -8.695069697207       -8.29       -4.78    4.1    1.85s
  8   -8.695069697397       -9.72       -5.31    3.8    1.98s
  9   -8.695069697406      -11.03       -6.15    3.8    1.98s
 10   -8.695069697407      -12.32       -6.69    4.3    2.44s
 11   -8.695069697407      -13.80       -7.42    4.0    1.89s
n     Energy            log10(ΔE)   log10(Δρ)   Diag   Δtime
---   ---------------   ---------   ---------   ----   ------
  1   -8.687831044861                   -0.95    7.4    3.27s
  2   -8.694385736514       -2.18       -1.52    3.0    1.74s
  3   -8.695030896044       -3.19       -2.01    4.1    2.69s
  4   -8.695068630848       -4.42       -3.04    3.9    2.22s
  5   -8.695069626739       -6.00       -3.41    4.2    2.00s
  6   -8.695069691083       -7.19       -4.05    4.1    2.57s
  7   -8.695069697211       -8.21       -4.82    3.8    1.74s
  8   -8.695069697396       -9.73       -5.29    3.6    2.00s
  9   -8.695069697406      -11.01       -6.06    3.6    1.62s
 10   -8.695069697407      -12.18       -6.61    4.4    2.19s
 11   -8.695069697407      -13.75       -7.48    4.0    1.73s
     5    -8.695070e+00     2.957933e-09
 * time: 299.0992500782013
 * Status: success

 * Candidate solution
    Final objective value:     -8.695070e+00

 * Found with
    Algorithm:     L-BFGS

 * Convergence measures
    |x - x'|               = 6.65e-05 ≰ -1.0e+00
    |x - x'|/|x'|          = 6.26e-06 ≰ 0.0e+00
    |f(x) - f(x')|         = 1.22e-10 ≤ 1.0e-08
    |f(x) - f(x')|/|f(x')| = 1.41e-11 ≰ 0.0e+00
    |g(x)|                 = 2.96e-09 ≤ 1.0e-06

 * Work counters
    Seconds run:   299  (vs limit Inf)
    Iterations:    5
    f(x) calls:    6
    ∇f(x) calls:   6

Si: 382.266957 seconds (514.77 M allocations: 114.404 GiB, 8.74% gc time, 14.57% compilation time: <1% of which was recompilation)
┌ Info: 2025-05-14T10:06:31.248
│   name = "NaCl"
│   Ecut = 44.0
│   kgrid = MonkhorstPack([13, 13, 13])
│   p0 = ComponentVector{Float64}(a = 10.746130571470083)
│   temperature = 0
└   smearing = DFTK.Smearing.None()
n     Energy            log10(ΔE)   log10(Δρ)   Diag   Δtime
---   ---------------   ---------   ---------   ----   ------
  1   -63.37454657598                   -1.05    9.1    21.9s
  2   -63.38022046772       -2.25       -1.11    2.6    9.13s
  3   -63.38978135529       -2.02       -2.25    3.6    10.1s
  4   -63.38978732989       -5.22       -2.52    3.7    10.7s
  5   -63.38979496132       -5.12       -3.72    2.9    8.80s
  6   -63.38979500146       -7.40       -4.33    4.6    11.0s
  7   -63.38979500770       -8.20       -5.33    3.5    9.62s
  8   -63.38979500774      -10.47       -5.93    4.3    11.8s
  9   -63.38979500774      -11.84       -7.10    3.5    10.2s
Iter     Function value   Gradient norm 
     0    -6.338980e+01     9.336950e-04
 * time: 3.600120544433594e-5
n     Energy            log10(ΔE)   log10(Δρ)   Diag   Δtime
---   ---------------   ---------   ---------   ----   ------
  1   -63.37454868455                   -1.05    8.8    19.0s
  2   -63.38025673346       -2.24       -1.11    2.5    6.82s
  3   -63.38978227667       -2.02       -2.25    3.5    9.45s
  4   -63.38978818270       -5.23       -2.53    3.7    10.8s
  5   -63.38979582541       -5.12       -3.73    3.0    9.89s
  6   -63.38979586375       -7.42       -4.35    4.3    12.7s
  7   -63.38979586958       -8.23       -5.32    3.4    10.2s
  8   -63.38979586962      -10.46       -5.92    4.1    11.8s
  9   -63.38979586962      -11.81       -7.03    3.5    10.4s
n     Energy            log10(ΔE)   log10(Δρ)   Diag   Δtime
---   ---------------   ---------   ---------   ----   ------
  1   -63.37454814162                   -1.05    8.8    18.6s
  2   -63.38021954813       -2.25       -1.11    2.5    6.77s
  3   -63.38978215299       -2.02       -2.25    3.5    9.70s
  4   -63.38978818499       -5.22       -2.52    3.7    11.2s
  5   -63.38979582411       -5.12       -3.72    3.0    9.04s
  6   -63.38979586353       -7.40       -4.34    4.5    10.7s
  7   -63.38979586958       -8.22       -5.31    3.5    9.62s
  8   -63.38979586962      -10.47       -5.94    4.1    12.5s
  9   -63.38979586962      -11.85       -7.02    3.6    12.9s
     1    -6.338980e+01     9.126567e-04
 * time: 244.19044089317322
n     Energy            log10(ΔE)   log10(Δρ)   Diag   Δtime
---   ---------------   ---------   ---------   ----   ------
  1   -63.37466635648                   -1.05    8.5    19.3s
  2   -63.38043502552       -2.24       -1.11    2.6    7.26s
  3   -63.38980078022       -2.03       -2.25    3.5    9.60s
  4   -63.38980658529       -5.24       -2.53    3.6    10.4s
  5   -63.38981402133       -5.13       -3.73    2.9    8.75s
  6   -63.38981406100       -7.40       -4.34    4.3    10.7s
  7   -63.38981406694       -8.23       -5.33    3.4    9.48s
  8   -63.38981406697      -10.50       -5.92    4.1    11.8s
  9   -63.38981406697      -11.88       -6.99    3.3    9.73s
 10   -63.38981406697      -12.87       -8.16    3.7    10.7s
n     Energy            log10(ΔE)   log10(Δρ)   Diag   Δtime
---   ---------------   ---------   ---------   ----   ------
  1   -63.37466645328                   -1.05    8.6    23.6s
  2   -63.38047746329       -2.24       -1.11    2.5    7.46s
  3   -63.38980080239       -2.03       -2.25    3.7    11.4s
  4   -63.38980662668       -5.23       -2.53    3.6    10.9s
  5   -63.38981402314       -5.13       -3.73    2.8    10.7s
  6   -63.38981406127       -7.42       -4.35    4.3    11.1s
  7   -63.38981406694       -8.25       -5.32    3.3    8.78s
  8   -63.38981406697      -10.49       -5.89    4.0    11.4s
  9   -63.38981406697      -11.87       -7.01    3.3    11.0s
     2    -6.338981e+01     2.036429e-05
 * time: 496.4250440597534
n     Energy            log10(ΔE)   log10(Δρ)   Diag   Δtime
---   ---------------   ---------   ---------   ----   ------
  1   -63.37466425260                   -1.05    8.9    20.1s
  2   -63.38044700746       -2.24       -1.11    2.5    6.93s
  3   -63.38980080558       -2.03       -2.25    3.7    9.81s
  4   -63.38980679245       -5.22       -2.53    3.6    10.4s
  5   -63.38981403476       -5.14       -3.73    2.9    8.85s
  6   -63.38981407050       -7.45       -4.36    4.3    11.2s
  7   -63.38981407585       -8.27       -5.34    3.5    9.58s
  8   -63.38981407588      -10.51       -5.99    4.0    12.1s
  9   -63.38981407588      -11.92       -7.04    3.4    10.9s
n     Energy            log10(ΔE)   log10(Δρ)   Diag   Δtime
---   ---------------   ---------   ---------   ----   ------
  1   -63.37466606806                   -1.05    8.9    20.5s
  2   -63.38042113475       -2.24       -1.11    2.6    7.18s
  3   -63.38980080390       -2.03       -2.25    3.7    10.0s
  4   -63.38980661882       -5.24       -2.53    3.7    10.7s
  5   -63.38981403120       -5.13       -3.73    3.0    9.05s
  6   -63.38981406992       -7.41       -4.34    4.4    10.7s
  7   -63.38981407585       -8.23       -5.33    3.4    8.95s
  8   -63.38981407588      -10.48       -5.90    4.1    11.5s
  9   -63.38981407588      -11.87       -7.04    3.3    9.74s
     3    -6.338981e+01     4.096773e-07
 * time: 732.8171699047089
 * Status: success

 * Candidate solution
    Final objective value:     -6.338981e+01

 * Found with
    Algorithm:     L-BFGS

 * Convergence measures
    |x - x'|               = 8.84e-04 ≰ -1.0e+00
    |x - x'|/|x'|          = 8.26e-05 ≰ 0.0e+00
    |f(x) - f(x')|         = 8.91e-09 ≤ 1.0e-08
    |f(x) - f(x')|/|f(x')| = 1.40e-10 ≰ 0.0e+00
    |g(x)|                 = 4.10e-07 ≤ 1.0e-06

 * Work counters
    Seconds run:   733  (vs limit Inf)
    Iterations:    3
    f(x) calls:    4
    ∇f(x) calls:   4

NaCl: 862.852247 seconds (803.59 M allocations: 220.262 GiB, 5.47% gc time, 0.46% compilation time)
┌ Info: 2025-05-14T10:20:54.133
│   name = "Al"
│   Ecut = 20.0
│   kgrid = MonkhorstPack([18, 18, 18])
│   p0 = ComponentVector{Float64}(a = 7.641925528121933)
│   temperature = 0.001
└   smearing = DFTK.Smearing.Gaussian()
n     Energy            log10(ΔE)   log10(Δρ)   Diag   Δtime
---   ---------------   ---------   ---------   ----   ------
  1   -2.354779277814                   -1.67    5.5    2.25s
  2   -2.355169975834       -3.41       -1.93    1.3    846ms
  3   -2.355435816133       -3.58       -2.59    4.4    1.99s
  4   -2.355457737535       -4.66       -3.19    4.3    1.67s
  5   -2.355458583350       -6.07       -3.57    3.3    1.71s
  6   -2.355458833285       -6.60       -4.14    3.5    1.38s
  7   -2.355458852038       -7.73       -4.65    3.7    1.77s
  8   -2.355458853707       -8.78       -5.63    3.5    1.38s
  9   -2.355458853721      -10.85       -6.01    3.8    1.77s
 10   -2.355458853726      -11.35       -6.69    3.6    1.40s
 11   -2.355458853726      -13.34       -7.02    3.1    1.64s
Iter     Function value   Gradient norm 
     0    -2.355459e+00     1.981211e-02
 * time: 4.1961669921875e-5
n     Energy            log10(ΔE)   log10(Δρ)   Diag   Δtime
---   ---------------   ---------   ---------   ----   ------
  1   -2.355180432083                   -1.68    5.4    2.28s
  2   -2.355562556398       -3.42       -1.93    1.3    839ms
  3   -2.355824252064       -3.58       -2.60    4.4    2.02s
  4   -2.355844127195       -4.70       -3.20    4.3    1.69s
  5   -2.355844707967       -6.24       -3.64    3.3    1.72s
  6   -2.355844886237       -6.75       -4.09    3.5    1.46s
  7   -2.355844909007       -7.64       -4.66    3.7    1.79s
  8   -2.355844910680       -8.78       -5.47    3.6    1.42s
  9   -2.355844910715      -10.45       -5.61    4.1    1.90s
 10   -2.355844910725      -11.02       -6.32    3.2    1.30s
 11   -2.355844910725      -12.21       -6.69    3.5    1.72s
 12   -2.355844910725      -14.31       -7.02    2.6    1.15s
n     Energy            log10(ΔE)   log10(Δρ)   Diag   Δtime
---   ---------------   ---------   ---------   ----   ------
  1   -2.355183044471                   -1.68    5.4    2.38s
  2   -2.355564570453       -3.42       -1.93    1.3    1.35s
  3   -2.355824482811       -3.59       -2.60    4.4    2.10s
  4   -2.355844101078       -4.71       -3.21    4.2    2.48s
  5   -2.355844708641       -6.22       -3.64    3.4    1.75s
  6   -2.355844887290       -6.75       -4.11    3.5    1.94s
  7   -2.355844909163       -7.66       -4.67    3.6    1.78s
  8   -2.355844910683       -8.82       -5.49    3.6    1.87s
  9   -2.355844910717      -10.47       -5.65    4.1    1.74s
 10   -2.355844910725      -11.09       -6.37    3.3    1.64s
 11   -2.355844910725      -12.26       -6.66    3.7    1.44s
 12   -2.355844910725      -13.76       -7.11    2.4    1.43s
     1    -2.355845e+00     1.915363e-02
 * time: 74.24366402626038
n     Energy            log10(ΔE)   log10(Δρ)   Diag   Δtime
---   ---------------   ---------   ---------   ----   ------
  1   -2.362095322577                   -1.86    5.6    1.89s
  2   -2.362298276403       -3.69       -2.12    1.3    654ms
  3   -2.362416413723       -3.93       -2.80    4.4    1.72s
  4   -2.362424708045       -5.08       -3.27    4.1    1.57s
  5   -2.362425785451       -5.97       -3.75    3.6    1.66s
  6   -2.362425945144       -6.80       -4.19    3.9    1.26s
  7   -2.362425954928       -8.01       -4.47    3.8    1.52s
  8   -2.362425959827       -8.31       -5.09    3.5    1.13s
  9   -2.362425959996       -9.77       -5.45    2.8    1.36s
 10   -2.362425960035      -10.41       -6.21    3.0    1.12s
 11   -2.362425960035      -13.28       -6.35    2.7    1.34s
 12   -2.362425960036      -12.23       -7.25    2.9    1.28s
n     Energy            log10(ΔE)   log10(Δρ)   Diag   Δtime
---   ---------------   ---------   ---------   ----   ------
  1   -2.362096190834                   -1.86    5.7    2.21s
  2   -2.362298100449       -3.69       -2.12    1.2    1.13s
  3   -2.362416393695       -3.93       -2.80    4.5    1.60s
  4   -2.362424699682       -5.08       -3.26    4.0    1.66s
  5   -2.362425784353       -5.96       -3.74    3.5    1.51s
  6   -2.362425944898       -6.79       -4.19    3.9    1.66s
  7   -2.362425954868       -8.00       -4.46    3.9    1.44s
  8   -2.362425959811       -8.31       -5.07    3.5    1.42s
  9   -2.362425959994       -9.74       -5.44    2.8    949ms
 10   -2.362425960034      -10.39       -6.12    3.1    1.32s
 11   -2.362425960035      -12.32       -6.33    2.6    1.18s
 12   -2.362425960036      -12.18       -7.13    3.0    1.60s
     2    -2.362426e+00     6.101263e-03
 * time: 143.22828888893127
n     Energy            log10(ΔE)   log10(Δρ)   Diag   Δtime
---   ---------------   ---------   ---------   ----   ------
  1   -2.363517709577                   -1.96    5.5    3.34s
  2   -2.363664074276       -3.83       -2.23    1.2    1.55s
  3   -2.363732395476       -4.17       -2.97    4.4    2.81s
  4   -2.363736459422       -5.39       -3.41    4.0    2.90s
  5   -2.363737078076       -6.21       -3.92    3.6    2.39s
  6   -2.363737169181       -7.04       -4.44    3.8    2.82s
  7   -2.363737175806       -8.18       -4.72    3.6    2.56s
  8   -2.363737177638       -8.74       -5.66    3.4    2.76s
  9   -2.363737177659      -10.68       -6.45    3.5    2.41s
 10   -2.363737177660      -11.94       -6.62    3.9    2.84s
 11   -2.363737177660   +  -12.61       -7.42    3.2    2.13s
n     Energy            log10(ΔE)   log10(Δρ)   Diag   Δtime
---   ---------------   ---------   ---------   ----   ------
  1   -2.363518093627                   -1.96    5.5    3.49s
  2   -2.363663783592       -3.84       -2.23    1.2    1.62s
  3   -2.363732399056       -4.16       -2.97    4.4    3.74s
  4   -2.363736450796       -5.39       -3.40    4.1    2.89s
  5   -2.363737077143       -6.20       -3.91    3.7    2.41s
  6   -2.363737168869       -7.04       -4.43    3.8    2.79s
  7   -2.363737175841       -8.16       -4.72    3.6    2.34s
  8   -2.363737177640       -8.75       -5.69    3.4    2.55s
  9   -2.363737177659      -10.73       -6.41    3.5    2.43s
 10   -2.363737177660      -11.88       -6.61    3.9    2.96s
 11   -2.363737177660   +  -12.62       -7.45    3.1    2.37s
     3    -2.363737e+00     3.411121e-03
 * time: 233.67304182052612
n     Energy            log10(ΔE)   log10(Δρ)   Diag   Δtime
---   ---------------   ---------   ---------   ----   ------
  1   -2.364231442394                   -2.07    5.8    3.66s
  2   -2.364327494040       -4.02       -2.35    1.2    1.40s
  3   -2.364364203576       -4.44       -3.11    4.4    3.28s
  4   -2.364366060992       -5.73       -3.44    3.9    3.40s
  5   -2.364366501896       -6.36       -4.01    3.6    2.54s
  6   -2.364366541055       -7.41       -4.64    3.8    3.16s
  7   -2.364366544678       -8.44       -4.95    3.9    2.64s
  8   -2.364366544853       -9.76       -5.92    2.9    2.32s
  9   -2.364366544859      -11.27       -6.61    3.6    2.87s
 10   -2.364366544859      -13.10       -6.85    2.5    2.38s
 11   -2.364366544859      -15.35       -7.34    2.4    2.19s
n     Energy            log10(ΔE)   log10(Δρ)   Diag   Δtime
---   ---------------   ---------   ---------   ----   ------
  1   -2.364233692552                   -2.07    5.7    3.63s
  2   -2.364327650975       -4.03       -2.35    1.2    1.63s
  3   -2.364364214217       -4.44       -3.11    4.5    3.00s
  4   -2.364366067814       -5.73       -3.44    4.0    3.38s
  5   -2.364366501358       -6.36       -4.00    3.6    2.70s
  6   -2.364366541074       -7.40       -4.64    3.8    2.78s
  7   -2.364366544687       -8.44       -4.96    3.9    2.87s
  8   -2.364366544853       -9.78       -5.85    2.8    2.04s
  9   -2.364366544859      -11.25       -6.57    3.5    2.69s
 10   -2.364366544859      -13.03       -6.80    2.8    2.11s
 11   -2.364366544859      -14.21       -7.34    2.7    2.29s
     4    -2.364367e+00     3.322666e-04
 * time: 328.3208248615265
n     Energy            log10(ΔE)   log10(Δρ)   Diag   Δtime
---   ---------------   ---------   ---------   ----   ------
  1   -2.364244302963                   -2.08    5.7    3.64s
  2   -2.364335722132       -4.04       -2.36    1.2    1.56s
  3   -2.364370597396       -4.46       -3.12    4.3    3.38s
  4   -2.364372426862       -5.74       -3.46    3.9    3.39s
  5   -2.364372808094       -6.42       -4.05    3.6    2.49s
  6   -2.364372841660       -7.47       -4.68    3.8    2.81s
  7   -2.364372844824       -8.50       -5.02    3.9    3.09s
  8   -2.364372844929       -9.98       -5.84    2.6    2.81s
  9   -2.364372844935      -11.25       -6.62    3.4    2.68s
 10   -2.364372844935      -12.99       -6.87    3.0    2.27s
 11   -2.364372844935      -14.10       -7.45    2.7    2.35s
n     Energy            log10(ΔE)   log10(Δρ)   Diag   Δtime
---   ---------------   ---------   ---------   ----   ------
  1   -2.364244217072                   -2.08    5.7    3.66s
  2   -2.364336112416       -4.04       -2.36    1.1    1.53s
  3   -2.364370640093       -4.46       -3.12    4.3    3.64s
  4   -2.364372410909       -5.75       -3.45    3.9    2.68s
  5   -2.364372807765       -6.40       -4.04    3.6    2.85s
  6   -2.364372841609       -7.47       -4.67    3.7    2.62s
  7   -2.364372844805       -8.50       -5.00    3.9    2.79s
  8   -2.364372844930       -9.90       -5.92    2.7    2.39s
  9   -2.364372844935      -11.31       -6.66    3.5    2.75s
 10   -2.364372844935      -13.10       -6.89    2.8    2.86s
 11   -2.364372844935      -14.24       -7.52    2.5    2.07s
     5    -2.364373e+00     1.047256e-05
 * time: 423.2342038154602
n     Energy            log10(ΔE)   log10(Δρ)   Diag   Δtime
---   ---------------   ---------   ---------   ----   ------
  1   -2.364241155614                   -2.08    5.6    3.26s
  2   -2.364335276593       -4.03       -2.36    1.1    1.56s
  3   -2.364370613098       -4.45       -3.12    4.4    3.04s
  4   -2.364372416616       -5.74       -3.45    4.0    3.82s
  5   -2.364372814610       -6.40       -4.05    3.6    4.40s
  6   -2.364372847974       -7.48       -4.68    3.7    4.17s
  7   -2.364372851175       -8.49       -5.01    3.8    4.54s
  8   -2.364372851284       -9.96       -5.83    2.7    3.01s
  9   -2.364372851290      -11.26       -6.65    3.3    3.92s
 10   -2.364372851290      -13.06       -6.88    2.9    3.61s
 11   -2.364372851290      -13.99       -7.43    2.6    3.18s
n     Energy            log10(ΔE)   log10(Δρ)   Diag   Δtime
---   ---------------   ---------   ---------   ----   ------
  1   -2.364243905144                   -2.08    5.5    5.04s
  2   -2.364335719236       -4.04       -2.36    1.1    1.38s
  3   -2.364370627338       -4.46       -3.12    4.4    3.18s
  4   -2.364372419654       -5.75       -3.46    3.9    2.85s
  5   -2.364372815060       -6.40       -4.05    3.5    2.45s
  6   -2.364372848092       -7.48       -4.68    3.7    3.14s
  7   -2.364372851159       -8.51       -5.01    3.8    3.02s
  8   -2.364372851285       -9.90       -6.02    2.9    2.20s
  9   -2.364372851290      -11.35       -6.71    3.6    2.89s
 10   -2.364372851290      -13.27       -6.93    2.5    2.05s
 11   -2.364372851290      -14.35       -7.51    2.5    2.68s
     6    -2.364373e+00     1.114019e-07
 * time: 531.3801159858704
 * Status: success

 * Candidate solution
    Final objective value:     -2.364373e+00

 * Found with
    Algorithm:     L-BFGS

 * Convergence measures
    |x - x'|               = 1.20e-03 ≰ -1.0e+00
    |x - x'|/|x'|          = 1.35e-04 ≰ 0.0e+00
    |f(x) - f(x')|         = 6.36e-09 ≤ 1.0e-08
    |f(x) - f(x')|/|f(x')| = 2.69e-09 ≰ 0.0e+00
    |g(x)|                 = 1.11e-07 ≤ 1.0e-06

 * Work counters
    Seconds run:   531  (vs limit Inf)
    Iterations:    6
    f(x) calls:    7
    ∇f(x) calls:   7

Al: 570.596231 seconds (419.08 M allocations: 112.388 GiB, 6.46% gc time, 0.00% compilation time)
┌ Info: 2025-05-14T10:30:24.729
│   name = "V"
│   Ecut = 42.0
│   kgrid = MonkhorstPack([20, 20, 20])
│   p0 = ComponentVector{Float64}(a = 5.699267600684394)
│   temperature = 0.001
└   smearing = DFTK.Smearing.Gaussian()
┌ Warning: Negative ρcore detected: -3.4151886922104144e-8
└ @ DFTK ~/.julia/packages/DFTK/n2IL4/src/terms/xc.jl:39
n     Energy            log10(ΔE)   log10(Δρ)   Diag   Δtime
---   ---------------   ---------   ---------   ----   ------
  1   -74.76455520308                   -1.26    9.2    10.1s
┌ Warning: Eigensolver not converged
│   n_iter =
│    256-element Vector{Int64}:
│     2
│     2
│     1
│     5
│     ⋮
│     4
│     6
│     2
└ @ DFTK ~/.julia/packages/DFTK/n2IL4/src/scf/self_consistent_field.jl:76
  2   -74.76505507552       -3.30       -1.44    2.7    4.00s
  3   -74.76544310952       -3.41       -2.09    5.8    6.61s
  4   -74.76545166249       -5.07       -2.63    3.7    5.51s
  5   -74.76545278631       -5.95       -2.99    5.1    6.21s
  6   -74.76545335276       -6.25       -3.29    5.1    5.46s
  7   -74.76545353382       -6.74       -3.67    5.0    5.68s
  8   -74.76545355036       -7.78       -3.90    3.8    4.71s
  9   -74.76545356009       -8.01       -4.10    4.3    5.06s
 10   -74.76545356361       -8.45       -4.86    5.1    5.82s
 11   -74.76545356361      -11.81       -5.20    5.8    6.23s
 12   -74.76545356363      -10.70       -5.40    5.0    5.43s
 13   -74.76545356364      -10.96       -6.03    4.1    5.13s
 14   -74.76545356364      -12.17       -6.55    4.8    6.45s
 15   -74.76545356364   +  -12.89       -6.77    2.9    4.13s
 16   -74.76545356364      -12.55       -7.81    4.8    5.52s
┌ Warning: Negative ρcore detected: Dual{ForwardDiff.Tag{var"#19#21"{@NamedTuple{ham::Hamiltonian, basis::PlaneWaveBasis{Float64, Float64, DFTK.CPU, FFTGrid{Float64, Float64, Array{StaticArraysCore.SVector{3, Int64}, 3}, Array{StaticArraysCore.SVector{3, Float64}, 3}}, Vector{StaticArraysCore.SVector{3, Int64}}}, energies::Energies{Float64}, converged::Bool, occupation_threshold::Float64, ρ::Array{Float64, 4}, τ::Nothing, α::Float64, eigenvalues::Vector{Vector{Float64}}, occupation::Vector{Vector{Float64}}, εF::Float64, n_bands_converge::Int64, n_iter::Int64, n_matvec::Int64, ψ::Vector{Matrix{ComplexF64}}, diagonalization::Vector{@NamedTuple{λ::Vector{Vector{Float64}}, X::Vector{Matrix{ComplexF64}}, residual_norms::Vector{Vector{Float64}}, n_iter::Vector{Int64}, converged::Bool, n_matvec::Int64}}, stage::Symbol, history_Δρ::Vector{Float64}, history_Etot::Vector{Float64}, timedout::Bool, runtime_ns::UInt64, algorithm::String}, Model{Float64, Float64}, Float64, MonkhorstPack, var"#case#4"{Matrix{Float64}, Float64, MonkhorstPack, Vector{StaticArraysCore.SVector{3, Float64}}, Vector{ElementPsp{PspUpf{Float64, Interpolations.Extrapolation{Float64, 1, Interpolations.GriddedInterpolation{Float64, 1, Vector{Float64}, Interpolations.Gridded{Interpolations.Linear{Interpolations.Throw{Interpolations.OnGrid}}}, Tuple{Vector{Float64}}}, Interpolations.Gridded{Interpolations.Linear{Interpolations.Throw{Interpolations.OnGrid}}}, Interpolations.Throw{Nothing}}}}}, Float64, Float64, String}}, Float64}}(-3.4151886922104144e-8,-1.2413273474001241e-8)
└ @ DFTK ~/.julia/packages/DFTK/n2IL4/src/terms/xc.jl:39
Iter     Function value   Gradient norm 
     0    -7.476545e+01     1.759692e-02
 * time: 4.100799560546875e-5
┌ Warning: Negative ρcore detected: -3.375094319488412e-8
└ @ DFTK ~/.julia/packages/DFTK/n2IL4/src/terms/xc.jl:39
n     Energy            log10(ΔE)   log10(Δρ)   Diag   Δtime
---   ---------------   ---------   ---------   ----   ------
  1   -74.76482968139                   -1.26    9.6    9.85s
  2   -74.76533687291       -3.29       -1.44    2.8    3.94s
  3   -74.76572837261       -3.41       -2.09    5.9    6.66s
  4   -74.76573715259       -5.06       -2.63    3.7    6.04s
  5   -74.76573826879       -5.95       -2.99    5.2    6.28s
  6   -74.76573884776       -6.24       -3.29    5.2    6.82s
  7   -74.76573903425       -6.73       -3.66    5.0    6.05s
  8   -74.76573904973       -7.81       -3.89    3.7    4.75s
  9   -74.76573906076       -7.96       -4.12    4.4    5.40s
 10   -74.76573906381       -8.51       -4.86    5.2    5.79s
 11   -74.76573906382      -11.37       -5.20    5.8    6.39s
 12   -74.76573906384      -10.62       -5.45    5.0    5.46s
 13   -74.76573906385      -11.10       -6.07    4.1    5.29s
 14   -74.76573906385      -12.57       -6.49    5.1    5.86s
 15   -74.76573906385      -13.07       -6.85    4.1    5.05s
 16   -74.76573906385   +  -13.55       -7.77    4.8    5.58s
┌ Warning: Negative ρcore detected: -3.375094319488412e-8
└ @ DFTK ~/.julia/packages/DFTK/n2IL4/src/terms/xc.jl:39
n     Energy            log10(ΔE)   log10(Δρ)   Diag   Δtime
---   ---------------   ---------   ---------   ----   ------
  1   -74.76483365297                   -1.26    9.6    10.1s
  2   -74.76533830392       -3.30       -1.44    2.7    3.93s
  3   -74.76572837732       -3.41       -2.09    5.9    6.47s
  4   -74.76573715149       -5.06       -2.63    3.8    4.81s
  5   -74.76573828410       -5.95       -2.99    5.2    5.83s
  6   -74.76573884998       -6.25       -3.29    5.3    5.84s
  7   -74.76573903459       -6.73       -3.67    5.0    5.62s
  8   -74.76573904896       -7.84       -3.87    3.6    4.91s
  9   -74.76573906077       -7.93       -4.12    4.4    4.98s
 10   -74.76573906382       -8.52       -4.85    5.2    5.75s
 11   -74.76573906382   +  -11.24       -5.18    5.8    6.50s
 12   -74.76573906384      -10.60       -5.45    5.1    6.58s
 13   -74.76573906385      -11.12       -6.06    4.1    5.23s
 14   -74.76573906385      -12.22       -6.56    5.3    6.12s
 15   -74.76573906385   +    -Inf       -6.89    3.8    5.03s
 16   -74.76573906385      -13.00       -7.78    4.9    5.63s
┌ Warning: Negative ρcore detected: Dual{ForwardDiff.Tag{var"#19#21"{@NamedTuple{ham::Hamiltonian, basis::PlaneWaveBasis{Float64, Float64, DFTK.CPU, FFTGrid{Float64, Float64, Array{StaticArraysCore.SVector{3, Int64}, 3}, Array{StaticArraysCore.SVector{3, Float64}, 3}}, Vector{StaticArraysCore.SVector{3, Int64}}}, energies::Energies{Float64}, converged::Bool, occupation_threshold::Float64, ρ::Array{Float64, 4}, τ::Nothing, α::Float64, eigenvalues::Vector{Vector{Float64}}, occupation::Vector{Vector{Float64}}, εF::Float64, n_bands_converge::Int64, n_iter::Int64, n_matvec::Int64, ψ::Vector{Matrix{ComplexF64}}, diagonalization::Vector{@NamedTuple{λ::Vector{Vector{Float64}}, X::Vector{Matrix{ComplexF64}}, residual_norms::Vector{Vector{Float64}}, n_iter::Vector{Int64}, converged::Bool, n_matvec::Int64}}, stage::Symbol, history_Δρ::Vector{Float64}, history_Etot::Vector{Float64}, timedout::Bool, runtime_ns::UInt64, algorithm::String}, Model{Float64, Float64}, Float64, MonkhorstPack, var"#case#4"{Matrix{Float64}, Float64, MonkhorstPack, Vector{StaticArraysCore.SVector{3, Float64}}, Vector{ElementPsp{PspUpf{Float64, Interpolations.Extrapolation{Float64, 1, Interpolations.GriddedInterpolation{Float64, 1, Vector{Float64}, Interpolations.Gridded{Interpolations.Linear{Interpolations.Throw{Interpolations.OnGrid}}}, Tuple{Vector{Float64}}}, Interpolations.Gridded{Interpolations.Linear{Interpolations.Throw{Interpolations.OnGrid}}}, Interpolations.Throw{Nothing}}}}}, Float64, Float64, String}}, Float64}}(-3.375094319488412e-8,5.6376620920836146e-8)
└ @ DFTK ~/.julia/packages/DFTK/n2IL4/src/terms/xc.jl:39
     1    -7.476574e+01     1.486305e-02
 * time: 252.83305096626282
┌ Warning: Negative ρcore detected: -3.655533323245283e-8
└ @ DFTK ~/.julia/packages/DFTK/n2IL4/src/terms/xc.jl:39
n     Energy            log10(ΔE)   log10(Δρ)   Diag   Δtime
---   ---------------   ---------   ---------   ----   ------
  1   -74.76554370339                   -1.26    9.9    11.3s
  2   -74.76606934467       -3.28       -1.43    2.9    4.12s
  3   -74.76647494005       -3.39       -2.05    6.2    7.12s
  4   -74.76648520666       -4.99       -2.58    3.6    4.73s
  5   -74.76648655732       -5.87       -2.93    5.4    6.39s
  6   -74.76648735128       -6.10       -3.25    5.2    5.97s
  7   -74.76648758643       -6.63       -3.66    5.1    5.82s
  8   -74.76648759545       -8.05       -3.83    3.9    4.74s
  9   -74.76648761359       -7.74       -4.24    5.0    5.59s
 10   -74.76648761428       -9.16       -4.98    4.6    6.00s
 11   -74.76648761426   +  -10.71       -5.17    5.9    6.62s
 12   -74.76648761430      -10.43       -5.73    5.2    5.58s
 13   -74.76648761430      -11.47       -6.17    4.4    5.83s
 14   -74.76648761430      -12.40       -6.51    5.7    6.27s
 15   -74.76648761430      -12.62       -7.15    4.4    5.71s
┌ Warning: Negative ρcore detected: -3.655533323245283e-8
└ @ DFTK ~/.julia/packages/DFTK/n2IL4/src/terms/xc.jl:39
n     Energy            log10(ΔE)   log10(Δρ)   Diag   Δtime
---   ---------------   ---------   ---------   ----   ------
  1   -74.76554316928                   -1.26    9.9    10.5s
  2   -74.76606920931       -3.28       -1.43    2.9    4.13s
  3   -74.76647498207       -3.39       -2.05    6.2    7.18s
  4   -74.76648520129       -4.99       -2.58    3.7    4.97s
  5   -74.76648656639       -5.86       -2.93    5.4    6.56s
  6   -74.76648735344       -6.10       -3.25    5.3    5.80s
  7   -74.76648758699       -6.63       -3.66    5.1    6.57s
  8   -74.76648759577       -8.06       -3.83    4.0    4.76s
  9   -74.76648761359       -7.75       -4.25    5.0    5.65s
 10   -74.76648761429       -9.16       -4.99    4.6    5.56s
 11   -74.76648761426   +  -10.60       -5.17    5.9    7.02s
 12   -74.76648761430      -10.42       -5.72    5.2    5.92s
 13   -74.76648761430      -11.45       -6.18    4.4    5.54s
 14   -74.76648761430      -12.43       -6.51    5.7    5.96s
 15   -74.76648761430      -12.49       -7.18    4.5    5.48s
┌ Warning: Negative ρcore detected: Dual{ForwardDiff.Tag{var"#19#21"{@NamedTuple{ham::Hamiltonian, basis::PlaneWaveBasis{Float64, Float64, DFTK.CPU, FFTGrid{Float64, Float64, Array{StaticArraysCore.SVector{3, Int64}, 3}, Array{StaticArraysCore.SVector{3, Float64}, 3}}, Vector{StaticArraysCore.SVector{3, Int64}}}, energies::Energies{Float64}, converged::Bool, occupation_threshold::Float64, ρ::Array{Float64, 4}, τ::Nothing, α::Float64, eigenvalues::Vector{Vector{Float64}}, occupation::Vector{Vector{Float64}}, εF::Float64, n_bands_converge::Int64, n_iter::Int64, n_matvec::Int64, ψ::Vector{Matrix{ComplexF64}}, diagonalization::Vector{@NamedTuple{λ::Vector{Vector{Float64}}, X::Vector{Matrix{ComplexF64}}, residual_norms::Vector{Vector{Float64}}, n_iter::Vector{Int64}, converged::Bool, n_matvec::Int64}}, stage::Symbol, history_Δρ::Vector{Float64}, history_Etot::Vector{Float64}, timedout::Bool, runtime_ns::UInt64, algorithm::String}, Model{Float64, Float64}, Float64, MonkhorstPack, var"#case#4"{Matrix{Float64}, Float64, MonkhorstPack, Vector{StaticArraysCore.SVector{3, Float64}}, Vector{ElementPsp{PspUpf{Float64, Interpolations.Extrapolation{Float64, 1, Interpolations.GriddedInterpolation{Float64, 1, Vector{Float64}, Interpolations.Gridded{Interpolations.Linear{Interpolations.Throw{Interpolations.OnGrid}}}, Tuple{Vector{Float64}}}, Interpolations.Gridded{Interpolations.Linear{Interpolations.Throw{Interpolations.OnGrid}}}, Interpolations.Throw{Nothing}}}}}, Float64, Float64, String}}, Float64}}(-3.655533323245283e-8,8.118375208120687e-8)
└ @ DFTK ~/.julia/packages/DFTK/n2IL4/src/terms/xc.jl:39
     2    -7.476649e+01     1.088163e-03
 * time: 501.14437890052795
┌ Warning: Negative ρcore detected: -3.583913723525658e-8
└ @ DFTK ~/.julia/packages/DFTK/n2IL4/src/terms/xc.jl:39
n     Energy            log10(ΔE)   log10(Δρ)   Diag   Δtime
---   ---------------   ---------   ---------   ----   ------
  1   -74.76554694337                   -1.26    9.5    10.0s
  2   -74.76606890964       -3.28       -1.43    2.8    3.90s
  3   -74.76647903634       -3.39       -2.05    6.1    6.65s
  4   -74.76648943354       -4.98       -2.57    3.6    4.75s
  5   -74.76649090725       -5.83       -2.92    5.2    5.94s
  6   -74.76649174061       -6.08       -3.24    5.2    5.64s
  7   -74.76649198134       -6.62       -3.63    5.1    5.75s
  8   -74.76649199793       -7.78       -3.84    3.8    4.80s
  9   -74.76649201432       -7.79       -4.22    4.9    5.42s
 10   -74.76649201516       -9.08       -5.04    4.7    5.50s
 11   -74.76649201518      -10.78       -5.27    5.6    6.50s
 12   -74.76649201520      -10.67       -5.71    5.2    6.54s
 13   -74.76649201521      -11.51       -6.25    4.3    6.22s
 14   -74.76649201521      -12.85       -6.54    5.7    6.26s
 15   -74.76649201521      -13.25       -7.29    4.3    5.72s
┌ Warning: Negative ρcore detected: -3.583913723525658e-8
└ @ DFTK ~/.julia/packages/DFTK/n2IL4/src/terms/xc.jl:39
n     Energy            log10(ΔE)   log10(Δρ)   Diag   Δtime
---   ---------------   ---------   ---------   ----   ------
  1   -74.76554265883                   -1.26    9.6    11.0s
  2   -74.76606767342       -3.28       -1.43    2.6    4.60s
  3   -74.76647897831       -3.39       -2.05    6.1    8.39s
  4   -74.76648941618       -4.98       -2.57    3.5    7.90s
  5   -74.76649091108       -5.83       -2.92    5.2    6.39s
  6   -74.76649174162       -6.08       -3.24    5.2    6.44s
  7   -74.76649198353       -6.62       -3.64    5.0    5.88s
  8   -74.76649199780       -7.85       -3.84    3.7    5.01s
  9   -74.76649201427       -7.78       -4.23    4.8    6.07s
 10   -74.76649201518       -9.04       -5.06    4.8    5.89s
 11   -74.76649201518      -11.69       -5.25    5.6    6.32s
 12   -74.76649201520      -10.65       -5.69    5.1    5.60s
 13   -74.76649201521      -11.45       -6.17    4.2    5.20s
 14   -74.76649201521      -12.29       -6.57    5.8    6.05s
 15   -74.76649201521      -13.15       -7.39    4.6    5.46s
┌ Warning: Negative ρcore detected: Dual{ForwardDiff.Tag{var"#19#21"{@NamedTuple{ham::Hamiltonian, basis::PlaneWaveBasis{Float64, Float64, DFTK.CPU, FFTGrid{Float64, Float64, Array{StaticArraysCore.SVector{3, Int64}, 3}, Array{StaticArraysCore.SVector{3, Float64}, 3}}, Vector{StaticArraysCore.SVector{3, Int64}}}, energies::Energies{Float64}, converged::Bool, occupation_threshold::Float64, ρ::Array{Float64, 4}, τ::Nothing, α::Float64, eigenvalues::Vector{Vector{Float64}}, occupation::Vector{Vector{Float64}}, εF::Float64, n_bands_converge::Int64, n_iter::Int64, n_matvec::Int64, ψ::Vector{Matrix{ComplexF64}}, diagonalization::Vector{@NamedTuple{λ::Vector{Vector{Float64}}, X::Vector{Matrix{ComplexF64}}, residual_norms::Vector{Vector{Float64}}, n_iter::Vector{Int64}, converged::Bool, n_matvec::Int64}}, stage::Symbol, history_Δρ::Vector{Float64}, history_Etot::Vector{Float64}, timedout::Bool, runtime_ns::UInt64, algorithm::String}, Model{Float64, Float64}, Float64, MonkhorstPack, var"#case#4"{Matrix{Float64}, Float64, MonkhorstPack, Vector{StaticArraysCore.SVector{3, Float64}}, Vector{ElementPsp{PspUpf{Float64, Interpolations.Extrapolation{Float64, 1, Interpolations.GriddedInterpolation{Float64, 1, Vector{Float64}, Interpolations.Gridded{Interpolations.Linear{Interpolations.Throw{Interpolations.OnGrid}}}, Tuple{Vector{Float64}}}, Interpolations.Gridded{Interpolations.Linear{Interpolations.Throw{Interpolations.OnGrid}}}, Interpolations.Throw{Nothing}}}}}, Float64, Float64, String}}, Float64}}(-3.583913723525658e-8,1.080521100751211e-7)
└ @ DFTK ~/.julia/packages/DFTK/n2IL4/src/terms/xc.jl:39
     3    -7.476649e+01     7.879177e-05
 * time: 750.9593660831451
┌ Warning: Negative ρcore detected: -3.585069967083298e-8
└ @ DFTK ~/.julia/packages/DFTK/n2IL4/src/terms/xc.jl:39
n     Energy            log10(ΔE)   log10(Δρ)   Diag   Δtime
---   ---------------   ---------   ---------   ----   ------
  1   -74.76554520386                   -1.26    9.6    9.86s
  2   -74.76607113699       -3.28       -1.43    2.7    3.93s
  3   -74.76647918493       -3.39       -2.05    6.0    6.68s
  4   -74.76648950664       -4.99       -2.57    3.6    4.59s
  5   -74.76649093196       -5.85       -2.92    5.2    5.79s
  6   -74.76649176774       -6.08       -3.24    5.2    5.84s
  7   -74.76649200772       -6.62       -3.65    5.0    5.48s
  8   -74.76649202165       -7.86       -3.85    3.9    4.48s
  9   -74.76649203770       -7.79       -4.23    5.0    5.16s
 10   -74.76649203849       -9.11       -5.07    4.8    5.15s
 11   -74.76649203850      -11.10       -5.26    5.6    5.99s
 12   -74.76649203852      -10.65       -5.72    5.1    5.24s
 13   -74.76649203852      -11.50       -6.22    4.2    5.15s
 14   -74.76649203852      -12.81       -6.53    5.6    5.54s
 15   -74.76649203852      -12.64       -7.28    4.4    5.02s
┌ Warning: Negative ρcore detected: -3.585069967083298e-8
└ @ DFTK ~/.julia/packages/DFTK/n2IL4/src/terms/xc.jl:39
n     Energy            log10(ΔE)   log10(Δρ)   Diag   Δtime
---   ---------------   ---------   ---------   ----   ------
  1   -74.76554533657                   -1.26    9.6    9.29s
  2   -74.76607231717       -3.28       -1.43    2.8    3.72s
  3   -74.76647913989       -3.39       -2.05    6.1    6.28s
  4   -74.76648953594       -4.98       -2.57    3.4    4.44s
  5   -74.76649094632       -5.85       -2.92    5.2    5.82s
  6   -74.76649176886       -6.08       -3.24    5.3    5.26s
  7   -74.76649200919       -6.62       -3.65    5.0    5.36s
  8   -74.76649202004       -7.96       -3.83    3.9    4.33s
  9   -74.76649203765       -7.75       -4.23    4.9    5.08s
 10   -74.76649203850       -9.07       -5.00    4.7    5.01s
 11   -74.76649203849   +  -10.84       -5.21    5.8    5.83s
 12   -74.76649203852      -10.53       -5.72    5.3    5.07s
 13   -74.76649203852      -11.50       -6.21    4.2    4.85s
 14   -74.76649203852      -12.47       -6.50    5.8    5.54s
 15   -74.76649203852      -12.73       -7.10    4.2    4.97s
┌ Warning: Negative ρcore detected: Dual{ForwardDiff.Tag{var"#19#21"{@NamedTuple{ham::Hamiltonian, basis::PlaneWaveBasis{Float64, Float64, DFTK.CPU, FFTGrid{Float64, Float64, Array{StaticArraysCore.SVector{3, Int64}, 3}, Array{StaticArraysCore.SVector{3, Float64}, 3}}, Vector{StaticArraysCore.SVector{3, Int64}}}, energies::Energies{Float64}, converged::Bool, occupation_threshold::Float64, ρ::Array{Float64, 4}, τ::Nothing, α::Float64, eigenvalues::Vector{Vector{Float64}}, occupation::Vector{Vector{Float64}}, εF::Float64, n_bands_converge::Int64, n_iter::Int64, n_matvec::Int64, ψ::Vector{Matrix{ComplexF64}}, diagonalization::Vector{@NamedTuple{λ::Vector{Vector{Float64}}, X::Vector{Matrix{ComplexF64}}, residual_norms::Vector{Vector{Float64}}, n_iter::Vector{Int64}, converged::Bool, n_matvec::Int64}}, stage::Symbol, history_Δρ::Vector{Float64}, history_Etot::Vector{Float64}, timedout::Bool, runtime_ns::UInt64, algorithm::String}, Model{Float64, Float64}, Float64, MonkhorstPack, var"#case#4"{Matrix{Float64}, Float64, MonkhorstPack, Vector{StaticArraysCore.SVector{3, Float64}}, Vector{ElementPsp{PspUpf{Float64, Interpolations.Extrapolation{Float64, 1, Interpolations.GriddedInterpolation{Float64, 1, Vector{Float64}, Interpolations.Gridded{Interpolations.Linear{Interpolations.Throw{Interpolations.OnGrid}}}, Tuple{Vector{Float64}}}, Interpolations.Gridded{Interpolations.Linear{Interpolations.Throw{Interpolations.OnGrid}}}, Interpolations.Throw{Nothing}}}}}, Float64, Float64, String}}, Float64}}(-3.585069967083298e-8,-9.14991848932588e-8)
└ @ DFTK ~/.julia/packages/DFTK/n2IL4/src/terms/xc.jl:39
     4    -7.476649e+01     6.038359e-07
 * time: 975.6739749908447
 * Status: success

 * Candidate solution
    Final objective value:     -7.476649e+01

 * Found with
    Algorithm:     L-BFGS

 * Convergence measures
    |x - x'|               = 5.90e-04 ≰ -1.0e+00
    |x - x'|/|x'|          = 1.01e-04 ≰ 0.0e+00
    |f(x) - f(x')|         = 2.33e-08 ≰ 1.0e-08
    |f(x) - f(x')|/|f(x')| = 3.12e-10 ≰ 0.0e+00
    |g(x)|                 = 6.04e-07 ≤ 1.0e-06

 * Work counters
    Seconds run:   976  (vs limit Inf)
    Iterations:    4
    f(x) calls:    5
    ∇f(x) calls:   5

V: 1112.723203 seconds (760.56 M allocations: 361.415 GiB, 6.41% gc time, 0.01% compilation time)
