┌ Info: Threading setup: 
│   Threads.nthreads() = 1
│   n_DFTK = 1
│   n_fft = 1
└   n_blas = 1
┌ Info: 2025-05-14T10:00:06.674
│   name = "Si"
│   Ecut = 18.0
│   kgrid = MonkhorstPack([14, 14, 14])
│   p0 = ComponentVector{Float64}(a = 10.347246312603742)
│   temperature = 0.001
└   smearing = DFTK.Smearing.Gaussian()
n     Energy            log10(ΔE)   log10(Δρ)   Diag   Δtime
---   ---------------   ---------   ---------   ----   ------
  1   -8.410062799799                   -0.97    6.9    13.1s
  2   -8.412137627024       -2.68       -1.78    1.8    5.24s
  3   -8.412218564633       -4.09       -2.95    3.9    2.04s
  4   -8.412219148071       -6.23       -3.87    4.3    2.00s
  5   -8.412219151182       -8.51       -4.61    3.7    2.12s
  6   -8.412219151364       -9.74       -5.19    4.2    1.90s
  7   -8.412219151379      -10.81       -6.31    3.6    2.00s
  8   -8.412219151379      -13.17       -7.39    3.9    2.08s
Iter     Function value   Gradient norm 
     0    -8.412219e+00     8.654063e-03
 * time: 5.793571472167969e-5
n     Energy            log10(ΔE)   log10(Δρ)   Diag   Δtime
---   ---------------   ---------   ---------   ----   ------
  1   -8.410087219890                   -0.97    6.9    2.53s
  2   -8.412204550536       -2.67       -1.77    2.0    1.41s
  3   -8.412290879330       -4.06       -2.95    3.9    1.75s
  4   -8.412291474207       -6.23       -3.88    4.2    2.17s
  5   -8.412291477588       -8.47       -4.58    3.8    1.72s
  6   -8.412291477799       -9.68       -5.20    4.0    2.05s
  7   -8.412291477815      -10.81       -6.26    3.5    1.66s
  8   -8.412291477815      -13.09       -7.40    3.9    2.15s
n     Energy            log10(ΔE)   log10(Δρ)   Diag   Δtime
---   ---------------   ---------   ---------   ----   ------
  1   -8.410087009304                   -0.97    7.0    2.63s
  2   -8.412205055537       -2.67       -1.77    1.8    1.17s
  3   -8.412290897067       -4.07       -2.95    3.9    2.04s
  4   -8.412291474519       -6.24       -3.88    4.2    2.15s
  5   -8.412291477612       -8.51       -4.61    3.9    1.68s
  6   -8.412291477800       -9.72       -5.21    4.0    2.15s
  7   -8.412291477815      -10.85       -6.30    3.6    1.88s
  8   -8.412291477815      -13.09       -7.39    3.8    2.04s
     1    -8.412291e+00     8.060152e-03
 * time: 45.62408208847046
n     Energy            log10(ΔE)   log10(Δρ)   Diag   Δtime
---   ---------------   ---------   ---------   ----   ------
  1   -8.410349729907                   -0.96    7.1    2.61s
  2   -8.412662263895       -2.64       -1.82    2.0    1.18s
  3   -8.412744152643       -4.09       -2.84    4.1    2.11s
  4   -8.412744630695       -6.32       -3.84    4.2    1.75s
  5   -8.412744637493       -8.17       -4.49    4.1    2.05s
  6   -8.412744637796       -9.52       -5.35    4.0    1.94s
  7   -8.412744637805      -11.04       -6.21    3.9    1.69s
  8   -8.412744637805      -12.63       -7.51    4.0    2.03s
n     Energy            log10(ΔE)   log10(Δρ)   Diag   Δtime
---   ---------------   ---------   ---------   ----   ------
  1   -8.410334242324                   -0.96    7.2    2.64s
  2   -8.412663604786       -2.63       -1.82    2.1    1.51s
  3   -8.412744098632       -4.09       -2.84    4.0    1.81s
  4   -8.412744632445       -6.27       -3.85    4.2    2.08s
  5   -8.412744637548       -8.29       -4.53    4.2    1.73s
  6   -8.412744637798       -9.60       -5.40    4.2    1.97s
  7   -8.412744637805      -11.14       -6.21    4.0    2.00s
  8   -8.412744637805      -12.65       -7.54    3.9    2.02s
     2    -8.412745e+00     5.010211e-04
 * time: 90.35155296325684
n     Energy            log10(ΔE)   log10(Δρ)   Diag   Δtime
---   ---------------   ---------   ---------   ----   ------
  1   -8.410326720999                   -0.96    7.0    3.18s
  2   -8.412662862501       -2.63       -1.82    2.3    1.24s
  3   -8.412745731838       -4.08       -2.84    4.0    2.25s
  4   -8.412746261497       -6.28       -3.85    4.3    2.06s
  5   -8.412746266870       -8.27       -4.52    4.0    1.80s
  6   -8.412746267131       -9.58       -5.41    4.1    1.97s
  7   -8.412746267138      -11.14       -6.24    4.0    1.75s
  8   -8.412746267138      -12.72       -7.56    3.9    2.04s
n     Energy            log10(ΔE)   log10(Δρ)   Diag   Δtime
---   ---------------   ---------   ---------   ----   ------
  1   -8.410326198163                   -0.96    7.1    2.78s
  2   -8.412665658283       -2.63       -1.82    2.2    1.68s
  3   -8.412745748623       -4.10       -2.83    3.9    1.76s
  4   -8.412746261380       -6.29       -3.84    4.3    2.08s
  5   -8.412746266833       -8.26       -4.49    4.0    1.71s
  6   -8.412746267130       -9.53       -5.39    4.1    1.92s
  7   -8.412746267138      -11.08       -6.24    3.8    1.70s
  8   -8.412746267138      -12.73       -7.54    3.8    1.98s
     3    -8.412746e+00     2.636057e-05
 * time: 136.33613204956055
n     Energy            log10(ΔE)   log10(Δρ)   Diag   Δtime
---   ---------------   ---------   ---------   ----   ------
  1   -8.410336730385                   -0.96    7.3    2.67s
  2   -8.412663860688       -2.63       -1.82    2.3    1.33s
  3   -8.412745721395       -4.09       -2.84    3.9    2.64s
  4   -8.412746265855       -6.26       -3.85    4.2    2.21s
  5   -8.412746271402       -8.26       -4.51    4.1    1.76s
  6   -8.412746271672       -9.57       -5.39    4.0    1.94s
  7   -8.412746271680      -11.11       -6.25    3.9    1.69s
  8   -8.412746271680      -12.72       -7.56    3.9    2.31s
n     Energy            log10(ΔE)   log10(Δρ)   Diag   Δtime
---   ---------------   ---------   ---------   ----   ------
  1   -8.410328847556                   -0.96    7.1    2.65s
  2   -8.412661506945       -2.63       -1.82    2.3    1.56s
  3   -8.412745687511       -4.07       -2.83    4.1    1.80s
  4   -8.412746265512       -6.24       -3.85    4.2    2.11s
  5   -8.412746271366       -8.23       -4.49    4.0    2.01s
  6   -8.412746271671       -9.52       -5.38    4.0    2.11s
  7   -8.412746271680      -11.06       -6.24    4.0    2.04s
  8   -8.412746271680      -12.70       -7.54    3.9    1.99s
     4    -8.412746e+00     8.020879e-08
 * time: 183.74198603630066
 * Status: success

 * Candidate solution
    Final objective value:     -8.412746e+00

 * Found with
    Algorithm:     L-BFGS

 * Convergence measures
    |x - x'|               = 3.44e-04 ≰ -1.0e+00
    |x - x'|/|x'|          = 3.36e-05 ≰ 0.0e+00
    |f(x) - f(x')|         = 4.54e-09 ≤ 1.0e-08
    |f(x) - f(x')|/|f(x')| = 5.40e-10 ≰ 0.0e+00
    |g(x)|                 = 8.02e-08 ≤ 1.0e-06

 * Work counters
    Seconds run:   184  (vs limit Inf)
    Iterations:    4
    f(x) calls:    5
    ∇f(x) calls:   5

Si: 262.675852 seconds (365.60 M allocations: 72.584 GiB, 8.13% gc time, 20.80% compilation time: <1% of which was recompilation)
┌ Info: 2025-05-14T10:04:30.120
│   name = "NaCl"
│   Ecut = 44.0
│   kgrid = MonkhorstPack([13, 13, 13])
│   p0 = ComponentVector{Float64}(a = 10.746130571470083)
│   temperature = 0
└   smearing = DFTK.Smearing.None()
n     Energy            log10(ΔE)   log10(Δρ)   Diag   Δtime
---   ---------------   ---------   ---------   ----   ------
  1   -61.88845225809                   -1.18    8.4    20.8s
  2   -61.89144780351       -2.52       -1.26    2.7    8.77s
  3   -61.89464012566       -2.50       -2.17    4.2    10.6s
  4   -61.89464629680       -5.21       -2.62    4.1    11.0s
  5   -61.89465100788       -5.33       -3.56    3.6    9.89s
  6   -61.89465103542       -7.56       -4.56    4.3    11.4s
  7   -61.89465103559       -9.76       -5.15    4.4    12.4s
  8   -61.89465103560      -11.03       -7.02    4.2    11.6s
Iter     Function value   Gradient norm 
     0    -6.189465e+01     7.358470e-03
 * time: 4.1961669921875e-5
n     Energy            log10(ΔE)   log10(Δρ)   Diag   Δtime
---   ---------------   ---------   ---------   ----   ------
  1   -61.88852125376                   -1.18    8.2    18.8s
  2   -61.89150960704       -2.52       -1.26    2.7    8.39s
  3   -61.89469391964       -2.50       -2.17    4.1    11.0s
  4   -61.89470001456       -5.22       -2.63    4.0    11.3s
  5   -61.89470472129       -5.33       -3.56    3.5    10.0s
  6   -61.89470474832       -7.57       -4.58    4.2    11.6s
  7   -61.89470474850       -9.75       -5.21    4.3    12.7s
  8   -61.89470474851      -11.13       -6.99    4.0    12.8s
  9   -61.89470474851      -13.11       -7.52    4.9    13.5s
n     Energy            log10(ΔE)   log10(Δρ)   Diag   Δtime
---   ---------------   ---------   ---------   ----   ------
  1   -61.88851921163                   -1.18    8.1    24.8s
  2   -61.89151108975       -2.52       -1.26    2.7    13.2s
  3   -61.89469389444       -2.50       -2.17    4.1    13.4s
  4   -61.89470000270       -5.21       -2.62    4.0    13.8s
  5   -61.89470472084       -5.33       -3.55    3.5    10.7s
  6   -61.89470474831       -7.56       -4.56    4.3    11.9s
  7   -61.89470474850       -9.72       -5.17    4.4    12.2s
  8   -61.89470474851      -11.07       -6.93    4.1    11.4s
  9   -61.89470474851      -14.15       -7.43    4.9    13.1s
     1    -6.189470e+01     7.240320e-03
 * time: 272.8419499397278
n     Energy            log10(ΔE)   log10(Δρ)   Diag   Δtime
---   ---------------   ---------   ---------   ----   ------
  1   -61.89072342814                   -1.19    8.0    15.4s
  2   -61.89366629610       -2.53       -1.30    2.7    7.28s
  3   -61.89601169432       -2.63       -2.22    4.0    9.55s
  4   -61.89601707647       -5.27       -2.75    4.2    10.1s
  5   -61.89601936515       -5.64       -3.60    3.7    9.16s
  6   -61.89601938471       -7.71       -4.68    4.2    10.2s
  7   -61.89601938481      -10.01       -5.28    4.3    10.5s
  8   -61.89601938482      -11.28       -7.00    3.9    9.64s
  9   -61.89601938482   +  -13.85       -7.85    4.7    11.2s
n     Energy            log10(ΔE)   log10(Δρ)   Diag   Δtime
---   ---------------   ---------   ---------   ----   ------
  1   -61.89072409886                   -1.19    7.7    16.3s
  2   -61.89366722531       -2.53       -1.30    2.7    7.20s
  3   -61.89601161703       -2.63       -2.21    4.0    9.41s
  4   -61.89601708307       -5.26       -2.75    4.1    9.90s
  5   -61.89601936474       -5.64       -3.60    3.7    9.10s
  6   -61.89601938471       -7.70       -4.65    4.3    10.1s
  7   -61.89601938481       -9.99       -5.24    4.2    10.3s
  8   -61.89601938482      -11.20       -7.01    3.9    9.75s
     2    -6.189602e+01     2.210212e-03
 * time: 479.98479294776917
n     Energy            log10(ΔE)   log10(Δρ)   Diag   Δtime
---   ---------------   ---------   ---------   ----   ------
  1   -61.89065216215                   -1.19    8.3    16.5s
  2   -61.89359829894       -2.53       -1.30    3.0    8.08s
  3   -61.89610205243       -2.60       -2.21    4.1    10.0s
  4   -61.89610743411       -5.27       -2.71    4.2    12.0s
  5   -61.89611023346       -5.55       -3.59    3.7    9.08s
  6   -61.89611025428       -7.68       -4.67    4.3    11.0s
  7   -61.89611025439       -9.96       -5.31    4.4    11.8s
  8   -61.89611025440      -11.32       -7.15    4.2    10.6s
n     Energy            log10(ΔE)   log10(Δρ)   Diag   Δtime
---   ---------------   ---------   ---------   ----   ------
  1   -61.89065598917                   -1.19    8.3    17.4s
  2   -61.89359863169       -2.53       -1.30    3.0    8.41s
  3   -61.89610205408       -2.60       -2.21    4.2    12.3s
  4   -61.89610744690       -5.27       -2.71    4.2    10.9s
  5   -61.89611023339       -5.55       -3.59    3.9    9.35s
  6   -61.89611025428       -7.68       -4.65    4.4    10.6s
  7   -61.89611025439       -9.94       -5.25    4.4    10.9s
  8   -61.89611025440      -11.23       -7.15    4.2    10.2s
     3    -6.189611e+01     4.365586e-04
 * time: 691.0260047912598
n     Energy            log10(ΔE)   log10(Δρ)   Diag   Δtime
---   ---------------   ---------   ---------   ----   ------
  1   -61.89069091943                   -1.19    8.6    19.1s
  2   -61.89362764039       -2.53       -1.30    3.1    8.82s
  3   -61.89610625390       -2.61       -2.21    4.3    9.95s
  4   -61.89611157288       -5.27       -2.72    4.2    11.7s
  5   -61.89611422164       -5.58       -3.60    3.8    10.3s
  6   -61.89611424180       -7.70       -4.70    4.3    10.4s
  7   -61.89611424190      -10.02       -5.36    4.5    11.2s
  8   -61.89611424190      -11.47       -7.13    4.1    9.90s
n     Energy            log10(ΔE)   log10(Δρ)   Diag   Δtime
---   ---------------   ---------   ---------   ----   ------
  1   -61.89068925443                   -1.19    8.7    16.4s
  2   -61.89362348824       -2.53       -1.30    3.0    7.80s
  3   -61.89610620235       -2.61       -2.21    4.2    10.0s
  4   -61.89611153475       -5.27       -2.72    4.2    10.7s
  5   -61.89611422142       -5.57       -3.59    3.8    9.38s
  6   -61.89611424180       -7.69       -4.68    4.3    10.1s
  7   -61.89611424190      -10.00       -5.29    4.5    11.1s
  8   -61.89611424190      -11.34       -7.10    4.1    9.72s
     4    -6.189611e+01     2.059184e-05
 * time: 899.5095739364624
n     Energy            log10(ΔE)   log10(Δρ)   Diag   Δtime
---   ---------------   ---------   ---------   ----   ------
  1   -61.89069039346                   -1.19    8.5    16.4s
  2   -61.89363084657       -2.53       -1.30    2.8    7.44s
  3   -61.89610614517       -2.61       -2.21    4.2    9.83s
  4   -61.89611158269       -5.26       -2.72    4.1    9.87s
  5   -61.89611422979       -5.58       -3.59    3.7    8.83s
  6   -61.89611425058       -7.68       -4.65    4.3    11.5s
  7   -61.89611425069       -9.98       -5.26    4.4    10.5s
  8   -61.89611425069      -11.25       -7.09    4.1    10.7s
n     Energy            log10(ΔE)   log10(Δρ)   Diag   Δtime
---   ---------------   ---------   ---------   ----   ------
  1   -61.89069133554                   -1.19    8.4    15.7s
  2   -61.89363029376       -2.53       -1.30    2.8    7.85s
  3   -61.89610618065       -2.61       -2.21    4.2    10.2s
  4   -61.89611159183       -5.27       -2.72    4.3    9.73s
  5   -61.89611422994       -5.58       -3.60    3.6    8.74s
  6   -61.89611425059       -7.69       -4.67    4.3    10.1s
  7   -61.89611425069      -10.01       -5.29    4.3    11.4s
  8   -61.89611425069      -11.32       -7.11    4.0    10.2s
     5    -6.189611e+01     1.936844e-07
 * time: 1104.9043219089508
 * Status: success

 * Candidate solution
    Final objective value:     -6.189611e+01

 * Found with
    Algorithm:     L-BFGS

 * Convergence measures
    |x - x'|               = 8.61e-04 ≰ -1.0e+00
    |x - x'|/|x'|          = 8.30e-05 ≰ 0.0e+00
    |f(x) - f(x')|         = 8.79e-09 ≤ 1.0e-08
    |f(x) - f(x')|/|f(x')| = 1.42e-10 ≰ 0.0e+00
    |g(x)|                 = 1.94e-07 ≤ 1.0e-06

 * Work counters
    Seconds run:   1105  (vs limit Inf)
    Iterations:    5
    f(x) calls:    6
    ∇f(x) calls:   6

NaCl: 1230.965600 seconds (1.05 G allocations: 309.144 GiB, 5.37% gc time, 0.33% compilation time)
┌ Info: 2025-05-14T10:25:01.153
│   name = "Al"
│   Ecut = 20.0
│   kgrid = MonkhorstPack([18, 18, 18])
│   p0 = ComponentVector{Float64}(a = 7.641925528121933)
│   temperature = 0.001
└   smearing = DFTK.Smearing.Gaussian()
n     Energy            log10(ΔE)   log10(Δρ)   Diag   Δtime
---   ---------------   ---------   ---------   ----   ------
  1   -2.310148492720                   -1.43    5.5    1.80s
  2   -2.310316975424       -3.77       -1.83    1.6    872ms
  3   -2.310358482610       -4.38       -3.40    3.5    1.66s
  4   -2.310358722790       -6.62       -3.90    4.2    1.87s
  5   -2.310358723833       -8.98       -4.35    2.6    1.09s
  6   -2.310358724085       -9.60       -4.89    2.6    1.13s
  7   -2.310358724112      -10.56       -5.93    3.1    1.50s
  8   -2.310358724113      -12.51       -6.54    3.6    1.40s
  9   -2.310358724113      -14.65       -7.31    2.1    1.31s
Iter     Function value   Gradient norm 
     0    -2.310359e+00     4.197813e-03
 * time: 3.886222839355469e-5
n     Energy            log10(ΔE)   log10(Δρ)   Diag   Δtime
---   ---------------   ---------   ---------   ----   ------
  1   -2.310163395397                   -1.43    5.5    2.32s
  2   -2.310333069519       -3.77       -1.83    1.5    855ms
  3   -2.310375670513       -4.37       -3.38    3.5    1.71s
  4   -2.310375983945       -6.50       -3.88    4.3    1.59s
  5   -2.310375985049       -8.96       -4.35    2.6    1.41s
  6   -2.310375985294       -9.61       -4.86    2.7    1.13s
  7   -2.310375985324      -10.52       -5.92    3.0    1.53s
  8   -2.310375985324      -12.47       -6.50    3.5    1.38s
  9   -2.310375985324      -14.88       -7.17    2.1    982ms
n     Energy            log10(ΔE)   log10(Δρ)   Diag   Δtime
---   ---------------   ---------   ---------   ----   ------
  1   -2.310164613630                   -1.43    5.5    2.05s
  2   -2.310333986019       -3.77       -1.83    1.5    811ms
  3   -2.310375713905       -4.38       -3.40    3.7    1.67s
  4   -2.310375984005       -6.57       -3.90    4.3    1.55s
  5   -2.310375985044       -8.98       -4.35    2.5    1.31s
  6   -2.310375985296       -9.60       -4.88    2.7    1.07s
  7   -2.310375985324      -10.55       -5.94    3.0    1.45s
  8   -2.310375985324      -12.48       -6.52    3.7    1.70s
  9   -2.310375985324      -15.05       -7.28    2.1    1.29s
     1    -2.310376e+00     4.026066e-03
 * time: 63.47162890434265
n     Energy            log10(ΔE)   log10(Δρ)   Diag   Δtime
---   ---------------   ---------   ---------   ----   ------
  1   -2.310361487466                   -1.43    5.4    2.26s
  2   -2.310516978912       -3.81       -1.83    1.5    824ms
  3   -2.310554695374       -4.42       -3.50    3.5    1.68s
  4   -2.310554996409       -6.52       -4.15    4.4    1.61s
  5   -2.310554996831       -9.37       -4.62    2.6    1.35s
  6   -2.310554996926      -10.02       -5.41    3.0    1.19s
  7   -2.310554996929      -11.61       -6.25    3.3    1.59s
  8   -2.310554996929      -13.33       -7.17    3.3    1.55s
n     Energy            log10(ΔE)   log10(Δρ)   Diag   Δtime
---   ---------------   ---------   ---------   ----   ------
  1   -2.310357270391                   -1.43    5.5    1.76s
  2   -2.310516877533       -3.80       -1.83    1.5    1.09s
  3   -2.310554712465       -4.42       -3.51    3.5    1.35s
  4   -2.310554996392       -6.55       -4.15    4.5    1.95s
  5   -2.310554996831       -9.36       -4.61    2.6    1.08s
  6   -2.310554996927      -10.02       -5.42    3.0    1.51s
  7   -2.310554996929      -11.64       -6.28    3.4    1.33s
  8   -2.310554996929      -13.33       -7.18    3.4    1.68s
     2    -2.310555e+00     6.354752e-04
 * time: 125.38606190681458
n     Energy            log10(ΔE)   log10(Δρ)   Diag   Δtime
---   ---------------   ---------   ---------   ----   ------
  1   -2.310355469196                   -1.43    5.3    2.10s
  2   -2.310517406857       -3.79       -1.83    1.4    825ms
  3   -2.310558439420       -4.39       -3.45    3.4    1.64s
  4   -2.310558707389       -6.57       -4.11    4.3    1.78s
  5   -2.310558707863       -9.32       -4.59    2.5    1.42s
  6   -2.310558707969       -9.97       -5.34    2.9    1.29s
  7   -2.310558707972      -11.50       -6.09    3.3    1.77s
  8   -2.310558707972      -13.05       -7.16    3.2    1.62s
n     Energy            log10(ΔE)   log10(Δρ)   Diag   Δtime
---   ---------------   ---------   ---------   ----   ------
  1   -2.310359062993                   -1.43    5.3    2.07s
  2   -2.310518861259       -3.80       -1.83    1.4    1.14s
  3   -2.310558409397       -4.40       -3.47    3.5    1.72s
  4   -2.310558707414       -6.53       -4.14    4.4    2.10s
  5   -2.310558707864       -9.35       -4.59    2.5    1.14s
  6   -2.310558707969       -9.98       -5.37    2.8    1.71s
  7   -2.310558707972      -11.54       -6.14    3.2    1.25s
  8   -2.310558707972      -13.13       -7.10    3.1    1.96s
     3    -2.310559e+00     7.989241e-05
 * time: 189.89818000793457
n     Energy            log10(ΔE)   log10(Δρ)   Diag   Δtime
---   ---------------   ---------   ---------   ----   ------
  1   -2.310359661420                   -1.43    5.2    2.03s
  2   -2.310518909121       -3.80       -1.83    1.3    1.25s
  3   -2.310558499427       -4.40       -3.47    3.3    2.56s
  4   -2.310558767839       -6.57       -4.13    4.4    2.72s
  5   -2.310558768278       -9.36       -4.61    2.4    2.12s
  6   -2.310558768375      -10.01       -5.36    2.8    1.92s
  7   -2.310558768378      -11.51       -6.12    3.1    2.40s
  8   -2.310558768379      -13.11       -7.16    3.2    2.15s
n     Energy            log10(ΔE)   log10(Δρ)   Diag   Δtime
---   ---------------   ---------   ---------   ----   ------
  1   -2.310360885291                   -1.43    5.2    2.70s
  2   -2.310519149112       -3.80       -1.83    1.4    1.53s
  3   -2.310558496081       -4.41       -3.46    3.4    1.98s
  4   -2.310558767827       -6.57       -4.12    4.3    2.80s
  5   -2.310558768272       -9.35       -4.60    2.5    1.58s
  6   -2.310558768376       -9.99       -5.39    2.8    2.15s
  7   -2.310558768378      -11.58       -6.22    3.2    2.05s
  8   -2.310558768379      -13.23       -7.17    3.3    2.61s
     4    -2.310559e+00     7.022256e-07
 * time: 266.8290898799896
 * Status: success

 * Candidate solution
    Final objective value:     -2.310559e+00

 * Found with
    Algorithm:     L-BFGS

 * Convergence measures
    |x - x'|               = 1.50e-03 ≰ -1.0e+00
    |x - x'|/|x'|          = 1.98e-04 ≰ 0.0e+00
    |f(x) - f(x')|         = 6.04e-08 ≰ 1.0e-08
    |f(x) - f(x')|/|f(x')| = 2.61e-08 ≰ 0.0e+00
    |g(x)|                 = 7.02e-07 ≤ 1.0e-06

 * Work counters
    Seconds run:   267  (vs limit Inf)
    Iterations:    4
    f(x) calls:    5
    ∇f(x) calls:   5

Al: 300.130138 seconds (194.49 M allocations: 46.043 GiB, 5.82% gc time, 0.00% compilation time)
┌ Info: 2025-05-14T10:30:01.284
│   name = "V"
│   Ecut = 42.0
│   kgrid = MonkhorstPack([20, 20, 20])
│   p0 = ComponentVector{Float64}(a = 5.699267600684394)
│   temperature = 0.001
└   smearing = DFTK.Smearing.Gaussian()
┌ Warning: Negative ρcore detected: -3.4151886922104144e-8
└ @ DFTK ~/.julia/packages/DFTK/n2IL4/src/terms/xc.jl:39
n     Energy            log10(ΔE)   log10(Δρ)   Diag   Δtime
---   ---------------   ---------   ---------   ----   ------
  1   -73.53927962966                   -0.78    9.7    10.5s
  2   -73.55870779703       -1.71       -0.99    5.6    5.88s
  3   -73.56770674173       -2.05       -1.29    6.9    7.19s
  4   -73.56966043523       -2.71       -1.74    6.1    6.44s
  5   -73.56980650797       -3.84       -2.14    5.1    6.96s
  6   -73.56983910032       -4.49       -3.04    5.4    6.18s
  7   -73.56983910395       -8.44       -3.50    5.0    5.79s
  8   -73.56983914705       -7.37       -4.07    5.6    6.04s
  9   -73.56983914569   +   -8.87       -4.37    5.5    5.91s
 10   -73.56983914732       -8.79       -5.23    5.7    5.98s
 11   -73.56983914732      -12.17       -5.63    5.5    6.49s
 12   -73.56983914732      -11.42       -6.60    5.3    5.99s
 13   -73.56983914732      -12.81       -6.93    5.9    6.61s
 14   -73.56983914732   +  -12.73       -7.50    5.8    6.25s
┌ Warning: Negative ρcore detected: Dual{ForwardDiff.Tag{var"#19#21"{@NamedTuple{ham::Hamiltonian, basis::PlaneWaveBasis{Float64, Float64, DFTK.CPU, FFTGrid{Float64, Float64, Array{StaticArraysCore.SVector{3, Int64}, 3}, Array{StaticArraysCore.SVector{3, Float64}, 3}}, Vector{StaticArraysCore.SVector{3, Int64}}}, energies::Energies{Float64}, converged::Bool, occupation_threshold::Float64, ρ::Array{Float64, 4}, τ::Nothing, α::Float64, eigenvalues::Vector{Vector{Float64}}, occupation::Vector{Vector{Float64}}, εF::Float64, n_bands_converge::Int64, n_iter::Int64, n_matvec::Int64, ψ::Vector{Matrix{ComplexF64}}, diagonalization::Vector{@NamedTuple{λ::Vector{Vector{Float64}}, X::Vector{Matrix{ComplexF64}}, residual_norms::Vector{Vector{Float64}}, n_iter::Vector{Int64}, converged::Bool, n_matvec::Int64}}, stage::Symbol, history_Δρ::Vector{Float64}, history_Etot::Vector{Float64}, timedout::Bool, runtime_ns::UInt64, algorithm::String}, Model{Float64, Float64}, Float64, MonkhorstPack, var"#case#4"{Matrix{Float64}, Float64, MonkhorstPack, Vector{StaticArraysCore.SVector{3, Float64}}, Vector{ElementPsp{PspUpf{Float64, Interpolations.Extrapolation{Float64, 1, Interpolations.GriddedInterpolation{Float64, 1, Vector{Float64}, Interpolations.Gridded{Interpolations.Linear{Interpolations.Throw{Interpolations.OnGrid}}}, Tuple{Vector{Float64}}}, Interpolations.Gridded{Interpolations.Linear{Interpolations.Throw{Interpolations.OnGrid}}}, Interpolations.Throw{Nothing}}}}}, Float64, Float64, String}}, Float64}}(-3.4151886922104144e-8,-1.2413273474001241e-8)
└ @ DFTK ~/.julia/packages/DFTK/n2IL4/src/terms/xc.jl:39
Iter     Function value   Gradient norm 
     0    -7.356984e+01     2.391966e-02
 * time: 3.910064697265625e-5
┌ Warning: Negative ρcore detected: -3.2587984750252665e-8
└ @ DFTK ~/.julia/packages/DFTK/n2IL4/src/terms/xc.jl:39
n     Energy            log10(ΔE)   log10(Δρ)   Diag   Δtime
---   ---------------   ---------   ---------   ----   ------
  1   -73.54029439752                   -0.78    9.7    9.66s
  2   -73.55955649042       -1.72       -0.99    5.5    6.03s
  3   -73.56834065683       -2.06       -1.30    6.9    8.39s
  4   -73.57018881817       -2.73       -1.75    6.1    6.46s
  5   -73.57034093363       -3.82       -2.16    5.1    5.56s
  6   -73.57036924001       -4.55       -3.05    5.5    6.11s
  7   -73.57036926742       -7.56       -3.55    4.2    5.34s
  8   -73.57036928914       -7.66       -4.18    5.6    8.18s
  9   -73.57036928853   +   -9.21       -4.49    5.3    7.61s
 10   -73.57036928944       -9.04       -5.20    5.7    6.00s
 11   -73.57036928944      -12.02       -5.83    5.6    6.39s
 12   -73.57036928944      -11.56       -6.57    5.5    6.40s
 13   -73.57036928944      -12.81       -6.91    5.5    6.25s
 14   -73.57036928944   +  -12.77       -7.64    5.6    5.96s
┌ Warning: Negative ρcore detected: -3.2587984750252665e-8
└ @ DFTK ~/.julia/packages/DFTK/n2IL4/src/terms/xc.jl:39
n     Energy            log10(ΔE)   log10(Δρ)   Diag   Δtime
---   ---------------   ---------   ---------   ----   ------
  1   -73.54029614529                   -0.78    9.7    9.94s
  2   -73.55956533593       -1.72       -0.99    5.6    5.96s
  3   -73.56833944712       -2.06       -1.30    7.0    7.68s
  4   -73.57018936077       -2.73       -1.75    6.1    6.28s
  5   -73.57034104502       -3.82       -2.16    5.0    5.51s
  6   -73.57036923364       -4.55       -3.05    5.5    6.16s
  7   -73.57036926451       -7.51       -3.56    4.3    5.29s
  8   -73.57036928907       -7.61       -4.15    5.6    6.33s
  9   -73.57036928835   +   -9.14       -4.45    5.2    5.97s
 10   -73.57036928944       -8.96       -5.21    5.6    6.02s
 11   -73.57036928944      -12.36       -5.79    5.7    6.75s
 12   -73.57036928944      -11.51       -6.52    5.4    6.47s
 13   -73.57036928944      -12.81       -6.94    5.6    7.36s
 14   -73.57036928944   +  -12.70       -7.77    5.7    6.30s
┌ Warning: Negative ρcore detected: Dual{ForwardDiff.Tag{var"#19#21"{@NamedTuple{ham::Hamiltonian, basis::PlaneWaveBasis{Float64, Float64, DFTK.CPU, FFTGrid{Float64, Float64, Array{StaticArraysCore.SVector{3, Int64}, 3}, Array{StaticArraysCore.SVector{3, Float64}, 3}}, Vector{StaticArraysCore.SVector{3, Int64}}}, energies::Energies{Float64}, converged::Bool, occupation_threshold::Float64, ρ::Array{Float64, 4}, τ::Nothing, α::Float64, eigenvalues::Vector{Vector{Float64}}, occupation::Vector{Vector{Float64}}, εF::Float64, n_bands_converge::Int64, n_iter::Int64, n_matvec::Int64, ψ::Vector{Matrix{ComplexF64}}, diagonalization::Vector{@NamedTuple{λ::Vector{Vector{Float64}}, X::Vector{Matrix{ComplexF64}}, residual_norms::Vector{Vector{Float64}}, n_iter::Vector{Int64}, converged::Bool, n_matvec::Int64}}, stage::Symbol, history_Δρ::Vector{Float64}, history_Etot::Vector{Float64}, timedout::Bool, runtime_ns::UInt64, algorithm::String}, Model{Float64, Float64}, Float64, MonkhorstPack, var"#case#4"{Matrix{Float64}, Float64, MonkhorstPack, Vector{StaticArraysCore.SVector{3, Float64}}, Vector{ElementPsp{PspUpf{Float64, Interpolations.Extrapolation{Float64, 1, Interpolations.GriddedInterpolation{Float64, 1, Vector{Float64}, Interpolations.Gridded{Interpolations.Linear{Interpolations.Throw{Interpolations.OnGrid}}}, Tuple{Vector{Float64}}}, Interpolations.Gridded{Interpolations.Linear{Interpolations.Throw{Interpolations.OnGrid}}}, Interpolations.Throw{Nothing}}}}}, Float64, Float64, String}}, Float64}}(-3.2587984750252665e-8,-1.2127303848513977e-7)
└ @ DFTK ~/.julia/packages/DFTK/n2IL4/src/terms/xc.jl:39
     1    -7.357037e+01     2.039274e-02
 * time: 263.99839901924133
┌ Warning: Negative ρcore detected: -4.16752422830877e-8
└ @ DFTK ~/.julia/packages/DFTK/n2IL4/src/terms/xc.jl:39
n     Energy            log10(ΔE)   log10(Δρ)   Diag   Δtime
---   ---------------   ---------   ---------   ----   ------
  1   -73.54639369752                   -0.79    9.8    12.2s
  2   -73.56190932379       -1.81       -1.00    5.2    7.36s
  3   -73.56985980500       -2.10       -1.32    6.7    9.18s
  4   -73.57140218650       -2.81       -1.68    5.8    8.57s
  5   -73.57166644175       -3.58       -2.55    5.4    9.68s
  6   -73.57166809744       -5.78       -3.12    5.4    10.1s
  7   -73.57166810940       -7.92       -3.64    4.2    8.67s
  8   -73.57166811807       -8.06       -3.98    4.9    9.93s
  9   -73.57166811859       -9.28       -4.47    5.4    11.4s
 10   -73.57166811945       -9.07       -4.78    5.2    8.34s
 11   -73.57166811956       -9.98       -5.45    5.0    9.56s
 12   -73.57166811956      -11.22       -6.24    5.3    8.32s
 13   -73.57166811956      -12.59       -6.85    5.1    10.5s
 14   -73.57166811956   +  -13.37       -7.37    5.0    7.41s
┌ Warning: Negative ρcore detected: -4.16752422830877e-8
└ @ DFTK ~/.julia/packages/DFTK/n2IL4/src/terms/xc.jl:39
n     Energy            log10(ΔE)   log10(Δρ)   Diag   Δtime
---   ---------------   ---------   ---------   ----   ------
  1   -73.54640349186                   -0.79    9.7    12.2s
  2   -73.56189805308       -1.81       -1.00    5.4    7.14s
  3   -73.56985976989       -2.10       -1.32    6.7    8.97s
  4   -73.57140220207       -2.81       -1.68    5.9    7.92s
  5   -73.57166635962       -3.58       -2.55    5.4    7.61s
  6   -73.57166809805       -5.76       -3.12    5.4    8.23s
  7   -73.57166811069       -7.90       -3.64    4.1    6.36s
  8   -73.57166811832       -8.12       -3.98    4.9    7.04s
  9   -73.57166811860       -9.56       -4.48    5.4    8.80s
 10   -73.57166811945       -9.07       -4.78    5.2    8.19s
 11   -73.57166811956       -9.96       -5.46    5.0    7.06s
 12   -73.57166811956      -11.23       -6.29    5.3    7.71s
 13   -73.57166811956      -13.15       -6.80    5.1    7.46s
 14   -73.57166811956      -13.07       -7.34    5.3    7.54s
┌ Warning: Negative ρcore detected: Dual{ForwardDiff.Tag{var"#19#21"{@NamedTuple{ham::Hamiltonian, basis::PlaneWaveBasis{Float64, Float64, DFTK.CPU, FFTGrid{Float64, Float64, Array{StaticArraysCore.SVector{3, Int64}, 3}, Array{StaticArraysCore.SVector{3, Float64}, 3}}, Vector{StaticArraysCore.SVector{3, Int64}}}, energies::Energies{Float64}, converged::Bool, occupation_threshold::Float64, ρ::Array{Float64, 4}, τ::Nothing, α::Float64, eigenvalues::Vector{Vector{Float64}}, occupation::Vector{Vector{Float64}}, εF::Float64, n_bands_converge::Int64, n_iter::Int64, n_matvec::Int64, ψ::Vector{Matrix{ComplexF64}}, diagonalization::Vector{@NamedTuple{λ::Vector{Vector{Float64}}, X::Vector{Matrix{ComplexF64}}, residual_norms::Vector{Vector{Float64}}, n_iter::Vector{Int64}, converged::Bool, n_matvec::Int64}}, stage::Symbol, history_Δρ::Vector{Float64}, history_Etot::Vector{Float64}, timedout::Bool, runtime_ns::UInt64, algorithm::String}, Model{Float64, Float64}, Float64, MonkhorstPack, var"#case#4"{Matrix{Float64}, Float64, MonkhorstPack, Vector{StaticArraysCore.SVector{3, Float64}}, Vector{ElementPsp{PspUpf{Float64, Interpolations.Extrapolation{Float64, 1, Interpolations.GriddedInterpolation{Float64, 1, Vector{Float64}, Interpolations.Gridded{Interpolations.Linear{Interpolations.Throw{Interpolations.OnGrid}}}, Tuple{Vector{Float64}}}, Interpolations.Gridded{Interpolations.Linear{Interpolations.Throw{Interpolations.OnGrid}}}, Interpolations.Throw{Nothing}}}}}, Float64, Float64, String}}, Float64}}(-4.16752422830877e-8,7.631706743788247e-8)
└ @ DFTK ~/.julia/packages/DFTK/n2IL4/src/terms/xc.jl:39
     2    -7.357167e+01     2.351893e-03
 * time: 583.2784171104431
┌ Warning: Negative ρcore detected: -3.2764998766987886e-8
└ @ DFTK ~/.julia/packages/DFTK/n2IL4/src/terms/xc.jl:39
n     Energy            log10(ΔE)   log10(Δρ)   Diag   Δtime
---   ---------------   ---------   ---------   ----   ------
  1   -73.54593885024                   -0.79    9.8    9.61s
  2   -73.56171010961       -1.80       -1.00    5.4    5.71s
  3   -73.56985592936       -2.09       -1.32    6.8    7.48s
  4   -73.57140344438       -2.81       -1.67    5.9    6.10s
  5   -73.57168117485       -3.56       -2.53    5.4    5.79s
  6   -73.57168338066       -5.66       -3.10    5.4    6.06s
  7   -73.57168339231       -7.93       -3.63    4.4    4.93s
  8   -73.57168340052       -8.09       -3.97    4.9    5.25s
  9   -73.57168340162       -8.96       -4.53    5.5    5.74s
 10   -73.57168340223       -9.22       -4.77    5.2    5.66s
 11   -73.57168340235       -9.92       -5.45    4.9    5.47s
 12   -73.57168340236      -11.14       -6.26    5.3    5.97s
 13   -73.57168340236      -12.81       -6.84    4.9    5.73s
 14   -73.57168340236   +  -13.55       -7.36    4.7    5.29s
┌ Warning: Negative ρcore detected: -3.2764998766987886e-8
└ @ DFTK ~/.julia/packages/DFTK/n2IL4/src/terms/xc.jl:39
n     Energy            log10(ΔE)   log10(Δρ)   Diag   Δtime
---   ---------------   ---------   ---------   ----   ------
  1   -73.54592996160                   -0.79    9.7    9.75s
  2   -73.56172115607       -1.80       -1.00    5.4    5.63s
  3   -73.56985394936       -2.09       -1.32    6.8    7.19s
  4   -73.57140390412       -2.81       -1.67    5.8    6.16s
  5   -73.57168127761       -3.56       -2.54    5.4    5.86s
  6   -73.57168338140       -5.68       -3.11    5.5    6.28s
  7   -73.57168339134       -8.00       -3.63    4.5    5.06s
  8   -73.57168340026       -8.05       -3.96    4.9    5.47s
  9   -73.57168340163       -8.86       -4.52    5.5    5.84s
 10   -73.57168340223       -9.22       -4.77    5.0    5.67s
 11   -73.57168340235       -9.92       -5.43    5.0    5.29s
 12   -73.57168340236      -11.11       -6.21    5.3    5.82s
 13   -73.57168340236      -12.85       -6.80    5.0    6.08s
 14   -73.57168340236      -13.85       -7.35    5.0    5.62s
┌ Warning: Negative ρcore detected: Dual{ForwardDiff.Tag{var"#19#21"{@NamedTuple{ham::Hamiltonian, basis::PlaneWaveBasis{Float64, Float64, DFTK.CPU, FFTGrid{Float64, Float64, Array{StaticArraysCore.SVector{3, Int64}, 3}, Array{StaticArraysCore.SVector{3, Float64}, 3}}, Vector{StaticArraysCore.SVector{3, Int64}}}, energies::Energies{Float64}, converged::Bool, occupation_threshold::Float64, ρ::Array{Float64, 4}, τ::Nothing, α::Float64, eigenvalues::Vector{Vector{Float64}}, occupation::Vector{Vector{Float64}}, εF::Float64, n_bands_converge::Int64, n_iter::Int64, n_matvec::Int64, ψ::Vector{Matrix{ComplexF64}}, diagonalization::Vector{@NamedTuple{λ::Vector{Vector{Float64}}, X::Vector{Matrix{ComplexF64}}, residual_norms::Vector{Vector{Float64}}, n_iter::Vector{Int64}, converged::Bool, n_matvec::Int64}}, stage::Symbol, history_Δρ::Vector{Float64}, history_Etot::Vector{Float64}, timedout::Bool, runtime_ns::UInt64, algorithm::String}, Model{Float64, Float64}, Float64, MonkhorstPack, var"#case#4"{Matrix{Float64}, Float64, MonkhorstPack, Vector{StaticArraysCore.SVector{3, Float64}}, Vector{ElementPsp{PspUpf{Float64, Interpolations.Extrapolation{Float64, 1, Interpolations.GriddedInterpolation{Float64, 1, Vector{Float64}, Interpolations.Gridded{Interpolations.Linear{Interpolations.Throw{Interpolations.OnGrid}}}, Tuple{Vector{Float64}}}, Interpolations.Gridded{Interpolations.Linear{Interpolations.Throw{Interpolations.OnGrid}}}, Interpolations.Throw{Nothing}}}}}, Float64, Float64, String}}, Float64}}(-3.2764998766987886e-8,5.599406523291615e-9)
└ @ DFTK ~/.julia/packages/DFTK/n2IL4/src/terms/xc.jl:39
     3    -7.357168e+01     2.061883e-04
 * time: 827.7434239387512
┌ Warning: Negative ρcore detected: -3.276824299886516e-8
└ @ DFTK ~/.julia/packages/DFTK/n2IL4/src/terms/xc.jl:39
n     Energy            log10(ΔE)   log10(Δρ)   Diag   Δtime
---   ---------------   ---------   ---------   ----   ------
  1   -73.54597495841                   -0.79    9.8    9.21s
  2   -73.56171700098       -1.80       -1.00    5.4    5.42s
  3   -73.56985930453       -2.09       -1.32    6.7    6.66s
  4   -73.57140449895       -2.81       -1.67    5.9    5.59s
  5   -73.57168114483       -3.56       -2.52    5.5    5.62s
  6   -73.57168349680       -5.63       -3.10    5.4    5.86s
  7   -73.57168351343       -7.78       -3.62    3.9    4.52s
  8   -73.57168352104       -8.12       -3.97    5.0    5.09s
  9   -73.57168352155       -9.29       -4.53    5.6    5.43s
 10   -73.57168352222       -9.17       -4.77    5.2    5.35s
 11   -73.57168352233       -9.96       -5.44    5.0    5.11s
 12   -73.57168352234      -11.13       -6.27    5.3    5.53s
 13   -73.57168352234      -12.94       -6.88    5.1    5.59s
 14   -73.57168352234   +  -13.25       -7.37    4.6    4.93s
┌ Warning: Negative ρcore detected: -3.276824299886516e-8
└ @ DFTK ~/.julia/packages/DFTK/n2IL4/src/terms/xc.jl:39
n     Energy            log10(ΔE)   log10(Δρ)   Diag   Δtime
---   ---------------   ---------   ---------   ----   ------
  1   -73.54597886605                   -0.79    9.8    8.90s
  2   -73.56172501233       -1.80       -1.00    5.3    5.07s
  3   -73.56985746829       -2.09       -1.32    6.8    6.48s
  4   -73.57140512510       -2.81       -1.67    5.9    5.42s
  5   -73.57168136824       -3.56       -2.54    5.5    5.18s
  6   -73.57168350012       -5.67       -3.11    5.4    5.60s
  7   -73.57168351330       -7.88       -3.63    4.2    4.46s
  8   -73.57168352079       -8.13       -3.97    5.0    4.84s
  9   -73.57168352159       -9.10       -4.53    5.5    5.26s
 10   -73.57168352221       -9.20       -4.77    5.2    5.16s
 11   -73.57168352233       -9.92       -5.44    5.0    4.91s
 12   -73.57168352234      -11.12       -6.25    5.3    5.31s
 13   -73.57168352234      -12.77       -6.85    5.0    5.16s
 14   -73.57168352234      -13.85       -7.36    4.6    4.71s
┌ Warning: Negative ρcore detected: Dual{ForwardDiff.Tag{var"#19#21"{@NamedTuple{ham::Hamiltonian, basis::PlaneWaveBasis{Float64, Float64, DFTK.CPU, FFTGrid{Float64, Float64, Array{StaticArraysCore.SVector{3, Int64}, 3}, Array{StaticArraysCore.SVector{3, Float64}, 3}}, Vector{StaticArraysCore.SVector{3, Int64}}}, energies::Energies{Float64}, converged::Bool, occupation_threshold::Float64, ρ::Array{Float64, 4}, τ::Nothing, α::Float64, eigenvalues::Vector{Vector{Float64}}, occupation::Vector{Vector{Float64}}, εF::Float64, n_bands_converge::Int64, n_iter::Int64, n_matvec::Int64, ψ::Vector{Matrix{ComplexF64}}, diagonalization::Vector{@NamedTuple{λ::Vector{Vector{Float64}}, X::Vector{Matrix{ComplexF64}}, residual_norms::Vector{Vector{Float64}}, n_iter::Vector{Int64}, converged::Bool, n_matvec::Int64}}, stage::Symbol, history_Δρ::Vector{Float64}, history_Etot::Vector{Float64}, timedout::Bool, runtime_ns::UInt64, algorithm::String}, Model{Float64, Float64}, Float64, MonkhorstPack, var"#case#4"{Matrix{Float64}, Float64, MonkhorstPack, Vector{StaticArraysCore.SVector{3, Float64}}, Vector{ElementPsp{PspUpf{Float64, Interpolations.Extrapolation{Float64, 1, Interpolations.GriddedInterpolation{Float64, 1, Vector{Float64}, Interpolations.Gridded{Interpolations.Linear{Interpolations.Throw{Interpolations.OnGrid}}}, Tuple{Vector{Float64}}}, Interpolations.Gridded{Interpolations.Linear{Interpolations.Throw{Interpolations.OnGrid}}}, Interpolations.Throw{Nothing}}}}}, Float64, Float64, String}}, Float64}}(-3.276824299886516e-8,2.1814345072160517e-11)
└ @ DFTK ~/.julia/packages/DFTK/n2IL4/src/terms/xc.jl:39
     4    -7.357168e+01     1.985172e-06
 * time: 1054.232106924057
┌ Warning: Negative ρcore detected: -3.2768243488758135e-8
└ @ DFTK ~/.julia/packages/DFTK/n2IL4/src/terms/xc.jl:39
n     Energy            log10(ΔE)   log10(Δρ)   Diag   Δtime
---   ---------------   ---------   ---------   ----   ------
  1   -73.54596331143                   -0.79    9.8    8.67s
  2   -73.56173377886       -1.80       -1.00    5.4    5.17s
  3   -73.56985782499       -2.09       -1.32    6.8    6.71s
  4   -73.57140471169       -2.81       -1.67    5.9    5.49s
  5   -73.57168140739       -3.56       -2.54    5.4    5.28s
  6   -73.57168350164       -5.68       -3.11    5.5    5.57s
  7   -73.57168351135       -8.01       -3.64    4.5    4.65s
  8   -73.57168352028       -8.05       -3.96    5.0    4.91s
  9   -73.57168352163       -8.87       -4.52    5.5    5.25s
 10   -73.57168352223       -9.22       -4.77    5.1    5.10s
 11   -73.57168352234       -9.94       -5.45    5.1    4.90s
 12   -73.57168352235      -11.14       -6.26    5.3    5.30s
 13   -73.57168352235      -13.15       -6.83    5.0    5.16s
 14   -73.57168352235   +  -13.37       -7.37    5.0    5.01s
┌ Warning: Negative ρcore detected: -3.2768243488758135e-8
└ @ DFTK ~/.julia/packages/DFTK/n2IL4/src/terms/xc.jl:39
n     Energy            log10(ΔE)   log10(Δρ)   Diag   Δtime
---   ---------------   ---------   ---------   ----   ------
  1   -73.54597631812                   -0.79    9.8    8.74s
  2   -73.56172872599       -1.80       -1.00    5.4    5.11s
  3   -73.56985610360       -2.09       -1.32    6.8    6.49s
  4   -73.57140551447       -2.81       -1.67    5.9    5.41s
  5   -73.57168138784       -3.56       -2.54    5.4    5.15s
  6   -73.57168349998       -5.68       -3.11    5.4    5.54s
  7   -73.57168351250       -7.90       -3.63    4.3    4.53s
  8   -73.57168352063       -8.09       -3.97    5.0    4.87s
  9   -73.57168352161       -9.01       -4.53    5.4    5.24s
 10   -73.57168352223       -9.21       -4.77    5.1    5.10s
 11   -73.57168352234       -9.93       -5.44    4.9    5.01s
 12   -73.57168352235      -11.13       -6.23    5.3    5.31s
 13   -73.57168352235      -13.15       -6.85    5.0    5.23s
 14   -73.57168352235      -13.37       -7.36    4.5    4.68s
┌ Warning: Negative ρcore detected: Dual{ForwardDiff.Tag{var"#19#21"{@NamedTuple{ham::Hamiltonian, basis::PlaneWaveBasis{Float64, Float64, DFTK.CPU, FFTGrid{Float64, Float64, Array{StaticArraysCore.SVector{3, Int64}, 3}, Array{StaticArraysCore.SVector{3, Float64}, 3}}, Vector{StaticArraysCore.SVector{3, Int64}}}, energies::Energies{Float64}, converged::Bool, occupation_threshold::Float64, ρ::Array{Float64, 4}, τ::Nothing, α::Float64, eigenvalues::Vector{Vector{Float64}}, occupation::Vector{Vector{Float64}}, εF::Float64, n_bands_converge::Int64, n_iter::Int64, n_matvec::Int64, ψ::Vector{Matrix{ComplexF64}}, diagonalization::Vector{@NamedTuple{λ::Vector{Vector{Float64}}, X::Vector{Matrix{ComplexF64}}, residual_norms::Vector{Vector{Float64}}, n_iter::Vector{Int64}, converged::Bool, n_matvec::Int64}}, stage::Symbol, history_Δρ::Vector{Float64}, history_Etot::Vector{Float64}, timedout::Bool, runtime_ns::UInt64, algorithm::String}, Model{Float64, Float64}, Float64, MonkhorstPack, var"#case#4"{Matrix{Float64}, Float64, MonkhorstPack, Vector{StaticArraysCore.SVector{3, Float64}}, Vector{ElementPsp{PspUpf{Float64, Interpolations.Extrapolation{Float64, 1, Interpolations.GriddedInterpolation{Float64, 1, Vector{Float64}, Interpolations.Gridded{Interpolations.Linear{Interpolations.Throw{Interpolations.OnGrid}}}, Tuple{Vector{Float64}}}, Interpolations.Gridded{Interpolations.Linear{Interpolations.Throw{Interpolations.OnGrid}}}, Interpolations.Throw{Nothing}}}}}, Float64, Float64, String}}, Float64}}(-3.2768243488758135e-8,-3.2657250797117686e-11)
└ @ DFTK ~/.julia/packages/DFTK/n2IL4/src/terms/xc.jl:39
     5    -7.357168e+01     1.261560e-09
 * time: 1276.6222760677338
 * Status: success

 * Candidate solution
    Final objective value:     -7.357168e+01

 * Found with
    Algorithm:     L-BFGS

 * Convergence measures
    |x - x'|               = 1.12e-05 ≰ -1.0e+00
    |x - x'|/|x'|          = 2.02e-06 ≰ 0.0e+00
    |f(x) - f(x')|         = 1.06e-11 ≤ 1.0e-08
    |f(x) - f(x')|/|f(x')| = 1.45e-13 ≰ 0.0e+00
    |g(x)|                 = 1.26e-09 ≤ 1.0e-06

 * Work counters
    Seconds run:   1277  (vs limit Inf)
    Iterations:    5
    f(x) calls:    6
    ∇f(x) calls:   6

V: 1414.842401 seconds (867.54 M allocations: 411.362 GiB, 5.44% gc time, 0.01% compilation time)
