┌ Info: Threading setup: 
│   Threads.nthreads() = 1
│   n_DFTK = 1
│   n_fft = 1
└   n_blas = 1
┌ Info: 2025-05-14T10:00:08.374
│   name = "Si"
│   Ecut = 18.0
│   kgrid = MonkhorstPack([14, 14, 14])
│   p0 = ComponentVector{Float64}(a = 10.347246312603742)
│   temperature = 0.001
└   smearing = DFTK.Smearing.Gaussian()
n     Energy            log10(ΔE)   log10(Δρ)   Diag   Δtime
---   ---------------   ---------   ---------   ----   ------
  1   -8.553511856140                   -0.94    7.0    11.3s
  2   -8.556593714877       -2.51       -1.64    2.2    5.29s
  3   -8.556693722230       -4.00       -2.46    4.1    1.73s
  4   -8.556698147363       -5.35       -3.66    3.9    2.11s
  5   -8.556698183559       -7.44       -4.25    4.7    2.18s
  6   -8.556698185743       -8.66       -4.89    4.0    2.07s
  7   -8.556698185873       -9.89       -5.83    3.8    2.08s
  8   -8.556698185875      -11.68       -7.08    4.0    1.79s
Iter     Function value   Gradient norm 
     0    -8.556698e+00     7.268643e-03
 * time: 5.3882598876953125e-5
n     Energy            log10(ΔE)   log10(Δρ)   Diag   Δtime
---   ---------------   ---------   ---------   ----   ------
  1   -8.553597385369                   -0.94    7.0    2.52s
  2   -8.556640831962       -2.52       -1.64    2.2    1.14s
  3   -8.556743943583       -3.99       -2.47    4.1    1.93s
  4   -8.556749105643       -5.29       -3.65    3.7    1.68s
  5   -8.556749139648       -7.47       -4.28    4.9    2.26s
  6   -8.556749141575       -8.72       -4.87    3.9    1.77s
  7   -8.556749141715       -9.85       -5.75    4.0    2.07s
  8   -8.556749141718      -11.54       -6.96    4.0    1.79s
  9   -8.556749141718      -14.15       -8.08    4.4    2.27s
n     Energy            log10(ΔE)   log10(Δρ)   Diag   Δtime
---   ---------------   ---------   ---------   ----   ------
  1   -8.553595687195                   -0.94    7.0    2.68s
  2   -8.556643433709       -2.52       -1.64    2.3    1.25s
  3   -8.556743949643       -4.00       -2.47    4.0    1.95s
  4   -8.556749105666       -5.29       -3.65    3.7    2.01s
  5   -8.556749139649       -7.47       -4.28    4.7    1.88s
  6   -8.556749141577       -8.71       -4.88    3.8    2.07s
  7   -8.556749141715       -9.86       -5.77    3.8    1.68s
  8   -8.556749141718      -11.56       -6.90    3.9    2.11s
  9   -8.556749141718      -13.97       -7.89    4.4    1.82s
     1    -8.556749e+00     6.752663e-03
 * time: 49.14627695083618
n     Energy            log10(ΔE)   log10(Δρ)   Diag   Δtime
---   ---------------   ---------   ---------   ----   ------
  1   -8.554123821517                   -0.95    7.4    2.85s
  2   -8.556976509395       -2.54       -1.63    2.4    1.55s
  3   -8.557076096657       -4.00       -2.55    4.3    1.69s
  4   -8.557080864217       -5.32       -3.36    4.0    2.14s
  5   -8.557080974428       -6.96       -3.81    4.5    1.83s
  6   -8.557080992542       -7.74       -4.77    4.0    2.04s
  7   -8.557080992834       -9.53       -5.52    4.2    1.88s
  8   -8.557080992840      -11.20       -6.43    4.3    2.06s
  9   -8.557080992840      -13.10       -7.82    4.2    2.27s
n     Energy            log10(ΔE)   log10(Δρ)   Diag   Δtime
---   ---------------   ---------   ---------   ----   ------
  1   -8.554131262247                   -0.95    7.4    3.88s
  2   -8.556974401793       -2.55       -1.63    2.5    1.82s
  3   -8.557076076258       -3.99       -2.55    4.0    2.41s
  4   -8.557080853651       -5.32       -3.34    4.2    2.23s
  5   -8.557080973127       -6.92       -3.79    4.6    1.85s
  6   -8.557080992573       -7.71       -4.81    3.8    1.92s
  7   -8.557080992833       -9.59       -5.49    4.1    1.84s
  8   -8.557080992840      -11.16       -6.45    4.2    2.07s
  9   -8.557080992840      -13.07       -7.61    4.4    1.90s
     2    -8.557081e+00     3.235841e-04
 * time: 102.38801407814026
n     Energy            log10(ΔE)   log10(Δρ)   Diag   Δtime
---   ---------------   ---------   ---------   ----   ------
  1   -8.554120811655                   -0.95    7.0    3.12s
  2   -8.556966713777       -2.55       -1.63    2.2    1.83s
  3   -8.557076042698       -3.96       -2.55    4.2    2.26s
  4   -8.557081627565       -5.25       -3.29    4.0    2.48s
  5   -8.557081780894       -6.81       -3.76    4.3    2.03s
  6   -8.557081803832       -7.64       -4.84    3.8    2.43s
  7   -8.557081804082       -9.60       -5.48    4.2    2.27s
  8   -8.557081804089      -11.14       -6.36    4.1    2.33s
  9   -8.557081804089      -12.91       -7.82    4.1    1.91s
n     Energy            log10(ΔE)   log10(Δρ)   Diag   Δtime
---   ---------------   ---------   ---------   ----   ------
  1   -8.554121938329                   -0.95    7.2    2.73s
  2   -8.556968015256       -2.55       -1.63    2.3    1.20s
  3   -8.557076099728       -3.97       -2.55    4.0    1.97s
  4   -8.557081630359       -5.26       -3.29    4.1    1.87s
  5   -8.557081781073       -6.82       -3.76    4.4    2.04s
  6   -8.557081803877       -7.64       -4.91    3.7    1.61s
  7   -8.557081804081       -9.69       -5.44    4.1    2.14s
  8   -8.557081804089      -11.08       -6.34    4.0    1.71s
  9   -8.557081804089      -12.83       -7.76    4.2    2.10s
     3    -8.557082e+00     1.554340e-05
 * time: 155.0558259487152
n     Energy            log10(ΔE)   log10(Δρ)   Diag   Δtime
---   ---------------   ---------   ---------   ----   ------
  1   -8.554120174152                   -0.95    7.1    3.34s
  2   -8.556966160110       -2.55       -1.63    2.0    1.33s
  3   -8.557075516141       -3.96       -2.55    4.1    2.36s
  4   -8.557081644334       -5.21       -3.30    4.0    2.40s
  5   -8.557081785346       -6.85       -3.78    4.4    1.83s
  6   -8.557081805746       -7.69       -4.86    3.8    2.06s
  7   -8.557081805963       -9.66       -5.43    3.9    1.84s
  8   -8.557081805972      -11.06       -6.33    4.0    2.03s
  9   -8.557081805972      -12.83       -7.71    4.2    1.75s
n     Energy            log10(ΔE)   log10(Δρ)   Diag   Δtime
---   ---------------   ---------   ---------   ----   ------
  1   -8.554124604436                   -0.95    7.1    2.67s
  2   -8.556970380357       -2.55       -1.63    2.4    1.25s
  3   -8.557076037911       -3.98       -2.55    4.0    2.01s
  4   -8.557081659469       -5.25       -3.33    4.0    1.81s
  5   -8.557081786936       -6.89       -3.80    4.4    2.10s
  6   -8.557081805672       -7.73       -4.78    3.8    1.63s
  7   -8.557081805965       -9.53       -5.50    4.0    2.09s
  8   -8.557081805972      -11.19       -6.36    4.0    1.69s
  9   -8.557081805972      -12.91       -7.82    4.0    2.05s
     4    -8.557082e+00     3.841678e-08
 * time: 206.31012988090515
 * Status: success

 * Candidate solution
    Final objective value:     -8.557082e+00

 * Found with
    Algorithm:     L-BFGS

 * Convergence measures
    |x - x'|               = 2.42e-04 ≰ -1.0e+00
    |x - x'|/|x'|          = 2.31e-05 ≰ 0.0e+00
    |f(x) - f(x')|         = 1.88e-09 ≤ 1.0e-08
    |f(x) - f(x')|/|f(x')| = 2.20e-10 ≰ 0.0e+00
    |g(x)|                 = 3.84e-08 ≤ 1.0e-06

 * Work counters
    Seconds run:   206  (vs limit Inf)
    Iterations:    4
    f(x) calls:    5
    ∇f(x) calls:   5

Si: 281.962442 seconds (391.15 M allocations: 80.975 GiB, 8.50% gc time, 18.47% compilation time: <1% of which was recompilation)
┌ Info: 2025-05-14T10:04:50.965
│   name = "NaCl"
│   Ecut = 44.0
│   kgrid = MonkhorstPack([13, 13, 13])
│   p0 = ComponentVector{Float64}(a = 10.746130571470083)
│   temperature = 0
└   smearing = DFTK.Smearing.None()
n     Energy            log10(ΔE)   log10(Δρ)   Diag   Δtime
---   ---------------   ---------   ---------   ----   ------
  1   -62.69348963695                   -1.15    8.9    21.5s
  2   -62.69771782668       -2.37       -1.17    3.2    9.62s
  3   -62.70411425551       -2.19       -2.08    4.0    10.3s
  4   -62.70414854727       -4.46       -3.18    3.6    10.5s
  5   -62.70414894950       -6.40       -3.61    4.6    12.3s
  6   -62.70414897817       -7.54       -4.32    3.7    11.1s
  7   -62.70414898145       -8.48       -5.41    3.9    13.6s
  8   -62.70414898147      -10.69       -6.68    4.0    15.2s
  9   -62.70414898147      -13.85       -7.60    4.2    15.6s
Iter     Function value   Gradient norm 
     0    -6.270415e+01     2.782656e-03
 * time: 4.410743713378906e-5
n     Energy            log10(ΔE)   log10(Δρ)   Diag   Δtime
---   ---------------   ---------   ---------   ----   ------
  1   -62.69350491493                   -1.15    8.5    18.2s
  2   -62.69774415474       -2.37       -1.17    3.1    8.40s
  3   -62.70412206207       -2.20       -2.08    4.1    13.8s
  4   -62.70415622320       -4.47       -3.17    3.4    9.92s
  5   -62.70415662108       -6.40       -3.60    4.4    12.3s
  6   -62.70415664244       -7.67       -4.30    3.7    11.4s
  7   -62.70415664564       -8.49       -5.29    3.8    13.6s
  8   -62.70415664568      -10.47       -6.55    3.9    12.9s
  9   -62.70415664568      -13.30       -7.54    4.2    11.2s
n     Energy            log10(ΔE)   log10(Δρ)   Diag   Δtime
---   ---------------   ---------   ---------   ----   ------
  1   -62.69350285883                   -1.15    8.5    18.7s
  2   -62.69772370996       -2.37       -1.17    3.2    8.58s
  3   -62.70412223142       -2.19       -2.08    4.0    10.1s
  4   -62.70415620090       -4.47       -3.20    3.5    9.47s
  5   -62.70415660470       -6.39       -3.65    4.8    11.5s
  6   -62.70415664200       -7.43       -4.32    3.8    10.4s
  7   -62.70415664566       -8.44       -5.44    4.0    10.2s
  8   -62.70415664568      -10.69       -6.86    4.1    10.6s
  9   -62.70415664568      -13.15       -7.56    4.3    11.3s
     1    -6.270416e+01     2.725879e-03
 * time: 253.43725299835205
n     Energy            log10(ΔE)   log10(Δρ)   Diag   Δtime
---   ---------------   ---------   ---------   ----   ------
  1   -62.69404803122                   -1.15    8.8    18.8s
  2   -62.69843096408       -2.36       -1.18    3.2    8.88s
  3   -62.70430044086       -2.23       -2.10    4.1    11.5s
  4   -62.70432930302       -4.54       -3.24    3.6    9.91s
  5   -62.70432963730       -6.48       -3.73    4.8    12.5s
  6   -62.70432966532       -7.55       -4.32    3.9    10.7s
  7   -62.70432966864       -8.48       -5.47    4.0    10.1s
  8   -62.70432966865      -10.79       -7.11    4.3    11.1s
n     Energy            log10(ΔE)   log10(Δρ)   Diag   Δtime
---   ---------------   ---------   ---------   ----   ------
  1   -62.69404861420                   -1.15    8.7    19.7s
  2   -62.69843798519       -2.36       -1.18    3.2    8.33s
  3   -62.70430042647       -2.23       -2.10    4.2    10.2s
  4   -62.70432930467       -4.54       -3.23    3.7    9.51s
  5   -62.70432963661       -6.48       -3.70    4.7    11.2s
  6   -62.70432966549       -7.54       -4.33    3.9    10.1s
  7   -62.70432966864       -8.50       -5.45    4.1    10.3s
  8   -62.70432966865      -10.75       -6.97    4.2    10.5s
  9   -62.70432966865   +  -13.85       -7.77    4.5    11.6s
     2    -6.270433e+01     2.035570e-04
 * time: 485.3348431587219
n     Energy            log10(ΔE)   log10(Δρ)   Diag   Δtime
---   ---------------   ---------   ---------   ----   ------
  1   -62.69402046472                   -1.15    8.5    20.9s
  2   -62.69838989216       -2.36       -1.18    3.1    8.42s
  3   -62.70430108007       -2.23       -2.10    4.2    10.8s
  4   -62.70433017178       -4.54       -3.23    3.4    9.67s
  5   -62.70433051761       -6.46       -3.74    4.6    11.1s
  6   -62.70433054613       -7.54       -4.32    3.7    10.8s
  7   -62.70433054952       -8.47       -5.46    3.9    9.93s
  8   -62.70433054954      -10.74       -7.06    4.1    10.5s
n     Energy            log10(ΔE)   log10(Δρ)   Diag   Δtime
---   ---------------   ---------   ---------   ----   ------
  1   -62.69402105538                   -1.15    8.4    17.7s
  2   -62.69839927903       -2.36       -1.18    3.2    8.91s
  3   -62.70430088566       -2.23       -2.10    3.9    10.8s
  4   -62.70433019420       -4.53       -3.22    3.4    10.6s
  5   -62.70433051527       -6.49       -3.62    4.5    11.4s
  6   -62.70433054635       -7.51       -4.29    3.7    9.91s
  7   -62.70433054952       -8.50       -5.36    4.0    10.4s
  8   -62.70433054954      -10.61       -6.71    3.9    11.4s
  9   -62.70433054954      -13.07       -7.69    4.3    10.9s
     3    -6.270433e+01     1.342598e-05
 * time: 716.3547191619873
n     Energy            log10(ΔE)   log10(Δρ)   Diag   Δtime
---   ---------------   ---------   ---------   ----   ------
  1   -62.69402256132                   -1.15    8.2    19.2s
  2   -62.69839855994       -2.36       -1.18    3.2    9.16s
  3   -62.70430102832       -2.23       -2.10    3.9    10.8s
  4   -62.70433017615       -4.54       -3.24    3.4    9.57s
  5   -62.70433052283       -6.46       -3.79    4.8    12.6s
  6   -62.70433055069       -7.55       -4.40    3.7    11.6s
  7   -62.70433055340       -8.57       -5.57    4.2    10.0s
  8   -62.70433055342      -10.93       -6.92    4.1    10.5s
  9   -62.70433055342   +  -13.67       -7.71    4.1    11.3s
n     Energy            log10(ΔE)   log10(Δρ)   Diag   Δtime
---   ---------------   ---------   ---------   ----   ------
  1   -62.69402486412                   -1.15    8.4    19.3s
  2   -62.69840370723       -2.36       -1.18    3.1    8.13s
  3   -62.70430092329       -2.23       -2.10    4.0    9.94s
  4   -62.70433019524       -4.53       -3.22    3.4    9.37s
  5   -62.70433051930       -6.49       -3.62    4.5    11.9s
  6   -62.70433055020       -7.51       -4.29    3.6    10.1s
  7   -62.70433055340       -8.50       -5.39    3.9    11.0s
  8   -62.70433055342      -10.67       -6.72    3.9    10.4s
  9   -62.70433055342   +    -Inf       -7.60    4.2    10.8s
     4    -6.270433e+01     6.468255e-08
 * time: 954.2880570888519
 * Status: success

 * Candidate solution
    Final objective value:     -6.270433e+01

 * Found with
    Algorithm:     L-BFGS

 * Convergence measures
    |x - x'|               = 5.74e-04 ≰ -1.0e+00
    |x - x'|/|x'|          = 5.41e-05 ≰ 0.0e+00
    |f(x) - f(x')|         = 3.87e-09 ≤ 1.0e-08
    |f(x) - f(x')|/|f(x')| = 6.18e-11 ≰ 0.0e+00
    |g(x)|                 = 6.47e-08 ≤ 1.0e-06

 * Work counters
    Seconds run:   954  (vs limit Inf)
    Iterations:    4
    f(x) calls:    5
    ∇f(x) calls:   5

NaCl: 1101.870758 seconds (992.88 M allocations: 281.719 GiB, 5.43% gc time, 0.38% compilation time)
┌ Info: 2025-05-14T10:23:12.872
│   name = "Al"
│   Ecut = 20.0
│   kgrid = MonkhorstPack([18, 18, 18])
│   p0 = ComponentVector{Float64}(a = 7.641925528121933)
│   temperature = 0.001
└   smearing = DFTK.Smearing.Gaussian()
n     Energy            log10(ΔE)   log10(Δρ)   Diag   Δtime
---   ---------------   ---------   ---------   ----   ------
  1   -2.332387483258                   -1.55    5.6    1.90s
  2   -2.332497210414       -3.96       -1.87    1.3    1.14s
  3   -2.332535980851       -4.41       -2.98    3.5    1.41s
  4   -2.332536722397       -6.13       -3.49    4.0    1.86s
  5   -2.332536750534       -7.55       -4.13    2.9    1.20s
  6   -2.332536752710       -8.66       -4.78    3.3    1.64s
  7   -2.332536752943       -9.63       -5.46    3.1    1.26s
  8   -2.332536752949      -11.29       -6.18    3.3    1.61s
  9   -2.332536752949      -12.56       -6.81    2.7    1.20s
 10   -2.332536752949      -13.72       -7.28    3.3    1.62s
Iter     Function value   Gradient norm 
     0    -2.332537e+00     7.619574e-03
 * time: 4.792213439941406e-5
n     Energy            log10(ΔE)   log10(Δρ)   Diag   Δtime
---   ---------------   ---------   ---------   ----   ------
  1   -2.332444958614                   -1.55    5.5    2.24s
  2   -2.332554761606       -3.96       -1.87    1.3    1.01s
  3   -2.332592728236       -4.42       -2.98    3.5    1.80s
  4   -2.332593524193       -6.10       -3.48    4.0    1.53s
  5   -2.332593553892       -7.53       -4.10    2.9    1.50s
  6   -2.332593556266       -8.62       -4.79    3.3    1.36s
  7   -2.332593556500       -9.63       -5.38    3.2    1.60s
  8   -2.332593556506      -11.21       -6.13    3.1    1.31s
  9   -2.332593556506      -12.43       -6.85    2.9    1.63s
 10   -2.332593556506      -13.74       -7.44    3.4    1.42s
n     Energy            log10(ΔE)   log10(Δρ)   Diag   Δtime
---   ---------------   ---------   ---------   ----   ------
  1   -2.332441491734                   -1.55    5.5    2.48s
  2   -2.332553790978       -3.95       -1.87    1.3    1.18s
  3   -2.332592706336       -4.41       -2.98    3.4    1.45s
  4   -2.332593525446       -6.09       -3.49    4.0    2.15s
  5   -2.332593553902       -7.55       -4.10    2.8    1.48s
  6   -2.332593556274       -8.62       -4.78    3.2    1.97s
  7   -2.332593556501       -9.64       -5.42    3.1    1.72s
  8   -2.332593556506      -11.27       -6.13    3.1    2.12s
  9   -2.332593556506      -12.46       -6.85    2.8    1.45s
 10   -2.332593556506      -13.76       -7.32    3.5    1.51s
     1    -2.332594e+00     7.290486e-03
 * time: 69.64321994781494
n     Energy            log10(ΔE)   log10(Δρ)   Diag   Δtime
---   ---------------   ---------   ---------   ----   ------
  1   -2.333107245530                   -1.57    5.3    1.71s
  2   -2.333219648299       -3.95       -1.89    1.3    581ms
  3   -2.333256084818       -4.44       -3.06    3.4    1.10s
  4   -2.333256695873       -6.21       -3.43    3.9    1.60s
  5   -2.333256740544       -7.35       -3.74    2.3    1.02s
  6   -2.333256754545       -7.85       -4.77    2.7    1.41s
  7   -2.333256754891       -9.46       -5.35    4.2    1.77s
  8   -2.333256754900      -11.05       -5.91    3.1    956ms
  9   -2.333256754901      -12.05       -6.68    2.9    922ms
 10   -2.333256754901      -13.41       -7.19    3.3    1.45s
n     Energy            log10(ΔE)   log10(Δρ)   Diag   Δtime
---   ---------------   ---------   ---------   ----   ------
  1   -2.333105678361                   -1.57    5.3    1.65s
  2   -2.333219221024       -3.94       -1.89    1.2    606ms
  3   -2.333256085972       -4.43       -3.06    3.3    1.40s
  4   -2.333256697325       -6.21       -3.43    4.0    1.19s
  5   -2.333256739654       -7.37       -3.72    2.2    1.09s
  6   -2.333256754541       -7.83       -4.79    2.8    926ms
  7   -2.333256754895       -9.45       -5.45    4.1    2.01s
  8   -2.333256754900      -11.35       -5.95    3.1    978ms
  9   -2.333256754901      -12.10       -6.57    2.7    1.20s
 10   -2.333256754901      -13.31       -7.06    3.1    951ms
     2    -2.333257e+00     8.362052e-04
 * time: 129.99117588996887
n     Energy            log10(ΔE)   log10(Δρ)   Diag   Δtime
---   ---------------   ---------   ---------   ----   ------
  1   -2.333120493955                   -1.57    5.5    1.68s
  2   -2.333229653732       -3.96       -1.89    1.3    986ms
  3   -2.333266402837       -4.43       -3.07    3.6    1.26s
  4   -2.333267012966       -6.21       -3.44    4.0    1.81s
  5   -2.333267050229       -7.43       -3.67    2.2    770ms
  6   -2.333267068998       -7.73       -4.77    2.6    1.38s
  7   -2.333267069396       -9.40       -5.23    4.3    1.51s
  8   -2.333267069406      -11.01       -5.81    2.7    1.35s
  9   -2.333267069407      -11.89       -6.37    2.9    1.35s
 10   -2.333267069407      -13.02       -6.86    2.9    1.97s
 11   -2.333267069407      -14.03       -7.83    2.4    1.18s
n     Energy            log10(ΔE)   log10(Δρ)   Diag   Δtime
---   ---------------   ---------   ---------   ----   ------
  1   -2.333123153260                   -1.57    5.5    2.26s
  2   -2.333230318297       -3.97       -1.89    1.3    860ms
  3   -2.333266364919       -4.44       -3.07    3.5    1.58s
  4   -2.333267012852       -6.19       -3.44    4.0    1.23s
  5   -2.333267048015       -7.45       -3.65    2.2    1.08s
  6   -2.333267068922       -7.68       -4.70    2.6    969ms
  7   -2.333267069392       -9.33       -5.19    4.2    1.85s
  8   -2.333267069405      -10.87       -5.75    3.0    977ms
  9   -2.333267069407      -11.77       -6.37    2.7    1.26s
 10   -2.333267069407      -12.97       -6.79    2.9    1.42s
 11   -2.333267069407      -13.91       -7.84    2.3    1.21s
     3    -2.333267e+00     1.112582e-04
 * time: 196.55809688568115
n     Energy            log10(ΔE)   log10(Δρ)   Diag   Δtime
---   ---------------   ---------   ---------   ----   ------
  1   -2.333122240419                   -1.57    5.8    1.94s
  2   -2.333230793910       -3.96       -1.89    1.4    692ms
  3   -2.333266577407       -4.45       -3.07    3.6    1.77s
  4   -2.333267202464       -6.20       -3.44    4.0    1.85s
  5   -2.333267235451       -7.48       -3.63    2.2    1.12s
  6   -2.333267257976       -7.65       -4.75    2.5    830ms
  7   -2.333267258417       -9.36       -5.11    4.4    1.60s
  8   -2.333267258435      -10.73       -5.77    2.5    833ms
  9   -2.333267258436      -12.21       -6.16    3.1    1.29s
 10   -2.333267258436      -12.36       -6.93    2.4    796ms
 11   -2.333267258436   +  -13.56       -8.00    2.9    948ms
n     Energy            log10(ΔE)   log10(Δρ)   Diag   Δtime
---   ---------------   ---------   ---------   ----   ------
  1   -2.333123862669                   -1.57    5.7    1.81s
  2   -2.333230573134       -3.97       -1.89    1.4    645ms
  3   -2.333266623125       -4.44       -3.07    3.7    1.45s
  4   -2.333267203014       -6.24       -3.44    4.1    1.26s
  5   -2.333267237803       -7.46       -3.66    2.3    1.12s
  6   -2.333267258025       -7.69       -4.76    2.7    887ms
  7   -2.333267258429       -9.39       -5.25    4.3    1.57s
  8   -2.333267258435      -11.16       -5.84    2.5    835ms
  9   -2.333267258436      -12.27       -6.31    3.1    1.30s
 10   -2.333267258436      -12.56       -6.84    2.8    901ms
 11   -2.333267258436   +  -13.47       -8.08    2.4    879ms
     4    -2.333267e+00     2.241756e-06
 * time: 259.36959195137024
n     Energy            log10(ΔE)   log10(Δρ)   Diag   Δtime
---   ---------------   ---------   ---------   ----   ------
  1   -2.333123224639                   -1.57    5.7    1.81s
  2   -2.333230975128       -3.97       -1.89    1.4    664ms
  3   -2.333266602776       -4.45       -3.08    3.7    1.42s
  4   -2.333267202980       -6.22       -3.44    4.1    1.21s
  5   -2.333267234669       -7.50       -3.63    2.1    1.01s
  6   -2.333267258060       -7.63       -4.75    2.6    816ms
  7   -2.333267258503       -9.35       -5.10    4.4    1.54s
  8   -2.333267258517      -10.86       -5.77    2.3    759ms
  9   -2.333267258518      -12.26       -6.13    3.2    1.29s
 10   -2.333267258518      -12.35       -6.93    2.2    749ms
 11   -2.333267258518   +  -13.46       -7.94    3.2    1.00s
n     Energy            log10(ΔE)   log10(Δρ)   Diag   Δtime
---   ---------------   ---------   ---------   ----   ------
  1   -2.333124580419                   -1.57    5.7    2.30s
  2   -2.333231105542       -3.97       -1.89    1.4    745ms
  3   -2.333266568447       -4.45       -3.07    3.7    1.48s
  4   -2.333267201886       -6.20       -3.44    4.1    1.24s
  5   -2.333267236853       -7.46       -3.65    2.2    1.05s
  6   -2.333267258100       -7.67       -4.76    2.5    830ms
  7   -2.333267258510       -9.39       -5.27    4.3    1.53s
  8   -2.333267258518      -11.11       -5.83    2.8    913ms
  9   -2.333267258518      -12.22       -6.44    2.8    1.17s
 10   -2.333267258518      -12.71       -6.83    2.9    942ms
 11   -2.333267258518   +  -13.44       -8.00    2.2    1.09s
     5    -2.333267e+00     6.945002e-09
 * time: 321.3123469352722
 * Status: success

 * Candidate solution
    Final objective value:     -2.333267e+00

 * Found with
    Algorithm:     L-BFGS

 * Convergence measures
    |x - x'|               = 6.90e-05 ≰ -1.0e+00
    |x - x'|/|x'|          = 8.80e-06 ≰ 0.0e+00
    |f(x) - f(x')|         = 8.21e-11 ≤ 1.0e-08
    |f(x) - f(x')|/|f(x')| = 3.52e-11 ≰ 0.0e+00
    |g(x)|                 = 6.95e-09 ≤ 1.0e-06

 * Work counters
    Seconds run:   321  (vs limit Inf)
    Iterations:    5
    f(x) calls:    6
    ∇f(x) calls:   6

Al: 357.836480 seconds (293.05 M allocations: 71.821 GiB, 7.19% gc time, 0.00% compilation time)
┌ Info: 2025-05-14T10:29:10.709
│   name = "V"
│   Ecut = 42.0
│   kgrid = MonkhorstPack([20, 20, 20])
│   p0 = ComponentVector{Float64}(a = 5.699267600684394)
│   temperature = 0.001
└   smearing = DFTK.Smearing.Gaussian()
┌ Warning: Negative ρcore detected: -3.4151886922104144e-8
└ @ DFTK ~/.julia/packages/DFTK/n2IL4/src/terms/xc.jl:39
n     Energy            log10(ΔE)   log10(Δρ)   Diag   Δtime
---   ---------------   ---------   ---------   ----   ------
  1   -74.19478631518                   -1.02    9.4    10.7s
  2   -74.19917898456       -2.36       -1.22    4.7    6.13s
  3   -74.20219878323       -2.52       -1.64    6.4    7.39s
  4   -74.20255834076       -3.44       -2.05    5.3    6.97s
  5   -74.20259058116       -4.49       -2.44    5.1    6.89s
  6   -74.20259885370       -5.08       -3.19    5.3    6.41s
  7   -74.20259890946       -7.25       -3.70    5.2    6.27s
  8   -74.20259892193       -7.90       -4.24    5.3    5.99s
  9   -74.20259892237       -9.35       -4.73    5.0    5.95s
 10   -74.20259892234   +  -10.48       -5.29    5.3    6.70s
 11   -74.20259892239      -10.31       -5.87    5.4    5.91s
 12   -74.20259892239      -11.14       -6.60    5.1    6.02s
 13   -74.20259892239   +  -11.65       -6.75    5.9    6.55s
 14   -74.20259892239      -11.99       -7.43    5.7    5.97s
┌ Warning: Negative ρcore detected: Dual{ForwardDiff.Tag{var"#19#21"{@NamedTuple{ham::Hamiltonian, basis::PlaneWaveBasis{Float64, Float64, DFTK.CPU, FFTGrid{Float64, Float64, Array{StaticArraysCore.SVector{3, Int64}, 3}, Array{StaticArraysCore.SVector{3, Float64}, 3}}, Vector{StaticArraysCore.SVector{3, Int64}}}, energies::Energies{Float64}, converged::Bool, occupation_threshold::Float64, ρ::Array{Float64, 4}, τ::Nothing, α::Float64, eigenvalues::Vector{Vector{Float64}}, occupation::Vector{Vector{Float64}}, εF::Float64, n_bands_converge::Int64, n_iter::Int64, n_matvec::Int64, ψ::Vector{Matrix{ComplexF64}}, diagonalization::Vector{@NamedTuple{λ::Vector{Vector{Float64}}, X::Vector{Matrix{ComplexF64}}, residual_norms::Vector{Vector{Float64}}, n_iter::Vector{Int64}, converged::Bool, n_matvec::Int64}}, stage::Symbol, history_Δρ::Vector{Float64}, history_Etot::Vector{Float64}, timedout::Bool, runtime_ns::UInt64, algorithm::String}, Model{Float64, Float64}, Float64, MonkhorstPack, var"#case#4"{Matrix{Float64}, Float64, MonkhorstPack, Vector{StaticArraysCore.SVector{3, Float64}}, Vector{ElementPsp{PspUpf{Float64, Interpolations.Extrapolation{Float64, 1, Interpolations.GriddedInterpolation{Float64, 1, Vector{Float64}, Interpolations.Gridded{Interpolations.Linear{Interpolations.Throw{Interpolations.OnGrid}}}, Tuple{Vector{Float64}}}, Interpolations.Gridded{Interpolations.Linear{Interpolations.Throw{Interpolations.OnGrid}}}, Interpolations.Throw{Nothing}}}}}, Float64, Float64, String}}, Float64}}(-3.4151886922104144e-8,-1.2413273474001241e-8)
└ @ DFTK ~/.julia/packages/DFTK/n2IL4/src/terms/xc.jl:39
Iter     Function value   Gradient norm 
     0    -7.420260e+01     1.896085e-03
 * time: 3.0040740966796875e-5
┌ Warning: Negative ρcore detected: -3.4167940055568e-8
└ @ DFTK ~/.julia/packages/DFTK/n2IL4/src/terms/xc.jl:39
n     Energy            log10(ΔE)   log10(Δρ)   Diag   Δtime
---   ---------------   ---------   ---------   ----   ------
  1   -74.19477914835                   -1.02    9.5    9.73s
  2   -74.19918141438       -2.36       -1.22    4.8    5.37s
  3   -74.20220041859       -2.52       -1.64    6.4    7.25s
  4   -74.20256164398       -3.44       -2.05    5.3    5.72s
  5   -74.20259364141       -4.49       -2.43    5.1    5.79s
  6   -74.20260217422       -5.07       -3.19    5.3    5.88s
  7   -74.20260222825       -7.27       -3.69    5.3    5.86s
  8   -74.20260224177       -7.87       -4.24    5.2    5.68s
  9   -74.20260224221       -9.35       -4.73    5.1    5.81s
 10   -74.20260224219   +  -10.56       -5.28    5.3    5.81s
 11   -74.20260224223      -10.32       -5.83    5.4    5.74s
 12   -74.20260224224      -11.10       -6.57    5.1    5.85s
 13   -74.20260224224   +  -11.67       -6.72    5.9    6.95s
 14   -74.20260224224      -12.03       -7.34    5.6    5.82s
┌ Warning: Negative ρcore detected: -3.4167940055568e-8
└ @ DFTK ~/.julia/packages/DFTK/n2IL4/src/terms/xc.jl:39
n     Energy            log10(ΔE)   log10(Δρ)   Diag   Δtime
---   ---------------   ---------   ---------   ----   ------
  1   -74.19478249255                   -1.02    9.4    9.59s
  2   -74.19918563180       -2.36       -1.22    4.7    5.34s
  3   -74.20220018042       -2.52       -1.64    6.4    7.04s
  4   -74.20256166230       -3.44       -2.05    5.2    5.79s
  5   -74.20259375311       -4.49       -2.44    5.1    5.80s
  6   -74.20260217869       -5.07       -3.19    5.3    5.98s
  7   -74.20260222880       -7.30       -3.69    5.2    5.99s
  8   -74.20260224179       -7.89       -4.25    5.2    5.72s
  9   -74.20260224221       -9.37       -4.73    5.1    5.70s
 10   -74.20260224219   +  -10.54       -5.28    5.3    5.90s
 11   -74.20260224223      -10.32       -5.85    5.5    5.92s
 12   -74.20260224224      -11.12       -6.57    5.2    5.87s
 13   -74.20260224224   +  -11.66       -6.74    5.9    6.29s
 14   -74.20260224224      -12.09       -7.28    5.5    5.82s
┌ Warning: Negative ρcore detected: Dual{ForwardDiff.Tag{var"#19#21"{@NamedTuple{ham::Hamiltonian, basis::PlaneWaveBasis{Float64, Float64, DFTK.CPU, FFTGrid{Float64, Float64, Array{StaticArraysCore.SVector{3, Int64}, 3}, Array{StaticArraysCore.SVector{3, Float64}, 3}}, Vector{StaticArraysCore.SVector{3, Int64}}}, energies::Energies{Float64}, converged::Bool, occupation_threshold::Float64, ρ::Array{Float64, 4}, τ::Nothing, α::Float64, eigenvalues::Vector{Vector{Float64}}, occupation::Vector{Vector{Float64}}, εF::Float64, n_bands_converge::Int64, n_iter::Int64, n_matvec::Int64, ψ::Vector{Matrix{ComplexF64}}, diagonalization::Vector{@NamedTuple{λ::Vector{Vector{Float64}}, X::Vector{Matrix{ComplexF64}}, residual_norms::Vector{Vector{Float64}}, n_iter::Vector{Int64}, converged::Bool, n_matvec::Int64}}, stage::Symbol, history_Δρ::Vector{Float64}, history_Etot::Vector{Float64}, timedout::Bool, runtime_ns::UInt64, algorithm::String}, Model{Float64, Float64}, Float64, MonkhorstPack, var"#case#4"{Matrix{Float64}, Float64, MonkhorstPack, Vector{StaticArraysCore.SVector{3, Float64}}, Vector{ElementPsp{PspUpf{Float64, Interpolations.Extrapolation{Float64, 1, Interpolations.GriddedInterpolation{Float64, 1, Vector{Float64}, Interpolations.Gridded{Interpolations.Linear{Interpolations.Throw{Interpolations.OnGrid}}}, Tuple{Vector{Float64}}}, Interpolations.Gridded{Interpolations.Linear{Interpolations.Throw{Interpolations.OnGrid}}}, Interpolations.Throw{Nothing}}}}}, Float64, Float64, String}}, Float64}}(-3.4167940055568e-8,-4.538082935519914e-9)
└ @ DFTK ~/.julia/packages/DFTK/n2IL4/src/terms/xc.jl:39
     1    -7.420260e+01     1.605126e-03
 * time: 248.02949690818787
┌ Warning: Negative ρcore detected: -3.399573054554248e-8
└ @ DFTK ~/.julia/packages/DFTK/n2IL4/src/terms/xc.jl:39
n     Energy            log10(ΔE)   log10(Δρ)   Diag   Δtime
---   ---------------   ---------   ---------   ----   ------
  1   -74.19474748864                   -1.02    9.6    9.94s
  2   -74.19915974118       -2.36       -1.22    4.8    5.50s
  3   -74.20220376044       -2.52       -1.64    6.5    7.13s
  4   -74.20256905535       -3.44       -2.04    5.3    5.84s
  5   -74.20260167781       -4.49       -2.42    5.1    5.95s
  6   -74.20261062043       -5.05       -3.19    5.4    6.24s
  7   -74.20261067886       -7.23       -3.68    5.3    6.14s
  8   -74.20261069147       -7.90       -4.22    5.1    5.92s
  9   -74.20261069189       -9.37       -4.72    5.1    5.81s
 10   -74.20261069190      -11.37       -5.27    5.3    6.06s
 11   -74.20261069193      -10.45       -5.79    5.3    5.94s
 12   -74.20261069194      -11.21       -6.56    5.1    5.81s
 13   -74.20261069194   +  -11.87       -6.67    5.9    6.38s
 14   -74.20261069194      -12.19       -7.27    5.5    5.84s
┌ Warning: Negative ρcore detected: -3.399573054554248e-8
└ @ DFTK ~/.julia/packages/DFTK/n2IL4/src/terms/xc.jl:39
n     Energy            log10(ΔE)   log10(Δρ)   Diag   Δtime
---   ---------------   ---------   ---------   ----   ------
  1   -74.19474801833                   -1.02    9.4    9.82s
  2   -74.19916216936       -2.36       -1.22    4.8    5.31s
  3   -74.20220377118       -2.52       -1.64    6.5    7.09s
  4   -74.20256895248       -3.44       -2.04    5.3    5.88s
  5   -74.20260181863       -4.48       -2.42    5.1    6.12s
  6   -74.20261061949       -5.06       -3.18    5.4    6.52s
  7   -74.20261067858       -7.23       -3.69    5.4    6.22s
  8   -74.20261069149       -7.89       -4.22    5.2    5.90s
  9   -74.20261069190       -9.39       -4.72    5.2    5.99s
 10   -74.20261069190   +  -11.99       -5.27    5.2    5.94s
 11   -74.20261069193      -10.42       -5.80    5.5    5.98s
 12   -74.20261069194      -11.22       -6.55    5.1    6.20s
 13   -74.20261069194   +  -11.87       -6.67    5.9    6.61s
 14   -74.20261069194      -12.26       -7.26    5.6    5.86s
┌ Warning: Negative ρcore detected: Dual{ForwardDiff.Tag{var"#19#21"{@NamedTuple{ham::Hamiltonian, basis::PlaneWaveBasis{Float64, Float64, DFTK.CPU, FFTGrid{Float64, Float64, Array{StaticArraysCore.SVector{3, Int64}, 3}, Array{StaticArraysCore.SVector{3, Float64}, 3}}, Vector{StaticArraysCore.SVector{3, Int64}}}, energies::Energies{Float64}, converged::Bool, occupation_threshold::Float64, ρ::Array{Float64, 4}, τ::Nothing, α::Float64, eigenvalues::Vector{Vector{Float64}}, occupation::Vector{Vector{Float64}}, εF::Float64, n_bands_converge::Int64, n_iter::Int64, n_matvec::Int64, ψ::Vector{Matrix{ComplexF64}}, diagonalization::Vector{@NamedTuple{λ::Vector{Vector{Float64}}, X::Vector{Matrix{ComplexF64}}, residual_norms::Vector{Vector{Float64}}, n_iter::Vector{Int64}, converged::Bool, n_matvec::Int64}}, stage::Symbol, history_Δρ::Vector{Float64}, history_Etot::Vector{Float64}, timedout::Bool, runtime_ns::UInt64, algorithm::String}, Model{Float64, Float64}, Float64, MonkhorstPack, var"#case#4"{Matrix{Float64}, Float64, MonkhorstPack, Vector{StaticArraysCore.SVector{3, Float64}}, Vector{ElementPsp{PspUpf{Float64, Interpolations.Extrapolation{Float64, 1, Interpolations.GriddedInterpolation{Float64, 1, Vector{Float64}, Interpolations.Gridded{Interpolations.Linear{Interpolations.Throw{Interpolations.OnGrid}}}, Tuple{Vector{Float64}}}, Interpolations.Gridded{Interpolations.Linear{Interpolations.Throw{Interpolations.OnGrid}}}, Interpolations.Throw{Nothing}}}}}, Float64, Float64, String}}, Float64}}(-3.399573054554248e-8,3.6897624181601074e-8)
└ @ DFTK ~/.julia/packages/DFTK/n2IL4/src/terms/xc.jl:39
     2    -7.420261e+01     1.419627e-05
 * time: 499.32374691963196
┌ Warning: Negative ρcore detected: -3.399226976338892e-8
└ @ DFTK ~/.julia/packages/DFTK/n2IL4/src/terms/xc.jl:39
n     Energy            log10(ΔE)   log10(Δρ)   Diag   Δtime
---   ---------------   ---------   ---------   ----   ------
  1   -74.19474722848                   -1.02    9.4    10.1s
  2   -74.19915125883       -2.36       -1.22    4.8    5.54s
  3   -74.20220484426       -2.52       -1.64    6.5    7.29s
  4   -74.20256899146       -3.44       -2.04    5.3    6.01s
  5   -74.20260188188       -4.48       -2.42    5.0    5.95s
  6   -74.20261061474       -5.06       -3.18    5.3    6.02s
  7   -74.20261068047       -7.18       -3.69    5.2    7.20s
  8   -74.20261069214       -7.93       -4.21    5.2    5.96s
  9   -74.20261069257       -9.37       -4.72    5.0    5.83s
 10   -74.20261069257   +  -11.86       -5.29    5.3    5.88s
 11   -74.20261069260      -10.46       -5.82    5.4    5.92s
 12   -74.20261069261      -11.26       -6.59    5.2    5.93s
 13   -74.20261069261   +  -11.91       -6.69    6.0    6.29s
 14   -74.20261069261      -12.36       -7.21    5.5    5.60s
┌ Warning: Negative ρcore detected: -3.399226976338892e-8
└ @ DFTK ~/.julia/packages/DFTK/n2IL4/src/terms/xc.jl:39
n     Energy            log10(ΔE)   log10(Δρ)   Diag   Δtime
---   ---------------   ---------   ---------   ----   ------
  1   -74.19474716468                   -1.02    9.4    9.67s
  2   -74.19915342205       -2.36       -1.22    4.8    5.34s
  3   -74.20220528701       -2.52       -1.64    6.4    7.16s
  4   -74.20256861903       -3.44       -2.04    5.3    6.01s
  5   -74.20260180696       -4.48       -2.42    5.0    6.30s
  6   -74.20261061337       -5.06       -3.18    5.3    6.79s
  7   -74.20261068075       -7.17       -3.69    5.2    6.33s
  8   -74.20261069209       -7.95       -4.20    5.1    5.88s
  9   -74.20261069257       -9.32       -4.73    5.1    5.99s
 10   -74.20261069257   +  -11.83       -5.27    5.2    5.85s
 11   -74.20261069260      -10.45       -5.81    5.3    5.73s
 12   -74.20261069261      -11.25       -6.59    5.1    5.79s
 13   -74.20261069261   +  -11.89       -6.69    5.8    6.79s
 14   -74.20261069261      -12.18       -7.32    5.6    5.84s
┌ Warning: Negative ρcore detected: Dual{ForwardDiff.Tag{var"#19#21"{@NamedTuple{ham::Hamiltonian, basis::PlaneWaveBasis{Float64, Float64, DFTK.CPU, FFTGrid{Float64, Float64, Array{StaticArraysCore.SVector{3, Int64}, 3}, Array{StaticArraysCore.SVector{3, Float64}, 3}}, Vector{StaticArraysCore.SVector{3, Int64}}}, energies::Energies{Float64}, converged::Bool, occupation_threshold::Float64, ρ::Array{Float64, 4}, τ::Nothing, α::Float64, eigenvalues::Vector{Vector{Float64}}, occupation::Vector{Vector{Float64}}, εF::Float64, n_bands_converge::Int64, n_iter::Int64, n_matvec::Int64, ψ::Vector{Matrix{ComplexF64}}, diagonalization::Vector{@NamedTuple{λ::Vector{Vector{Float64}}, X::Vector{Matrix{ComplexF64}}, residual_norms::Vector{Vector{Float64}}, n_iter::Vector{Int64}, converged::Bool, n_matvec::Int64}}, stage::Symbol, history_Δρ::Vector{Float64}, history_Etot::Vector{Float64}, timedout::Bool, runtime_ns::UInt64, algorithm::String}, Model{Float64, Float64}, Float64, MonkhorstPack, var"#case#4"{Matrix{Float64}, Float64, MonkhorstPack, Vector{StaticArraysCore.SVector{3, Float64}}, Vector{ElementPsp{PspUpf{Float64, Interpolations.Extrapolation{Float64, 1, Interpolations.GriddedInterpolation{Float64, 1, Vector{Float64}, Interpolations.Gridded{Interpolations.Linear{Interpolations.Throw{Interpolations.OnGrid}}}, Tuple{Vector{Float64}}}, Interpolations.Gridded{Interpolations.Linear{Interpolations.Throw{Interpolations.OnGrid}}}, Interpolations.Throw{Nothing}}}}}, Float64, Float64, String}}, Float64}}(-3.399226976338892e-8,3.725203092328671e-8)
└ @ DFTK ~/.julia/packages/DFTK/n2IL4/src/terms/xc.jl:39
     3    -7.420261e+01     8.030634e-08
 * time: 749.2725548744202
 * Status: success

 * Candidate solution
    Final objective value:     -7.420261e+01

 * Found with
    Algorithm:     L-BFGS

 * Convergence measures
    |x - x'|               = 9.33e-05 ≰ -1.0e+00
    |x - x'|/|x'|          = 1.63e-05 ≰ 0.0e+00
    |f(x) - f(x')|         = 6.68e-10 ≤ 1.0e-08
    |f(x) - f(x')|/|f(x')| = 9.00e-12 ≰ 0.0e+00
    |g(x)|                 = 8.03e-08 ≤ 1.0e-06

 * Work counters
    Seconds run:   749  (vs limit Inf)
    Iterations:    3
    f(x) calls:    4
    ∇f(x) calls:   4

V: 888.860010 seconds (570.46 M allocations: 274.879 GiB, 5.92% gc time, 0.01% compilation time)
