┌ Info: Threading setup: 
│   Threads.nthreads() = 1
│   n_DFTK = 1
│   n_fft = 1
└   n_blas = 1
┌ Info: 2025-05-14T10:00:08.688
│   name = "Si"
│   Ecut = 18.0
│   kgrid = MonkhorstPack([14, 14, 14])
│   p0 = ComponentVector{Float64}(a = 10.347246312603742)
│   temperature = 0.001
└   smearing = DFTK.Smearing.Gaussian()
n     Energy            log10(ΔE)   log10(Δρ)   Diag   Δtime
---   ---------------   ---------   ---------   ----   ------
  1   -8.626518388426                   -0.94    7.1    11.6s
  2   -8.632405317924       -2.23       -1.59    2.9    6.46s
  3   -8.632634518680       -3.64       -2.22    4.0    2.28s
  4   -8.632644284316       -5.01       -3.51    3.6    2.04s
  5   -8.632644439391       -6.81       -3.95    4.8    2.29s
  6   -8.632644445871       -8.19       -4.85    3.9    1.58s
  7   -8.632644446112       -9.62       -5.28    4.1    2.08s
  8   -8.632644446143      -10.52       -6.13    3.8    1.87s
  9   -8.632644446144      -12.02       -6.92    4.0    1.72s
 10   -8.632644446144      -14.75       -7.87    3.6    1.77s
Iter     Function value   Gradient norm 
     0    -8.632644e+00     6.144342e-03
 * time: 3.910064697265625e-5
n     Energy            log10(ΔE)   log10(Δρ)   Diag   Δtime
---   ---------------   ---------   ---------   ----   ------
  1   -8.626596412810                   -0.94    7.1    2.75s
  2   -8.632446056057       -2.23       -1.59    2.7    1.66s
  3   -8.632669437361       -3.65       -2.23    3.9    1.72s
  4   -8.632680704706       -4.95       -3.59    3.9    2.20s
  5   -8.632680839218       -6.87       -4.03    4.9    2.20s
  6   -8.632680844766       -8.26       -4.85    3.9    2.25s
  7   -8.632680844989       -9.65       -5.29    4.1    1.77s
  8   -8.632680845021      -10.49       -6.18    3.8    1.89s
  9   -8.632680845022      -12.06       -6.94    4.0    1.76s
 10   -8.632680845022   +    -Inf       -7.92    3.6    2.09s
n     Energy            log10(ΔE)   log10(Δρ)   Diag   Δtime
---   ---------------   ---------   ---------   ----   ------
  1   -8.626613167725                   -0.94    7.1    2.83s
  2   -8.632442561402       -2.23       -1.59    2.7    1.95s
  3   -8.632671637929       -3.64       -2.23    4.0    1.70s
  4   -8.632680676236       -5.04       -3.51    3.6    1.93s
  5   -8.632680840371       -6.78       -3.96    4.6    1.89s
  6   -8.632680844841       -8.35       -4.95    4.0    1.92s
  7   -8.632680844996       -9.81       -5.28    4.3    1.88s
  8   -8.632680845021      -10.60       -6.10    3.7    2.25s
  9   -8.632680845022      -11.99       -6.81    4.0    2.18s
 10   -8.632680845022      -14.75       -7.79    3.6    1.85s
     1    -8.632681e+00     5.704029e-03
 * time: 55.779314041137695
n     Energy            log10(ΔE)   log10(Δρ)   Diag   Δtime
---   ---------------   ---------   ---------   ----   ------
  1   -8.627169406587                   -0.95    7.1    3.50s
  2   -8.632625618276       -2.26       -1.54    2.7    1.30s
  3   -8.632897925565       -3.56       -2.11    4.0    2.14s
  4   -8.632913958787       -4.79       -3.10    3.7    1.64s
  5   -8.632914279772       -6.49       -3.65    3.7    2.05s
  6   -8.632914292063       -7.91       -5.12    3.5    1.75s
  7   -8.632914292312       -9.60       -5.41    4.8    2.92s
  8   -8.632914292320      -11.10       -6.68    3.5    1.52s
  9   -8.632914292320      -13.06       -7.32    4.5    2.28s
n     Energy            log10(ΔE)   log10(Δρ)   Diag   Δtime
---   ---------------   ---------   ---------   ----   ------
  1   -8.627178094740                   -0.95    7.0    2.72s
  2   -8.632628754236       -2.26       -1.54    2.7    1.59s
  3   -8.632897129470       -3.57       -2.12    3.8    1.71s
  4   -8.632913859348       -4.78       -3.24    3.6    1.96s
  5   -8.632914267423       -6.39       -3.61    4.2    2.33s
  6   -8.632914291700       -7.61       -4.57    3.2    1.74s
  7   -8.632914292312       -9.21       -5.54    4.3    1.80s
  8   -8.632914292320      -11.08       -6.28    3.8    2.01s
  9   -8.632914292320      -13.18       -6.74    3.5    1.54s
 10   -8.632914292320      -14.75       -7.59    2.7    1.71s
     2    -8.632914e+00     2.331079e-04
 * time: 106.66222405433655
n     Energy            log10(ΔE)   log10(Δρ)   Diag   Δtime
---   ---------------   ---------   ---------   ----   ------
  1   -8.627201277713                   -0.95    6.9    2.74s
  2   -8.632628545847       -2.27       -1.54    2.7    1.31s
  3   -8.632900388643       -3.57       -2.11    3.7    2.03s
  4   -8.632914312865       -4.86       -3.20    3.6    1.63s
  5   -8.632914679326       -6.44       -3.57    4.1    2.19s
  6   -8.632914702866       -7.63       -4.61    3.3    1.41s
  7   -8.632914703375       -9.29       -5.36    4.3    2.14s
  8   -8.632914703385      -11.01       -6.43    3.7    1.64s
  9   -8.632914703385      -12.75       -6.93    3.9    2.07s
 10   -8.632914703385   +    -Inf       -7.73    3.2    1.41s
n     Energy            log10(ΔE)   log10(Δρ)   Diag   Δtime
---   ---------------   ---------   ---------   ----   ------
  1   -8.627194960619                   -0.95    7.0    2.71s
  2   -8.632629379971       -2.26       -1.54    2.7    1.32s
  3   -8.632899467977       -3.57       -2.11    3.7    2.03s
  4   -8.632914289035       -4.83       -3.21    3.6    1.64s
  5   -8.632914679292       -6.41       -3.58    4.3    2.18s
  6   -8.632914702858       -7.63       -4.61    3.2    1.51s
  7   -8.632914703378       -9.28       -5.53    4.3    2.56s
  8   -8.632914703385      -11.20       -6.36    4.0    1.87s
  9   -8.632914703385      -12.75       -6.95    3.4    1.83s
 10   -8.632914703385   +    -Inf       -7.69    3.6    1.51s
     3    -8.632915e+00     9.424167e-06
 * time: 157.63425517082214
n     Energy            log10(ΔE)   log10(Δρ)   Diag   Δtime
---   ---------------   ---------   ---------   ----   ------
  1   -8.627210000768                   -0.95    7.3    3.23s
  2   -8.632627357827       -2.27       -1.54    2.8    2.18s
  3   -8.632897315079       -3.57       -2.12    3.9    2.33s
  4   -8.632914313540       -4.77       -3.25    3.8    2.56s
  5   -8.632914680870       -6.43       -3.64    4.4    2.49s
  6   -8.632914703659       -7.64       -4.77    3.4    2.04s
  7   -8.632914704056       -9.40       -5.72    4.4    2.04s
  8   -8.632914704060      -11.43       -6.31    3.8    2.00s
  9   -8.632914704060      -13.37       -6.75    3.4    1.44s
 10   -8.632914704060      -14.75       -7.51    2.8    1.64s
n     Energy            log10(ΔE)   log10(Δρ)   Diag   Δtime
---   ---------------   ---------   ---------   ----   ------
  1   -8.627204202684                   -0.95    7.2    2.79s
  2   -8.632633072784       -2.27       -1.54    3.1    1.73s
  3   -8.632898479695       -3.58       -2.11    3.8    1.75s
  4   -8.632914303769       -4.80       -3.23    3.7    2.05s
  5   -8.632914679632       -6.42       -3.60    4.5    2.52s
  6   -8.632914703532       -7.62       -4.61    3.5    2.46s
  7   -8.632914704054       -9.28       -5.64    4.5    2.21s
  8   -8.632914704059      -11.30       -6.49    4.0    2.15s
  9   -8.632914704060      -13.22       -6.85    3.5    1.66s
 10   -8.632914704060      -14.27       -7.56    2.7    1.66s
     4    -8.632915e+00     1.795492e-08
 * time: 213.71123003959656
 * Status: success

 * Candidate solution
    Final objective value:     -8.632915e+00

 * Found with
    Algorithm:     L-BFGS

 * Convergence measures
    |x - x'|               = 1.43e-04 ≰ -1.0e+00
    |x - x'|/|x'|          = 1.37e-05 ≰ 0.0e+00
    |f(x) - f(x')|         = 6.75e-10 ≤ 1.0e-08
    |f(x) - f(x')|/|f(x')| = 7.82e-11 ≰ 0.0e+00
    |g(x)|                 = 1.80e-08 ≤ 1.0e-06

 * Work counters
    Seconds run:   214  (vs limit Inf)
    Iterations:    4
    f(x) calls:    5
    ∇f(x) calls:   5

Si: 297.320636 seconds (412.79 M allocations: 85.426 GiB, 8.55% gc time, 18.84% compilation time: <1% of which was recompilation)
┌ Info: 2025-05-14T10:05:06.674
│   name = "NaCl"
│   Ecut = 44.0
│   kgrid = MonkhorstPack([13, 13, 13])
│   p0 = ComponentVector{Float64}(a = 10.746130571470083)
│   temperature = 0
└   smearing = DFTK.Smearing.None()
n     Energy            log10(ΔE)   log10(Δρ)   Diag   Δtime
---   ---------------   ---------   ---------   ----   ------
  1   -62.90597137757                   -1.21    8.8    22.6s
  2   -62.90885040528       -2.54       -1.21    2.6    8.38s
  3   -62.91454121985       -2.24       -2.12    3.7    10.0s
  4   -62.91457820916       -4.43       -2.73    3.5    11.4s
  5   -62.91457908117       -6.06       -3.64    3.6    10.4s
  6   -62.91457909282       -7.93       -4.22    4.0    11.0s
  7   -62.91457909398       -8.93       -5.23    3.6    10.6s
  8   -62.91457909399      -10.85       -5.81    4.1    11.3s
  9   -62.91457909399      -12.16       -7.06    3.6    10.3s
Iter     Function value   Gradient norm 
     0    -6.291458e+01     1.091795e-02
 * time: 4.1961669921875e-5
n     Energy            log10(ΔE)   log10(Δρ)   Diag   Δtime
---   ---------------   ---------   ---------   ----   ------
  1   -62.90611441508                   -1.21    8.7    19.2s
  2   -62.90896276476       -2.55       -1.21    2.7    7.95s
  3   -62.91466032717       -2.24       -2.12    3.5    9.94s
  4   -62.91469653559       -4.44       -2.77    3.5    10.4s
  5   -62.91469728194       -6.13       -3.67    3.7    11.8s
  6   -62.91469729258       -7.97       -4.23    3.9    11.1s
  7   -62.91469729371       -8.95       -5.23    3.5    10.8s
  8   -62.91469729373      -10.84       -5.79    4.2    12.7s
  9   -62.91469729373      -12.14       -6.97    3.7    11.5s
 10   -62.91469729373   +  -13.67       -8.49    4.2    14.3s
n     Energy            log10(ΔE)   log10(Δρ)   Diag   Δtime
---   ---------------   ---------   ---------   ----   ------
  1   -62.90611587936                   -1.21    8.7    19.5s
  2   -62.90896541236       -2.55       -1.21    2.8    8.52s
  3   -62.91466002964       -2.24       -2.12    3.6    10.3s
  4   -62.91469652864       -4.44       -2.77    3.6    10.1s
  5   -62.91469728232       -6.12       -3.67    3.7    10.4s
  6   -62.91469729259       -7.99       -4.23    4.0    10.9s
  7   -62.91469729371       -8.95       -5.18    3.7    10.6s
  8   -62.91469729373      -10.77       -5.77    4.2    11.6s
  9   -62.91469729373      -12.03       -7.09    3.7    10.7s
     1    -6.291470e+01     1.073391e-02
 * time: 260.67566180229187
n     Energy            log10(ΔE)   log10(Δρ)   Diag   Δtime
---   ---------------   ---------   ---------   ----   ------
  1   -62.90924585483                   -1.20    9.0    17.2s
  2   -62.91283998481       -2.44       -1.26    2.9    7.44s
  3   -62.91702063658       -2.38       -2.22    3.9    8.72s
  4   -62.91703917097       -4.73       -2.90    3.9    9.36s
  5   -62.91703957177       -6.40       -3.80    3.8    10.2s
  6   -62.91703957749       -8.24       -4.28    3.9    9.72s
  7   -62.91703957837       -9.06       -5.56    3.4    8.91s
  8   -62.91703957837      -11.31       -5.82    4.4    11.1s
  9   -62.91703957837      -12.15       -6.87    3.0    8.43s
 10   -62.91703957837   +  -13.30       -8.44    3.8    10.0s
n     Energy            log10(ΔE)   log10(Δρ)   Diag   Δtime
---   ---------------   ---------   ---------   ----   ------
  1   -62.90924588182                   -1.20    9.0    18.7s
  2   -62.91283430613       -2.45       -1.26    3.1    7.47s
  3   -62.91702100425       -2.38       -2.22    3.8    9.33s
  4   -62.91703920046       -4.74       -2.92    3.8    9.37s
  5   -62.91703957186       -6.43       -3.81    3.8    9.36s
  6   -62.91703957754       -8.25       -4.30    3.9    9.52s
  7   -62.91703957837       -9.08       -5.60    3.4    8.61s
  8   -62.91703957837      -11.35       -5.84    4.5    10.7s
  9   -62.91703957837      -12.21       -6.95    2.7    7.43s
 10   -62.91703957837   +  -13.85       -8.24    3.8    9.40s
     2    -6.291704e+01     5.219062e-03
 * time: 492.4379699230194
n     Energy            log10(ΔE)   log10(Δρ)   Diag   Δtime
---   ---------------   ---------   ---------   ----   ------
  1   -62.90950428758                   -1.21    8.5    17.9s
  2   -62.91283178788       -2.48       -1.25    2.8    7.31s
  3   -62.91739796475       -2.34       -2.19    3.8    10.0s
  4   -62.91742135891       -4.63       -2.85    3.8    11.2s
  5   -62.91742185447       -6.30       -3.76    3.8    9.57s
  6   -62.91742186134       -8.16       -4.27    4.0    10.0s
  7   -62.91742186227       -9.03       -5.51    3.6    9.05s
  8   -62.91742186228      -11.25       -5.89    4.3    10.7s
  9   -62.91742186228      -12.34       -7.09    3.3    8.68s
n     Energy            log10(ΔE)   log10(Δρ)   Diag   Δtime
---   ---------------   ---------   ---------   ----   ------
  1   -62.90950442028                   -1.21    8.6    16.5s
  2   -62.91286063533       -2.47       -1.25    2.8    7.13s
  3   -62.91739787079       -2.34       -2.18    3.7    8.54s
  4   -62.91742123792       -4.63       -2.81    3.7    9.36s
  5   -62.91742185263       -6.21       -3.71    3.7    11.1s
  6   -62.91742186122       -8.07       -4.23    4.0    10.0s
  7   -62.91742186227       -8.98       -5.32    3.6    10.5s
  8   -62.91742186228      -11.01       -5.82    4.2    10.5s
  9   -62.91742186228      -12.19       -6.97    3.4    8.88s
 10   -62.91742186228      -13.11       -8.46    3.9    10.0s
     3    -6.291742e+01     1.301787e-03
 * time: 722.4884078502655
n     Energy            log10(ΔE)   log10(Δρ)   Diag   Δtime
---   ---------------   ---------   ---------   ----   ------
  1   -62.90957080915                   -1.21    8.6    19.9s
  2   -62.91296406615       -2.47       -1.25    2.7    7.43s
  3   -62.91742857344       -2.35       -2.19    3.6    10.2s
  4   -62.91745095434       -4.65       -2.82    3.8    11.0s
  5   -62.91745152959       -6.24       -3.72    3.7    10.7s
  6   -62.91745153793       -8.08       -4.23    4.1    11.4s
  7   -62.91745153896       -8.98       -5.25    3.5    9.23s
  8   -62.91745153898      -10.91       -5.75    4.1    12.1s
  9   -62.91745153898      -12.03       -6.91    3.6    11.6s
 10   -62.91745153898   +  -13.85       -8.54    3.9    13.2s
n     Energy            log10(ΔE)   log10(Δρ)   Diag   Δtime
---   ---------------   ---------   ---------   ----   ------
  1   -62.90957189502                   -1.21    8.8    18.4s
  2   -62.91294974171       -2.47       -1.25    2.8    7.53s
  3   -62.91742931629       -2.35       -2.19    3.6    8.74s
  4   -62.91745101092       -4.66       -2.84    3.7    9.67s
  5   -62.91745153048       -6.28       -3.75    3.7    10.0s
  6   -62.91745153803       -8.12       -4.26    4.0    10.0s
  7   -62.91745153897       -9.03       -5.33    3.5    9.59s
  8   -62.91745153898      -11.04       -5.80    4.2    10.2s
  9   -62.91745153898      -12.08       -6.97    3.5    8.79s
 10   -62.91745153898   +    -Inf       -8.41    4.1    10.0s
     4    -6.291745e+01     1.161824e-04
 * time: 974.7285499572754
n     Energy            log10(ΔE)   log10(Δρ)   Diag   Δtime
---   ---------------   ---------   ---------   ----   ------
  1   -62.90957108227                   -1.21    8.5    15.7s
  2   -62.91296985339       -2.47       -1.25    2.7    6.70s
  3   -62.91742914079       -2.35       -2.19    3.7    8.29s
  4   -62.91745116931       -4.66       -2.82    3.7    8.98s
  5   -62.91745176031       -6.23       -3.72    3.6    8.88s
  6   -62.91745176883       -8.07       -4.24    4.0    9.52s
  7   -62.91745176983       -9.00       -5.40    3.5    8.98s
  8   -62.91745176984      -11.10       -5.83    4.2    12.5s
  9   -62.91745176984      -12.19       -6.95    3.4    8.69s
 10   -62.91745176984   +  -13.67       -8.21    4.0    10.4s
n     Energy            log10(ΔE)   log10(Δρ)   Diag   Δtime
---   ---------------   ---------   ---------   ----   ------
  1   -62.90957086703                   -1.21    8.4    15.9s
  2   -62.91298675242       -2.47       -1.25    2.8    6.85s
  3   -62.91742922976       -2.35       -2.18    3.7    8.01s
  4   -62.91745109772       -4.66       -2.79    3.8    9.36s
  5   -62.91745175946       -6.18       -3.70    3.7    9.28s
  6   -62.91745176881       -8.03       -4.24    4.0    9.52s
  7   -62.91745176984       -8.99       -5.60    3.6    9.95s
  8   -62.91745176984      -11.33       -5.90    4.4    11.0s
  9   -62.91745176984      -12.37       -7.10    3.1    8.34s
     5    -6.291745e+01     3.026020e-06
 * time: 1193.439915895462
n     Energy            log10(ΔE)   log10(Δρ)   Diag   Δtime
---   ---------------   ---------   ---------   ----   ------
  1   -62.90957060859                   -1.21    8.4    15.4s
  2   -62.91295816740       -2.47       -1.25    2.9    6.81s
  3   -62.91742971215       -2.35       -2.19    3.7    8.59s
  4   -62.91745123498       -4.67       -2.84    3.8    9.20s
  5   -62.91745176097       -6.28       -3.75    3.7    9.23s
  6   -62.91745176900       -8.10       -4.26    4.0    9.50s
  7   -62.91745176998       -9.01       -5.45    3.3    8.31s
  8   -62.91745176999      -11.18       -5.87    4.3    11.3s
  9   -62.91745176999      -12.24       -7.01    3.5    9.06s
n     Energy            log10(ΔE)   log10(Δρ)   Diag   Δtime
---   ---------------   ---------   ---------   ----   ------
  1   -62.90956979201                   -1.21    8.5    15.4s
  2   -62.91295284088       -2.47       -1.25    2.7    6.79s
  3   -62.91742945220       -2.35       -2.19    3.5    8.10s
  4   -62.91745128852       -4.66       -2.87    3.8    9.06s
  5   -62.91745176230       -6.32       -3.77    3.7    9.04s
  6   -62.91745176913       -8.17       -4.29    3.9    9.18s
  7   -62.91745176999       -9.06       -5.81    3.4    8.60s
  8   -62.91745176999      -11.53       -5.93    4.7    12.5s
  9   -62.91745176999      -12.40       -7.11    2.9    8.17s
     6    -6.291745e+01     7.758778e-09
 * time: 1403.0525238513947
 * Status: success

 * Candidate solution
    Final objective value:     -6.291745e+01

 * Found with
    Algorithm:     L-BFGS

 * Convergence measures
    |x - x'|               = 1.03e-04 ≰ -1.0e+00
    |x - x'|/|x'|          = 1.01e-05 ≰ 0.0e+00
    |f(x) - f(x')|         = 1.51e-10 ≤ 1.0e-08
    |f(x) - f(x')|/|f(x')| = 2.40e-12 ≰ 0.0e+00
    |g(x)|                 = 7.76e-09 ≤ 1.0e-06

 * Work counters
    Seconds run:   1403  (vs limit Inf)
    Iterations:    6
    f(x) calls:    7
    ∇f(x) calls:   7

NaCl: 1537.407568 seconds (1.32 G allocations: 381.571 GiB, 5.15% gc time, 0.25% compilation time)
┌ Info: 2025-05-14T10:30:44.120
│   name = "Al"
│   Ecut = 20.0
│   kgrid = MonkhorstPack([18, 18, 18])
│   p0 = ComponentVector{Float64}(a = 7.641925528121933)
│   temperature = 0.001
└   smearing = DFTK.Smearing.Gaussian()
n     Energy            log10(ΔE)   log10(Δρ)   Diag   Δtime
---   ---------------   ---------   ---------   ----   ------
  1   -2.349528234920                   -1.64    5.5    1.88s
  2   -2.349756247057       -3.64       -1.94    1.3    841ms
  3   -2.349881236172       -3.90       -2.66    4.0    2.23s
  4   -2.349891755815       -4.98       -3.35    4.0    2.62s
  5   -2.349891985949       -6.64       -3.85    3.3    1.85s
  6   -2.349892055724       -7.16       -4.38    3.6    2.36s
  7   -2.349892062140       -8.19       -4.92    3.6    1.77s
  8   -2.349892062718       -9.24       -5.53    3.5    1.59s
  9   -2.349892062738      -10.69       -6.20    3.2    1.33s
 10   -2.349892062739      -11.97       -6.74    3.3    1.81s
 11   -2.349892062739      -13.30       -7.44    2.9    1.69s
Iter     Function value   Gradient norm 
     0    -2.349892e+00     1.565022e-02
 * time: 3.0994415283203125e-5
n     Energy            log10(ΔE)   log10(Δρ)   Diag   Δtime
---   ---------------   ---------   ---------   ----   ------
  1   -2.349776908016                   -1.64    5.4    2.18s
  2   -2.349999581348       -3.65       -1.95    1.3    802ms
  3   -2.350121148001       -3.92       -2.66    4.0    1.87s
  4   -2.350131458451       -4.99       -3.35    4.0    1.57s
  5   -2.350131686494       -6.64       -3.84    3.2    1.60s
  6   -2.350131759669       -7.14       -4.36    3.5    1.44s
  7   -2.350131766052       -8.19       -4.93    3.4    1.62s
  8   -2.350131766627       -9.24       -5.50    3.5    1.40s
  9   -2.350131766646      -10.72       -6.13    3.0    1.54s
 10   -2.350131766647      -11.92       -6.81    3.1    1.28s
 11   -2.350131766647      -13.24       -7.35    3.0    1.52s
n     Energy            log10(ΔE)   log10(Δρ)   Diag   Δtime
---   ---------------   ---------   ---------   ----   ------
  1   -2.349778789344                   -1.64    5.5    2.48s
  2   -2.349999729799       -3.66       -1.95    1.2    969ms
  3   -2.350121072819       -3.92       -2.66    4.0    1.88s
  4   -2.350131454360       -4.98       -3.34    4.1    1.65s
  5   -2.350131686371       -6.63       -3.84    3.2    1.67s
  6   -2.350131759713       -7.13       -4.36    3.5    1.39s
  7   -2.350131766035       -8.20       -4.93    3.5    1.68s
  8   -2.350131766627       -9.23       -5.48    3.6    1.36s
  9   -2.350131766646      -10.72       -6.14    3.0    1.49s
 10   -2.350131766647      -11.91       -6.72    3.3    1.29s
 11   -2.350131766647      -13.28       -7.25    3.0    1.50s
     1    -2.350132e+00     1.498529e-02
 * time: 64.2824239730835
n     Energy            log10(ΔE)   log10(Δρ)   Diag   Δtime
---   ---------------   ---------   ---------   ----   ------
  1   -2.353074360867                   -1.72    5.7    1.86s
  2   -2.353213443547       -3.86       -2.04    1.2    630ms
  3   -2.353275933569       -4.20       -2.84    4.2    1.55s
  4   -2.353280454560       -5.34       -3.50    4.0    1.23s
  5   -2.353280675961       -6.65       -4.06    3.6    1.43s
  6   -2.353280707901       -7.50       -4.69    3.5    1.10s
  7   -2.353280710044       -8.67       -5.39    3.7    1.41s
  8   -2.353280710120      -10.12       -5.81    3.7    1.16s
  9   -2.353280710124      -11.46       -6.85    2.4    1.19s
 10   -2.353280710124      -13.06       -7.36    3.4    1.09s
n     Energy            log10(ΔE)   log10(Δρ)   Diag   Δtime
---   ---------------   ---------   ---------   ----   ------
  1   -2.353076518274                   -1.72    5.7    1.93s
  2   -2.353214004119       -3.86       -2.04    1.2    607ms
  3   -2.353275938209       -4.21       -2.85    4.0    1.57s
  4   -2.353280446218       -5.35       -3.50    4.1    1.25s
  5   -2.353280675408       -6.64       -4.06    3.6    1.43s
  6   -2.353280707893       -7.49       -4.69    3.5    1.11s
  7   -2.353280710046       -8.67       -5.39    3.8    1.45s
  8   -2.353280710120      -10.13       -5.78    3.9    1.19s
  9   -2.353280710124      -11.40       -6.82    2.5    1.21s
 10   -2.353280710124      -13.02       -7.32    3.4    1.09s
     2    -2.353281e+00     3.949250e-03
 * time: 121.05495405197144
n     Energy            log10(ΔE)   log10(Δρ)   Diag   Δtime
---   ---------------   ---------   ---------   ----   ------
  1   -2.353432665626                   -1.74    5.6    1.57s
  2   -2.353550105135       -3.93       -2.07    1.3    945ms
  3   -2.353596859311       -4.33       -2.92    4.1    1.55s
  4   -2.353600042657       -5.50       -3.56    4.1    1.25s
  5   -2.353600219507       -6.75       -4.20    3.7    1.48s
  6   -2.353600230310       -7.97       -4.43    3.6    1.11s
  7   -2.353600232810       -8.60       -4.52    3.6    1.45s
  8   -2.353600234688       -8.73       -5.77    2.8    960ms
  9   -2.353600234698      -11.00       -5.92    3.7    1.50s
 10   -2.353600234698      -12.09       -6.48    2.2    810ms
 11   -2.353600234698      -13.07       -7.03    3.1    1.37s
n     Energy            log10(ΔE)   log10(Δρ)   Diag   Δtime
---   ---------------   ---------   ---------   ----   ------
  1   -2.353430828153                   -1.74    5.6    1.85s
  2   -2.353549310301       -3.93       -2.07    1.2    626ms
  3   -2.353596847009       -4.32       -2.92    4.0    1.54s
  4   -2.353600043765       -5.50       -3.56    4.1    1.29s
  5   -2.353600219550       -6.76       -4.20    3.7    1.48s
  6   -2.353600230317       -7.97       -4.43    3.6    1.10s
  7   -2.353600232803       -8.60       -4.52    3.6    1.38s
  8   -2.353600234689       -8.72       -5.78    2.8    925ms
  9   -2.353600234697      -11.07       -5.92    3.8    1.44s
 10   -2.353600234698      -12.04       -6.53    2.3    823ms
 11   -2.353600234698      -13.12       -6.97    3.2    1.33s
 12   -2.353600234698   +  -14.45       -7.57    2.3    1.05s
     3    -2.353600e+00     1.175185e-03
 * time: 181.5738160610199
n     Energy            log10(ΔE)   log10(Δρ)   Diag   Δtime
---   ---------------   ---------   ---------   ----   ------
  1   -2.353468294664                   -1.75    5.5    1.54s
  2   -2.353587096685       -3.93       -2.08    1.3    920ms
  3   -2.353631413117       -4.35       -2.95    4.0    1.56s
  4   -2.353634069003       -5.58       -3.56    4.1    1.27s
  5   -2.353634236634       -6.78       -4.19    3.6    1.44s
  6   -2.353634248747       -7.92       -4.45    3.4    1.09s
  7   -2.353634252151       -8.47       -4.71    3.3    1.38s
  8   -2.353634252801       -9.19       -5.78    2.8    951ms
  9   -2.353634252810      -11.04       -6.26    3.5    1.48s
 10   -2.353634252810      -12.74       -7.00    2.2    857ms
n     Energy            log10(ΔE)   log10(Δρ)   Diag   Δtime
---   ---------------   ---------   ---------   ----   ------
  1   -2.353467630717                   -1.75    5.5    1.57s
  2   -2.353587318983       -3.92       -2.08    1.2    945ms
  3   -2.353631413188       -4.36       -2.95    4.1    1.26s
  4   -2.353634062165       -5.58       -3.55    4.0    1.58s
  5   -2.353634236546       -6.76       -4.19    3.7    1.15s
  6   -2.353634248571       -7.92       -4.44    3.5    1.36s
  7   -2.353634252149       -8.45       -4.71    3.4    1.13s
  8   -2.353634252801       -9.19       -5.78    2.8    1.35s
  9   -2.353634252810      -11.06       -6.26    3.6    1.13s
 10   -2.353634252810      -12.73       -6.99    2.2    1.17s
 11   -2.353634252810      -13.68       -7.17    3.2    1.06s
     4    -2.353634e+00     1.077019e-04
 * time: 239.78122401237488
n     Energy            log10(ΔE)   log10(Δρ)   Diag   Δtime
---   ---------------   ---------   ---------   ----   ------
  1   -2.353465176419                   -1.75    5.5    1.55s
  2   -2.353586802497       -3.91       -2.08    1.2    921ms
  3   -2.353631763108       -4.35       -2.95    4.1    1.27s
  4   -2.353634362443       -5.59       -3.55    4.0    1.56s
  5   -2.353634530914       -6.77       -4.19    3.7    1.17s
  6   -2.353634543246       -7.91       -4.46    3.5    1.37s
  7   -2.353634546624       -8.47       -4.73    3.3    1.08s
  8   -2.353634547225       -9.22       -5.79    2.7    1.22s
  9   -2.353634547234      -11.07       -6.29    3.6    1.15s
 10   -2.353634547234      -12.74       -7.02    2.3    1.18s
n     Energy            log10(ΔE)   log10(Δρ)   Diag   Δtime
---   ---------------   ---------   ---------   ----   ------
  1   -2.353464460389                   -1.75    5.4    1.84s
  2   -2.353586757931       -3.91       -2.08    1.2    649ms
  3   -2.353631726847       -4.35       -2.95    4.0    1.57s
  4   -2.353634358626       -5.58       -3.55    4.0    1.28s
  5   -2.353634530754       -6.76       -4.19    3.6    1.48s
  6   -2.353634543113       -7.91       -4.45    3.5    1.11s
  7   -2.353634546614       -8.46       -4.72    3.3    1.42s
  8   -2.353634547224       -9.21       -5.75    2.8    956ms
  9   -2.353634547234      -11.01       -6.28    3.5    1.50s
 10   -2.353634547234      -12.70       -7.01    2.4    902ms
     5    -2.353635e+00     1.468350e-06
 * time: 296.816654920578
n     Energy            log10(ΔE)   log10(Δρ)   Diag   Δtime
---   ---------------   ---------   ---------   ----   ------
  1   -2.353464710498                   -1.75    5.4    1.85s
  2   -2.353587080023       -3.91       -2.08    1.2    619ms
  3   -2.353631721430       -4.35       -2.95    4.1    1.57s
  4   -2.353634360538       -5.58       -3.55    4.0    1.38s
  5   -2.353634530589       -6.77       -4.19    3.6    1.44s
  6   -2.353634543185       -7.90       -4.45    3.4    1.09s
  7   -2.353634546713       -8.45       -4.74    3.4    1.41s
  8   -2.353634547281       -9.25       -5.80    2.8    950ms
  9   -2.353634547289      -11.09       -6.25    3.6    1.47s
 10   -2.353634547289      -12.77       -6.95    2.2    831ms
 11   -2.353634547289      -13.64       -7.23    3.1    1.36s
n     Energy            log10(ΔE)   log10(Δρ)   Diag   Δtime
---   ---------------   ---------   ---------   ----   ------
  1   -2.353466053607                   -1.75    5.4    1.85s
  2   -2.353587479898       -3.92       -2.08    1.3    646ms
  3   -2.353631728698       -4.35       -2.95    4.0    1.55s
  4   -2.353634354778       -5.58       -3.54    4.1    1.27s
  5   -2.353634530659       -6.75       -4.19    3.7    1.47s
  6   -2.353634543057       -7.91       -4.44    3.5    1.09s
  7   -2.353634546665       -8.44       -4.72    3.4    1.38s
  8   -2.353634547279       -9.21       -5.74    2.8    936ms
  9   -2.353634547289      -11.01       -6.27    3.5    1.40s
 10   -2.353634547289      -12.70       -6.98    2.3    841ms
 11   -2.353634547289      -13.71       -7.20    3.2    1.36s
     6    -2.353635e+00     1.512841e-08
 * time: 356.5748689174652
 * Status: success

 * Candidate solution
    Final objective value:     -2.353635e+00

 * Found with
    Algorithm:     L-BFGS

 * Convergence measures
    |x - x'|               = 7.46e-05 ≰ -1.0e+00
    |x - x'|/|x'|          = 9.10e-06 ≰ 0.0e+00
    |f(x) - f(x')|         = 5.51e-11 ≤ 1.0e-08
    |f(x) - f(x')|/|f(x')| = 2.34e-11 ≰ 0.0e+00
    |g(x)|                 = 1.51e-08 ≤ 1.0e-06

 * Work counters
    Seconds run:   357  (vs limit Inf)
    Iterations:    6
    f(x) calls:    7
    ∇f(x) calls:   7

Al: 397.580473 seconds (361.58 M allocations: 92.358 GiB, 7.85% gc time, 0.05% compilation time)
┌ Info: 2025-05-14T10:37:21.732
│   name = "V"
│   Ecut = 42.0
│   kgrid = MonkhorstPack([20, 20, 20])
│   p0 = ComponentVector{Float64}(a = 5.699267600684394)
│   temperature = 0.001
└   smearing = DFTK.Smearing.Gaussian()
┌ Warning: Negative ρcore detected: -3.4151886922104144e-8
└ @ DFTK ~/.julia/packages/DFTK/n2IL4/src/terms/xc.jl:39
n     Energy            log10(ΔE)   log10(Δρ)   Diag   Δtime
---   ---------------   ---------   ---------   ----   ------
  1   -74.46889306229                   -0.99    9.6    10.0s
  2   -74.47361248259       -2.33       -1.19    4.4    5.28s
  3   -74.47681082348       -2.50       -1.66    6.2    6.86s
  4   -74.47707700085       -3.57       -2.16    5.3    5.84s
  5   -74.47708443938       -5.13       -2.51    4.4    5.48s
  6   -74.47708976636       -5.27       -3.32    5.2    6.17s
  7   -74.47708985607       -7.05       -3.72    5.5    6.47s
  8   -74.47708987225       -7.79       -4.18    5.9    6.59s
  9   -74.47708987498       -8.56       -4.63    4.9    5.93s
 10   -74.47708987535       -9.42       -5.35    5.2    5.95s
 11   -74.47708987535      -11.81       -5.62    4.2    5.47s
 12   -74.47708987536      -11.81       -5.92    4.6    5.30s
 13   -74.47708987536      -12.29       -7.15    5.1    5.88s
┌ Warning: Negative ρcore detected: Dual{ForwardDiff.Tag{var"#19#21"{@NamedTuple{ham::Hamiltonian, basis::PlaneWaveBasis{Float64, Float64, DFTK.CPU, FFTGrid{Float64, Float64, Array{StaticArraysCore.SVector{3, Int64}, 3}, Array{StaticArraysCore.SVector{3, Float64}, 3}}, Vector{StaticArraysCore.SVector{3, Int64}}}, energies::Energies{Float64}, converged::Bool, occupation_threshold::Float64, ρ::Array{Float64, 4}, τ::Nothing, α::Float64, eigenvalues::Vector{Vector{Float64}}, occupation::Vector{Vector{Float64}}, εF::Float64, n_bands_converge::Int64, n_iter::Int64, n_matvec::Int64, ψ::Vector{Matrix{ComplexF64}}, diagonalization::Vector{@NamedTuple{λ::Vector{Vector{Float64}}, X::Vector{Matrix{ComplexF64}}, residual_norms::Vector{Vector{Float64}}, n_iter::Vector{Int64}, converged::Bool, n_matvec::Int64}}, stage::Symbol, history_Δρ::Vector{Float64}, history_Etot::Vector{Float64}, timedout::Bool, runtime_ns::UInt64, algorithm::String}, Model{Float64, Float64}, Float64, MonkhorstPack, var"#case#4"{Matrix{Float64}, Float64, MonkhorstPack, Vector{StaticArraysCore.SVector{3, Float64}}, Vector{ElementPsp{PspUpf{Float64, Interpolations.Extrapolation{Float64, 1, Interpolations.GriddedInterpolation{Float64, 1, Vector{Float64}, Interpolations.Gridded{Interpolations.Linear{Interpolations.Throw{Interpolations.OnGrid}}}, Tuple{Vector{Float64}}}, Interpolations.Gridded{Interpolations.Linear{Interpolations.Throw{Interpolations.OnGrid}}}, Interpolations.Throw{Nothing}}}}}, Float64, Float64, String}}, Float64}}(-3.4151886922104144e-8,-1.2413273474001241e-8)
└ @ DFTK ~/.julia/packages/DFTK/n2IL4/src/terms/xc.jl:39
Iter     Function value   Gradient norm 
     0    -7.447709e+01     1.580033e-02
 * time: 4.601478576660156e-5
┌ Warning: Negative ρcore detected: -3.3413305209612786e-8
└ @ DFTK ~/.julia/packages/DFTK/n2IL4/src/terms/xc.jl:39
n     Energy            log10(ΔE)   log10(Δρ)   Diag   Δtime
---   ---------------   ---------   ---------   ----   ------
  1   -74.46920211732                   -1.00    9.6    9.62s
  2   -74.47388351495       -2.33       -1.19    4.4    5.12s
  3   -74.47704848643       -2.50       -1.66    6.1    6.98s
  4   -74.47730881022       -3.58       -2.17    5.3    6.03s
  5   -74.47731610850       -5.14       -2.52    4.4    5.51s
  6   -74.47732139674       -5.28       -3.32    5.1    6.15s
  7   -74.47732148743       -7.04       -3.74    5.4    6.18s
  8   -74.47732150228       -7.83       -4.23    5.8    6.33s
  9   -74.47732150441       -8.67       -4.63    5.0    7.20s
 10   -74.47732150481       -9.40       -5.34    5.2    6.02s
 11   -74.47732150481      -12.28       -5.64    5.2    6.26s
 12   -74.47732150481      -11.66       -5.98    4.8    5.82s
 13   -74.47732150481      -12.20       -7.20    5.0    5.69s
┌ Warning: Negative ρcore detected: -3.3413305209612786e-8
└ @ DFTK ~/.julia/packages/DFTK/n2IL4/src/terms/xc.jl:39
n     Energy            log10(ΔE)   log10(Δρ)   Diag   Δtime
---   ---------------   ---------   ---------   ----   ------
  1   -74.46920270877                   -1.00    9.6    10.2s
  2   -74.47388052837       -2.33       -1.19    4.4    5.42s
  3   -74.47704981310       -2.50       -1.66    6.2    7.81s
  4   -74.47730815587       -3.59       -2.16    5.3    5.91s
  5   -74.47731629766       -5.09       -2.52    4.5    5.40s
  6   -74.47732139715       -5.29       -3.32    5.2    6.17s
  7   -74.47732148664       -7.05       -3.74    5.4    5.98s
  8   -74.47732150205       -7.81       -4.21    5.9    6.34s
  9   -74.47732150443       -8.62       -4.64    4.9    5.77s
 10   -74.47732150481       -9.42       -5.35    5.1    6.16s
 11   -74.47732150481      -11.96       -5.66    4.8    5.65s
 12   -74.47732150481      -11.90       -5.92    4.4    5.01s
 13   -74.47732150481      -12.03       -7.18    4.9    5.61s
┌ Warning: Negative ρcore detected: Dual{ForwardDiff.Tag{var"#19#21"{@NamedTuple{ham::Hamiltonian, basis::PlaneWaveBasis{Float64, Float64, DFTK.CPU, FFTGrid{Float64, Float64, Array{StaticArraysCore.SVector{3, Int64}, 3}, Array{StaticArraysCore.SVector{3, Float64}, 3}}, Vector{StaticArraysCore.SVector{3, Int64}}}, energies::Energies{Float64}, converged::Bool, occupation_threshold::Float64, ρ::Array{Float64, 4}, τ::Nothing, α::Float64, eigenvalues::Vector{Vector{Float64}}, occupation::Vector{Vector{Float64}}, εF::Float64, n_bands_converge::Int64, n_iter::Int64, n_matvec::Int64, ψ::Vector{Matrix{ComplexF64}}, diagonalization::Vector{@NamedTuple{λ::Vector{Vector{Float64}}, X::Vector{Matrix{ComplexF64}}, residual_norms::Vector{Vector{Float64}}, n_iter::Vector{Int64}, converged::Bool, n_matvec::Int64}}, stage::Symbol, history_Δρ::Vector{Float64}, history_Etot::Vector{Float64}, timedout::Bool, runtime_ns::UInt64, algorithm::String}, Model{Float64, Float64}, Float64, MonkhorstPack, var"#case#4"{Matrix{Float64}, Float64, MonkhorstPack, Vector{StaticArraysCore.SVector{3, Float64}}, Vector{ElementPsp{PspUpf{Float64, Interpolations.Extrapolation{Float64, 1, Interpolations.GriddedInterpolation{Float64, 1, Vector{Float64}, Interpolations.Gridded{Interpolations.Linear{Interpolations.Throw{Interpolations.OnGrid}}}, Tuple{Vector{Float64}}}, Interpolations.Gridded{Interpolations.Linear{Interpolations.Throw{Interpolations.OnGrid}}}, Interpolations.Throw{Nothing}}}}}, Float64, Float64, String}}, Float64}}(-3.3413305209612786e-8,-8.235793037304423e-8)
└ @ DFTK ~/.julia/packages/DFTK/n2IL4/src/terms/xc.jl:39
     1    -7.447732e+01     1.350986e-02
 * time: 229.39253497123718
┌ Warning: Negative ρcore detected: -3.4182837749794366e-8
└ @ DFTK ~/.julia/packages/DFTK/n2IL4/src/terms/xc.jl:39
n     Energy            log10(ΔE)   log10(Δρ)   Diag   Δtime
---   ---------------   ---------   ---------   ----   ------
  1   -74.47030646457                   -1.00    9.6    9.87s
  2   -74.47481894663       -2.35       -1.21    4.4    4.96s
  3   -74.47768084103       -2.54       -1.69    6.2    7.05s
  4   -74.47790363359       -3.65       -2.21    5.3    5.76s
  5   -74.47791370157       -5.00       -2.73    5.0    6.16s
  6   -74.47791551608       -5.74       -3.40    5.1    5.86s
  7   -74.47791555872       -7.37       -3.91    5.4    5.84s
  8   -74.47791556655       -8.11       -4.52    5.5    5.86s
  9   -74.47791556662      -10.19       -4.80    5.7    6.38s
 10   -74.47791556674       -9.89       -5.24    5.2    5.82s
 11   -74.47791556676      -10.72       -5.68    5.1    5.83s
 12   -74.47791556676      -11.91       -5.79    4.4    4.90s
 13   -74.47791556677      -12.20       -6.78    4.7    5.22s
 14   -74.47791556677   +  -13.15       -7.62    5.2    5.85s
┌ Warning: Negative ρcore detected: -3.4182837749794366e-8
└ @ DFTK ~/.julia/packages/DFTK/n2IL4/src/terms/xc.jl:39
n     Energy            log10(ΔE)   log10(Δρ)   Diag   Δtime
---   ---------------   ---------   ---------   ----   ------
  1   -74.47030674102                   -1.00    9.5    9.48s
  2   -74.47481274297       -2.35       -1.20    4.3    4.94s
  3   -74.47768297642       -2.54       -1.69    6.1    6.52s
  4   -74.47790272450       -3.66       -2.21    5.3    5.58s
  5   -74.47791390271       -4.95       -2.74    5.2    5.74s
  6   -74.47791551675       -5.79       -3.40    5.2    5.61s
  7   -74.47791555947       -7.37       -3.93    5.4    5.72s
  8   -74.47791556651       -8.15       -4.50    5.3    5.73s
  9   -74.47791556661      -10.01       -4.79    5.8    6.11s
 10   -74.47791556675       -9.86       -5.27    5.1    5.24s
 11   -74.47791556676      -10.76       -5.78    5.2    5.45s
 12   -74.47791556676      -12.77       -5.78    3.4    4.01s
 13   -74.47791556677      -12.11       -6.66    4.9    5.08s
 14   -74.47791556677   +  -12.67       -7.38    5.2    5.71s
┌ Warning: Negative ρcore detected: Dual{ForwardDiff.Tag{var"#19#21"{@NamedTuple{ham::Hamiltonian, basis::PlaneWaveBasis{Float64, Float64, DFTK.CPU, FFTGrid{Float64, Float64, Array{StaticArraysCore.SVector{3, Int64}, 3}, Array{StaticArraysCore.SVector{3, Float64}, 3}}, Vector{StaticArraysCore.SVector{3, Int64}}}, energies::Energies{Float64}, converged::Bool, occupation_threshold::Float64, ρ::Array{Float64, 4}, τ::Nothing, α::Float64, eigenvalues::Vector{Vector{Float64}}, occupation::Vector{Vector{Float64}}, εF::Float64, n_bands_converge::Int64, n_iter::Int64, n_matvec::Int64, ψ::Vector{Matrix{ComplexF64}}, diagonalization::Vector{@NamedTuple{λ::Vector{Vector{Float64}}, X::Vector{Matrix{ComplexF64}}, residual_norms::Vector{Vector{Float64}}, n_iter::Vector{Int64}, converged::Bool, n_matvec::Int64}}, stage::Symbol, history_Δρ::Vector{Float64}, history_Etot::Vector{Float64}, timedout::Bool, runtime_ns::UInt64, algorithm::String}, Model{Float64, Float64}, Float64, MonkhorstPack, var"#case#4"{Matrix{Float64}, Float64, MonkhorstPack, Vector{StaticArraysCore.SVector{3, Float64}}, Vector{ElementPsp{PspUpf{Float64, Interpolations.Extrapolation{Float64, 1, Interpolations.GriddedInterpolation{Float64, 1, Vector{Float64}, Interpolations.Gridded{Interpolations.Linear{Interpolations.Throw{Interpolations.OnGrid}}}, Tuple{Vector{Float64}}}, Interpolations.Gridded{Interpolations.Linear{Interpolations.Throw{Interpolations.OnGrid}}}, Interpolations.Throw{Nothing}}}}}, Float64, Float64, String}}, Float64}}(-3.4182837749794366e-8,-4.081489404862726e-9)
└ @ DFTK ~/.julia/packages/DFTK/n2IL4/src/terms/xc.jl:39
     2    -7.447792e+01     1.058572e-03
 * time: 456.51112604141235
┌ Warning: Negative ρcore detected: -3.4097419185927056e-8
└ @ DFTK ~/.julia/packages/DFTK/n2IL4/src/terms/xc.jl:39
n     Energy            log10(ΔE)   log10(Δρ)   Diag   Δtime
---   ---------------   ---------   ---------   ----   ------
  1   -74.47027165973                   -1.00    9.6    9.06s
  2   -74.47479476910       -2.34       -1.20    4.3    4.73s
  3   -74.47768062276       -2.54       -1.69    6.1    6.33s
  4   -74.47790674994       -3.65       -2.21    5.3    5.31s
  5   -74.47791679195       -5.00       -2.71    5.0    5.37s
  6   -74.47791888352       -5.68       -3.39    5.1    5.39s
  7   -74.47791892875       -7.34       -3.88    5.4    5.43s
  8   -74.47791893804       -8.03       -4.53    5.3    5.34s
  9   -74.47791893807      -10.59       -4.78    5.9    5.89s
 10   -74.47791893822       -9.83       -5.20    5.0    5.09s
 11   -74.47791893824      -10.74       -5.62    5.1    5.23s
 12   -74.47791893824      -11.62       -5.77    4.4    4.73s
 13   -74.47791893824      -11.79       -6.67    4.7    4.86s
 14   -74.47791893824   +  -13.07       -6.91    5.4    5.67s
 15   -74.47791893824      -13.37       -7.68    4.8    4.84s
┌ Warning: Negative ρcore detected: -3.4097419185927056e-8
└ @ DFTK ~/.julia/packages/DFTK/n2IL4/src/terms/xc.jl:39
n     Energy            log10(ΔE)   log10(Δρ)   Diag   Δtime
---   ---------------   ---------   ---------   ----   ------
  1   -74.47027539806                   -1.00    9.4    8.76s
  2   -74.47479979858       -2.34       -1.20    4.3    4.60s
  3   -74.47767995713       -2.54       -1.69    6.1    6.15s
  4   -74.47790691361       -3.64       -2.21    5.2    5.25s
  5   -74.47791670545       -5.01       -2.70    4.9    5.30s
  6   -74.47791888281       -5.66       -3.39    5.1    5.32s
  7   -74.47791892880       -7.34       -3.88    5.3    5.44s
  8   -74.47791893804       -8.03       -4.53    5.4    5.32s
  9   -74.47791893807      -10.54       -4.79    5.8    5.76s
 10   -74.47791893822       -9.83       -5.21    5.2    5.05s
 11   -74.47791893823      -10.77       -5.60    5.2    5.19s
 12   -74.47791893824      -11.56       -5.77    4.4    4.61s
 13   -74.47791893824      -11.78       -6.73    4.7    4.87s
 14   -74.47791893824   +  -12.89       -6.88    5.5    5.60s
 15   -74.47791893824      -13.37       -7.68    4.8    4.80s
┌ Warning: Negative ρcore detected: Dual{ForwardDiff.Tag{var"#19#21"{@NamedTuple{ham::Hamiltonian, basis::PlaneWaveBasis{Float64, Float64, DFTK.CPU, FFTGrid{Float64, Float64, Array{StaticArraysCore.SVector{3, Int64}, 3}, Array{StaticArraysCore.SVector{3, Float64}, 3}}, Vector{StaticArraysCore.SVector{3, Int64}}}, energies::Energies{Float64}, converged::Bool, occupation_threshold::Float64, ρ::Array{Float64, 4}, τ::Nothing, α::Float64, eigenvalues::Vector{Vector{Float64}}, occupation::Vector{Vector{Float64}}, εF::Float64, n_bands_converge::Int64, n_iter::Int64, n_matvec::Int64, ψ::Vector{Matrix{ComplexF64}}, diagonalization::Vector{@NamedTuple{λ::Vector{Vector{Float64}}, X::Vector{Matrix{ComplexF64}}, residual_norms::Vector{Vector{Float64}}, n_iter::Vector{Int64}, converged::Bool, n_matvec::Int64}}, stage::Symbol, history_Δρ::Vector{Float64}, history_Etot::Vector{Float64}, timedout::Bool, runtime_ns::UInt64, algorithm::String}, Model{Float64, Float64}, Float64, MonkhorstPack, var"#case#4"{Matrix{Float64}, Float64, MonkhorstPack, Vector{StaticArraysCore.SVector{3, Float64}}, Vector{ElementPsp{PspUpf{Float64, Interpolations.Extrapolation{Float64, 1, Interpolations.GriddedInterpolation{Float64, 1, Vector{Float64}, Interpolations.Gridded{Interpolations.Linear{Interpolations.Throw{Interpolations.OnGrid}}}, Tuple{Vector{Float64}}}, Interpolations.Gridded{Interpolations.Linear{Interpolations.Throw{Interpolations.OnGrid}}}, Interpolations.Throw{Nothing}}}}}, Float64, Float64, String}}, Float64}}(-3.4097419185927056e-8,2.9017234449389174e-8)
└ @ DFTK ~/.julia/packages/DFTK/n2IL4/src/terms/xc.jl:39
     3    -7.447792e+01     6.138559e-05
 * time: 679.3057689666748
┌ Warning: Negative ρcore detected: -3.4107862153875935e-8
└ @ DFTK ~/.julia/packages/DFTK/n2IL4/src/terms/xc.jl:39
n     Energy            log10(ΔE)   log10(Δρ)   Diag   Δtime
---   ---------------   ---------   ---------   ----   ------
  1   -74.47027582156                   -1.00    9.4    8.74s
  2   -74.47479466821       -2.34       -1.20    4.3    4.57s
  3   -74.47768083326       -2.54       -1.69    6.1    6.12s
  4   -74.47790692071       -3.65       -2.21    5.2    5.16s
  5   -74.47791681578       -5.00       -2.71    4.9    5.26s
  6   -74.47791889383       -5.68       -3.39    5.1    5.19s
  7   -74.47791894084       -7.33       -3.89    5.4    5.33s
  8   -74.47791894950       -8.06       -4.54    5.4    5.31s
  9   -74.47791894951      -11.09       -4.78    5.8    5.68s
 10   -74.47791894966       -9.82       -5.21    5.1    5.06s
 11   -74.47791894967      -10.77       -5.62    5.2    5.18s
 12   -74.47791894968      -11.61       -5.78    4.4    4.61s
 13   -74.47791894968      -11.80       -6.77    4.7    4.84s
 14   -74.47791894968   +  -12.89       -6.88    5.6    5.67s
 15   -74.47791894968      -13.25       -7.73    4.8    4.81s
┌ Warning: Negative ρcore detected: -3.4107862153875935e-8
└ @ DFTK ~/.julia/packages/DFTK/n2IL4/src/terms/xc.jl:39
n     Energy            log10(ΔE)   log10(Δρ)   Diag   Δtime
---   ---------------   ---------   ---------   ----   ------
  1   -74.47027625187                   -1.00    9.4    8.77s
  2   -74.47480574984       -2.34       -1.20    4.4    4.62s
  3   -74.47767949121       -2.54       -1.69    6.1    6.16s
  4   -74.47790709073       -3.64       -2.21    5.3    5.26s
  5   -74.47791669881       -5.02       -2.70    4.9    5.28s
  6   -74.47791889397       -5.66       -3.40    5.1    5.30s
  7   -74.47791893968       -7.34       -3.87    5.4    5.42s
  8   -74.47791894949       -8.01       -4.54    5.3    5.27s
  9   -74.47791894950      -10.77       -4.78    5.9    5.86s
 10   -74.47791894965       -9.82       -5.19    5.1    5.04s
 11   -74.47791894967      -10.68       -5.62    5.1    5.17s
 12   -74.47791894968      -11.60       -5.79    4.4    4.70s
 13   -74.47791894968      -11.87       -6.76    4.7    4.80s
 14   -74.47791894968   +  -13.00       -6.91    5.6    5.63s
 15   -74.47791894968      -13.25       -7.71    4.8    4.81s
┌ Warning: Negative ρcore detected: Dual{ForwardDiff.Tag{var"#19#21"{@NamedTuple{ham::Hamiltonian, basis::PlaneWaveBasis{Float64, Float64, DFTK.CPU, FFTGrid{Float64, Float64, Array{StaticArraysCore.SVector{3, Int64}, 3}, Array{StaticArraysCore.SVector{3, Float64}, 3}}, Vector{StaticArraysCore.SVector{3, Int64}}}, energies::Energies{Float64}, converged::Bool, occupation_threshold::Float64, ρ::Array{Float64, 4}, τ::Nothing, α::Float64, eigenvalues::Vector{Vector{Float64}}, occupation::Vector{Vector{Float64}}, εF::Float64, n_bands_converge::Int64, n_iter::Int64, n_matvec::Int64, ψ::Vector{Matrix{ComplexF64}}, diagonalization::Vector{@NamedTuple{λ::Vector{Vector{Float64}}, X::Vector{Matrix{ComplexF64}}, residual_norms::Vector{Vector{Float64}}, n_iter::Vector{Int64}, converged::Bool, n_matvec::Int64}}, stage::Symbol, history_Δρ::Vector{Float64}, history_Etot::Vector{Float64}, timedout::Bool, runtime_ns::UInt64, algorithm::String}, Model{Float64, Float64}, Float64, MonkhorstPack, var"#case#4"{Matrix{Float64}, Float64, MonkhorstPack, Vector{StaticArraysCore.SVector{3, Float64}}, Vector{ElementPsp{PspUpf{Float64, Interpolations.Extrapolation{Float64, 1, Interpolations.GriddedInterpolation{Float64, 1, Vector{Float64}, Interpolations.Gridded{Interpolations.Linear{Interpolations.Throw{Interpolations.OnGrid}}}, Tuple{Vector{Float64}}}, Interpolations.Gridded{Interpolations.Linear{Interpolations.Throw{Interpolations.OnGrid}}}, Interpolations.Throw{Nothing}}}}}, Float64, Float64, String}}, Float64}}(-3.4107862153875935e-8,2.7248557799291446e-8)
└ @ DFTK ~/.julia/packages/DFTK/n2IL4/src/terms/xc.jl:39
     4    -7.447792e+01     2.571670e-07
 * time: 900.233659029007
 * Status: success

 * Candidate solution
    Final objective value:     -7.447792e+01

 * Found with
    Algorithm:     L-BFGS

 * Convergence measures
    |x - x'|               = 3.71e-04 ≰ -1.0e+00
    |x - x'|/|x'|          = 6.63e-05 ≰ 0.0e+00
    |f(x) - f(x')|         = 1.14e-08 ≰ 1.0e-08
    |f(x) - f(x')|/|f(x')| = 1.54e-10 ≰ 0.0e+00
    |g(x)|                 = 2.57e-07 ≤ 1.0e-06

 * Work counters
    Seconds run:   900  (vs limit Inf)
    Iterations:    4
    f(x) calls:    5
    ∇f(x) calls:   5

V: 1026.040695 seconds (719.64 M allocations: 337.854 GiB, 5.99% gc time, 0.01% compilation time)
