┌ Info: Threading setup: 
│   Threads.nthreads() = 4
│   n_DFTK = 4
│   n_fft = 1
└   n_blas = 4
PlaneWaveBasis discretization:
    architecture         : DFTK.CPU()
    num. mpi processes   : 1
    num. julia threads   : 4
    num. DFTK  threads   : 4
    num. blas  threads   : 4
    num. fft   threads   : 1

    Ecut                 : 100.0 Ha
    fft_size             : (54, 54, 54), 157464 total points
    kgrid                : MonkhorstPack([8, 8, 8])
    num.   red. kpoints  : 512
    num. irred. kpoints  : 29

    Discretized Model(gga_x_pbe+gga_c_pbe, 3D):
        lattice (in Bohr)    : [-3.24564  , 3.24564   , 3.24564   ]
                               [3.24564   , -3.24564  , 3.24564   ]
                               [3.24564   , 3.24564   , -3.24564  ]
        unit cell volume     : 136.76 Bohr³
    
        atoms                : Li
        atom potentials      : ElementPsp(Li, "/home/schmitz/.julia/artifacts/f1bfd008ea139fa64ade84ec411dcd58686576e4/Li.gth")
    
        num. electrons       : 3
        spin polarization    : none
        temperature          : 0.00225 Ha
        smearing             : DFTK.Smearing.Gaussian()
    
        terms                : Kinetic()
                               AtomicLocal()
                               AtomicNonlocal()
                               Ewald(nothing)
                               PspCorrection()
                               Hartree()
                               Xc(gga_x_pbe, gga_c_pbe)
                               Entropy()n     Energy            log10(ΔE)   log10(Δρ)   Diag   Δtime
---   ---------------   ---------   ---------   ----   ------
  1   -7.452842872124                   -0.15    4.2    7.77s
  2   -7.470533486028       -1.75       -0.69    2.0    3.69s
  3   -7.472262693061       -2.76       -1.62    2.3    1.10s
  4   -7.472291810931       -4.54       -2.29    1.0    813ms
  5   -7.472296168838       -5.36       -3.19    1.8    953ms
  6   -7.472296269340       -7.00       -3.71    2.3    1.04s
  7   -7.472296275524       -8.21       -4.20    2.0    897ms
n     Energy            log10(ΔE)   log10(Δρ)   Diag   Δtime
---   ---------------   ---------   ---------   ----   ------
  1   -7.452748618104                   -0.15    4.2    1.54s
  2   -7.470628463139       -1.75       -0.69    2.0    1.05s
  3   -7.472341627233       -2.77       -1.62    2.3    1.10s
  4   -7.472369937812       -4.55       -2.29    1.0    883ms
  5   -7.472374302008       -5.36       -3.21    1.9    1.24s
  6   -7.472374405510       -6.99       -3.69    2.2    983ms
  7   -7.472374411836       -8.20       -4.18    2.1    1.06s
n     Energy            log10(ΔE)   log10(Δρ)   Diag   Δtime
---   ---------------   ---------   ---------   ----   ------
  1   -7.452631707331                   -0.15    4.1    1.26s
  2   -7.470691966244       -1.74       -0.69    2.0    997ms
  3   -7.472389693337       -2.77       -1.63    2.3    982ms
  4   -7.472417278553       -4.56       -2.29    1.0    758ms
  5   -7.472421638347       -5.36       -3.22    1.9    985ms
  6   -7.472421740192       -6.99       -3.69    2.3    1.09s
  7   -7.472421746586       -8.19       -4.16    2.0    1.09s
n     Energy            log10(ΔE)   log10(Δρ)   Diag   Δtime
---   ---------------   ---------   ---------   ----   ------
  1   -7.452488522095                   -0.15    4.1    1.30s
  2   -7.470725691376       -1.74       -0.69    2.0    963ms
  3   -7.472408206440       -2.77       -1.63    2.2    1.24s
  4   -7.472435146157       -4.57       -2.29    1.0    735ms
  5   -7.472439480599       -5.36       -3.24    1.9    1.00s
  6   -7.472439581558       -7.00       -3.69    2.3    1.05s
  7   -7.472439588062       -8.19       -4.14    2.1    868ms
n     Energy            log10(ΔE)   log10(Δρ)   Diag   Δtime
---   ---------------   ---------   ---------   ----   ------
  1   -7.452323603622                   -0.15    4.1    1.32s
  2   -7.470733065611       -1.73       -0.69    2.0    965ms
  3   -7.472401324473       -2.78       -1.63    2.3    1.04s
  4   -7.472427618766       -4.58       -2.29    1.0    761ms
  5   -7.472431965364       -5.36       -3.26    1.8    1.22s
  6   -7.472432063585       -7.01       -3.69    2.3    1.04s
  7   -7.472432070119       -8.18       -4.12    2.0    1.27s
n     Energy            log10(ΔE)   log10(Δρ)   Diag   Δtime
---   ---------------   ---------   ---------   ----   ------
  1   -7.452134609075                   -0.15    4.1    1.35s
  2   -7.470716393165       -1.73       -0.69    2.0    1.00s
  3   -7.472370486369       -2.78       -1.64    2.3    1.05s
  4   -7.472396194859       -4.59       -2.29    1.0    748ms
  5   -7.472400546242       -5.36       -3.27    1.9    929ms
  6   -7.472400643519       -7.01       -3.69    2.3    1.12s
  7   -7.472400650151       -8.18       -4.10    2.1    986ms
n     Energy            log10(ΔE)   log10(Δρ)   Diag   Δtime
---   ---------------   ---------   ---------   ----   ------
  1   -7.451925291026                   -0.15    4.2    1.75s
  2   -7.470678128287       -1.73       -0.69    2.0    1.03s
  3   -7.472318265862       -2.79       -1.64    2.4    1.20s
  4   -7.472343418682       -4.60       -2.28    1.0    1.08s
  5   -7.472347797943       -5.36       -3.29    1.9    1.33s
  6   -7.472347896406       -7.01       -3.68    2.3    1.15s
  7   -7.472347903230       -8.17       -4.07    2.2    901ms
