┌ Info: Threading setup: 
│   Threads.nthreads() = 4
│   n_DFTK = 4
│   n_fft = 1
└   n_blas = 4
PlaneWaveBasis discretization:
    architecture         : DFTK.CPU()
    num. mpi processes   : 1
    num. julia threads   : 4
    num. DFTK  threads   : 4
    num. blas  threads   : 4
    num. fft   threads   : 1

    Ecut                 : 180.0 Ha
    fft_size             : (72, 72, 72), 373248 total points
    kgrid                : MonkhorstPack([8, 8, 8])
    num.   red. kpoints  : 512
    num. irred. kpoints  : 29

    Discretized Model(gga_x_pbe+gga_c_pbe, 3D):
        lattice (in Bohr)    : [-3.24564  , 3.24564   , 3.24564   ]
                               [3.24564   , -3.24564  , 3.24564   ]
                               [3.24564   , 3.24564   , -3.24564  ]
        unit cell volume     : 136.76 Bohr³
    
        atoms                : Li
        atom potentials      : ElementPsp(Li, "/home/schmitz/.julia/artifacts/f1bfd008ea139fa64ade84ec411dcd58686576e4/Li.gth")
    
        num. electrons       : 3
        spin polarization    : none
        temperature          : 0.00225 Ha
        smearing             : DFTK.Smearing.Gaussian()
    
        terms                : Kinetic()
                               AtomicLocal()
                               AtomicNonlocal()
                               Ewald(nothing)
                               PspCorrection()
                               Hartree()
                               Xc(gga_x_pbe, gga_c_pbe)
                               Entropy()n     Energy            log10(ΔE)   log10(Δρ)   Diag   Δtime
---   ---------------   ---------   ---------   ----   ------
  1   -7.453225038003                   -0.14    4.2    9.08s
  2   -7.470894937632       -1.75       -0.69    2.0    4.52s
  3   -7.472622715472       -2.76       -1.62    2.4    2.33s
  4   -7.472652064564       -4.53       -2.29    1.0    1.73s
  5   -7.472656452662       -5.36       -3.18    2.1    2.14s
  6   -7.472656553342       -7.00       -3.71    2.3    2.22s
  7   -7.472656559220       -8.23       -4.21    2.3    2.02s
n     Energy            log10(ΔE)   log10(Δρ)   Diag   Δtime
---   ---------------   ---------   ---------   ----   ------
  1   -7.453133375436                   -0.15    4.2    2.86s
  2   -7.470989408877       -1.75       -0.69    2.0    2.16s
  3   -7.472701412421       -2.77       -1.62    2.4    2.28s
  4   -7.472729967765       -4.54       -2.29    1.0    1.76s
  5   -7.472734337531       -5.36       -3.20    2.0    2.03s
  6   -7.472734434755       -7.01       -3.71    2.3    2.30s
  7   -7.472734440608       -8.23       -4.20    2.1    2.00s
n     Energy            log10(ΔE)   log10(Δρ)   Diag   Δtime
---   ---------------   ---------   ---------   ----   ------
  1   -7.453016559149                   -0.15    4.3    3.06s
  2   -7.471052375080       -1.74       -0.69    2.0    2.25s
  3   -7.472749023178       -2.77       -1.63    2.4    2.32s
  4   -7.472776819790       -4.56       -2.29    1.0    1.67s
  5   -7.472781182498       -5.36       -3.22    2.0    1.96s
  6   -7.472781278990       -7.02       -3.71    2.3    2.29s
  7   -7.472781284897       -8.23       -4.20    2.2    2.00s
n     Energy            log10(ΔE)   log10(Δρ)   Diag   Δtime
---   ---------------   ---------   ---------   ----   ------
  1   -7.452869944858                   -0.15    4.2    2.90s
  2   -7.471086443922       -1.74       -0.69    2.0    2.19s
  3   -7.472768098153       -2.77       -1.63    2.4    2.30s
  4   -7.472795209551       -4.57       -2.29    1.0    1.70s
  5   -7.472799595549       -5.36       -3.23    2.1    2.04s
  6   -7.472799688290       -7.03       -3.71    2.3    3.29s
  7   -7.472799694258       -8.22       -4.20    2.2    2.17s
n     Energy            log10(ΔE)   log10(Δρ)   Diag   Δtime
---   ---------------   ---------   ---------   ----   ------
  1   -7.452703715369                   -0.15    4.3    3.07s
  2   -7.471094047930       -1.74       -0.69    2.0    2.05s
  3   -7.472761088046       -2.78       -1.63    2.4    2.36s
  4   -7.472787551918       -4.58       -2.29    1.0    1.68s
  5   -7.472791938414       -5.36       -3.25    2.1    1.97s
  6   -7.472792031658       -7.03       -3.71    2.4    2.30s
  7   -7.472792037710       -8.22       -4.18    2.2    2.05s
n     Energy            log10(ΔE)   log10(Δρ)   Diag   Δtime
---   ---------------   ---------   ---------   ----   ------
  1   -7.452515233868                   -0.15    4.2    2.93s
  2   -7.471077045256       -1.73       -0.69    2.0    2.18s
  3   -7.472730126062       -2.78       -1.64    2.4    2.27s
  4   -7.472755978870       -4.59       -2.29    1.0    1.66s
  5   -7.472760368789       -5.36       -3.27    2.1    2.01s
  6   -7.472760462975       -7.03       -3.71    2.4    2.30s
  7   -7.472760469169       -8.21       -4.17    2.2    2.06s
n     Energy            log10(ΔE)   log10(Δρ)   Diag   Δtime
---   ---------------   ---------   ---------   ----   ------
  1   -7.452312654716                   -0.15    4.3    3.08s
  2   -7.471040855507       -1.73       -0.69    2.0    2.21s
  3   -7.472677128450       -2.79       -1.64    2.4    2.33s
  4   -7.472702423080       -4.60       -2.28    1.0    1.55s
  5   -7.472706850449       -5.35       -3.28    2.1    2.15s
  6   -7.472706945802       -7.02       -3.71    2.4    2.61s
  7   -7.472706952061       -8.20       -4.17    2.3    2.58s
