┌ Info: Threading setup: 
│   Threads.nthreads() = 4
│   n_DFTK = 4
│   n_fft = 1
└   n_blas = 4
PlaneWaveBasis discretization:
    architecture         : DFTK.CPU()
    num. mpi processes   : 1
    num. julia threads   : 4
    num. DFTK  threads   : 4
    num. blas  threads   : 4
    num. fft   threads   : 1

    Ecut                 : 120.0 Ha
    fft_size             : (60, 60, 60), 216000 total points
    kgrid                : MonkhorstPack([20, 20, 20])
    num.   red. kpoints  : 8000
    num. irred. kpoints  : 256

    Discretized Model(gga_x_pbe+gga_c_pbe, 3D):
        lattice (in Bohr)    : [-3.24564  , 3.24564   , 3.24564   ]
                               [3.24564   , -3.24564  , 3.24564   ]
                               [3.24564   , 3.24564   , -3.24564  ]
        unit cell volume     : 136.76 Bohr³
    
        atoms                : Li
        atom potentials      : ElementPsp(Li, "/home/schmitz/.julia/artifacts/f1bfd008ea139fa64ade84ec411dcd58686576e4/Li.gth")
    
        num. electrons       : 3
        spin polarization    : none
        temperature          : 0.00225 Ha
        smearing             : DFTK.Smearing.Gaussian()
    
        terms                : Kinetic()
                               AtomicLocal()
                               AtomicNonlocal()
                               Ewald(nothing)
                               PspCorrection()
                               Hartree()
                               Xc(gga_x_pbe, gga_c_pbe)
                               Entropy()n     Energy            log10(ΔE)   log10(Δρ)   Diag   Δtime
---   ---------------   ---------   ---------   ----   ------
  1   -7.453511670568                   -0.15    2.7    16.9s
  2   -7.471298838388       -1.75       -0.69    2.0    11.8s
  3   -7.473020677701       -2.76       -1.62    2.3    10.0s
  4   -7.473049930329       -4.53       -2.29    1.0    6.08s
  5   -7.473054343504       -5.36       -3.22    1.9    7.87s
  6   -7.473054439034       -7.02       -3.70    2.3    8.59s
  7   -7.473054445684       -8.18       -4.12    2.3    8.83s
n     Energy            log10(ΔE)   log10(Δρ)   Diag   Δtime
---   ---------------   ---------   ---------   ----   ------
  1   -7.453410477837                   -0.15    2.6    10.0s
  2   -7.471386931430       -1.75       -0.69    2.0    8.65s
  3   -7.473092853571       -2.77       -1.63    2.4    9.73s
  4   -7.473121323434       -4.55       -2.29    1.0    5.57s
  5   -7.473125731356       -5.36       -3.24    1.9    7.93s
  6   -7.473125824712       -7.03       -3.70    2.3    8.39s
  7   -7.473125831329       -8.18       -4.07    2.3    8.30s
n     Energy            log10(ΔE)   log10(Δρ)   Diag   Δtime
---   ---------------   ---------   ---------   ----   ------
  1   -7.453287578640                   -0.15    2.6    9.16s
  2   -7.471443167216       -1.74       -0.69    2.0    8.82s
  3   -7.473134278897       -2.77       -1.63    2.4    9.18s
  4   -7.473161997668       -4.56       -2.29    1.0    6.56s
  5   -7.473166400202       -5.36       -3.25    1.9    8.78s
  6   -7.473166493634       -7.03       -3.70    2.3    8.61s
  7   -7.473166500212       -8.18       -4.04    2.3    8.53s
n     Energy            log10(ΔE)   log10(Δρ)   Diag   Δtime
---   ---------------   ---------   ---------   ----   ------
  1   -7.453141775082                   -0.15    2.6    9.48s
  2   -7.471470472140       -1.74       -0.69    2.0    9.35s
  3   -7.473147527650       -2.78       -1.63    2.3    9.53s
  4   -7.473174536680       -4.57       -2.28    1.0    5.51s
  5   -7.473178935359       -5.36       -3.27    1.9    7.73s
  6   -7.473179028148       -7.03       -3.70    2.3    8.44s
  7   -7.473179034697       -8.18       -4.01    2.3    8.09s
n     Energy            log10(ΔE)   log10(Δρ)   Diag   Δtime
---   ---------------   ---------   ---------   ----   ------
  1   -7.452969015512                   -0.15    2.6    8.92s
  2   -7.471471991344       -1.73       -0.69    2.0    7.91s
  3   -7.473134893444       -2.78       -1.64    2.3    9.33s
  4   -7.473161268995       -4.58       -2.28    1.0    5.77s
  5   -7.473165676283       -5.36       -3.28    1.9    7.89s
  6   -7.473165767995       -7.04       -3.70    2.3    8.71s
  7   -7.473165774506       -8.19       -3.99    2.3    9.47s
  8   -7.473165774713       -9.69       -4.61    1.0    5.46s
n     Energy            log10(ΔE)   log10(Δρ)   Diag   Δtime
---   ---------------   ---------   ---------   ----   ------
  1   -7.452769463703                   -0.15    2.6    10.3s
  2   -7.471450656647       -1.73       -0.69    2.0    8.99s
  3   -7.473098582676       -2.78       -1.64    2.3    9.69s
  4   -7.473124329996       -4.59       -2.28    1.0    5.81s
  5   -7.473128738995       -5.36       -3.29    1.9    8.14s
  6   -7.473128831126       -7.04       -3.71    2.3    9.47s
  7   -7.473128837604       -8.19       -3.97    2.3    9.07s
  8   -7.473128837821       -9.66       -4.60    1.0    5.06s
n     Energy            log10(ΔE)   log10(Δρ)   Diag   Δtime
---   ---------------   ---------   ---------   ----   ------
  1   -7.452563284675                   -0.15    2.6    9.35s
  2   -7.471405315355       -1.72       -0.69    2.0    9.37s
  3   -7.473040509793       -2.79       -1.64    2.3    9.23s
  4   -7.473065670678       -4.60       -2.28    1.0    5.60s
  5   -7.473070074350       -5.36       -3.30    1.9    8.74s
  6   -7.473070167290       -7.03       -3.71    2.3    9.68s
  7   -7.473070173710       -8.19       -3.95    2.2    9.31s
  8   -7.473070173949       -9.62       -4.60    1.0    5.88s
