┌ Info: Threading setup: 
│   Threads.nthreads() = 1
│   n_DFTK = 1
│   n_fft = 1
└   n_blas = 1
┌ Info: 2025-05-12T19:44:09.864
│   name = "Si"
│   Ecut = 18.0
│   kgrid = MonkhorstPack([14, 14, 14])
│   p0 = ComponentVector{Float64}(a = 10.347246312603742)
│   temperature = 0.001
└   smearing = DFTK.Smearing.Gaussian()
n     Energy            log10(ΔE)   log10(Δρ)   Diag   Δtime
---   ---------------   ---------   ---------   ----   ------
  1   -8.460335365978                   -0.96    6.9    11.6s
  2   -8.461923433379       -2.80       -1.73    1.8    4.83s
  3   -8.462002308430       -4.10       -2.74    3.8    1.91s
  4   -8.462005419318       -5.51       -3.56    4.9    1.83s
  5   -8.462005539568       -6.92       -4.41    4.9    2.03s
  6   -8.462005543849       -8.37       -5.33    5.2    2.16s
  7   -8.462005543885      -10.44       -6.51    4.8    1.78s
  8   -8.462005543885      -12.65       -7.28    4.8    2.06s
Iter     Function value   Gradient norm 
     0    -8.462006e+00     1.171675e-04
 * time: 4.38690185546875e-5
n     Energy            log10(ΔE)   log10(Δρ)   Diag   Δtime
---   ---------------   ---------   ---------   ----   ------
  1   -8.460334251535                   -0.96    7.1    2.54s
  2   -8.461922674085       -2.80       -1.73    1.8    1.36s
  3   -8.462002249599       -4.10       -2.74    3.8    1.62s
  4   -8.462005430131       -5.50       -3.56    4.8    2.08s
  5   -8.462005552685       -6.91       -4.41    5.0    1.76s
  6   -8.462005557106       -8.35       -5.33    5.2    2.14s
  7   -8.462005557141      -10.45       -6.44    4.7    1.72s
  8   -8.462005557141      -12.55       -7.30    4.8    2.12s
n     Energy            log10(ΔE)   log10(Δρ)   Diag   Δtime
---   ---------------   ---------   ---------   ----   ------
  1   -8.460332326833                   -0.96    6.9    2.44s
  2   -8.461920472050       -2.80       -1.73    1.8    1.36s
  3   -8.462002587729       -4.09       -2.74    3.7    1.60s
  4   -8.462005433044       -5.55       -3.58    4.8    2.09s
  5   -8.462005552289       -6.92       -4.37    4.9    1.80s
  6   -8.462005557097       -8.32       -5.31    5.1    2.09s
  7   -8.462005557141      -10.36       -6.24    4.6    1.79s
  8   -8.462005557141      -12.50       -7.02    4.2    1.90s
     1    -8.462006e+00     1.091310e-04
 * time: 44.98511099815369
n     Energy            log10(ΔE)   log10(Δρ)   Diag   Δtime
---   ---------------   ---------   ---------   ----   ------
  1   -8.460336950063                   -0.96    7.1    3.01s
  2   -8.461921729258       -2.80       -1.73    1.9    1.40s
  3   -8.462002562859       -4.09       -2.74    3.9    2.20s
  4   -8.462005520958       -5.53       -3.57    4.8    2.08s
  5   -8.462005639408       -6.93       -4.40    5.0    1.76s
  6   -8.462005643879       -8.35       -5.33    5.3    2.09s
  7   -8.462005643918      -10.41       -6.36    4.6    1.75s
  8   -8.462005643918      -12.55       -7.12    4.6    1.99s
n     Energy            log10(ΔE)   log10(Δρ)   Diag   Δtime
---   ---------------   ---------   ---------   ----   ------
  1   -8.460334321679                   -0.96    7.2    2.53s
  2   -8.461919783785       -2.80       -1.73    1.9    1.38s
  3   -8.462002474676       -4.08       -2.74    3.9    1.90s
  4   -8.462005517287       -5.52       -3.57    4.9    1.82s
  5   -8.462005639231       -6.91       -4.39    5.0    2.03s
  6   -8.462005643875       -8.33       -5.32    5.1    1.84s
  7   -8.462005643917      -10.37       -6.30    4.8    2.04s
  8   -8.462005643918      -12.46       -7.10    4.9    1.77s
     2    -8.462006e+00     2.333249e-09
 * time: 89.08591198921204
 * Status: success

 * Candidate solution
    Final objective value:     -8.462006e+00

 * Found with
    Algorithm:     L-BFGS

 * Convergence measures
    |x - x'|               = 1.59e-03 ≰ -1.0e+00
    |x - x'|/|x'|          = 1.54e-04 ≰ 0.0e+00
    |f(x) - f(x')|         = 8.68e-08 ≰ 1.0e-08
    |f(x) - f(x')|/|f(x')| = 1.03e-08 ≰ 0.0e+00
    |g(x)|                 = 2.33e-09 ≤ 1.0e-06

 * Work counters
    Seconds run:   89  (vs limit Inf)
    Iterations:    2
    f(x) calls:    3
    ∇f(x) calls:   3

Si: 166.094342 seconds (251.27 M allocations: 44.918 GiB, 6.87% gc time, 32.68% compilation time: <1% of which was recompilation)
┌ Info: 2025-05-12T19:46:56.635
│   name = "NaCl"
│   Ecut = 44.0
│   kgrid = MonkhorstPack([13, 13, 13])
│   p0 = ComponentVector{Float64}(a = 10.746130571470083)
│   temperature = 0
└   smearing = DFTK.Smearing.None()
n     Energy            log10(ΔE)   log10(Δρ)   Diag   Δtime
---   ---------------   ---------   ---------   ----   ------
  1   -62.27519018035                   -1.11    8.5    19.6s
  2   -62.28113680278       -2.23       -1.21    2.7    7.89s
  3   -62.28521121568       -2.39       -2.03    3.7    9.67s
  4   -62.28526311941       -4.28       -2.87    3.0    8.84s
  5   -62.28526403014       -6.04       -3.50    4.0    10.8s
  6   -62.28526428232       -6.60       -4.06    3.7    10.6s
  7   -62.28526428848       -8.21       -4.67    3.6    10.8s
  8   -62.28526428880       -9.49       -6.06    3.8    11.0s
  9   -62.28526428880      -11.39       -6.91    4.7    13.2s
 10   -62.28526428880   +  -13.55       -7.76    3.5    10.3s
Iter     Function value   Gradient norm 
     0    -6.228526e+01     6.378547e-03
 * time: 3.695487976074219e-5
n     Energy            log10(ΔE)   log10(Δρ)   Diag   Δtime
---   ---------------   ---------   ---------   ----   ------
  1   -62.27520692392                   -1.11    8.2    18.3s
  2   -62.28115792430       -2.23       -1.21    2.6    8.73s
  3   -62.28525097913       -2.39       -2.03    3.8    10.9s
  4   -62.28530337614       -4.28       -2.87    3.0    8.28s
  5   -62.28530428439       -6.04       -3.51    3.9    10.3s
  6   -62.28530453581       -6.60       -4.07    3.6    9.74s
  7   -62.28530454195       -8.21       -4.68    3.6    9.62s
  8   -62.28530454226       -9.50       -6.11    3.8    10.0s
  9   -62.28530454227      -11.34       -6.83    4.8    14.2s
 10   -62.28530454227      -13.37       -7.76    3.5    10.7s
n     Energy            log10(ΔE)   log10(Δρ)   Diag   Δtime
---   ---------------   ---------   ---------   ----   ------
  1   -62.27520889375                   -1.11    8.1    17.4s
  2   -62.28118214138       -2.22       -1.21    2.6    6.92s
  3   -62.28525008219       -2.39       -2.02    3.7    8.59s
  4   -62.28530326177       -4.27       -2.84    3.1    8.98s
  5   -62.28530424113       -6.01       -3.41    3.9    11.1s
  6   -62.28530453414       -6.53       -3.99    3.5    10.4s
  7   -62.28530454180       -8.12       -4.57    3.7    11.2s
  8   -62.28530454226       -9.33       -6.00    3.6    9.51s
  9   -62.28530454227      -11.15       -6.60    4.8    12.0s
 10   -62.28530454227      -13.03       -7.70    3.6    9.33s
     1    -6.228530e+01     6.243095e-03
 * time: 249.49162006378174
n     Energy            log10(ΔE)   log10(Δρ)   Diag   Δtime
---   ---------------   ---------   ---------   ----   ------
  1   -62.27490150111                   -1.10    8.7    18.2s
  2   -62.28110174473       -2.21       -1.18    2.7    7.54s
  3   -62.28623241376       -2.29       -1.99    3.5    9.40s
  4   -62.28629977370       -4.17       -2.87    2.8    8.25s
  5   -62.28630073056       -6.02       -3.49    3.9    10.9s
  6   -62.28630102706       -6.53       -4.07    3.6    11.2s
  7   -62.28630103385       -8.17       -4.65    3.6    10.4s
  8   -62.28630103420       -9.46       -6.12    3.7    10.0s
  9   -62.28630103421      -11.11       -6.39    4.9    13.1s
 10   -62.28630103421      -12.69       -7.66    3.5    9.55s
n     Energy            log10(ΔE)   log10(Δρ)   Diag   Δtime
---   ---------------   ---------   ---------   ----   ------
  1   -62.27489957918                   -1.10    8.6    18.5s
  2   -62.28112860152       -2.21       -1.18    2.6    8.07s
  3   -62.28623132400       -2.29       -1.98    3.5    9.86s
  4   -62.28629964328       -4.17       -2.84    2.7    7.98s
  5   -62.28630069649       -5.98       -3.42    3.8    10.6s
  6   -62.28630102533       -6.48       -3.99    3.5    9.82s
  7   -62.28630103363       -8.08       -4.53    3.7    10.3s
  8   -62.28630103420       -9.25       -5.99    3.6    10.1s
  9   -62.28630103421      -10.88       -6.47    4.7    12.8s
 10   -62.28630103421      -13.37       -7.64    3.5    9.68s
     2    -6.228630e+01     7.987661e-04
 * time: 505.76984310150146
n     Energy            log10(ΔE)   log10(Δρ)   Diag   Δtime
---   ---------------   ---------   ---------   ----   ------
  1   -62.27470889489                   -1.10    9.1    18.5s
  2   -62.28093282732       -2.21       -1.17    2.7    7.84s
  3   -62.28624954846       -2.27       -1.98    3.5    9.05s
  4   -62.28631942037       -4.16       -2.89    2.7    7.76s
  5   -62.28632044068       -5.99       -3.53    3.9    10.6s
  6   -62.28632072096       -6.55       -4.12    3.5    9.36s
  7   -62.28632072781       -8.16       -4.68    3.5    9.85s
  8   -62.28632072814       -9.49       -6.09    3.6    10.0s
  9   -62.28632072814      -11.02       -6.51    4.8    11.9s
 10   -62.28632072814      -12.89       -7.74    3.5    9.34s
n     Energy            log10(ΔE)   log10(Δρ)   Diag   Δtime
---   ---------------   ---------   ---------   ----   ------
  1   -62.27470851423                   -1.10    9.0    18.7s
  2   -62.28097864254       -2.20       -1.17    2.6    7.37s
  3   -62.28624797768       -2.28       -1.98    3.7    9.40s
  4   -62.28631935151       -4.15       -2.86    2.5    7.64s
  5   -62.28632040869       -5.98       -3.47    3.9    10.6s
  6   -62.28632071976       -6.51       -4.04    3.5    9.71s
  7   -62.28632072764       -8.10       -4.58    3.6    10.0s
  8   -62.28632072813       -9.30       -6.03    3.4    9.32s
  9   -62.28632072814      -10.93       -6.49    4.8    12.3s
 10   -62.28632072814      -13.07       -7.72    3.5    9.55s
     3    -6.228632e+01     1.189771e-04
 * time: 749.7944829463959
n     Energy            log10(ΔE)   log10(Δρ)   Diag   Δtime
---   ---------------   ---------   ---------   ----   ------
  1   -62.27466527907                   -1.10    8.4    17.1s
  2   -62.28097050160       -2.20       -1.17    2.6    7.01s
  3   -62.28624643810       -2.28       -1.97    3.7    9.10s
  4   -62.28631976851       -4.13       -2.81    2.7    7.66s
  5   -62.28632082277       -5.98       -3.39    3.6    9.69s
  6   -62.28632117777       -6.45       -3.98    3.5    9.19s
  7   -62.28632118687       -8.04       -4.59    3.7    9.83s
  8   -62.28632118731       -9.35       -5.97    3.7    9.58s
  9   -62.28632118732      -10.92       -6.47    4.7    11.6s
 10   -62.28632118732      -13.45       -7.65    3.4    8.97s
n     Energy            log10(ΔE)   log10(Δρ)   Diag   Δtime
---   ---------------   ---------   ---------   ----   ------
  1   -62.27466739201                   -1.10    8.5    16.8s
  2   -62.28097370679       -2.20       -1.17    2.7    7.14s
  3   -62.28624708460       -2.28       -1.97    3.5    8.78s
  4   -62.28631974212       -4.14       -2.83    2.7    7.48s
  5   -62.28632083437       -5.96       -3.40    3.8    10.1s
  6   -62.28632117722       -6.46       -3.96    3.5    9.28s
  7   -62.28632118663       -8.03       -4.51    3.5    9.58s
  8   -62.28632118731       -9.17       -5.93    3.5    9.60s
  9   -62.28632118732      -10.80       -6.32    4.7    11.6s
 10   -62.28632118732      -12.97       -7.50    3.2    8.80s
     4    -6.228632e+01     2.786955e-06
 * time: 981.0215439796448
n     Energy            log10(ΔE)   log10(Δρ)   Diag   Δtime
---   ---------------   ---------   ---------   ----   ------
  1   -62.27466424487                   -1.10    8.4    16.8s
  2   -62.28093677681       -2.20       -1.17    2.8    7.51s
  3   -62.28624845124       -2.27       -1.98    3.6    8.66s
  4   -62.28631988632       -4.15       -2.85    2.7    7.44s
  5   -62.28632086197       -6.01       -3.46    3.8    9.93s
  6   -62.28632117966       -6.50       -4.04    3.5    9.14s
  7   -62.28632118716       -8.12       -4.62    3.7    9.82s
  8   -62.28632118757       -9.39       -6.03    3.6    9.45s
  9   -62.28632118758      -10.98       -6.54    4.8    12.0s
 10   -62.28632118758      -13.85       -7.70    3.3    8.99s
n     Energy            log10(ΔE)   log10(Δρ)   Diag   Δtime
---   ---------------   ---------   ---------   ----   ------
  1   -62.27466452666                   -1.10    8.5    16.7s
  2   -62.28094672916       -2.20       -1.17    2.8    7.14s
  3   -62.28624810320       -2.28       -1.98    3.6    8.96s
  4   -62.28631983390       -4.14       -2.85    2.6    7.35s
  5   -62.28632086123       -5.99       -3.45    3.8    10.0s
  6   -62.28632117915       -6.50       -4.01    3.4    9.05s
  7   -62.28632118706       -8.10       -4.56    3.6    9.75s
  8   -62.28632118757       -9.30       -5.99    3.5    9.25s
  9   -62.28632118758      -10.90       -6.46    4.8    11.9s
 10   -62.28632118758      -13.30       -7.64    3.4    9.12s
     5    -6.228632e+01     1.236154e-08
 * time: 1210.9390070438385
 * Status: success

 * Candidate solution
    Final objective value:     -6.228632e+01

 * Found with
    Algorithm:     L-BFGS

 * Convergence measures
    |x - x'|               = 1.81e-04 ≰ -1.0e+00
    |x - x'|/|x'|          = 1.63e-05 ≰ 0.0e+00
    |f(x) - f(x')|         = 2.56e-10 ≤ 1.0e-08
    |f(x) - f(x')|/|f(x')| = 4.11e-12 ≰ 0.0e+00
    |g(x)|                 = 1.24e-08 ≤ 1.0e-06

 * Work counters
    Seconds run:   1211  (vs limit Inf)
    Iterations:    5
    f(x) calls:    6
    ∇f(x) calls:   6

NaCl: 1351.079116 seconds (1.42 G allocations: 399.772 GiB, 5.23% gc time, 0.23% compilation time)
┌ Info: 2025-05-12T20:09:27.742
│   name = "Al"
│   Ecut = 20.0
│   kgrid = MonkhorstPack([18, 18, 18])
│   p0 = ComponentVector{Float64}(a = 7.641925528121933)
│   temperature = 0.001
└   smearing = DFTK.Smearing.Gaussian()
n     Energy            log10(ΔE)   log10(Δρ)   Diag   Δtime
---   ---------------   ---------   ---------   ----   ------
  1   -2.316938502334                   -1.46    5.5    1.67s
  2   -2.317014431874       -4.12       -1.84    1.4    763ms
  3   -2.317032328055       -4.75       -3.57    3.2    1.17s
  4   -2.317032512862       -6.73       -4.10    4.6    1.80s
  5   -2.317032513322       -9.34       -4.41    2.4    959ms
  6   -2.317032513445       -9.91       -5.01    2.6    1.25s
  7   -2.317032513449      -11.42       -5.73    2.5    967ms
  8   -2.317032513449      -12.83       -6.51    2.7    1.04s
  9   -2.317032513449      -14.24       -7.13    2.5    1.26s
Iter     Function value   Gradient norm 
     0    -2.317033e+00     4.925117e-04
 * time: 3.3855438232421875e-5
n     Energy            log10(ΔE)   log10(Δρ)   Diag   Δtime
---   ---------------   ---------   ---------   ----   ------
  1   -2.316944069236                   -1.46    5.5    1.94s
  2   -2.317015615543       -4.15       -1.84    1.3    723ms
  3   -2.317032552246       -4.77       -3.56    3.2    1.42s
  4   -2.317032750445       -6.70       -4.07    4.6    1.56s
  5   -2.317032750975       -9.28       -4.39    2.4    1.20s
  6   -2.317032751105       -9.89       -5.00    2.7    1.02s
  7   -2.317032751109      -11.38       -5.70    2.3    1.20s
  8   -2.317032751109      -12.74       -6.61    2.7    1.04s
  9   -2.317032751109      -14.40       -7.20    3.0    1.34s
n     Energy            log10(ΔE)   log10(Δρ)   Diag   Δtime
---   ---------------   ---------   ---------   ----   ------
  1   -2.316937804073                   -1.46    5.4    1.85s
  2   -2.317015004878       -4.11       -1.84    1.3    708ms
  3   -2.317032508615       -4.76       -3.58    3.1    1.44s
  4   -2.317032750496       -6.62       -4.09    4.6    1.55s
  5   -2.317032750980       -9.31       -4.40    2.4    1.21s
  6   -2.317032751105       -9.91       -5.01    2.6    991ms
  7   -2.317032751109      -11.37       -5.71    2.3    1.16s
  8   -2.317032751109      -12.76       -6.61    2.6    995ms
  9   -2.317032751109      -14.18       -7.19    3.0    1.33s
     1    -2.317033e+00     4.725798e-04
 * time: 50.56536889076233
n     Energy            log10(ΔE)   log10(Δρ)   Diag   Δtime
---   ---------------   ---------   ---------   ----   ------
  1   -2.316944990227                   -1.46    5.5    1.90s
  2   -2.317018730352       -4.13       -1.84    1.4    735ms
  3   -2.317035302622       -4.78       -3.57    3.3    1.45s
  4   -2.317035527362       -6.65       -4.04    4.5    1.61s
  5   -2.317035527940       -9.24       -4.36    2.5    1.21s
  6   -2.317035528094       -9.81       -4.95    2.8    1.04s
  7   -2.317035528099      -11.30       -5.60    2.4    1.18s
  8   -2.317035528100      -12.58       -6.51    2.7    1.03s
  9   -2.317035528100      -13.99       -7.01    3.0    1.35s
n     Energy            log10(ΔE)   log10(Δρ)   Diag   Δtime
---   ---------------   ---------   ---------   ----   ------
  1   -2.316944486525                   -1.46    5.6    1.94s
  2   -2.317018638489       -4.13       -1.84    1.4    724ms
  3   -2.317035300266       -4.78       -3.56    3.2    1.46s
  4   -2.317035527380       -6.64       -4.05    4.6    1.56s
  5   -2.317035527941       -9.25       -4.37    2.4    1.22s
  6   -2.317035528094       -9.81       -4.96    2.8    1.03s
  7   -2.317035528099      -11.31       -5.61    2.4    1.19s
  8   -2.317035528100      -12.60       -6.49    2.5    977ms
  9   -2.317035528100      -14.24       -7.18    2.9    1.32s
     2    -2.317036e+00     4.033557e-06
 * time: 101.33846092224121
n     Energy            log10(ΔE)   log10(Δρ)   Diag   Δtime
---   ---------------   ---------   ---------   ----   ------
  1   -2.316943201394                   -1.46    5.6    1.96s
  2   -2.317018524094       -4.12       -1.84    1.4    741ms
  3   -2.317035268978       -4.78       -3.58    3.3    1.49s
  4   -2.317035527639       -6.59       -4.07    4.6    1.57s
  5   -2.317035528157       -9.29       -4.38    2.5    1.24s
  6   -2.317035528299       -9.85       -4.98    2.7    1.04s
  7   -2.317035528303      -11.32       -5.61    2.5    1.24s
  8   -2.317035528304      -12.58       -6.54    2.6    1.01s
  9   -2.317035528304      -13.95       -6.96    3.1    1.38s
 10   -2.317035528304   +    -Inf       -7.44    1.7    781ms
n     Energy            log10(ΔE)   log10(Δρ)   Diag   Δtime
---   ---------------   ---------   ---------   ----   ------
  1   -2.316941996607                   -1.46    5.5    1.89s
  2   -2.317018306855       -4.12       -1.84    1.4    721ms
  3   -2.317035257767       -4.77       -3.56    3.2    1.43s
  4   -2.317035527557       -6.57       -4.04    4.6    1.56s
  5   -2.317035528142       -9.23       -4.36    2.5    1.25s
  6   -2.317035528299       -9.80       -4.96    2.8    1.05s
  7   -2.317035528303      -11.35       -5.61    2.3    1.16s
  8   -2.317035528304      -12.61       -6.57    2.6    984ms
  9   -2.317035528304      -14.10       -7.14    3.2    1.39s
     3    -2.317036e+00     1.796404e-08
 * time: 153.31247997283936
 * Status: success

 * Candidate solution
    Final objective value:     -2.317036e+00

 * Found with
    Algorithm:     L-BFGS

 * Convergence measures
    |x - x'|               = 1.01e-04 ≰ -1.0e+00
    |x - x'|/|x'|          = 1.32e-05 ≰ 0.0e+00
    |f(x) - f(x')|         = 2.04e-10 ≤ 1.0e-08
    |f(x) - f(x')|/|f(x')| = 8.80e-11 ≰ 0.0e+00
    |g(x)|                 = 1.80e-08 ≤ 1.0e-06

 * Work counters
    Seconds run:   153  (vs limit Inf)
    Iterations:    3
    f(x) calls:    4
    ∇f(x) calls:   4

Al: 183.442456 seconds (158.84 M allocations: 37.775 GiB, 5.99% gc time, 0.00% compilation time)
┌ Info: 2025-05-12T20:12:31.185
│   name = "V"
│   Ecut = 42.0
│   kgrid = MonkhorstPack([20, 20, 20])
│   p0 = ComponentVector{Float64}(a = 5.699267600684394)
│   temperature = 0.001
└   smearing = DFTK.Smearing.Gaussian()
┌ Warning: Negative ρcore detected: -3.4151886922104144e-8
└ @ DFTK ~/.julia/packages/DFTK/n2IL4/src/terms/xc.jl:39
n     Energy            log10(ΔE)   log10(Δρ)   Diag   Δtime
---   ---------------   ---------   ---------   ----   ------
  1   -73.79573849099                   -0.90    9.5    8.66s
  2   -73.80500444068       -2.03       -1.11    5.3    5.08s
  3   -73.81057578023       -2.25       -1.46    6.8    6.64s
  4   -73.81138901806       -3.09       -1.81    5.6    5.31s
  5   -73.81152463442       -3.87       -2.22    5.0    5.39s
  6   -73.81154659565       -4.66       -3.08    5.5    5.49s
  7   -73.81154661683       -7.67       -3.48    4.8    4.95s
  8   -73.81154662063       -8.42       -4.06    3.6    4.16s
  9   -73.81154662089       -9.58       -4.48    4.2    4.59s
 10   -73.81154662091      -10.62       -4.81    4.0    4.27s
 11   -73.81154662093      -10.74       -5.61    4.8    4.90s
 12   -73.81154662093      -11.81       -6.37    4.8    5.24s
 13   -73.81154662093   +    -Inf       -6.76    5.3    5.34s
 14   -73.81154662093      -13.55       -7.09    5.4    5.24s
┌ Warning: Negative ρcore detected: Dual{ForwardDiff.Tag{var"#19#21"{@NamedTuple{ham::Hamiltonian, basis::PlaneWaveBasis{Float64, Float64, DFTK.CPU, FFTGrid{Float64, Float64, Array{StaticArraysCore.SVector{3, Int64}, 3}, Array{StaticArraysCore.SVector{3, Float64}, 3}}, Vector{StaticArraysCore.SVector{3, Int64}}}, energies::Energies{Float64}, converged::Bool, occupation_threshold::Float64, ρ::Array{Float64, 4}, τ::Nothing, α::Float64, eigenvalues::Vector{Vector{Float64}}, occupation::Vector{Vector{Float64}}, εF::Float64, n_bands_converge::Int64, n_iter::Int64, n_matvec::Int64, ψ::Vector{Matrix{ComplexF64}}, diagonalization::Vector{@NamedTuple{λ::Vector{Vector{Float64}}, X::Vector{Matrix{ComplexF64}}, residual_norms::Vector{Vector{Float64}}, n_iter::Vector{Int64}, converged::Bool, n_matvec::Int64}}, stage::Symbol, history_Δρ::Vector{Float64}, history_Etot::Vector{Float64}, timedout::Bool, runtime_ns::UInt64, algorithm::String}, Model{Float64, Float64}, Float64, MonkhorstPack, var"#case#4"{Matrix{Float64}, Float64, MonkhorstPack, Vector{StaticArraysCore.SVector{3, Float64}}, Vector{ElementPsp{PspUpf{Float64, Interpolations.Extrapolation{Float64, 1, Interpolations.GriddedInterpolation{Float64, 1, Vector{Float64}, Interpolations.Gridded{Interpolations.Linear{Interpolations.Throw{Interpolations.OnGrid}}}, Tuple{Vector{Float64}}}, Interpolations.Gridded{Interpolations.Linear{Interpolations.Throw{Interpolations.OnGrid}}}, Interpolations.Throw{Nothing}}}}}, Float64, Float64, String}}, Float64}}(-3.4151886922104144e-8,-1.2413273474001241e-8)
└ @ DFTK ~/.julia/packages/DFTK/n2IL4/src/terms/xc.jl:39
Iter     Function value   Gradient norm 
     0    -7.381155e+01     2.698390e-04
 * time: 3.0040740966796875e-5
┌ Warning: Negative ρcore detected: -3.4155084337916857e-8
└ @ DFTK ~/.julia/packages/DFTK/n2IL4/src/terms/xc.jl:39
n     Energy            log10(ΔE)   log10(Δρ)   Diag   Δtime
---   ---------------   ---------   ---------   ----   ------
  1   -73.79572497449                   -0.90    9.6    8.69s
  2   -73.80500623448       -2.03       -1.11    5.2    5.04s
  3   -73.81057724977       -2.25       -1.47    6.8    6.55s
  4   -73.81138864514       -3.09       -1.81    5.6    5.36s
  5   -73.81152469749       -3.87       -2.22    4.9    5.28s
  6   -73.81154666314       -4.66       -3.08    5.5    5.48s
  7   -73.81154668416       -7.68       -3.47    4.7    4.95s
  8   -73.81154668793       -8.42       -4.04    3.6    4.37s
  9   -73.81154668822       -9.54       -4.50    4.1    4.61s
 10   -73.81154668824      -10.55       -4.82    4.4    4.55s
 11   -73.81154668826      -10.73       -5.62    4.7    4.75s
 12   -73.81154668826      -11.92       -6.36    4.7    5.05s
 13   -73.81154668826      -13.85       -6.75    5.2    5.27s
 14   -73.81154668826   +  -13.37       -7.07    5.3    5.16s
┌ Warning: Negative ρcore detected: -3.4155084337916857e-8
└ @ DFTK ~/.julia/packages/DFTK/n2IL4/src/terms/xc.jl:39
n     Energy            log10(ΔE)   log10(Δρ)   Diag   Δtime
---   ---------------   ---------   ---------   ----   ------
  1   -73.79573585577                   -0.90    9.5    8.59s
  2   -73.80501817875       -2.03       -1.11    5.3    5.04s
  3   -73.81057573017       -2.26       -1.46    6.7    6.51s
  4   -73.81138843154       -3.09       -1.80    5.5    5.20s
  5   -73.81152486937       -3.87       -2.23    5.0    5.26s
  6   -73.81154666380       -4.66       -3.08    5.5    5.47s
  7   -73.81154668394       -7.70       -3.47    4.6    4.84s
  8   -73.81154668790       -8.40       -4.03    3.5    4.07s
  9   -73.81154668821       -9.50       -4.50    4.4    4.69s
 10   -73.81154668824      -10.51       -4.82    4.5    4.91s
 11   -73.81154668826      -10.73       -5.64    4.7    4.77s
 12   -73.81154668826      -11.93       -6.37    4.8    5.01s
 13   -73.81154668826      -13.85       -6.74    5.2    5.19s
 14   -73.81154668826   +  -13.37       -7.08    5.4    5.13s
┌ Warning: Negative ρcore detected: Dual{ForwardDiff.Tag{var"#19#21"{@NamedTuple{ham::Hamiltonian, basis::PlaneWaveBasis{Float64, Float64, DFTK.CPU, FFTGrid{Float64, Float64, Array{StaticArraysCore.SVector{3, Int64}, 3}, Array{StaticArraysCore.SVector{3, Float64}, 3}}, Vector{StaticArraysCore.SVector{3, Int64}}}, energies::Energies{Float64}, converged::Bool, occupation_threshold::Float64, ρ::Array{Float64, 4}, τ::Nothing, α::Float64, eigenvalues::Vector{Vector{Float64}}, occupation::Vector{Vector{Float64}}, εF::Float64, n_bands_converge::Int64, n_iter::Int64, n_matvec::Int64, ψ::Vector{Matrix{ComplexF64}}, diagonalization::Vector{@NamedTuple{λ::Vector{Vector{Float64}}, X::Vector{Matrix{ComplexF64}}, residual_norms::Vector{Vector{Float64}}, n_iter::Vector{Int64}, converged::Bool, n_matvec::Int64}}, stage::Symbol, history_Δρ::Vector{Float64}, history_Etot::Vector{Float64}, timedout::Bool, runtime_ns::UInt64, algorithm::String}, Model{Float64, Float64}, Float64, MonkhorstPack, var"#case#4"{Matrix{Float64}, Float64, MonkhorstPack, Vector{StaticArraysCore.SVector{3, Float64}}, Vector{ElementPsp{PspUpf{Float64, Interpolations.Extrapolation{Float64, 1, Interpolations.GriddedInterpolation{Float64, 1, Vector{Float64}, Interpolations.Gridded{Interpolations.Linear{Interpolations.Throw{Interpolations.OnGrid}}}, Tuple{Vector{Float64}}}, Interpolations.Gridded{Interpolations.Linear{Interpolations.Throw{Interpolations.OnGrid}}}, Interpolations.Throw{Nothing}}}}}, Float64, Float64, String}}, Float64}}(-3.4155084337916857e-8,-1.1285717321020496e-8)
└ @ DFTK ~/.julia/packages/DFTK/n2IL4/src/terms/xc.jl:39
     1    -7.381155e+01     2.289167e-04
 * time: 207.94009113311768
┌ Warning: Negative ρcore detected: -3.416738203016857e-8
└ @ DFTK ~/.julia/packages/DFTK/n2IL4/src/terms/xc.jl:39
n     Energy            log10(ΔE)   log10(Δρ)   Diag   Δtime
---   ---------------   ---------   ---------   ----   ------
  1   -73.79570300105                   -0.90    9.8    9.06s
  2   -73.80502607580       -2.03       -1.11    5.2    5.14s
  3   -73.81057405628       -2.26       -1.46    6.8    6.60s
  4   -73.81138875884       -3.09       -1.80    5.7    5.42s
  5   -73.81152486706       -3.87       -2.22    5.1    5.14s
  6   -73.81154683663       -4.66       -3.08    5.6    5.55s
  7   -73.81154685775       -7.68       -3.49    4.8    4.99s
  8   -73.81154686109       -8.48       -4.05    3.3    3.99s
  9   -73.81154686133       -9.62       -4.51    4.2    4.66s
 10   -73.81154686139      -10.20       -4.82    4.9    5.04s
 11   -73.81154686141      -10.75       -5.67    4.5    4.67s
 12   -73.81154686141      -12.14       -6.39    4.8    5.19s
 13   -73.81154686141   +  -13.15       -6.74    5.3    5.31s
 14   -73.81154686141      -13.37       -7.10    5.3    5.18s
┌ Warning: Negative ρcore detected: -3.416738203016857e-8
└ @ DFTK ~/.julia/packages/DFTK/n2IL4/src/terms/xc.jl:39
n     Energy            log10(ΔE)   log10(Δρ)   Diag   Δtime
---   ---------------   ---------   ---------   ----   ------
  1   -73.79570311305                   -0.90    9.7    8.90s
  2   -73.80502294131       -2.03       -1.11    5.4    5.14s
  3   -73.81057289207       -2.26       -1.46    6.9    6.61s
  4   -73.81138929578       -3.09       -1.81    5.6    5.37s
  5   -73.81152511928       -3.87       -2.23    5.1    5.37s
  6   -73.81154683788       -4.66       -3.08    5.5    5.66s
  7   -73.81154685754       -7.71       -3.48    4.7    4.94s
  8   -73.81154686109       -8.45       -4.06    3.5    4.08s
  9   -73.81154686135       -9.58       -4.48    4.2    4.80s
 10   -73.81154686139      -10.35       -4.80    4.8    5.12s
 11   -73.81154686141      -10.74       -5.66    4.7    4.77s
 12   -73.81154686141      -11.99       -6.38    4.9    5.14s
 13   -73.81154686141      -13.25       -6.77    5.2    5.32s
 14   -73.81154686141   +  -13.37       -7.11    5.4    5.23s
┌ Warning: Negative ρcore detected: Dual{ForwardDiff.Tag{var"#19#21"{@NamedTuple{ham::Hamiltonian, basis::PlaneWaveBasis{Float64, Float64, DFTK.CPU, FFTGrid{Float64, Float64, Array{StaticArraysCore.SVector{3, Int64}, 3}, Array{StaticArraysCore.SVector{3, Float64}, 3}}, Vector{StaticArraysCore.SVector{3, Int64}}}, energies::Energies{Float64}, converged::Bool, occupation_threshold::Float64, ρ::Array{Float64, 4}, τ::Nothing, α::Float64, eigenvalues::Vector{Vector{Float64}}, occupation::Vector{Vector{Float64}}, εF::Float64, n_bands_converge::Int64, n_iter::Int64, n_matvec::Int64, ψ::Vector{Matrix{ComplexF64}}, diagonalization::Vector{@NamedTuple{λ::Vector{Vector{Float64}}, X::Vector{Matrix{ComplexF64}}, residual_norms::Vector{Vector{Float64}}, n_iter::Vector{Int64}, converged::Bool, n_matvec::Int64}}, stage::Symbol, history_Δρ::Vector{Float64}, history_Etot::Vector{Float64}, timedout::Bool, runtime_ns::UInt64, algorithm::String}, Model{Float64, Float64}, Float64, MonkhorstPack, var"#case#4"{Matrix{Float64}, Float64, MonkhorstPack, Vector{StaticArraysCore.SVector{3, Float64}}, Vector{ElementPsp{PspUpf{Float64, Interpolations.Extrapolation{Float64, 1, Interpolations.GriddedInterpolation{Float64, 1, Vector{Float64}, Interpolations.Gridded{Interpolations.Linear{Interpolations.Throw{Interpolations.OnGrid}}}, Tuple{Vector{Float64}}}, Interpolations.Gridded{Interpolations.Linear{Interpolations.Throw{Interpolations.OnGrid}}}, Interpolations.Throw{Nothing}}}}}, Float64, Float64, String}}, Float64}}(-3.416738203016857e-8,-5.019899128888385e-9)
└ @ DFTK ~/.julia/packages/DFTK/n2IL4/src/terms/xc.jl:39
     2    -7.381155e+01     2.849527e-07
 * time: 418.93726420402527
 * Status: success

 * Candidate solution
    Final objective value:     -7.381155e+01

 * Found with
    Algorithm:     L-BFGS

 * Convergence measures
    |x - x'|               = 1.51e-03 ≰ -1.0e+00
    |x - x'|/|x'|          = 2.65e-04 ≰ 0.0e+00
    |f(x) - f(x')|         = 1.73e-07 ≰ 1.0e-08
    |f(x) - f(x')|/|f(x')| = 2.35e-09 ≰ 0.0e+00
    |g(x)|                 = 2.85e-07 ≤ 1.0e-06

 * Work counters
    Seconds run:   419  (vs limit Inf)
    Iterations:    2
    f(x) calls:    3
    ∇f(x) calls:   3

V: 534.100764 seconds (403.70 M allocations: 189.407 GiB, 5.77% gc time, 0.01% compilation time)
