┌ Info: Threading setup: 
│   Threads.nthreads() = 1
│   n_DFTK = 1
│   n_fft = 1
└   n_blas = 1
┌ Info: 2025-05-12T18:26:04.399
│   name = "Si"
│   Ecut = 18.0
│   kgrid = MonkhorstPack([14, 14, 14])
│   p0 = ComponentVector{Float64}(a = 10.347246312603742)
│   temperature = 0.001
└   smearing = DFTK.Smearing.Gaussian()
n     Energy            log10(ΔE)   log10(Δρ)   Diag   Δtime
---   ---------------   ---------   ---------   ----   ------
  1   -8.471931965639                   -0.95    7.0    11.7s
  2   -8.473543739129       -2.79       -1.72    1.9    5.23s
  3   -8.473621808408       -4.11       -2.73    3.7    1.96s
  4   -8.473624373874       -5.59       -3.63    4.6    1.90s
  5   -8.473624447289       -7.13       -4.43    4.9    2.11s
  6   -8.473624450034       -8.56       -5.39    5.1    2.14s
  7   -8.473624450057      -10.65       -6.24    4.5    1.78s
  8   -8.473624450057      -12.55       -7.09    4.4    1.97s
Iter     Function value   Gradient norm 
     0    -8.473624e+00     1.492081e-03
 * time: 4.1961669921875e-5
n     Energy            log10(ΔE)   log10(Δρ)   Diag   Δtime
---   ---------------   ---------   ---------   ----   ------
  1   -8.471946474055                   -0.95    7.2    2.65s
  2   -8.473549481879       -2.80       -1.72    2.1    1.15s
  3   -8.473624131310       -4.13       -2.73    3.9    1.99s
  4   -8.473626524275       -5.62       -3.65    4.7    1.83s
  5   -8.473626596830       -7.14       -4.41    5.0    2.20s
  6   -8.473626599551       -8.57       -5.35    5.2    1.91s
  7   -8.473626599576      -10.61       -6.15    4.5    2.13s
  8   -8.473626599576      -12.49       -7.11    4.3    1.69s
n     Energy            log10(ΔE)   log10(Δρ)   Diag   Δtime
---   ---------------   ---------   ---------   ----   ------
  1   -8.471940634158                   -0.95    7.3    2.81s
  2   -8.473545914053       -2.79       -1.72    2.0    1.14s
  3   -8.473623883590       -4.11       -2.73    3.8    2.36s
  4   -8.473626523969       -5.58       -3.63    5.0    2.45s
  5   -8.473626597063       -7.14       -4.49    5.0    1.85s
  6   -8.473626599557       -8.60       -5.46    5.2    2.27s
  7   -8.473626599576      -10.71       -6.44    4.9    1.92s
  8   -8.473626599576      -12.81       -7.25    4.8    2.17s
     1    -8.473627e+00     1.389208e-03
 * time: 47.708735942840576
n     Energy            log10(ΔE)   log10(Δρ)   Diag   Δtime
---   ---------------   ---------   ---------   ----   ------
  1   -8.471977937410                   -0.96    7.3    3.57s
  2   -8.473556660532       -2.80       -1.72    2.1    1.23s
  3   -8.473638138025       -4.09       -2.74    3.9    2.37s
  4   -8.473640617133       -5.61       -3.66    4.9    2.45s
  5   -8.473640691887       -7.13       -4.39    5.0    1.84s
  6   -8.473640694863       -8.53       -5.33    5.0    2.12s
  7   -8.473640694892      -10.53       -6.13    4.5    1.77s
  8   -8.473640694892      -12.48       -7.14    4.0    1.91s
n     Energy            log10(ΔE)   log10(Δρ)   Diag   Δtime
---   ---------------   ---------   ---------   ----   ------
  1   -8.471982918770                   -0.96    7.2    2.59s
  2   -8.473560236566       -2.80       -1.72    2.0    1.44s
  3   -8.473637924910       -4.11       -2.74    3.9    1.64s
  4   -8.473640617578       -5.57       -3.63    4.8    2.11s
  5   -8.473640692325       -7.13       -4.48    5.2    1.82s
  6   -8.473640694873       -8.59       -5.45    5.2    2.15s
  7   -8.473640694892      -10.72       -6.49    4.9    1.86s
  8   -8.473640694892      -12.85       -7.27    4.8    2.12s
     2    -8.473641e+00     1.435674e-05
 * time: 92.52567195892334
n     Energy            log10(ΔE)   log10(Δρ)   Diag   Δtime
---   ---------------   ---------   ---------   ----   ------
  1   -8.471978749799                   -0.96    7.1    2.51s
  2   -8.473563585910       -2.80       -1.72    1.9    1.13s
  3   -8.473637741899       -4.13       -2.74    3.7    1.83s
  4   -8.473640620381       -5.54       -3.61    4.7    2.15s
  5   -8.473640694096       -7.13       -4.52    5.0    1.81s
  6   -8.473640696396       -8.64       -5.41    5.2    2.25s
  7   -8.473640696415      -10.72       -6.36    4.8    1.80s
  8   -8.473640696415      -12.84       -7.33    4.3    2.51s
n     Energy            log10(ΔE)   log10(Δρ)   Diag   Δtime
---   ---------------   ---------   ---------   ----   ------
  1   -8.471995493850                   -0.96    7.1    2.97s
  2   -8.473558095470       -2.81       -1.72    1.9    1.61s
  3   -8.473637905699       -4.10       -2.74    3.9    1.72s
  4   -8.473640615770       -5.57       -3.63    4.7    2.30s
  5   -8.473640693782       -7.11       -4.47    5.0    1.85s
  6   -8.473640696394       -8.58       -5.43    5.3    3.03s
  7   -8.473640696415      -10.68       -6.35    4.7    2.57s
  8   -8.473640696415      -12.66       -7.17    4.7    2.86s
     3    -8.473641e+00     1.416190e-07
 * time: 139.85545086860657
 * Status: success

 * Candidate solution
    Final objective value:     -8.473641e+00

 * Found with
    Algorithm:     L-BFGS

 * Convergence measures
    |x - x'|               = 2.10e-04 ≰ -1.0e+00
    |x - x'|/|x'|          = 2.03e-05 ≰ 0.0e+00
    |f(x) - f(x')|         = 1.52e-09 ≤ 1.0e-08
    |f(x) - f(x')|/|f(x')| = 1.80e-10 ≰ 0.0e+00
    |g(x)|                 = 1.42e-07 ≤ 1.0e-06

 * Work counters
    Seconds run:   140  (vs limit Inf)
    Iterations:    3
    f(x) calls:    4
    ∇f(x) calls:   4

Si: 219.860071 seconds (311.25 M allocations: 60.717 GiB, 7.78% gc time, 25.60% compilation time: <1% of which was recompilation)
┌ Info: 2025-05-12T18:29:44.959
│   name = "NaCl"
│   Ecut = 44.0
│   kgrid = MonkhorstPack([13, 13, 13])
│   p0 = ComponentVector{Float64}(a = 10.746130571470083)
│   temperature = 0
└   smearing = DFTK.Smearing.None()
n     Energy            log10(ΔE)   log10(Δρ)   Diag   Δtime
---   ---------------   ---------   ---------   ----   ------
  1   -62.33610043073                   -1.11    8.5    20.6s
  2   -62.34206951072       -2.22       -1.20    2.8    8.06s
  3   -62.34654673401       -2.35       -2.03    3.8    9.71s
  4   -62.34659065130       -4.36       -2.90    3.2    9.61s
  5   -62.34659117741       -6.28       -3.58    4.0    11.3s
  6   -62.34659128379       -6.97       -4.04    3.8    10.2s
  7   -62.34659128697       -8.50       -4.70    3.8    10.6s
  8   -62.34659128716       -9.74       -6.24    3.8    10.2s
  9   -62.34659128716      -11.83       -6.99    4.8    12.4s
 10   -62.34659128716      -13.25       -7.58    4.3    12.4s
Iter     Function value   Gradient norm 
     0    -6.234659e+01     5.250072e-03
 * time: 3.695487976074219e-5
n     Energy            log10(ΔE)   log10(Δρ)   Diag   Δtime
---   ---------------   ---------   ---------   ----   ------
  1   -62.33610585031                   -1.11    8.8    19.9s
  2   -62.34206629488       -2.22       -1.20    2.9    9.64s
  3   -62.34657385761       -2.35       -2.03    4.0    10.3s
  4   -62.34661794796       -4.36       -2.92    3.1    8.71s
  5   -62.34661845904       -6.29       -3.66    4.1    11.1s
  6   -62.34661855072       -7.04       -4.11    3.5    9.43s
  7   -62.34661855338       -8.57       -4.79    3.6    10.3s
  8   -62.34661855351       -9.92       -6.37    3.8    10.4s
  9   -62.34661855351      -11.95       -7.04    4.8    12.4s
n     Energy            log10(ΔE)   log10(Δρ)   Diag   Δtime
---   ---------------   ---------   ---------   ----   ------
  1   -62.33610518375                   -1.11    8.8    18.4s
  2   -62.34205805958       -2.23       -1.20    2.8    7.90s
  3   -62.34657414154       -2.35       -2.03    3.7    10.0s
  4   -62.34661797878       -4.36       -2.95    3.3    9.35s
  5   -62.34661846963       -6.31       -3.69    4.2    11.2s
  6   -62.34661855068       -7.09       -4.13    3.2    8.75s
  7   -62.34661855337       -8.57       -4.74    3.7    10.3s
  8   -62.34661855351       -9.88       -6.03    3.7    10.2s
  9   -62.34661855351      -11.91       -7.04    4.6    14.0s
     1    -6.234662e+01     5.137015e-03
 * time: 235.6985068321228
n     Energy            log10(ΔE)   log10(Δρ)   Diag   Δtime
---   ---------------   ---------   ---------   ----   ------
  1   -62.33572064923                   -1.10    8.4    18.2s
  2   -62.34181741792       -2.21       -1.17    2.7    7.71s
  3   -62.34721908193       -2.27       -1.99    3.6    9.91s
  4   -62.34727380828       -4.26       -2.91    2.9    9.73s
  5   -62.34727433397       -6.28       -3.61    4.0    11.9s
  6   -62.34727444171       -6.97       -4.10    3.6    11.9s
  7   -62.34727444446       -8.56       -4.77    3.8    11.1s
  8   -62.34727444460       -9.87       -6.23    3.7    10.6s
  9   -62.34727444460      -11.81       -6.93    4.6    13.1s
 10   -62.34727444460      -12.79       -7.38    4.3    11.5s
n     Energy            log10(ΔE)   log10(Δρ)   Diag   Δtime
---   ---------------   ---------   ---------   ----   ------
  1   -62.33571885743                   -1.10    8.6    19.8s
  2   -62.34184028665       -2.21       -1.17    2.7    7.74s
  3   -62.34721820421       -2.27       -1.99    3.8    9.93s
  4   -62.34727378990       -4.26       -2.88    2.9    8.63s
  5   -62.34727432256       -6.27       -3.55    3.9    11.2s
  6   -62.34727444120       -6.93       -4.06    3.6    11.3s
  7   -62.34727444445       -8.49       -4.74    3.8    11.1s
  8   -62.34727444460       -9.83       -6.20    3.8    12.4s
  9   -62.34727444460      -11.76       -6.90    4.6    13.0s
 10   -62.34727444460      -12.81       -7.41    4.0    11.6s
     2    -6.234727e+01     5.490108e-04
 * time: 501.54037404060364
n     Energy            log10(ΔE)   log10(Δρ)   Diag   Δtime
---   ---------------   ---------   ---------   ----   ------
  1   -62.33559639072                   -1.10    8.6    20.1s
  2   -62.34170886901       -2.21       -1.17    2.9    8.57s
  3   -62.34722667982       -2.26       -1.99    3.7    9.52s
  4   -62.34728254371       -4.25       -2.89    3.0    8.99s
  5   -62.34728307748       -6.27       -3.56    4.0    10.9s
  6   -62.34728319456       -6.93       -4.05    3.8    10.8s
  7   -62.34728319761       -8.51       -4.70    3.7    10.5s
  8   -62.34728319777       -9.81       -6.23    3.9    11.4s
  9   -62.34728319777      -11.75       -6.87    4.5    12.5s
 10   -62.34728319777      -13.85       -7.33    4.2    11.6s
n     Energy            log10(ΔE)   log10(Δρ)   Diag   Δtime
---   ---------------   ---------   ---------   ----   ------
  1   -62.33559704805                   -1.10    8.6    19.1s
  2   -62.34172148242       -2.21       -1.17    2.8    7.93s
  3   -62.34722542236       -2.26       -1.99    3.8    10.0s
  4   -62.34728247127       -4.24       -2.88    3.0    9.74s
  5   -62.34728307124       -6.22       -3.52    4.1    12.9s
  6   -62.34728319402       -6.91       -4.02    3.5    10.6s
  7   -62.34728319753       -8.45       -4.64    3.6    11.9s
  8   -62.34728319777       -9.63       -6.04    3.7    10.5s
  9   -62.34728319777      -11.60       -6.45    4.4    12.5s
 10   -62.34728319777   +  -13.55       -7.57    3.3    10.8s
     3    -6.234728e+01     6.640411e-05
 * time: 768.7510290145874
n     Energy            log10(ΔE)   log10(Δρ)   Diag   Δtime
---   ---------------   ---------   ---------   ----   ------
  1   -62.33557204122                   -1.10    8.8    18.9s
  2   -62.34169563251       -2.21       -1.17    2.9    7.96s
  3   -62.34722636752       -2.26       -1.99    3.8    10.5s
  4   -62.34728266333       -4.25       -2.89    2.9    9.07s
  5   -62.34728320643       -6.27       -3.54    3.9    11.2s
  6   -62.34728332685       -6.92       -4.04    3.4    10.2s
  7   -62.34728332997       -8.51       -4.67    3.8    11.0s
  8   -62.34728333016       -9.73       -6.10    3.8    11.0s
  9   -62.34728333016      -11.60       -6.56    4.5    13.5s
 10   -62.34728333016   +    -Inf       -7.54    3.3    10.4s
n     Energy            log10(ΔE)   log10(Δρ)   Diag   Δtime
---   ---------------   ---------   ---------   ----   ------
  1   -62.33557000839                   -1.10    8.9    19.8s
  2   -62.34168920147       -2.21       -1.17    2.9    8.49s
  3   -62.34722629724       -2.26       -1.99    3.8    10.1s
  4   -62.34728270086       -4.25       -2.91    2.9    9.07s
  5   -62.34728321786       -6.29       -3.60    4.1    12.4s
  6   -62.34728332730       -6.96       -4.10    3.4    9.73s
  7   -62.34728333004       -8.56       -4.82    3.7    10.4s
  8   -62.34728333016       -9.95       -6.33    3.8    11.6s
  9   -62.34728333016      -11.86       -6.95    4.6    13.5s
 10   -62.34728333016      -12.87       -7.53    4.3    11.4s
     4    -6.234728e+01     1.014881e-06
 * time: 1033.1293070316315
n     Energy            log10(ΔE)   log10(Δρ)   Diag   Δtime
---   ---------------   ---------   ---------   ----   ------
  1   -62.33557035442                   -1.10    8.6    19.3s
  2   -62.34168184212       -2.21       -1.17    3.0    8.74s
  3   -62.34722692083       -2.26       -1.99    3.8    9.94s
  4   -62.34728269177       -4.25       -2.91    2.8    9.39s
  5   -62.34728321616       -6.28       -3.59    4.0    12.8s
  6   -62.34728332728       -6.95       -4.09    3.3    10.9s
  7   -62.34728333006       -8.56       -4.77    3.7    12.6s
  8   -62.34728333019       -9.89       -6.22    3.8    10.7s
  9   -62.34728333019      -11.70       -6.89    4.5    12.9s
 10   -62.34728333019      -13.11       -7.36    4.2    11.4s
n     Energy            log10(ΔE)   log10(Δρ)   Diag   Δtime
---   ---------------   ---------   ---------   ----   ------
  1   -62.33557071414                   -1.10    8.7    18.8s
  2   -62.34170107651       -2.21       -1.17    3.0    8.04s
  3   -62.34722667725       -2.26       -1.99    3.8    10.0s
  4   -62.34728270199       -4.25       -2.90    2.9    8.43s
  5   -62.34728321258       -6.29       -3.58    4.1    12.5s
  6   -62.34728332728       -6.94       -4.07    3.4    9.87s
  7   -62.34728333005       -8.56       -4.73    3.7    12.5s
  8   -62.34728333019       -9.86       -6.22    3.7    12.5s
  9   -62.34728333019      -11.79       -6.91    4.4    12.4s
 10   -62.34728333019      -12.87       -7.43    4.2    12.7s
     5    -6.234728e+01     1.267780e-09
 * time: 1304.0598499774933
 * Status: success

 * Candidate solution
    Final objective value:     -6.234728e+01

 * Found with
    Algorithm:     L-BFGS

 * Convergence measures
    |x - x'|               = 6.10e-05 ≰ -1.0e+00
    |x - x'|/|x'|          = 5.53e-06 ≰ 0.0e+00
    |f(x) - f(x')|         = 3.19e-11 ≤ 1.0e-08
    |f(x) - f(x')|/|f(x')| = 5.12e-13 ≰ 0.0e+00
    |g(x)|                 = 1.27e-09 ≤ 1.0e-06

 * Work counters
    Seconds run:   1304  (vs limit Inf)
    Iterations:    5
    f(x) calls:    6
    ∇f(x) calls:   6

NaCl: 1446.171915 seconds (1.39 G allocations: 397.299 GiB, 5.42% gc time, 0.25% compilation time)
┌ Info: 2025-05-12T18:53:51.174
│   name = "Al"
│   Ecut = 20.0
│   kgrid = MonkhorstPack([18, 18, 18])
│   p0 = ComponentVector{Float64}(a = 7.641925528121933)
│   temperature = 0.001
└   smearing = DFTK.Smearing.Gaussian()
n     Energy            log10(ΔE)   log10(Δρ)   Diag   Δtime
---   ---------------   ---------   ---------   ----   ------
  1   -2.318658543901                   -1.47    5.5    1.80s
  2   -2.318723668440       -4.19       -1.84    1.3    812ms
  3   -2.318737547556       -4.86       -3.55    3.2    1.27s
  4   -2.318737708062       -6.79       -3.97    4.5    1.94s
  5   -2.318737708632       -9.24       -4.19    2.1    963ms
  6   -2.318737708847       -9.67       -4.97    2.7    1.42s
  7   -2.318737708857      -11.01       -5.65    2.8    1.20s
  8   -2.318737708858      -12.33       -6.26    2.7    1.12s
  9   -2.318737708858      -13.49       -6.51    2.9    1.52s
 10   -2.318737708858      -14.40       -7.43    2.1    950ms
Iter     Function value   Gradient norm 
     0    -2.318738e+00     4.349713e-04
 * time: 3.504753112792969e-5
n     Energy            log10(ΔE)   log10(Δρ)   Diag   Δtime
---   ---------------   ---------   ---------   ----   ------
  1   -2.318654594228                   -1.47    5.6    1.98s
  2   -2.318723250659       -4.16       -1.84    1.4    1.05s
  3   -2.318737687782       -4.84       -3.55    3.1    1.27s
  4   -2.318737893454       -6.69       -3.99    4.5    2.18s
  5   -2.318737893953       -9.30       -4.19    2.1    1.28s
  6   -2.318737894168       -9.67       -4.99    2.6    1.71s
  7   -2.318737894178      -11.00       -5.65    2.9    1.52s
  8   -2.318737894179      -12.29       -6.19    2.8    1.77s
  9   -2.318737894179      -13.35       -6.56    3.0    1.51s
 10   -2.318737894179      -14.65       -7.49    2.5    1.25s
n     Energy            log10(ΔE)   log10(Δρ)   Diag   Δtime
---   ---------------   ---------   ---------   ----   ------
  1   -2.318659479495                   -1.47    5.5    2.13s
  2   -2.318723889253       -4.19       -1.84    1.3    845ms
  3   -2.318737649923       -4.86       -3.55    3.1    1.55s
  4   -2.318737893412       -6.61       -3.97    4.5    1.65s
  5   -2.318737893952       -9.27       -4.18    2.2    1.26s
  6   -2.318737894168       -9.66       -4.97    2.7    1.06s
  7   -2.318737894179      -10.99       -5.68    2.9    1.43s
  8   -2.318737894179      -12.43       -6.16    2.6    1.08s
  9   -2.318737894179      -13.38       -6.54    2.9    1.44s
 10   -2.318737894179      -14.45       -7.31    2.4    1.01s
     1    -2.318738e+00     4.171383e-04
 * time: 60.913553953170776
n     Energy            log10(ΔE)   log10(Δρ)   Diag   Δtime
---   ---------------   ---------   ---------   ----   ------
  1   -2.318662209944                   -1.47    5.6    2.19s
  2   -2.318726486338       -4.19       -1.84    1.4    804ms
  3   -2.318739792738       -4.88       -3.57    3.3    1.65s
  4   -2.318739997537       -6.69       -4.01    4.5    1.97s
  5   -2.318739997996       -9.34       -4.24    2.3    1.03s
  6   -2.318739998152       -9.80       -5.06    2.6    1.41s
  7   -2.318739998160      -11.12       -5.85    3.1    1.25s
  8   -2.318739998160      -12.63       -6.39    2.9    1.20s
  9   -2.318739998160      -13.86       -6.78    2.9    1.46s
 10   -2.318739998160      -14.88       -7.66    2.6    1.07s
n     Energy            log10(ΔE)   log10(Δρ)   Diag   Δtime
---   ---------------   ---------   ---------   ----   ------
  1   -2.318658259531                   -1.47    5.6    2.09s
  2   -2.318726333115       -4.17       -1.84    1.4    777ms
  3   -2.318739805985       -4.87       -3.57    3.3    1.59s
  4   -2.318739997566       -6.72       -4.02    4.5    1.67s
  5   -2.318739998001       -9.36       -4.24    2.3    1.27s
  6   -2.318739998152       -9.82       -5.09    2.6    1.08s
  7   -2.318739998160      -11.11       -5.86    3.0    1.53s
  8   -2.318739998160      -12.70       -6.34    2.8    1.26s
  9   -2.318739998160      -13.73       -6.78    2.7    1.63s
 10   -2.318739998160      -14.88       -7.76    2.8    1.15s
     2    -2.318740e+00     5.278763e-06
 * time: 119.85359406471252
n     Energy            log10(ΔE)   log10(Δρ)   Diag   Δtime
---   ---------------   ---------   ---------   ----   ------
  1   -2.318659101394                   -1.47    5.5    2.09s
  2   -2.318726267952       -4.17       -1.84    1.3    1.06s
  3   -2.318739785580       -4.87       -3.56    3.3    1.32s
  4   -2.318739997888       -6.67       -4.02    4.5    2.02s
  5   -2.318739998329       -9.36       -4.24    2.2    986ms
  6   -2.318739998484       -9.81       -5.07    2.6    1.37s
  7   -2.318739998492      -11.13       -5.87    3.0    1.27s
  8   -2.318739998492      -12.72       -6.45    2.9    1.40s
  9   -2.318739998492      -13.95       -6.95    3.0    1.21s
 10   -2.318739998492      -15.35       -7.62    2.7    1.40s
n     Energy            log10(ΔE)   log10(Δρ)   Diag   Δtime
---   ---------------   ---------   ---------   ----   ------
  1   -2.318657324071                   -1.47    5.5    2.16s
  2   -2.318726400043       -4.16       -1.84    1.3    793ms
  3   -2.318739797904       -4.87       -3.57    3.1    1.55s
  4   -2.318739997893       -6.70       -4.02    4.6    1.66s
  5   -2.318739998332       -9.36       -4.25    2.2    1.24s
┌ Warning: Eigensolver not converged
│   n_iter =
│    195-element Vector{Int64}:
│     3
│     1
│     2
│     3
│     ⋮
│     2
│     1
│     2
└ @ DFTK ~/.julia/packages/DFTK/n2IL4/src/scf/self_consistent_field.jl:76
  6   -2.318739998484       -9.82       -5.08    2.5    1.11s
  7   -2.318739998492      -11.13       -5.87    3.0    1.46s
  8   -2.318739998492      -12.68       -6.39    2.9    1.12s
  9   -2.318739998492      -13.88       -6.82    2.8    1.53s
 10   -2.318739998492      -14.88       -7.72    2.7    1.07s
     3    -2.318740e+00     6.424059e-08
 * time: 179.98406100273132
 * Status: success

 * Candidate solution
    Final objective value:     -2.318740e+00

 * Found with
    Algorithm:     L-BFGS

 * Convergence measures
    |x - x'|               = 1.27e-04 ≰ -1.0e+00
    |x - x'|/|x'|          = 1.66e-05 ≰ 0.0e+00
    |f(x) - f(x')|         = 3.32e-10 ≤ 1.0e-08
    |f(x) - f(x')|/|f(x')| = 1.43e-10 ≰ 0.0e+00
    |g(x)|                 = 6.42e-08 ≤ 1.0e-06

 * Work counters
    Seconds run:   180  (vs limit Inf)
    Iterations:    3
    f(x) calls:    4
    ∇f(x) calls:   4

Al: 213.374183 seconds (170.35 M allocations: 40.678 GiB, 6.66% gc time, 0.04% compilation time)
┌ Info: 2025-05-12T18:57:24.549
│   name = "V"
│   Ecut = 42.0
│   kgrid = MonkhorstPack([20, 20, 20])
│   p0 = ComponentVector{Float64}(a = 5.699267600684394)
│   temperature = 0.001
└   smearing = DFTK.Smearing.Gaussian()
┌ Warning: Negative ρcore detected: -3.4151886922104144e-8
└ @ DFTK ~/.julia/packages/DFTK/n2IL4/src/terms/xc.jl:39
n     Energy            log10(ΔE)   log10(Δρ)   Diag   Δtime
---   ---------------   ---------   ---------   ----   ------
  1   -73.84864255212                   -0.93    9.6    11.8s
  2   -73.85662311572       -2.10       -1.13    5.2    6.33s
  3   -73.86167762101       -2.30       -1.49    6.6    8.04s
  4   -73.86239969622       -3.14       -1.82    5.6    6.72s
  5   -73.86252199696       -3.91       -2.23    4.9    5.88s
  6   -73.86254367917       -4.66       -3.07    5.4    6.72s
  7   -73.86254370807       -7.54       -3.48    5.3    6.41s
  8   -73.86254371127       -8.49       -4.02    2.8    4.84s
  9   -73.86254371150       -9.65       -4.45    5.0    6.52s
 10   -73.86254371159      -10.05       -4.81    4.1    4.77s
 11   -73.86254371162      -10.50       -5.49    4.8    5.38s
 12   -73.86254371162      -11.56       -6.10    4.5    5.70s
 13   -73.86254371162      -12.23       -6.41    4.9    5.76s
 14   -73.86254371162      -12.85       -6.85    5.4    5.74s
 15   -73.86254371162      -13.85       -7.98    4.7    5.40s
┌ Warning: Negative ρcore detected: Dual{ForwardDiff.Tag{var"#19#21"{@NamedTuple{ham::Hamiltonian, basis::PlaneWaveBasis{Float64, Float64, DFTK.CPU, FFTGrid{Float64, Float64, Array{StaticArraysCore.SVector{3, Int64}, 3}, Array{StaticArraysCore.SVector{3, Float64}, 3}}, Vector{StaticArraysCore.SVector{3, Int64}}}, energies::Energies{Float64}, converged::Bool, occupation_threshold::Float64, ρ::Array{Float64, 4}, τ::Nothing, α::Float64, eigenvalues::Vector{Vector{Float64}}, occupation::Vector{Vector{Float64}}, εF::Float64, n_bands_converge::Int64, n_iter::Int64, n_matvec::Int64, ψ::Vector{Matrix{ComplexF64}}, diagonalization::Vector{@NamedTuple{λ::Vector{Vector{Float64}}, X::Vector{Matrix{ComplexF64}}, residual_norms::Vector{Vector{Float64}}, n_iter::Vector{Int64}, converged::Bool, n_matvec::Int64}}, stage::Symbol, history_Δρ::Vector{Float64}, history_Etot::Vector{Float64}, timedout::Bool, runtime_ns::UInt64, algorithm::String}, Model{Float64, Float64}, Float64, MonkhorstPack, var"#case#4"{Matrix{Float64}, Float64, MonkhorstPack, Vector{StaticArraysCore.SVector{3, Float64}}, Vector{ElementPsp{PspUpf{Float64, Interpolations.Extrapolation{Float64, 1, Interpolations.GriddedInterpolation{Float64, 1, Vector{Float64}, Interpolations.Gridded{Interpolations.Linear{Interpolations.Throw{Interpolations.OnGrid}}}, Tuple{Vector{Float64}}}, Interpolations.Gridded{Interpolations.Linear{Interpolations.Throw{Interpolations.OnGrid}}}, Interpolations.Throw{Nothing}}}}}, Float64, Float64, String}}, Float64}}(-3.4151886922104144e-8,-1.2413273474001241e-8)
└ @ DFTK ~/.julia/packages/DFTK/n2IL4/src/terms/xc.jl:39
Iter     Function value   Gradient norm 
     0    -7.386254e+01     2.208333e-03
 * time: 3.814697265625e-5
┌ Warning: Negative ρcore detected: -3.416915600009223e-8
└ @ DFTK ~/.julia/packages/DFTK/n2IL4/src/terms/xc.jl:39
n     Energy            log10(ΔE)   log10(Δρ)   Diag   Δtime
---   ---------------   ---------   ---------   ----   ------
  1   -73.84861071125                   -0.93    9.7    10.1s
  2   -73.85661963092       -2.10       -1.13    5.3    6.27s
  3   -73.86168234956       -2.30       -1.49    6.7    7.43s
  4   -73.86240329235       -3.14       -1.82    5.7    5.85s
  5   -73.86252639008       -3.91       -2.23    5.0    5.79s
  6   -73.86254817414       -4.66       -3.06    5.5    6.08s
  7   -73.86254820570       -7.50       -3.48    5.4    6.01s
  8   -73.86254820904       -8.48       -4.03    3.0    4.24s
  9   -73.86254820935       -9.52       -4.44    5.2    5.79s
 10   -73.86254820945       -9.98       -4.81    4.4    5.18s
 11   -73.86254820948      -10.56       -5.51    4.8    6.13s
 12   -73.86254820948      -11.98       -6.13    4.5    6.55s
 13   -73.86254820948      -12.85       -6.42    4.8    6.24s
 14   -73.86254820948   +  -12.62       -6.85    5.4    5.74s
 15   -73.86254820948   +  -13.07       -7.89    4.7    5.98s
┌ Warning: Negative ρcore detected: -3.416915600009223e-8
└ @ DFTK ~/.julia/packages/DFTK/n2IL4/src/terms/xc.jl:39
n     Energy            log10(ΔE)   log10(Δρ)   Diag   Δtime
---   ---------------   ---------   ---------   ----   ------
  1   -73.84860524752                   -0.93    9.7    10.3s
  2   -73.85661568355       -2.10       -1.13    5.2    5.76s
  3   -73.86168192330       -2.30       -1.49    6.7    7.31s
  4   -73.86240380701       -3.14       -1.82    5.6    6.87s
  5   -73.86252616263       -3.91       -2.23    5.0    6.36s
  6   -73.86254817370       -4.66       -3.06    5.5    7.35s
  7   -73.86254820585       -7.49       -3.48    5.4    6.54s
  8   -73.86254820908       -8.49       -4.04    2.9    4.32s
  9   -73.86254820936       -9.55       -4.43    5.2    6.59s
 10   -73.86254820945      -10.06       -4.81    4.2    4.69s
 11   -73.86254820948      -10.55       -5.51    4.7    5.51s
 12   -73.86254820948      -11.97       -6.12    4.5    5.15s
 13   -73.86254820948      -13.85       -6.43    4.9    6.00s
 14   -73.86254820948   +  -13.25       -6.85    5.4    5.66s
 15   -73.86254820948   +  -13.00       -7.94    4.6    5.30s
┌ Warning: Negative ρcore detected: Dual{ForwardDiff.Tag{var"#19#21"{@NamedTuple{ham::Hamiltonian, basis::PlaneWaveBasis{Float64, Float64, DFTK.CPU, FFTGrid{Float64, Float64, Array{StaticArraysCore.SVector{3, Int64}, 3}, Array{StaticArraysCore.SVector{3, Float64}, 3}}, Vector{StaticArraysCore.SVector{3, Int64}}}, energies::Energies{Float64}, converged::Bool, occupation_threshold::Float64, ρ::Array{Float64, 4}, τ::Nothing, α::Float64, eigenvalues::Vector{Vector{Float64}}, occupation::Vector{Vector{Float64}}, εF::Float64, n_bands_converge::Int64, n_iter::Int64, n_matvec::Int64, ψ::Vector{Matrix{ComplexF64}}, diagonalization::Vector{@NamedTuple{λ::Vector{Vector{Float64}}, X::Vector{Matrix{ComplexF64}}, residual_norms::Vector{Vector{Float64}}, n_iter::Vector{Int64}, converged::Bool, n_matvec::Int64}}, stage::Symbol, history_Δρ::Vector{Float64}, history_Etot::Vector{Float64}, timedout::Bool, runtime_ns::UInt64, algorithm::String}, Model{Float64, Float64}, Float64, MonkhorstPack, var"#case#4"{Matrix{Float64}, Float64, MonkhorstPack, Vector{StaticArraysCore.SVector{3, Float64}}, Vector{ElementPsp{PspUpf{Float64, Interpolations.Extrapolation{Float64, 1, Interpolations.GriddedInterpolation{Float64, 1, Vector{Float64}, Interpolations.Gridded{Interpolations.Linear{Interpolations.Throw{Interpolations.OnGrid}}}, Tuple{Vector{Float64}}}, Interpolations.Gridded{Interpolations.Linear{Interpolations.Throw{Interpolations.OnGrid}}}, Interpolations.Throw{Nothing}}}}}, Float64, Float64, String}}, Float64}}(-3.416915600009223e-8,-3.2518972779454875e-9)
└ @ DFTK ~/.julia/packages/DFTK/n2IL4/src/terms/xc.jl:39
     1    -7.386255e+01     1.871900e-03
 * time: 250.12754702568054
┌ Warning: Negative ρcore detected: -3.3908156182096915e-8
└ @ DFTK ~/.julia/packages/DFTK/n2IL4/src/terms/xc.jl:39
n     Energy            log10(ΔE)   log10(Δρ)   Diag   Δtime
---   ---------------   ---------   ---------   ----   ------
  1   -73.84842243661                   -0.93    9.5    10.0s
  2   -73.85656338685       -2.09       -1.12    5.1    5.83s
  3   -73.86169195849       -2.29       -1.49    6.6    7.33s
  4   -73.86241170698       -3.14       -1.82    5.5    5.95s
  5   -73.86253659699       -3.90       -2.22    4.9    5.85s
  6   -73.86255976800       -4.64       -3.07    5.4    6.56s
  7   -73.86255979758       -7.53       -3.46    5.2    6.79s
  8   -73.86255980125       -8.44       -4.02    3.3    4.89s
  9   -73.86255980157       -9.49       -4.43    4.0    5.97s
 10   -73.86255980158      -11.16       -4.82    2.6    4.08s
 11   -73.86255980159      -10.76       -5.51    4.6    6.02s
 12   -73.86255980159      -12.12       -6.22    4.6    5.67s
 13   -73.86255980159   +  -12.47       -6.65    5.0    5.94s
 14   -73.86255980159   +  -13.55       -6.82    5.3    6.25s
 15   -73.86255980159   +  -12.53       -7.75    5.0    6.24s
┌ Warning: Negative ρcore detected: -3.3908156182096915e-8
└ @ DFTK ~/.julia/packages/DFTK/n2IL4/src/terms/xc.jl:39
n     Energy            log10(ΔE)   log10(Δρ)   Diag   Δtime
---   ---------------   ---------   ---------   ----   ------
  1   -73.84842673394                   -0.93    9.5    9.68s
  2   -73.85655592666       -2.09       -1.12    5.1    6.07s
  3   -73.86169253832       -2.29       -1.49    6.6    7.51s
  4   -73.86241220729       -3.14       -1.82    5.6    5.95s
  5   -73.86253650183       -3.91       -2.21    5.0    5.64s
  6   -73.86255976607       -4.63       -3.07    5.4    6.34s
  7   -73.86255979776       -7.50       -3.47    5.2    6.14s
  8   -73.86255980123       -8.46       -4.02    3.2    4.31s
  9   -73.86255980156       -9.48       -4.44    4.4    5.26s
 10   -73.86255980158      -10.92       -4.83    2.8    3.87s
 11   -73.86255980159      -10.75       -5.53    4.5    6.24s
 12   -73.86255980159      -12.23       -6.24    4.6    6.29s
 13   -73.86255980159   +  -12.57       -6.66    5.0    5.84s
 14   -73.86255980159   +  -12.70       -6.83    5.2    6.00s
 15   -73.86255980159   +  -12.81       -7.79    5.0    5.46s
┌ Warning: Negative ρcore detected: Dual{ForwardDiff.Tag{var"#19#21"{@NamedTuple{ham::Hamiltonian, basis::PlaneWaveBasis{Float64, Float64, DFTK.CPU, FFTGrid{Float64, Float64, Array{StaticArraysCore.SVector{3, Int64}, 3}, Array{StaticArraysCore.SVector{3, Float64}, 3}}, Vector{StaticArraysCore.SVector{3, Int64}}}, energies::Energies{Float64}, converged::Bool, occupation_threshold::Float64, ρ::Array{Float64, 4}, τ::Nothing, α::Float64, eigenvalues::Vector{Vector{Float64}}, occupation::Vector{Vector{Float64}}, εF::Float64, n_bands_converge::Int64, n_iter::Int64, n_matvec::Int64, ψ::Vector{Matrix{ComplexF64}}, diagonalization::Vector{@NamedTuple{λ::Vector{Vector{Float64}}, X::Vector{Matrix{ComplexF64}}, residual_norms::Vector{Vector{Float64}}, n_iter::Vector{Int64}, converged::Bool, n_matvec::Int64}}, stage::Symbol, history_Δρ::Vector{Float64}, history_Etot::Vector{Float64}, timedout::Bool, runtime_ns::UInt64, algorithm::String}, Model{Float64, Float64}, Float64, MonkhorstPack, var"#case#4"{Matrix{Float64}, Float64, MonkhorstPack, Vector{StaticArraysCore.SVector{3, Float64}}, Vector{ElementPsp{PspUpf{Float64, Interpolations.Extrapolation{Float64, 1, Interpolations.GriddedInterpolation{Float64, 1, Vector{Float64}, Interpolations.Gridded{Interpolations.Linear{Interpolations.Throw{Interpolations.OnGrid}}}, Tuple{Vector{Float64}}}, Interpolations.Gridded{Interpolations.Linear{Interpolations.Throw{Interpolations.OnGrid}}}, Interpolations.Throw{Nothing}}}}}, Float64, Float64, String}}, Float64}}(-3.3908156182096915e-8,4.495225052499961e-8)
└ @ DFTK ~/.julia/packages/DFTK/n2IL4/src/terms/xc.jl:39
     2    -7.386256e+01     1.932882e-05
 * time: 498.3219289779663
┌ Warning: Negative ρcore detected: -3.390236262353372e-8
└ @ DFTK ~/.julia/packages/DFTK/n2IL4/src/terms/xc.jl:39
n     Energy            log10(ΔE)   log10(Δρ)   Diag   Δtime
---   ---------------   ---------   ---------   ----   ------
  1   -73.84843284270                   -0.93    9.7    9.75s
  2   -73.85655009910       -2.09       -1.12    5.2    5.44s
  3   -73.86169365978       -2.29       -1.49    6.7    8.53s
  4   -73.86241158208       -3.14       -1.82    5.6    6.39s
  5   -73.86253684549       -3.90       -2.22    4.9    6.07s
  6   -73.86255976213       -4.64       -3.06    5.4    6.26s
  7   -73.86255979931       -7.43       -3.48    5.3    6.30s
  8   -73.86255980249       -8.50       -4.05    3.0    4.28s
  9   -73.86255980282       -9.48       -4.43    4.8    5.79s
 10   -73.86255980285      -10.59       -4.83    3.1    4.13s
 11   -73.86255980287      -10.74       -5.54    4.5    5.43s
 12   -73.86255980287      -12.57       -6.25    4.5    5.35s
 13   -73.86255980287   +  -12.67       -6.66    5.0    5.74s
 14   -73.86255980287   +  -12.81       -6.84    5.2    5.76s
 15   -73.86255980287   +  -12.73       -7.81    4.9    5.57s
┌ Warning: Negative ρcore detected: -3.390236262353372e-8
└ @ DFTK ~/.julia/packages/DFTK/n2IL4/src/terms/xc.jl:39
n     Energy            log10(ΔE)   log10(Δρ)   Diag   Δtime
---   ---------------   ---------   ---------   ----   ------
  1   -73.84844111051                   -0.93    9.7    10.1s
  2   -73.85656174906       -2.09       -1.12    5.3    5.87s
  3   -73.86169086349       -2.29       -1.49    6.8    7.58s
  4   -73.86241218079       -3.14       -1.82    5.6    5.97s
  5   -73.86253683407       -3.90       -2.22    5.0    5.75s
  6   -73.86255976842       -4.64       -3.07    5.4    7.05s
  7   -73.86255979898       -7.51       -3.47    5.2    7.24s
  8   -73.86255980255       -8.45       -4.04    3.5    5.93s
  9   -73.86255980284       -9.54       -4.42    4.3    6.21s
 10   -73.86255980285      -10.92       -4.82    2.7    4.13s
 11   -73.86255980287      -10.73       -5.53    4.6    5.68s
 12   -73.86255980287      -12.27       -6.23    4.7    6.74s
 13   -73.86255980287   +  -12.59       -6.67    5.1    6.77s
 14   -73.86255980287   +  -12.94       -6.84    5.3    6.01s
 15   -73.86255980287   +  -12.85       -7.78    5.0    6.22s
┌ Warning: Negative ρcore detected: Dual{ForwardDiff.Tag{var"#19#21"{@NamedTuple{ham::Hamiltonian, basis::PlaneWaveBasis{Float64, Float64, DFTK.CPU, FFTGrid{Float64, Float64, Array{StaticArraysCore.SVector{3, Int64}, 3}, Array{StaticArraysCore.SVector{3, Float64}, 3}}, Vector{StaticArraysCore.SVector{3, Int64}}}, energies::Energies{Float64}, converged::Bool, occupation_threshold::Float64, ρ::Array{Float64, 4}, τ::Nothing, α::Float64, eigenvalues::Vector{Vector{Float64}}, occupation::Vector{Vector{Float64}}, εF::Float64, n_bands_converge::Int64, n_iter::Int64, n_matvec::Int64, ψ::Vector{Matrix{ComplexF64}}, diagonalization::Vector{@NamedTuple{λ::Vector{Vector{Float64}}, X::Vector{Matrix{ComplexF64}}, residual_norms::Vector{Vector{Float64}}, n_iter::Vector{Int64}, converged::Bool, n_matvec::Int64}}, stage::Symbol, history_Δρ::Vector{Float64}, history_Etot::Vector{Float64}, timedout::Bool, runtime_ns::UInt64, algorithm::String}, Model{Float64, Float64}, Float64, MonkhorstPack, var"#case#4"{Matrix{Float64}, Float64, MonkhorstPack, Vector{StaticArraysCore.SVector{3, Float64}}, Vector{ElementPsp{PspUpf{Float64, Interpolations.Extrapolation{Float64, 1, Interpolations.GriddedInterpolation{Float64, 1, Vector{Float64}, Interpolations.Gridded{Interpolations.Linear{Interpolations.Throw{Interpolations.OnGrid}}}, Tuple{Vector{Float64}}}, Interpolations.Gridded{Interpolations.Linear{Interpolations.Throw{Interpolations.OnGrid}}}, Interpolations.Throw{Nothing}}}}}, Float64, Float64, String}}, Float64}}(-3.390236262353372e-8,4.543040504588057e-8)
└ @ DFTK ~/.julia/packages/DFTK/n2IL4/src/terms/xc.jl:39
     3    -7.386256e+01     1.683880e-07
 * time: 752.3849880695343
 * Status: success

 * Candidate solution
    Final objective value:     -7.386256e+01

 * Found with
    Algorithm:     L-BFGS

 * Convergence measures
    |x - x'|               = 1.28e-04 ≰ -1.0e+00
    |x - x'|/|x'|          = 2.24e-05 ≰ 0.0e+00
    |f(x) - f(x')|         = 1.27e-09 ≤ 1.0e-08
    |f(x) - f(x')|/|f(x')| = 1.73e-11 ≰ 0.0e+00
    |g(x)|                 = 1.68e-07 ≤ 1.0e-06

 * Work counters
    Seconds run:   752  (vs limit Inf)
    Iterations:    3
    f(x) calls:    4
    ∇f(x) calls:   4

V: 892.597936 seconds (582.71 M allocations: 276.570 GiB, 6.53% gc time, 0.01% compilation time)
