n     Energy            log10(ΔE)   log10(Δρ)   Diag   Δtime
---   ---------------   ---------   ---------   ----   ------
  1   -8.722546118449                   -0.89    7.1    11.8s
  2   -8.729392346400       -2.16       -1.46    2.7    5.28s
  3   -8.730453484450       -2.97       -1.96    4.1    2.01s
  4   -8.730541804274       -4.05       -3.01    3.8    1.61s
  5   -8.730544760226       -5.53       -3.22    4.2    2.25s
  6   -8.730545009142       -6.60       -3.83    3.8    1.53s
  7   -8.730545026948       -7.75       -4.44    4.0    1.91s
  8   -8.730545027778       -9.08       -5.24    3.5    1.86s
  9   -8.730545027800      -10.66       -5.60    3.9    1.68s
 10   -8.730545027805      -11.31       -6.39    3.6    1.74s
 11   -8.730545027805      -12.89       -7.54    4.1    1.72s
Iter     Function value   Gradient norm 
     0    -8.730545e+00     2.537550e-02
 * time: 1.0013580322265625e-5
n     Energy            log10(ΔE)   log10(Δρ)   Diag   Δtime
---   ---------------   ---------   ---------   ----   ------
  1   -8.723206524349                   -0.89    7.2    2.82s
  2   -8.729880373492       -2.18       -1.40    2.4    1.50s
  3   -8.731086386915       -2.92       -2.00    4.2    1.80s
  4   -8.731162556623       -4.12       -3.06    3.9    2.05s
  5   -8.731165229415       -5.57       -3.43    4.4    1.96s
  6   -8.731165345373       -6.94       -3.78    4.3    2.38s
  7   -8.731165359666       -7.84       -4.70    3.8    1.55s
  8   -8.731165360095       -9.37       -5.76    4.0    2.10s
  9   -8.731165360097      -11.67       -5.79    4.2    1.98s
 10   -8.731165360098      -11.91       -7.09    3.4    1.71s
n     Energy            log10(ΔE)   log10(Δρ)   Diag   Δtime
---   ---------------   ---------   ---------   ----   ------
  1   -8.723209347676                   -0.89    7.2    2.62s
  2   -8.729882198992       -2.18       -1.40    2.4    1.49s
  3   -8.731085904401       -2.92       -2.00    4.2    1.74s
  4   -8.731162893710       -4.11       -3.06    3.7    1.91s
  5   -8.731165244805       -5.63       -3.47    4.4    1.83s
  6   -8.731165348143       -6.99       -3.83    4.5    2.07s
  7   -8.731165359384       -7.95       -4.47    3.9    1.54s
  8   -8.731165360091       -9.15       -5.87    3.9    1.90s
  9   -8.731165360097      -11.22       -5.86    4.8    2.00s
 10   -8.731165360098      -12.05       -6.84    3.3    1.88s
 11   -8.731165360098      -13.21       -7.31    4.4    1.82s
     1    -8.731165e+00     2.352433e-02
 * time: 54.55255103111267
n     Energy            log10(ΔE)   log10(Δρ)   Diag   Δtime
---   ---------------   ---------   ---------   ----   ------
  1   -8.727779219496                   -0.94    7.3    2.67s
  2   -8.734229669310       -2.19       -1.48    2.5    1.45s
  3   -8.735286239121       -2.98       -1.93    4.0    1.68s
  4   -8.735376249229       -4.05       -3.01    3.8    1.85s
  5   -8.735378729220       -5.61       -3.28    4.3    1.81s
  6   -8.735378870153       -6.85       -4.15    3.7    1.76s
  7   -8.735378879268       -8.04       -4.39    4.3    1.84s
  8   -8.735378880063       -9.10       -5.36    3.4    1.75s
  9   -8.735378880123      -10.22       -5.72    4.2    1.87s
 10   -8.735378880127      -11.49       -6.46    4.0    1.83s
 11   -8.735378880127      -12.84       -7.23    4.4    1.85s
n     Energy            log10(ΔE)   log10(Δρ)   Diag   Δtime
---   ---------------   ---------   ---------   ----   ------
  1   -8.727779803719                   -0.94    7.3    2.77s
  2   -8.734257642267       -2.19       -1.48    2.8    1.33s
  3   -8.735287686855       -2.99       -1.93    4.1    2.07s
  4   -8.735376509287       -4.05       -3.04    3.5    1.85s
  5   -8.735378747130       -5.65       -3.31    4.3    1.86s
  6   -8.735378872008       -6.90       -4.17    3.7    1.77s
  7   -8.735378879407       -8.13       -4.43    4.3    1.82s
  8   -8.735378880084       -9.17       -5.55    3.7    1.80s
  9   -8.735378880123      -10.41       -5.72    4.3    1.95s
 10   -8.735378880127      -11.49       -6.60    3.5    1.72s
 11   -8.735378880127      -13.03       -6.93    4.6    1.91s
 12   -8.735378880127      -14.27       -8.20    3.6    1.85s
     2    -8.735379e+00     3.711538e-03
 * time: 110.57919502258301
n     Energy            log10(ΔE)   log10(Δρ)   Diag   Δtime
---   ---------------   ---------   ---------   ----   ------
  1   -8.727995171218                   -0.94    7.3    2.75s
  2   -8.734386863442       -2.19       -1.49    2.5    1.29s
  3   -8.735429457266       -2.98       -1.97    4.2    2.14s
  4   -8.735509506934       -4.10       -3.08    3.7    1.96s
  5   -8.735511059107       -5.81       -3.42    4.1    1.80s
  6   -8.735511160463       -6.99       -4.41    3.8    1.83s
  7   -8.735511164223       -8.42       -4.66    4.2    1.83s
  8   -8.735511164452       -9.64       -5.67    3.7    1.80s
  9   -8.735511164471      -10.74       -5.74    4.5    1.96s
 10   -8.735511164473      -11.59       -6.73    3.4    1.67s
 11   -8.735511164473      -13.03       -7.61    4.4    1.91s
n     Energy            log10(ΔE)   log10(Δρ)   Diag   Δtime
---   ---------------   ---------   ---------   ----   ------
  1   -8.727992085237                   -0.94    7.3    2.79s
  2   -8.734393891728       -2.19       -1.49    2.6    1.35s
  3   -8.735429483783       -2.98       -1.97    4.2    2.09s
  4   -8.735509496684       -4.10       -3.08    3.8    1.98s
  5   -8.735511056990       -5.81       -3.41    4.2    1.87s
  6   -8.735511160069       -6.99       -4.38    3.9    1.88s
  7   -8.735511164212       -8.38       -4.65    4.3    1.86s
  8   -8.735511164451       -9.62       -5.65    3.7    1.83s
  9   -8.735511164471      -10.71       -5.75    4.4    1.97s
 10   -8.735511164473      -11.60       -6.75    3.5    1.69s
 11   -8.735511164473      -13.01       -7.62    4.6    1.95s
     3    -8.735511e+00     7.023908e-04
 * time: 166.52949619293213
n     Energy            log10(ΔE)   log10(Δρ)   Diag   Δtime
---   ---------------   ---------   ---------   ----   ------
  1   -8.727978097279                   -0.95    7.2    2.68s
  2   -8.734379895201       -2.19       -1.49    2.7    1.48s
  3   -8.735435212418       -2.98       -1.98    4.2    2.08s
  4   -8.735514999294       -4.10       -3.10    3.8    2.30s
  5   -8.735516220494       -5.91       -3.49    4.2    1.82s
  6   -8.735516307619       -7.06       -4.49    3.9    1.97s
  7   -8.735516309954       -8.63       -4.90    4.0    1.82s
  8   -8.735516310028      -10.13       -5.86    3.9    1.84s
  9   -8.735516310035      -11.18       -5.97    4.4    2.19s
 10   -8.735516310035      -12.07       -6.90    3.5    1.44s
 11   -8.735516310035      -13.41       -7.77    4.3    2.16s
n     Energy            log10(ΔE)   log10(Δρ)   Diag   Δtime
---   ---------------   ---------   ---------   ----   ------
  1   -8.727971642912                   -0.95    7.1    2.66s
  2   -8.734375623340       -2.19       -1.49    2.7    1.59s
  3   -8.735434966819       -2.97       -1.98    4.2    1.82s
  4   -8.735514397085       -4.10       -3.07    3.7    1.97s
  5   -8.735516196912       -5.74       -3.42    4.2    1.85s
  6   -8.735516305724       -6.96       -4.53    3.7    1.87s
  7   -8.735516309876       -8.38       -4.76    4.2    1.87s
  8   -8.735516310018       -9.85       -5.70    3.6    1.80s
  9   -8.735516310033      -10.80       -5.81    4.3    1.91s
 10   -8.735516310035      -11.74       -6.71    3.8    1.81s
 11   -8.735516310035      -12.94       -7.77    4.0    1.83s
     4    -8.735516e+00     2.927237e-05
 * time: 223.40009117126465
n     Energy            log10(ΔE)   log10(Δρ)   Diag   Δtime
---   ---------------   ---------   ---------   ----   ------
  1   -8.727982273253                   -0.95    7.3    2.80s
  2   -8.734390493018       -2.19       -1.49    2.7    1.66s
  3   -8.735436695503       -2.98       -1.98    4.2    1.87s
  4   -8.735514754170       -4.11       -3.10    3.8    2.01s
  5   -8.735516221491       -5.83       -3.46    4.2    1.91s
  6   -8.735516316305       -7.02       -4.51    3.9    1.98s
  7   -8.735516318966       -8.58       -4.82    4.2    2.20s
  8   -8.735516319076       -9.96       -5.78    4.1    1.64s
  9   -8.735516319085      -11.03       -5.89    4.5    2.33s
 10   -8.735516319086      -11.88       -6.77    3.8    1.52s
 11   -8.735516319086      -13.13       -7.91    3.9    2.10s
n     Energy            log10(ΔE)   log10(Δρ)   Diag   Δtime
---   ---------------   ---------   ---------   ----   ------
  1   -8.727976033952                   -0.95    7.3    2.86s
  2   -8.734404326349       -2.19       -1.49    2.6    1.63s
  3   -8.735436404642       -2.99       -1.99    4.3    1.88s
  4   -8.735514588152       -4.11       -3.12    3.8    2.05s
  5   -8.735516219887       -5.79       -3.46    4.2    1.95s
  6   -8.735516316265       -7.02       -4.54    3.8    1.94s
  7   -8.735516318994       -8.56       -4.87    4.1    1.88s
  8   -8.735516319077      -10.08       -5.80    3.8    1.92s
  9   -8.735516319086      -11.09       -6.02    4.2    1.90s
 10   -8.735516319086      -12.14       -7.10    3.8    1.79s
     5    -8.735516e+00     2.777530e-07
 * time: 278.4386041164398
 * Status: success

 * Candidate solution
    Final objective value:     -8.735516e+00

 * Found with
    Algorithm:     L-BFGS

 * Convergence measures
    |x - x'|               = 6.13e-04 ≰ -1.0e+00
    |x - x'|/|x'|          = 5.69e-05 ≰ 0.0e+00
    |f(x) - f(x')|         = 9.05e-09 ≤ 1.0e-08
    |f(x) - f(x')|/|f(x')| = 1.04e-09 ≰ 0.0e+00
    |g(x)|                 = 2.78e-07 ≤ 1.0e-06

 * Work counters
    Seconds run:   278  (vs limit Inf)
    Iterations:    5
    f(x) calls:    6
    ∇f(x) calls:   6

Si: 361.566824 seconds (520.40 M allocations: 117.701 GiB, 8.60% gc time, 15.17% compilation time: <1% of which was recompilation)
n     Energy            log10(ΔE)   log10(Δρ)   Diag   Δtime
---   ---------------   ---------   ---------   ----   ------
  1   -63.70430078110                   -0.90    9.2    20.5s
  2   -63.71473258342       -1.98       -1.02    2.5    7.83s
  3   -63.72838417600       -1.86       -2.12    4.1    9.33s
  4   -63.72842572531       -4.38       -2.29    3.4    9.09s
  5   -63.72844811237       -4.65       -3.40    2.3    7.19s
  6   -63.72844839504       -6.55       -3.72    4.0    10.4s
  7   -63.72844849926       -6.98       -4.77    2.8    7.64s
  8   -63.72844849970       -9.36       -5.15    4.0    10.5s
  9   -63.72844849971      -10.79       -6.11    2.7    8.38s
 10   -63.72844849971      -12.10       -6.55    3.8    10.2s
 11   -63.72844849971      -13.25       -7.34    2.9    8.34s
Iter     Function value   Gradient norm 
     0    -6.372845e+01     9.676756e-03
 * time: 5.0067901611328125e-6
n     Energy            log10(ΔE)   log10(Δρ)   Diag   Δtime
---   ---------------   ---------   ---------   ----   ------
  1   -63.70435743631                   -0.90    9.2    18.6s
  2   -63.71480511762       -1.98       -1.02    2.4    7.29s
  3   -63.72847746777       -1.86       -2.12    4.1    9.14s
  4   -63.72851841141       -4.39       -2.30    3.3    10.9s
  5   -63.72854049272       -4.66       -3.42    2.3    7.52s
  6   -63.72854075183       -6.59       -3.75    4.0    10.3s
  7   -63.72854084536       -7.03       -4.83    3.0    8.41s
  8   -63.72854084569       -9.49       -5.22    4.1    10.7s
  9   -63.72854084570      -10.84       -6.27    2.8    8.30s
 10   -63.72854084570      -12.19       -6.69    4.0    10.9s
 11   -63.72854084570   +  -13.25       -7.58    2.9    8.63s
n     Energy            log10(ΔE)   log10(Δρ)   Diag   Δtime
---   ---------------   ---------   ---------   ----   ------
  1   -63.70435864939                   -0.90    9.2    17.7s
  2   -63.71478635215       -1.98       -1.02    2.4    7.08s
  3   -63.72847791137       -1.86       -2.12    3.9    8.82s
  4   -63.72851863634       -4.39       -2.30    3.4    9.31s
  5   -63.72854049518       -4.66       -3.42    2.4    7.34s
  6   -63.72854075077       -6.59       -3.75    4.0    9.74s
  7   -63.72854084537       -7.02       -4.84    3.1    8.14s
  8   -63.72854084569       -9.50       -5.24    4.1    10.4s
  9   -63.72854084570      -10.86       -6.29    2.7    8.18s
 10   -63.72854084570      -12.15       -6.73    4.1    10.8s
 11   -63.72854084570   +  -13.45       -7.63    2.9    8.13s
     1    -6.372854e+01     9.409735e-03
 * time: 251.45733499526978
n     Energy            log10(ΔE)   log10(Δρ)   Diag   Δtime
---   ---------------   ---------   ---------   ----   ------
  1   -63.70462232278                   -0.91    9.8    20.5s
  2   -63.71345573653       -2.05       -0.99    2.7    8.11s
  3   -63.73024385070       -1.77       -2.11    4.2    10.2s
  4   -63.73028653234       -4.37       -2.27    3.3    9.75s
  5   -63.73031453337       -4.55       -3.36    2.3    8.26s
  6   -63.73031491344       -6.42       -3.66    4.0    10.9s
  7   -63.73031506240       -6.83       -4.72    2.9    8.55s
  8   -63.73031506309       -9.16       -5.11    4.1    11.5s
  9   -63.73031506312      -10.65       -6.15    2.9    9.32s
 10   -63.73031506312      -11.93       -6.60    4.0    11.4s
 11   -63.73031506312      -13.15       -7.55    3.0    9.19s
n     Energy            log10(ΔE)   log10(Δρ)   Diag   Δtime
---   ---------------   ---------   ---------   ----   ------
  1   -63.70462300107                   -0.91    9.8    20.7s
  2   -63.71340239052       -2.06       -0.99    2.6    8.08s
  3   -63.73024315242       -1.77       -2.11    4.2    10.1s
  4   -63.73028640035       -4.36       -2.27    3.3    9.84s
  5   -63.73031451600       -4.55       -3.35    2.3    8.24s
  6   -63.73031490824       -6.41       -3.66    4.0    10.9s
  7   -63.73031506235       -6.81       -4.71    2.7    8.40s
  8   -63.73031506309       -9.13       -5.10    4.1    11.6s
  9   -63.73031506312      -10.64       -6.14    2.7    9.09s
 10   -63.73031506312      -11.95       -6.57    4.0    11.5s
 11   -63.73031506312      -14.15       -7.49    2.7    8.71s
     2    -6.373032e+01     1.373061e-03
 * time: 524.8109929561615
n     Energy            log10(ΔE)   log10(Δρ)   Diag   Δtime
---   ---------------   ---------   ---------   ----   ------
  1   -63.70438046796                   -0.91    9.5    20.0s
  2   -63.71297544880       -2.07       -0.99    2.5    8.07s
  3   -63.73028914309       -1.76       -2.11    4.2    9.77s
  4   -63.73033139162       -4.37       -2.26    3.4    10.3s
  5   -63.73036106706       -4.53       -3.35    2.4    7.94s
  6   -63.73036147990       -6.38       -3.65    3.9    11.2s
  7   -63.73036163842       -6.80       -4.71    2.9    8.27s
  8   -63.73036163914       -9.14       -5.11    4.2    11.7s
  9   -63.73036163916      -10.64       -6.15    2.9    8.84s
 10   -63.73036163917      -11.90       -6.53    4.0    11.7s
 11   -63.73036163917   +  -13.19       -7.54    2.8    8.81s
n     Energy            log10(ΔE)   log10(Δρ)   Diag   Δtime
---   ---------------   ---------   ---------   ----   ------
  1   -63.70438024417                   -0.91    9.4    20.5s
  2   -63.71298359384       -2.07       -0.99    2.5    7.81s
  3   -63.73028910696       -1.76       -2.10    4.1    10.2s
  4   -63.73033133692       -4.37       -2.26    3.3    9.95s
  5   -63.73036106806       -4.53       -3.35    2.4    8.34s
  6   -63.73036148544       -6.38       -3.66    4.0    11.1s
  7   -63.73036163842       -6.82       -4.72    2.8    8.79s
  8   -63.73036163914       -9.14       -5.13    4.2    11.7s
  9   -63.73036163916      -10.67       -6.16    2.9    9.39s
 10   -63.73036163917      -11.95       -6.54    4.0    11.6s
 11   -63.73036163917      -13.15       -7.41    2.8    9.13s
     3    -6.373036e+01     2.361995e-04
 * time: 796.1826658248901
n     Energy            log10(ΔE)   log10(Δρ)   Diag   Δtime
---   ---------------   ---------   ---------   ----   ------
  1   -63.70431991236                   -0.91    9.2    19.9s
  2   -63.71269858373       -2.08       -0.99    2.4    7.83s
  3   -63.73028886315       -1.75       -2.11    4.0    10.1s
  4   -63.73033278780       -4.36       -2.26    3.4    9.90s
  5   -63.73036249786       -4.53       -3.33    2.3    8.05s
  6   -63.73036293758       -6.36       -3.63    3.9    10.8s
  7   -63.73036311233       -6.76       -4.70    2.9    8.68s
  8   -63.73036311309       -9.12       -5.08    4.1    11.6s
  9   -63.73036311312      -10.60       -6.10    2.8    9.08s
 10   -63.73036311312      -11.90       -6.60    4.1    11.7s
 11   -63.73036311312      -13.30       -7.44    3.0    9.66s
n     Energy            log10(ΔE)   log10(Δρ)   Diag   Δtime
---   ---------------   ---------   ---------   ----   ------
  1   -63.70431868464                   -0.91    9.2    19.8s
  2   -63.71269011708       -2.08       -0.99    2.4    7.77s
  3   -63.73028898929       -1.75       -2.11    4.2    10.2s
  4   -63.73033286588       -4.36       -2.26    3.3    9.90s
  5   -63.73036250310       -4.53       -3.33    2.4    8.37s
  6   -63.73036294405       -6.36       -3.64    4.0    11.1s
  7   -63.73036311222       -6.77       -4.67    2.9    8.60s
  8   -63.73036311309       -9.06       -5.06    4.1    11.5s
  9   -63.73036311312      -10.58       -6.06    2.8    9.13s
 10   -63.73036311312      -11.92       -6.52    4.0    11.5s
 11   -63.73036311312      -12.87       -7.41    3.0    9.53s
     4    -6.373036e+01     7.728025e-06
 * time: 1068.1572480201721
n     Energy            log10(ΔE)   log10(Δρ)   Diag   Δtime
---   ---------------   ---------   ---------   ----   ------
  1   -63.70431973242                   -0.91    9.6    20.6s
  2   -63.71271021195       -2.08       -0.99    2.6    7.85s
  3   -63.73028866516       -1.76       -2.11    4.1    9.92s
  4   -63.73033262023       -4.36       -2.26    3.4    9.85s
  5   -63.73036250591       -4.52       -3.33    2.4    8.37s
  6   -63.73036294370       -6.36       -3.64    4.0    11.0s
  7   -63.73036311383       -6.77       -4.69    3.1    8.69s
  8   -63.73036311469       -9.06       -5.10    4.2    11.5s
  9   -63.73036311472      -10.64       -6.12    3.0    9.57s
 10   -63.73036311472      -11.93       -6.58    4.1    11.5s
 11   -63.73036311472      -13.15       -7.46    3.0    9.52s
n     Energy            log10(ΔE)   log10(Δρ)   Diag   Δtime
---   ---------------   ---------   ---------   ----   ------
  1   -63.70432079535                   -0.91    9.5    20.3s
  2   -63.71272135291       -2.08       -0.99    2.5    7.69s
  3   -63.73028867519       -1.76       -2.11    4.2    10.3s
  4   -63.73033248787       -4.36       -2.26    3.3    9.85s
  5   -63.73036250271       -4.52       -3.33    2.3    8.29s
  6   -63.73036294682       -6.35       -3.64    3.9    10.9s
  7   -63.73036311374       -6.78       -4.67    2.9    8.51s
  8   -63.73036311469       -9.02       -5.05    4.1    11.6s
  9   -63.73036311472      -10.56       -6.05    2.8    9.22s
 10   -63.73036311472      -11.88       -6.52    4.1    11.6s
 11   -63.73036311472      -13.55       -7.29    2.7    9.10s
     5    -6.373036e+01     3.993067e-08
 * time: 1341.2229659557343
 * Status: success

 * Candidate solution
    Final objective value:     -6.373036e+01

 * Found with
    Algorithm:     L-BFGS

 * Convergence measures
    |x - x'|               = 4.09e-04 ≰ -1.0e+00
    |x - x'|/|x'|          = 3.67e-05 ≰ 0.0e+00
    |f(x) - f(x')|         = 1.60e-09 ≤ 1.0e-08
    |f(x) - f(x')|/|f(x')| = 2.51e-11 ≰ 0.0e+00
    |g(x)|                 = 3.99e-08 ≤ 1.0e-06

 * Work counters
    Seconds run:   1341  (vs limit Inf)
    Iterations:    5
    f(x) calls:    6
    ∇f(x) calls:   6

NaCl: 1476.516987 seconds (1.52 G allocations: 425.551 GiB, 5.79% gc time, 0.23% compilation time)
n     Energy            log10(ΔE)   log10(Δρ)   Diag   Δtime
---   ---------------   ---------   ---------   ----   ------
  1   -2.357182168331                   -1.69    5.5    2.17s
  2   -2.357693388508       -3.29       -1.92    1.4    798ms
  3   -2.358093075064       -3.40       -2.53    4.5    1.99s
  4   -2.358138157968       -4.35       -3.05    4.4    1.63s
  5   -2.358140223386       -5.68       -3.48    3.5    1.67s
  6   -2.358140588849       -6.44       -4.11    3.6    1.38s
  7   -2.358140616604       -7.56       -4.75    4.0    1.81s
  8   -2.358140616940       -9.47       -5.29    3.3    1.28s
  9   -2.358140617071       -9.88       -5.54    3.9    1.80s
 10   -2.358140617093      -10.67       -6.14    3.4    1.28s
 11   -2.358140617095      -11.67       -6.57    3.3    1.34s
 12   -2.358140617095      -12.91       -7.03    3.5    1.68s
Iter     Function value   Gradient norm 
     0    -2.358141e+00     2.163040e-02
 * time: 5.9604644775390625e-6
n     Energy            log10(ΔE)   log10(Δρ)   Diag   Δtime
---   ---------------   ---------   ---------   ----   ------
  1   -2.357666171804                   -1.69    5.4    2.14s
  2   -2.358167237502       -3.30       -1.93    1.3    783ms
  3   -2.358557946963       -3.41       -2.55    4.5    1.97s
  4   -2.358598181377       -4.40       -3.06    4.5    1.96s
  5   -2.358600248010       -5.68       -3.42    3.4    1.33s
  6   -2.358600763564       -6.29       -4.05    3.6    1.74s
  7   -2.358600799705       -7.44       -4.67    3.9    1.51s
  8   -2.358600800448       -9.13       -5.28    3.3    1.31s
  9   -2.358600800551       -9.99       -5.51    3.6    1.73s
 10   -2.358600800592      -10.38       -6.06    3.4    1.34s
 11   -2.358600800595      -11.69       -6.83    3.4    1.70s
 12   -2.358600800594   +  -12.81       -7.15    4.3    1.63s
n     Energy            log10(ΔE)   log10(Δρ)   Diag   Δtime
---   ---------------   ---------   ---------   ----   ------
  1   -2.357668206999                   -1.69    5.4    2.14s
  2   -2.358168068644       -3.30       -1.93    1.4    787ms
  3   -2.358558168221       -3.41       -2.55    4.5    2.00s
  4   -2.358598161709       -4.40       -3.06    4.4    1.64s
  5   -2.358600245537       -5.68       -3.42    3.5    1.69s
  6   -2.358600759081       -6.29       -4.02    3.6    1.37s
  7   -2.358600799444       -7.39       -4.69    4.0    1.58s
  8   -2.358600800467       -8.99       -5.26    3.6    1.69s
  9   -2.358600800554      -10.06       -5.53    3.3    1.62s
 10   -2.358600800593      -10.42       -6.05    3.2    1.28s
 11   -2.358600800594      -11.73       -6.92    3.3    1.29s
 12   -2.358600800594   +  -13.59       -7.42    3.8    1.74s
     1    -2.358601e+00     2.092940e-02
 * time: 68.83575296401978
n     Energy            log10(ΔE)   log10(Δρ)   Diag   Δtime
---   ---------------   ---------   ---------   ----   ------
  1   -2.366996147549                   -1.94    5.7    1.87s
  2   -2.367291697405       -3.53       -2.16    1.2    641ms
  3   -2.367493097655       -3.70       -2.81    4.5    1.70s
  4   -2.367503535109       -4.98       -3.22    4.0    1.25s
  5   -2.367505601683       -5.68       -3.84    4.0    1.51s
  6   -2.367505736576       -6.87       -4.16    3.6    1.15s
  7   -2.367505766378       -7.53       -4.96    3.6    1.40s
  8   -2.367505767139       -9.12       -5.46    4.2    1.24s
  9   -2.367505767214      -10.12       -6.32    3.2    1.31s
 10   -2.367505767216      -11.71       -6.91    3.9    1.18s
 11   -2.367505767216      -13.14       -7.30    3.6    1.42s
n     Energy            log10(ΔE)   log10(Δρ)   Diag   Δtime
---   ---------------   ---------   ---------   ----   ------
  1   -2.366995761966                   -1.94    5.7    1.88s
  2   -2.367291758303       -3.53       -2.16    1.2    630ms
  3   -2.367493108320       -3.70       -2.81    4.6    1.63s
  4   -2.367503538046       -4.98       -3.22    4.0    1.20s
  5   -2.367505601963       -5.69       -3.84    3.9    1.42s
  6   -2.367505736981       -6.87       -4.16    3.7    1.12s
  7   -2.367505766353       -7.53       -4.95    3.5    1.35s
  8   -2.367505767144       -9.10       -5.48    4.1    1.21s
  9   -2.367505767214      -10.16       -6.33    3.3    1.30s
 10   -2.367505767216      -11.73       -6.98    3.8    1.15s
 11   -2.367505767216      -13.18       -7.37    3.3    1.34s
     2    -2.367506e+00     9.695517e-03
 * time: 128.54496502876282
n     Energy            log10(ΔE)   log10(Δρ)   Diag   Δtime
---   ---------------   ---------   ---------   ----   ------
  1   -2.371413482656                   -2.11    5.7    3.42s
  2   -2.371606474733       -3.71       -2.33    1.2    1.54s
  3   -2.371700768428       -4.03       -3.05    4.5    2.72s
  4   -2.371703723019       -5.53       -3.30    3.8    2.63s
  5   -2.371705011793       -5.89       -3.81    3.6    2.28s
  6   -2.371705150018       -6.86       -4.18    4.0    2.71s
  7   -2.371705161163       -7.95       -4.60    3.4    2.44s
  8   -2.371705163852       -8.57       -5.53    3.5    2.22s
  9   -2.371705163880      -10.56       -6.32    3.5    2.60s
 10   -2.371705163880      -12.17       -6.51    4.0    2.53s
 11   -2.371705163881      -12.49       -7.37    2.9    2.29s
n     Energy            log10(ΔE)   log10(Δρ)   Diag   Δtime
---   ---------------   ---------   ---------   ----   ------
  1   -2.371413871752                   -2.11    5.7    3.08s
  2   -2.371606770286       -3.71       -2.33    1.3    1.58s
  3   -2.371700783159       -4.03       -3.05    4.6    2.76s
  4   -2.371703741924       -5.53       -3.30    3.8    2.62s
  5   -2.371705011229       -5.90       -3.81    3.5    2.26s
  6   -2.371705150044       -6.86       -4.18    3.9    2.82s
  7   -2.371705160910       -7.96       -4.58    3.4    2.55s
  8   -2.371705163852       -8.53       -5.52    3.4    2.15s
  9   -2.371705163879      -10.57       -6.24    3.5    2.56s
 10   -2.371705163880      -12.00       -6.45    3.9    2.43s
 11   -2.371705163881      -12.36       -7.34    2.9    2.23s
     3    -2.371705e+00     5.670841e-03
 * time: 215.48093485832214
n     Energy            log10(ΔE)   log10(Δρ)   Diag   Δtime
---   ---------------   ---------   ---------   ----   ------
  1   -2.374277118419                   -2.13    5.9    3.85s
  2   -2.374378476916       -3.99       -2.36    1.1    1.72s
  3   -2.374413180735       -4.46       -3.20    4.0    2.85s
  4   -2.374414454953       -5.89       -3.47    3.7    2.91s
  5   -2.374414875284       -6.38       -3.91    3.4    2.76s
  6   -2.374414919459       -7.35       -4.36    3.1    2.63s
  7   -2.374414923726       -8.37       -4.81    3.1    2.31s
  8   -2.374414924327       -9.22       -5.60    2.7    2.45s
  9   -2.374414924358      -10.51       -6.31    3.3    2.71s
 10   -2.374414924359      -11.81       -6.68    3.4    2.56s
 11   -2.374414924359      -12.79       -7.41    2.7    2.48s
n     Energy            log10(ΔE)   log10(Δρ)   Diag   Δtime
---   ---------------   ---------   ---------   ----   ------
  1   -2.374279022862                   -2.13    5.9    3.98s
  2   -2.374379011601       -4.00       -2.36    1.1    1.78s
  3   -2.374413128491       -4.47       -3.20    4.0    2.96s
  4   -2.374414474994       -5.87       -3.49    3.5    2.94s
  5   -2.374414876025       -6.40       -3.92    3.4    2.88s
  6   -2.374414919734       -7.36       -4.38    3.0    2.68s
  7   -2.374414923741       -8.40       -4.80    3.1    2.32s
  8   -2.374414924327       -9.23       -5.61    2.5    2.35s
  9   -2.374414924358      -10.52       -6.32    3.3    2.73s
 10   -2.374414924359      -11.79       -6.67    3.4    2.49s
 11   -2.374414924359      -12.92       -7.39    2.6    2.39s
     4    -2.374415e+00     1.437174e-03
 * time: 309.731556892395
n     Energy            log10(ΔE)   log10(Δρ)   Diag   Δtime
---   ---------------   ---------   ---------   ----   ------
  1   -2.374554021639                   -2.12    6.0    3.28s
  2   -2.374635438189       -4.09       -2.35    1.2    1.51s
  3   -2.374662582304       -4.57       -3.22    4.1    2.72s
  4   -2.374663686885       -5.96       -3.53    3.6    2.13s
  5   -2.374663924514       -6.62       -3.99    3.3    2.30s
  6   -2.374663972936       -7.31       -4.46    3.5    2.31s
  7   -2.374663974322       -8.86       -4.71    2.1    1.78s
  8   -2.374663975432       -8.95       -5.43    2.6    1.98s
  9   -2.374663975487      -10.27       -6.00    3.2    1.90s
 10   -2.374663975487      -12.25       -6.45    2.2    1.77s
 11   -2.374663975487      -12.71       -7.06    2.3    1.87s
n     Energy            log10(ΔE)   log10(Δρ)   Diag   Δtime
---   ---------------   ---------   ---------   ----   ------
  1   -2.374553182578                   -2.12    6.0    3.50s
  2   -2.374635823833       -4.08       -2.35    1.2    1.23s
  3   -2.374662578537       -4.57       -3.22    4.0    2.60s
  4   -2.374663681942       -5.96       -3.53    3.6    2.38s
  5   -2.374663924001       -6.62       -3.99    3.3    2.25s
  6   -2.374663972930       -7.31       -4.46    3.4    2.20s
  7   -2.374663974322       -8.86       -4.71    2.2    1.42s
  8   -2.374663975433       -8.95       -5.43    2.6    1.87s
  9   -2.374663975487      -10.27       -6.01    3.2    2.08s
 10   -2.374663975487      -12.23       -6.45    2.2    1.48s
 11   -2.374663975487      -12.72       -7.10    2.3    1.79s
     5    -2.374664e+00     4.184497e-04
 * time: 391.0492310523987
n     Energy            log10(ΔE)   log10(Δρ)   Diag   Δtime
---   ---------------   ---------   ---------   ----   ------
  1   -2.374576693973                   -2.12    6.1    3.57s
  2   -2.374657693473       -4.09       -2.35    1.2    1.18s
  3   -2.374683149454       -4.59       -3.21    4.0    2.60s
  4   -2.374684225502       -5.97       -3.60    3.7    2.42s
  5   -2.374684414965       -6.72       -4.04    3.3    2.23s
  6   -2.374684448484       -7.47       -4.57    3.0    2.12s
  7   -2.374684449605       -8.95       -4.84    2.5    1.94s
  8   -2.374684450325       -9.14       -5.52    2.7    1.74s
  9   -2.374684450356      -10.51       -6.35    3.0    2.15s
 10   -2.374684450357      -12.04       -6.67    3.0    2.19s
 11   -2.374684450357      -12.63       -7.44    2.8    2.04s
n     Energy            log10(ΔE)   log10(Δρ)   Diag   Δtime
---   ---------------   ---------   ---------   ----   ------
  1   -2.374578550666                   -2.12    6.1    3.39s
  2   -2.374657990088       -4.10       -2.35    1.2    1.54s
  3   -2.374683123935       -4.60       -3.20    3.9    2.64s
  4   -2.374684229055       -5.96       -3.61    3.6    2.16s
  5   -2.374684415437       -6.73       -4.05    3.3    2.31s
  6   -2.374684448485       -7.48       -4.57    3.1    2.24s
  7   -2.374684449632       -8.94       -4.85    2.6    1.99s
  8   -2.374684450326       -9.16       -5.52    2.7    2.08s
  9   -2.374684450356      -10.52       -6.36    3.0    1.88s
 10   -2.374684450357      -12.07       -6.69    3.0    2.25s
 11   -2.374684450357      -12.64       -7.46    2.8    2.09s
     6    -2.374684e+00     4.297691e-05
 * time: 475.799458026886
n     Energy            log10(ΔE)   log10(Δρ)   Diag   Δtime
---   ---------------   ---------   ---------   ----   ------
  1   -2.374576284534                   -2.12    5.9    3.59s
  2   -2.374657367253       -4.09       -2.35    1.1    1.13s
  3   -2.374683329947       -4.59       -3.20    4.0    2.58s
  4   -2.374684433361       -5.96       -3.59    3.6    2.44s
  5   -2.374684635121       -6.70       -4.04    3.4    2.36s
  6   -2.374684669836       -7.46       -4.56    3.2    2.38s
  7   -2.374684670962       -8.95       -4.83    2.5    1.98s
  8   -2.374684671714       -9.12       -5.52    2.7    1.76s
  9   -2.374684671745      -10.50       -6.34    3.1    2.25s
 10   -2.374684671746      -12.09       -6.66    3.0    2.17s
 11   -2.374684671746      -12.66       -7.42    2.8    1.76s
n     Energy            log10(ΔE)   log10(Δρ)   Diag   Δtime
---   ---------------   ---------   ---------   ----   ------
  1   -2.374577729105                   -2.12    5.9    3.55s
  2   -2.374657721652       -4.10       -2.35    1.1    1.15s
  3   -2.374683335333       -4.59       -3.20    4.0    2.58s
  4   -2.374684426333       -5.96       -3.59    3.5    2.37s
  5   -2.374684635308       -6.68       -4.04    3.4    2.33s
  6   -2.374684669849       -7.46       -4.56    3.1    2.20s
  7   -2.374684670962       -8.95       -4.83    2.5    1.64s
  8   -2.374684671712       -9.12       -5.51    2.7    2.05s
  9   -2.374684671745      -10.48       -6.34    3.1    2.21s
 10   -2.374684671746      -12.08       -6.66    3.0    2.20s
 11   -2.374684671747      -12.66       -7.43    2.7    1.68s
     7    -2.374685e+00     1.919325e-07
 * time: 560.7511570453644
 * Status: success

 * Candidate solution
    Final objective value:     -2.374685e+00

 * Found with
    Algorithm:     L-BFGS

 * Convergence measures
    |x - x'|               = 1.02e-02 ≰ -1.0e+00
    |x - x'|/|x'|          = 1.02e-03 ≰ 0.0e+00
    |f(x) - f(x')|         = 2.21e-07 ≰ 1.0e-08
    |f(x) - f(x')|/|f(x')| = 9.32e-08 ≰ 0.0e+00
    |g(x)|                 = 1.92e-07 ≤ 1.0e-06

 * Work counters
    Seconds run:   561  (vs limit Inf)
    Iterations:    7
    f(x) calls:    8
    ∇f(x) calls:   8

Al: 600.401129 seconds (579.84 M allocations: 160.826 GiB, 8.13% gc time, 0.00% compilation time)
n     Energy            log10(ΔE)   log10(Δρ)   Diag   Δtime
---   ---------------   ---------   ---------   ----   ------
  1   -74.94116455557                   -1.23    9.2    9.70s
  2   -74.94171220724       -3.26       -1.36    2.4    3.78s
  3   -74.94233372674       -3.21       -1.98    6.4    7.15s
  4   -74.94234323827       -5.02       -2.84    4.1    4.84s
  5   -74.94234368879       -6.35       -3.14    4.8    5.72s
  6   -74.94234391229       -6.65       -3.39    3.4    4.30s
  7   -74.94234404951       -6.86       -3.75    4.9    5.56s
  8   -74.94234406564       -7.79       -4.04    3.9    4.93s
  9   -74.94234407000       -8.36       -4.35    4.1    5.04s
 10   -74.94234407130       -8.89       -4.80    5.0    5.76s
 11   -74.94234407131      -10.85       -5.25    3.4    4.41s
 12   -74.94234407130   +  -11.03       -5.45    4.4    5.02s
 13   -74.94234407131      -10.99       -6.16    4.4    5.30s
 14   -74.94234407131      -12.34       -6.43    4.9    5.82s
 15   -74.94234407131      -13.07       -6.74    2.4    3.53s
 16   -74.94234407131      -13.37       -7.09    4.3    5.11s
Iter     Function value   Gradient norm 
     0    -7.494234e+01     4.616072e-02
 * time: 5.0067901611328125e-6
n     Energy            log10(ΔE)   log10(Δρ)   Diag   Δtime
---   ---------------   ---------   ---------   ----   ------
  1   -74.94306510166                   -1.22    9.5    9.93s
  2   -74.94362252685       -3.25       -1.35    2.5    4.10s
  3   -74.94428579935       -3.18       -1.96    6.5    7.07s
  4   -74.94429648440       -4.97       -2.81    4.2    4.86s
  5   -74.94429705770       -6.24       -3.10    5.0    5.83s
  6   -74.94429732828       -6.57       -3.35    3.4    4.31s
  7   -74.94429749406       -6.78       -3.70    4.8    5.80s
  8   -74.94429751683       -7.64       -4.00    4.1    4.91s
  9   -74.94429752180       -8.30       -4.27    3.9    4.76s
 10   -74.94429752382       -8.69       -4.72    5.1    5.53s
 11   -74.94429752384      -10.63       -5.16    3.4    4.23s
 12   -74.94429752383   +  -10.91       -5.37    4.4    4.99s
 13   -74.94429752385      -10.80       -6.07    4.5    5.11s
 14   -74.94429752385      -12.32       -6.31    5.1    6.02s
 15   -74.94429752385      -13.07       -6.61    1.9    3.15s
 16   -74.94429752385      -12.89       -6.93    4.3    5.02s
 17   -74.94429752385   +  -13.85       -7.32    4.7    5.34s
n     Energy            log10(ΔE)   log10(Δρ)   Diag   Δtime
---   ---------------   ---------   ---------   ----   ------
  1   -74.94306794451                   -1.22    9.4    9.83s
  2   -74.94362819835       -3.25       -1.35    2.6    3.85s
  3   -74.94428564241       -3.18       -1.96    6.5    6.99s
  4   -74.94429653171       -4.96       -2.81    4.2    4.76s
  5   -74.94429707677       -6.26       -3.11    4.9    5.77s
  6   -74.94429733723       -6.58       -3.36    3.4    4.35s
  7   -74.94429749354       -6.81       -3.70    4.8    5.43s
  8   -74.94429751758       -7.62       -4.02    4.0    5.01s
  9   -74.94429752179       -8.38       -4.27    3.9    4.81s
 10   -74.94429752382       -8.69       -4.73    5.0    5.69s
 11   -74.94429752384      -10.65       -5.18    3.5    4.37s
 12   -74.94429752383   +  -10.95       -5.39    4.4    4.85s
 13   -74.94429752385      -10.85       -6.05    4.5    4.92s
 14   -74.94429752385      -12.13       -6.29    4.7    5.48s
 15   -74.94429752385      -13.55       -6.61    2.4    3.45s
 16   -74.94429752385      -13.00       -6.94    4.3    5.06s
 17   -74.94429752385   +  -13.85       -7.29    4.7    5.34s
     1    -7.494430e+01     3.855825e-02
 * time: 243.02062606811523
n     Energy            log10(ΔE)   log10(Δρ)   Diag   Δtime
---   ---------------   ---------   ---------   ----   ------
  1   -74.94761002787                   -1.20    9.7    18.9s
  2   -74.94835959024       -3.13       -1.30    2.6    7.60s
  3   -74.94937089724       -3.00       -1.82    6.8    13.9s
  4   -74.94939443594       -4.63       -2.61    3.5    8.59s
  5   -74.94939556268       -5.95       -2.87    5.2    11.4s
  6   -74.94939654869       -6.01       -3.07    3.7    8.63s
  7   -74.94939718377       -6.20       -3.39    4.6    10.1s
  8   -74.94939730180       -6.93       -3.72    4.5    10.2s
  9   -74.94939731695       -7.82       -3.99    4.2    9.48s
 10   -74.94939732218       -8.28       -4.36    4.4    9.80s
 11   -74.94939732255       -9.43       -4.73    5.2    11.4s
 12   -74.94939732275       -9.69       -5.05    5.4    11.0s
 13   -74.94939732280      -10.31       -5.26    4.2    9.17s
 14   -74.94939732281      -10.92       -5.91    4.2    9.41s
 15   -74.94939732281      -11.99       -6.08    4.6    9.93s
 16   -74.94939732281   +  -12.34       -6.98    4.4    9.76s
 17   -74.94939732281   +  -13.85       -7.39    5.3    11.4s
n     Energy            log10(ΔE)   log10(Δρ)   Diag   Δtime
---   ---------------   ---------   ---------   ----   ------
  1   -74.94760907125                   -1.20    9.6    18.7s
  2   -74.94835968882       -3.12       -1.30    2.7    7.53s
  3   -74.94937094532       -3.00       -1.82    6.9    14.0s
  4   -74.94939435770       -4.63       -2.61    3.7    8.32s
  5   -74.94939560100       -5.91       -2.87    5.1    11.5s
  6   -74.94939657195       -6.01       -3.07    3.9    8.77s
  7   -74.94939718330       -6.21       -3.39    4.7    10.0s
  8   -74.94939730144       -6.93       -3.72    4.4    10.1s
  9   -74.94939731677       -7.81       -3.98    4.3    9.69s
 10   -74.94939732220       -8.26       -4.37    4.3    9.62s
 11   -74.94939732255       -9.46       -4.73    5.3    11.3s
 12   -74.94939732276       -9.68       -5.06    5.5    11.3s
 13   -74.94939732280      -10.35       -5.28    4.2    9.30s
 14   -74.94939732281      -11.00       -5.90    4.0    9.25s
 15   -74.94939732281      -12.05       -6.10    4.7    10.9s
 16   -74.94939732281   +  -12.34       -6.95    4.3    9.79s
 17   -74.94939732281   +    -Inf       -7.37    5.2    11.1s
     2    -7.494940e+01     6.794995e-03
 * time: 670.6394488811493
n     Energy            log10(ΔE)   log10(Δρ)   Diag   Δtime
---   ---------------   ---------   ---------   ----   ------
  1   -74.94762031720                   -1.19    9.8    18.3s
  2   -74.94844197863       -3.09       -1.29    2.8    7.55s
  3   -74.94956872925       -2.95       -1.79    6.9    14.1s
  4   -74.94959522269       -4.58       -2.57    3.6    8.46s
  5   -74.94959697221       -5.76       -2.84    5.2    11.4s
  6   -74.94959804789       -5.97       -3.05    3.7    8.63s
  7   -74.94959873536       -6.16       -3.36    4.6    9.82s
  8   -74.94959887321       -6.86       -3.67    4.4    10.0s
  9   -74.94959889341       -7.69       -3.91    4.2    9.39s
 10   -74.94959890085       -8.13       -4.30    4.2    9.30s
 11   -74.94959890184       -9.00       -4.75    5.2    11.0s
 12   -74.94959890197       -9.91       -5.17    5.3    10.8s
 13   -74.94959890199      -10.62       -5.24    4.1    8.77s
 14   -74.94959890201      -10.66       -5.83    3.5    8.51s
 15   -74.94959890201      -11.78       -6.07    4.8    10.4s
 16   -74.94959890202      -11.84       -6.74    4.2    9.43s
 17   -74.94959890202      -12.64       -7.38    5.0    10.7s
n     Energy            log10(ΔE)   log10(Δρ)   Diag   Δtime
---   ---------------   ---------   ---------   ----   ------
  1   -74.94761753091                   -1.19    9.8    17.8s
  2   -74.94844384812       -3.08       -1.29    2.7    7.17s
  3   -74.94956857954       -2.95       -1.79    6.9    13.5s
  4   -74.94959513132       -4.58       -2.57    3.6    8.26s
  5   -74.94959701813       -5.72       -2.85    5.2    10.9s
  6   -74.94959806067       -5.98       -3.06    3.7    8.66s
  7   -74.94959873760       -6.17       -3.36    4.5    9.65s
  8   -74.94959887340       -6.87       -3.67    4.3    9.42s
  9   -74.94959889384       -7.69       -3.92    4.2    9.58s
 10   -74.94959890086       -8.15       -4.30    4.2    9.01s
 11   -74.94959890192       -8.97       -4.79    5.1    10.3s
 12   -74.94959890196      -10.35       -5.15    5.1    10.5s
 13   -74.94959890199      -10.56       -5.24    3.9    8.20s
 14   -74.94959890201      -10.65       -5.83    3.5    7.75s
 15   -74.94959890201      -11.77       -6.08    4.7    10.0s
 16   -74.94959890202      -11.88       -6.77    4.2    9.01s
 17   -74.94959890202      -12.77       -7.32    4.9    10.1s
     3    -7.494960e+01     1.333231e-03
 * time: 1080.0520548820496
n     Energy            log10(ΔE)   log10(Δρ)   Diag   Δtime
---   ---------------   ---------   ---------   ----   ------
  1   -74.94757633401                   -1.18    9.8    18.3s
  2   -74.94841320248       -3.08       -1.29    2.7    7.16s
  3   -74.94957616817       -2.93       -1.78    6.9    13.3s
  4   -74.94960346973       -4.56       -2.55    3.5    8.16s
  5   -74.94960541688       -5.71       -2.83    5.2    10.7s
  6   -74.94960654091       -5.95       -3.04    3.7    8.18s
  7   -74.94960729137       -6.12       -3.35    4.6    9.74s
  8   -74.94960743305       -6.85       -3.65    4.4    9.39s
  9   -74.94960745580       -7.64       -3.90    4.3    9.18s
 10   -74.94960746359       -8.11       -4.26    4.1    8.89s
 11   -74.94960746469       -8.96       -4.68    5.3    10.6s
 12   -74.94960746494       -9.59       -5.13    5.5    10.5s
 13   -74.94960746497      -10.58       -5.21    4.1    8.43s
 14   -74.94960746499      -10.71       -5.82    3.9    8.63s
 15   -74.94960746499      -11.81       -6.11    4.9    10.2s
 16   -74.94960746499      -12.42       -6.62    4.5    9.34s
 17   -74.94960746499   +  -13.55       -7.46    4.9    9.90s
n     Energy            log10(ΔE)   log10(Δρ)   Diag   Δtime
---   ---------------   ---------   ---------   ----   ------
  1   -74.94757387784                   -1.18    9.8    17.5s
  2   -74.94841912380       -3.07       -1.29    2.8    7.06s
  3   -74.94957602897       -2.94       -1.78    7.0    13.3s
  4   -74.94960372531       -4.56       -2.56    3.5    7.71s
  5   -74.94960540842       -5.77       -2.83    5.2    10.6s
  6   -74.94960656193       -5.94       -3.04    3.7    8.33s
  7   -74.94960729150       -6.14       -3.35    4.6    9.23s
  8   -74.94960743702       -6.84       -3.67    4.4    9.30s
  9   -74.94960745649       -7.71       -3.91    4.2    9.01s
 10   -74.94960746374       -8.14       -4.28    4.0    8.82s
 11   -74.94960746482       -8.96       -4.75    5.2    10.2s
 12   -74.94960746495       -9.91       -5.14    5.2    10.1s
 13   -74.94960746497      -10.65       -5.19    4.2    8.66s
 14   -74.94960746499      -10.71       -5.78    3.4    7.70s
 15   -74.94960746499      -11.68       -6.03    4.7    9.62s
 16   -74.94960746499      -12.32       -6.63    4.1    9.15s
 17   -74.94960746499      -13.55       -7.26    4.8    9.79s
     4    -7.494961e+01     7.174766e-05
 * time: 1478.2262749671936
n     Energy            log10(ΔE)   log10(Δρ)   Diag   Δtime
---   ---------------   ---------   ---------   ----   ------
  1   -74.94757287672                   -1.18    9.8    17.4s
  2   -74.94841508745       -3.07       -1.29    2.8    7.12s
  3   -74.94957595465       -2.94       -1.78    6.8    13.0s
  4   -74.94960379855       -4.56       -2.56    3.4    7.80s
  5   -74.94960534269       -5.81       -2.83    5.1    10.6s
  6   -74.94960654534       -5.92       -3.03    3.7    8.44s
  7   -74.94960731039       -6.12       -3.35    4.5    9.26s
  8   -74.94960745888       -6.83       -3.65    4.4    9.37s
  9   -74.94960748073       -7.66       -3.89    4.2    9.36s
 10   -74.94960748855       -8.11       -4.26    3.9    8.56s
 11   -74.94960748990       -8.87       -4.76    5.2    10.4s
 12   -74.94960749001       -9.96       -5.19    5.0    10.2s
 13   -74.94960749002      -11.07       -5.17    3.8    8.04s
 14   -74.94960749004      -10.63       -5.82    3.8    8.09s
 15   -74.94960749004      -11.81       -6.02    4.7    9.70s
 16   -74.94960749004      -12.15       -6.54    4.2    9.23s
 17   -74.94960749004   +  -13.07       -7.09    4.5    9.46s
n     Energy            log10(ΔE)   log10(Δρ)   Diag   Δtime
---   ---------------   ---------   ---------   ----   ------
  1   -74.94757613634                   -1.18    9.7    17.5s
  2   -74.94841689040       -3.08       -1.29    2.8    7.12s
  3   -74.94957602926       -2.94       -1.78    7.0    13.4s
  4   -74.94960374543       -4.56       -2.56    3.4    7.49s
  5   -74.94960540581       -5.78       -2.83    5.2    10.5s
  6   -74.94960658428       -5.93       -3.04    3.9    8.49s
  7   -74.94960731152       -6.14       -3.35    4.5    9.14s
  8   -74.94960745972       -6.83       -3.66    4.3    9.08s
  9   -74.94960748083       -7.68       -3.90    4.2    9.04s
 10   -74.94960748868       -8.11       -4.27    4.2    8.70s
 11   -74.94960748981       -8.95       -4.72    5.3    10.3s
 12   -74.94960749002       -9.68       -5.29    5.2    10.1s
 13   -74.94960749002   +  -12.32       -5.21    4.7    9.72s
 14   -74.94960749004      -10.75       -5.79    3.6    7.87s
 15   -74.94960749004      -11.75       -6.07    4.5    9.24s
 16   -74.94960749004      -12.22       -6.57    4.4    9.30s
 17   -74.94960749004   +  -13.37       -7.27    4.7    9.55s
     5    -7.494961e+01     8.573467e-07
 * time: 1872.6688768863678
┌ Info: Threading setup: 
│   Threads.nthreads() = 1
│   n_DFTK = 1
│   n_fft = 1
└   n_blas = 1
┌ Info: 2025-05-14T12:02:49.521
│   name = "Si"
│   Ecut = 18.0
│   kgrid = MonkhorstPack([14, 14, 14])
│   p0 = ComponentVector{Float64}(a = 10.347246312603742)
│   temperature = 0.001
└   smearing = DFTK.Smearing.Gaussian()
┌ Info: 2025-05-14T12:08:51.785
│   name = "NaCl"
│   Ecut = 44.0
│   kgrid = MonkhorstPack([13, 13, 13])
│   p0 = ComponentVector{Float64}(a = 10.746130571470083)
│   temperature = 0
└   smearing = DFTK.Smearing.None()
┌ Info: 2025-05-14T12:33:28.340
│   name = "Al"
│   Ecut = 20.0
│   kgrid = MonkhorstPack([18, 18, 18])
│   p0 = ComponentVector{Float64}(a = 7.641925528121933)
│   temperature = 0.001
└   smearing = DFTK.Smearing.Gaussian()
┌ Info: 2025-05-14T12:43:28.775
│   name = "V"
│   Ecut = 42.0
│   kgrid = MonkhorstPack([20, 20, 20])
│   p0 = ComponentVector{Float64}(a = 5.699267600684394)
│   temperature = 0.001
└   smearing = DFTK.Smearing.Gaussian()
┌ Warning: Negative ρcore detected: -3.4151886922104144e-8
└ @ DFTK ~/.julia/packages/DFTK/n2IL4/src/terms/xc.jl:39
┌ Warning: Negative ρcore detected: Dual{ForwardDiff.Tag{var"#19#21"{@NamedTuple{ham::Hamiltonian, basis::PlaneWaveBasis{Float64, Float64, DFTK.CPU, FFTGrid{Float64, Float64, Array{StaticArraysCore.SVector{3, Int64}, 3}, Array{StaticArraysCore.SVector{3, Float64}, 3}}, Vector{StaticArraysCore.SVector{3, Int64}}}, energies::Energies{Float64}, converged::Bool, occupation_threshold::Float64, ρ::Array{Float64, 4}, τ::Nothing, α::Float64, eigenvalues::Vector{Vector{Float64}}, occupation::Vector{Vector{Float64}}, εF::Float64, n_bands_converge::Int64, n_iter::Int64, n_matvec::Int64, ψ::Vector{Matrix{ComplexF64}}, diagonalization::Vector{@NamedTuple{λ::Vector{Vector{Float64}}, X::Vector{Matrix{ComplexF64}}, residual_norms::Vector{Vector{Float64}}, n_iter::Vector{Int64}, converged::Bool, n_matvec::Int64}}, stage::Symbol, history_Δρ::Vector{Float64}, history_Etot::Vector{Float64}, timedout::Bool, runtime_ns::UInt64, algorithm::String}, Model{Float64, Float64}, Float64, MonkhorstPack, var"#case#4"{Matrix{Float64}, Float64, MonkhorstPack, Vector{StaticArraysCore.SVector{3, Float64}}, Vector{ElementPsp{PspUpf{Float64, Interpolations.Extrapolation{Float64, 1, Interpolations.GriddedInterpolation{Float64, 1, Vector{Float64}, Interpolations.Gridded{Interpolations.Linear{Interpolations.Throw{Interpolations.OnGrid}}}, Tuple{Vector{Float64}}}, Interpolations.Gridded{Interpolations.Linear{Interpolations.Throw{Interpolations.OnGrid}}}, Interpolations.Throw{Nothing}}}}}, Float64, Float64, String}}, Float64}}(-3.4151886922104144e-8,-1.2413273474001241e-8)
└ @ DFTK ~/.julia/packages/DFTK/n2IL4/src/terms/xc.jl:39
┌ Warning: Negative ρcore detected: -3.217045103475932e-8
└ @ DFTK ~/.julia/packages/DFTK/n2IL4/src/terms/xc.jl:39
┌ Warning: Negative ρcore detected: -3.217045103475932e-8
└ @ DFTK ~/.julia/packages/DFTK/n2IL4/src/terms/xc.jl:39
┌ Warning: Eigensolver not converged
│   n_iter =
│    256-element Vector{Int64}:
│     1
│     5
│     5
│     1
│     ⋮
│     4
│     4
│     3
└ @ DFTK ~/.julia/packages/DFTK/n2IL4/src/scf/self_consistent_field.jl:76
┌ Warning: Negative ρcore detected: Dual{ForwardDiff.Tag{var"#19#21"{@NamedTuple{ham::Hamiltonian, basis::PlaneWaveBasis{Float64, Float64, DFTK.CPU, FFTGrid{Float64, Float64, Array{StaticArraysCore.SVector{3, Int64}, 3}, Array{StaticArraysCore.SVector{3, Float64}, 3}}, Vector{StaticArraysCore.SVector{3, Int64}}}, energies::Energies{Float64}, converged::Bool, occupation_threshold::Float64, ρ::Array{Float64, 4}, τ::Nothing, α::Float64, eigenvalues::Vector{Vector{Float64}}, occupation::Vector{Vector{Float64}}, εF::Float64, n_bands_converge::Int64, n_iter::Int64, n_matvec::Int64, ψ::Vector{Matrix{ComplexF64}}, diagonalization::Vector{@NamedTuple{λ::Vector{Vector{Float64}}, X::Vector{Matrix{ComplexF64}}, residual_norms::Vector{Vector{Float64}}, n_iter::Vector{Int64}, converged::Bool, n_matvec::Int64}}, stage::Symbol, history_Δρ::Vector{Float64}, history_Etot::Vector{Float64}, timedout::Bool, runtime_ns::UInt64, algorithm::String}, Model{Float64, Float64}, Float64, MonkhorstPack, var"#case#4"{Matrix{Float64}, Float64, MonkhorstPack, Vector{StaticArraysCore.SVector{3, Float64}}, Vector{ElementPsp{PspUpf{Float64, Interpolations.Extrapolation{Float64, 1, Interpolations.GriddedInterpolation{Float64, 1, Vector{Float64}, Interpolations.Gridded{Interpolations.Linear{Interpolations.Throw{Interpolations.OnGrid}}}, Tuple{Vector{Float64}}}, Interpolations.Gridded{Interpolations.Linear{Interpolations.Throw{Interpolations.OnGrid}}}, Interpolations.Throw{Nothing}}}}}, Float64, Float64, String}}, Float64}}(-3.217045103475932e-8,-2.3461819299200057e-7)
└ @ DFTK ~/.julia/packages/DFTK/n2IL4/src/terms/xc.jl:39
┌ Warning: Negative ρcore detected: -2.6735989771415575e-8
└ @ DFTK ~/.julia/packages/DFTK/n2IL4/src/terms/xc.jl:39
┌ Warning: Negative ρcore detected: -2.6735989771415575e-8
└ @ DFTK ~/.julia/packages/DFTK/n2IL4/src/terms/xc.jl:39
┌ Warning: Negative ρcore detected: Dual{ForwardDiff.Tag{var"#19#21"{@NamedTuple{ham::Hamiltonian, basis::PlaneWaveBasis{Float64, Float64, DFTK.CPU, FFTGrid{Float64, Float64, Array{StaticArraysCore.SVector{3, Int64}, 3}, Array{StaticArraysCore.SVector{3, Float64}, 3}}, Vector{StaticArraysCore.SVector{3, Int64}}}, energies::Energies{Float64}, converged::Bool, occupation_threshold::Float64, ρ::Array{Float64, 4}, τ::Nothing, α::Float64, eigenvalues::Vector{Vector{Float64}}, occupation::Vector{Vector{Float64}}, εF::Float64, n_bands_converge::Int64, n_iter::Int64, n_matvec::Int64, ψ::Vector{Matrix{ComplexF64}}, diagonalization::Vector{@NamedTuple{λ::Vector{Vector{Float64}}, X::Vector{Matrix{ComplexF64}}, residual_norms::Vector{Vector{Float64}}, n_iter::Vector{Int64}, converged::Bool, n_matvec::Int64}}, stage::Symbol, history_Δρ::Vector{Float64}, history_Etot::Vector{Float64}, timedout::Bool, runtime_ns::UInt64, algorithm::String}, Model{Float64, Float64}, Float64, MonkhorstPack, var"#case#4"{Matrix{Float64}, Float64, MonkhorstPack, Vector{StaticArraysCore.SVector{3, Float64}}, Vector{ElementPsp{PspUpf{Float64, Interpolations.Extrapolation{Float64, 1, Interpolations.GriddedInterpolation{Float64, 1, Vector{Float64}, Interpolations.Gridded{Interpolations.Linear{Interpolations.Throw{Interpolations.OnGrid}}}, Tuple{Vector{Float64}}}, Interpolations.Gridded{Interpolations.Linear{Interpolations.Throw{Interpolations.OnGrid}}}, Interpolations.Throw{Nothing}}}}}, Float64, Float64, String}}, Float64}}(-2.6735989771415575e-8,-1.0200396745900829e-8)
└ @ DFTK ~/.julia/packages/DFTK/n2IL4/src/terms/xc.jl:39
┌ Warning: Negative ρcore detected: -2.868523143265879e-8
└ @ DFTK ~/.julia/packages/DFTK/n2IL4/src/terms/xc.jl:39
┌ Warning: Negative ρcore detected: -2.868523143265879e-8
└ @ DFTK ~/.julia/packages/DFTK/n2IL4/src/terms/xc.jl:39
┌ Warning: Negative ρcore detected: Dual{ForwardDiff.Tag{var"#19#21"{@NamedTuple{ham::Hamiltonian, basis::PlaneWaveBasis{Float64, Float64, DFTK.CPU, FFTGrid{Float64, Float64, Array{StaticArraysCore.SVector{3, Int64}, 3}, Array{StaticArraysCore.SVector{3, Float64}, 3}}, Vector{StaticArraysCore.SVector{3, Int64}}}, energies::Energies{Float64}, converged::Bool, occupation_threshold::Float64, ρ::Array{Float64, 4}, τ::Nothing, α::Float64, eigenvalues::Vector{Vector{Float64}}, occupation::Vector{Vector{Float64}}, εF::Float64, n_bands_converge::Int64, n_iter::Int64, n_matvec::Int64, ψ::Vector{Matrix{ComplexF64}}, diagonalization::Vector{@NamedTuple{λ::Vector{Vector{Float64}}, X::Vector{Matrix{ComplexF64}}, residual_norms::Vector{Vector{Float64}}, n_iter::Vector{Int64}, converged::Bool, n_matvec::Int64}}, stage::Symbol, history_Δρ::Vector{Float64}, history_Etot::Vector{Float64}, timedout::Bool, runtime_ns::UInt64, algorithm::String}, Model{Float64, Float64}, Float64, MonkhorstPack, var"#case#4"{Matrix{Float64}, Float64, MonkhorstPack, Vector{StaticArraysCore.SVector{3, Float64}}, Vector{ElementPsp{PspUpf{Float64, Interpolations.Extrapolation{Float64, 1, Interpolations.GriddedInterpolation{Float64, 1, Vector{Float64}, Interpolations.Gridded{Interpolations.Linear{Interpolations.Throw{Interpolations.OnGrid}}}, Tuple{Vector{Float64}}}, Interpolations.Gridded{Interpolations.Linear{Interpolations.Throw{Interpolations.OnGrid}}}, Interpolations.Throw{Nothing}}}}}, Float64, Float64, String}}, Float64}}(-2.868523143265879e-8,-8.184339774763205e-8)
└ @ DFTK ~/.julia/packages/DFTK/n2IL4/src/terms/xc.jl:39
┌ Warning: Negative ρcore detected: -2.940018173560089e-8
└ @ DFTK ~/.julia/packages/DFTK/n2IL4/src/terms/xc.jl:39
┌ Warning: Negative ρcore detected: -2.940018173560089e-8
└ @ DFTK ~/.julia/packages/DFTK/n2IL4/src/terms/xc.jl:39
┌ Warning: Negative ρcore detected: Dual{ForwardDiff.Tag{var"#19#21"{@NamedTuple{ham::Hamiltonian, basis::PlaneWaveBasis{Float64, Float64, DFTK.CPU, FFTGrid{Float64, Float64, Array{StaticArraysCore.SVector{3, Int64}, 3}, Array{StaticArraysCore.SVector{3, Float64}, 3}}, Vector{StaticArraysCore.SVector{3, Int64}}}, energies::Energies{Float64}, converged::Bool, occupation_threshold::Float64, ρ::Array{Float64, 4}, τ::Nothing, α::Float64, eigenvalues::Vector{Vector{Float64}}, occupation::Vector{Vector{Float64}}, εF::Float64, n_bands_converge::Int64, n_iter::Int64, n_matvec::Int64, ψ::Vector{Matrix{ComplexF64}}, diagonalization::Vector{@NamedTuple{λ::Vector{Vector{Float64}}, X::Vector{Matrix{ComplexF64}}, residual_norms::Vector{Vector{Float64}}, n_iter::Vector{Int64}, converged::Bool, n_matvec::Int64}}, stage::Symbol, history_Δρ::Vector{Float64}, history_Etot::Vector{Float64}, timedout::Bool, runtime_ns::UInt64, algorithm::String}, Model{Float64, Float64}, Float64, MonkhorstPack, var"#case#4"{Matrix{Float64}, Float64, MonkhorstPack, Vector{StaticArraysCore.SVector{3, Float64}}, Vector{ElementPsp{PspUpf{Float64, Interpolations.Extrapolation{Float64, 1, Interpolations.GriddedInterpolation{Float64, 1, Vector{Float64}, Interpolations.Gridded{Interpolations.Linear{Interpolations.Throw{Interpolations.OnGrid}}}, Tuple{Vector{Float64}}}, Interpolations.Gridded{Interpolations.Linear{Interpolations.Throw{Interpolations.OnGrid}}}, Interpolations.Throw{Nothing}}}}}, Float64, Float64, String}}, Float64}}(-2.940018173560089e-8,-3.5750077181792025e-8)
└ @ DFTK ~/.julia/packages/DFTK/n2IL4/src/terms/xc.jl:39
┌ Warning: Negative ρcore detected: -2.9424167824169284e-8
└ @ DFTK ~/.julia/packages/DFTK/n2IL4/src/terms/xc.jl:39
┌ Warning: Negative ρcore detected: -2.9424167824169284e-8
└ @ DFTK ~/.julia/packages/DFTK/n2IL4/src/terms/xc.jl:39
┌ Warning: Negative ρcore detected: Dual{ForwardDiff.Tag{var"#19#21"{@NamedTuple{ham::Hamiltonian, basis::PlaneWaveBasis{Float64, Float64, DFTK.CPU, FFTGrid{Float64, Float64, Array{StaticArraysCore.SVector{3, Int64}, 3}, Array{StaticArraysCore.SVector{3, Float64}, 3}}, Vector{StaticArraysCore.SVector{3, Int64}}}, energies::Energies{Float64}, converged::Bool, occupation_threshold::Float64, ρ::Array{Float64, 4}, τ::Nothing, α::Float64, eigenvalues::Vector{Vector{Float64}}, occupation::Vector{Vector{Float64}}, εF::Float64, n_bands_converge::Int64, n_iter::Int64, n_matvec::Int64, ψ::Vector{Matrix{ComplexF64}}, diagonalization::Vector{@NamedTuple{λ::Vector{Vector{Float64}}, X::Vector{Matrix{ComplexF64}}, residual_norms::Vector{Vector{Float64}}, n_iter::Vector{Int64}, converged::Bool, n_matvec::Int64}}, stage::Symbol, history_Δρ::Vector{Float64}, history_Etot::Vector{Float64}, timedout::Bool, runtime_ns::UInt64, algorithm::String}, Model{Float64, Float64}, Float64, MonkhorstPack, var"#case#4"{Matrix{Float64}, Float64, MonkhorstPack, Vector{StaticArraysCore.SVector{3, Float64}}, Vector{ElementPsp{PspUpf{Float64, Interpolations.Extrapolation{Float64, 1, Interpolations.GriddedInterpolation{Float64, 1, Vector{Float64}, Interpolations.Gridded{Interpolations.Linear{Interpolations.Throw{Interpolations.OnGrid}}}, Tuple{Vector{Float64}}}, Interpolations.Gridded{Interpolations.Linear{Interpolations.Throw{Interpolations.OnGrid}}}, Interpolations.Throw{Nothing}}}}}, Float64, Float64, String}}, Float64}}(-2.9424167824169284e-8,-3.324306050348945e-8)
└ @ DFTK ~/.julia/packages/DFTK/n2IL4/src/terms/xc.jl:39
 * Status: success

 * Candidate solution
    Final objective value:     -7.494961e+01

 * Found with
    Algorithm:     L-BFGS

 * Convergence measures
    |x - x'|               = 6.95e-04 ≰ -1.0e+00
    |x - x'|/|x'|          = 1.15e-04 ≰ 0.0e+00
    |f(x) - f(x')|         = 2.50e-08 ≰ 1.0e-08
    |f(x) - f(x')|/|f(x')| = 3.34e-10 ≰ 0.0e+00
    |g(x)|                 = 8.57e-07 ≤ 1.0e-06

 * Work counters
    Seconds run:   1873  (vs limit Inf)
    Iterations:    5
    f(x) calls:    6
    ∇f(x) calls:   6

V: 2001.733430 seconds (1.13 G allocations: 530.678 GiB, 4.86% gc time, 0.01% compilation time)
