n     Energy            log10(ΔE)   log10(Δρ)   Diag   Δtime
---   ---------------   ---------   ---------   ----   ------
  1   -8.576292564210                   -0.93    6.9    11.2s
  2   -8.578669880833       -2.62       -1.59    2.1    5.27s
  3   -8.578839466682       -3.77       -2.42    4.1    1.72s
  4   -8.578848490912       -5.04       -3.57    3.9    2.07s
  5   -8.578848550947       -7.22       -4.32    4.7    1.97s
  6   -8.578848552469       -8.82       -5.00    3.9    2.02s
  7   -8.578848552507      -10.41       -5.88    3.5    2.00s
  8   -8.578848552509      -11.89       -6.76    3.9    1.65s
  9   -8.578848552509      -14.05       -7.27    4.1    1.88s
Iter     Function value   Gradient norm 
     0    -8.578849e+00     1.381670e-02
 * time: 7.867813110351562e-6
n     Energy            log10(ΔE)   log10(Δρ)   Diag   Δtime
---   ---------------   ---------   ---------   ----   ------
  1   -8.576500610469                   -0.93    7.2    2.72s
  2   -8.578851648491       -2.63       -1.59    2.1    1.54s
  3   -8.579023594415       -3.76       -2.42    4.2    1.75s
  4   -8.579032613455       -5.04       -3.56    3.9    2.11s
  5   -8.579032672196       -7.23       -4.27    4.7    1.97s
  6   -8.579032674080       -8.72       -4.90    4.0    2.10s
  7   -8.579032674143      -10.20       -5.89    3.5    1.53s
  8   -8.579032674144      -11.82       -6.64    4.1    2.00s
  9   -8.579032674144      -13.85       -7.39    3.8    1.58s
n     Energy            log10(ΔE)   log10(Δρ)   Diag   Δtime
---   ---------------   ---------   ---------   ----   ------
  1   -8.576502137719                   -0.93    7.1    2.71s
  2   -8.578852629049       -2.63       -1.59    2.3    1.24s
  3   -8.579024113846       -3.77       -2.42    4.2    1.98s
  4   -8.579032603460       -5.07       -3.57    3.9    1.77s
  5   -8.579032672184       -7.16       -4.27    4.9    2.31s
  6   -8.579032674081       -8.72       -4.91    4.0    1.74s
  7   -8.579032674143      -10.21       -6.08    3.4    1.79s
  8   -8.579032674144      -11.98       -6.83    4.4    1.81s
  9   -8.579032674144      -14.45       -7.35    3.9    1.95s
     1    -8.579033e+00     1.283752e-02
 * time: 48.03419804573059
n     Energy            log10(ΔE)   log10(Δρ)   Diag   Δtime
---   ---------------   ---------   ---------   ----   ------
  1   -8.577946948746                   -0.95    7.0    2.63s
  2   -8.580105512609       -2.67       -1.56    2.0    1.22s
  3   -8.580259109265       -3.81       -2.53    4.1    1.98s
  4   -8.580267857731       -5.06       -3.25    4.0    2.17s
  5   -8.580267955031       -7.01       -3.95    4.3    1.72s
  6   -8.580267958684       -8.44       -4.85    3.5    1.89s
  7   -8.580267958776      -10.04       -5.65    4.2    1.74s
  8   -8.580267958777      -11.79       -6.55    3.8    1.96s
  9   -8.580267958777      -13.47       -7.29    3.7    1.66s
n     Energy            log10(ΔE)   log10(Δρ)   Diag   Δtime
---   ---------------   ---------   ---------   ----   ------
  1   -8.577943385094                   -0.95    7.0    2.72s
  2   -8.580107488322       -2.66       -1.56    2.1    1.21s
  3   -8.580260727281       -3.81       -2.53    4.2    2.05s
  4   -8.580267861459       -5.15       -3.29    4.0    2.12s
  5   -8.580267955234       -7.03       -3.99    4.2    1.71s
  6   -8.580267958695       -8.46       -4.93    3.6    1.85s
  7   -8.580267958776      -10.09       -5.66    4.3    1.79s
  8   -8.580267958777      -11.81       -6.62    3.8    1.90s
  9   -8.580267958777      -13.57       -7.72    3.7    1.61s
     2    -8.580268e+00     1.149475e-03
 * time: 95.20756602287292
n     Energy            log10(ΔE)   log10(Δρ)   Diag   Δtime
---   ---------------   ---------   ---------   ----   ------
  1   -8.577936986781                   -0.95    7.0    2.72s
  2   -8.580110649593       -2.66       -1.56    1.9    1.48s
  3   -8.580270649713       -3.80       -2.51    4.2    1.72s
  4   -8.580279057975       -5.08       -3.30    4.0    2.10s
  5   -8.580279148728       -7.04       -4.01    4.3    1.72s
  6   -8.580279151832       -8.51       -4.92    3.6    1.89s
  7   -8.580279151905      -10.14       -5.69    4.4    1.77s
  8   -8.580279151906      -11.83       -6.63    3.7    1.90s
  9   -8.580279151906      -13.75       -7.80    3.8    1.67s
n     Energy            log10(ΔE)   log10(Δρ)   Diag   Δtime
---   ---------------   ---------   ---------   ----   ------
  1   -8.577939406680                   -0.95    7.0    2.70s
  2   -8.580110004511       -2.66       -1.56    2.1    1.19s
  3   -8.580270805739       -3.79       -2.51    4.1    2.00s
  4   -8.580279058433       -5.08       -3.31    4.1    2.15s
  5   -8.580279148693       -7.04       -4.01    4.4    1.75s
  6   -8.580279151835       -8.50       -4.90    3.7    1.91s
  7   -8.580279151905      -10.15       -5.65    4.4    1.79s
  8   -8.580279151906      -11.81       -6.54    3.6    1.88s
  9   -8.580279151906      -13.52       -7.54    3.6    1.61s
     3    -8.580279e+00     1.102997e-04
 * time: 141.79546284675598
n     Energy            log10(ΔE)   log10(Δρ)   Diag   Δtime
---   ---------------   ---------   ---------   ----   ------
  1   -8.577940490846                   -0.95    6.9    2.71s
  2   -8.580106190639       -2.66       -1.56    1.7    1.43s
  3   -8.580271079640       -3.78       -2.51    4.3    1.76s
  4   -8.580279156706       -5.09       -3.30    4.0    2.13s
  5   -8.580279253815       -7.01       -4.01    4.3    1.77s
  6   -8.580279257116       -8.48       -4.89    3.6    1.92s
  7   -8.580279257196      -10.09       -5.70    4.2    1.81s
  8   -8.580279257198      -11.83       -6.73    3.8    1.99s
  9   -8.580279257198      -13.80       -7.65    3.8    1.71s
n     Energy            log10(ΔE)   log10(Δρ)   Diag   Δtime
---   ---------------   ---------   ---------   ----   ------
  1   -8.577950337010                   -0.95    6.8    2.63s
  2   -8.580110147987       -2.67       -1.56    2.0    1.13s
  3   -8.580270984533       -3.79       -2.51    4.1    1.97s
  4   -8.580279161496       -5.09       -3.31    4.1    2.18s
  5   -8.580279253782       -7.03       -4.01    4.3    1.72s
  6   -8.580279257117       -8.48       -4.91    3.6    1.94s
  7   -8.580279257196      -10.10       -5.68    4.4    1.80s
  8   -8.580279257198      -11.83       -6.72    3.6    1.95s
  9   -8.580279257198      -13.64       -7.72    3.9    1.76s
     4    -8.580279e+00     1.107379e-06
 * time: 190.09978485107422
n     Energy            log10(ΔE)   log10(Δρ)   Diag   Δtime
---   ---------------   ---------   ---------   ----   ------
  1   -8.577947874476                   -0.95    6.9    2.71s
  2   -8.580113347682       -2.66       -1.56    1.8    1.43s
  3   -8.580270645431       -3.80       -2.52    4.2    1.72s
  4   -8.580279153313       -5.07       -3.30    3.9    2.17s
  5   -8.580279254249       -7.00       -4.01    4.3    1.83s
  6   -8.580279257132       -8.54       -4.90    3.7    2.01s
  7   -8.580279257207      -10.13       -5.72    4.3    1.83s
  8   -8.580279257208      -11.85       -6.73    3.8    2.03s
  9   -8.580279257208      -13.71       -7.61    3.9    1.82s
n     Energy            log10(ΔE)   log10(Δρ)   Diag   Δtime
---   ---------------   ---------   ---------   ----   ------
  1   -8.577948478364                   -0.95    6.9    2.72s
  2   -8.580107338718       -2.67       -1.56    1.9    1.16s
  3   -8.580271167243       -3.79       -2.51    4.0    2.04s
  4   -8.580279158897       -5.10       -3.30    4.0    2.18s
  5   -8.580279253636       -7.02       -4.00    4.3    1.78s
  6   -8.580279257129       -8.46       -4.91    3.5    2.01s
  7   -8.580279257207      -10.11       -5.69    4.4    1.84s
  8   -8.580279257208      -11.82       -6.64    3.6    1.96s
  9   -8.580279257208      -13.60       -7.83    3.7    1.71s
     5    -8.580279e+00     3.878117e-10
 * time: 237.9968650341034
 * Status: success

 * Candidate solution
    Final objective value:     -8.580279e+00

 * Found with
    Algorithm:     L-BFGS

 * Convergence measures
    |x - x'|               = 1.92e-05 ≰ -1.0e+00
    |x - x'|/|x'|          = 1.82e-06 ≰ 0.0e+00
    |f(x) - f(x')|         = 1.06e-11 ≤ 1.0e-08
    |f(x) - f(x')|/|f(x')| = 1.23e-12 ≰ 0.0e+00
    |g(x)|                 = 3.88e-10 ≤ 1.0e-06

 * Work counters
    Seconds run:   238  (vs limit Inf)
    Iterations:    5
    f(x) calls:    6
    ∇f(x) calls:   6

Si: 313.856333 seconds (459.13 M allocations: 98.611 GiB, 8.72% gc time, 16.27% compilation time: <1% of which was recompilation)
n     Energy            log10(ΔE)   log10(Δρ)   Diag   Δtime
---   ---------------   ---------   ---------   ----   ------
  1   -62.93960839067                   -1.01    9.0    20.7s
  2   -62.94844550222       -2.05       -1.11    2.6    7.90s
  3   -62.95613922025       -2.11       -2.07    3.6    9.49s
  4   -62.95614660336       -5.13       -2.48    3.0    8.57s
  5   -62.95615438561       -5.11       -3.62    3.3    9.18s
  6   -62.95615444399       -7.23       -4.38    4.2    10.6s
  7   -62.95615444733       -8.48       -5.64    3.6    9.80s
  8   -62.95615444734      -11.00       -6.17    4.2    11.3s
  9   -62.95615444735      -12.12       -7.53    3.5    9.25s
Iter     Function value   Gradient norm 
     0    -6.295615e+01     8.792076e-03
 * time: 7.152557373046875e-6
n     Energy            log10(ΔE)   log10(Δρ)   Diag   Δtime
---   ---------------   ---------   ---------   ----   ------
  1   -62.93964649117                   -1.01    9.1    18.4s
  2   -62.94849722110       -2.05       -1.11    2.6    7.25s
  3   -62.95621496136       -2.11       -2.06    3.7    9.86s
  4   -62.95622319221       -5.08       -2.49    3.0    8.54s
  5   -62.95623071267       -5.12       -3.64    3.2    9.17s
  6   -62.95623076431       -7.29       -4.40    4.1    10.6s
  7   -62.95623076715       -8.55       -5.64    3.6    10.0s
  8   -62.95623076716      -10.92       -6.20    4.1    10.9s
  9   -62.95623076716      -12.10       -7.65    3.8    8.98s
n     Energy            log10(ΔE)   log10(Δρ)   Diag   Δtime
---   ---------------   ---------   ---------   ----   ------
  1   -62.93964549680                   -1.01    8.9    18.9s
  2   -62.94845571247       -2.06       -1.11    2.8    7.52s
  3   -62.95621539889       -2.11       -2.06    3.5    9.68s
  4   -62.95622271668       -5.14       -2.47    2.9    10.2s
  5   -62.95623069917       -5.10       -3.61    3.2    9.14s
  6   -62.95623076338       -7.19       -4.35    4.1    10.7s
  7   -62.95623076715       -8.42       -5.62    3.4    9.42s
  8   -62.95623076716      -11.01       -6.13    4.4    11.7s
  9   -62.95623076716      -12.05       -7.49    3.3    9.05s
     1    -6.295623e+01     8.569315e-03
 * time: 226.26042819023132
n     Energy            log10(ΔE)   log10(Δρ)   Diag   Δtime
---   ---------------   ---------   ---------   ----   ------
  1   -62.93948901274                   -1.01    9.2    20.4s
  2   -62.94796816440       -2.07       -1.07    2.8    8.56s
  3   -62.95780257003       -2.01       -2.02    3.7    10.4s
  4   -62.95781424023       -4.93       -2.45    2.8    9.66s
  5   -62.95782499612       -4.97       -3.55    3.0    9.62s
  6   -62.95782509958       -6.99       -4.23    4.0    11.5s
  7   -62.95782510725       -8.12       -5.50    3.3    9.93s
  8   -62.95782510727      -10.70       -6.00    4.2    12.2s
  9   -62.95782510727      -11.77       -7.49    3.1    9.83s
n     Energy            log10(ΔE)   log10(Δρ)   Diag   Δtime
---   ---------------   ---------   ---------   ----   ------
  1   -62.93949168892                   -1.01    9.3    21.2s
  2   -62.94800697262       -2.07       -1.07    2.7    8.03s
  3   -62.95780226435       -2.01       -2.02    3.7    10.7s
  4   -62.95781413156       -4.93       -2.44    2.6    8.84s
  5   -62.95782500012       -4.96       -3.55    3.0    9.73s
  6   -62.95782510039       -7.00       -4.25    4.0    11.2s
  7   -62.95782510724       -8.16       -5.49    3.5    10.7s
  8   -62.95782510727      -10.67       -6.02    4.1    12.0s
  9   -62.95782510727      -11.78       -7.54    3.1    9.65s
     2    -6.295783e+01     1.232825e-03
 * time: 467.6113312244415
n     Energy            log10(ΔE)   log10(Δρ)   Diag   Δtime
---   ---------------   ---------   ---------   ----   ------
  1   -62.93920146906                   -1.01    8.5    19.4s
  2   -62.94756436670       -2.08       -1.07    2.7    7.89s
  3   -62.95784224042       -1.99       -2.02    3.6    10.4s
  4   -62.95785464852       -4.91       -2.45    2.6    8.67s
  5   -62.95786572420       -4.96       -3.54    3.1    9.94s
  6   -62.95786583425       -6.96       -4.21    3.9    11.0s
  7   -62.95786584279       -8.07       -5.52    3.3    10.4s
  8   -62.95786584281      -10.72       -5.99    4.3    12.4s
  9   -62.95786584281      -11.71       -7.40    3.4    9.73s
n     Energy            log10(ΔE)   log10(Δρ)   Diag   Δtime
---   ---------------   ---------   ---------   ----   ------
  1   -62.93920135926                   -1.01    8.6    19.8s
  2   -62.94766755859       -2.07       -1.07    2.6    7.64s
  3   -62.95784069273       -1.99       -2.02    3.7    10.5s
  4   -62.95785471176       -4.85       -2.45    2.7    8.90s
  5   -62.95786573420       -4.96       -3.55    3.1    9.95s
  6   -62.95786583556       -6.99       -4.24    4.1    11.4s
  7   -62.95786584279       -8.14       -5.48    3.2    10.3s
  8   -62.95786584281      -10.67       -5.95    4.2    12.3s
  9   -62.95786584281      -11.65       -7.37    3.1    10.5s
     3    -6.295787e+01     2.097867e-04
 * time: 707.1767802238464
n     Energy            log10(ΔE)   log10(Δρ)   Diag   Δtime
---   ---------------   ---------   ---------   ----   ------
  1   -62.93913495096                   -1.00    9.3    22.5s
  2   -62.94749322564       -2.08       -1.07    2.8    8.86s
  3   -62.95784285959       -1.99       -2.02    3.8    11.6s
  4   -62.95785574092       -4.89       -2.45    2.7    9.00s
  5   -62.95786698031       -4.95       -3.53    3.1    10.2s
  6   -62.95786709284       -6.95       -4.19    4.1    11.7s
  7   -62.95786710194       -8.04       -5.54    3.3    10.5s
  8   -62.95786710196      -10.82       -5.97    4.3    12.6s
  9   -62.95786710196      -11.75       -7.40    2.9    9.35s
n     Energy            log10(ΔE)   log10(Δρ)   Diag   Δtime
---   ---------------   ---------   ---------   ----   ------
  1   -62.93913681088                   -1.00    9.3    21.1s
  2   -62.94754136210       -2.08       -1.07    2.8    8.04s
  3   -62.95784231799       -1.99       -2.02    3.8    10.5s
  4   -62.95785554734       -4.88       -2.44    2.7    8.75s
  5   -62.95786698541       -4.94       -3.54    3.1    9.74s
  6   -62.95786709353       -6.97       -4.21    4.0    10.8s
  7   -62.95786710194       -8.08       -5.50    3.4    10.4s
  8   -62.95786710196      -10.67       -6.00    4.2    12.2s
  9   -62.95786710196      -11.73       -7.49    3.2    9.45s
     4    -6.295787e+01     6.656197e-06
 * time: 952.6321051120758
n     Energy            log10(ΔE)   log10(Δρ)   Diag   Δtime
---   ---------------   ---------   ---------   ----   ------
  1   -62.93913508566                   -1.00    9.0    19.7s
  2   -62.94752763257       -2.08       -1.07    2.7    7.66s
  3   -62.95784234115       -1.99       -2.02    3.6    10.2s
  4   -62.95785583855       -4.87       -2.45    2.7    8.60s
  5   -62.95786698767       -4.95       -3.54    3.1    9.67s
  6   -62.95786709478       -6.97       -4.21    4.1    12.8s
  7   -62.95786710322       -8.07       -5.51    3.5    10.6s
  8   -62.95786710324      -10.75       -5.98    4.3    12.2s
  9   -62.95786710324      -11.69       -7.41    3.3    9.50s
n     Energy            log10(ΔE)   log10(Δρ)   Diag   Δtime
---   ---------------   ---------   ---------   ----   ------
  1   -62.93913611090                   -1.01    9.1    19.9s
  2   -62.94748927490       -2.08       -1.07    2.7    7.65s
  3   -62.95784292893       -1.98       -2.02    3.7    10.3s
  4   -62.95785571459       -4.89       -2.45    2.7    8.98s
  5   -62.95786697777       -4.95       -3.53    3.2    10.0s
  6   -62.95786709377       -6.94       -4.19    4.0    11.1s
  7   -62.95786710322       -8.02       -5.52    3.4    10.8s
  8   -62.95786710324      -10.78       -5.96    4.5    12.6s
  9   -62.95786710324      -11.69       -7.41    3.2    9.46s
     5    -6.295787e+01     4.267958e-08
 * time: 1189.0830972194672
 * Status: success

 * Candidate solution
    Final objective value:     -6.295787e+01

 * Found with
    Algorithm:     L-BFGS

 * Convergence measures
    |x - x'|               = 3.82e-04 ≰ -1.0e+00
    |x - x'|/|x'|          = 3.42e-05 ≰ 0.0e+00
    |f(x) - f(x')|         = 1.28e-09 ≤ 1.0e-08
    |f(x) - f(x')|/|f(x')| = 2.03e-11 ≰ 0.0e+00
    |g(x)|                 = 4.27e-08 ≤ 1.0e-06

 * Work counters
    Seconds run:   1189  (vs limit Inf)
    Iterations:    5
    f(x) calls:    6
    ∇f(x) calls:   6

NaCl: 1312.344402 seconds (1.33 G allocations: 366.216 GiB, 5.79% gc time, 0.26% compilation time)
n     Energy            log10(ΔE)   log10(Δρ)   Diag   Δtime
---   ---------------   ---------   ---------   ----   ------
  1   -2.333756951727                   -1.55    5.5    2.11s
  2   -2.333896843211       -3.85       -1.87    1.4    792ms
  3   -2.333949928843       -4.28       -2.97    3.6    1.71s
  4   -2.333950914877       -6.01       -3.46    4.0    1.54s
  5   -2.333950954150       -7.41       -4.12    2.8    1.45s
  6   -2.333950956970       -8.55       -4.71    3.4    1.31s
  7   -2.333950957372       -9.40       -5.38    3.3    1.57s
  8   -2.333950957381      -11.04       -6.04    3.2    1.24s
  9   -2.333950957382      -12.25       -6.74    2.8    1.44s
 10   -2.333950957382      -13.48       -7.53    3.4    1.31s
Iter     Function value   Gradient norm 
     0    -2.333951e+00     8.687113e-03
 * time: 3.814697265625e-6
n     Energy            log10(ΔE)   log10(Δρ)   Diag   Δtime
---   ---------------   ---------   ---------   ----   ------
  1   -2.333835174001                   -1.55    5.5    2.04s
  2   -2.333971746147       -3.86       -1.87    1.3    1.02s
  3   -2.334023801295       -4.28       -2.98    3.6    1.35s
  4   -2.334024801248       -6.00       -3.46    4.0    1.75s
  5   -2.334024841825       -7.39       -4.10    2.9    1.12s
  6   -2.334024844840       -8.52       -4.73    3.4    1.58s
  7   -2.334024845219       -9.42       -5.38    3.3    1.26s
  8   -2.334024845228      -11.06       -6.04    3.1    1.50s
  9   -2.334024845229      -12.27       -6.85    2.8    1.12s
 10   -2.334024845229      -13.68       -7.50    3.5    1.66s
n     Energy            log10(ΔE)   log10(Δρ)   Diag   Δtime
---   ---------------   ---------   ---------   ----   ------
  1   -2.333834046922                   -1.55    5.6    2.07s
  2   -2.333971995938       -3.86       -1.87    1.4    783ms
  3   -2.334023841570       -4.29       -2.98    3.7    1.65s
  4   -2.334024801186       -6.02       -3.46    3.9    1.46s
  5   -2.334024841795       -7.39       -4.11    2.8    1.40s
  6   -2.334024844834       -8.52       -4.72    3.4    1.29s
  7   -2.334024845218       -9.42       -5.33    3.3    1.55s
  8   -2.334024845228      -11.01       -6.02    3.1    1.21s
  9   -2.334024845229      -12.23       -6.85    2.8    1.46s
 10   -2.334024845229      -13.67       -7.40    3.5    1.36s
     1    -2.334025e+00     8.323292e-03
 * time: 57.87440896034241
n     Energy            log10(ΔE)   log10(Δρ)   Diag   Δtime
---   ---------------   ---------   ---------   ----   ------
  1   -2.334729292570                   -1.58    5.5    1.72s
  2   -2.334866360961       -3.86       -1.89    1.2    924ms
  3   -2.334916899706       -4.30       -3.08    3.7    1.14s
  4   -2.334917570070       -6.17       -3.43    4.0    1.54s
  5   -2.334917607913       -7.42       -3.60    2.1    759ms
  6   -2.334917639350       -7.50       -4.71    2.5    1.16s
  7   -2.334917639987       -9.20       -5.12    4.3    1.26s
  8   -2.334917640017      -10.52       -5.84    3.1    1.31s
  9   -2.334917640019      -11.71       -5.98    3.3    1.02s
 10   -2.334917640020      -12.10       -6.78    3.0    1.28s
 11   -2.334917640020      -13.48       -7.79    2.8    935ms
n     Energy            log10(ΔE)   log10(Δρ)   Diag   Δtime
---   ---------------   ---------   ---------   ----   ------
  1   -2.334728645776                   -1.58    5.5    1.40s
  2   -2.334865821297       -3.86       -1.89    1.3    911ms
  3   -2.334916900867       -4.29       -3.07    3.7    1.13s
  4   -2.334917569811       -6.17       -3.43    4.0    1.49s
  5   -2.334917608308       -7.41       -3.60    2.1    745ms
  6   -2.334917639349       -7.51       -4.72    2.5    1.13s
  7   -2.334917639957       -9.22       -5.00    4.4    1.25s
  8   -2.334917640017      -10.22       -5.83    3.0    1.22s
  9   -2.334917640019      -11.72       -5.92    3.4    1.05s
 10   -2.334917640020      -11.97       -6.79    2.9    1.21s
 11   -2.334917640020      -13.43       -7.79    3.0    953ms
     2    -2.334918e+00     1.036901e-03
 * time: 113.71451592445374
n     Energy            log10(ΔE)   log10(Δρ)   Diag   Δtime
---   ---------------   ---------   ---------   ----   ------
  1   -2.334751612760                   -1.59    5.5    1.69s
  2   -2.334884082938       -3.88       -1.89    1.5    931ms
  3   -2.334933850803       -4.30       -3.08    3.7    1.10s
  4   -2.334934574737       -6.14       -3.43    4.2    1.53s
  5   -2.334934614093       -7.40       -3.59    2.3    776ms
  6   -2.334934646335       -7.49       -4.71    2.6    1.12s
  7   -2.334934646944       -9.21       -5.11    4.3    1.22s
  8   -2.334934646974      -10.53       -5.82    3.0    1.22s
  9   -2.334934646975      -11.78       -5.96    3.2    981ms
 10   -2.334934646976      -11.91       -6.70    3.1    1.22s
 11   -2.334934646976      -14.27       -7.91    2.8    885ms
n     Energy            log10(ΔE)   log10(Δρ)   Diag   Δtime
---   ---------------   ---------   ---------   ----   ------
  1   -2.334750996929                   -1.59    5.7    1.43s
  2   -2.334884088270       -3.88       -1.89    1.4    925ms
  3   -2.334933888760       -4.30       -3.08    3.8    1.13s
  4   -2.334934574726       -6.16       -3.43    4.1    1.51s
  5   -2.334934611653       -7.43       -3.58    2.2    767ms
  6   -2.334934646274       -7.46       -4.71    2.6    1.16s
  7   -2.334934646914       -9.19       -4.97    4.4    1.27s
  8   -2.334934646973      -10.23       -5.78    2.9    1.25s
  9   -2.334934646974      -11.88       -5.82    3.5    1.09s
 10   -2.334934646976      -11.69       -6.73    3.0    1.23s
 11   -2.334934646976      -13.95       -7.70    3.1    989ms
     3    -2.334935e+00     1.731087e-04
 * time: 169.44186687469482
n     Energy            log10(ΔE)   log10(Δρ)   Diag   Δtime
---   ---------------   ---------   ---------   ----   ------
  1   -2.334746570715                   -1.59    5.4    1.66s
  2   -2.334883840812       -3.86       -1.89    1.3    887ms
  3   -2.334934312135       -4.30       -3.08    3.5    1.09s
  4   -2.334935078060       -6.12       -3.42    4.1    1.53s
  5   -2.334935117418       -7.40       -3.58    2.0    696ms
  6   -2.334935151459       -7.47       -4.71    2.4    1.10s
  7   -2.334935152116       -9.18       -5.29    4.2    1.21s
  8   -2.334935152129      -10.87       -5.77    3.0    1.25s
  9   -2.334935152132      -11.55       -6.16    2.3    786ms
 10   -2.334935152132      -12.28       -6.66    3.4    1.31s
 11   -2.334935152132      -13.99       -7.66    2.5    815ms
n     Energy            log10(ΔE)   log10(Δρ)   Diag   Δtime
---   ---------------   ---------   ---------   ----   ------
  1   -2.334750021855                   -1.59    5.4    1.59s
  2   -2.334884409401       -3.87       -1.89    1.2    848ms
  3   -2.334934382973       -4.30       -3.08    3.5    1.05s
  4   -2.334935079087       -6.16       -3.42    4.1    1.52s
  5   -2.334935118355       -7.41       -3.59    2.0    714ms
  6   -2.334935151469       -7.48       -4.73    2.5    1.13s
  7   -2.334935152118       -9.19       -5.33    4.3    1.26s
  8   -2.334935152131      -10.89       -6.00    3.0    1.24s
  9   -2.334935152132      -11.92       -6.50    3.1    965ms
 10   -2.334935152132      -12.84       -7.47    3.1    1.29s
     4    -2.334935e+00     5.393520e-06
 * time: 223.96575379371643
n     Energy            log10(ΔE)   log10(Δρ)   Diag   Δtime
---   ---------------   ---------   ---------   ----   ------
  1   -2.334745773308                   -1.59    5.4    1.62s
  2   -2.334883080097       -3.86       -1.89    1.2    577ms
  3   -2.334934374346       -4.29       -3.07    3.6    1.31s
  4   -2.334935079493       -6.15       -3.42    4.0    1.15s
  5   -2.334935120036       -7.39       -3.60    2.1    980ms
  6   -2.334935151945       -7.50       -4.74    2.3    757ms
  7   -2.334935152615       -9.17       -5.30    4.3    1.47s
  8   -2.334935152631      -10.81       -6.05    2.9    925ms
  9   -2.334935152632      -11.97       -6.45    3.2    1.25s
 10   -2.334935152632      -12.79       -7.38    2.9    894ms
n     Energy            log10(ΔE)   log10(Δρ)   Diag   Δtime
---   ---------------   ---------   ---------   ----   ------
  1   -2.334747294631                   -1.59    5.3    1.62s
  2   -2.334883000965       -3.87       -1.89    1.2    572ms
  3   -2.334934328437       -4.29       -3.07    3.6    1.33s
  4   -2.334935077563       -6.13       -3.42    4.0    1.18s
  5   -2.334935119481       -7.38       -3.59    2.0    991ms
  6   -2.334935151966       -7.49       -4.73    2.5    803ms
  7   -2.334935152610       -9.19       -5.21    4.3    1.52s
  8   -2.334935152630      -10.69       -5.90    3.0    945ms
  9   -2.334935152632      -11.87       -6.49    3.2    1.27s
 10   -2.334935152632      -12.85       -7.34    3.0    938ms
     5    -2.334935e+00     3.180704e-08
 * time: 276.5315430164337
 * Status: success

 * Candidate solution
    Final objective value:     -2.334935e+00

 * Found with
    Algorithm:     L-BFGS

 * Convergence measures
    |x - x'|               = 1.82e-04 ≰ -1.0e+00
    |x - x'|/|x'|          = 2.31e-05 ≰ 0.0e+00
    |f(x) - f(x')|         = 4.99e-10 ≤ 1.0e-08
    |f(x) - f(x')|/|f(x')| = 2.14e-10 ≰ 0.0e+00
    |g(x)|                 = 3.18e-08 ≤ 1.0e-06

 * Work counters
    Seconds run:   277  (vs limit Inf)
    Iterations:    5
    f(x) calls:    6
    ∇f(x) calls:   6

Al: 311.606910 seconds (291.55 M allocations: 71.946 GiB, 7.74% gc time, 0.00% compilation time)
n     Energy            log10(ΔE)   log10(Δρ)   Diag   Δtime
---   ---------------   ---------   ---------   ----   ------
  1   -74.31769514247                   -1.19    9.2    9.71s
  2   -74.31907552800       -2.86       -1.39    4.1    4.73s
  3   -74.32024909539       -2.93       -1.95    6.4    6.81s
  4   -74.32032478682       -4.12       -2.37    5.2    5.86s
  5   -74.32033393104       -5.04       -2.70    5.1    5.88s
  6   -74.32033510782       -5.93       -3.07    5.0    5.59s
  7   -74.32033533327       -6.65       -3.66    5.1    5.50s
  8   -74.32033534166       -8.08       -4.34    5.3    5.82s
  9   -74.32033534174      -10.06       -4.58    5.7    6.07s
 10   -74.32033534193       -9.73       -5.20    4.4    5.11s
 11   -74.32033534194      -10.84       -5.69    5.8    6.21s
 12   -74.32033534194      -11.71       -6.08    5.3    5.71s
 13   -74.32033534194   +  -12.42       -6.43    4.5    5.06s
 14   -74.32033534194   +  -12.28       -6.86    5.1    5.54s
 15   -74.32033534194   +  -12.38       -7.54    5.0    5.63s
Iter     Function value   Gradient norm 
     0    -7.432034e+01     2.589045e-02
 * time: 5.0067901611328125e-6
n     Energy            log10(ΔE)   log10(Δρ)   Diag   Δtime
---   ---------------   ---------   ---------   ----   ------
  1   -74.31827060845                   -1.19    9.4    9.85s
  2   -74.31966277111       -2.86       -1.38    4.2    4.92s
  3   -74.32086235891       -2.92       -1.94    6.5    7.20s
  4   -74.32094175458       -4.10       -2.37    5.3    5.88s
  5   -74.32095005153       -5.08       -2.70    5.2    5.82s
  6   -74.32095133434       -5.89       -3.07    5.0    5.68s
  7   -74.32095155017       -6.67       -3.66    5.1    5.84s
  8   -74.32095155777       -8.12       -4.33    5.2    5.92s
  9   -74.32095155783      -10.28       -4.65    5.1    5.72s
 10   -74.32095155794       -9.94       -5.20    4.2    4.84s
 11   -74.32095155796      -10.76       -5.65    5.6    6.14s
 12   -74.32095155796      -11.80       -6.00    5.5    5.75s
 13   -74.32095155796   +  -12.70       -6.37    4.7    5.15s
 14   -74.32095155796   +  -12.47       -6.86    4.9    5.54s
 15   -74.32095155796   +  -12.70       -7.61    5.0    5.70s
n     Energy            log10(ΔE)   log10(Δρ)   Diag   Δtime
---   ---------------   ---------   ---------   ----   ------
  1   -74.31827134272                   -1.19    9.5    9.56s
  2   -74.31965779414       -2.86       -1.38    4.2    4.90s
  3   -74.32086296480       -2.92       -1.94    6.5    7.08s
  4   -74.32094167830       -4.10       -2.37    5.3    5.99s
  5   -74.32094998887       -5.08       -2.69    5.1    6.14s
  6   -74.32095132813       -5.87       -3.07    5.1    6.13s
  7   -74.32095154999       -6.65       -3.65    5.1    5.81s
  8   -74.32095155778       -8.11       -4.32    5.2    5.93s
  9   -74.32095155784      -10.28       -4.65    4.8    5.30s
 10   -74.32095155794       -9.99       -5.19    4.2    4.97s
 11   -74.32095155796      -10.76       -5.64    5.7    6.29s
 12   -74.32095155796      -11.83       -5.98    5.6    6.03s
 13   -74.32095155796   +  -12.73       -6.35    4.7    5.35s
 14   -74.32095155796   +  -12.45       -6.93    5.0    6.33s
 15   -74.32095155796   +  -12.77       -7.63    5.1    5.73s
     1    -7.432095e+01     2.173409e-02
 * time: 245.08520793914795
n     Energy            log10(ΔE)   log10(Δρ)   Diag   Δtime
---   ---------------   ---------   ---------   ----   ------
  1   -74.31978708980                   -1.19    9.8    10.6s
  2   -74.32114581713       -2.87       -1.38    4.4    4.95s
  3   -74.32243099557       -2.89       -1.92    6.8    7.36s
  4   -74.32252180933       -4.04       -2.39    5.5    6.29s
  5   -74.32252686960       -5.30       -2.68    5.2    6.21s
  6   -74.32252846110       -5.80       -3.06    5.3    6.10s
  7   -74.32252864566       -6.73       -3.64    5.2    6.15s
  8   -74.32252864842       -8.56       -4.19    4.5    5.25s
  9   -74.32252864890       -9.32       -4.52    4.8    5.51s
 10   -74.32252864905       -9.82       -5.05    4.9    5.47s
 11   -74.32252864906      -10.90       -5.59    3.9    4.92s
 12   -74.32252864906      -12.16       -5.76    4.3    5.20s
 13   -74.32252864906      -13.00       -6.01    4.7    5.38s
 14   -74.32252864906   +  -12.57       -6.55    4.7    5.84s
 15   -74.32252864906   +  -12.34       -6.92    5.0    5.69s
 16   -74.32252864906   +  -12.73       -7.45    4.6    5.57s
n     Energy            log10(ΔE)   log10(Δρ)   Diag   Δtime
---   ---------------   ---------   ---------   ----   ------
  1   -74.31978489236                   -1.19    9.7    10.4s
  2   -74.32115225425       -2.86       -1.38    4.4    5.43s
  3   -74.32243083003       -2.89       -1.92    6.7    7.50s
  4   -74.32252159728       -4.04       -2.39    5.6    6.32s
  5   -74.32252688472       -5.28       -2.68    5.2    6.39s
  6   -74.32252845284       -5.80       -3.05    5.3    6.05s
  7   -74.32252864509       -6.72       -3.63    5.2    5.86s
  8   -74.32252864853       -8.46       -4.19    4.6    5.35s
  9   -74.32252864891       -9.42       -4.52    4.7    5.53s
 10   -74.32252864905       -9.87       -5.02    4.8    5.51s
 11   -74.32252864906      -10.82       -5.58    4.3    5.15s
 12   -74.32252864906      -12.89       -5.77    3.8    4.91s
 13   -74.32252864906   +  -12.77       -6.00    4.6    5.30s
 14   -74.32252864906   +  -12.77       -6.53    4.6    5.35s
 15   -74.32252864906   +  -12.30       -6.97    4.8    5.65s
 16   -74.32252864906   +  -13.37       -7.41    4.7    5.74s
     2    -7.432253e+01     2.196558e-03
 * time: 502.89109683036804
n     Energy            log10(ΔE)   log10(Δρ)   Diag   Δtime
---   ---------------   ---------   ---------   ----   ------
  1   -74.31979940128                   -1.19    9.7    11.0s
  2   -74.32116456795       -2.86       -1.38    4.5    5.19s
  3   -74.32244911979       -2.89       -1.92    6.6    7.84s
  4   -74.32254043930       -4.04       -2.39    5.5    6.87s
  5   -74.32254539822       -5.30       -2.68    5.2    6.13s
  6   -74.32254692262       -5.82       -3.05    5.3    6.14s
  7   -74.32254711458       -6.72       -3.62    5.0    5.87s
  8   -74.32254711824       -8.44       -4.16    4.6    5.52s
  9   -74.32254711871       -9.33       -4.49    4.7    5.77s
 10   -74.32254711888       -9.78       -4.96    4.8    5.60s
 11   -74.32254711890      -10.63       -5.56    4.3    5.51s
 12   -74.32254711890   +  -12.26       -5.73    4.1    4.91s
 13   -74.32254711890   +  -11.81       -5.93    4.7    5.37s
 14   -74.32254711890   +  -11.94       -6.50    4.6    5.45s
 15   -74.32254711890   +  -12.27       -6.93    4.7    5.98s
 16   -74.32254711890   +  -12.49       -7.40    4.7    5.81s
n     Energy            log10(ΔE)   log10(Δρ)   Diag   Δtime
---   ---------------   ---------   ---------   ----   ------
  1   -74.31979967950                   -1.19    9.9    10.8s
  2   -74.32116218969       -2.87       -1.38    4.4    5.04s
  3   -74.32244927010       -2.89       -1.92    6.7    7.44s
  4   -74.32254042359       -4.04       -2.39    5.5    6.39s
  5   -74.32254541434       -5.30       -2.68    5.3    6.60s
  6   -74.32254692382       -5.82       -3.05    5.3    6.03s
  7   -74.32254711449       -6.72       -3.62    5.0    5.81s
  8   -74.32254711819       -8.43       -4.15    4.6    5.51s
  9   -74.32254711870       -9.29       -4.48    4.8    5.81s
 10   -74.32254711888       -9.75       -4.97    4.8    5.45s
 11   -74.32254711890      -10.62       -5.57    4.5    5.32s
 12   -74.32254711890   +  -12.40       -5.72    4.0    4.81s
 13   -74.32254711890   +  -11.76       -5.94    4.6    5.32s
 14   -74.32254711890   +  -11.99       -6.51    4.6    5.52s
 15   -74.32254711890   +  -12.18       -6.91    4.8    5.67s
 16   -74.32254711890   +  -12.53       -7.35    4.6    5.97s
     3    -7.432255e+01     2.373779e-04
 * time: 762.0796368122101
n     Energy            log10(ΔE)   log10(Δρ)   Diag   Δtime
---   ---------------   ---------   ---------   ----   ------
  1   -74.31979336785                   -1.19   10.0    10.9s
  2   -74.32117268689       -2.86       -1.38    4.7    5.40s
  3   -74.32244892418       -2.89       -1.92    6.9    7.97s
  4   -74.32254060333       -4.04       -2.39    5.7    6.73s
  5   -74.32254563077       -5.30       -2.68    5.3    6.59s
  6   -74.32254714657       -5.82       -3.05    5.4    6.18s
  7   -74.32254733596       -6.72       -3.61    5.2    6.06s
  8   -74.32254734013       -8.38       -4.19    4.8    5.73s
  9   -74.32254734055       -9.38       -4.52    4.9    5.68s
 10   -74.32254734068       -9.88       -4.94    4.6    5.31s
 11   -74.32254734071      -10.55       -5.42    4.5    5.34s
 12   -74.32254734071   +  -11.98       -5.77    3.6    4.78s
 13   -74.32254734070   +  -11.98       -5.94    4.7    5.36s
 14   -74.32254734070   +  -12.00       -6.26    4.4    5.41s
 15   -74.32254734070   +  -11.84       -6.84    4.9    5.72s
 16   -74.32254734070   +  -12.59       -7.55    5.3    6.14s
n     Energy            log10(ΔE)   log10(Δρ)   Diag   Δtime
---   ---------------   ---------   ---------   ----   ------
  1   -74.31979602036                   -1.19   10.1    10.9s
  2   -74.32116803885       -2.86       -1.38    4.6    5.36s
  3   -74.32244930919       -2.89       -1.92    6.9    7.65s
  4   -74.32254058866       -4.04       -2.39    5.6    6.39s
  5   -74.32254564258       -5.30       -2.68    5.4    6.52s
  6   -74.32254714542       -5.82       -3.05    5.4    6.08s
  7   -74.32254733602       -6.72       -3.61    5.1    5.91s
  8   -74.32254734006       -8.39       -4.17    4.8    5.73s
  9   -74.32254734051       -9.35       -4.48    4.7    7.15s
 10   -74.32254734068       -9.78       -4.94    4.7    5.94s
 11   -74.32254734071      -10.56       -5.57    4.7    5.56s
 12   -74.32254734071   +  -12.30       -5.73    4.0    5.16s
 13   -74.32254734070   +  -11.83       -5.93    4.7    5.53s
 14   -74.32254734070   +  -11.90       -6.50    4.6    5.44s
 15   -74.32254734070   +  -12.18       -6.94    4.8    5.69s
 16   -74.32254734070   +  -12.59       -7.37    4.7    5.99s
     4    -7.432255e+01     3.093899e-06
 * time: 1026.761659860611
n     Energy            log10(ΔE)   log10(Δρ)   Diag   Δtime
---   ---------------   ---------   ---------   ----   ------
  1   -74.31979585671                   -1.19   10.0    10.6s
  2   -74.32118364053       -2.86       -1.38    4.7    5.43s
  3   -74.32244745990       -2.90       -1.92    6.9    7.71s
  4   -74.32254063464       -4.03       -2.39    5.6    6.59s
  5   -74.32254554712       -5.31       -2.68    5.4    6.73s
  6   -74.32254714287       -5.80       -3.04    5.4    6.31s
  7   -74.32254733655       -6.71       -3.62    5.3    6.27s
  8   -74.32254734015       -8.44       -4.18    4.6    5.66s
  9   -74.32254734058       -9.37       -4.50    4.8    5.80s
 10   -74.32254734072       -9.84       -4.95    4.7    6.38s
 11   -74.32254734075      -10.61       -5.58    4.4    5.80s
 12   -74.32254734075   +  -12.38       -5.75    4.2    5.14s
 13   -74.32254734074   +  -11.81       -5.94    4.7    5.52s
 14   -74.32254734074   +  -11.99       -6.49    4.6    5.52s
 15   -74.32254734074   +  -12.10       -7.03    4.8    5.97s
n     Energy            log10(ΔE)   log10(Δρ)   Diag   Δtime
---   ---------------   ---------   ---------   ----   ------
  1   -74.31979536288                   -1.19   10.0    10.9s
  2   -74.32117031084       -2.86       -1.38    4.5    5.31s
  3   -74.32244876832       -2.89       -1.92    6.9    7.67s
  4   -74.32254082897       -4.04       -2.39    5.6    6.45s
  5   -74.32254553786       -5.33       -2.68    5.3    6.16s
  6   -74.32254714802       -5.79       -3.05    5.4    6.41s
  7   -74.32254733676       -6.72       -3.62    5.1    6.03s
  8   -74.32254734005       -8.48       -4.16    4.4    5.47s
  9   -74.32254734054       -9.31       -4.47    4.7    5.60s
 10   -74.32254734072       -9.74       -4.95    4.9    5.51s
 11   -74.32254734075      -10.62       -5.57    4.2    5.01s
 12   -74.32254734075   +  -12.33       -5.73    4.2    4.99s
 13   -74.32254734074   +  -11.81       -5.95    4.6    5.47s
 14   -74.32254734074   +  -11.95       -6.52    4.6    5.27s
 15   -74.32254734074   +  -12.22       -6.95    4.7    5.64s
 16   -74.32254734074   +  -12.55       -7.37    4.7    5.76s
     5    -7.432255e+01     3.130597e-09
 * time: 1284.955855846405
┌ Info: Threading setup: 
│   Threads.nthreads() = 1
│   n_DFTK = 1
│   n_fft = 1
└   n_blas = 1
┌ Info: 2025-05-14T11:18:51.487
│   name = "Si"
│   Ecut = 18.0
│   kgrid = MonkhorstPack([14, 14, 14])
│   p0 = ComponentVector{Float64}(a = 10.347246312603742)
│   temperature = 0.001
└   smearing = DFTK.Smearing.Gaussian()
┌ Info: 2025-05-14T11:24:05.971
│   name = "NaCl"
│   Ecut = 44.0
│   kgrid = MonkhorstPack([13, 13, 13])
│   p0 = ComponentVector{Float64}(a = 10.746130571470083)
│   temperature = 0
└   smearing = DFTK.Smearing.None()
┌ Info: 2025-05-14T11:45:58.354
│   name = "Al"
│   Ecut = 20.0
│   kgrid = MonkhorstPack([18, 18, 18])
│   p0 = ComponentVector{Float64}(a = 7.641925528121933)
│   temperature = 0.001
└   smearing = DFTK.Smearing.Gaussian()
┌ Info: 2025-05-14T11:51:09.961
│   name = "V"
│   Ecut = 42.0
│   kgrid = MonkhorstPack([20, 20, 20])
│   p0 = ComponentVector{Float64}(a = 5.699267600684394)
│   temperature = 0.001
└   smearing = DFTK.Smearing.Gaussian()
┌ Warning: Negative ρcore detected: -3.4151886922104144e-8
└ @ DFTK ~/.julia/packages/DFTK/n2IL4/src/terms/xc.jl:39
┌ Warning: Negative ρcore detected: Dual{ForwardDiff.Tag{var"#19#21"{@NamedTuple{ham::Hamiltonian, basis::PlaneWaveBasis{Float64, Float64, DFTK.CPU, FFTGrid{Float64, Float64, Array{StaticArraysCore.SVector{3, Int64}, 3}, Array{StaticArraysCore.SVector{3, Float64}, 3}}, Vector{StaticArraysCore.SVector{3, Int64}}}, energies::Energies{Float64}, converged::Bool, occupation_threshold::Float64, ρ::Array{Float64, 4}, τ::Nothing, α::Float64, eigenvalues::Vector{Vector{Float64}}, occupation::Vector{Vector{Float64}}, εF::Float64, n_bands_converge::Int64, n_iter::Int64, n_matvec::Int64, ψ::Vector{Matrix{ComplexF64}}, diagonalization::Vector{@NamedTuple{λ::Vector{Vector{Float64}}, X::Vector{Matrix{ComplexF64}}, residual_norms::Vector{Vector{Float64}}, n_iter::Vector{Int64}, converged::Bool, n_matvec::Int64}}, stage::Symbol, history_Δρ::Vector{Float64}, history_Etot::Vector{Float64}, timedout::Bool, runtime_ns::UInt64, algorithm::String}, Model{Float64, Float64}, Float64, MonkhorstPack, var"#case#4"{Matrix{Float64}, Float64, MonkhorstPack, Vector{StaticArraysCore.SVector{3, Float64}}, Vector{ElementPsp{PspUpf{Float64, Interpolations.Extrapolation{Float64, 1, Interpolations.GriddedInterpolation{Float64, 1, Vector{Float64}, Interpolations.Gridded{Interpolations.Linear{Interpolations.Throw{Interpolations.OnGrid}}}, Tuple{Vector{Float64}}}, Interpolations.Gridded{Interpolations.Linear{Interpolations.Throw{Interpolations.OnGrid}}}, Interpolations.Throw{Nothing}}}}}, Float64, Float64, String}}, Float64}}(-3.4151886922104144e-8,-1.2413273474001241e-8)
└ @ DFTK ~/.julia/packages/DFTK/n2IL4/src/terms/xc.jl:39
┌ Warning: Negative ρcore detected: -3.31613235978069e-8
└ @ DFTK ~/.julia/packages/DFTK/n2IL4/src/terms/xc.jl:39
┌ Warning: Negative ρcore detected: -3.31613235978069e-8
└ @ DFTK ~/.julia/packages/DFTK/n2IL4/src/terms/xc.jl:39
┌ Warning: Eigensolver not converged
│   n_iter =
│    256-element Vector{Int64}:
│     1
│     2
│     4
│     3
│     ⋮
│     3
│     9
│     2
└ @ DFTK ~/.julia/packages/DFTK/n2IL4/src/scf/self_consistent_field.jl:76
┌ Warning: Negative ρcore detected: Dual{ForwardDiff.Tag{var"#19#21"{@NamedTuple{ham::Hamiltonian, basis::PlaneWaveBasis{Float64, Float64, DFTK.CPU, FFTGrid{Float64, Float64, Array{StaticArraysCore.SVector{3, Int64}, 3}, Array{StaticArraysCore.SVector{3, Float64}, 3}}, Vector{StaticArraysCore.SVector{3, Int64}}}, energies::Energies{Float64}, converged::Bool, occupation_threshold::Float64, ρ::Array{Float64, 4}, τ::Nothing, α::Float64, eigenvalues::Vector{Vector{Float64}}, occupation::Vector{Vector{Float64}}, εF::Float64, n_bands_converge::Int64, n_iter::Int64, n_matvec::Int64, ψ::Vector{Matrix{ComplexF64}}, diagonalization::Vector{@NamedTuple{λ::Vector{Vector{Float64}}, X::Vector{Matrix{ComplexF64}}, residual_norms::Vector{Vector{Float64}}, n_iter::Vector{Int64}, converged::Bool, n_matvec::Int64}}, stage::Symbol, history_Δρ::Vector{Float64}, history_Etot::Vector{Float64}, timedout::Bool, runtime_ns::UInt64, algorithm::String}, Model{Float64, Float64}, Float64, MonkhorstPack, var"#case#4"{Matrix{Float64}, Float64, MonkhorstPack, Vector{StaticArraysCore.SVector{3, Float64}}, Vector{ElementPsp{PspUpf{Float64, Interpolations.Extrapolation{Float64, 1, Interpolations.GriddedInterpolation{Float64, 1, Vector{Float64}, Interpolations.Gridded{Interpolations.Linear{Interpolations.Throw{Interpolations.OnGrid}}}, Tuple{Vector{Float64}}}, Interpolations.Gridded{Interpolations.Linear{Interpolations.Throw{Interpolations.OnGrid}}}, Interpolations.Throw{Nothing}}}}}, Float64, Float64, String}}, Float64}}(-3.31613235978069e-8,8.545425385179344e-8)
└ @ DFTK ~/.julia/packages/DFTK/n2IL4/src/terms/xc.jl:39
┌ Warning: Negative ρcore detected: -3.828123781821831e-8
└ @ DFTK ~/.julia/packages/DFTK/n2IL4/src/terms/xc.jl:39
┌ Warning: Eigensolver not converged
│   n_iter =
│    256-element Vector{Int64}:
│     2
│     4
│     2
│     2
│     ⋮
│     7
│     6
│     4
└ @ DFTK ~/.julia/packages/DFTK/n2IL4/src/scf/self_consistent_field.jl:76
┌ Warning: Negative ρcore detected: -3.828123781821831e-8
└ @ DFTK ~/.julia/packages/DFTK/n2IL4/src/terms/xc.jl:39
┌ Warning: Negative ρcore detected: Dual{ForwardDiff.Tag{var"#19#21"{@NamedTuple{ham::Hamiltonian, basis::PlaneWaveBasis{Float64, Float64, DFTK.CPU, FFTGrid{Float64, Float64, Array{StaticArraysCore.SVector{3, Int64}, 3}, Array{StaticArraysCore.SVector{3, Float64}, 3}}, Vector{StaticArraysCore.SVector{3, Int64}}}, energies::Energies{Float64}, converged::Bool, occupation_threshold::Float64, ρ::Array{Float64, 4}, τ::Nothing, α::Float64, eigenvalues::Vector{Vector{Float64}}, occupation::Vector{Vector{Float64}}, εF::Float64, n_bands_converge::Int64, n_iter::Int64, n_matvec::Int64, ψ::Vector{Matrix{ComplexF64}}, diagonalization::Vector{@NamedTuple{λ::Vector{Vector{Float64}}, X::Vector{Matrix{ComplexF64}}, residual_norms::Vector{Vector{Float64}}, n_iter::Vector{Int64}, converged::Bool, n_matvec::Int64}}, stage::Symbol, history_Δρ::Vector{Float64}, history_Etot::Vector{Float64}, timedout::Bool, runtime_ns::UInt64, algorithm::String}, Model{Float64, Float64}, Float64, MonkhorstPack, var"#case#4"{Matrix{Float64}, Float64, MonkhorstPack, Vector{StaticArraysCore.SVector{3, Float64}}, Vector{ElementPsp{PspUpf{Float64, Interpolations.Extrapolation{Float64, 1, Interpolations.GriddedInterpolation{Float64, 1, Vector{Float64}, Interpolations.Gridded{Interpolations.Linear{Interpolations.Throw{Interpolations.OnGrid}}}, Tuple{Vector{Float64}}}, Interpolations.Gridded{Interpolations.Linear{Interpolations.Throw{Interpolations.OnGrid}}}, Interpolations.Throw{Nothing}}}}}, Float64, Float64, String}}, Float64}}(-3.828123781821831e-8,-1.3266124076388268e-7)
└ @ DFTK ~/.julia/packages/DFTK/n2IL4/src/terms/xc.jl:39
┌ Warning: Negative ρcore detected: -3.9709803471935434e-8
└ @ DFTK ~/.julia/packages/DFTK/n2IL4/src/terms/xc.jl:39
┌ Warning: Negative ρcore detected: -3.9709803471935434e-8
└ @ DFTK ~/.julia/packages/DFTK/n2IL4/src/terms/xc.jl:39
┌ Warning: Negative ρcore detected: Dual{ForwardDiff.Tag{var"#19#21"{@NamedTuple{ham::Hamiltonian, basis::PlaneWaveBasis{Float64, Float64, DFTK.CPU, FFTGrid{Float64, Float64, Array{StaticArraysCore.SVector{3, Int64}, 3}, Array{StaticArraysCore.SVector{3, Float64}, 3}}, Vector{StaticArraysCore.SVector{3, Int64}}}, energies::Energies{Float64}, converged::Bool, occupation_threshold::Float64, ρ::Array{Float64, 4}, τ::Nothing, α::Float64, eigenvalues::Vector{Vector{Float64}}, occupation::Vector{Vector{Float64}}, εF::Float64, n_bands_converge::Int64, n_iter::Int64, n_matvec::Int64, ψ::Vector{Matrix{ComplexF64}}, diagonalization::Vector{@NamedTuple{λ::Vector{Vector{Float64}}, X::Vector{Matrix{ComplexF64}}, residual_norms::Vector{Vector{Float64}}, n_iter::Vector{Int64}, converged::Bool, n_matvec::Int64}}, stage::Symbol, history_Δρ::Vector{Float64}, history_Etot::Vector{Float64}, timedout::Bool, runtime_ns::UInt64, algorithm::String}, Model{Float64, Float64}, Float64, MonkhorstPack, var"#case#4"{Matrix{Float64}, Float64, MonkhorstPack, Vector{StaticArraysCore.SVector{3, Float64}}, Vector{ElementPsp{PspUpf{Float64, Interpolations.Extrapolation{Float64, 1, Interpolations.GriddedInterpolation{Float64, 1, Vector{Float64}, Interpolations.Gridded{Interpolations.Linear{Interpolations.Throw{Interpolations.OnGrid}}}, Tuple{Vector{Float64}}}, Interpolations.Gridded{Interpolations.Linear{Interpolations.Throw{Interpolations.OnGrid}}}, Interpolations.Throw{Nothing}}}}}, Float64, Float64, String}}, Float64}}(-3.9709803471935434e-8,-5.6178074858597805e-8)
└ @ DFTK ~/.julia/packages/DFTK/n2IL4/src/terms/xc.jl:39
┌ Warning: Negative ρcore detected: -3.980527377003258e-8
└ @ DFTK ~/.julia/packages/DFTK/n2IL4/src/terms/xc.jl:39
┌ Warning: Negative ρcore detected: -3.980527377003258e-8
└ @ DFTK ~/.julia/packages/DFTK/n2IL4/src/terms/xc.jl:39
┌ Warning: Negative ρcore detected: Dual{ForwardDiff.Tag{var"#19#21"{@NamedTuple{ham::Hamiltonian, basis::PlaneWaveBasis{Float64, Float64, DFTK.CPU, FFTGrid{Float64, Float64, Array{StaticArraysCore.SVector{3, Int64}, 3}, Array{StaticArraysCore.SVector{3, Float64}, 3}}, Vector{StaticArraysCore.SVector{3, Int64}}}, energies::Energies{Float64}, converged::Bool, occupation_threshold::Float64, ρ::Array{Float64, 4}, τ::Nothing, α::Float64, eigenvalues::Vector{Vector{Float64}}, occupation::Vector{Vector{Float64}}, εF::Float64, n_bands_converge::Int64, n_iter::Int64, n_matvec::Int64, ψ::Vector{Matrix{ComplexF64}}, diagonalization::Vector{@NamedTuple{λ::Vector{Vector{Float64}}, X::Vector{Matrix{ComplexF64}}, residual_norms::Vector{Vector{Float64}}, n_iter::Vector{Int64}, converged::Bool, n_matvec::Int64}}, stage::Symbol, history_Δρ::Vector{Float64}, history_Etot::Vector{Float64}, timedout::Bool, runtime_ns::UInt64, algorithm::String}, Model{Float64, Float64}, Float64, MonkhorstPack, var"#case#4"{Matrix{Float64}, Float64, MonkhorstPack, Vector{StaticArraysCore.SVector{3, Float64}}, Vector{ElementPsp{PspUpf{Float64, Interpolations.Extrapolation{Float64, 1, Interpolations.GriddedInterpolation{Float64, 1, Vector{Float64}, Interpolations.Gridded{Interpolations.Linear{Interpolations.Throw{Interpolations.OnGrid}}}, Tuple{Vector{Float64}}}, Interpolations.Gridded{Interpolations.Linear{Interpolations.Throw{Interpolations.OnGrid}}}, Interpolations.Throw{Nothing}}}}}, Float64, Float64, String}}, Float64}}(-3.980527377003258e-8,-4.7374491371986065e-8)
└ @ DFTK ~/.julia/packages/DFTK/n2IL4/src/terms/xc.jl:39
┌ Warning: Negative ρcore detected: -3.98064261577122e-8
└ @ DFTK ~/.julia/packages/DFTK/n2IL4/src/terms/xc.jl:39
┌ Warning: Negative ρcore detected: -3.98064261577122e-8
└ @ DFTK ~/.julia/packages/DFTK/n2IL4/src/terms/xc.jl:39
┌ Warning: Negative ρcore detected: Dual{ForwardDiff.Tag{var"#19#21"{@NamedTuple{ham::Hamiltonian, basis::PlaneWaveBasis{Float64, Float64, DFTK.CPU, FFTGrid{Float64, Float64, Array{StaticArraysCore.SVector{3, Int64}, 3}, Array{StaticArraysCore.SVector{3, Float64}, 3}}, Vector{StaticArraysCore.SVector{3, Int64}}}, energies::Energies{Float64}, converged::Bool, occupation_threshold::Float64, ρ::Array{Float64, 4}, τ::Nothing, α::Float64, eigenvalues::Vector{Vector{Float64}}, occupation::Vector{Vector{Float64}}, εF::Float64, n_bands_converge::Int64, n_iter::Int64, n_matvec::Int64, ψ::Vector{Matrix{ComplexF64}}, diagonalization::Vector{@NamedTuple{λ::Vector{Vector{Float64}}, X::Vector{Matrix{ComplexF64}}, residual_norms::Vector{Vector{Float64}}, n_iter::Vector{Int64}, converged::Bool, n_matvec::Int64}}, stage::Symbol, history_Δρ::Vector{Float64}, history_Etot::Vector{Float64}, timedout::Bool, runtime_ns::UInt64, algorithm::String}, Model{Float64, Float64}, Float64, MonkhorstPack, var"#case#4"{Matrix{Float64}, Float64, MonkhorstPack, Vector{StaticArraysCore.SVector{3, Float64}}, Vector{ElementPsp{PspUpf{Float64, Interpolations.Extrapolation{Float64, 1, Interpolations.GriddedInterpolation{Float64, 1, Vector{Float64}, Interpolations.Gridded{Interpolations.Linear{Interpolations.Throw{Interpolations.OnGrid}}}, Tuple{Vector{Float64}}}, Interpolations.Gridded{Interpolations.Linear{Interpolations.Throw{Interpolations.OnGrid}}}, Interpolations.Throw{Nothing}}}}}, Float64, Float64, String}}, Float64}}(-3.98064261577122e-8,-4.7258911352943635e-8)
└ @ DFTK ~/.julia/packages/DFTK/n2IL4/src/terms/xc.jl:39
 * Status: success

 * Candidate solution
    Final objective value:     -7.432255e+01

 * Found with
    Algorithm:     L-BFGS

 * Convergence measures
    |x - x'|               = 2.44e-05 ≰ -1.0e+00
    |x - x'|/|x'|          = 4.14e-06 ≰ 0.0e+00
    |f(x) - f(x')|         = 4.02e-11 ≤ 1.0e-08
    |f(x) - f(x')|/|f(x')| = 5.41e-13 ≰ 0.0e+00
    |g(x)|                 = 3.13e-09 ≤ 1.0e-06

 * Work counters
    Seconds run:   1285  (vs limit Inf)
    Iterations:    5
    f(x) calls:    6
    ∇f(x) calls:   6

V: 1417.430980 seconds (958.98 M allocations: 471.978 GiB, 6.45% gc time, 0.01% compilation time)
