n     Energy            log10(ΔE)   log10(Δρ)   Diag   Δtime
---   ---------------   ---------   ---------   ----   ------
  1   -8.537352884108                   -0.94    7.0    11.1s
  2   -8.539237374959       -2.72       -1.63    2.0    4.89s
  3   -8.539345697591       -3.97       -2.55    4.0    1.98s
  4   -8.539350679729       -5.30       -3.86    3.9    1.78s
  5   -8.539350703546       -7.62       -4.66    4.6    2.23s
  6   -8.539350703975       -9.37       -5.76    4.3    1.98s
  7   -8.539350703980      -11.38       -6.36    4.8    1.95s
  8   -8.539350703980      -13.14       -7.51    3.2    1.81s
Iter     Function value   Gradient norm 
     0    -8.539351e+00     9.775827e-03
 * time: 8.821487426757812e-6
n     Energy            log10(ΔE)   log10(Δρ)   Diag   Δtime
---   ---------------   ---------   ---------   ----   ------
  1   -8.537455444218                   -0.94    7.5    2.63s
  2   -8.539329719773       -2.73       -1.63    2.3    1.24s
  3   -8.539438476372       -3.96       -2.55    4.1    2.04s
  4   -8.539442891669       -5.36       -3.90    4.0    1.81s
  5   -8.539442914234       -7.65       -4.59    4.9    2.39s
  6   -8.539442914808       -9.24       -5.53    4.5    1.84s
  7   -8.539442914813      -11.25       -6.21    3.8    2.03s
  8   -8.539442914813      -12.79       -7.46    3.6    1.62s
n     Energy            log10(ΔE)   log10(Δρ)   Diag   Δtime
---   ---------------   ---------   ---------   ----   ------
  1   -8.537461665641                   -0.94    7.3    2.66s
  2   -8.539333470638       -2.73       -1.63    2.2    1.26s
  3   -8.539438432583       -3.98       -2.55    4.1    1.98s
  4   -8.539442895947       -5.35       -3.89    4.2    2.14s
  5   -8.539442914352       -7.74       -4.65    4.8    1.97s
  6   -8.539442914809       -9.34       -5.73    4.7    2.11s
  7   -8.539442914813      -11.40       -6.55    4.4    1.88s
  8   -8.539442914813      -13.52       -7.47    3.6    1.97s
     1    -8.539443e+00     9.090312e-03
 * time: 45.000603914260864
n     Energy            log10(ΔE)   log10(Δρ)   Diag   Δtime
---   ---------------   ---------   ---------   ----   ------
  1   -8.538230220012                   -0.95    7.1    2.60s
  2   -8.539955410034       -2.76       -1.57    2.1    1.22s
  3   -8.540053526206       -4.01       -2.69    3.9    1.89s
  4   -8.540058560418       -5.30       -3.27    4.4    2.21s
  5   -8.540058613501       -7.28       -4.05    3.3    1.44s
  6   -8.540058614951       -8.84       -5.18    3.5    1.89s
  7   -8.540058614984      -10.49       -5.57    4.4    1.90s
  8   -8.540058614984      -12.38       -6.50    2.3    1.58s
  9   -8.540058614984      -13.85       -7.54    3.3    1.52s
n     Energy            log10(ΔE)   log10(Δρ)   Diag   Δtime
---   ---------------   ---------   ---------   ----   ------
  1   -8.538245001026                   -0.95    7.0    2.66s
  2   -8.539956887869       -2.77       -1.57    1.8    1.14s
  3   -8.540053877981       -4.01       -2.69    3.9    1.90s
  4   -8.540058558042       -5.33       -3.27    4.3    2.23s
  5   -8.540058613607       -7.26       -4.07    3.4    1.49s
  6   -8.540058614946       -8.87       -5.27    3.5    1.91s
  7   -8.540058614984      -10.43       -5.70    4.5    1.93s
  8   -8.540058614984      -12.57       -6.60    2.5    1.59s
  9   -8.540058614984      -14.15       -7.71    3.4    1.48s
     2    -8.540059e+00     5.883744e-04
 * time: 90.92452597618103
n     Energy            log10(ΔE)   log10(Δρ)   Diag   Δtime
---   ---------------   ---------   ---------   ----   ------
  1   -8.538264351212                   -0.95    7.2    2.67s
  2   -8.539964475870       -2.77       -1.57    2.1    1.48s
  3   -8.540056654085       -4.04       -2.69    4.1    1.65s
  4   -8.540061374341       -5.33       -3.31    4.3    2.18s
  5   -8.540061425120       -7.29       -4.09    3.5    1.49s
  6   -8.540061426511       -8.86       -5.21    3.5    1.93s
  7   -8.540061426540      -10.54       -5.61    4.5    1.93s
  8   -8.540061426540      -12.46       -6.60    2.4    1.60s
  9   -8.540061426540      -13.97       -7.64    3.7    1.90s
n     Energy            log10(ΔE)   log10(Δρ)   Diag   Δtime
---   ---------------   ---------   ---------   ----   ------
  1   -8.538261974646                   -0.95    7.2    2.72s
  2   -8.539964501836       -2.77       -1.57    2.1    1.51s
  3   -8.540056367589       -4.04       -2.69    4.0    1.65s
  4   -8.540061376863       -5.30       -3.30    4.4    2.20s
  5   -8.540061425138       -7.32       -4.09    3.2    1.45s
  6   -8.540061426508       -8.86       -5.11    3.5    1.94s
  7   -8.540061426540      -10.50       -5.53    4.2    1.82s
  8   -8.540061426540      -12.19       -6.43    2.4    1.55s
  9   -8.540061426540      -13.80       -7.54    3.3    1.81s
     3    -8.540061e+00     3.925178e-05
 * time: 137.02595496177673
n     Energy            log10(ΔE)   log10(Δρ)   Diag   Δtime
---   ---------------   ---------   ---------   ----   ------
  1   -8.538280789753                   -0.95    7.4    2.73s
  2   -8.539968892818       -2.77       -1.57    2.2    1.23s
  3   -8.540056960913       -4.06       -2.69    4.1    2.00s
  4   -8.540061389627       -5.35       -3.32    4.4    1.93s
  5   -8.540061437869       -7.32       -4.09    3.5    1.80s
  6   -8.540061439152       -8.89       -5.24    3.6    1.67s
  7   -8.540061439182      -10.52       -5.70    4.6    2.33s
  8   -8.540061439183      -12.54       -6.68    2.5    1.36s
  9   -8.540061439183      -13.97       -7.68    3.5    1.91s
n     Energy            log10(ΔE)   log10(Δρ)   Diag   Δtime
---   ---------------   ---------   ---------   ----   ------
  1   -8.538267216519                   -0.95    7.5    2.83s
  2   -8.539966624713       -2.77       -1.57    2.4    1.29s
  3   -8.540056799229       -4.04       -2.69    3.9    1.99s
  4   -8.540061389556       -5.34       -3.31    4.4    1.92s
  5   -8.540061437983       -7.31       -4.09    3.5    1.74s
  6   -8.540061439154       -8.93       -5.25    3.5    1.89s
  7   -8.540061439182      -10.55       -5.63    4.7    1.92s
  8   -8.540061439183      -12.54       -6.58    2.5    1.57s
  9   -8.540061439183      -13.85       -7.65    3.5    1.56s
     4    -8.540061e+00     1.880976e-07
 * time: 183.81863594055176
 * Status: success

 * Candidate solution
    Final objective value:     -8.540061e+00

 * Found with
    Algorithm:     L-BFGS

 * Convergence measures
    |x - x'|               = 6.41e-04 ≰ -1.0e+00
    |x - x'|/|x'|          = 6.11e-05 ≰ 0.0e+00
    |f(x) - f(x')|         = 1.26e-08 ≰ 1.0e-08
    |f(x) - f(x')|/|f(x')| = 1.48e-09 ≰ 0.0e+00
    |g(x)|                 = 1.88e-07 ≤ 1.0e-06

 * Work counters
    Seconds run:   184  (vs limit Inf)
    Iterations:    4
    f(x) calls:    5
    ∇f(x) calls:   5

Si: 257.782976 seconds (384.79 M allocations: 78.003 GiB, 8.61% gc time, 19.84% compilation time: <1% of which was recompilation)
n     Energy            log10(ΔE)   log10(Δρ)   Diag   Δtime
---   ---------------   ---------   ---------   ----   ------
  1   -62.72509829252                   -1.04    8.8    20.3s
  2   -62.73322663464       -2.09       -1.14    2.4    7.34s
  3   -62.73950018835       -2.20       -2.03    3.8    9.37s
  4   -62.73952456226       -4.61       -2.67    3.0    8.90s
  5   -62.73952755132       -5.52       -3.70    3.7    9.83s
  6   -62.73952757098       -7.71       -4.54    4.0    10.9s
  7   -62.73952757159       -9.22       -5.71    3.4    9.42s
  8   -62.73952757160      -11.07       -6.42    4.2    11.0s
  9   -62.73952757160      -12.92       -7.69    3.6    10.3s
Iter     Function value   Gradient norm 
     0    -6.273953e+01     8.213278e-03
 * time: 6.9141387939453125e-6
n     Energy            log10(ΔE)   log10(Δρ)   Diag   Δtime
---   ---------------   ---------   ---------   ----   ------
  1   -62.72512650483                   -1.04    8.5    17.4s
  2   -62.73327611276       -2.09       -1.14    2.5    6.72s
  3   -62.73956580719       -2.20       -2.03    3.6    9.55s
  4   -62.73959148516       -4.59       -2.71    2.9    8.20s
  5   -62.73959418693       -5.57       -3.68    3.6    9.66s
  6   -62.73959420641       -7.71       -4.50    3.9    10.7s
  7   -62.73959420701       -9.22       -5.69    3.9    10.3s
  8   -62.73959420702      -11.06       -6.51    3.7    10.0s
  9   -62.73959420702      -12.85       -7.61    3.7    11.2s
n     Energy            log10(ΔE)   log10(Δρ)   Diag   Δtime
---   ---------------   ---------   ---------   ----   ------
  1   -62.72512656041                   -1.04    8.5    17.4s
  2   -62.73326798984       -2.09       -1.14    2.6    6.82s
  3   -62.73956612187       -2.20       -2.03    3.6    11.2s
  4   -62.73959142746       -4.60       -2.69    2.9    8.39s
  5   -62.73959418668       -5.56       -3.70    3.5    10.2s
  6   -62.73959420642       -7.70       -4.51    4.0    10.7s
  7   -62.73959420701       -9.23       -5.70    3.7    10.2s
  8   -62.73959420702      -11.06       -6.44    4.1    11.2s
  9   -62.73959420702      -12.94       -7.64    3.6    9.90s
     1    -6.273959e+01     8.013239e-03
 * time: 224.1872718334198
n     Energy            log10(ΔE)   log10(Δρ)   Diag   Δtime
---   ---------------   ---------   ---------   ----   ------
  1   -62.72489829053                   -1.04    8.7    19.3s
  2   -62.73298898348       -2.09       -1.10    2.5    7.38s
  3   -62.74100015472       -2.10       -1.99    3.6    10.4s
  4   -62.74103608670       -4.44       -2.67    2.7    8.75s
  5   -62.74103982724       -5.43       -3.66    3.5    10.8s
  6   -62.74103985112       -7.62       -4.48    3.9    11.3s
  7   -62.74103985192       -9.10       -5.64    3.6    11.8s
  8   -62.74103985193      -10.89       -6.24    4.1    12.7s
  9   -62.74103985193      -12.28       -7.64    3.3    10.4s
n     Energy            log10(ΔE)   log10(Δρ)   Diag   Δtime
---   ---------------   ---------   ---------   ----   ------
  1   -62.72489825991                   -1.04    8.9    20.1s
  2   -62.73298106239       -2.09       -1.10    2.6    7.46s
  3   -62.74100039992       -2.10       -1.99    3.6    10.2s
  4   -62.74103594280       -4.45       -2.66    2.7    8.68s
  5   -62.74103982531       -5.41       -3.67    3.6    10.9s
  6   -62.74103985112       -7.59       -4.50    4.0    11.5s
  7   -62.74103985192       -9.10       -5.65    3.3    10.6s
  8   -62.74103985193      -10.91       -6.25    4.1    11.9s
  9   -62.74103985193      -12.32       -7.67    3.3    10.5s
     2    -6.274104e+01     1.123478e-03
 * time: 466.7735719680786
n     Energy            log10(ΔE)   log10(Δρ)   Diag   Δtime
---   ---------------   ---------   ---------   ----   ------
  1   -62.72463024546                   -1.03    9.0    20.1s
  2   -62.73262771176       -2.10       -1.10    2.8    7.94s
  3   -62.74103532855       -2.08       -1.98    3.6    10.3s
  4   -62.74107013479       -4.46       -2.64    2.7    8.75s
  5   -62.74107472519       -5.34       -3.65    3.5    10.9s
  6   -62.74107475826       -7.48       -4.49    4.1    11.9s
  7   -62.74107475954       -8.89       -5.57    3.5    10.5s
  8   -62.74107475956      -10.77       -6.16    4.0    11.9s
  9   -62.74107475956      -12.16       -7.53    3.4    10.8s
n     Energy            log10(ΔE)   log10(Δρ)   Diag   Δtime
---   ---------------   ---------   ---------   ----   ------
  1   -62.72462698508                   -1.03    9.2    21.3s
  2   -62.73265973462       -2.10       -1.10    2.6    7.54s
  3   -62.74103350833       -2.08       -1.98    3.7    10.3s
  4   -62.74107052322       -4.43       -2.66    2.7    8.68s
  5   -62.74107473053       -5.38       -3.66    3.5    10.7s
  6   -62.74107475862       -7.55       -4.48    4.0    11.4s
  7   -62.74107475954       -9.03       -5.62    3.4    10.4s
  8   -62.74107475956      -10.83       -6.19    4.2    12.0s
  9   -62.74107475956      -12.14       -7.63    3.4    10.6s
     3    -6.274107e+01     1.856964e-04
 * time: 709.7652859687805
n     Energy            log10(ΔE)   log10(Δρ)   Diag   Δtime
---   ---------------   ---------   ---------   ----   ------
  1   -62.72456795403                   -1.03    8.8    19.6s
  2   -62.73260295971       -2.10       -1.10    2.5    7.27s
  3   -62.74103325987       -2.07       -1.98    3.6    10.1s
  4   -62.74107171171       -4.42       -2.67    2.6    8.45s
  5   -62.74107574762       -5.39       -3.66    3.5    10.7s
  6   -62.74107577280       -7.60       -4.49    4.0    11.5s
  7   -62.74107577366       -9.06       -5.62    3.4    10.5s
  8   -62.74107577368      -10.83       -6.22    4.0    11.6s
  9   -62.74107577368      -12.27       -7.63    3.2    10.3s
n     Energy            log10(ΔE)   log10(Δρ)   Diag   Δtime
---   ---------------   ---------   ---------   ----   ------
  1   -62.72456414109                   -1.03    8.8    20.2s
  2   -62.73256234776       -2.10       -1.10    2.8    7.77s
  3   -62.74103448041       -2.07       -1.98    3.5    10.3s
  4   -62.74107148066       -4.43       -2.66    2.7    8.68s
  5   -62.74107574372       -5.37       -3.65    3.5    10.8s
  6   -62.74107577266       -7.54       -4.47    4.1    11.6s
  7   -62.74107577366       -9.00       -5.59    3.4    10.5s
  8   -62.74107577368      -10.78       -6.18    4.0    11.8s
  9   -62.74107577368      -12.20       -7.60    3.2    10.2s
     4    -6.274108e+01     5.539371e-06
 * time: 947.6780278682709
n     Energy            log10(ΔE)   log10(Δρ)   Diag   Δtime
---   ---------------   ---------   ---------   ----   ------
  1   -62.72456686130                   -1.03    8.8    19.8s
  2   -62.73258764368       -2.10       -1.10    2.7    7.43s
  3   -62.74103384632       -2.07       -1.98    3.6    10.6s
  4   -62.74107149393       -4.42       -2.65    2.7    8.56s
  5   -62.74107574490       -5.37       -3.66    3.5    10.7s
  6   -62.74107577356       -7.54       -4.49    4.1    11.4s
  7   -62.74107577457       -8.99       -5.62    3.4    10.4s
  8   -62.74107577459      -10.82       -6.20    4.1    11.9s
  9   -62.74107577459      -12.22       -7.65    3.3    10.3s
n     Energy            log10(ΔE)   log10(Δρ)   Diag   Δtime
---   ---------------   ---------   ---------   ----   ------
  1   -62.72456595604                   -1.03    8.7    19.3s
  2   -62.73257015700       -2.10       -1.10    2.8    7.66s
  3   -62.74103545069       -2.07       -1.98    3.7    10.2s
  4   -62.74107114051       -4.45       -2.64    2.6    8.74s
  5   -62.74107574489       -5.34       -3.66    3.4    10.3s
  6   -62.74107577343       -7.54       -4.51    4.1    11.3s
  7   -62.74107577457       -8.94       -5.59    3.4    10.9s
  8   -62.74107577459      -10.80       -6.19    3.9    11.1s
  9   -62.74107577459      -12.19       -7.56    3.4    11.1s
     5    -6.274108e+01     3.093863e-08
 * time: 1186.2091619968414
 * Status: success

 * Candidate solution
    Final objective value:     -6.274108e+01

 * Found with
    Algorithm:     L-BFGS

 * Convergence measures
    |x - x'|               = 3.27e-04 ≰ -1.0e+00
    |x - x'|/|x'|          = 2.93e-05 ≰ 0.0e+00
    |f(x) - f(x')|         = 9.06e-10 ≤ 1.0e-08
    |f(x) - f(x')|/|f(x')| = 1.44e-11 ≰ 0.0e+00
    |g(x)|                 = 3.09e-08 ≤ 1.0e-06

 * Work counters
    Seconds run:   1186  (vs limit Inf)
    Iterations:    5
    f(x) calls:    6
    ∇f(x) calls:   6

NaCl: 1309.335611 seconds (1.33 G allocations: 367.109 GiB, 5.71% gc time, 0.27% compilation time)
n     Energy            log10(ΔE)   log10(Δρ)   Diag   Δtime
---   ---------------   ---------   ---------   ----   ------
  1   -2.327990383380                   -1.52    5.5    2.09s
  2   -2.328078300524       -4.06       -1.85    1.3    778ms
  3   -2.328102832965       -4.61       -3.16    3.3    1.63s
  4   -2.328103177907       -6.46       -3.50    4.0    1.53s
  5   -2.328103187314       -8.03       -3.64    1.6    1.09s
  6   -2.328103195767       -8.07       -4.56    2.3    984ms
  7   -2.328103196130       -9.44       -5.14    3.7    1.67s
  8   -2.328103196140      -10.97       -5.60    2.6    1.04s
  9   -2.328103196143      -11.66       -6.10    2.8    1.15s
 10   -2.328103196143      -13.38       -6.77    2.7    1.39s
 11   -2.328103196143   +  -13.88       -7.84    3.1    1.18s
Iter     Function value   Gradient norm 
     0    -2.328103e+00     5.512939e-03
 * time: 5.0067901611328125e-6
n     Energy            log10(ΔE)   log10(Δρ)   Diag   Δtime
---   ---------------   ---------   ---------   ----   ------
  1   -2.328022007175                   -1.52    5.5    1.95s
  2   -2.328108849829       -4.06       -1.86    1.3    987ms
  3   -2.328132470885       -4.63       -3.16    3.2    1.21s
  4   -2.328132931644       -6.34       -3.50    4.0    1.69s
  5   -2.328132940323       -8.06       -3.64    1.7    787ms
  6   -2.328132948941       -8.06       -4.62    2.3    1.23s
  7   -2.328132949238       -9.53       -5.08    3.8    1.35s
  8   -2.328132949252      -10.86       -5.69    2.3    1.25s
  9   -2.328132949254      -11.77       -6.09    3.2    1.20s
 10   -2.328132949254      -13.33       -6.70    2.3    979ms
 11   -2.328132949254   +  -13.82       -7.73    3.2    1.48s
n     Energy            log10(ΔE)   log10(Δρ)   Diag   Δtime
---   ---------------   ---------   ---------   ----   ------
  1   -2.328022993911                   -1.52    5.5    2.07s
  2   -2.328108349487       -4.07       -1.86    1.3    774ms
  3   -2.328132555716       -4.62       -3.16    3.2    1.57s
  4   -2.328132931268       -6.43       -3.50    4.0    1.51s
  5   -2.328132941410       -7.99       -3.66    1.8    1.16s
  6   -2.328132948927       -8.12       -4.60    2.2    938ms
  7   -2.328132949242       -9.50       -5.16    3.7    1.42s
  8   -2.328132949252      -10.99       -5.69    2.6    1.28s
  9   -2.328132949254      -11.81       -6.14    3.0    1.18s
 10   -2.328132949254      -13.39       -6.77    2.6    1.30s
 11   -2.328132949254   +  -14.07       -7.86    3.2    1.18s
     1    -2.328133e+00     5.280602e-03
 * time: 58.53862690925598
n     Energy            log10(ΔE)   log10(Δρ)   Diag   Δtime
---   ---------------   ---------   ---------   ----   ------
  1   -2.328366304880                   -1.54    5.6    1.40s
  2   -2.328447444943       -4.09       -1.86    1.2    861ms
  3   -2.328471051989       -4.63       -3.23    3.4    1.01s
  4   -2.328471413081       -6.44       -3.61    4.2    1.46s
  5   -2.328471421122       -8.09       -3.83    1.9    679ms
  6   -2.328471425183       -8.39       -4.90    2.4    1.05s
  7   -2.328471425295       -9.95       -5.46    4.2    1.18s
  8   -2.328471425300      -11.28       -6.16    3.1    1.20s
  9   -2.328471425300      -12.54       -6.51    3.0    894ms
 10   -2.328471425300      -13.47       -7.21    2.8    1.15s
n     Energy            log10(ΔE)   log10(Δρ)   Diag   Δtime
---   ---------------   ---------   ---------   ----   ------
  1   -2.328364024373                   -1.54    5.6    1.68s
  2   -2.328447154048       -4.08       -1.86    1.3    597ms
  3   -2.328471051160       -4.62       -3.23    3.3    1.28s
  4   -2.328471413026       -6.44       -3.60    4.1    1.18s
  5   -2.328471421438       -8.08       -3.84    2.1    1.00s
  6   -2.328471425191       -8.43       -4.91    2.4    776ms
  7   -2.328471425295       -9.98       -5.49    4.2    1.41s
  8   -2.328471425300      -11.33       -6.18    3.2    931ms
  9   -2.328471425300      -12.56       -6.54    2.8    1.14s
 10   -2.328471425300      -13.50       -7.26    2.8    857ms
     2    -2.328471e+00     2.605322e-04
 * time: 110.20263504981995
n     Energy            log10(ΔE)   log10(Δρ)   Diag   Δtime
---   ---------------   ---------   ---------   ----   ------
  1   -2.328369129470                   -1.54    5.5    1.38s
  2   -2.328449128770       -4.10       -1.86    1.3    858ms
  3   -2.328471931202       -4.64       -3.24    3.5    1.00s
  4   -2.328472334182       -6.39       -3.60    4.1    1.44s
  5   -2.328472342274       -8.09       -3.83    1.9    688ms
  6   -2.328472346378       -8.39       -4.92    2.6    1.08s
  7   -2.328472346488       -9.96       -5.44    4.2    1.16s
  8   -2.328472346493      -11.35       -6.21    3.0    1.16s
  9   -2.328472346493      -12.58       -6.57    3.2    959ms
 10   -2.328472346493      -13.60       -7.27    2.9    1.18s
n     Energy            log10(ΔE)   log10(Δρ)   Diag   Δtime
---   ---------------   ---------   ---------   ----   ------
  1   -2.328366955884                   -1.54    5.5    1.71s
  2   -2.328448653806       -4.09       -1.86    1.3    606ms
  3   -2.328471977371       -4.63       -3.24    3.5    1.31s
  4   -2.328472334693       -6.45       -3.61    4.2    1.21s
  5   -2.328472342303       -8.12       -3.83    1.9    949ms
  6   -2.328472346375       -8.39       -4.90    2.4    770ms
  7   -2.328472346488       -9.94       -5.49    4.2    1.42s
  8   -2.328472346493      -11.35       -6.19    3.2    926ms
  9   -2.328472346493      -12.59       -6.52    3.0    1.19s
 10   -2.328472346493      -13.50       -7.27    2.8    880ms
     3    -2.328472e+00     2.316547e-05
 * time: 162.37892484664917
n     Energy            log10(ΔE)   log10(Δρ)   Diag   Δtime
---   ---------------   ---------   ---------   ----   ------
  1   -2.328368782109                   -1.54    5.5    1.43s
  2   -2.328449003883       -4.10       -1.86    1.3    900ms
  3   -2.328471921472       -4.64       -3.24    3.3    1.01s
  4   -2.328472341486       -6.38       -3.60    4.2    1.52s
  5   -2.328472349493       -8.10       -3.82    2.1    731ms
  6   -2.328472353765       -8.37       -4.92    2.3    1.03s
  7   -2.328472353873       -9.97       -5.45    4.3    1.30s
  8   -2.328472353877      -11.36       -6.22    3.0    1.32s
  9   -2.328472353877      -12.58       -6.57    3.1    1.08s
 10   -2.328472353878      -13.64       -7.28    2.9    1.14s
n     Energy            log10(ΔE)   log10(Δρ)   Diag   Δtime
---   ---------------   ---------   ---------   ----   ------
  1   -2.328370203715                   -1.54    5.4    1.62s
  2   -2.328449213546       -4.10       -1.86    1.3    593ms
  3   -2.328471907015       -4.64       -3.24    3.4    1.29s
  4   -2.328472341613       -6.36       -3.61    4.1    1.20s
  5   -2.328472349549       -8.10       -3.83    2.0    946ms
  6   -2.328472353765       -8.38       -4.92    2.4    763ms
  7   -2.328472353873       -9.97       -5.48    4.3    1.45s
  8   -2.328472353877      -11.40       -6.23    3.0    891ms
  9   -2.328472353877      -12.61       -6.57    3.1    1.15s
 10   -2.328472353878      -13.64       -7.30    2.9    865ms
     4    -2.328472e+00     1.174868e-07
 * time: 214.92843890190125
 * Status: success

 * Candidate solution
    Final objective value:     -2.328472e+00

 * Found with
    Algorithm:     L-BFGS

 * Convergence measures
    |x - x'|               = 6.35e-04 ≰ -1.0e+00
    |x - x'|/|x'|          = 8.16e-05 ≰ 0.0e+00
    |f(x) - f(x')|         = 7.38e-09 ≤ 1.0e-08
    |f(x) - f(x')|/|f(x')| = 3.17e-09 ≰ 0.0e+00
    |g(x)|                 = 1.17e-07 ≤ 1.0e-06

 * Work counters
    Seconds run:   215  (vs limit Inf)
    Iterations:    4
    f(x) calls:    5
    ∇f(x) calls:   5

Al: 250.194301 seconds (231.73 M allocations: 56.354 GiB, 7.13% gc time, 0.00% compilation time)
n     Energy            log10(ΔE)   log10(Δρ)   Diag   Δtime
---   ---------------   ---------   ---------   ----   ------
  1   -74.14683326345                   -1.09    9.4    9.35s
  2   -74.14974088405       -2.54       -1.29    4.6    5.10s
  3   -74.15201968329       -2.64       -1.75    6.5    7.02s
  4   -74.15223664167       -3.66       -2.12    5.4    5.69s
  5   -74.15226323022       -4.58       -2.44    5.0    5.90s
  6   -74.15227024081       -5.15       -3.08    5.2    5.84s
  7   -74.15227042939       -6.72       -3.80    5.3    5.89s
  8   -74.15227043001       -9.21       -4.11    4.2    4.90s
  9   -74.15227043023       -9.66       -4.67    3.4    4.26s
 10   -74.15227043031      -10.10       -5.34    5.3    5.75s
 11   -74.15227043032      -11.23       -5.84    5.5    5.75s
 12   -74.15227043032      -12.59       -6.59    5.1    5.46s
 13   -74.15227043032      -13.85       -6.75    5.6    6.44s
 14   -74.15227043032      -13.85       -7.19    4.7    5.16s
Iter     Function value   Gradient norm 
     0    -7.415227e+01     1.867360e-02
 * time: 3.814697265625e-6
n     Energy            log10(ΔE)   log10(Δρ)   Diag   Δtime
---   ---------------   ---------   ---------   ----   ------
  1   -74.14707430436                   -1.09    9.6    9.85s
  2   -74.15004517682       -2.53       -1.29    4.7    5.11s
  3   -74.15233491745       -2.64       -1.75    6.6    7.08s
  4   -74.15255677206       -3.65       -2.12    5.3    5.81s
  5   -74.15258459052       -4.56       -2.46    5.1    6.01s
  6   -74.15259091267       -5.20       -3.06    5.2    5.72s
  7   -74.15259111587       -6.69       -3.77    5.3    6.20s
  8   -74.15259111691       -8.99       -4.07    4.3    5.40s
  9   -74.15259111729       -9.42       -4.71    4.7    5.78s
 10   -74.15259111730      -10.97       -5.37    4.8    5.48s
 11   -74.15259111730      -11.55       -5.78    5.4    5.89s
 12   -74.15259111730      -13.25       -6.56    4.5    5.08s
 13   -74.15259111730      -13.85       -7.02    4.1    4.94s
n     Energy            log10(ΔE)   log10(Δρ)   Diag   Δtime
---   ---------------   ---------   ---------   ----   ------
  1   -74.14707959023                   -1.09    9.6    9.93s
  2   -74.15004807109       -2.53       -1.29    4.7    5.25s
  3   -74.15233408723       -2.64       -1.75    6.6    7.20s
  4   -74.15255693470       -3.65       -2.12    5.3    5.85s
  5   -74.15258465144       -4.56       -2.46    5.0    5.96s
  6   -74.15259091835       -5.20       -3.07    5.3    5.98s
  7   -74.15259111609       -6.70       -3.78    5.3    6.11s
  8   -74.15259111689       -9.10       -4.07    3.8    4.84s
  9   -74.15259111728       -9.41       -4.71    4.6    5.30s
 10   -74.15259111730      -10.80       -5.30    4.9    5.51s
 11   -74.15259111730      -11.53       -5.84    5.0    5.36s
 12   -74.15259111730      -13.15       -6.48    4.1    4.79s
 13   -74.15259111730      -13.37       -6.79    4.5    5.44s
 14   -74.15259111730   +    -Inf       -7.15    4.6    5.22s
     1    -7.415259e+01     1.568666e-02
 * time: 224.43319082260132
n     Energy            log10(ΔE)   log10(Δρ)   Diag   Δtime
---   ---------------   ---------   ---------   ----   ------
  1   -74.14747405885                   -1.09    9.6    9.86s
  2   -74.15074890336       -2.48       -1.28    4.8    5.39s
  3   -74.15312343542       -2.62       -1.74    6.6    7.39s
  4   -74.15337388632       -3.60       -2.12    5.4    6.20s
  5   -74.15340047441       -4.58       -2.41    5.0    6.52s
  6   -74.15340844875       -5.10       -2.95    5.2    6.02s
  7   -74.15340875686       -6.51       -3.50    5.1    6.08s
  8   -74.15340876477       -8.10       -3.88    4.7    5.85s
  9   -74.15340876513       -9.45       -4.34    4.4    5.39s
 10   -74.15340876527       -9.84       -4.78    4.7    5.71s
 11   -74.15340876529      -10.71       -5.66    4.5    5.24s
 12   -74.15340876529      -12.07       -5.90    4.8    5.94s
 13   -74.15340876529      -12.38       -6.13    4.6    5.87s
 14   -74.15340876529   +  -13.00       -6.44    4.6    5.44s
 15   -74.15340876529   +  -12.73       -7.22    4.9    5.76s
n     Energy            log10(ΔE)   log10(Δρ)   Diag   Δtime
---   ---------------   ---------   ---------   ----   ------
  1   -74.14747213243                   -1.09    9.6    9.88s
  2   -74.15074454701       -2.49       -1.28    4.8    5.40s
  3   -74.15312393383       -2.62       -1.74    6.6    7.33s
  4   -74.15337402744       -3.60       -2.12    5.4    5.99s
  5   -74.15340059600       -4.58       -2.41    5.0    6.06s
  6   -74.15340844742       -5.11       -2.95    5.3    5.86s
  7   -74.15340875706       -6.51       -3.50    5.1    5.91s
  8   -74.15340876480       -8.11       -3.89    4.7    5.68s
  9   -74.15340876513       -9.49       -4.34    4.4    5.15s
 10   -74.15340876527       -9.83       -4.79    4.7    5.47s
 11   -74.15340876529      -10.73       -5.62    4.5    5.10s
 12   -74.15340876529      -12.01       -5.92    4.6    5.62s
 13   -74.15340876529      -12.53       -6.15    4.4    5.28s
 14   -74.15340876529      -13.85       -6.44    4.6    5.76s
 15   -74.15340876529   +  -12.67       -7.23    4.9    7.16s
     2    -7.415341e+01     1.361512e-03
 * time: 472.82394790649414
n     Energy            log10(ΔE)   log10(Δρ)   Diag   Δtime
---   ---------------   ---------   ---------   ----   ------
  1   -74.14745453809                   -1.09    9.8    9.91s
  2   -74.15073385367       -2.48       -1.28    4.9    5.53s
  3   -74.15312912724       -2.62       -1.74    6.7    7.54s
  4   -74.15338152020       -3.60       -2.12    5.5    6.45s
  5   -74.15340737457       -4.59       -2.42    5.1    6.11s
  6   -74.15341532320       -5.10       -2.96    5.3    6.26s
  7   -74.15341560547       -6.55       -3.51    5.3    6.39s
  8   -74.15341561081       -8.27       -3.89    4.8    5.72s
  9   -74.15341561110       -9.53       -4.33    4.1    4.96s
 10   -74.15341561136       -9.60       -4.83    4.8    5.46s
 11   -74.15341561137      -11.05       -5.53    3.9    4.70s
 12   -74.15341561137      -11.78       -5.92    4.4    5.66s
 13   -74.15341561137      -12.62       -6.21    4.7    5.71s
 14   -74.15341561137   +  -12.50       -6.57    4.9    5.60s
 15   -74.15341561137   +  -12.45       -7.14    4.9    5.63s
n     Energy            log10(ΔE)   log10(Δρ)   Diag   Δtime
---   ---------------   ---------   ---------   ----   ------
  1   -74.14745120374                   -1.09    9.8    10.2s
  2   -74.15074534999       -2.48       -1.28    4.8    5.57s
  3   -74.15312818459       -2.62       -1.74    6.7    7.51s
  4   -74.15338105209       -3.60       -2.12    5.5    6.17s
  5   -74.15340768496       -4.57       -2.42    5.1    6.33s
  6   -74.15341532856       -5.12       -2.96    5.2    6.08s
  7   -74.15341560604       -6.56       -3.52    5.3    6.01s
  8   -74.15341561079       -8.32       -3.90    4.7    5.60s
  9   -74.15341561109       -9.51       -4.33    4.0    4.80s
 10   -74.15341561136       -9.58       -4.85    4.9    5.92s
 11   -74.15341561137      -11.11       -5.48    3.8    4.72s
 12   -74.15341561137      -11.69       -5.89    4.3    5.39s
 13   -74.15341561137      -12.77       -6.20    4.9    6.34s
 14   -74.15341561137   +  -12.49       -6.47    4.9    5.73s
 15   -74.15341561137   +  -12.50       -7.05    4.8    5.96s
     3    -7.415342e+01     1.088873e-04
 * time: 719.9994540214539
n     Energy            log10(ΔE)   log10(Δρ)   Diag   Δtime
---   ---------------   ---------   ---------   ----   ------
  1   -74.14746050122                   -1.09    9.9    10.3s
  2   -74.15073122638       -2.49       -1.28    4.9    5.70s
  3   -74.15312955847       -2.62       -1.74    6.7    7.65s
  4   -74.15338133616       -3.60       -2.12    5.5    6.18s
  5   -74.15340751212       -4.58       -2.42    5.0    6.41s
  6   -74.15341536508       -5.10       -2.96    5.3    6.50s
  7   -74.15341564976       -6.55       -3.52    5.2    7.13s
  8   -74.15341565536       -8.25       -3.90    4.8    5.58s
  9   -74.15341565567       -9.51       -4.35    4.3    5.09s
 10   -74.15341565586       -9.71       -4.82    4.8    5.46s
 11   -74.15341565588      -10.89       -5.63    4.4    5.10s
 12   -74.15341565588      -11.88       -5.92    4.6    5.91s
 13   -74.15341565588      -12.81       -6.17    4.6    5.96s
 14   -74.15341565588   +  -12.67       -6.46    4.6    5.88s
 15   -74.15341565588   +  -12.40       -7.18    4.9    5.67s
n     Energy            log10(ΔE)   log10(Δρ)   Diag   Δtime
---   ---------------   ---------   ---------   ----   ------
  1   -74.14746021632                   -1.09    9.9    10.3s
  2   -74.15073929949       -2.48       -1.28    4.9    5.49s
  3   -74.15312884022       -2.62       -1.74    6.6    7.35s
  4   -74.15338105724       -3.60       -2.12    5.5    6.16s
  5   -74.15340759940       -4.58       -2.42    5.1    6.01s
  6   -74.15341537055       -5.11       -2.96    5.3    6.32s
  7   -74.15341565066       -6.55       -3.52    5.3    6.15s
  8   -74.15341565533       -8.33       -3.90    4.7    5.71s
  9   -74.15341565565       -9.49       -4.34    4.1    4.93s
 10   -74.15341565587       -9.67       -4.84    4.8    5.47s
 11   -74.15341565588      -10.98       -5.58    4.1    4.95s
 12   -74.15341565588      -11.80       -5.91    4.5    5.61s
 13   -74.15341565588      -13.00       -6.19    4.6    5.52s
 14   -74.15341565588   +  -12.49       -6.47    4.8    5.91s
 15   -74.15341565588   +  -12.50       -7.18    5.0    5.61s
     4    -7.415342e+01     8.104200e-07
 * time: 970.3468270301819
┌ Info: Threading setup: 
│   Threads.nthreads() = 1
│   n_DFTK = 1
│   n_fft = 1
└   n_blas = 1
┌ Info: 2025-05-14T11:18:49.469
│   name = "Si"
│   Ecut = 18.0
│   kgrid = MonkhorstPack([14, 14, 14])
│   p0 = ComponentVector{Float64}(a = 10.347246312603742)
│   temperature = 0.001
└   smearing = DFTK.Smearing.Gaussian()
┌ Info: 2025-05-14T11:23:07.879
│   name = "NaCl"
│   Ecut = 44.0
│   kgrid = MonkhorstPack([13, 13, 13])
│   p0 = ComponentVector{Float64}(a = 10.746130571470083)
│   temperature = 0
└   smearing = DFTK.Smearing.None()
┌ Info: 2025-05-14T11:44:57.250
│   name = "Al"
│   Ecut = 20.0
│   kgrid = MonkhorstPack([18, 18, 18])
│   p0 = ComponentVector{Float64}(a = 7.641925528121933)
│   temperature = 0.001
└   smearing = DFTK.Smearing.Gaussian()
┌ Info: 2025-05-14T11:49:07.478
│   name = "V"
│   Ecut = 42.0
│   kgrid = MonkhorstPack([20, 20, 20])
│   p0 = ComponentVector{Float64}(a = 5.699267600684394)
│   temperature = 0.001
└   smearing = DFTK.Smearing.Gaussian()
┌ Warning: Negative ρcore detected: -3.4151886922104144e-8
└ @ DFTK ~/.julia/packages/DFTK/n2IL4/src/terms/xc.jl:39
┌ Warning: Negative ρcore detected: Dual{ForwardDiff.Tag{var"#19#21"{@NamedTuple{ham::Hamiltonian, basis::PlaneWaveBasis{Float64, Float64, DFTK.CPU, FFTGrid{Float64, Float64, Array{StaticArraysCore.SVector{3, Int64}, 3}, Array{StaticArraysCore.SVector{3, Float64}, 3}}, Vector{StaticArraysCore.SVector{3, Int64}}}, energies::Energies{Float64}, converged::Bool, occupation_threshold::Float64, ρ::Array{Float64, 4}, τ::Nothing, α::Float64, eigenvalues::Vector{Vector{Float64}}, occupation::Vector{Vector{Float64}}, εF::Float64, n_bands_converge::Int64, n_iter::Int64, n_matvec::Int64, ψ::Vector{Matrix{ComplexF64}}, diagonalization::Vector{@NamedTuple{λ::Vector{Vector{Float64}}, X::Vector{Matrix{ComplexF64}}, residual_norms::Vector{Vector{Float64}}, n_iter::Vector{Int64}, converged::Bool, n_matvec::Int64}}, stage::Symbol, history_Δρ::Vector{Float64}, history_Etot::Vector{Float64}, timedout::Bool, runtime_ns::UInt64, algorithm::String}, Model{Float64, Float64}, Float64, MonkhorstPack, var"#case#4"{Matrix{Float64}, Float64, MonkhorstPack, Vector{StaticArraysCore.SVector{3, Float64}}, Vector{ElementPsp{PspUpf{Float64, Interpolations.Extrapolation{Float64, 1, Interpolations.GriddedInterpolation{Float64, 1, Vector{Float64}, Interpolations.Gridded{Interpolations.Linear{Interpolations.Throw{Interpolations.OnGrid}}}, Tuple{Vector{Float64}}}, Interpolations.Gridded{Interpolations.Linear{Interpolations.Throw{Interpolations.OnGrid}}}, Interpolations.Throw{Nothing}}}}}, Float64, Float64, String}}, Float64}}(-3.4151886922104144e-8,-1.2413273474001241e-8)
└ @ DFTK ~/.julia/packages/DFTK/n2IL4/src/terms/xc.jl:39
┌ Warning: Negative ρcore detected: -3.3688142871828417e-8
└ @ DFTK ~/.julia/packages/DFTK/n2IL4/src/terms/xc.jl:39
┌ Warning: Negative ρcore detected: -3.3688142871828417e-8
└ @ DFTK ~/.julia/packages/DFTK/n2IL4/src/terms/xc.jl:39
┌ Warning: Negative ρcore detected: Dual{ForwardDiff.Tag{var"#19#21"{@NamedTuple{ham::Hamiltonian, basis::PlaneWaveBasis{Float64, Float64, DFTK.CPU, FFTGrid{Float64, Float64, Array{StaticArraysCore.SVector{3, Int64}, 3}, Array{StaticArraysCore.SVector{3, Float64}, 3}}, Vector{StaticArraysCore.SVector{3, Int64}}}, energies::Energies{Float64}, converged::Bool, occupation_threshold::Float64, ρ::Array{Float64, 4}, τ::Nothing, α::Float64, eigenvalues::Vector{Vector{Float64}}, occupation::Vector{Vector{Float64}}, εF::Float64, n_bands_converge::Int64, n_iter::Int64, n_matvec::Int64, ψ::Vector{Matrix{ComplexF64}}, diagonalization::Vector{@NamedTuple{λ::Vector{Vector{Float64}}, X::Vector{Matrix{ComplexF64}}, residual_norms::Vector{Vector{Float64}}, n_iter::Vector{Int64}, converged::Bool, n_matvec::Int64}}, stage::Symbol, history_Δρ::Vector{Float64}, history_Etot::Vector{Float64}, timedout::Bool, runtime_ns::UInt64, algorithm::String}, Model{Float64, Float64}, Float64, MonkhorstPack, var"#case#4"{Matrix{Float64}, Float64, MonkhorstPack, Vector{StaticArraysCore.SVector{3, Float64}}, Vector{ElementPsp{PspUpf{Float64, Interpolations.Extrapolation{Float64, 1, Interpolations.GriddedInterpolation{Float64, 1, Vector{Float64}, Interpolations.Gridded{Interpolations.Linear{Interpolations.Throw{Interpolations.OnGrid}}}, Tuple{Vector{Float64}}}, Interpolations.Gridded{Interpolations.Linear{Interpolations.Throw{Interpolations.OnGrid}}}, Interpolations.Throw{Nothing}}}}}, Float64, Float64, String}}, Float64}}(-3.3688142871828417e-8,6.027251250276762e-8)
└ @ DFTK ~/.julia/packages/DFTK/n2IL4/src/terms/xc.jl:39
┌ Warning: Negative ρcore detected: -3.625104061884453e-8
└ @ DFTK ~/.julia/packages/DFTK/n2IL4/src/terms/xc.jl:39
┌ Warning: Negative ρcore detected: -3.625104061884453e-8
└ @ DFTK ~/.julia/packages/DFTK/n2IL4/src/terms/xc.jl:39
┌ Warning: Negative ρcore detected: Dual{ForwardDiff.Tag{var"#19#21"{@NamedTuple{ham::Hamiltonian, basis::PlaneWaveBasis{Float64, Float64, DFTK.CPU, FFTGrid{Float64, Float64, Array{StaticArraysCore.SVector{3, Int64}, 3}, Array{StaticArraysCore.SVector{3, Float64}, 3}}, Vector{StaticArraysCore.SVector{3, Int64}}}, energies::Energies{Float64}, converged::Bool, occupation_threshold::Float64, ρ::Array{Float64, 4}, τ::Nothing, α::Float64, eigenvalues::Vector{Vector{Float64}}, occupation::Vector{Vector{Float64}}, εF::Float64, n_bands_converge::Int64, n_iter::Int64, n_matvec::Int64, ψ::Vector{Matrix{ComplexF64}}, diagonalization::Vector{@NamedTuple{λ::Vector{Vector{Float64}}, X::Vector{Matrix{ComplexF64}}, residual_norms::Vector{Vector{Float64}}, n_iter::Vector{Int64}, converged::Bool, n_matvec::Int64}}, stage::Symbol, history_Δρ::Vector{Float64}, history_Etot::Vector{Float64}, timedout::Bool, runtime_ns::UInt64, algorithm::String}, Model{Float64, Float64}, Float64, MonkhorstPack, var"#case#4"{Matrix{Float64}, Float64, MonkhorstPack, Vector{StaticArraysCore.SVector{3, Float64}}, Vector{ElementPsp{PspUpf{Float64, Interpolations.Extrapolation{Float64, 1, Interpolations.GriddedInterpolation{Float64, 1, Vector{Float64}, Interpolations.Gridded{Interpolations.Linear{Interpolations.Throw{Interpolations.OnGrid}}}, Tuple{Vector{Float64}}}, Interpolations.Gridded{Interpolations.Linear{Interpolations.Throw{Interpolations.OnGrid}}}, Interpolations.Throw{Nothing}}}}}, Float64, Float64, String}}, Float64}}(-3.625104061884453e-8,9.376895211041332e-8)
└ @ DFTK ~/.julia/packages/DFTK/n2IL4/src/terms/xc.jl:39
┌ Warning: Negative ρcore detected: -3.622484655014269e-8
└ @ DFTK ~/.julia/packages/DFTK/n2IL4/src/terms/xc.jl:39
┌ Warning: Negative ρcore detected: -3.622484655014269e-8
└ @ DFTK ~/.julia/packages/DFTK/n2IL4/src/terms/xc.jl:39
┌ Warning: Negative ρcore detected: Dual{ForwardDiff.Tag{var"#19#21"{@NamedTuple{ham::Hamiltonian, basis::PlaneWaveBasis{Float64, Float64, DFTK.CPU, FFTGrid{Float64, Float64, Array{StaticArraysCore.SVector{3, Int64}, 3}, Array{StaticArraysCore.SVector{3, Float64}, 3}}, Vector{StaticArraysCore.SVector{3, Int64}}}, energies::Energies{Float64}, converged::Bool, occupation_threshold::Float64, ρ::Array{Float64, 4}, τ::Nothing, α::Float64, eigenvalues::Vector{Vector{Float64}}, occupation::Vector{Vector{Float64}}, εF::Float64, n_bands_converge::Int64, n_iter::Int64, n_matvec::Int64, ψ::Vector{Matrix{ComplexF64}}, diagonalization::Vector{@NamedTuple{λ::Vector{Vector{Float64}}, X::Vector{Matrix{ComplexF64}}, residual_norms::Vector{Vector{Float64}}, n_iter::Vector{Int64}, converged::Bool, n_matvec::Int64}}, stage::Symbol, history_Δρ::Vector{Float64}, history_Etot::Vector{Float64}, timedout::Bool, runtime_ns::UInt64, algorithm::String}, Model{Float64, Float64}, Float64, MonkhorstPack, var"#case#4"{Matrix{Float64}, Float64, MonkhorstPack, Vector{StaticArraysCore.SVector{3, Float64}}, Vector{ElementPsp{PspUpf{Float64, Interpolations.Extrapolation{Float64, 1, Interpolations.GriddedInterpolation{Float64, 1, Vector{Float64}, Interpolations.Gridded{Interpolations.Linear{Interpolations.Throw{Interpolations.OnGrid}}}, Tuple{Vector{Float64}}}, Interpolations.Gridded{Interpolations.Linear{Interpolations.Throw{Interpolations.OnGrid}}}, Interpolations.Throw{Nothing}}}}}, Float64, Float64, String}}, Float64}}(-3.622484655014269e-8,-6.95042771567925e-8)
└ @ DFTK ~/.julia/packages/DFTK/n2IL4/src/terms/xc.jl:39
┌ Warning: Negative ρcore detected: -3.6279634270734197e-8
└ @ DFTK ~/.julia/packages/DFTK/n2IL4/src/terms/xc.jl:39
┌ Warning: Negative ρcore detected: -3.6279634270734197e-8
└ @ DFTK ~/.julia/packages/DFTK/n2IL4/src/terms/xc.jl:39
┌ Warning: Negative ρcore detected: Dual{ForwardDiff.Tag{var"#19#21"{@NamedTuple{ham::Hamiltonian, basis::PlaneWaveBasis{Float64, Float64, DFTK.CPU, FFTGrid{Float64, Float64, Array{StaticArraysCore.SVector{3, Int64}, 3}, Array{StaticArraysCore.SVector{3, Float64}, 3}}, Vector{StaticArraysCore.SVector{3, Int64}}}, energies::Energies{Float64}, converged::Bool, occupation_threshold::Float64, ρ::Array{Float64, 4}, τ::Nothing, α::Float64, eigenvalues::Vector{Vector{Float64}}, occupation::Vector{Vector{Float64}}, εF::Float64, n_bands_converge::Int64, n_iter::Int64, n_matvec::Int64, ψ::Vector{Matrix{ComplexF64}}, diagonalization::Vector{@NamedTuple{λ::Vector{Vector{Float64}}, X::Vector{Matrix{ComplexF64}}, residual_norms::Vector{Vector{Float64}}, n_iter::Vector{Int64}, converged::Bool, n_matvec::Int64}}, stage::Symbol, history_Δρ::Vector{Float64}, history_Etot::Vector{Float64}, timedout::Bool, runtime_ns::UInt64, algorithm::String}, Model{Float64, Float64}, Float64, MonkhorstPack, var"#case#4"{Matrix{Float64}, Float64, MonkhorstPack, Vector{StaticArraysCore.SVector{3, Float64}}, Vector{ElementPsp{PspUpf{Float64, Interpolations.Extrapolation{Float64, 1, Interpolations.GriddedInterpolation{Float64, 1, Vector{Float64}, Interpolations.Gridded{Interpolations.Linear{Interpolations.Throw{Interpolations.OnGrid}}}, Tuple{Vector{Float64}}}, Interpolations.Gridded{Interpolations.Linear{Interpolations.Throw{Interpolations.OnGrid}}}, Interpolations.Throw{Nothing}}}}}, Float64, Float64, String}}, Float64}}(-3.6279634270734197e-8,-6.57378747389752e-8)
└ @ DFTK ~/.julia/packages/DFTK/n2IL4/src/terms/xc.jl:39
 * Status: success

 * Candidate solution
    Final objective value:     -7.415342e+01

 * Found with
    Algorithm:     L-BFGS

 * Convergence measures
    |x - x'|               = 8.10e-04 ≰ -1.0e+00
    |x - x'|/|x'|          = 1.39e-04 ≰ 0.0e+00
    |f(x) - f(x')|         = 4.45e-08 ≰ 1.0e-08
    |f(x) - f(x')|/|f(x')| = 6.00e-10 ≰ 0.0e+00
    |g(x)|                 = 8.10e-07 ≤ 1.0e-06

 * Work counters
    Seconds run:   970  (vs limit Inf)
    Iterations:    4
    f(x) calls:    5
    ∇f(x) calls:   5

V: 1095.385782 seconds (743.16 M allocations: 356.513 GiB, 6.39% gc time, 0.01% compilation time)
