n     Energy            log10(ΔE)   log10(Δρ)   Diag   Δtime
---   ---------------   ---------   ---------   ----   ------
  1   -8.540099609979                   -0.94    6.9    12.7s
  2   -8.541886206888       -2.75       -1.62    2.0    5.51s
  3   -8.542011450720       -3.90       -2.54    3.8    1.98s
  4   -8.542016859994       -5.27       -3.81    4.0    1.81s
  5   -8.542016901815       -7.38       -4.52    4.9    2.25s
  6   -8.542016903522       -8.77       -5.49    4.9    1.82s
  7   -8.542016903538      -10.80       -6.15    4.5    2.09s
  8   -8.542016903539      -12.86       -7.32    3.1    1.85s
Iter     Function value   Gradient norm 
     0    -8.542017e+00     1.077338e-02
 * time: 1.0013580322265625e-5
n     Energy            log10(ΔE)   log10(Δρ)   Diag   Δtime
---   ---------------   ---------   ---------   ----   ------
  1   -8.540210015759                   -0.94    7.0    2.66s
  2   -8.541992864051       -2.75       -1.62    2.1    1.49s
  3   -8.542122820060       -3.89       -2.55    3.8    1.60s
  4   -8.542128857095       -5.22       -3.78    3.9    2.02s
  5   -8.542128897824       -7.39       -4.57    5.0    1.95s
  6   -8.542128899119       -8.89       -5.55    4.9    2.14s
  7   -8.542128899133      -10.86       -6.05    4.8    1.88s
  8   -8.542128899133      -12.58       -7.00    2.7    1.61s
n     Energy            log10(ΔE)   log10(Δρ)   Diag   Δtime
---   ---------------   ---------   ---------   ----   ------
  1   -8.540213613220                   -0.94    7.0    2.63s
  2   -8.542000170001       -2.75       -1.63    2.0    1.48s
  3   -8.542122758871       -3.91       -2.55    3.8    1.62s
  4   -8.542128854795       -5.21       -3.77    4.2    2.09s
  5   -8.542128897866       -7.37       -4.58    4.8    1.93s
  6   -8.542128899119       -8.90       -5.45    4.9    2.16s
  7   -8.542128899133      -10.86       -5.95    4.7    1.83s
  8   -8.542128899133      -12.32       -7.13    2.9    1.70s
     1    -8.542129e+00     1.001909e-02
 * time: 43.80566215515137
n     Energy            log10(ΔE)   log10(Δρ)   Diag   Δtime
---   ---------------   ---------   ---------   ----   ------
  1   -8.541151627460                   -0.95    7.2    2.75s
  2   -8.542774330443       -2.79       -1.57    1.9    1.18s
  3   -8.542875873440       -3.99       -2.69    3.9    1.95s
  4   -8.542881228579       -5.27       -3.28    4.3    2.18s
  5   -8.542881304465       -7.12       -4.07    3.7    1.51s
  6   -8.542881306251       -8.75       -5.01    3.5    1.94s
  7   -8.542881306319      -10.17       -5.42    4.4    1.87s
  8   -8.542881306321      -11.89       -6.46    2.4    1.58s
  9   -8.542881306321      -13.29       -7.24    3.5    1.62s
n     Energy            log10(ΔE)   log10(Δρ)   Diag   Δtime
---   ---------------   ---------   ---------   ----   ------
  1   -8.541151006875                   -0.95    7.2    3.28s
  2   -8.542771196024       -2.79       -1.57    1.7    1.12s
  3   -8.542875560019       -3.98       -2.69    4.0    1.94s
  4   -8.542881228967       -5.25       -3.27    4.3    2.22s
  5   -8.542881304457       -7.12       -4.07    3.6    1.52s
  6   -8.542881306254       -8.75       -4.96    3.5    1.91s
  7   -8.542881306319      -10.19       -5.51    4.3    1.82s
  8   -8.542881306321      -11.85       -6.46    2.8    1.67s
  9   -8.542881306321      -13.35       -7.52    3.4    1.60s
     2    -8.542881e+00     7.142233e-04
 * time: 90.2716121673584
n     Energy            log10(ΔE)   log10(Δρ)   Diag   Δtime
---   ---------------   ---------   ---------   ----   ------
  1   -8.541150725155                   -0.95    7.3    2.79s
  2   -8.542777790184       -2.79       -1.57    1.8    1.46s
  3   -8.542879902690       -3.99       -2.69    4.0    1.65s
  4   -8.542885440666       -5.26       -3.30    4.4    2.21s
  5   -8.542885511641       -7.15       -4.09    3.7    1.59s
  6   -8.542885513190       -8.81       -4.92    3.6    1.87s
  7   -8.542885513246      -10.25       -5.55    4.1    1.73s
  8   -8.542885513247      -11.86       -6.52    3.0    1.70s
  9   -8.542885513247      -13.47       -7.70    3.6    1.94s
n     Energy            log10(ΔE)   log10(Δρ)   Diag   Δtime
---   ---------------   ---------   ---------   ----   ------
  1   -8.541158536632                   -0.95    7.2    2.66s
  2   -8.542778314726       -2.79       -1.57    1.9    1.15s
  3   -8.542881020256       -3.99       -2.68    4.1    1.92s
  4   -8.542885441561       -5.35       -3.33    4.3    2.22s
  5   -8.542885511377       -7.16       -4.09    3.6    1.49s
  6   -8.542885513184       -8.74       -5.15    3.9    1.96s
  7   -8.542885513247      -10.20       -5.56    4.8    1.93s
  8   -8.542885513247      -12.19       -6.75    2.5    1.60s
  9   -8.542885513247      -13.60       -7.48    4.4    1.88s
     3    -8.542886e+00     5.300670e-05
 * time: 136.73401308059692
n     Energy            log10(ΔE)   log10(Δρ)   Diag   Δtime
---   ---------------   ---------   ---------   ----   ------
  1   -8.541159449344                   -0.95    7.1    2.69s
  2   -8.542778296416       -2.79       -1.57    2.1    1.50s
  3   -8.542880456801       -3.99       -2.69    3.9    1.64s
  4   -8.542885465792       -5.30       -3.31    4.5    2.27s
  5   -8.542885535085       -7.16       -4.10    3.5    1.55s
  6   -8.542885536661       -8.80       -5.02    3.6    1.93s
  7   -8.542885536717      -10.25       -5.55    4.3    2.17s
  8   -8.542885536718      -11.99       -6.57    2.9    1.46s
  9   -8.542885536718      -13.50       -7.59    3.5    1.96s
n     Energy            log10(ΔE)   log10(Δρ)   Diag   Δtime
---   ---------------   ---------   ---------   ----   ------
  1   -8.541143428958                   -0.95    7.2    2.75s
  2   -8.542778176966       -2.79       -1.57    1.9    1.47s
  3   -8.542880341916       -3.99       -2.69    4.1    1.69s
  4   -8.542885468521       -5.29       -3.32    4.3    2.24s
  5   -8.542885535134       -7.18       -4.11    3.5    1.57s
  6   -8.542885536663       -8.82       -4.99    3.7    1.95s
  7   -8.542885536717      -10.27       -5.58    4.0    1.78s
  8   -8.542885536718      -11.92       -6.58    3.0    2.06s
  9   -8.542885536718      -13.47       -7.79    3.5    2.35s
     4    -8.542886e+00     3.170980e-07
 * time: 184.87258005142212
 * Status: success

 * Candidate solution
    Final objective value:     -8.542886e+00

 * Found with
    Algorithm:     L-BFGS

 * Convergence measures
    |x - x'|               = 8.81e-04 ≰ -1.0e+00
    |x - x'|/|x'|          = 8.38e-05 ≰ 0.0e+00
    |f(x) - f(x')|         = 2.35e-08 ≰ 1.0e-08
    |f(x) - f(x')|/|f(x')| = 2.75e-09 ≰ 0.0e+00
    |g(x)|                 = 3.17e-07 ≤ 1.0e-06

 * Work counters
    Seconds run:   185  (vs limit Inf)
    Iterations:    4
    f(x) calls:    5
    ∇f(x) calls:   5

Si: 265.607437 seconds (383.98 M allocations: 77.934 GiB, 8.30% gc time, 21.57% compilation time: <1% of which was recompilation)
n     Energy            log10(ΔE)   log10(Δρ)   Diag   Δtime
---   ---------------   ---------   ---------   ----   ------
  1   -62.76184283302                   -1.01    8.9    19.8s
  2   -62.77097066138       -2.04       -1.13    2.5    7.09s
  3   -62.77718128740       -2.21       -2.02    3.7    9.40s
  4   -62.77720422467       -4.64       -2.51    2.9    8.11s
  5   -62.77720999725       -5.24       -3.71    3.3    9.13s
  6   -62.77721004554       -7.32       -4.48    4.1    9.92s
  7   -62.77721004714       -8.79       -5.57    3.6    9.67s
  8   -62.77721004718      -10.44       -6.44    3.8    9.86s
  9   -62.77721004718      -12.13       -7.32    3.8    9.14s
Iter     Function value   Gradient norm 
     0    -6.277721e+01     1.081444e-02
 * time: 5.0067901611328125e-6
n     Energy            log10(ΔE)   log10(Δρ)   Diag   Δtime
---   ---------------   ---------   ---------   ----   ------
  1   -62.76190600404                   -1.01    8.8    17.2s
  2   -62.77101518160       -2.04       -1.13    2.5    6.52s
  3   -62.77729665576       -2.20       -2.02    3.5    8.94s
  4   -62.77731990996       -4.63       -2.52    2.9    8.41s
  5   -62.77732547036       -5.25       -3.71    3.3    8.77s
  6   -62.77732551735       -7.33       -4.49    3.9    9.68s
  7   -62.77732551902       -8.78       -5.54    3.5    9.60s
  8   -62.77732551905      -10.46       -6.42    3.8    10.0s
  9   -62.77732551906      -12.16       -7.35    3.8    9.61s
n     Energy            log10(ΔE)   log10(Δρ)   Diag   Δtime
---   ---------------   ---------   ---------   ----   ------
  1   -62.76190150884                   -1.01    8.7    17.4s
  2   -62.77102110271       -2.04       -1.13    2.5    6.55s
  3   -62.77729650753       -2.20       -2.02    3.5    8.99s
  4   -62.77731975538       -4.63       -2.52    2.9    8.53s
  5   -62.77732547034       -5.24       -3.71    3.3    8.74s
  6   -62.77732551740       -7.33       -4.49    4.2    9.89s
  7   -62.77732551902       -8.79       -5.53    3.6    9.58s
  8   -62.77732551905      -10.45       -6.45    3.9    10.1s
  9   -62.77732551906      -12.09       -7.34    4.0    9.80s
     1    -6.277733e+01     1.054109e-02
 * time: 213.0554699897766
n     Energy            log10(ΔE)   log10(Δρ)   Diag   Δtime
---   ---------------   ---------   ---------   ----   ------
  1   -62.76202507176                   -1.01    9.1    20.2s
  2   -62.77121081842       -2.04       -1.09    2.4    7.48s
  3   -62.77973912682       -2.07       -1.97    3.6    10.1s
  4   -62.77977356408       -4.46       -2.50    2.6    8.57s
  5   -62.77978122081       -5.12       -3.64    3.3    10.0s
  6   -62.77978128071       -7.22       -4.44    4.1    10.7s
  7   -62.77978128309       -8.62       -5.57    3.3    10.2s
  8   -62.77978128314      -10.37       -6.23    4.0    11.1s
  9   -62.77978128314      -11.90       -7.31    3.5    9.47s
n     Energy            log10(ΔE)   log10(Δρ)   Diag   Δtime
---   ---------------   ---------   ---------   ----   ------
  1   -62.76202315335                   -1.01    9.1    20.3s
  2   -62.77121091651       -2.04       -1.09    2.5    7.44s
  3   -62.77973954930       -2.07       -1.97    3.5    10.1s
  4   -62.77977332074       -4.47       -2.49    2.7    8.52s
  5   -62.77978121487       -5.10       -3.63    3.1    9.92s
  6   -62.77978128053       -7.18       -4.42    4.0    10.9s
  7   -62.77978128309       -8.59       -5.59    3.5    10.4s
  8   -62.77978128314      -10.35       -6.23    3.9    11.0s
  9   -62.77978128314      -11.86       -7.37    3.6    9.40s
     2    -6.277978e+01     1.781162e-03
 * time: 447.26435899734497
n     Energy            log10(ΔE)   log10(Δρ)   Diag   Δtime
---   ---------------   ---------   ---------   ----   ------
  1   -62.76158162383                   -1.01    8.9    19.2s
  2   -62.77073194806       -2.04       -1.08    2.5    7.09s
  3   -62.77982709756       -2.04       -1.96    3.5    10.2s
  4   -62.77986265953       -4.45       -2.48    2.5    8.20s
  5   -62.77987153949       -5.05       -3.61    3.1    10.0s
  6   -62.77987161406       -7.13       -4.35    3.9    10.9s
  7   -62.77987161739       -8.48       -5.55    3.5    10.7s
  8   -62.77987161744      -10.30       -6.16    4.1    11.4s
  9   -62.77987161744      -11.75       -7.36    3.6    9.36s
n     Energy            log10(ΔE)   log10(Δρ)   Diag   Δtime
---   ---------------   ---------   ---------   ----   ------
  1   -62.76158065492                   -1.01    9.0    19.7s
  2   -62.77074483438       -2.04       -1.08    2.6    7.34s
  3   -62.77982719920       -2.04       -1.96    3.5    10.2s
  4   -62.77986269700       -4.45       -2.48    2.6    8.51s
  5   -62.77987153804       -5.05       -3.60    3.0    9.58s
  6   -62.77987161398       -7.12       -4.34    4.1    11.3s
  7   -62.77987161739       -8.47       -5.53    3.5    10.8s
  8   -62.77987161744      -10.28       -6.16    4.0    11.2s
  9   -62.77987161744      -11.74       -7.33    3.7    9.33s
     3    -6.277987e+01     3.676396e-04
 * time: 677.2931909561157
n     Energy            log10(ΔE)   log10(Δρ)   Diag   Δtime
---   ---------------   ---------   ---------   ----   ------
  1   -62.76144269900                   -1.01    9.2    20.2s
  2   -62.77062236609       -2.04       -1.07    2.5    7.39s
  3   -62.77982964235       -2.04       -1.95    3.7    10.4s
  4   -62.77986711379       -4.43       -2.49    2.6    8.48s
  5   -62.77987577666       -5.06       -3.60    3.2    9.85s
  6   -62.77987584791       -7.15       -4.36    4.0    10.7s
  7   -62.77987585109       -8.50       -5.52    3.3    10.3s
  8   -62.77987585114      -10.29       -6.15    4.0    11.3s
  9   -62.77987585114      -11.77       -7.32    3.5    9.44s
n     Energy            log10(ΔE)   log10(Δρ)   Diag   Δtime
---   ---------------   ---------   ---------   ----   ------
  1   -62.76144379572                   -1.01    9.1    20.2s
  2   -62.77057500863       -2.04       -1.07    2.6    7.27s
  3   -62.77983140575       -2.03       -1.95    3.7    10.4s
  4   -62.77986645423       -4.46       -2.47    2.5    8.26s
  5   -62.77987576837       -5.03       -3.60    3.1    9.67s
  6   -62.77987584734       -7.10       -4.33    4.0    10.9s
  7   -62.77987585109       -8.43       -5.51    3.3    10.5s
  8   -62.77987585114      -10.28       -6.18    3.9    11.3s
  9   -62.77987585114      -11.75       -7.33    3.5    9.32s
     4    -6.277988e+01     1.748256e-05
 * time: 912.7370228767395
n     Energy            log10(ΔE)   log10(Δρ)   Diag   Δtime
---   ---------------   ---------   ---------   ----   ------
  1   -62.76143748554                   -1.01    9.3    20.1s
  2   -62.77058343263       -2.04       -1.07    2.6    7.63s
  3   -62.77982965516       -2.03       -1.95    3.6    9.71s
  4   -62.77986707244       -4.43       -2.49    2.5    8.88s
  5   -62.77987578678       -5.06       -3.61    3.0    9.45s
  6   -62.77987585765       -7.15       -4.36    3.9    11.1s
  7   -62.77987586080       -8.50       -5.53    3.3    10.0s
  8   -62.77987586085      -10.28       -6.19    3.9    11.6s
  9   -62.77987586085      -11.78       -7.30    3.5    8.72s
n     Energy            log10(ΔE)   log10(Δρ)   Diag   Δtime
---   ---------------   ---------   ---------   ----   ------
  1   -62.76143817030                   -1.01    9.3    20.3s
  2   -62.77061408506       -2.04       -1.07    2.6    7.74s
  3   -62.77982963707       -2.04       -1.95    3.6    10.1s
  4   -62.77986728324       -4.42       -2.50    2.4    8.04s
  5   -62.77987579589       -5.07       -3.63    2.9    9.59s
  6   -62.77987585819       -7.21       -4.37    4.1    11.3s
  7   -62.77987586080       -8.58       -5.50    3.3    10.3s
  8   -62.77987586085      -10.31       -6.25    3.9    11.5s
  9   -62.77987586085      -11.83       -7.28    3.4    9.72s
     5    -6.277988e+01     1.593981e-07
 * time: 1146.589096069336
 * Status: success

 * Candidate solution
    Final objective value:     -6.277988e+01

 * Found with
    Algorithm:     L-BFGS

 * Convergence measures
    |x - x'|               = 1.10e-03 ≰ -1.0e+00
    |x - x'|/|x'|          = 9.76e-05 ≰ 0.0e+00
    |f(x) - f(x')|         = 9.71e-09 ≤ 1.0e-08
    |f(x) - f(x')|/|f(x')| = 1.55e-10 ≰ 0.0e+00
    |g(x)|                 = 1.59e-07 ≤ 1.0e-06

 * Work counters
    Seconds run:   1147  (vs limit Inf)
    Iterations:    5
    f(x) calls:    6
    ∇f(x) calls:   6

NaCl: 1265.350943 seconds (1.34 G allocations: 368.434 GiB, 5.90% gc time, 0.27% compilation time)
n     Energy            log10(ΔE)   log10(Δρ)   Diag   Δtime
---   ---------------   ---------   ---------   ----   ------
  1   -2.328129597736                   -1.52    5.5    2.42s
  2   -2.328218603722       -4.05       -1.85    1.3    813ms
  3   -2.328244041426       -4.59       -3.16    3.3    1.72s
  4   -2.328244479252       -6.36       -3.49    4.0    1.57s
  5   -2.328244488675       -8.03       -3.63    1.7    1.21s
  6   -2.328244497746       -8.04       -4.54    2.2    1.14s
  7   -2.328244498146       -9.40       -5.09    3.6    1.74s
  8   -2.328244498160      -10.84       -5.58    2.5    1.18s
  9   -2.328244498163      -11.60       -6.07    2.9    1.25s
 10   -2.328244498163      -13.02       -6.75    2.7    1.47s
 11   -2.328244498163   +  -13.99       -7.94    3.1    1.27s
Iter     Function value   Gradient norm 
     0    -2.328244e+00     5.618724e-03
 * time: 2.86102294921875e-6
n     Energy            log10(ΔE)   log10(Δρ)   Diag   Δtime
---   ---------------   ---------   ---------   ----   ------
  1   -2.328162179627                   -1.52    5.4    2.33s
  2   -2.328250132922       -4.06       -1.86    1.3    1.15s
  3   -2.328274966415       -4.60       -3.16    3.3    1.44s
  4   -2.328275388653       -6.37       -3.50    4.0    2.01s
  5   -2.328275398758       -8.00       -3.66    1.7    940ms
  6   -2.328275406676       -8.10       -4.56    2.3    1.41s
  7   -2.328275407050       -9.43       -5.16    3.6    1.50s
  8   -2.328275407060      -10.98       -5.62    2.7    1.54s
  9   -2.328275407063      -11.69       -6.15    2.8    1.26s
 10   -2.328275407063      -13.04       -6.87    2.8    1.59s
 11   -2.328275407063   +  -14.31       -8.08    3.3    1.41s
n     Energy            log10(ΔE)   log10(Δρ)   Diag   Δtime
---   ---------------   ---------   ---------   ----   ------
  1   -2.328160333257                   -1.52    5.5    2.22s
  2   -2.328249964426       -4.05       -1.85    1.2    1.13s
  3   -2.328274982037       -4.60       -3.16    3.3    1.38s
  4   -2.328275389248       -6.39       -3.51    3.9    1.99s
  5   -2.328275397890       -8.06       -3.64    1.7    916ms
  6   -2.328275406703       -8.05       -4.59    2.3    1.40s
  7   -2.328275407050       -9.46       -5.16    3.7    1.51s
  8   -2.328275407060      -10.98       -5.62    2.5    1.47s
  9   -2.328275407063      -11.67       -6.14    2.9    1.24s
 10   -2.328275407063      -13.04       -6.84    2.8    1.21s
 11   -2.328275407063   +  -14.75       -8.08    3.4    1.69s
     1    -2.328275e+00     5.382980e-03
 * time: 63.34305381774902
n     Energy            log10(ΔE)   log10(Δρ)   Diag   Δtime
---   ---------------   ---------   ---------   ----   ------
  1   -2.328521168108                   -1.54    5.5    1.74s
  2   -2.328604658141       -4.08       -1.86    1.3    622ms
  3   -2.328627913703       -4.63       -3.25    3.4    1.38s
  4   -2.328628305703       -6.41       -3.61    4.3    1.29s
  5   -2.328628313098       -8.13       -3.81    1.9    1.06s
  6   -2.328628317811       -8.33       -4.87    2.3    789ms
  7   -2.328628317944       -9.88       -5.42    4.1    1.51s
  8   -2.328628317950      -11.18       -6.09    3.2    977ms
  9   -2.328628317951      -12.44       -6.38    2.9    1.23s
 10   -2.328628317951      -13.20       -7.18    2.6    873ms
n     Energy            log10(ΔE)   log10(Δρ)   Diag   Δtime
---   ---------------   ---------   ---------   ----   ------
  1   -2.328519905374                   -1.54    5.5    1.74s
  2   -2.328604002161       -4.08       -1.86    1.3    922ms
  3   -2.328627924190       -4.62       -3.24    3.4    1.06s
  4   -2.328628305756       -6.42       -3.61    4.1    1.56s
  5   -2.328628313238       -8.13       -3.81    1.9    714ms
  6   -2.328628317820       -8.34       -4.88    2.5    1.16s
  7   -2.328628317944       -9.91       -5.42    4.1    1.19s
  8   -2.328628317950      -11.19       -6.11    3.1    1.24s
  9   -2.328628317951      -12.46       -6.44    2.9    896ms
 10   -2.328628317951      -13.30       -7.20    2.7    1.15s
     2    -2.328628e+00     2.629337e-04
 * time: 116.50437092781067
n     Energy            log10(ΔE)   log10(Δρ)   Diag   Δtime
---   ---------------   ---------   ---------   ----   ------
  1   -2.328518732517                   -1.54    5.5    1.69s
  2   -2.328603974515       -4.07       -1.86    1.3    603ms
  3   -2.328628891588       -4.60       -3.24    3.3    1.34s
  4   -2.328629249797       -6.45       -3.61    4.2    1.25s
  5   -2.328629257422       -8.12       -3.83    1.9    1.03s
  6   -2.328629261706       -8.37       -4.91    2.2    757ms
  7   -2.328629261817       -9.95       -5.45    4.2    1.54s
  8   -2.328629261823      -11.24       -6.19    3.1    953ms
  9   -2.328629261823      -12.55       -6.51    3.1    1.38s
 10   -2.328629261823      -13.43       -7.23    2.8    885ms
n     Energy            log10(ΔE)   log10(Δρ)   Diag   Δtime
---   ---------------   ---------   ---------   ----   ------
  1   -2.328520531231                   -1.54    5.5    1.71s
  2   -2.328604676110       -4.07       -1.86    1.3    919ms
  3   -2.328628835623       -4.62       -3.24    3.3    1.03s
  4   -2.328629249811       -6.38       -3.62    4.2    1.55s
  5   -2.328629257326       -8.12       -3.82    1.8    702ms
  6   -2.328629261706       -8.36       -4.91    2.4    1.10s
  7   -2.328629261819       -9.95       -5.49    4.2    1.22s
  8   -2.328629261823      -11.37       -6.16    3.1    1.27s
  9   -2.328629261823      -12.53       -6.51    2.9    920ms
 10   -2.328629261823      -13.45       -7.26    2.7    1.20s
     3    -2.328629e+00     2.396683e-05
 * time: 169.26311087608337
n     Energy            log10(ΔE)   log10(Δρ)   Diag   Δtime
---   ---------------   ---------   ---------   ----   ------
  1   -2.328519603276                   -1.54    5.6    1.75s
  2   -2.328604264147       -4.07       -1.86    1.3    619ms
  3   -2.328628870096       -4.61       -3.24    3.4    1.35s
  4   -2.328629257687       -6.41       -3.62    4.2    1.24s
  5   -2.328629265586       -8.10       -3.84    2.1    1.06s
  6   -2.328629269661       -8.39       -4.92    2.4    804ms
  7   -2.328629269774       -9.95       -5.47    4.2    1.56s
  8   -2.328629269779      -11.26       -6.20    3.2    996ms
  9   -2.328629269780      -12.57       -6.54    2.9    1.25s
 10   -2.328629269780      -13.52       -7.25    2.8    931ms
n     Energy            log10(ΔE)   log10(Δρ)   Diag   Δtime
---   ---------------   ---------   ---------   ----   ------
  1   -2.328518451235                   -1.54    5.6    1.74s
  2   -2.328604280705       -4.07       -1.86    1.4    609ms
  3   -2.328628893482       -4.61       -3.24    3.5    1.36s
  4   -2.328629257848       -6.44       -3.62    4.2    1.23s
  5   -2.328629265621       -8.11       -3.84    2.0    1.03s
  6   -2.328629269656       -8.39       -4.90    2.4    767ms
  7   -2.328629269774       -9.93       -5.48    4.1    1.50s
  8   -2.328629269779      -11.28       -6.16    3.3    982ms
  9   -2.328629269780      -12.54       -6.47    2.9    1.23s
 10   -2.328629269780      -13.37       -7.27    2.7    886ms
     4    -2.328629e+00     1.223226e-07
 * time: 222.84267592430115
 * Status: success

 * Candidate solution
    Final objective value:     -2.328629e+00

 * Found with
    Algorithm:     L-BFGS

 * Convergence measures
    |x - x'|               = 6.61e-04 ≰ -1.0e+00
    |x - x'|/|x'|          = 8.49e-05 ≰ 0.0e+00
    |f(x) - f(x')|         = 7.96e-09 ≤ 1.0e-08
    |f(x) - f(x')|/|f(x')| = 3.42e-09 ≰ 0.0e+00
    |g(x)|                 = 1.22e-07 ≤ 1.0e-06

 * Work counters
    Seconds run:   223  (vs limit Inf)
    Iterations:    4
    f(x) calls:    5
    ∇f(x) calls:   5

Al: 259.578377 seconds (231.44 M allocations: 56.231 GiB, 7.78% gc time, 0.00% compilation time)
n     Energy            log10(ΔE)   log10(Δρ)   Diag   Δtime
---   ---------------   ---------   ---------   ----   ------
  1   -74.16208387843                   -1.11    9.4    9.60s
  2   -74.16456073729       -2.61       -1.31    4.6    5.59s
  3   -74.16657027093       -2.70       -1.79    6.5    7.03s
  4   -74.16674900204       -3.75       -2.17    5.3    5.94s
  5   -74.16676987211       -4.68       -2.48    5.0    5.86s
  6   -74.16677577693       -5.23       -3.06    5.2    6.00s
  7   -74.16677600666       -6.64       -3.82    5.4    5.87s
  8   -74.16677600735       -9.16       -4.10    4.6    5.16s
  9   -74.16677600753       -9.74       -4.62    3.0    4.36s
 10   -74.16677600766       -9.89       -5.29    5.2    5.90s
 11   -74.16677600766      -11.24       -5.77    5.5    6.13s
 12   -74.16677600766      -12.13       -6.54    4.9    5.40s
 13   -74.16677600766      -13.37       -6.82    5.8    6.28s
 14   -74.16677600766   +  -13.25       -7.28    4.6    5.42s
Iter     Function value   Gradient norm 
     0    -7.416678e+01     2.244139e-02
 * time: 4.0531158447265625e-6
n     Energy            log10(ΔE)   log10(Δρ)   Diag   Δtime
---   ---------------   ---------   ---------   ----   ------
  1   -74.16247121810                   -1.11    9.5    9.83s
  2   -74.16500606726       -2.60       -1.31    4.6    5.23s
  3   -74.16702698151       -2.69       -1.79    6.6    7.16s
  4   -74.16721170092       -3.73       -2.17    5.4    5.96s
  5   -74.16723332425       -4.67       -2.49    5.1    5.86s
  6   -74.16723868252       -5.27       -3.05    5.3    6.01s
  7   -74.16723892406       -6.62       -3.80    5.3    6.29s
  8   -74.16723892470       -9.20       -4.05    3.7    4.70s
  9   -74.16723892509       -9.41       -4.65    4.0    4.81s
 10   -74.16723892513      -10.35       -5.24    5.0    5.92s
 11   -74.16723892513      -11.60       -5.75    5.0    5.62s
 12   -74.16723892513      -12.94       -6.41    3.8    4.67s
 13   -74.16723892513   +  -13.85       -7.05    5.5    6.59s
n     Energy            log10(ΔE)   log10(Δρ)   Diag   Δtime
---   ---------------   ---------   ---------   ----   ------
  1   -74.16246924358                   -1.11    9.5    10.0s
  2   -74.16499166012       -2.60       -1.31    4.6    5.21s
  3   -74.16702950343       -2.69       -1.79    6.6    7.39s
  4   -74.16721128681       -3.74       -2.17    5.3    6.10s
  5   -74.16723334414       -4.66       -2.49    5.1    6.11s
  6   -74.16723866779       -5.27       -3.04    5.2    5.96s
  7   -74.16723892351       -6.59       -3.77    5.3    5.86s
  8   -74.16723892471       -8.92       -4.07    4.5    5.20s
  9   -74.16723892511       -9.40       -4.66    4.6    5.57s
 10   -74.16723892513      -10.76       -5.35    4.8    5.47s
 11   -74.16723892513      -11.89       -5.73    5.2    5.88s
 12   -74.16723892513      -12.85       -6.47    4.1    5.10s
 13   -74.16723892513      -13.55       -7.14    5.1    5.70s
     1    -7.416724e+01     1.883448e-02
 * time: 220.68036890029907
n     Energy            log10(ΔE)   log10(Δρ)   Diag   Δtime
---   ---------------   ---------   ---------   ----   ------
  1   -74.16325777528                   -1.11   10.1    10.4s
  2   -74.16607817797       -2.55       -1.31    4.9    5.63s
  3   -74.16819576039       -2.67       -1.78    6.9    7.60s
  4   -74.16839812692       -3.69       -2.17    5.6    6.67s
  5   -74.16841919956       -4.68       -2.46    5.3    6.19s
  6   -74.16842566567       -5.19       -2.95    5.3    6.17s
  7   -74.16842601963       -6.45       -3.52    5.3    6.02s
  8   -74.16842602465       -8.30       -3.89    4.8    5.52s
  9   -74.16842602494       -9.52       -4.34    4.2    5.20s
 10   -74.16842602520       -9.60       -4.81    5.0    5.54s
 11   -74.16842602521      -10.99       -5.62    3.5    4.48s
 12   -74.16842602521      -11.85       -5.91    5.1    5.89s
 13   -74.16842602521      -13.00       -6.10    4.9    5.82s
 14   -74.16842602521   +  -13.15       -6.44    4.7    5.36s
 15   -74.16842602521   +  -12.37       -7.53    5.2    5.82s
n     Energy            log10(ΔE)   log10(Δρ)   Diag   Δtime
---   ---------------   ---------   ---------   ----   ------
  1   -74.16325497681                   -1.11   10.1    10.6s
  2   -74.16607331540       -2.55       -1.31    5.0    5.69s
  3   -74.16819740057       -2.67       -1.78    6.9    7.72s
  4   -74.16839770896       -3.70       -2.17    5.7    6.29s
  5   -74.16841932083       -4.67       -2.46    5.3    6.30s
  6   -74.16842566389       -5.20       -2.94    5.4    6.20s
  7   -74.16842601905       -6.45       -3.52    5.3    6.16s
  8   -74.16842602468       -8.25       -3.90    4.8    5.64s
  9   -74.16842602495       -9.56       -4.35    4.2    4.89s
 10   -74.16842602519       -9.62       -4.83    4.9    5.55s
 11   -74.16842602521      -10.97       -5.63    3.9    4.59s
 12   -74.16842602521      -11.91       -5.92    5.2    6.17s
 13   -74.16842602521      -12.55       -6.12    4.8    5.53s
 14   -74.16842602521   +  -12.77       -6.46    4.8    5.48s
 15   -74.16842602521   +  -12.49       -7.17    5.1    5.75s
     2    -7.416843e+01     1.928067e-03
 * time: 469.93467712402344
n     Energy            log10(ΔE)   log10(Δρ)   Diag   Δtime
---   ---------------   ---------   ---------   ----   ------
  1   -74.16325101104                   -1.11    9.8    10.0s
  2   -74.16605298337       -2.55       -1.31    4.8    5.76s
  3   -74.16821338765       -2.67       -1.78    6.7    7.35s
  4   -74.16841198474       -3.70       -2.17    5.5    6.06s
  5   -74.16843327156       -4.67       -2.46    5.1    6.01s
  6   -74.16843959032       -5.20       -2.93    5.4    6.39s
  7   -74.16844001761       -6.37       -3.48    5.2    5.85s
  8   -74.16844002183       -8.38       -4.02    4.9    5.57s
  9   -74.16844002249       -9.18       -4.32    3.8    4.75s
 10   -74.16844002268       -9.71       -4.71    5.0    5.58s
 11   -74.16844002273      -10.32       -5.70    4.6    5.66s
 12   -74.16844002273      -12.09       -6.13    5.5    6.35s
 13   -74.16844002273      -13.00       -6.02    4.5    5.37s
 14   -74.16844002273   +  -13.07       -6.40    4.9    5.58s
 15   -74.16844002273   +  -12.57       -7.05    4.8    5.71s
n     Energy            log10(ΔE)   log10(Δρ)   Diag   Δtime
---   ---------------   ---------   ---------   ----   ------
  1   -74.16325986299                   -1.11    9.8    10.4s
  2   -74.16604386493       -2.56       -1.30    4.8    5.47s
  3   -74.16821457343       -2.66       -1.78    6.8    7.57s
  4   -74.16841149069       -3.71       -2.17    5.4    6.55s
  5   -74.16843341632       -4.66       -2.46    5.1    5.91s
  6   -74.16843962845       -5.21       -2.94    5.2    6.08s
  7   -74.16844001638       -6.41       -3.51    5.3    6.00s
  8   -74.16844002219       -8.24       -3.91    4.8    5.48s
  9   -74.16844002246       -9.56       -4.36    4.1    5.16s
 10   -74.16844002272       -9.59       -4.84    4.9    5.34s
 11   -74.16844002273      -11.01       -5.80    3.7    4.66s
 12   -74.16844002273      -12.36       -5.98    5.4    6.35s
 13   -74.16844002273      -12.77       -6.13    4.4    5.15s
 14   -74.16844002273   +    -Inf       -6.47    4.5    5.23s
 15   -74.16844002273   +  -12.55       -7.30    5.0    5.93s
     3    -7.416844e+01     1.712420e-04
 * time: 717.2586650848389
n     Energy            log10(ΔE)   log10(Δρ)   Diag   Δtime
---   ---------------   ---------   ---------   ----   ------
  1   -74.16324931174                   -1.11   10.1    10.4s
  2   -74.16605409338       -2.55       -1.31    4.9    5.38s
  3   -74.16821412981       -2.67       -1.78    6.9    7.36s
  4   -74.16841180630       -3.70       -2.17    5.6    6.36s
  5   -74.16843350453       -4.66       -2.46    5.2    5.91s
  6   -74.16843971758       -5.21       -2.93    5.3    5.96s
  7   -74.16844013044       -6.38       -3.49    5.3    5.78s
  8   -74.16844013441       -8.40       -4.04    5.0    5.53s
  9   -74.16844013511       -9.16       -4.33    4.0    4.74s
 10   -74.16844013531       -9.69       -4.74    5.0    5.40s
 11   -74.16844013536      -10.37       -5.71    4.7    5.28s
 12   -74.16844013536      -12.07       -6.13    5.5    6.34s
 13   -74.16844013536      -13.07       -6.00    4.5    5.36s
 14   -74.16844013536   +  -12.94       -6.41    5.0    5.31s
 15   -74.16844013536   +  -12.94       -7.05    4.9    5.45s
n     Energy            log10(ΔE)   log10(Δρ)   Diag   Δtime
---   ---------------   ---------   ---------   ----   ------
  1   -74.16325086346                   -1.11   10.1    10.3s
  2   -74.16605166095       -2.55       -1.31    5.0    5.43s
  3   -74.16821382518       -2.67       -1.78    6.9    7.35s
  4   -74.16841193510       -3.70       -2.17    5.7    6.03s
  5   -74.16843350080       -4.67       -2.46    5.3    5.99s
  6   -74.16843970506       -5.21       -2.93    5.4    5.86s
  7   -74.16844013060       -6.37       -3.49    5.2    5.83s
  8   -74.16844013441       -8.42       -4.03    4.9    5.64s
  9   -74.16844013512       -9.15       -4.32    4.0    5.06s
 10   -74.16844013531       -9.71       -4.73    4.9    5.24s
 11   -74.16844013536      -10.35       -5.71    4.7    5.23s
 12   -74.16844013536      -12.09       -6.14    5.6    6.29s
 13   -74.16844013536      -12.67       -6.00    4.6    5.65s
 14   -74.16844013536   +  -12.89       -6.41    5.0    5.39s
 15   -74.16844013536   +  -12.62       -7.01    4.8    5.48s
     4    -7.416844e+01     1.438635e-06
 * time: 962.4456191062927
n     Energy            log10(ΔE)   log10(Δρ)   Diag   Δtime
---   ---------------   ---------   ---------   ----   ------
  1   -74.16325251216                   -1.11   10.0    10.2s
  2   -74.16605284787       -2.55       -1.31    5.0    5.40s
  3   -74.16821437033       -2.67       -1.78    6.9    7.21s
  4   -74.16841162054       -3.70       -2.17    5.6    5.88s
  5   -74.16843353687       -4.66       -2.46    5.2    6.07s
  6   -74.16843971254       -5.21       -2.93    5.4    5.90s
  7   -74.16844013047       -6.38       -3.49    5.2    5.69s
  8   -74.16844013448       -8.40       -4.03    5.0    5.48s
  9   -74.16844013514       -9.18       -4.33    3.8    4.58s
 10   -74.16844013532       -9.74       -4.73    4.9    5.23s
 11   -74.16844013537      -10.32       -5.71    4.7    5.23s
 12   -74.16844013537      -12.09       -6.12    5.5    6.46s
 13   -74.16844013537      -13.25       -5.99    4.4    5.16s
 14   -74.16844013537   +  -13.37       -6.40    4.9    5.30s
 15   -74.16844013537   +  -12.53       -7.00    4.7    5.61s
n     Energy            log10(ΔE)   log10(Δρ)   Diag   Δtime
---   ---------------   ---------   ---------   ----   ------
  1   -74.16325104681                   -1.11   10.0    9.95s
  2   -74.16605759711       -2.55       -1.31    4.9    5.20s
  3   -74.16821376335       -2.67       -1.78    6.9    7.08s
  4   -74.16841158851       -3.70       -2.17    5.6    6.10s
  5   -74.16843354686       -4.66       -2.46    5.2    5.72s
  6   -74.16843971361       -5.21       -2.93    5.4    5.88s
  7   -74.16844013083       -6.38       -3.49    5.3    5.65s
  8   -74.16844013443       -8.44       -4.03    5.0    5.72s
  9   -74.16844013513       -9.16       -4.33    3.9    4.59s
 10   -74.16844013532       -9.71       -4.74    5.0    5.27s
 11   -74.16844013537      -10.36       -5.71    4.6    5.09s
 12   -74.16844013537      -12.12       -6.11    5.4    6.04s
 13   -74.16844013537      -12.70       -5.99    4.2    4.93s
 14   -74.16844013537   +  -13.37       -6.40    4.9    5.13s
 15   -74.16844013537   +  -12.53       -6.99    4.7    5.54s
 16   -74.16844013537   +  -13.00       -7.36    4.9    5.54s
     5    -7.416844e+01     1.219730e-07
 * time: 1206.813462972641
┌ Info: Threading setup: 
│   Threads.nthreads() = 1
│   n_DFTK = 1
│   n_fft = 1
└   n_blas = 1
┌ Info: 2025-05-14T12:08:02.594
│   name = "Si"
│   Ecut = 18.0
│   kgrid = MonkhorstPack([14, 14, 14])
│   p0 = ComponentVector{Float64}(a = 10.347246312603742)
│   temperature = 0.001
└   smearing = DFTK.Smearing.Gaussian()
┌ Info: 2025-05-14T12:12:28.899
│   name = "NaCl"
│   Ecut = 44.0
│   kgrid = MonkhorstPack([13, 13, 13])
│   p0 = ComponentVector{Float64}(a = 10.746130571470083)
│   temperature = 0
└   smearing = DFTK.Smearing.None()
┌ Info: 2025-05-14T12:33:34.286
│   name = "Al"
│   Ecut = 20.0
│   kgrid = MonkhorstPack([18, 18, 18])
│   p0 = ComponentVector{Float64}(a = 7.641925528121933)
│   temperature = 0.001
└   smearing = DFTK.Smearing.Gaussian()
┌ Info: 2025-05-14T12:37:53.865
│   name = "V"
│   Ecut = 42.0
│   kgrid = MonkhorstPack([20, 20, 20])
│   p0 = ComponentVector{Float64}(a = 5.699267600684394)
│   temperature = 0.001
└   smearing = DFTK.Smearing.Gaussian()
┌ Warning: Negative ρcore detected: -3.4151886922104144e-8
└ @ DFTK ~/.julia/packages/DFTK/n2IL4/src/terms/xc.jl:39
┌ Warning: Negative ρcore detected: Dual{ForwardDiff.Tag{var"#19#21"{@NamedTuple{ham::Hamiltonian, basis::PlaneWaveBasis{Float64, Float64, DFTK.CPU, FFTGrid{Float64, Float64, Array{StaticArraysCore.SVector{3, Int64}, 3}, Array{StaticArraysCore.SVector{3, Float64}, 3}}, Vector{StaticArraysCore.SVector{3, Int64}}}, energies::Energies{Float64}, converged::Bool, occupation_threshold::Float64, ρ::Array{Float64, 4}, τ::Nothing, α::Float64, eigenvalues::Vector{Vector{Float64}}, occupation::Vector{Vector{Float64}}, εF::Float64, n_bands_converge::Int64, n_iter::Int64, n_matvec::Int64, ψ::Vector{Matrix{ComplexF64}}, diagonalization::Vector{@NamedTuple{λ::Vector{Vector{Float64}}, X::Vector{Matrix{ComplexF64}}, residual_norms::Vector{Vector{Float64}}, n_iter::Vector{Int64}, converged::Bool, n_matvec::Int64}}, stage::Symbol, history_Δρ::Vector{Float64}, history_Etot::Vector{Float64}, timedout::Bool, runtime_ns::UInt64, algorithm::String}, Model{Float64, Float64}, Float64, MonkhorstPack, var"#case#4"{Matrix{Float64}, Float64, MonkhorstPack, Vector{StaticArraysCore.SVector{3, Float64}}, Vector{ElementPsp{PspUpf{Float64, Interpolations.Extrapolation{Float64, 1, Interpolations.GriddedInterpolation{Float64, 1, Vector{Float64}, Interpolations.Gridded{Interpolations.Linear{Interpolations.Throw{Interpolations.OnGrid}}}, Tuple{Vector{Float64}}}, Interpolations.Gridded{Interpolations.Linear{Interpolations.Throw{Interpolations.OnGrid}}}, Interpolations.Throw{Nothing}}}}}, Float64, Float64, String}}, Float64}}(-3.4151886922104144e-8,-1.2413273474001241e-8)
└ @ DFTK ~/.julia/packages/DFTK/n2IL4/src/terms/xc.jl:39
┌ Warning: Negative ρcore detected: -3.343576148147951e-8
└ @ DFTK ~/.julia/packages/DFTK/n2IL4/src/terms/xc.jl:39
┌ Warning: Negative ρcore detected: -3.343576148147951e-8
└ @ DFTK ~/.julia/packages/DFTK/n2IL4/src/terms/xc.jl:39
┌ Warning: Negative ρcore detected: Dual{ForwardDiff.Tag{var"#19#21"{@NamedTuple{ham::Hamiltonian, basis::PlaneWaveBasis{Float64, Float64, DFTK.CPU, FFTGrid{Float64, Float64, Array{StaticArraysCore.SVector{3, Int64}, 3}, Array{StaticArraysCore.SVector{3, Float64}, 3}}, Vector{StaticArraysCore.SVector{3, Int64}}}, energies::Energies{Float64}, converged::Bool, occupation_threshold::Float64, ρ::Array{Float64, 4}, τ::Nothing, α::Float64, eigenvalues::Vector{Vector{Float64}}, occupation::Vector{Vector{Float64}}, εF::Float64, n_bands_converge::Int64, n_iter::Int64, n_matvec::Int64, ψ::Vector{Matrix{ComplexF64}}, diagonalization::Vector{@NamedTuple{λ::Vector{Vector{Float64}}, X::Vector{Matrix{ComplexF64}}, residual_norms::Vector{Vector{Float64}}, n_iter::Vector{Int64}, converged::Bool, n_matvec::Int64}}, stage::Symbol, history_Δρ::Vector{Float64}, history_Etot::Vector{Float64}, timedout::Bool, runtime_ns::UInt64, algorithm::String}, Model{Float64, Float64}, Float64, MonkhorstPack, var"#case#4"{Matrix{Float64}, Float64, MonkhorstPack, Vector{StaticArraysCore.SVector{3, Float64}}, Vector{ElementPsp{PspUpf{Float64, Interpolations.Extrapolation{Float64, 1, Interpolations.GriddedInterpolation{Float64, 1, Vector{Float64}, Interpolations.Gridded{Interpolations.Linear{Interpolations.Throw{Interpolations.OnGrid}}}, Tuple{Vector{Float64}}}, Interpolations.Gridded{Interpolations.Linear{Interpolations.Throw{Interpolations.OnGrid}}}, Interpolations.Throw{Nothing}}}}}, Float64, Float64, String}}, Float64}}(-3.343576148147951e-8,7.362166963351509e-8)
└ @ DFTK ~/.julia/packages/DFTK/n2IL4/src/terms/xc.jl:39
┌ Warning: Negative ρcore detected: -3.675124774786712e-8
└ @ DFTK ~/.julia/packages/DFTK/n2IL4/src/terms/xc.jl:39
┌ Warning: Negative ρcore detected: -3.675124774786712e-8
└ @ DFTK ~/.julia/packages/DFTK/n2IL4/src/terms/xc.jl:39
┌ Warning: Negative ρcore detected: Dual{ForwardDiff.Tag{var"#19#21"{@NamedTuple{ham::Hamiltonian, basis::PlaneWaveBasis{Float64, Float64, DFTK.CPU, FFTGrid{Float64, Float64, Array{StaticArraysCore.SVector{3, Int64}, 3}, Array{StaticArraysCore.SVector{3, Float64}, 3}}, Vector{StaticArraysCore.SVector{3, Int64}}}, energies::Energies{Float64}, converged::Bool, occupation_threshold::Float64, ρ::Array{Float64, 4}, τ::Nothing, α::Float64, eigenvalues::Vector{Vector{Float64}}, occupation::Vector{Vector{Float64}}, εF::Float64, n_bands_converge::Int64, n_iter::Int64, n_matvec::Int64, ψ::Vector{Matrix{ComplexF64}}, diagonalization::Vector{@NamedTuple{λ::Vector{Vector{Float64}}, X::Vector{Matrix{ComplexF64}}, residual_norms::Vector{Vector{Float64}}, n_iter::Vector{Int64}, converged::Bool, n_matvec::Int64}}, stage::Symbol, history_Δρ::Vector{Float64}, history_Etot::Vector{Float64}, timedout::Bool, runtime_ns::UInt64, algorithm::String}, Model{Float64, Float64}, Float64, MonkhorstPack, var"#case#4"{Matrix{Float64}, Float64, MonkhorstPack, Vector{StaticArraysCore.SVector{3, Float64}}, Vector{ElementPsp{PspUpf{Float64, Interpolations.Extrapolation{Float64, 1, Interpolations.GriddedInterpolation{Float64, 1, Vector{Float64}, Interpolations.Gridded{Interpolations.Linear{Interpolations.Throw{Interpolations.OnGrid}}}, Tuple{Vector{Float64}}}, Interpolations.Gridded{Interpolations.Linear{Interpolations.Throw{Interpolations.OnGrid}}}, Interpolations.Throw{Nothing}}}}}, Float64, Float64, String}}, Float64}}(-3.675124774786712e-8,-9.042045934359493e-9)
└ @ DFTK ~/.julia/packages/DFTK/n2IL4/src/terms/xc.jl:39
┌ Warning: Negative ρcore detected: -3.6999328644949565e-8
└ @ DFTK ~/.julia/packages/DFTK/n2IL4/src/terms/xc.jl:39
┌ Warning: Negative ρcore detected: -3.6999328644949565e-8
└ @ DFTK ~/.julia/packages/DFTK/n2IL4/src/terms/xc.jl:39
┌ Warning: Negative ρcore detected: Dual{ForwardDiff.Tag{var"#19#21"{@NamedTuple{ham::Hamiltonian, basis::PlaneWaveBasis{Float64, Float64, DFTK.CPU, FFTGrid{Float64, Float64, Array{StaticArraysCore.SVector{3, Int64}, 3}, Array{StaticArraysCore.SVector{3, Float64}, 3}}, Vector{StaticArraysCore.SVector{3, Int64}}}, energies::Energies{Float64}, converged::Bool, occupation_threshold::Float64, ρ::Array{Float64, 4}, τ::Nothing, α::Float64, eigenvalues::Vector{Vector{Float64}}, occupation::Vector{Vector{Float64}}, εF::Float64, n_bands_converge::Int64, n_iter::Int64, n_matvec::Int64, ψ::Vector{Matrix{ComplexF64}}, diagonalization::Vector{@NamedTuple{λ::Vector{Vector{Float64}}, X::Vector{Matrix{ComplexF64}}, residual_norms::Vector{Vector{Float64}}, n_iter::Vector{Int64}, converged::Bool, n_matvec::Int64}}, stage::Symbol, history_Δρ::Vector{Float64}, history_Etot::Vector{Float64}, timedout::Bool, runtime_ns::UInt64, algorithm::String}, Model{Float64, Float64}, Float64, MonkhorstPack, var"#case#4"{Matrix{Float64}, Float64, MonkhorstPack, Vector{StaticArraysCore.SVector{3, Float64}}, Vector{ElementPsp{PspUpf{Float64, Interpolations.Extrapolation{Float64, 1, Interpolations.GriddedInterpolation{Float64, 1, Vector{Float64}, Interpolations.Gridded{Interpolations.Linear{Interpolations.Throw{Interpolations.OnGrid}}}, Tuple{Vector{Float64}}}, Interpolations.Gridded{Interpolations.Linear{Interpolations.Throw{Interpolations.OnGrid}}}, Interpolations.Throw{Nothing}}}}}, Float64, Float64, String}}, Float64}}(-3.6999328644949565e-8,-1.7710099427886524e-7)
└ @ DFTK ~/.julia/packages/DFTK/n2IL4/src/terms/xc.jl:39
┌ Warning: Negative ρcore detected: -3.722538607613028e-8
└ @ DFTK ~/.julia/packages/DFTK/n2IL4/src/terms/xc.jl:39
┌ Warning: Negative ρcore detected: -3.722538607613028e-8
└ @ DFTK ~/.julia/packages/DFTK/n2IL4/src/terms/xc.jl:39
┌ Warning: Negative ρcore detected: Dual{ForwardDiff.Tag{var"#19#21"{@NamedTuple{ham::Hamiltonian, basis::PlaneWaveBasis{Float64, Float64, DFTK.CPU, FFTGrid{Float64, Float64, Array{StaticArraysCore.SVector{3, Int64}, 3}, Array{StaticArraysCore.SVector{3, Float64}, 3}}, Vector{StaticArraysCore.SVector{3, Int64}}}, energies::Energies{Float64}, converged::Bool, occupation_threshold::Float64, ρ::Array{Float64, 4}, τ::Nothing, α::Float64, eigenvalues::Vector{Vector{Float64}}, occupation::Vector{Vector{Float64}}, εF::Float64, n_bands_converge::Int64, n_iter::Int64, n_matvec::Int64, ψ::Vector{Matrix{ComplexF64}}, diagonalization::Vector{@NamedTuple{λ::Vector{Vector{Float64}}, X::Vector{Matrix{ComplexF64}}, residual_norms::Vector{Vector{Float64}}, n_iter::Vector{Int64}, converged::Bool, n_matvec::Int64}}, stage::Symbol, history_Δρ::Vector{Float64}, history_Etot::Vector{Float64}, timedout::Bool, runtime_ns::UInt64, algorithm::String}, Model{Float64, Float64}, Float64, MonkhorstPack, var"#case#4"{Matrix{Float64}, Float64, MonkhorstPack, Vector{StaticArraysCore.SVector{3, Float64}}, Vector{ElementPsp{PspUpf{Float64, Interpolations.Extrapolation{Float64, 1, Interpolations.GriddedInterpolation{Float64, 1, Vector{Float64}, Interpolations.Gridded{Interpolations.Linear{Interpolations.Throw{Interpolations.OnGrid}}}, Tuple{Vector{Float64}}}, Interpolations.Gridded{Interpolations.Linear{Interpolations.Throw{Interpolations.OnGrid}}}, Interpolations.Throw{Nothing}}}}}, Float64, Float64, String}}, Float64}}(-3.722538607613028e-8,-1.6998584816605546e-7)
└ @ DFTK ~/.julia/packages/DFTK/n2IL4/src/terms/xc.jl:39
┌ Warning: Negative ρcore detected: -3.722726169481155e-8
└ @ DFTK ~/.julia/packages/DFTK/n2IL4/src/terms/xc.jl:39
┌ Warning: Negative ρcore detected: -3.722726169481155e-8
└ @ DFTK ~/.julia/packages/DFTK/n2IL4/src/terms/xc.jl:39
┌ Warning: Negative ρcore detected: Dual{ForwardDiff.Tag{var"#19#21"{@NamedTuple{ham::Hamiltonian, basis::PlaneWaveBasis{Float64, Float64, DFTK.CPU, FFTGrid{Float64, Float64, Array{StaticArraysCore.SVector{3, Int64}, 3}, Array{StaticArraysCore.SVector{3, Float64}, 3}}, Vector{StaticArraysCore.SVector{3, Int64}}}, energies::Energies{Float64}, converged::Bool, occupation_threshold::Float64, ρ::Array{Float64, 4}, τ::Nothing, α::Float64, eigenvalues::Vector{Vector{Float64}}, occupation::Vector{Vector{Float64}}, εF::Float64, n_bands_converge::Int64, n_iter::Int64, n_matvec::Int64, ψ::Vector{Matrix{ComplexF64}}, diagonalization::Vector{@NamedTuple{λ::Vector{Vector{Float64}}, X::Vector{Matrix{ComplexF64}}, residual_norms::Vector{Vector{Float64}}, n_iter::Vector{Int64}, converged::Bool, n_matvec::Int64}}, stage::Symbol, history_Δρ::Vector{Float64}, history_Etot::Vector{Float64}, timedout::Bool, runtime_ns::UInt64, algorithm::String}, Model{Float64, Float64}, Float64, MonkhorstPack, var"#case#4"{Matrix{Float64}, Float64, MonkhorstPack, Vector{StaticArraysCore.SVector{3, Float64}}, Vector{ElementPsp{PspUpf{Float64, Interpolations.Extrapolation{Float64, 1, Interpolations.GriddedInterpolation{Float64, 1, Vector{Float64}, Interpolations.Gridded{Interpolations.Linear{Interpolations.Throw{Interpolations.OnGrid}}}, Tuple{Vector{Float64}}}, Interpolations.Gridded{Interpolations.Linear{Interpolations.Throw{Interpolations.OnGrid}}}, Interpolations.Throw{Nothing}}}}}, Float64, Float64, String}}, Float64}}(-3.722726169481155e-8,-1.699257690330461e-7)
└ @ DFTK ~/.julia/packages/DFTK/n2IL4/src/terms/xc.jl:39
 * Status: success

 * Candidate solution
    Final objective value:     -7.416844e+01

 * Found with
    Algorithm:     L-BFGS

 * Convergence measures
    |x - x'|               = 1.10e-05 ≰ -1.0e+00
    |x - x'|/|x'|          = 1.89e-06 ≰ 0.0e+00
    |f(x) - f(x')|         = 9.99e-12 ≤ 1.0e-08
    |f(x) - f(x')|/|f(x')| = 1.35e-13 ≰ 0.0e+00
    |g(x)|                 = 1.22e-07 ≤ 1.0e-06

 * Work counters
    Seconds run:   1207  (vs limit Inf)
    Iterations:    5
    f(x) calls:    6
    ∇f(x) calls:   6

V: 1334.625805 seconds (915.81 M allocations: 446.246 GiB, 6.55% gc time, 0.01% compilation time)
