n     Energy            log10(ΔE)   log10(Δρ)   Diag   Δtime
---   ---------------   ---------   ---------   ----   ------
  1   -8.616724525032                   -0.92    7.1    11.6s
  2   -8.619761239802       -2.52       -1.55    2.1    5.77s
  3   -8.620060557365       -3.52       -2.28    4.2    2.01s
  4   -8.620076102875       -4.81       -3.39    3.8    1.69s
  5   -8.620076289967       -6.73       -4.08    4.4    2.10s
  6   -8.620076295719       -8.24       -4.97    4.3    1.74s
  7   -8.620076295789      -10.16       -5.74    3.6    1.89s
  8   -8.620076295791      -11.59       -6.89    4.0    2.01s
  9   -8.620076295791      -13.57       -7.28    4.3    1.89s
Iter     Function value   Gradient norm 
     0    -8.620076e+00     1.804041e-02
 * time: 9.059906005859375e-6
n     Energy            log10(ΔE)   log10(Δρ)   Diag   Δtime
---   ---------------   ---------   ---------   ----   ------
  1   -8.617060219016                   -0.92    6.7    2.55s
  2   -8.620079879317       -2.52       -1.55    2.2    1.35s
  3   -8.620373478717       -3.53       -2.30    4.2    2.02s
  4   -8.620389907474       -4.78       -3.39    3.8    1.72s
  5   -8.620390073951       -6.78       -4.08    4.4    2.16s
  6   -8.620390080316       -8.20       -4.75    3.8    1.72s
  7   -8.620390080493       -9.75       -5.60    3.5    2.12s
  8   -8.620390080499      -11.27       -6.82    3.7    1.95s
  9   -8.620390080499      -13.71       -7.11    4.2    2.11s
n     Energy            log10(ΔE)   log10(Δρ)   Diag   Δtime
---   ---------------   ---------   ---------   ----   ------
  1   -8.617050705485                   -0.92    6.8    2.74s
  2   -8.620073009464       -2.52       -1.55    2.1    1.45s
  3   -8.620372985538       -3.52       -2.30    4.2    1.72s
  4   -8.620389903374       -4.77       -3.38    3.9    2.00s
  5   -8.620390073623       -6.77       -4.07    4.5    1.85s
  6   -8.620390080296       -8.18       -4.72    4.0    2.01s
  7   -8.620390080493       -9.71       -5.60    3.4    1.52s
  8   -8.620390080499      -11.26       -6.81    3.8    1.93s
  9   -8.620390080499      -13.64       -7.17    4.2    1.75s
     1    -8.620390e+00     1.675020e-02
 * time: 49.16462302207947
n     Energy            log10(ΔE)   log10(Δρ)   Diag   Δtime
---   ---------------   ---------   ---------   ----   ------
  1   -8.619373840460                   -0.95    7.0    2.67s
  2   -8.622208357753       -2.55       -1.54    1.9    1.44s
  3   -8.622494026634       -3.54       -2.35    4.3    1.84s
  4   -8.622508833424       -4.83       -3.28    3.9    2.10s
  5   -8.622509037233       -6.69       -3.99    4.5    1.92s
  6   -8.622509043424       -8.21       -4.80    3.6    1.98s
  7   -8.622509043625       -9.70       -5.40    4.4    1.92s
  8   -8.622509043632      -11.19       -6.50    3.6    1.91s
  9   -8.622509043632      -13.08       -7.61    4.0    1.82s
n     Energy            log10(ΔE)   log10(Δρ)   Diag   Δtime
---   ---------------   ---------   ---------   ----   ------
  1   -8.619367889700                   -0.95    7.1    2.71s
  2   -8.622200993114       -2.55       -1.54    2.3    1.22s
  3   -8.622494820983       -3.53       -2.34    4.2    2.13s
  4   -8.622508831109       -4.85       -3.30    3.9    2.05s
  5   -8.622509036300       -6.69       -4.00    4.5    1.89s
  6   -8.622509043463       -8.14       -4.81    3.6    1.97s
  7   -8.622509043625       -9.79       -5.39    4.3    1.77s
  8   -8.622509043632      -11.19       -6.24    3.8    1.90s
  9   -8.622509043632      -12.84       -7.61    3.9    1.71s
     2    -8.622509e+00     1.922748e-03
 * time: 97.2017719745636
n     Energy            log10(ΔE)   log10(Δρ)   Diag   Δtime
---   ---------------   ---------   ---------   ----   ------
  1   -8.619418147704                   -0.95    7.1    2.68s
  2   -8.622241208739       -2.55       -1.55    2.1    1.47s
  3   -8.622527417209       -3.54       -2.34    4.2    1.79s
  4   -8.622541638425       -4.85       -3.32    3.9    2.15s
  5   -8.622541841976       -6.69       -4.03    4.7    1.99s
  6   -8.622541848644       -8.18       -4.83    3.7    2.02s
  7   -8.622541848790       -9.84       -5.43    4.2    1.78s
  8   -8.622541848796      -11.22       -6.40    3.7    1.88s
  9   -8.622541848796      -12.99       -7.70    4.1    1.79s
n     Energy            log10(ΔE)   log10(Δρ)   Diag   Δtime
---   ---------------   ---------   ---------   ----   ------
  1   -8.619415463599                   -0.95    7.2    2.71s
  2   -8.622245131112       -2.55       -1.55    2.3    1.22s
  3   -8.622527583454       -3.55       -2.35    4.3    2.00s
  4   -8.622541658056       -4.85       -3.31    4.0    2.02s
  5   -8.622541841992       -6.74       -4.01    4.5    1.84s
  6   -8.622541848626       -8.18       -4.81    3.9    1.97s
  7   -8.622541848790       -9.79       -5.39    4.3    1.80s
  8   -8.622541848796      -11.20       -6.47    3.7    1.85s
  9   -8.622541848796      -13.03       -7.83    4.1    1.80s
     3    -8.622542e+00     2.464671e-04
 * time: 144.7799699306488
n     Energy            log10(ΔE)   log10(Δρ)   Diag   Δtime
---   ---------------   ---------   ---------   ----   ------
  1   -8.619431333021                   -0.95    7.5    2.81s
  2   -8.622250035238       -2.55       -1.55    2.5    1.54s
  3   -8.622527379055       -3.56       -2.35    4.4    1.78s
  4   -8.622542212143       -4.83       -3.30    3.8    2.02s
  5   -8.622542402510       -6.72       -4.02    4.7    1.89s
  6   -8.622542408573       -8.22       -4.80    3.8    1.99s
  7   -8.622542408726       -9.82       -5.40    4.2    1.73s
  8   -8.622542408732      -11.20       -6.47    3.7    1.87s
  9   -8.622542408732      -13.02       -7.85    4.1    1.80s
n     Energy            log10(ΔE)   log10(Δρ)   Diag   Δtime
---   ---------------   ---------   ---------   ----   ------
  1   -8.619430652146                   -0.95    7.6    2.93s
  2   -8.622245697972       -2.55       -1.55    2.4    1.29s
  3   -8.622527851474       -3.55       -2.34    4.3    2.10s
  4   -8.622542236194       -4.84       -3.32    4.1    2.11s
  5   -8.622542402333       -6.78       -4.03    4.7    1.91s
  6   -8.622542408573       -8.20       -4.82    3.8    1.99s
  7   -8.622542408725       -9.82       -5.40    4.5    1.78s
  8   -8.622542408732      -11.19       -6.47    3.8    1.86s
  9   -8.622542408732      -13.10       -7.80    4.2    1.78s
     4    -8.622542e+00     4.500740e-06
 * time: 192.94021010398865
n     Energy            log10(ΔE)   log10(Δρ)   Diag   Δtime
---   ---------------   ---------   ---------   ----   ------
  1   -8.619437612082                   -0.95    7.5    2.86s
  2   -8.622247644773       -2.55       -1.55    2.4    1.58s
  3   -8.622527665673       -3.55       -2.35    4.2    1.77s
  4   -8.622542207991       -4.84       -3.31    4.0    2.10s
  5   -8.622542402210       -6.71       -4.02    4.6    1.90s
  6   -8.622542408767       -8.18       -4.80    3.8    1.99s
  7   -8.622542408913       -9.83       -5.39    4.5    1.82s
  8   -8.622542408919      -11.19       -6.41    3.8    1.89s
  9   -8.622542408920      -13.00       -7.78    4.2    1.80s
n     Energy            log10(ΔE)   log10(Δρ)   Diag   Δtime
---   ---------------   ---------   ---------   ----   ------
  1   -8.619429806386                   -0.95    7.5    2.86s
  2   -8.622237610864       -2.55       -1.55    2.3    1.27s
  3   -8.622528694343       -3.54       -2.34    4.4    2.14s
  4   -8.622542236803       -4.87       -3.33    4.0    2.10s
  5   -8.622542401591       -6.78       -4.03    4.5    1.85s
  6   -8.622542408767       -8.14       -4.84    3.9    1.99s
  7   -8.622542408913       -9.83       -5.41    4.3    1.74s
  8   -8.622542408919      -11.23       -6.36    3.6    1.82s
  9   -8.622542408920      -12.95       -7.61    4.1    2.17s
     5    -8.622542e+00     1.066380e-08
 * time: 241.43829894065857
 * Status: success

 * Candidate solution
    Final objective value:     -8.622542e+00

 * Found with
    Algorithm:     L-BFGS

 * Convergence measures
    |x - x'|               = 8.31e-05 ≰ -1.0e+00
    |x - x'|/|x'|          = 7.81e-06 ≰ 0.0e+00
    |f(x) - f(x')|         = 1.88e-10 ≤ 1.0e-08
    |f(x) - f(x')|/|f(x')| = 2.18e-11 ≰ 0.0e+00
    |g(x)|                 = 1.07e-08 ≤ 1.0e-06

 * Work counters
    Seconds run:   241  (vs limit Inf)
    Iterations:    5
    f(x) calls:    6
    ∇f(x) calls:   6

Si: 321.129169 seconds (461.33 M allocations: 100.684 GiB, 8.39% gc time, 17.05% compilation time: <1% of which was recompilation)
n     Energy            log10(ΔE)   log10(Δρ)   Diag   Δtime
---   ---------------   ---------   ---------   ----   ------
  1   -63.16991954513                   -0.96    9.0    20.3s
  2   -63.17998012958       -2.00       -1.07    2.5    7.78s
  3   -63.18927282803       -2.03       -2.10    3.9    8.80s
  4   -63.18927238961   +   -6.36       -2.40    3.1    8.86s
  5   -63.18928480809       -4.91       -3.51    2.7    8.07s
  6   -63.18928493488       -6.90       -4.07    4.0    10.0s
  7   -63.18928495052       -7.81       -5.41    3.2    8.94s
  8   -63.18928495053      -10.80       -5.84    4.3    11.4s
  9   -63.18928495054      -11.52       -7.15    2.9    8.31s
Iter     Function value   Gradient norm 
     0    -6.318928e+01     1.054712e-02
 * time: 5.0067901611328125e-6
n     Energy            log10(ΔE)   log10(Δρ)   Diag   Δtime
---   ---------------   ---------   ---------   ----   ------
  1   -63.16997871454                   -0.96    8.9    17.7s
  2   -63.18007428145       -2.00       -1.07    2.6    7.31s
  3   -63.18938251444       -2.03       -2.09    3.8    10.6s
  4   -63.18938269010       -6.76       -2.42    3.1    9.66s
  5   -63.18939458329       -4.92       -3.53    2.7    8.19s
  6   -63.18939469393       -6.96       -4.10    4.0    10.5s
  7   -63.18939470750       -7.87       -5.47    3.4    9.21s
  8   -63.18939470751      -10.87       -5.86    4.4    11.4s
  9   -63.18939470751      -11.51       -7.23    2.8    7.94s
n     Energy            log10(ΔE)   log10(Δρ)   Diag   Δtime
---   ---------------   ---------   ---------   ----   ------
  1   -63.16998034071                   -0.96    8.9    17.7s
  2   -63.18011266931       -1.99       -1.08    2.6    7.17s
  3   -63.18938265760       -2.03       -2.09    3.7    8.83s
  4   -63.18938203991   +   -6.21       -2.40    2.9    8.56s
  5   -63.18939457214       -4.90       -3.53    2.8    8.08s
  6   -63.18939469481       -6.91       -4.12    3.9    10.0s
  7   -63.18939470750       -7.90       -5.43    3.2    9.06s
  8   -63.18939470751      -10.86       -5.89    4.4    11.6s
  9   -63.18939470751      -11.66       -7.08    2.9    8.24s
     1    -6.318939e+01     1.026606e-02
 * time: 218.10934591293335
n     Energy            log10(ΔE)   log10(Δρ)   Diag   Δtime
---   ---------------   ---------   ---------   ----   ------
  1   -63.17009390531                   -0.96    9.0    19.7s
  2   -63.17939255213       -2.03       -1.04    2.7    8.19s
  3   -63.19157853098       -1.91       -2.06    3.8    11.2s
  4   -63.19157673955   +   -5.75       -2.37    3.1    9.65s
  5   -63.19159371466       -4.77       -3.43    2.7    9.15s
  6   -63.19159392290       -6.68       -3.93    4.0    10.7s
  7   -63.19159395713       -7.47       -5.26    3.3    9.76s
  8   -63.19159395717      -10.41       -5.69    4.2    12.6s
  9   -63.19159395718      -11.24       -6.98    2.8    9.46s
 10   -63.19159395718   +  -13.55       -7.87    4.3    12.2s
n     Energy            log10(ΔE)   log10(Δρ)   Diag   Δtime
---   ---------------   ---------   ---------   ----   ------
  1   -63.17009214416                   -0.96    9.1    20.0s
  2   -63.17939913816       -2.03       -1.04    2.6    7.88s
  3   -63.19157856232       -1.91       -2.06    3.8    9.92s
  4   -63.19157696809   +   -5.80       -2.38    2.9    9.05s
  5   -63.19159371517       -4.78       -3.43    2.6    8.61s
  6   -63.19159392591       -6.68       -3.95    3.9    10.4s
  7   -63.19159395715       -7.51       -5.32    3.4    9.61s
  8   -63.19159395717      -10.57       -5.72    4.4    12.4s
  9   -63.19159395718      -11.25       -7.04    2.9    9.28s
     2    -6.319159e+01     1.641589e-03
 * time: 464.0195789337158
n     Energy            log10(ΔE)   log10(Δρ)   Diag   Δtime
---   ---------------   ---------   ---------   ----   ------
  1   -63.16972372198                   -0.96    9.1    19.9s
  2   -63.17890142750       -2.04       -1.03    2.6    7.97s
  3   -63.19164862939       -1.89       -2.05    3.8    10.0s
  4   -63.19164618141   +   -5.61       -2.35    2.9    9.13s
  5   -63.19166491315       -4.73       -3.41    2.7    8.95s
  6   -63.19166516538       -6.60       -3.91    3.7    10.7s
  7   -63.19166520442       -7.41       -5.19    3.2    9.83s
  8   -63.19166520446      -10.35       -5.68    4.2    12.2s
  9   -63.19166520447      -11.25       -6.86    3.1    9.87s
 10   -63.19166520447      -13.45       -7.91    4.1    12.0s
n     Energy            log10(ΔE)   log10(Δρ)   Diag   Δtime
---   ---------------   ---------   ---------   ----   ------
  1   -63.16972338620                   -0.96    9.1    20.0s
  2   -63.17888619733       -2.04       -1.03    2.6    7.72s
  3   -63.19164878214       -1.89       -2.05    3.8    9.82s
  4   -63.19164621588   +   -5.59       -2.36    2.9    9.08s
  5   -63.19166491418       -4.73       -3.41    2.7    8.97s
  6   -63.19166516594       -6.60       -3.91    3.9    10.8s
  7   -63.19166520442       -7.41       -5.24    3.2    9.55s
  8   -63.19166520446      -10.41       -5.68    4.3    12.1s
  9   -63.19166520447      -11.24       -6.91    3.0    9.57s
 10   -63.19166520447      -13.37       -7.92    4.2    12.1s
     3    -6.319167e+01     3.166193e-04
 * time: 721.4340460300446
n     Energy            log10(ΔE)   log10(Δρ)   Diag   Δtime
---   ---------------   ---------   ---------   ----   ------
  1   -63.16961781300                   -0.96    9.1    20.1s
  2   -63.17870163187       -2.04       -1.03    2.7    8.07s
  3   -63.19165118929       -1.89       -2.05    3.9    10.2s
  4   -63.19164889970   +   -5.64       -2.36    2.9    9.31s
  5   -63.19166778894       -4.72       -3.40    2.6    9.01s
  6   -63.19166804406       -6.59       -3.89    3.7    10.7s
  7   -63.19166808635       -7.37       -5.20    3.0    9.26s
  8   -63.19166808640      -10.27       -5.62    4.2    12.3s
  9   -63.19166808641      -11.21       -6.91    2.9    9.72s
 10   -63.19166808641      -14.15       -7.81    4.3    12.4s
n     Energy            log10(ΔE)   log10(Δρ)   Diag   Δtime
---   ---------------   ---------   ---------   ----   ------
  1   -63.16962139624                   -0.96    9.3    20.3s
  2   -63.17878167649       -2.04       -1.03    2.7    8.10s
  3   -63.19165088961       -1.89       -2.05    3.7    10.1s
  4   -63.19164890988   +   -5.70       -2.36    2.8    9.15s
  5   -63.19166779944       -4.72       -3.41    2.6    8.98s
  6   -63.19166804896       -6.60       -3.92    3.7    10.8s
  7   -63.19166808636       -7.43       -5.22    3.1    9.70s
  8   -63.19166808640      -10.42       -5.68    4.2    12.2s
  9   -63.19166808641      -11.21       -6.89    2.8    9.30s
 10   -63.19166808641      -13.19       -7.87    4.2    12.1s
     4    -6.319167e+01     1.312429e-05
 * time: 978.3107709884644
n     Energy            log10(ΔE)   log10(Δρ)   Diag   Δtime
---   ---------------   ---------   ---------   ----   ------
  1   -63.16961635616                   -0.96    8.8    19.9s
  2   -63.17875424873       -2.04       -1.03    2.7    8.02s
  3   -63.19165115206       -1.89       -2.05    3.9    10.1s
  4   -63.19164909263   +   -5.69       -2.36    2.8    9.03s
  5   -63.19166779351       -4.73       -3.41    2.6    8.90s
  6   -63.19166805162       -6.59       -3.90    3.8    10.9s
  7   -63.19166809139       -7.40       -5.27    3.0    9.56s
  8   -63.19166809142      -10.47       -5.70    4.3    12.7s
  9   -63.19166809143      -11.24       -6.89    2.9    9.50s
 10   -63.19166809143   +  -13.85       -7.87    4.1    11.9s
n     Energy            log10(ΔE)   log10(Δρ)   Diag   Δtime
---   ---------------   ---------   ---------   ----   ------
  1   -63.16961541568                   -0.96    8.8    20.1s
  2   -63.17873724183       -2.04       -1.03    2.6    8.00s
  3   -63.19165102659       -1.89       -2.05    3.9    10.2s
  4   -63.19164910777   +   -5.72       -2.36    2.9    9.40s
  5   -63.19166780176       -4.73       -3.40    2.6    8.98s
  6   -63.19166804808       -6.61       -3.88    3.8    10.9s
  7   -63.19166809138       -7.36       -5.23    3.1    9.53s
  8   -63.19166809142      -10.38       -5.65    4.2    12.2s
  9   -63.19166809143      -11.18       -6.95    2.9    9.47s
 10   -63.19166809143   +  -13.55       -7.78    4.3    12.4s
     5    -6.319167e+01     1.038308e-07
 * time: 1237.726578950882
 * Status: success

 * Candidate solution
    Final objective value:     -6.319167e+01

 * Found with
    Algorithm:     L-BFGS

 * Convergence measures
    |x - x'|               = 7.58e-04 ≰ -1.0e+00
    |x - x'|/|x'|          = 6.75e-05 ≰ 0.0e+00
    |f(x) - f(x')|         = 5.02e-09 ≤ 1.0e-08
    |f(x) - f(x')|/|f(x')| = 7.95e-11 ≰ 0.0e+00
    |g(x)|                 = 1.04e-07 ≤ 1.0e-06

 * Work counters
    Seconds run:   1238  (vs limit Inf)
    Iterations:    5
    f(x) calls:    6
    ∇f(x) calls:   6

NaCl: 1355.964987 seconds (1.39 G allocations: 388.060 GiB, 5.64% gc time, 0.25% compilation time)
n     Energy            log10(ΔE)   log10(Δρ)   Diag   Δtime
---   ---------------   ---------   ---------   ----   ------
  1   -2.339662342034                   -1.59    5.5    1.87s
  2   -2.339877864012       -3.67       -1.88    1.4    785ms
  3   -2.339981240824       -3.99       -2.84    3.9    1.52s
  4   -2.339983838339       -5.59       -3.39    4.1    1.93s
  5   -2.339983904205       -7.18       -3.95    2.9    1.20s
  6   -2.339983914435       -7.99       -4.38    3.4    1.68s
  7   -2.339983916147       -8.77       -5.10    3.3    1.33s
  8   -2.339983916186      -10.41       -5.77    3.3    1.67s
  9   -2.339983916188      -11.73       -6.26    3.3    1.35s
 10   -2.339983916188      -12.52       -6.98    3.1    1.57s
 11   -2.339983916188      -13.99       -8.10    3.6    1.41s
Iter     Function value   Gradient norm 
     0    -2.339984e+00     1.202667e-02
 * time: 4.0531158447265625e-6
n     Energy            log10(ΔE)   log10(Δρ)   Diag   Δtime
---   ---------------   ---------   ---------   ----   ------
  1   -2.339804490354                   -1.59    5.5    2.19s
  2   -2.340019897524       -3.67       -1.88    1.3    1.11s
  3   -2.340123033569       -3.99       -2.84    3.9    1.48s
  4   -2.340125568231       -5.60       -3.39    4.2    1.91s
  5   -2.340125631781       -7.20       -3.97    2.9    1.20s
  6   -2.340125641401       -8.02       -4.36    3.3    1.64s
  7   -2.340125643150       -8.76       -5.07    3.3    1.30s
  8   -2.340125643200      -10.30       -5.75    3.4    1.69s
  9   -2.340125643202      -11.65       -6.17    3.5    1.88s
 10   -2.340125643202      -12.33       -7.57    3.0    1.18s
n     Energy            log10(ΔE)   log10(Δρ)   Diag   Δtime
---   ---------------   ---------   ---------   ----   ------
  1   -2.339801831048                   -1.59    5.5    1.84s
  2   -2.340019337282       -3.66       -1.88    1.3    1.04s
  3   -2.340123032111       -3.98       -2.84    3.9    1.44s
  4   -2.340125568895       -5.60       -3.38    4.2    1.84s
  5   -2.340125631650       -7.20       -3.96    2.8    1.11s
  6   -2.340125641449       -8.01       -4.36    3.3    1.53s
  7   -2.340125643148       -8.77       -5.05    3.2    1.22s
  8   -2.340125643200      -10.29       -5.80    3.2    1.52s
  9   -2.340125643202      -11.71       -6.22    3.5    1.31s
 10   -2.340125643202      -12.41       -7.47    2.9    1.43s
     1    -2.340126e+00     1.154072e-02
 * time: 60.5129029750824
n     Energy            log10(ΔE)   log10(Δρ)   Diag   Δtime
---   ---------------   ---------   ---------   ----   ------
  1   -2.341699519060                   -1.65    5.6    1.73s
  2   -2.341885104348       -3.73       -1.93    1.3    618ms
  3   -2.341977615656       -4.03       -2.92    3.9    1.46s
  4   -2.341979938666       -5.63       -3.45    4.3    1.24s
  5   -2.341979987827       -7.31       -3.89    2.8    1.18s
  6   -2.341980001121       -7.88       -4.42    3.4    1.03s
  7   -2.341980002808       -8.77       -5.26    3.6    1.38s
  8   -2.341980002858      -10.30       -5.85    3.6    1.08s
  9   -2.341980002859      -12.11       -6.30    2.4    1.14s
 10   -2.341980002859      -12.48       -6.97    3.3    1.02s
 11   -2.341980002859      -13.72       -7.72    3.0    1.30s
n     Energy            log10(ΔE)   log10(Δρ)   Diag   Δtime
---   ---------------   ---------   ---------   ----   ------
  1   -2.341697990690                   -1.65    5.5    1.76s
  2   -2.341884445255       -3.73       -1.93    1.2    600ms
  3   -2.341977533697       -4.03       -2.91    4.0    1.49s
  4   -2.341979938221       -5.62       -3.44    4.3    1.27s
  5   -2.341979987718       -7.31       -3.89    2.8    1.19s
  6   -2.341980001108       -7.87       -4.42    3.3    1.01s
  7   -2.341980002810       -8.77       -5.26    3.6    1.41s
  8   -2.341980002858      -10.32       -5.94    3.7    1.12s
  9   -2.341980002859      -12.48       -6.27    2.3    1.17s
 10   -2.341980002859      -12.45       -7.04    3.0    958ms
     2    -2.341980e+00     2.300374e-03
 * time: 116.19078302383423
n     Energy            log10(ΔE)   log10(Δρ)   Diag   Δtime
---   ---------------   ---------   ---------   ----   ------
  1   -2.341819641611                   -1.67    5.7    1.56s
  2   -2.342001803841       -3.74       -1.94    1.3    915ms
  3   -2.342090268649       -4.05       -2.96    4.2    1.27s
  4   -2.342092137799       -5.73       -3.50    4.4    1.60s
  5   -2.342092198286       -7.22       -4.05    3.1    988ms
  6   -2.342092206793       -8.07       -4.68    3.6    1.39s
  7   -2.342092207324       -9.27       -5.36    3.5    1.07s
  8   -2.342092207338      -10.86       -6.26    3.3    1.35s
  9   -2.342092207339      -12.19       -6.44    3.9    1.20s
 10   -2.342092207339      -12.78       -6.82    3.1    1.29s
 11   -2.342092207339      -13.99       -8.02    2.6    898ms
n     Energy            log10(ΔE)   log10(Δρ)   Diag   Δtime
---   ---------------   ---------   ---------   ----   ------
  1   -2.341820620787                   -1.67    5.7    1.55s
  2   -2.342001923412       -3.74       -1.94    1.2    937ms
  3   -2.342090294828       -4.05       -2.96    4.3    1.30s
  4   -2.342092137321       -5.73       -3.49    4.4    1.57s
  5   -2.342092197898       -7.22       -4.03    3.2    999ms
  6   -2.342092206824       -8.05       -4.69    3.6    1.39s
  7   -2.342092207324       -9.30       -5.29    3.6    1.11s
  8   -2.342092207338      -10.85       -6.12    3.2    1.32s
  9   -2.342092207339      -12.02       -6.34    3.9    1.17s
 10   -2.342092207339      -12.69       -6.72    2.6    1.16s
 11   -2.342092207339      -13.76       -7.91    2.9    945ms
     3    -2.342092e+00     8.445114e-04
 * time: 174.7125859260559
n     Energy            log10(ΔE)   log10(Δρ)   Diag   Δtime
---   ---------------   ---------   ---------   ----   ------
  1   -2.341850060834                   -1.68    5.4    1.46s
  2   -2.342020774012       -3.77       -1.95    1.3    941ms
  3   -2.342108577425       -4.06       -2.96    4.1    1.25s
  4   -2.342110542936       -5.71       -3.47    4.3    1.59s
  5   -2.342110593690       -7.29       -4.13    3.1    1.01s
  6   -2.342110600532       -8.16       -4.63    3.6    1.41s
  7   -2.342110600943       -9.39       -5.21    3.3    1.05s
  8   -2.342110600967      -10.62       -6.32    3.1    1.35s
  9   -2.342110600967      -12.14       -6.66    4.0    1.25s
 10   -2.342110600968      -13.33       -7.05    2.8    1.26s
n     Energy            log10(ΔE)   log10(Δρ)   Diag   Δtime
---   ---------------   ---------   ---------   ----   ------
  1   -2.341849389404                   -1.68    5.5    1.77s
  2   -2.342020909463       -3.77       -1.95    1.3    633ms
  3   -2.342108559751       -4.06       -2.96    4.1    1.55s
  4   -2.342110543825       -5.70       -3.48    4.4    1.32s
  5   -2.342110594005       -7.30       -4.14    3.1    1.29s
  6   -2.342110600529       -8.19       -4.64    3.7    1.14s
  7   -2.342110600942       -9.38       -5.26    3.3    1.41s
  8   -2.342110600967      -10.60       -6.45    3.3    1.03s
  9   -2.342110600967      -12.45       -6.82    4.0    1.51s
 10   -2.342110600968      -13.30       -6.98    3.5    1.06s
 11   -2.342110600968      -14.40       -7.99    2.6    1.20s
     4    -2.342111e+00     5.700087e-05
 * time: 232.83522295951843
n     Energy            log10(ΔE)   log10(Δρ)   Diag   Δtime
---   ---------------   ---------   ---------   ----   ------
  1   -2.341848116739                   -1.68    5.7    1.83s
  2   -2.342021082682       -3.76       -1.95    1.4    673ms
  3   -2.342108660303       -4.06       -2.96    4.1    1.57s
  4   -2.342110631043       -5.71       -3.49    4.5    1.37s
  5   -2.342110682388       -7.29       -4.15    3.2    1.25s
  6   -2.342110688593       -8.21       -4.66    3.7    1.12s
  7   -2.342110688982       -9.41       -5.28    3.3    1.33s
  8   -2.342110689005      -10.64       -6.48    3.3    1.04s
  9   -2.342110689006      -12.49       -6.83    3.9    1.48s
 10   -2.342110689006      -13.34       -7.02    3.5    1.04s
n     Energy            log10(ΔE)   log10(Δρ)   Diag   Δtime
---   ---------------   ---------   ---------   ----   ------
  1   -2.341849752306                   -1.68    5.7    1.87s
  2   -2.342021199114       -3.77       -1.95    1.5    685ms
  3   -2.342108723398       -4.06       -2.96    4.1    1.57s
  4   -2.342110630174       -5.72       -3.48    4.5    1.33s
  5   -2.342110682465       -7.28       -4.15    3.2    1.28s
  6   -2.342110688615       -8.21       -4.66    3.7    1.11s
  7   -2.342110688984       -9.43       -5.27    3.3    1.28s
  8   -2.342110689005      -10.67       -6.43    3.4    1.01s
  9   -2.342110689006      -12.30       -6.69    4.1    1.45s
 10   -2.342110689006      -13.35       -7.06    2.9    944ms
     5    -2.342111e+00     2.004592e-06
 * time: 289.4088189601898
n     Energy            log10(ΔE)   log10(Δρ)   Diag   Δtime
---   ---------------   ---------   ---------   ----   ------
  1   -2.341849043387                   -1.68    5.7    1.86s
  2   -2.342021551025       -3.76       -1.95    1.4    671ms
  3   -2.342108723711       -4.06       -2.96    4.1    1.58s
  4   -2.342110628982       -5.72       -3.49    4.4    1.34s
  5   -2.342110682912       -7.27       -4.17    3.1    1.33s
  6   -2.342110688752       -8.23       -4.68    3.6    1.16s
  7   -2.342110689096       -9.46       -5.28    3.2    1.34s
  8   -2.342110689115      -10.72       -6.41    3.2    1.03s
  9   -2.342110689116      -12.32       -6.68    4.0    1.57s
 10   -2.342110689116      -13.36       -7.10    3.0    989ms
n     Energy            log10(ΔE)   log10(Δρ)   Diag   Δtime
---   ---------------   ---------   ---------   ----   ------
  1   -2.341848821159                   -1.68    5.6    1.81s
  2   -2.342020640673       -3.76       -1.96    1.4    648ms
  3   -2.342108704620       -4.06       -2.95    4.2    1.56s
  4   -2.342110630907       -5.72       -3.47    4.4    1.30s
  5   -2.342110681668       -7.29       -4.12    3.1    1.25s
  6   -2.342110688710       -8.15       -4.63    3.7    1.14s
  7   -2.342110689091       -9.42       -5.20    3.2    1.31s
  8   -2.342110689115      -10.61       -6.32    3.1    990ms
  9   -2.342110689116      -12.16       -6.61    4.0    1.55s
 10   -2.342110689116      -13.27       -7.04    2.6    873ms
     6    -2.342111e+00     4.550154e-09
 * time: 346.00019788742065
 * Status: success

 * Candidate solution
    Final objective value:     -2.342111e+00

 * Found with
    Algorithm:     L-BFGS

 * Convergence measures
    |x - x'|               = 1.09e-04 ≰ -1.0e+00
    |x - x'|/|x'|          = 1.35e-05 ≰ 0.0e+00
    |f(x) - f(x')|         = 1.10e-10 ≤ 1.0e-08
    |f(x) - f(x')|/|f(x')| = 4.71e-11 ≰ 0.0e+00
    |g(x)|                 = 4.55e-09 ≤ 1.0e-06

 * Work counters
    Seconds run:   346  (vs limit Inf)
    Iterations:    6
    f(x) calls:    7
    ∇f(x) calls:   7

Al: 383.266775 seconds (353.66 M allocations: 89.784 GiB, 7.64% gc time, 0.00% compilation time)
n     Energy            log10(ΔE)   log10(Δρ)   Diag   Δtime
---   ---------------   ---------   ---------   ----   ------
  1   -74.49386911322                   -1.29    9.2    9.57s
  2   -74.49424473061       -3.43       -1.48    2.8    4.25s
  3   -74.49462257303       -3.42       -2.12    6.3    6.96s
  4   -74.49463968669       -4.77       -2.79    5.5    6.28s
  5   -74.49464008433       -6.40       -3.14    4.9    5.65s
  6   -74.49464013033       -7.34       -3.44    4.3    5.16s
  7   -74.49464014466       -7.84       -3.93    4.8    5.28s
  8   -74.49464014925       -8.34       -4.21    4.9    5.58s
  9   -74.49464015005       -9.09       -4.53    5.2    5.55s
 10   -74.49464015016       -9.99       -5.26    4.4    4.96s
 11   -74.49464015018      -10.71       -5.61    5.2    5.98s
 12   -74.49464015018      -11.82       -5.93    4.2    5.09s
 13   -74.49464015018   +  -12.49       -6.42    5.3    5.79s
 14   -74.49464015018   +  -12.81       -6.87    4.6    5.30s
 15   -74.49464015018   +  -12.70       -7.52    4.7    5.44s
Iter     Function value   Gradient norm 
     0    -7.449464e+01     3.465640e-02
 * time: 4.0531158447265625e-6
n     Energy            log10(ΔE)   log10(Δρ)   Diag   Δtime
---   ---------------   ---------   ---------   ----   ------
  1   -74.49495175254                   -1.29    9.4    10.0s
  2   -74.49533600916       -3.42       -1.48    2.9    3.93s
  3   -74.49572450551       -3.41       -2.12    6.4    6.87s
  4   -74.49574128633       -4.78       -2.78    5.5    6.21s
  5   -74.49574165217       -6.44       -3.13    4.8    5.87s
  6   -74.49574170654       -7.26       -3.42    4.5    5.16s
  7   -74.49574172962       -7.64       -3.88    4.9    5.22s
  8   -74.49574173585       -8.21       -4.34    4.7    5.14s
  9   -74.49574173671       -9.06       -4.74    5.2    5.87s
 10   -74.49574173685       -9.86       -5.22    4.4    5.24s
 11   -74.49574173687      -10.65       -5.53    4.7    5.38s
 12   -74.49574173688      -11.36       -5.75    4.8    5.35s
 13   -74.49574173688      -11.74       -6.22    4.7    5.33s
 14   -74.49574173688   +    -Inf       -7.29    5.1    5.69s
n     Energy            log10(ΔE)   log10(Δρ)   Diag   Δtime
---   ---------------   ---------   ---------   ----   ------
  1   -74.49495139882                   -1.29    9.4    9.84s
  2   -74.49533816851       -3.41       -1.48    2.8    4.00s
  3   -74.49572447690       -3.41       -2.12    6.4    7.06s
  4   -74.49574128262       -4.77       -2.77    5.5    6.22s
  5   -74.49574165314       -6.43       -3.13    4.8    5.61s
  6   -74.49574170735       -7.27       -3.42    4.4    4.95s
  7   -74.49574172989       -7.65       -3.88    4.8    5.12s
  8   -74.49574173587       -8.22       -4.35    4.6    5.29s
  9   -74.49574173672       -9.07       -4.75    5.1    5.69s
 10   -74.49574173685       -9.87       -5.24    4.5    5.36s
 11   -74.49574173687      -10.71       -5.56    4.7    5.51s
 12   -74.49574173688      -11.39       -5.78    4.8    5.74s
 13   -74.49574173688      -11.81       -6.23    4.7    5.42s
 14   -74.49574173688      -13.55       -7.29    5.0    5.65s
     1    -7.449574e+01     2.896561e-02
 * time: 224.43782711029053
n     Energy            log10(ΔE)   log10(Δρ)   Diag   Δtime
---   ---------------   ---------   ---------   ----   ------
  1   -74.49779755231                   -1.29    9.8    10.1s
  2   -74.49816534036       -3.43       -1.47    3.1    4.03s
  3   -74.49854745983       -3.42       -2.06    6.7    7.23s
  4   -74.49856297887       -4.81       -2.76    5.5    6.27s
  5   -74.49856336108       -6.42       -3.13    4.8    5.68s
  6   -74.49856346851       -6.97       -3.35    5.1    5.53s
  7   -74.49856353366       -7.19       -3.68    5.0    5.39s
  8   -74.49856355395       -7.69       -4.18    5.1    5.92s
  9   -74.49856355399      -10.34       -4.28    5.0    5.60s
 10   -74.49856355555       -8.81       -4.92    4.6    5.36s
 11   -74.49856355563      -10.10       -5.31    4.9    6.04s
 12   -74.49856355563      -11.25       -5.45    3.9    4.90s
 13   -74.49856355564      -11.19       -5.81    4.3    5.49s
 14   -74.49856355564      -12.15       -6.24    4.6    5.51s
 15   -74.49856355564   +  -12.67       -6.88    4.9    5.62s
 16   -74.49856355564   +  -12.94       -7.55    5.0    5.93s
n     Energy            log10(ΔE)   log10(Δρ)   Diag   Δtime
---   ---------------   ---------   ---------   ----   ------
  1   -74.49779603408                   -1.29    9.8    10.8s
  2   -74.49816404861       -3.43       -1.47    3.1    4.13s
  3   -74.49854773089       -3.42       -2.06    6.8    7.29s
  4   -74.49856297685       -4.82       -2.75    5.5    6.33s
  5   -74.49856335646       -6.42       -3.12    4.8    5.89s
  6   -74.49856346651       -6.96       -3.35    5.0    5.76s
  7   -74.49856353351       -7.17       -3.68    5.0    5.38s
  8   -74.49856355398       -7.69       -4.19    4.9    5.48s
  9   -74.49856355403      -10.31       -4.28    4.9    5.30s
 10   -74.49856355552       -8.83       -4.88    4.4    5.09s
 11   -74.49856355563       -9.98       -5.30    4.9    5.87s
 12   -74.49856355563      -11.21       -5.47    4.1    5.17s
 13   -74.49856355564      -11.23       -5.82    4.2    5.14s
 14   -74.49856355564      -12.11       -6.29    4.6    5.56s
 15   -74.49856355564   +  -12.85       -6.79    5.0    5.73s
 16   -74.49856355564   +  -12.55       -7.60    4.9    6.19s
     2    -7.449856e+01     4.029706e-03
 * time: 477.6252632141113
n     Energy            log10(ΔE)   log10(Δρ)   Diag   Δtime
---   ---------------   ---------   ---------   ----   ------
  1   -74.49787793424                   -1.29    9.8    19.2s
  2   -74.49823966560       -3.44       -1.46    3.1    8.01s
  3   -74.49861207878       -3.43       -2.05    6.8    13.9s
  4   -74.49862829258       -4.79       -2.66    5.5    12.4s
  5   -74.49862871449       -6.37       -3.05    4.7    10.9s
  6   -74.49862893032       -6.67       -3.39    5.3    10.7s
  7   -74.49862900062       -7.15       -3.72    5.2    10.9s
  8   -74.49862901557       -7.83       -4.19    4.2    10.0s
  9   -74.49862901661       -8.98       -4.33    3.1    7.96s
 10   -74.49862901815       -8.81       -4.79    4.4    10.0s
 11   -74.49862901815      -11.91       -5.18    4.6    9.63s
 12   -74.49862901817      -10.60       -5.43    4.2    9.80s
 13   -74.49862901818      -10.95       -5.74    4.2    9.62s
 14   -74.49862901819      -11.78       -6.01    3.9    9.28s
 15   -74.49862901819      -11.97       -6.96    4.6    10.5s
 16   -74.49862901819      -12.85       -7.25    5.2    11.8s
n     Energy            log10(ΔE)   log10(Δρ)   Diag   Δtime
---   ---------------   ---------   ---------   ----   ------
  1   -74.49787711928                   -1.29    9.9    19.2s
  2   -74.49823688872       -3.44       -1.46    2.9    8.13s
  3   -74.49861234577       -3.43       -2.05    6.8    14.2s
  4   -74.49862828145       -4.80       -2.66    5.6    12.4s
  5   -74.49862870537       -6.37       -3.05    4.7    11.0s
  6   -74.49862892862       -6.65       -3.39    5.3    11.0s
  7   -74.49862899926       -7.15       -3.71    5.2    11.2s
  8   -74.49862901569       -7.78       -4.19    4.4    9.95s
  9   -74.49862901659       -9.05       -4.33    2.8    7.76s
 10   -74.49862901814       -8.81       -4.76    4.4    10.0s
 11   -74.49862901814   +  -11.85       -5.15    4.6    10.1s
 12   -74.49862901817      -10.52       -5.39    4.2    9.69s
 13   -74.49862901818      -10.89       -5.70    4.0    9.49s
 14   -74.49862901819      -11.69       -6.00    3.9    9.50s
 15   -74.49862901819      -11.90       -6.92    4.6    10.1s
 16   -74.49862901819   +  -13.85       -7.28    5.3    11.6s
     3    -7.449863e+01     5.579848e-04
 * time: 891.3171520233154
n     Energy            log10(ΔE)   log10(Δρ)   Diag   Δtime
---   ---------------   ---------   ---------   ----   ------
  1   -74.49787961102                   -1.29    9.6    19.0s
  2   -74.49823689891       -3.45       -1.46    2.8    7.63s
  3   -74.49861392800       -3.42       -2.04    6.7    13.7s
  4   -74.49862959264       -4.81       -2.66    5.3    12.0s
  5   -74.49862999625       -6.39       -3.04    4.6    10.9s
  6   -74.49863023091       -6.63       -3.39    5.2    10.8s
  7   -74.49863030894       -7.11       -3.71    5.1    10.6s
  8   -74.49863032564       -7.78       -4.18    4.4    10.0s
  9   -74.49863032659       -9.02       -4.30    2.9    7.62s
 10   -74.49863032840       -8.74       -4.77    4.4    9.79s
 11   -74.49863032839   +  -11.05       -5.11    4.7    9.86s
 12   -74.49863032843      -10.43       -5.36    4.3    9.88s
 13   -74.49863032844      -10.81       -5.68    4.1    9.64s
 14   -74.49863032844      -11.72       -5.98    3.9    9.21s
 15   -74.49863032845      -11.83       -6.95    4.6    10.5s
 16   -74.49863032845      -12.94       -7.27    5.3    11.8s
n     Energy            log10(ΔE)   log10(Δρ)   Diag   Δtime
---   ---------------   ---------   ---------   ----   ------
  1   -74.49787808154                   -1.29    9.7    18.6s
  2   -74.49823882304       -3.44       -1.46    2.8    7.64s
  3   -74.49861375314       -3.43       -2.04    6.7    13.8s
  4   -74.49862958375       -4.80       -2.66    5.3    12.0s
  5   -74.49862999742       -6.38       -3.04    4.7    11.1s
  6   -74.49863023201       -6.63       -3.38    5.2    10.8s
  7   -74.49863030843       -7.12       -3.71    5.0    10.8s
  8   -74.49863032555       -7.77       -4.17    4.4    9.65s
  9   -74.49863032664       -8.96       -4.31    2.8    7.51s
 10   -74.49863032840       -8.76       -4.77    4.4    9.69s
 11   -74.49863032839   +  -11.06       -5.11    4.8    9.95s
 12   -74.49863032843      -10.45       -5.36    4.2    9.36s
 13   -74.49863032844      -10.79       -5.68    4.1    9.45s
 14   -74.49863032844      -11.63       -5.99    4.0    9.32s
 15   -74.49863032845      -11.88       -6.93    4.7    10.4s
 16   -74.49863032845      -12.70       -7.28    5.3    11.6s
     4    -7.449863e+01     1.508729e-05
 * time: 1300.0840651988983
n     Energy            log10(ΔE)   log10(Δρ)   Diag   Δtime
---   ---------------   ---------   ---------   ----   ------
  1   -74.49788149894                   -1.29    9.4    17.7s
  2   -74.49823925391       -3.45       -1.46    2.8    7.37s
  3   -74.49861366863       -3.43       -2.04    6.6    13.3s
  4   -74.49862959130       -4.80       -2.66    5.3    11.8s
  5   -74.49862999625       -6.39       -3.04    4.7    10.8s
  6   -74.49863023269       -6.63       -3.38    5.3    10.6s
  7   -74.49863030903       -7.12       -3.71    5.1    10.4s
  8   -74.49863032648       -7.76       -4.17    4.3    9.59s
  9   -74.49863032757       -8.96       -4.31    2.8    7.44s
 10   -74.49863032934       -8.75       -4.77    4.5    9.80s
 11   -74.49863032933   +  -11.07       -5.12    4.9    9.67s
 12   -74.49863032936      -10.46       -5.36    4.3    9.08s
 13   -74.49863032938      -10.81       -5.67    4.1    9.32s
 14   -74.49863032938      -11.62       -6.00    4.1    9.06s
 15   -74.49863032938      -11.91       -6.96    4.6    9.72s
 16   -74.49863032938      -13.37       -7.29    5.4    11.4s
n     Energy            log10(ΔE)   log10(Δρ)   Diag   Δtime
---   ---------------   ---------   ---------   ----   ------
  1   -74.49788071967                   -1.29    9.5    17.9s
  2   -74.49823513112       -3.45       -1.46    2.6    7.12s
  3   -74.49861391182       -3.42       -2.04    6.7    13.0s
  4   -74.49862958103       -4.80       -2.66    5.3    11.1s
  5   -74.49862998554       -6.39       -3.04    4.6    10.2s
  6   -74.49863022832       -6.61       -3.38    5.4    10.1s
  7   -74.49863030805       -7.10       -3.70    5.1    10.1s
  8   -74.49863032633       -7.74       -4.16    4.3    9.20s
  9   -74.49863032746       -8.95       -4.31    2.9    7.29s
 10   -74.49863032933       -8.73       -4.76    4.5    9.32s
 11   -74.49863032932   +  -10.86       -5.08    4.9    9.66s
 12   -74.49863032936      -10.38       -5.33    4.3    8.99s
 13   -74.49863032938      -10.76       -5.65    4.1    9.03s
 14   -74.49863032938      -11.52       -6.02    4.2    9.12s
 15   -74.49863032938      -11.92       -6.92    4.7    10.1s
 16   -74.49863032938      -13.15       -7.34    5.3    11.1s
     5    -7.449863e+01     4.788484e-08
 * time: 1693.4151890277863
┌ Info: Threading setup: 
│   Threads.nthreads() = 1
│   n_DFTK = 1
│   n_fft = 1
└   n_blas = 1
┌ Info: 2025-05-14T11:59:56.661
│   name = "Si"
│   Ecut = 18.0
│   kgrid = MonkhorstPack([14, 14, 14])
│   p0 = ComponentVector{Float64}(a = 10.347246312603742)
│   temperature = 0.001
└   smearing = DFTK.Smearing.Gaussian()
┌ Info: 2025-05-14T12:05:18.487
│   name = "NaCl"
│   Ecut = 44.0
│   kgrid = MonkhorstPack([13, 13, 13])
│   p0 = ComponentVector{Float64}(a = 10.746130571470083)
│   temperature = 0
└   smearing = DFTK.Smearing.None()
┌ Info: 2025-05-14T12:27:54.482
│   name = "Al"
│   Ecut = 20.0
│   kgrid = MonkhorstPack([18, 18, 18])
│   p0 = ComponentVector{Float64}(a = 7.641925528121933)
│   temperature = 0.001
└   smearing = DFTK.Smearing.Gaussian()
┌ Info: 2025-05-14T12:34:17.750
│   name = "V"
│   Ecut = 42.0
│   kgrid = MonkhorstPack([20, 20, 20])
│   p0 = ComponentVector{Float64}(a = 5.699267600684394)
│   temperature = 0.001
└   smearing = DFTK.Smearing.Gaussian()
┌ Warning: Negative ρcore detected: -3.4151886922104144e-8
└ @ DFTK ~/.julia/packages/DFTK/n2IL4/src/terms/xc.jl:39
┌ Warning: Negative ρcore detected: Dual{ForwardDiff.Tag{var"#19#21"{@NamedTuple{ham::Hamiltonian, basis::PlaneWaveBasis{Float64, Float64, DFTK.CPU, FFTGrid{Float64, Float64, Array{StaticArraysCore.SVector{3, Int64}, 3}, Array{StaticArraysCore.SVector{3, Float64}, 3}}, Vector{StaticArraysCore.SVector{3, Int64}}}, energies::Energies{Float64}, converged::Bool, occupation_threshold::Float64, ρ::Array{Float64, 4}, τ::Nothing, α::Float64, eigenvalues::Vector{Vector{Float64}}, occupation::Vector{Vector{Float64}}, εF::Float64, n_bands_converge::Int64, n_iter::Int64, n_matvec::Int64, ψ::Vector{Matrix{ComplexF64}}, diagonalization::Vector{@NamedTuple{λ::Vector{Vector{Float64}}, X::Vector{Matrix{ComplexF64}}, residual_norms::Vector{Vector{Float64}}, n_iter::Vector{Int64}, converged::Bool, n_matvec::Int64}}, stage::Symbol, history_Δρ::Vector{Float64}, history_Etot::Vector{Float64}, timedout::Bool, runtime_ns::UInt64, algorithm::String}, Model{Float64, Float64}, Float64, MonkhorstPack, var"#case#4"{Matrix{Float64}, Float64, MonkhorstPack, Vector{StaticArraysCore.SVector{3, Float64}}, Vector{ElementPsp{PspUpf{Float64, Interpolations.Extrapolation{Float64, 1, Interpolations.GriddedInterpolation{Float64, 1, Vector{Float64}, Interpolations.Gridded{Interpolations.Linear{Interpolations.Throw{Interpolations.OnGrid}}}, Tuple{Vector{Float64}}}, Interpolations.Gridded{Interpolations.Linear{Interpolations.Throw{Interpolations.OnGrid}}}, Interpolations.Throw{Nothing}}}}}, Float64, Float64, String}}, Float64}}(-3.4151886922104144e-8,-1.2413273474001241e-8)
└ @ DFTK ~/.julia/packages/DFTK/n2IL4/src/terms/xc.jl:39
┌ Warning: Negative ρcore detected: -3.228597198179009e-8
└ @ DFTK ~/.julia/packages/DFTK/n2IL4/src/terms/xc.jl:39
┌ Warning: Negative ρcore detected: -3.228597198179009e-8
└ @ DFTK ~/.julia/packages/DFTK/n2IL4/src/terms/xc.jl:39
┌ Warning: Negative ρcore detected: Dual{ForwardDiff.Tag{var"#19#21"{@NamedTuple{ham::Hamiltonian, basis::PlaneWaveBasis{Float64, Float64, DFTK.CPU, FFTGrid{Float64, Float64, Array{StaticArraysCore.SVector{3, Int64}, 3}, Array{StaticArraysCore.SVector{3, Float64}, 3}}, Vector{StaticArraysCore.SVector{3, Int64}}}, energies::Energies{Float64}, converged::Bool, occupation_threshold::Float64, ρ::Array{Float64, 4}, τ::Nothing, α::Float64, eigenvalues::Vector{Vector{Float64}}, occupation::Vector{Vector{Float64}}, εF::Float64, n_bands_converge::Int64, n_iter::Int64, n_matvec::Int64, ψ::Vector{Matrix{ComplexF64}}, diagonalization::Vector{@NamedTuple{λ::Vector{Vector{Float64}}, X::Vector{Matrix{ComplexF64}}, residual_norms::Vector{Vector{Float64}}, n_iter::Vector{Int64}, converged::Bool, n_matvec::Int64}}, stage::Symbol, history_Δρ::Vector{Float64}, history_Etot::Vector{Float64}, timedout::Bool, runtime_ns::UInt64, algorithm::String}, Model{Float64, Float64}, Float64, MonkhorstPack, var"#case#4"{Matrix{Float64}, Float64, MonkhorstPack, Vector{StaticArraysCore.SVector{3, Float64}}, Vector{ElementPsp{PspUpf{Float64, Interpolations.Extrapolation{Float64, 1, Interpolations.GriddedInterpolation{Float64, 1, Vector{Float64}, Interpolations.Gridded{Interpolations.Linear{Interpolations.Throw{Interpolations.OnGrid}}}, Tuple{Vector{Float64}}}, Interpolations.Gridded{Interpolations.Linear{Interpolations.Throw{Interpolations.OnGrid}}}, Interpolations.Throw{Nothing}}}}}, Float64, Float64, String}}, Float64}}(-3.228597198179009e-8,1.1386492320703226e-7)
└ @ DFTK ~/.julia/packages/DFTK/n2IL4/src/terms/xc.jl:39
┌ Warning: Negative ρcore detected: -3.899176795483446e-8
└ @ DFTK ~/.julia/packages/DFTK/n2IL4/src/terms/xc.jl:39
┌ Warning: Negative ρcore detected: -3.899176795483446e-8
└ @ DFTK ~/.julia/packages/DFTK/n2IL4/src/terms/xc.jl:39
┌ Warning: Negative ρcore detected: Dual{ForwardDiff.Tag{var"#19#21"{@NamedTuple{ham::Hamiltonian, basis::PlaneWaveBasis{Float64, Float64, DFTK.CPU, FFTGrid{Float64, Float64, Array{StaticArraysCore.SVector{3, Int64}, 3}, Array{StaticArraysCore.SVector{3, Float64}, 3}}, Vector{StaticArraysCore.SVector{3, Int64}}}, energies::Energies{Float64}, converged::Bool, occupation_threshold::Float64, ρ::Array{Float64, 4}, τ::Nothing, α::Float64, eigenvalues::Vector{Vector{Float64}}, occupation::Vector{Vector{Float64}}, εF::Float64, n_bands_converge::Int64, n_iter::Int64, n_matvec::Int64, ψ::Vector{Matrix{ComplexF64}}, diagonalization::Vector{@NamedTuple{λ::Vector{Vector{Float64}}, X::Vector{Matrix{ComplexF64}}, residual_norms::Vector{Vector{Float64}}, n_iter::Vector{Int64}, converged::Bool, n_matvec::Int64}}, stage::Symbol, history_Δρ::Vector{Float64}, history_Etot::Vector{Float64}, timedout::Bool, runtime_ns::UInt64, algorithm::String}, Model{Float64, Float64}, Float64, MonkhorstPack, var"#case#4"{Matrix{Float64}, Float64, MonkhorstPack, Vector{StaticArraysCore.SVector{3, Float64}}, Vector{ElementPsp{PspUpf{Float64, Interpolations.Extrapolation{Float64, 1, Interpolations.GriddedInterpolation{Float64, 1, Vector{Float64}, Interpolations.Gridded{Interpolations.Linear{Interpolations.Throw{Interpolations.OnGrid}}}, Tuple{Vector{Float64}}}, Interpolations.Gridded{Interpolations.Linear{Interpolations.Throw{Interpolations.OnGrid}}}, Interpolations.Throw{Nothing}}}}}, Float64, Float64, String}}, Float64}}(-3.899176795483446e-8,9.165794894803119e-8)
└ @ DFTK ~/.julia/packages/DFTK/n2IL4/src/terms/xc.jl:39
┌ Warning: Negative ρcore detected: -2.533656485995959e-8
└ @ DFTK ~/.julia/packages/DFTK/n2IL4/src/terms/xc.jl:39
┌ Warning: Negative ρcore detected: -2.533656485995959e-8
└ @ DFTK ~/.julia/packages/DFTK/n2IL4/src/terms/xc.jl:39
┌ Warning: Eigensolver not converged
│   n_iter =
│    256-element Vector{Int64}:
│     1
│     5
│     6
│     2
│     ⋮
│     6
│     5
│     3
└ @ DFTK ~/.julia/packages/DFTK/n2IL4/src/scf/self_consistent_field.jl:76
┌ Warning: Negative ρcore detected: Dual{ForwardDiff.Tag{var"#19#21"{@NamedTuple{ham::Hamiltonian, basis::PlaneWaveBasis{Float64, Float64, DFTK.CPU, FFTGrid{Float64, Float64, Array{StaticArraysCore.SVector{3, Int64}, 3}, Array{StaticArraysCore.SVector{3, Float64}, 3}}, Vector{StaticArraysCore.SVector{3, Int64}}}, energies::Energies{Float64}, converged::Bool, occupation_threshold::Float64, ρ::Array{Float64, 4}, τ::Nothing, α::Float64, eigenvalues::Vector{Vector{Float64}}, occupation::Vector{Vector{Float64}}, εF::Float64, n_bands_converge::Int64, n_iter::Int64, n_matvec::Int64, ψ::Vector{Matrix{ComplexF64}}, diagonalization::Vector{@NamedTuple{λ::Vector{Vector{Float64}}, X::Vector{Matrix{ComplexF64}}, residual_norms::Vector{Vector{Float64}}, n_iter::Vector{Int64}, converged::Bool, n_matvec::Int64}}, stage::Symbol, history_Δρ::Vector{Float64}, history_Etot::Vector{Float64}, timedout::Bool, runtime_ns::UInt64, algorithm::String}, Model{Float64, Float64}, Float64, MonkhorstPack, var"#case#4"{Matrix{Float64}, Float64, MonkhorstPack, Vector{StaticArraysCore.SVector{3, Float64}}, Vector{ElementPsp{PspUpf{Float64, Interpolations.Extrapolation{Float64, 1, Interpolations.GriddedInterpolation{Float64, 1, Vector{Float64}, Interpolations.Gridded{Interpolations.Linear{Interpolations.Throw{Interpolations.OnGrid}}}, Tuple{Vector{Float64}}}, Interpolations.Gridded{Interpolations.Linear{Interpolations.Throw{Interpolations.OnGrid}}}, Interpolations.Throw{Nothing}}}}}, Float64, Float64, String}}, Float64}}(-2.533656485995959e-8,-1.0582509387281788e-7)
└ @ DFTK ~/.julia/packages/DFTK/n2IL4/src/terms/xc.jl:39
┌ Warning: Negative ρcore detected: -2.577991223916741e-8
└ @ DFTK ~/.julia/packages/DFTK/n2IL4/src/terms/xc.jl:39
┌ Warning: Eigensolver not converged
│   n_iter =
│    256-element Vector{Int64}:
│     2
│     3
│     1
│     4
│     ⋮
│     5
│     2
│     3
└ @ DFTK ~/.julia/packages/DFTK/n2IL4/src/scf/self_consistent_field.jl:76
┌ Warning: Negative ρcore detected: -2.577991223916741e-8
└ @ DFTK ~/.julia/packages/DFTK/n2IL4/src/terms/xc.jl:39
┌ Warning: Negative ρcore detected: Dual{ForwardDiff.Tag{var"#19#21"{@NamedTuple{ham::Hamiltonian, basis::PlaneWaveBasis{Float64, Float64, DFTK.CPU, FFTGrid{Float64, Float64, Array{StaticArraysCore.SVector{3, Int64}, 3}, Array{StaticArraysCore.SVector{3, Float64}, 3}}, Vector{StaticArraysCore.SVector{3, Int64}}}, energies::Energies{Float64}, converged::Bool, occupation_threshold::Float64, ρ::Array{Float64, 4}, τ::Nothing, α::Float64, eigenvalues::Vector{Vector{Float64}}, occupation::Vector{Vector{Float64}}, εF::Float64, n_bands_converge::Int64, n_iter::Int64, n_matvec::Int64, ψ::Vector{Matrix{ComplexF64}}, diagonalization::Vector{@NamedTuple{λ::Vector{Vector{Float64}}, X::Vector{Matrix{ComplexF64}}, residual_norms::Vector{Vector{Float64}}, n_iter::Vector{Int64}, converged::Bool, n_matvec::Int64}}, stage::Symbol, history_Δρ::Vector{Float64}, history_Etot::Vector{Float64}, timedout::Bool, runtime_ns::UInt64, algorithm::String}, Model{Float64, Float64}, Float64, MonkhorstPack, var"#case#4"{Matrix{Float64}, Float64, MonkhorstPack, Vector{StaticArraysCore.SVector{3, Float64}}, Vector{ElementPsp{PspUpf{Float64, Interpolations.Extrapolation{Float64, 1, Interpolations.GriddedInterpolation{Float64, 1, Vector{Float64}, Interpolations.Gridded{Interpolations.Linear{Interpolations.Throw{Interpolations.OnGrid}}}, Tuple{Vector{Float64}}}, Interpolations.Gridded{Interpolations.Linear{Interpolations.Throw{Interpolations.OnGrid}}}, Interpolations.Throw{Nothing}}}}}, Float64, Float64, String}}, Float64}}(-2.577991223916741e-8,-8.779983556955539e-8)
└ @ DFTK ~/.julia/packages/DFTK/n2IL4/src/terms/xc.jl:39
┌ Warning: Negative ρcore detected: -2.579106005175336e-8
└ @ DFTK ~/.julia/packages/DFTK/n2IL4/src/terms/xc.jl:39
┌ Warning: Eigensolver not converged
│   n_iter =
│    256-element Vector{Int64}:
│     2
│     3
│     3
│     4
│     ⋮
│     4
│     4
│     3
└ @ DFTK ~/.julia/packages/DFTK/n2IL4/src/scf/self_consistent_field.jl:76
┌ Warning: Negative ρcore detected: -2.579106005175336e-8
└ @ DFTK ~/.julia/packages/DFTK/n2IL4/src/terms/xc.jl:39
┌ Warning: Negative ρcore detected: Dual{ForwardDiff.Tag{var"#19#21"{@NamedTuple{ham::Hamiltonian, basis::PlaneWaveBasis{Float64, Float64, DFTK.CPU, FFTGrid{Float64, Float64, Array{StaticArraysCore.SVector{3, Int64}, 3}, Array{StaticArraysCore.SVector{3, Float64}, 3}}, Vector{StaticArraysCore.SVector{3, Int64}}}, energies::Energies{Float64}, converged::Bool, occupation_threshold::Float64, ρ::Array{Float64, 4}, τ::Nothing, α::Float64, eigenvalues::Vector{Vector{Float64}}, occupation::Vector{Vector{Float64}}, εF::Float64, n_bands_converge::Int64, n_iter::Int64, n_matvec::Int64, ψ::Vector{Matrix{ComplexF64}}, diagonalization::Vector{@NamedTuple{λ::Vector{Vector{Float64}}, X::Vector{Matrix{ComplexF64}}, residual_norms::Vector{Vector{Float64}}, n_iter::Vector{Int64}, converged::Bool, n_matvec::Int64}}, stage::Symbol, history_Δρ::Vector{Float64}, history_Etot::Vector{Float64}, timedout::Bool, runtime_ns::UInt64, algorithm::String}, Model{Float64, Float64}, Float64, MonkhorstPack, var"#case#4"{Matrix{Float64}, Float64, MonkhorstPack, Vector{StaticArraysCore.SVector{3, Float64}}, Vector{ElementPsp{PspUpf{Float64, Interpolations.Extrapolation{Float64, 1, Interpolations.GriddedInterpolation{Float64, 1, Vector{Float64}, Interpolations.Gridded{Interpolations.Linear{Interpolations.Throw{Interpolations.OnGrid}}}, Tuple{Vector{Float64}}}, Interpolations.Gridded{Interpolations.Linear{Interpolations.Throw{Interpolations.OnGrid}}}, Interpolations.Throw{Nothing}}}}}, Float64, Float64, String}}, Float64}}(-2.579106005175336e-8,-8.730677698589799e-8)
└ @ DFTK ~/.julia/packages/DFTK/n2IL4/src/terms/xc.jl:39
 * Status: success

 * Candidate solution
    Final objective value:     -7.449863e+01

 * Found with
    Algorithm:     L-BFGS

 * Convergence measures
    |x - x'|               = 1.27e-04 ≰ -1.0e+00
    |x - x'|/|x'|          = 2.14e-05 ≰ 0.0e+00
    |f(x) - f(x')|         = 9.38e-10 ≤ 1.0e-08
    |f(x) - f(x')|/|f(x')| = 1.26e-11 ≰ 0.0e+00
    |g(x)|                 = 4.79e-08 ≤ 1.0e-06

 * Work counters
    Seconds run:   1693  (vs limit Inf)
    Iterations:    5
    f(x) calls:    6
    ∇f(x) calls:   6

V: 1823.819224 seconds (1.03 G allocations: 487.523 GiB, 5.11% gc time, 0.01% compilation time)
