n     Energy            log10(ΔE)   log10(Δρ)   Diag   Δtime
---   ---------------   ---------   ---------   ----   ------
  1   -8.748090593094                   -0.89    7.0    11.4s
  2   -8.756842936144       -2.06       -1.46    3.1    5.27s
  3   -8.758185827771       -2.87       -1.91    4.2    2.13s
  4   -8.758300775313       -3.94       -3.00    3.8    1.72s
  5   -8.758303529476       -5.56       -3.31    4.2    2.17s
  6   -8.758303743622       -6.67       -3.79    3.9    2.04s
  7   -8.758303762829       -7.72       -4.45    3.9    1.61s
  8   -8.758303764004       -8.93       -5.32    3.8    1.95s
  9   -8.758303764041      -10.43       -5.64    4.4    2.00s
 10   -8.758303764045      -11.38       -6.37    3.5    1.35s
 11   -8.758303764045      -12.69       -7.21    4.2    1.86s
Iter     Function value   Gradient norm 
     0    -8.758304e+00     2.557753e-02
 * time: 9.059906005859375e-6
n     Energy            log10(ΔE)   log10(Δρ)   Diag   Δtime
---   ---------------   ---------   ---------   ----   ------
  1   -8.748750079976                   -0.89    7.0    2.72s
  2   -8.757337588490       -2.07       -1.40    2.8    1.66s
  3   -8.758824731761       -2.83       -1.94    4.2    1.83s
  4   -8.758931703574       -3.97       -3.16    3.9    2.00s
  5   -8.758933819133       -5.67       -3.54    4.5    1.88s
  6   -8.758933941288       -6.91       -4.37    3.9    1.88s
  7   -8.758933944932       -8.44       -4.84    4.4    1.84s
  8   -8.758933945078       -9.84       -5.08    4.5    1.98s
  9   -8.758933945111      -10.48       -5.70    3.0    1.32s
 10   -8.758933945115      -11.44       -6.70    4.1    2.00s
 11   -8.758933945115      -13.12       -7.65    3.9    1.76s
n     Energy            log10(ΔE)   log10(Δρ)   Diag   Δtime
---   ---------------   ---------   ---------   ----   ------
  1   -8.748759791442                   -0.89    7.1    2.71s
  2   -8.757337941182       -2.07       -1.40    2.6    1.30s
  3   -8.758824425821       -2.83       -1.94    4.2    2.05s
  4   -8.758931659160       -3.97       -3.15    3.8    1.60s
  5   -8.758933816131       -5.67       -3.54    4.5    2.15s
  6   -8.758933941256       -6.90       -4.35    3.9    1.61s
  7   -8.758933944897       -8.44       -4.79    4.4    2.00s
  8   -8.758933945070       -9.76       -5.04    4.4    1.63s
  9   -8.758933945109      -10.41       -5.61    2.7    1.49s
 10   -8.758933945115      -11.28       -6.83    4.1    1.66s
 11   -8.758933945115      -13.10       -7.67    4.4    2.17s
     1    -8.758934e+00     2.370643e-02
 * time: 54.71247601509094
n     Energy            log10(ΔE)   log10(Δρ)   Diag   Δtime
---   ---------------   ---------   ---------   ----   ------
  1   -8.753614784080                   -0.93    7.0    2.63s
  2   -8.761750228684       -2.09       -1.48    2.7    1.28s
  3   -8.763078218779       -2.88       -1.87    4.0    2.13s
  4   -8.763201195621       -3.91       -2.77    3.6    1.91s
  5   -8.763205681880       -5.35       -3.13    4.0    1.78s
  6   -8.763206000432       -6.50       -4.26    3.9    1.87s
  7   -8.763206016891       -7.78       -4.21    4.5    1.98s
  8   -8.763206019085       -8.66       -5.31    3.4    1.73s
  9   -8.763206019221       -9.87       -5.50    4.3    1.91s
 10   -8.763206019229      -11.12       -6.17    3.4    1.70s
 11   -8.763206019230      -12.12       -7.32    4.2    1.75s
n     Energy            log10(ΔE)   log10(Δρ)   Diag   Δtime
---   ---------------   ---------   ---------   ----   ------
  1   -8.753607443895                   -0.93    7.0    2.64s
  2   -8.761754657656       -2.09       -1.48    2.8    1.26s
  3   -8.763078123470       -2.88       -1.87    4.0    2.18s
  4   -8.763200721393       -3.91       -2.77    3.9    1.95s
  5   -8.763205679756       -5.30       -3.12    4.0    1.79s
  6   -8.763205999444       -6.50       -4.33    3.7    1.85s
  7   -8.763206016592       -7.77       -4.18    4.5    1.99s
  8   -8.763206019106       -8.60       -5.33    3.7    1.87s
  9   -8.763206019221       -9.94       -5.50    4.1    1.88s
 10   -8.763206019229      -11.07       -6.84    3.7    1.86s
 11   -8.763206019230      -12.54       -7.31    5.1    2.10s
     2    -8.763206e+00     3.782675e-03
 * time: 109.7052710056305
n     Energy            log10(ΔE)   log10(Δρ)   Diag   Δtime
---   ---------------   ---------   ---------   ----   ------
  1   -8.753870586989                   -0.94    7.1    2.78s
  2   -8.761920114128       -2.09       -1.48    3.0    1.65s
  3   -8.763229130448       -2.88       -1.91    4.1    1.85s
  4   -8.763340432467       -3.95       -2.87    3.7    2.02s
  5   -8.763343398629       -5.53       -3.25    4.0    1.84s
  6   -8.763343609366       -6.68       -4.20    4.1    1.92s
  7   -8.763343621062       -7.93       -4.35    4.4    1.89s
  8   -8.763343622456       -8.86       -5.60    3.6    1.73s
  9   -8.763343622521      -10.18       -5.43    5.0    2.11s
 10   -8.763343622533      -10.93       -6.01    3.7    1.79s
 11   -8.763343622534      -11.93       -7.08    3.7    1.63s
n     Energy            log10(ΔE)   log10(Δρ)   Diag   Δtime
---   ---------------   ---------   ---------   ----   ------
  1   -8.753879851711                   -0.94    7.1    2.72s
  2   -8.761948708561       -2.09       -1.48    3.0    1.37s
  3   -8.763230141440       -2.89       -1.92    4.1    2.45s
  4   -8.763340936314       -3.96       -2.90    3.6    2.05s
  5   -8.763343431866       -5.60       -3.28    4.0    1.87s
  6   -8.763343611260       -6.75       -4.15    4.1    1.97s
  7   -8.763343621379       -7.99       -4.41    4.4    1.87s
  8   -8.763343622483       -8.96       -5.59    3.6    1.83s
  9   -8.763343622525      -10.37       -5.51    4.8    2.12s
 10   -8.763343622534      -11.06       -6.35    3.7    1.81s
 11   -8.763343622534      -12.38       -7.40    4.3    2.21s
     3    -8.763344e+00     7.261386e-04
 * time: 166.0258800983429
n     Energy            log10(ΔE)   log10(Δρ)   Diag   Δtime
---   ---------------   ---------   ---------   ----   ------
  1   -8.753865604778                   -0.94    7.2    2.73s
  2   -8.761928754595       -2.09       -1.48    2.8    1.34s
  3   -8.763238034343       -2.88       -1.92    4.1    2.12s
  4   -8.763346234340       -3.97       -2.90    3.8    1.72s
  5   -8.763348950449       -5.57       -3.29    4.0    2.11s
  6   -8.763349132574       -6.74       -4.31    3.9    1.87s
  7   -8.763349141762       -8.04       -4.38    4.4    1.92s
  8   -8.763349142982       -8.91       -5.59    3.5    1.73s
  9   -8.763349143042      -10.22       -5.45    4.8    2.07s
 10   -8.763349143053      -10.96       -6.01    3.6    1.74s
 11   -8.763349143054      -11.93       -6.94    3.6    1.62s
 12   -8.763349143054      -13.67       -7.92    4.2    2.18s
n     Energy            log10(ΔE)   log10(Δρ)   Diag   Δtime
---   ---------------   ---------   ---------   ----   ------
  1   -8.753863942180                   -0.94    7.2    2.85s
  2   -8.761942488570       -2.09       -1.48    2.9    1.69s
  3   -8.763238206826       -2.89       -1.93    4.1    1.88s
  4   -8.763346164293       -3.97       -2.92    3.8    2.06s
  5   -8.763348959814       -5.55       -3.30    4.1    1.92s
  6   -8.763349132687       -6.76       -4.31    4.0    2.04s
  7   -8.763349141817       -8.04       -4.39    4.4    2.27s
  8   -8.763349142988       -8.93       -5.58    3.4    1.46s
  9   -8.763349143043      -10.27       -5.47    4.7    2.44s
 10   -8.763349143053      -10.98       -6.11    3.8    1.53s
 11   -8.763349143054      -12.08       -7.03    4.0    2.09s
     4    -8.763349e+00     3.122424e-05
 * time: 225.13524317741394
n     Energy            log10(ΔE)   log10(Δρ)   Diag   Δtime
---   ---------------   ---------   ---------   ----   ------
  1   -8.753885563927                   -0.94    7.2    2.88s
  2   -8.761921546865       -2.09       -1.48    2.8    1.66s
  3   -8.763238095261       -2.88       -1.92    4.3    1.92s
  4   -8.763346295558       -3.97       -2.90    4.0    2.08s
  5   -8.763348961200       -5.57       -3.29    4.2    1.92s
  6   -8.763349142878       -6.74       -4.29    4.0    1.91s
  7   -8.763349152091       -8.04       -4.37    4.6    2.02s
  8   -8.763349153315       -8.91       -5.60    3.6    1.77s
  9   -8.763349153375      -10.23       -5.45    5.0    2.15s
 10   -8.763349153386      -10.96       -6.06    3.8    1.82s
 11   -8.763349153387      -12.02       -7.07    3.8    1.68s
n     Energy            log10(ΔE)   log10(Δρ)   Diag   Δtime
---   ---------------   ---------   ---------   ----   ------
  1   -8.753890109276                   -0.94    7.3    2.89s
  2   -8.761956760466       -2.09       -1.48    2.9    1.44s
  3   -8.763239831967       -2.89       -1.93    4.1    2.17s
  4   -8.763346264346       -3.97       -2.93    3.8    2.04s
  5   -8.763348980048       -5.57       -3.31    4.3    1.92s
  6   -8.763349144210       -6.78       -4.36    3.9    2.00s
  7   -8.763349152312       -8.09       -4.41    4.5    2.01s
  8   -8.763349153319       -9.00       -5.61    3.4    1.77s
  9   -8.763349153377      -10.24       -5.48    4.9    2.14s
 10   -8.763349153386      -11.04       -6.03    3.7    1.83s
 11   -8.763349153387      -11.97       -6.91    3.7    1.66s
 12   -8.763349153387      -13.55       -7.92    4.0    2.12s
     5    -8.763349e+00     2.608091e-07
 * time: 283.92579221725464
 * Status: success

 * Candidate solution
    Final objective value:     -8.763349e+00

 * Found with
    Algorithm:     L-BFGS

 * Convergence measures
    |x - x'|               = 6.57e-04 ≰ -1.0e+00
    |x - x'|/|x'|          = 6.10e-05 ≰ 0.0e+00
    |f(x) - f(x')|         = 1.03e-08 ≰ 1.0e-08
    |f(x) - f(x')|/|f(x')| = 1.18e-09 ≰ 0.0e+00
    |g(x)|                 = 2.61e-07 ≤ 1.0e-06

 * Work counters
    Seconds run:   284  (vs limit Inf)
    Iterations:    5
    f(x) calls:    6
    ∇f(x) calls:   6

Si: 363.962685 seconds (525.18 M allocations: 119.427 GiB, 9.22% gc time, 14.16% compilation time: <1% of which was recompilation)
n     Energy            log10(ΔE)   log10(Δρ)   Diag   Δtime
---   ---------------   ---------   ---------   ----   ------
  1   -63.80175588183                   -0.91    9.4    21.3s
  2   -63.81083278783       -2.04       -1.02    2.6    8.25s
  3   -63.82509474957       -1.85       -2.12    4.2    10.0s
  4   -63.82515533026       -4.22       -2.32    3.4    9.50s
  5   -63.82517559954       -4.69       -3.46    2.5    7.72s
  6   -63.82517582718       -6.64       -3.77    4.1    11.3s
  7   -63.82517591334       -7.06       -4.70    2.9    7.81s
  8   -63.82517591400       -9.18       -5.14    4.0    10.5s
  9   -63.82517591402      -10.73       -6.24    2.8    8.23s
 10   -63.82517591402      -12.04       -6.54    4.1    11.6s
 11   -63.82517591402   +    -Inf       -8.06    2.7    7.95s
Iter     Function value   Gradient norm 
     0    -6.382518e+01     7.133807e-03
 * time: 6.198883056640625e-6
n     Energy            log10(ΔE)   log10(Δρ)   Diag   Δtime
---   ---------------   ---------   ---------   ----   ------
  1   -63.80178795870                   -0.91    9.3    19.2s
  2   -63.81084634966       -2.04       -1.02    2.5    7.63s
  3   -63.82514557724       -1.84       -2.12    4.2    9.45s
  4   -63.82520562604       -4.22       -2.32    3.3    9.66s
  5   -63.82522582780       -4.69       -3.47    2.7    8.02s
  6   -63.82522604106       -6.67       -3.79    4.1    10.5s
  7   -63.82522612278       -7.09       -4.73    3.0    8.32s
  8   -63.82522612338       -9.23       -5.15    4.1    10.5s
  9   -63.82522612339      -10.76       -6.27    3.0    8.58s
 10   -63.82522612339      -12.03       -6.58    4.2    11.2s
 11   -63.82522612339      -13.85       -7.85    2.7    8.14s
n     Energy            log10(ΔE)   log10(Δρ)   Diag   Δtime
---   ---------------   ---------   ---------   ----   ------
  1   -63.80178723287                   -0.91    9.4    18.9s
  2   -63.81088877803       -2.04       -1.02    2.5    7.36s
  3   -63.82514581443       -1.85       -2.12    4.2    9.59s
  4   -63.82520534562       -4.23       -2.32    3.3    9.63s
  5   -63.82522582513       -4.69       -3.47    2.4    7.65s
  6   -63.82522603940       -6.67       -3.79    4.1    10.6s
  7   -63.82522612284       -7.08       -4.77    2.9    8.10s
  8   -63.82522612337       -9.28       -5.12    4.1    10.8s
  9   -63.82522612339      -10.66       -6.27    2.7    7.99s
 10   -63.82522612339      -12.08       -6.51    4.1    11.4s
 11   -63.82522612339   +  -13.45       -7.31    2.5    7.85s
     1    -6.382523e+01     6.942842e-03
 * time: 255.90660500526428
n     Energy            log10(ΔE)   log10(Δρ)   Diag   Δtime
---   ---------------   ---------   ---------   ----   ------
  1   -63.80183741421                   -0.92    9.3    20.8s
  2   -63.80967941854       -2.11       -1.00    2.5    8.01s
  3   -63.82612223381       -1.78       -2.11    4.2    10.7s
  4   -63.82618433070       -4.21       -2.30    3.4    10.3s
  5   -63.82620837895       -4.62       -3.43    2.4    8.62s
  6   -63.82620866432       -6.54       -3.73    4.1    11.3s
  7   -63.82620877616       -6.95       -4.69    2.7    8.56s
  8   -63.82620877701       -9.07       -5.07    4.0    11.7s
  9   -63.82620877704      -10.55       -6.12    2.8    9.23s
 10   -63.82620877704      -11.84       -6.53    4.1    12.0s
 11   -63.82620877704   +  -13.19       -7.77    2.8    9.40s
n     Energy            log10(ΔE)   log10(Δρ)   Diag   Δtime
---   ---------------   ---------   ---------   ----   ------
  1   -63.80183794170                   -0.92    9.3    20.2s
  2   -63.80969369679       -2.10       -1.00    2.4    8.22s
  3   -63.82612300355       -1.78       -2.12    4.2    10.3s
  4   -63.82618450732       -4.21       -2.30    3.4    10.3s
  5   -63.82620839428       -4.62       -3.44    2.4    8.24s
  6   -63.82620866664       -6.56       -3.74    4.1    11.7s
  7   -63.82620877618       -6.96       -4.69    3.0    8.80s
  8   -63.82620877701       -9.08       -5.07    4.1    11.9s
  9   -63.82620877704      -10.55       -6.09    2.7    9.34s
 10   -63.82620877704      -11.85       -6.52    4.0    11.9s
 11   -63.82620877704      -14.15       -7.52    2.9    9.58s
     2    -6.382621e+01     8.113218e-04
 * time: 535.485463142395
n     Energy            log10(ΔE)   log10(Δρ)   Diag   Δtime
---   ---------------   ---------   ---------   ----   ------
  1   -63.80170993404                   -0.92   10.1    22.0s
  2   -63.80938644539       -2.11       -1.00    2.8    8.54s
  3   -63.82613755518       -1.78       -2.12    4.3    10.8s
  4   -63.82619978035       -4.21       -2.31    3.2    10.0s
  5   -63.82622407154       -4.61       -3.43    2.3    8.51s
  6   -63.82622435298       -6.55       -3.74    4.1    11.4s
  7   -63.82622446220       -6.96       -4.71    2.7    8.54s
  8   -63.82622446301       -9.09       -5.08    4.1    11.7s
  9   -63.82622446304      -10.58       -6.17    2.8    9.40s
 10   -63.82622446304      -11.86       -6.52    4.1    12.3s
 11   -63.82622446304   +  -13.85       -7.88    2.6    8.85s
n     Energy            log10(ΔE)   log10(Δρ)   Diag   Δtime
---   ---------------   ---------   ---------   ----   ------
  1   -63.80170941110                   -0.92   10.2    22.0s
  2   -63.80936931376       -2.12       -1.00    2.8    8.65s
  3   -63.82613744363       -1.78       -2.12    4.5    11.0s
  4   -63.82619975694       -4.21       -2.31    3.4    10.5s
  5   -63.82622406725       -4.61       -3.43    2.4    8.65s
  6   -63.82622434966       -6.55       -3.73    4.0    11.3s
  7   -63.82622446219       -6.95       -4.69    2.9    9.07s
  8   -63.82622446302       -9.08       -5.12    4.0    11.5s
  9   -63.82622446304      -10.67       -6.10    2.9    9.79s
 10   -63.82622446304      -11.81       -6.55    4.0    12.1s
 11   -63.82622446304      -13.30       -7.93    3.0    9.41s
     3    -6.382622e+01     1.066988e-04
 * time: 815.1581070423126
n     Energy            log10(ΔE)   log10(Δρ)   Diag   Δtime
---   ---------------   ---------   ---------   ----   ------
  1   -63.80169082960                   -0.92    9.0    19.8s
  2   -63.80934468473       -2.12       -1.00    2.5    7.97s
  3   -63.82613788207       -1.77       -2.12    4.1    10.7s
  4   -63.82619989179       -4.21       -2.31    3.3    9.85s
  5   -63.82622436398       -4.61       -3.43    2.5    8.69s
  6   -63.82622463548       -6.57       -3.74    4.0    11.2s
  7   -63.82622474453       -6.96       -4.74    2.9    8.82s
  8   -63.82622474524       -9.15       -5.13    4.1    11.9s
  9   -63.82622474526      -10.66       -6.26    2.8    9.38s
 10   -63.82622474526      -11.99       -6.55    4.2    12.1s
 11   -63.82622474526      -12.92       -7.52    2.5    8.29s
n     Energy            log10(ΔE)   log10(Δρ)   Diag   Δtime
---   ---------------   ---------   ---------   ----   ------
  1   -63.80169230193                   -0.92    8.9    21.1s
  2   -63.80929511448       -2.12       -1.00    2.6    7.89s
  3   -63.82613676397       -1.77       -2.11    4.2    10.4s
  4   -63.82619982353       -4.20       -2.30    3.2    10.2s
  5   -63.82622433512       -4.61       -3.42    2.4    8.76s
  6   -63.82622462929       -6.53       -3.73    4.0    11.9s
  7   -63.82622474441       -6.94       -4.69    2.8    8.72s
  8   -63.82622474524       -9.08       -5.07    4.0    12.1s
  9   -63.82622474526      -10.58       -6.16    2.6    8.78s
 10   -63.82622474526      -11.87       -6.48    4.0    12.1s
 11   -63.82622474526      -13.11       -7.43    2.6    8.46s
     4    -6.382622e+01     1.994714e-06
 * time: 1090.2899940013885
n     Energy            log10(ΔE)   log10(Δρ)   Diag   Δtime
---   ---------------   ---------   ---------   ----   ------
  1   -63.80169094524                   -0.92    8.9    19.1s
  2   -63.80927875828       -2.12       -1.00    2.6    7.86s
  3   -63.82613679765       -1.77       -2.12    4.2    10.1s
  4   -63.82619998507       -4.20       -2.31    3.2    9.58s
  5   -63.82622434530       -4.61       -3.43    2.4    8.09s
  6   -63.82622463470       -6.54       -3.74    4.0    10.6s
  7   -63.82622474446       -6.96       -4.69    2.9    8.26s
  8   -63.82622474534       -9.06       -5.09    4.1    11.0s
  9   -63.82622474536      -10.60       -6.11    2.6    8.15s
 10   -63.82622474536      -11.86       -6.49    3.9    11.6s
 11   -63.82622474536   +  -13.45       -7.65    2.7    9.67s
n     Energy            log10(ΔE)   log10(Δρ)   Diag   Δtime
---   ---------------   ---------   ---------   ----   ------
  1   -63.80168787606                   -0.92    8.9    19.2s
  2   -63.80931040216       -2.12       -1.00    2.6    7.66s
  3   -63.82613700993       -1.77       -2.12    4.1    10.0s
  4   -63.82619971621       -4.20       -2.30    3.3    10.2s
  5   -63.82622432860       -4.61       -3.42    2.4    8.15s
  6   -63.82622462807       -6.52       -3.72    3.9    10.6s
  7   -63.82622474441       -6.93       -4.68    2.9    8.44s
  8   -63.82622474534       -9.03       -5.08    4.0    10.8s
  9   -63.82622474536      -10.56       -6.09    2.7    8.83s
 10   -63.82622474536      -11.77       -6.51    3.9    11.1s
 11   -63.82622474536   +  -13.55       -7.67    2.7    8.80s
     5    -6.382622e+01     1.640609e-08
 * time: 1353.0521430969238
 * Status: success

 * Candidate solution
    Final objective value:     -6.382622e+01

 * Found with
    Algorithm:     L-BFGS

 * Convergence measures
    |x - x'|               = 9.90e-05 ≰ -1.0e+00
    |x - x'|/|x'|          = 8.96e-06 ≰ 0.0e+00
    |f(x) - f(x')|         = 1.01e-10 ≤ 1.0e-08
    |f(x) - f(x')|/|f(x')| = 1.58e-12 ≰ 0.0e+00
    |g(x)|                 = 1.64e-08 ≤ 1.0e-06

 * Work counters
    Seconds run:   1353  (vs limit Inf)
    Iterations:    5
    f(x) calls:    6
    ∇f(x) calls:   6

NaCl: 1494.384106 seconds (1.50 G allocations: 418.127 GiB, 5.83% gc time, 0.24% compilation time)
n     Energy            log10(ΔE)   log10(Δρ)   Diag   Δtime
---   ---------------   ---------   ---------   ----   ------
  1   -2.362725659717                   -1.72    5.7    1.87s
  2   -2.363321283319       -3.23       -1.93    1.3    789ms
  3   -2.363834250093       -3.29       -2.47    4.5    1.99s
  4   -2.363909058917       -4.13       -2.99    4.5    1.96s
  5   -2.363913806977       -5.32       -3.56    3.7    1.42s
  6   -2.363914250126       -6.35       -4.09    4.0    1.74s
  7   -2.363914298664       -7.31       -4.76    4.0    1.45s
  8   -2.363914299757       -8.96       -5.03    4.1    1.83s
  9   -2.363914300077       -9.49       -5.88    3.7    1.43s
 10   -2.363914300088      -10.97       -6.02    4.1    1.86s
 11   -2.363914300092      -11.43       -6.56    3.2    1.29s
 12   -2.363914300092      -13.01       -7.16    2.9    1.21s
Iter     Function value   Gradient norm 
     0    -2.363914e+00     2.457419e-02
 * time: 5.0067901611328125e-6
n     Energy            log10(ΔE)   log10(Δρ)   Diag   Δtime
---   ---------------   ---------   ---------   ----   ------
  1   -2.363356644243                   -1.72    5.4    2.17s
  2   -2.363938846050       -3.23       -1.94    1.4    808ms
  3   -2.364433446058       -3.31       -2.50    4.6    2.00s
  4   -2.364501261413       -4.17       -2.97    4.4    1.60s
  5   -2.364507477241       -5.21       -3.60    3.9    1.76s
  6   -2.364507918683       -6.36       -4.05    3.8    1.47s
  7   -2.364507980579       -7.21       -4.80    4.0    1.75s
  8   -2.364507981749       -8.93       -5.18    4.0    1.49s
  9   -2.364507981845      -10.02       -5.69    3.0    1.49s
 10   -2.364507981861      -10.80       -6.29    3.4    1.35s
 11   -2.364507981862      -11.93       -6.52    3.6    1.68s
 12   -2.364507981862      -12.71       -7.34    3.1    1.27s
n     Energy            log10(ΔE)   log10(Δρ)   Diag   Δtime
---   ---------------   ---------   ---------   ----   ------
  1   -2.363356537772                   -1.72    5.4    1.76s
  2   -2.363938122193       -3.24       -1.94    1.4    1.13s
  3   -2.364432974431       -3.31       -2.50    4.5    1.68s
  4   -2.364501242201       -4.17       -2.97    4.5    2.02s
  5   -2.364507496194       -5.20       -3.61    3.9    1.47s
  6   -2.364507918162       -6.37       -4.04    3.9    1.85s
  7   -2.364507980522       -7.21       -4.78    4.0    1.47s
  8   -2.364507981728       -8.92       -5.16    4.0    1.85s
  9   -2.364507981844       -9.94       -5.68    3.1    1.20s
 10   -2.364507981861      -10.79       -6.30    3.5    1.68s
 11   -2.364507981862      -11.93       -6.48    3.7    1.37s
 12   -2.364507981862      -12.60       -7.29    3.2    1.51s
     1    -2.364508e+00     2.375276e-02
 * time: 67.97409009933472
n     Energy            log10(ΔE)   log10(Δρ)   Diag   Δtime
---   ---------------   ---------   ---------   ----   ------
  1   -2.375873553356                   -1.99    5.6    1.83s
  2   -2.376178455479       -3.52       -2.19    1.2    617ms
  3   -2.376362810412       -3.73       -2.85    4.6    1.71s
  4   -2.376371828739       -5.04       -3.11    4.0    1.24s
  5   -2.376375686447       -5.41       -3.63    4.0    1.55s
  6   -2.376376125847       -6.36       -4.08    4.2    1.29s
  7   -2.376376165188       -7.41       -4.62    3.9    1.52s
  8   -2.376376167610       -8.62       -5.30    3.7    1.17s
  9   -2.376376167845       -9.63       -5.80    4.0    1.54s
 10   -2.376376167849      -11.33       -6.47    3.1    1.04s
 11   -2.376376167850      -11.99       -6.76    3.9    1.53s
 12   -2.376376167850      -13.13       -7.47    3.2    1.05s
n     Energy            log10(ΔE)   log10(Δρ)   Diag   Δtime
---   ---------------   ---------   ---------   ----   ------
  1   -2.375873088167                   -1.99    5.7    1.82s
  2   -2.376178232302       -3.52       -2.19    1.2    614ms
  3   -2.376362815994       -3.73       -2.85    4.6    1.69s
  4   -2.376371905047       -5.04       -3.11    4.0    1.24s
  5   -2.376375693471       -5.42       -3.64    4.0    1.53s
  6   -2.376376126260       -6.36       -4.08    4.1    1.26s
  7   -2.376376165348       -7.41       -4.64    3.8    1.49s
  8   -2.376376167606       -8.65       -5.29    3.7    1.18s
  9   -2.376376167845       -9.62       -5.83    3.9    1.54s
 10   -2.376376167849      -11.41       -6.47    3.1    1.04s
 11   -2.376376167850      -11.97       -6.80    3.9    1.54s
 12   -2.376376167850      -13.24       -7.45    3.3    1.10s
     2    -2.376376e+00     1.227349e-02
 * time: 131.59437203407288
n     Energy            log10(ΔE)   log10(Δρ)   Diag   Δtime
---   ---------------   ---------   ---------   ----   ------
  1   -2.383038264624                   -2.07    5.9    4.00s
  2   -2.383192002560       -3.81       -2.31    1.3    1.86s
  3   -2.383250125331       -4.24       -3.04    4.3    3.10s
  4   -2.383252495658       -5.63       -3.24    3.7    2.98s
  5   -2.383253552106       -5.98       -3.74    3.2    2.75s
  6   -2.383253717307       -6.78       -4.14    4.0    2.80s
  7   -2.383253729405       -7.92       -4.79    3.0    2.66s
  8   -2.383253730475       -8.97       -5.51    3.1    2.73s
  9   -2.383253730528      -10.27       -5.64    3.5    2.62s
 10   -2.383253730533      -11.30       -6.43    2.1    2.21s
 11   -2.383253730534      -12.19       -6.99    3.4    2.86s
 12   -2.383253730534      -14.07       -7.75    3.4    2.59s
n     Energy            log10(ΔE)   log10(Δρ)   Diag   Δtime
---   ---------------   ---------   ---------   ----   ------
  1   -2.383035548511                   -2.07    6.0    3.90s
  2   -2.383191775600       -3.81       -2.30    1.3    1.80s
  3   -2.383250121814       -4.23       -3.04    4.3    3.02s
  4   -2.383252481695       -5.63       -3.23    3.6    3.01s
  5   -2.383253550573       -5.97       -3.75    3.2    2.81s
  6   -2.383253717181       -6.78       -4.13    3.9    2.81s
  7   -2.383253729397       -7.91       -4.79    3.0    2.72s
  8   -2.383253730475       -8.97       -5.52    3.2    2.84s
  9   -2.383253730527      -10.28       -5.61    3.5    2.66s
 10   -2.383253730533      -11.27       -6.39    2.0    2.22s
 11   -2.383253730534      -12.17       -6.98    3.2    2.79s
 12   -2.383253730534      -14.05       -7.74    3.5    2.58s
     3    -2.383254e+00     5.951755e-03
 * time: 231.7143211364746
n     Energy            log10(ΔE)   log10(Δρ)   Diag   Δtime
---   ---------------   ---------   ---------   ----   ------
  1   -2.385648930830                   -2.06    6.0    3.62s
  2   -2.385731581118       -4.08       -2.31    1.2    1.16s
  3   -2.385759915028       -4.55       -3.17    3.9    2.51s
  4   -2.385761438722       -5.82       -3.39    3.4    2.29s
  5   -2.385761744047       -6.52       -3.90    3.0    2.09s
  6   -2.385761826074       -7.09       -4.28    3.4    2.29s
  7   -2.385761828909       -8.55       -4.59    2.1    1.43s
  8   -2.385761830470       -8.81       -5.35    2.5    2.00s
  9   -2.385761830547      -10.11       -5.82    3.1    2.13s
 10   -2.385761830555      -11.12       -6.20    2.5    1.87s
 11   -2.385761830556      -12.27       -7.05    2.2    1.51s
n     Energy            log10(ΔE)   log10(Δρ)   Diag   Δtime
---   ---------------   ---------   ---------   ----   ------
  1   -2.385648629291                   -2.07    6.0    3.22s
  2   -2.385730829907       -4.09       -2.31    1.2    1.48s
  3   -2.385759892884       -4.54       -3.17    3.9    2.51s
  4   -2.385761432760       -5.81       -3.39    3.6    2.39s
  5   -2.385761743164       -6.51       -3.90    2.9    1.76s
  6   -2.385761826090       -7.08       -4.28    3.6    2.34s
  7   -2.385761828891       -8.55       -4.59    2.3    1.78s
  8   -2.385761830468       -8.80       -5.34    2.5    1.63s
  9   -2.385761830548      -10.10       -5.84    3.1    2.12s
 10   -2.385761830555      -11.14       -6.20    2.6    1.96s
 11   -2.385761830556      -12.27       -7.08    2.2    1.85s
     4    -2.385762e+00     1.358637e-03
 * time: 314.3120391368866
n     Energy            log10(ΔE)   log10(Δρ)   Diag   Δtime
---   ---------------   ---------   ---------   ----   ------
  1   -2.385811826056                   -2.08    5.7    3.19s
  2   -2.385895754960       -4.08       -2.33    1.1    1.46s
  3   -2.385923637381       -4.55       -3.15    3.9    2.60s
  4   -2.385925158089       -5.82       -3.54    3.5    2.12s
  5   -2.385925355545       -6.70       -4.00    3.0    2.22s
  6   -2.385925393842       -7.42       -4.52    2.9    2.19s
  7   -2.385925395586       -8.76       -4.85    2.8    2.09s
  8   -2.385925396185       -9.22       -5.40    2.6    1.75s
  9   -2.385925396223      -10.43       -6.27    2.7    2.06s
 10   -2.385925396225      -11.70       -6.70    3.2    2.30s
 11   -2.385925396225      -12.61       -7.23    2.9    2.17s
n     Energy            log10(ΔE)   log10(Δρ)   Diag   Δtime
---   ---------------   ---------   ---------   ----   ------
  1   -2.385813869790                   -2.08    5.8    3.20s
  2   -2.385896541097       -4.08       -2.33    1.1    1.48s
  3   -2.385923637746       -4.57       -3.15    3.8    2.56s
  4   -2.385925163629       -5.82       -3.54    3.5    2.10s
  5   -2.385925355277       -6.72       -4.00    2.9    2.13s
  6   -2.385925393807       -7.41       -4.53    2.9    2.12s
  7   -2.385925395570       -8.75       -4.85    2.8    2.09s
  8   -2.385925396186       -9.21       -5.40    2.5    2.00s
  9   -2.385925396223      -10.43       -6.27    2.8    1.75s
 10   -2.385925396225      -11.70       -6.67    3.2    2.31s
 11   -2.385925396225      -12.58       -7.20    2.9    2.15s
     5    -2.385925e+00     1.948259e-04
 * time: 399.345596075058
n     Energy            log10(ΔE)   log10(Δρ)   Diag   Δtime
---   ---------------   ---------   ---------   ----   ------
  1   -2.385821019383                   -2.08    5.9    3.69s
  2   -2.385900255929       -4.10       -2.33    1.2    1.55s
  3   -2.385927162604       -4.57       -3.15    3.8    3.19s
  4   -2.385928698820       -5.81       -3.57    3.7    2.73s
  5   -2.385928866193       -6.78       -4.02    3.0    2.00s
  6   -2.385928900830       -7.46       -4.53    2.8    2.78s
  7   -2.385928902811       -8.70       -4.86    3.0    2.67s
  8   -2.385928903319       -9.29       -5.39    2.4    2.46s
  9   -2.385928903353      -10.47       -6.31    2.5    1.97s
 10   -2.385928903355      -11.74       -6.79    3.3    2.78s
 11   -2.385928903355      -12.60       -7.44    3.0    2.21s
n     Energy            log10(ΔE)   log10(Δρ)   Diag   Δtime
---   ---------------   ---------   ---------   ----   ------
  1   -2.385815280065                   -2.08    5.8    3.11s
  2   -2.385899722738       -4.07       -2.33    1.2    1.45s
  3   -2.385927188819       -4.56       -3.15    3.9    2.49s
  4   -2.385928700124       -5.82       -3.58    3.6    2.39s
  5   -2.385928867192       -6.78       -4.02    3.1    1.87s
  6   -2.385928900879       -7.47       -4.53    2.9    2.11s
  7   -2.385928902810       -8.71       -4.86    3.0    2.23s
  8   -2.385928903319       -9.29       -5.39    2.5    1.71s
  9   -2.385928903353      -10.46       -6.31    2.5    1.94s
 10   -2.385928903355      -11.76       -6.78    3.2    2.36s
 11   -2.385928903355      -12.57       -7.39    2.9    2.17s
     6    -2.385929e+00     3.480012e-06
 * time: 489.87008595466614
n     Energy            log10(ΔE)   log10(Δρ)   Diag   Δtime
---   ---------------   ---------   ---------   ----   ------
  1   -2.385819697487                   -2.08    5.8    3.18s
  2   -2.385900597701       -4.09       -2.33    1.2    1.48s
  3   -2.385927188229       -4.58       -3.14    3.8    2.48s
  4   -2.385928712091       -5.82       -3.59    3.6    2.45s
  5   -2.385928868756       -6.81       -4.03    3.1    1.89s
  6   -2.385928902061       -7.48       -4.54    2.8    2.07s
  7   -2.385928903974       -8.72       -4.86    3.0    2.12s
  8   -2.385928904458       -9.31       -5.40    2.4    1.64s
  9   -2.385928904491      -10.48       -6.30    2.5    2.00s
 10   -2.385928904493      -11.77       -6.79    3.3    2.35s
 11   -2.385928904493      -12.58       -7.41    3.1    2.25s
n     Energy            log10(ΔE)   log10(Δρ)   Diag   Δtime
---   ---------------   ---------   ---------   ----   ------
  1   -2.385813328751                   -2.08    5.8    3.13s
  2   -2.385899599576       -4.06       -2.33    1.1    1.46s
  3   -2.385927152222       -4.56       -3.14    3.9    2.56s
  4   -2.385928704758       -5.81       -3.59    3.5    2.15s
  5   -2.385928868114       -6.79       -4.02    3.1    2.15s
  6   -2.385928902005       -7.47       -4.53    2.8    2.12s
  7   -2.385928903976       -8.71       -4.86    3.0    2.16s
  8   -2.385928904457       -9.32       -5.39    2.4    1.74s
  9   -2.385928904491      -10.47       -6.30    2.5    1.94s
 10   -2.385928904493      -11.74       -6.82    3.3    2.35s
 11   -2.385928904493      -12.60       -7.41    3.1    2.24s
     7    -2.385929e+00     1.468132e-08
 * time: 576.1174211502075
 * Status: success

 * Candidate solution
    Final objective value:     -2.385929e+00

 * Found with
    Algorithm:     L-BFGS

 * Convergence measures
    |x - x'|               = 6.44e-04 ≰ -1.0e+00
    |x - x'|/|x'|          = 6.38e-05 ≰ 0.0e+00
    |f(x) - f(x')|         = 1.14e-09 ≤ 1.0e-08
    |f(x) - f(x')|/|f(x')| = 4.77e-10 ≰ 0.0e+00
    |g(x)|                 = 1.47e-08 ≤ 1.0e-06

 * Work counters
    Seconds run:   576  (vs limit Inf)
    Iterations:    7
    f(x) calls:    8
    ∇f(x) calls:   8

Al: 615.492480 seconds (615.64 M allocations: 170.256 GiB, 8.35% gc time, 0.00% compilation time)
n     Energy            log10(ΔE)   log10(Δρ)   Diag   Δtime
---   ---------------   ---------   ---------   ----   ------
  1   -75.04688321849                   -1.21    9.2    10.0s
  2   -75.04749238119       -3.22       -1.34    2.3    3.71s
  3   -75.04828738041       -3.10       -1.91    6.4    7.43s
  4   -75.04830945170       -4.66       -2.68    5.0    5.56s
  5   -75.04831113509       -5.77       -2.99    5.0    5.83s
  6   -75.04831169194       -6.25       -3.19    3.7    4.49s
  7   -75.04831201424       -6.49       -3.44    4.3    5.09s
  8   -75.04831209799       -7.08       -3.76    4.1    5.01s
  9   -75.04831211955       -7.67       -4.26    5.0    5.98s
 10   -75.04831212078       -8.91       -4.73    5.0    5.89s
 11   -75.04831212088      -10.00       -5.12    3.2    4.02s
 12   -75.04831212087   +  -10.93       -5.25    4.8    5.56s
 13   -75.04831212089      -10.75       -5.84    4.5    5.18s
 14   -75.04831212089      -12.01       -6.14    4.4    5.44s
 15   -75.04831212089      -12.03       -6.44    2.8    3.80s
 16   -75.04831212089   +  -12.77       -7.33    4.8    5.46s
Iter     Function value   Gradient norm 
     0    -7.504831e+01     4.328210e-02
 * time: 4.0531158447265625e-6
n     Energy            log10(ΔE)   log10(Δρ)   Diag   Δtime
---   ---------------   ---------   ---------   ----   ------
  1   -75.04851456306                   -1.21    9.5    10.1s
  2   -75.04915673366       -3.19       -1.33    2.4    3.79s
  3   -75.05000311870       -3.07       -1.89    6.6    7.13s
  4   -75.05002787377       -4.61       -2.65    5.0    5.48s
  5   -75.05003004783       -5.66       -2.97    5.1    6.06s
  6   -75.05003065367       -6.22       -3.16    3.7    4.60s
  7   -75.05003102185       -6.43       -3.39    4.3    5.18s
  8   -75.05003113277       -6.96       -3.72    4.2    4.97s
  9   -75.05003115802       -7.60       -4.18    4.9    5.58s
 10   -75.05003116003       -8.70       -4.63    4.8    5.84s
 11   -75.05003116010      -10.15       -5.03    3.0    4.16s
 12   -75.05003116011      -11.13       -5.20    4.9    5.53s
 13   -75.05003116013      -10.71       -5.79    4.5    5.00s
 14   -75.05003116012   +  -11.98       -6.17    4.5    5.43s
 15   -75.05003116013      -11.70       -6.49    3.5    4.17s
 16   -75.05003116013   +  -12.14       -7.19    4.7    5.51s
n     Energy            log10(ΔE)   log10(Δρ)   Diag   Δtime
---   ---------------   ---------   ---------   ----   ------
  1   -75.04851231033                   -1.21    9.5    10.1s
  2   -75.04915218545       -3.19       -1.33    2.4    3.73s
  3   -75.05000333522       -3.07       -1.89    6.5    7.07s
  4   -75.05002782523       -4.61       -2.64    5.0    5.49s
  5   -75.05003000912       -5.66       -2.96    5.2    6.06s
  6   -75.05003063746       -6.20       -3.15    3.8    4.67s
  7   -75.05003101883       -6.42       -3.39    4.4    5.10s
  8   -75.05003113152       -6.95       -3.71    4.1    5.03s
  9   -75.05003115811       -7.58       -4.18    4.9    5.80s
 10   -75.05003116003       -8.72       -4.62    4.7    5.36s
 11   -75.05003116008      -10.26       -5.01    3.5    4.52s
 12   -75.05003116011      -10.66       -5.19    4.9    5.49s
 13   -75.05003116013      -10.69       -5.72    4.5    5.02s
 14   -75.05003116012   +  -11.98       -6.12    4.4    5.40s
 15   -75.05003116013      -11.71       -6.45    3.5    4.17s
 16   -75.05003116013   +  -12.19       -7.20    4.6    5.52s
     1    -7.505003e+01     3.621920e-02
 * time: 242.26096200942993
n     Energy            log10(ΔE)   log10(Δρ)   Diag   Δtime
---   ---------------   ---------   ---------   ----   ------
  1   -75.05245339302                   -1.18   10.1    20.1s
  2   -75.05329147449       -3.08       -1.29    2.5    7.54s
  3   -75.05450881219       -2.91       -1.76    7.0    14.8s
  4   -75.05456531124       -4.25       -2.49    4.7    10.7s
  5   -75.05456804813       -5.56       -2.74    4.8    11.2s
  6   -75.05457024251       -5.66       -2.91    3.9    9.20s
  7   -75.05457149326       -5.90       -3.16    4.4    10.0s
  8   -75.05457181411       -6.49       -3.43    4.3    10.4s
  9   -75.05457191230       -7.01       -3.95    5.3    12.7s
 10   -75.05457191533       -8.52       -4.41    4.3    11.1s
 11   -75.05457191552       -9.71       -4.63    3.1    8.19s
 12   -75.05457191555      -10.49       -4.86    1.6    6.09s
 13   -75.05457191566       -9.96       -5.38    4.9    10.5s
 14   -75.05457191568      -10.93       -5.61    4.2    9.42s
 15   -75.05457191568      -11.41       -5.87    4.2    9.82s
 16   -75.05457191568      -11.82       -6.43    4.3    10.0s
 17   -75.05457191568      -12.94       -7.14    5.9    11.9s
n     Energy            log10(ΔE)   log10(Δρ)   Diag   Δtime
---   ---------------   ---------   ---------   ----   ------
  1   -75.05245414836                   -1.18   10.1    20.1s
  2   -75.05329379375       -3.08       -1.29    2.6    7.84s
  3   -75.05450850718       -2.92       -1.76    6.9    14.4s
  4   -75.05456520007       -4.25       -2.49    4.6    10.6s
  5   -75.05456812193       -5.53       -2.74    4.9    11.6s
  6   -75.05457026275       -5.67       -2.91    3.7    8.97s
  7   -75.05457149834       -5.91       -3.16    4.4    10.2s
  8   -75.05457181562       -6.50       -3.43    4.4    10.9s
  9   -75.05457191218       -7.02       -3.95    5.2    11.7s
 10   -75.05457191517       -8.52       -4.42    4.5    10.4s
 11   -75.05457191554       -9.44       -4.63    3.0    8.03s
 12   -75.05457191556      -10.65       -4.88    1.7    6.51s
 13   -75.05457191566      -10.01       -5.33    5.0    11.1s
 14   -75.05457191568      -10.80       -5.60    4.4    9.70s
 15   -75.05457191568      -11.42       -5.83    4.3    10.3s
 16   -75.05457191568      -11.75       -6.56    4.5    10.3s
 17   -75.05457191568      -13.07       -6.99    6.1    12.4s
 18   -75.05457191568      -13.55       -7.98    4.7    11.1s
     2    -7.505457e+01     6.314301e-03
 * time: 689.1929161548615
n     Energy            log10(ΔE)   log10(Δρ)   Diag   Δtime
---   ---------------   ---------   ---------   ----   ------
  1   -75.05243122016                   -1.17    9.7    19.4s
  2   -75.05332586754       -3.05       -1.27    2.3    7.39s
  3   -75.05467172262       -2.87       -1.73    6.8    14.3s
  4   -75.05473724693       -4.18       -2.44    4.7    10.1s
  5   -75.05474139528       -5.38       -2.70    4.8    11.6s
  6   -75.05474401659       -5.58       -2.88    3.8    9.29s
  7   -75.05474546608       -5.84       -3.11    4.2    10.2s
  8   -75.05474586189       -6.40       -3.38    4.4    10.4s
  9   -75.05474598044       -6.93       -3.88    5.2    11.5s
 10   -75.05474598039   +  -10.29       -4.17    5.2    11.7s
 11   -75.05474598504       -8.33       -4.40    4.9    10.9s
 12   -75.05474598516       -9.92       -4.94    3.9    9.23s
 13   -75.05474598518      -10.62       -4.92    5.7    12.4s
 14   -75.05474598526      -10.13       -5.74    4.1    9.85s
 15   -75.05474598527      -11.14       -5.82    5.6    12.1s
 16   -75.05474598526   +  -12.05       -6.33    3.6    8.95s
 17   -75.05474598526   +  -13.37       -6.94    5.0    11.8s
 18   -75.05474598526   +  -12.77       -7.74    5.4    12.1s
n     Energy            log10(ΔE)   log10(Δρ)   Diag   Δtime
---   ---------------   ---------   ---------   ----   ------
  1   -75.05243504821                   -1.17    9.7    19.9s
  2   -75.05332933660       -3.05       -1.27    2.4    7.61s
  3   -75.05467190284       -2.87       -1.73    7.0    15.1s
  4   -75.05473763697       -4.18       -2.45    4.5    10.3s
  5   -75.05474139808       -5.42       -2.70    4.7    11.6s
  6   -75.05474400236       -5.58       -2.87    3.8    9.88s
  7   -75.05474547182       -5.83       -3.12    4.3    10.3s
  8   -75.05474586377       -6.41       -3.39    4.3    10.4s
  9   -75.05474597998       -6.93       -3.88    5.1    11.7s
 10   -75.05474597956   +   -9.37       -4.15    5.3    11.7s
 11   -75.05474598498       -8.27       -4.38    5.1    11.2s
 12   -75.05474598522       -9.61       -4.99    3.9    9.57s
 13   -75.05474598519   +  -10.47       -4.92    5.4    12.1s
 14   -75.05474598526      -10.14       -5.77    4.6    10.4s
 15   -75.05474598527      -11.13       -5.79    5.4    11.8s
 16   -75.05474598526   +  -11.76       -6.48    3.7    9.67s
 17   -75.05474598526      -12.53       -7.05    5.6    12.5s
     3    -7.505475e+01     1.184680e-03
 * time: 1153.133423089981
n     Energy            log10(ΔE)   log10(Δρ)   Diag   Δtime
---   ---------------   ---------   ---------   ----   ------
  1   -75.05239662922                   -1.17   10.0    19.7s
  2   -75.05330217083       -3.04       -1.27    2.4    7.61s
  3   -75.05467579534       -2.86       -1.72    7.0    14.6s
  4   -75.05474374261       -4.17       -2.43    4.7    10.5s
  5   -75.05474789320       -5.38       -2.69    4.8    11.6s
  6   -75.05475061244       -5.57       -2.86    3.9    9.38s
  7   -75.05475216740       -5.81       -3.11    4.3    10.6s
  8   -75.05475256499       -6.40       -3.37    4.3    10.2s
  9   -75.05475268885       -6.91       -3.84    5.1    11.4s
 10   -75.05475269548       -8.18       -4.08    5.3    12.0s
 11   -75.05475269500   +   -9.31       -4.24    5.1    11.2s
 12   -75.05475269598       -9.01       -4.97    3.9    9.12s
 13   -75.05475269595   +  -10.51       -4.86    5.3    11.2s
 14   -75.05475269602      -10.15       -5.90    4.6    10.6s
 15   -75.05475269603      -10.84       -5.70    5.9    12.8s
 16   -75.05475269603   +  -11.35       -6.54    4.6    10.6s
 17   -75.05475269603      -11.98       -6.87    5.2    11.5s
 18   -75.05475269603   +  -12.50       -7.66    4.2    10.3s
n     Energy            log10(ΔE)   log10(Δρ)   Diag   Δtime
---   ---------------   ---------   ---------   ----   ------
  1   -75.05239746824                   -1.17   10.0    20.0s
  2   -75.05329673020       -3.05       -1.27    2.3    7.45s
  3   -75.05467584011       -2.86       -1.72    6.9    14.7s
  4   -75.05474393688       -4.17       -2.43    4.6    10.5s
  5   -75.05474765113       -5.43       -2.68    4.9    11.7s
  6   -75.05475047578       -5.55       -2.85    3.9    9.36s
  7   -75.05475213240       -5.78       -3.10    4.4    10.6s
  8   -75.05475255800       -6.37       -3.36    4.2    10.3s
  9   -75.05475268816       -6.89       -3.82    5.1    11.4s
 10   -75.05475269442       -8.20       -4.06    5.4    12.2s
 11   -75.05475269430   +   -9.96       -4.17    5.3    11.5s
 12   -75.05475269597       -8.78       -4.85    3.7    8.92s
 13   -75.05475269586   +   -9.97       -4.73    4.7    10.9s
 14   -75.05475269601       -9.83       -5.76    4.7    10.5s
 15   -75.05475269603      -10.66       -5.70    5.9    13.0s
 16   -75.05475269603   +  -11.35       -6.38    3.7    9.41s
 17   -75.05475269603      -12.34       -6.68    5.3    11.5s
 18   -75.05475269603   +  -12.38       -7.63    3.8    9.66s
     4    -7.505475e+01     5.986533e-05
 * time: 1629.0282230377197
n     Energy            log10(ΔE)   log10(Δρ)   Diag   Δtime
---   ---------------   ---------   ---------   ----   ------
  1   -75.05239527688                   -1.17    9.8    19.5s
  2   -75.05330408695       -3.04       -1.27    2.3    7.27s
  3   -75.05467517656       -2.86       -1.72    7.0    14.7s
  4   -75.05474372210       -4.16       -2.43    4.7    10.7s
  5   -75.05474799293       -5.37       -2.70    4.9    11.5s
  6   -75.05475065154       -5.58       -2.87    3.9    9.44s
  7   -75.05475219075       -5.81       -3.11    4.4    10.2s
  8   -75.05475258396       -6.41       -3.38    4.3    10.6s
  9   -75.05475270635       -6.91       -3.85    5.1    11.2s
 10   -75.05475271330       -8.16       -4.10    5.4    11.9s
 11   -75.05475271226   +   -8.98       -4.26    5.2    11.3s
 12   -75.05475272017       -8.10       -4.97    3.8    9.08s
 13   -75.05475271304   +   -8.15       -4.82    5.3    11.6s
 14   -75.05475271312      -10.06       -5.89    4.8    10.8s
 15   -75.05475271314      -10.81       -5.72    6.0    13.0s
 16   -75.05475271313   +  -11.39       -6.50    4.4    10.0s
 17   -75.05475271313      -12.34       -6.90    5.2    11.6s
 18   -75.05475271313   +  -13.00       -7.58    4.4    10.5s
n     Energy            log10(ΔE)   log10(Δρ)   Diag   Δtime
---   ---------------   ---------   ---------   ----   ------
  1   -75.05239412356                   -1.17    9.9    19.6s
  2   -75.05330311270       -3.04       -1.27    2.4    7.43s
  3   -75.05467526571       -2.86       -1.72    6.9    14.5s
  4   -75.05474424281       -4.16       -2.44    4.6    10.3s
  5   -75.05474767845       -5.46       -2.68    4.9    11.6s
  6   -75.05475051234       -5.55       -2.85    3.8    9.29s
  7   -75.05475215367       -5.78       -3.10    4.3    10.4s
  8   -75.05475257445       -6.38       -3.37    4.2    10.1s
  9   -75.05475270463       -6.89       -3.82    5.0    11.1s
 10   -75.05475270951       -8.31       -4.01    5.6    12.0s
 11   -75.05475271024       -9.14       -4.11    5.3    11.4s
 12   -75.05475272012       -8.01       -5.04    3.9    8.97s
 13   -75.05475271309   +   -8.15       -4.93    5.5    11.7s
 14   -75.05475272019       -8.15       -5.74    4.3    9.90s
 15   -75.05475271314   +   -8.15       -5.75    5.5    11.8s
 16   -75.05475271313   +  -11.36       -6.49    4.1    9.56s
 17   -75.05475271313      -11.84       -6.68    5.5    11.2s
 18   -75.05475271313   +  -12.04       -7.30    4.4    10.2s
     5    -7.505475e+01     6.953543e-07
 * time: 2099.779909133911
┌ Info: Threading setup: 
│   Threads.nthreads() = 1
│   n_DFTK = 1
│   n_fft = 1
└   n_blas = 1
┌ Info: 2025-05-14T11:18:50.533
│   name = "Si"
│   Ecut = 18.0
│   kgrid = MonkhorstPack([14, 14, 14])
│   p0 = ComponentVector{Float64}(a = 10.347246312603742)
│   temperature = 0.001
└   smearing = DFTK.Smearing.Gaussian()
┌ Info: 2025-05-14T11:24:55.148
│   name = "NaCl"
│   Ecut = 44.0
│   kgrid = MonkhorstPack([13, 13, 13])
│   p0 = ComponentVector{Float64}(a = 10.746130571470083)
│   temperature = 0
└   smearing = DFTK.Smearing.None()
┌ Info: 2025-05-14T11:49:49.570
│   name = "Al"
│   Ecut = 20.0
│   kgrid = MonkhorstPack([18, 18, 18])
│   p0 = ComponentVector{Float64}(a = 7.641925528121933)
│   temperature = 0.001
└   smearing = DFTK.Smearing.Gaussian()
┌ Info: 2025-05-14T12:00:05.093
│   name = "V"
│   Ecut = 42.0
│   kgrid = MonkhorstPack([20, 20, 20])
│   p0 = ComponentVector{Float64}(a = 5.699267600684394)
│   temperature = 0.001
└   smearing = DFTK.Smearing.Gaussian()
┌ Warning: Negative ρcore detected: -3.4151886922104144e-8
└ @ DFTK ~/.julia/packages/DFTK/n2IL4/src/terms/xc.jl:39
┌ Warning: Negative ρcore detected: Dual{ForwardDiff.Tag{var"#19#21"{@NamedTuple{ham::Hamiltonian, basis::PlaneWaveBasis{Float64, Float64, DFTK.CPU, FFTGrid{Float64, Float64, Array{StaticArraysCore.SVector{3, Int64}, 3}, Array{StaticArraysCore.SVector{3, Float64}, 3}}, Vector{StaticArraysCore.SVector{3, Int64}}}, energies::Energies{Float64}, converged::Bool, occupation_threshold::Float64, ρ::Array{Float64, 4}, τ::Nothing, α::Float64, eigenvalues::Vector{Vector{Float64}}, occupation::Vector{Vector{Float64}}, εF::Float64, n_bands_converge::Int64, n_iter::Int64, n_matvec::Int64, ψ::Vector{Matrix{ComplexF64}}, diagonalization::Vector{@NamedTuple{λ::Vector{Vector{Float64}}, X::Vector{Matrix{ComplexF64}}, residual_norms::Vector{Vector{Float64}}, n_iter::Vector{Int64}, converged::Bool, n_matvec::Int64}}, stage::Symbol, history_Δρ::Vector{Float64}, history_Etot::Vector{Float64}, timedout::Bool, runtime_ns::UInt64, algorithm::String}, Model{Float64, Float64}, Float64, MonkhorstPack, var"#case#4"{Matrix{Float64}, Float64, MonkhorstPack, Vector{StaticArraysCore.SVector{3, Float64}}, Vector{ElementPsp{PspUpf{Float64, Interpolations.Extrapolation{Float64, 1, Interpolations.GriddedInterpolation{Float64, 1, Vector{Float64}, Interpolations.Gridded{Interpolations.Linear{Interpolations.Throw{Interpolations.OnGrid}}}, Tuple{Vector{Float64}}}, Interpolations.Gridded{Interpolations.Linear{Interpolations.Throw{Interpolations.OnGrid}}}, Interpolations.Throw{Nothing}}}}}, Float64, Float64, String}}, Float64}}(-3.4151886922104144e-8,-1.2413273474001241e-8)
└ @ DFTK ~/.julia/packages/DFTK/n2IL4/src/terms/xc.jl:39
┌ Warning: Negative ρcore detected: -3.1471347795788274e-8
└ @ DFTK ~/.julia/packages/DFTK/n2IL4/src/terms/xc.jl:39
┌ Warning: Negative ρcore detected: -3.1471347795788274e-8
└ @ DFTK ~/.julia/packages/DFTK/n2IL4/src/terms/xc.jl:39
┌ Warning: Negative ρcore detected: Dual{ForwardDiff.Tag{var"#19#21"{@NamedTuple{ham::Hamiltonian, basis::PlaneWaveBasis{Float64, Float64, DFTK.CPU, FFTGrid{Float64, Float64, Array{StaticArraysCore.SVector{3, Int64}, 3}, Array{StaticArraysCore.SVector{3, Float64}, 3}}, Vector{StaticArraysCore.SVector{3, Int64}}}, energies::Energies{Float64}, converged::Bool, occupation_threshold::Float64, ρ::Array{Float64, 4}, τ::Nothing, α::Float64, eigenvalues::Vector{Vector{Float64}}, occupation::Vector{Vector{Float64}}, εF::Float64, n_bands_converge::Int64, n_iter::Int64, n_matvec::Int64, ψ::Vector{Matrix{ComplexF64}}, diagonalization::Vector{@NamedTuple{λ::Vector{Vector{Float64}}, X::Vector{Matrix{ComplexF64}}, residual_norms::Vector{Vector{Float64}}, n_iter::Vector{Int64}, converged::Bool, n_matvec::Int64}}, stage::Symbol, history_Δρ::Vector{Float64}, history_Etot::Vector{Float64}, timedout::Bool, runtime_ns::UInt64, algorithm::String}, Model{Float64, Float64}, Float64, MonkhorstPack, var"#case#4"{Matrix{Float64}, Float64, MonkhorstPack, Vector{StaticArraysCore.SVector{3, Float64}}, Vector{ElementPsp{PspUpf{Float64, Interpolations.Extrapolation{Float64, 1, Interpolations.GriddedInterpolation{Float64, 1, Vector{Float64}, Interpolations.Gridded{Interpolations.Linear{Interpolations.Throw{Interpolations.OnGrid}}}, Tuple{Vector{Float64}}}, Interpolations.Gridded{Interpolations.Linear{Interpolations.Throw{Interpolations.OnGrid}}}, Interpolations.Throw{Nothing}}}}}, Float64, Float64, String}}, Float64}}(-3.1471347795788274e-8,-2.511421718297253e-7)
└ @ DFTK ~/.julia/packages/DFTK/n2IL4/src/terms/xc.jl:39
┌ Warning: Negative ρcore detected: -2.681123541323148e-8
└ @ DFTK ~/.julia/packages/DFTK/n2IL4/src/terms/xc.jl:39
┌ Warning: Negative ρcore detected: -2.681123541323148e-8
└ @ DFTK ~/.julia/packages/DFTK/n2IL4/src/terms/xc.jl:39
┌ Warning: Negative ρcore detected: Dual{ForwardDiff.Tag{var"#19#21"{@NamedTuple{ham::Hamiltonian, basis::PlaneWaveBasis{Float64, Float64, DFTK.CPU, FFTGrid{Float64, Float64, Array{StaticArraysCore.SVector{3, Int64}, 3}, Array{StaticArraysCore.SVector{3, Float64}, 3}}, Vector{StaticArraysCore.SVector{3, Int64}}}, energies::Energies{Float64}, converged::Bool, occupation_threshold::Float64, ρ::Array{Float64, 4}, τ::Nothing, α::Float64, eigenvalues::Vector{Vector{Float64}}, occupation::Vector{Vector{Float64}}, εF::Float64, n_bands_converge::Int64, n_iter::Int64, n_matvec::Int64, ψ::Vector{Matrix{ComplexF64}}, diagonalization::Vector{@NamedTuple{λ::Vector{Vector{Float64}}, X::Vector{Matrix{ComplexF64}}, residual_norms::Vector{Vector{Float64}}, n_iter::Vector{Int64}, converged::Bool, n_matvec::Int64}}, stage::Symbol, history_Δρ::Vector{Float64}, history_Etot::Vector{Float64}, timedout::Bool, runtime_ns::UInt64, algorithm::String}, Model{Float64, Float64}, Float64, MonkhorstPack, var"#case#4"{Matrix{Float64}, Float64, MonkhorstPack, Vector{StaticArraysCore.SVector{3, Float64}}, Vector{ElementPsp{PspUpf{Float64, Interpolations.Extrapolation{Float64, 1, Interpolations.GriddedInterpolation{Float64, 1, Vector{Float64}, Interpolations.Gridded{Interpolations.Linear{Interpolations.Throw{Interpolations.OnGrid}}}, Tuple{Vector{Float64}}}, Interpolations.Gridded{Interpolations.Linear{Interpolations.Throw{Interpolations.OnGrid}}}, Interpolations.Throw{Nothing}}}}}, Float64, Float64, String}}, Float64}}(-2.681123541323148e-8,-1.1935637117486713e-8)
└ @ DFTK ~/.julia/packages/DFTK/n2IL4/src/terms/xc.jl:39
┌ Warning: Negative ρcore detected: -2.6510479690663228e-8
└ @ DFTK ~/.julia/packages/DFTK/n2IL4/src/terms/xc.jl:39
┌ Warning: Negative ρcore detected: -2.6510479690663228e-8
└ @ DFTK ~/.julia/packages/DFTK/n2IL4/src/terms/xc.jl:39
┌ Warning: Negative ρcore detected: Dual{ForwardDiff.Tag{var"#19#21"{@NamedTuple{ham::Hamiltonian, basis::PlaneWaveBasis{Float64, Float64, DFTK.CPU, FFTGrid{Float64, Float64, Array{StaticArraysCore.SVector{3, Int64}, 3}, Array{StaticArraysCore.SVector{3, Float64}, 3}}, Vector{StaticArraysCore.SVector{3, Int64}}}, energies::Energies{Float64}, converged::Bool, occupation_threshold::Float64, ρ::Array{Float64, 4}, τ::Nothing, α::Float64, eigenvalues::Vector{Vector{Float64}}, occupation::Vector{Vector{Float64}}, εF::Float64, n_bands_converge::Int64, n_iter::Int64, n_matvec::Int64, ψ::Vector{Matrix{ComplexF64}}, diagonalization::Vector{@NamedTuple{λ::Vector{Vector{Float64}}, X::Vector{Matrix{ComplexF64}}, residual_norms::Vector{Vector{Float64}}, n_iter::Vector{Int64}, converged::Bool, n_matvec::Int64}}, stage::Symbol, history_Δρ::Vector{Float64}, history_Etot::Vector{Float64}, timedout::Bool, runtime_ns::UInt64, algorithm::String}, Model{Float64, Float64}, Float64, MonkhorstPack, var"#case#4"{Matrix{Float64}, Float64, MonkhorstPack, Vector{StaticArraysCore.SVector{3, Float64}}, Vector{ElementPsp{PspUpf{Float64, Interpolations.Extrapolation{Float64, 1, Interpolations.GriddedInterpolation{Float64, 1, Vector{Float64}, Interpolations.Gridded{Interpolations.Linear{Interpolations.Throw{Interpolations.OnGrid}}}, Tuple{Vector{Float64}}}, Interpolations.Gridded{Interpolations.Linear{Interpolations.Throw{Interpolations.OnGrid}}}, Interpolations.Throw{Nothing}}}}}, Float64, Float64, String}}, Float64}}(-2.6510479690663228e-8,-1.5772921272215692e-7)
└ @ DFTK ~/.julia/packages/DFTK/n2IL4/src/terms/xc.jl:39
┌ Warning: Negative ρcore detected: -2.7966140347502697e-8
└ @ DFTK ~/.julia/packages/DFTK/n2IL4/src/terms/xc.jl:39
┌ Warning: Negative ρcore detected: -2.7966140347502697e-8
└ @ DFTK ~/.julia/packages/DFTK/n2IL4/src/terms/xc.jl:39
┌ Warning: Eigensolver not converged
│   n_iter =
│    256-element Vector{Int64}:
│     1
│     1
│     1
│     2
│     ⋮
│     2
│     6
│     3
└ @ DFTK ~/.julia/packages/DFTK/n2IL4/src/scf/self_consistent_field.jl:76
┌ Warning: Negative ρcore detected: Dual{ForwardDiff.Tag{var"#19#21"{@NamedTuple{ham::Hamiltonian, basis::PlaneWaveBasis{Float64, Float64, DFTK.CPU, FFTGrid{Float64, Float64, Array{StaticArraysCore.SVector{3, Int64}, 3}, Array{StaticArraysCore.SVector{3, Float64}, 3}}, Vector{StaticArraysCore.SVector{3, Int64}}}, energies::Energies{Float64}, converged::Bool, occupation_threshold::Float64, ρ::Array{Float64, 4}, τ::Nothing, α::Float64, eigenvalues::Vector{Vector{Float64}}, occupation::Vector{Vector{Float64}}, εF::Float64, n_bands_converge::Int64, n_iter::Int64, n_matvec::Int64, ψ::Vector{Matrix{ComplexF64}}, diagonalization::Vector{@NamedTuple{λ::Vector{Vector{Float64}}, X::Vector{Matrix{ComplexF64}}, residual_norms::Vector{Vector{Float64}}, n_iter::Vector{Int64}, converged::Bool, n_matvec::Int64}}, stage::Symbol, history_Δρ::Vector{Float64}, history_Etot::Vector{Float64}, timedout::Bool, runtime_ns::UInt64, algorithm::String}, Model{Float64, Float64}, Float64, MonkhorstPack, var"#case#4"{Matrix{Float64}, Float64, MonkhorstPack, Vector{StaticArraysCore.SVector{3, Float64}}, Vector{ElementPsp{PspUpf{Float64, Interpolations.Extrapolation{Float64, 1, Interpolations.GriddedInterpolation{Float64, 1, Vector{Float64}, Interpolations.Gridded{Interpolations.Linear{Interpolations.Throw{Interpolations.OnGrid}}}, Tuple{Vector{Float64}}}, Interpolations.Gridded{Interpolations.Linear{Interpolations.Throw{Interpolations.OnGrid}}}, Interpolations.Throw{Nothing}}}}}, Float64, Float64, String}}, Float64}}(-2.7966140347502697e-8,-1.1174237263586248e-7)
└ @ DFTK ~/.julia/packages/DFTK/n2IL4/src/terms/xc.jl:39
┌ Warning: Negative ρcore detected: -2.802982729329226e-8
└ @ DFTK ~/.julia/packages/DFTK/n2IL4/src/terms/xc.jl:39
┌ Warning: Negative ρcore detected: -2.802982729329226e-8
└ @ DFTK ~/.julia/packages/DFTK/n2IL4/src/terms/xc.jl:39
┌ Warning: Negative ρcore detected: Dual{ForwardDiff.Tag{var"#19#21"{@NamedTuple{ham::Hamiltonian, basis::PlaneWaveBasis{Float64, Float64, DFTK.CPU, FFTGrid{Float64, Float64, Array{StaticArraysCore.SVector{3, Int64}, 3}, Array{StaticArraysCore.SVector{3, Float64}, 3}}, Vector{StaticArraysCore.SVector{3, Int64}}}, energies::Energies{Float64}, converged::Bool, occupation_threshold::Float64, ρ::Array{Float64, 4}, τ::Nothing, α::Float64, eigenvalues::Vector{Vector{Float64}}, occupation::Vector{Vector{Float64}}, εF::Float64, n_bands_converge::Int64, n_iter::Int64, n_matvec::Int64, ψ::Vector{Matrix{ComplexF64}}, diagonalization::Vector{@NamedTuple{λ::Vector{Vector{Float64}}, X::Vector{Matrix{ComplexF64}}, residual_norms::Vector{Vector{Float64}}, n_iter::Vector{Int64}, converged::Bool, n_matvec::Int64}}, stage::Symbol, history_Δρ::Vector{Float64}, history_Etot::Vector{Float64}, timedout::Bool, runtime_ns::UInt64, algorithm::String}, Model{Float64, Float64}, Float64, MonkhorstPack, var"#case#4"{Matrix{Float64}, Float64, MonkhorstPack, Vector{StaticArraysCore.SVector{3, Float64}}, Vector{ElementPsp{PspUpf{Float64, Interpolations.Extrapolation{Float64, 1, Interpolations.GriddedInterpolation{Float64, 1, Vector{Float64}, Interpolations.Gridded{Interpolations.Linear{Interpolations.Throw{Interpolations.OnGrid}}}, Tuple{Vector{Float64}}}, Interpolations.Gridded{Interpolations.Linear{Interpolations.Throw{Interpolations.OnGrid}}}, Interpolations.Throw{Nothing}}}}}, Float64, Float64, String}}, Float64}}(-2.802982729329226e-8,-1.0937699642021966e-7)
└ @ DFTK ~/.julia/packages/DFTK/n2IL4/src/terms/xc.jl:39
 * Status: success

 * Candidate solution
    Final objective value:     -7.505475e+01

 * Found with
    Algorithm:     L-BFGS

 * Convergence measures
    |x - x'|               = 5.76e-04 ≰ -1.0e+00
    |x - x'|/|x'|          = 9.56e-05 ≰ 0.0e+00
    |f(x) - f(x')|         = 1.71e-08 ≰ 1.0e-08
    |f(x) - f(x')|/|f(x')| = 2.28e-10 ≰ 0.0e+00
    |g(x)|                 = 6.95e-07 ≤ 1.0e-06

 * Work counters
    Seconds run:   2100  (vs limit Inf)
    Iterations:    5
    f(x) calls:    6
    ∇f(x) calls:   6

V: 2232.076304 seconds (1.15 G allocations: 550.643 GiB, 5.01% gc time, 0.01% compilation time)
