n     Energy            log10(ΔE)   log10(Δρ)   Diag   Δtime
---   ---------------   ---------   ---------   ----   ------
  1   -8.761528673782                   -0.88    7.0    11.8s
  2   -8.769838747812       -2.08       -1.37    2.8    5.57s
  3   -8.771586183532       -2.76       -1.93    4.2    2.13s
  4   -8.771718634855       -3.88       -3.05    3.8    1.70s
  5   -8.771722678964       -5.39       -3.42    4.4    2.19s
  6   -8.771722873596       -6.71       -3.89    4.1    1.70s
  7   -8.771722884280       -7.97       -4.34    3.9    1.99s
  8   -8.771722885484       -8.92       -5.61    3.5    1.83s
  9   -8.771722885503      -10.71       -5.59    4.3    1.87s
 10   -8.771722885507      -11.40       -6.94    3.7    1.74s
 11   -8.771722885507      -12.78       -7.29    4.6    2.27s
Iter     Function value   Gradient norm 
     0    -8.771723e+00     2.831349e-02
 * time: 9.059906005859375e-6
n     Energy            log10(ΔE)   log10(Δρ)   Diag   Δtime
---   ---------------   ---------   ---------   ----   ------
  1   -8.762338496924                   -0.89    7.1    2.67s
  2   -8.770623762898       -2.08       -1.38    2.8    1.57s
  3   -8.772349492215       -2.76       -1.91    4.2    1.84s
  4   -8.772490038620       -3.85       -2.98    3.7    1.91s
  5   -8.772494565935       -5.34       -3.17    4.2    1.83s
  6   -8.772494972027       -6.39       -3.69    4.0    1.94s
  7   -8.772495005006       -7.48       -4.47    3.5    1.55s
  8   -8.772495005972       -9.02       -5.09    3.5    1.88s
  9   -8.772495006010      -10.42       -5.52    3.7    1.57s
 10   -8.772495006016      -11.20       -6.43    3.9    1.91s
 11   -8.772495006016      -12.62       -7.21    3.9    1.75s
n     Energy            log10(ΔE)   log10(Δρ)   Diag   Δtime
---   ---------------   ---------   ---------   ----   ------
  1   -8.762349242070                   -0.89    7.1    2.56s
  2   -8.770631818368       -2.08       -1.38    2.7    1.26s
  3   -8.772351724979       -2.76       -1.91    4.2    2.03s
  4   -8.772489775719       -3.86       -2.97    3.9    1.62s
  5   -8.772494551631       -5.32       -3.16    4.2    2.06s
  6   -8.772494975590       -6.37       -3.74    4.0    1.58s
  7   -8.772495004812       -7.53       -4.39    3.7    1.85s
  8   -8.772495005952       -8.94       -5.05    3.3    1.43s
  9   -8.772495006011      -10.23       -5.56    3.8    1.89s
 10   -8.772495006016      -11.28       -6.39    4.2    1.66s
 11   -8.772495006016      -12.60       -7.16    3.8    1.99s
     1    -8.772495e+00     2.623696e-02
 * time: 54.15054702758789
n     Energy            log10(ΔE)   log10(Δρ)   Diag   Δtime
---   ---------------   ---------   ---------   ----   ------
  1   -8.768055781202                   -0.93    7.3    2.69s
  2   -8.776100563514       -2.09       -1.46    2.8    1.31s
  3   -8.777613533440       -2.82       -1.88    4.2    2.12s
  4   -8.777763025289       -3.83       -2.88    3.7    1.97s
  5   -8.777766412156       -5.47       -3.23    4.1    1.88s
  6   -8.777766688793       -6.56       -4.15    4.0    1.91s
  7   -8.777766701691       -7.89       -4.36    4.3    1.90s
  8   -8.777766703062       -8.86       -5.39    3.8    1.84s
  9   -8.777766703145      -10.08       -5.41    4.7    2.02s
 10   -8.777766703158      -10.89       -6.15    3.3    1.70s
 11   -8.777766703159      -12.02       -6.99    4.1    1.80s
 12   -8.777766703159      -13.80       -7.57    4.3    2.20s
n     Energy            log10(ΔE)   log10(Δρ)   Diag   Δtime
---   ---------------   ---------   ---------   ----   ------
  1   -8.768047584513                   -0.93    7.2    2.78s
  2   -8.776094739939       -2.09       -1.46    2.9    1.66s
  3   -8.777612428644       -2.82       -1.88    4.1    1.87s
  4   -8.777762687295       -3.82       -2.87    3.7    2.01s
  5   -8.777766395173       -5.43       -3.21    4.0    1.91s
  6   -8.777766687392       -6.53       -4.19    3.9    1.95s
  7   -8.777766701532       -7.85       -4.33    4.5    1.99s
  8   -8.777766703038       -8.82       -5.40    3.6    1.83s
  9   -8.777766703145       -9.97       -5.41    4.7    2.03s
 10   -8.777766703157      -10.91       -6.06    3.3    1.66s
 11   -8.777766703159      -11.90       -6.85    4.1    1.78s
 12   -8.777766703159      -13.60       -7.51    4.2    2.16s
     2    -8.777767e+00     4.593897e-03
 * time: 113.96951484680176
n     Energy            log10(ΔE)   log10(Δρ)   Diag   Δtime
---   ---------------   ---------   ---------   ----   ------
  1   -8.768435280249                   -0.94    7.2    2.81s
  2   -8.776292678821       -2.10       -1.46    2.6    1.33s
  3   -8.777826214256       -2.81       -1.89    4.0    2.06s
  4   -8.777972400540       -3.84       -2.86    3.8    1.96s
  5   -8.777976453753       -5.39       -3.17    4.2    1.87s
  6   -8.777976822376       -6.43       -4.11    3.8    1.92s
  7   -8.777976842539       -7.70       -4.36    4.1    1.89s
  8   -8.777976843903       -8.87       -5.43    3.7    1.81s
  9   -8.777976843978      -10.12       -5.53    4.3    1.96s
 10   -8.777976843986      -11.12       -6.35    3.7    1.80s
 11   -8.777976843986      -12.31       -7.03    4.1    1.86s
n     Energy            log10(ΔE)   log10(Δρ)   Diag   Δtime
---   ---------------   ---------   ---------   ----   ------
  1   -8.768446784845                   -0.94    7.2    2.80s
  2   -8.776288761840       -2.11       -1.46    2.7    1.32s
  3   -8.777826540073       -2.81       -1.89    3.9    2.09s
  4   -8.777973040186       -3.83       -2.87    3.9    1.99s
  5   -8.777976485993       -5.46       -3.20    4.0    1.81s
  6   -8.777976824795       -6.47       -4.00    4.1    1.93s
  7   -8.777976842861       -7.74       -4.44    3.9    1.75s
  8   -8.777976843940       -8.97       -5.57    3.8    1.84s
  9   -8.777976843981      -10.39       -5.61    4.5    1.96s
 10   -8.777976843986      -11.29       -6.68    3.8    1.75s
 11   -8.777976843986      -12.60       -7.44    4.2    1.87s
     3    -8.777977e+00     9.942042e-04
 * time: 169.10822701454163
n     Energy            log10(ΔE)   log10(Δρ)   Diag   Δtime
---   ---------------   ---------   ---------   ----   ------
  1   -8.768476428508                   -0.95    7.2    2.75s
  2   -8.776180139954       -2.11       -1.41    2.8    1.57s
  3   -8.777855476892       -2.78       -1.94    4.2    1.84s
  4   -8.777985146761       -3.89       -3.13    3.6    1.97s
  5   -8.777987657908       -5.60       -3.54    5.1    2.08s
  6   -8.777987796330       -6.86       -4.03    3.3    1.88s
  7   -8.777987809088       -7.89       -4.37    4.1    2.11s
  8   -8.777987810469       -8.86       -5.46    3.7    1.54s
  9   -8.777987810502      -10.47       -5.91    4.2    2.19s
 10   -8.777987810503      -11.90       -6.91    4.1    1.69s
 11   -8.777987810503      -13.55       -8.35    3.9    2.08s
n     Energy            log10(ΔE)   log10(Δρ)   Diag   Δtime
---   ---------------   ---------   ---------   ----   ------
  1   -8.768475052834                   -0.95    7.2    2.84s
  2   -8.776161762420       -2.11       -1.41    2.7    1.61s
  3   -8.777854351223       -2.77       -1.94    4.3    1.90s
  4   -8.777984909372       -3.88       -3.13    3.7    2.00s
  5   -8.777987653625       -5.56       -3.54    5.1    2.10s
  6   -8.777987796205       -6.85       -4.02    3.3    1.93s
  7   -8.777987809002       -7.89       -4.35    4.1    2.15s
  8   -8.777987810463       -8.84       -5.43    3.7    1.53s
  9   -8.777987810502      -10.41       -5.91    4.1    2.14s
 10   -8.777987810503      -11.87       -6.85    4.1    1.67s
 11   -8.777987810503      -13.50       -7.84    4.0    2.07s
     4    -8.777988e+00     5.555754e-05
 * time: 225.4971489906311
n     Energy            log10(ΔE)   log10(Δρ)   Diag   Δtime
---   ---------------   ---------   ---------   ----   ------
  1   -8.768476373328                   -0.95    7.2    2.82s
  2   -8.776154732408       -2.11       -1.41    2.7    1.61s
  3   -8.777854025922       -2.77       -1.94    4.3    1.90s
  4   -8.777984971266       -3.88       -3.15    3.5    2.03s
  5   -8.777987693067       -5.57       -3.55    5.1    2.06s
  6   -8.777987832199       -6.86       -4.03    3.3    1.88s
  7   -8.777987843979       -7.93       -4.36    4.2    1.78s
  8   -8.777987845401       -8.85       -5.45    3.8    1.85s
  9   -8.777987845437      -10.45       -5.94    4.3    1.88s
 10   -8.777987845438      -11.93       -7.07    4.1    1.99s
n     Energy            log10(ΔE)   log10(Δρ)   Diag   Δtime
---   ---------------   ---------   ---------   ----   ------
  1   -8.768470615121                   -0.95    7.4    2.90s
  2   -8.776151912565       -2.11       -1.41    2.6    1.54s
  3   -8.777853929402       -2.77       -1.94    4.3    1.97s
  4   -8.777985082036       -3.88       -3.15    3.5    2.37s
  5   -8.777987695408       -5.58       -3.55    5.1    2.09s
  6   -8.777987831549       -6.87       -4.02    3.2    1.86s
  7   -8.777987843976       -7.91       -4.36    4.1    1.81s
  8   -8.777987845405       -8.84       -5.59    3.8    1.91s
  9   -8.777987845436      -10.51       -5.83    4.8    2.01s
 10   -8.777987845438      -11.76       -6.84    4.0    1.88s
 11   -8.777987845438      -13.19       -8.01    4.3    1.90s
     5    -8.777988e+00     7.427041e-07
 * time: 280.75054693222046
 * Status: success

 * Candidate solution
    Final objective value:     -8.777988e+00

 * Found with
    Algorithm:     L-BFGS

 * Convergence measures
    |x - x'|               = 1.24e-03 ≰ -1.0e+00
    |x - x'|/|x'|          = 1.15e-04 ≰ 0.0e+00
    |f(x) - f(x')|         = 3.49e-08 ≰ 1.0e-08
    |f(x) - f(x')|/|f(x')| = 3.98e-09 ≰ 0.0e+00
    |g(x)|                 = 7.43e-07 ≤ 1.0e-06

 * Work counters
    Seconds run:   281  (vs limit Inf)
    Iterations:    5
    f(x) calls:    6
    ∇f(x) calls:   6

Si: 364.557929 seconds (524.48 M allocations: 119.507 GiB, 8.62% gc time, 15.04% compilation time: <1% of which was recompilation)
n     Energy            log10(ΔE)   log10(Δρ)   Diag   Δtime
---   ---------------   ---------   ---------   ----   ------
  1   -63.91712760604                   -0.87    9.3    20.2s
  2   -63.92854447839       -1.94       -1.00    2.6    7.93s
  3   -63.94417802954       -1.81       -2.06    4.1    8.99s
  4   -63.94427554244       -4.01       -2.26    3.0    8.80s
  5   -63.94430209584       -4.58       -3.36    2.4    7.47s
  6   -63.94430250119       -6.39       -3.66    4.1    9.93s
  7   -63.94430265269       -6.82       -4.64    2.9    7.76s
  8   -63.94430265357       -9.06       -5.05    4.0    10.3s
  9   -63.94430265360      -10.49       -6.15    2.7    7.98s
 10   -63.94430265360      -11.81       -6.43    4.0    10.7s
 11   -63.94430265360      -12.97       -7.43    2.7    7.80s
Iter     Function value   Gradient norm 
     0    -6.394430e+01     1.102297e-02
 * time: 5.0067901611328125e-6
n     Energy            log10(ΔE)   log10(Δρ)   Diag   Δtime
---   ---------------   ---------   ---------   ----   ------
  1   -63.91720934295                   -0.87    9.0    17.3s
  2   -63.92861798223       -1.94       -1.00    2.4    6.92s
  3   -63.94429791949       -1.80       -2.06    4.0    9.06s
  4   -63.94439491233       -4.01       -2.26    3.1    8.55s
  5   -63.94442186616       -4.57       -3.36    2.4    7.32s
  6   -63.94442227103       -6.39       -3.66    4.0    9.72s
  7   -63.94442242122       -6.82       -4.65    3.0    7.50s
  8   -63.94442242208       -9.06       -5.02    4.0    10.6s
  9   -63.94442242212      -10.48       -6.01    2.7    8.02s
 10   -63.94442242212      -11.72       -6.38    4.0    10.4s
 11   -63.94442242212      -13.85       -7.24    2.7    7.88s
n     Energy            log10(ΔE)   log10(Δρ)   Diag   Δtime
---   ---------------   ---------   ---------   ----   ------
  1   -63.91721021281                   -0.87    8.9    17.5s
  2   -63.92860594536       -1.94       -1.00    2.3    7.53s
  3   -63.94429784729       -1.80       -2.06    4.0    9.27s
  4   -63.94439503825       -4.01       -2.26    3.2    8.63s
  5   -63.94442186069       -4.57       -3.35    2.3    7.41s
  6   -63.94442226073       -6.40       -3.65    3.9    9.77s
  7   -63.94442242142       -6.79       -4.69    3.0    7.49s
  8   -63.94442242209       -9.17       -5.04    4.1    10.7s
  9   -63.94442242212      -10.48       -6.09    2.5    7.58s
 10   -63.94442242212      -11.75       -6.43    3.9    10.3s
 11   -63.94442242212      -12.97       -7.84    2.7    7.78s
     1    -6.394442e+01     1.070830e-02
 * time: 238.50927805900574
n     Energy            log10(ΔE)   log10(Δρ)   Diag   Δtime
---   ---------------   ---------   ---------   ----   ------
  1   -63.91781349636                   -0.87    9.4    19.8s
  2   -63.92694333977       -2.04       -0.97    2.4    7.78s
  3   -63.94650971800       -1.71       -2.04    4.2    10.1s
  4   -63.94662556641       -3.94       -2.23    3.2    9.54s
  5   -63.94665951829       -4.47       -3.29    2.3    8.13s
  6   -63.94666010397       -6.23       -3.58    4.0    10.6s
  7   -63.94666034186       -6.62       -4.59    3.0    8.29s
  8   -63.94666034328       -8.85       -4.95    4.0    11.3s
  9   -63.94666034333      -10.28       -5.91    2.6    8.40s
 10   -63.94666034333      -11.46       -6.34    3.9    11.3s
 11   -63.94666034333      -12.92       -7.40    2.6    8.38s
n     Energy            log10(ΔE)   log10(Δρ)   Diag   Δtime
---   ---------------   ---------   ---------   ----   ------
  1   -63.91781415771                   -0.87    9.3    19.6s
  2   -63.92693767472       -2.04       -0.97    2.4    7.67s
  3   -63.94650958966       -1.71       -2.04    4.0    10.2s
  4   -63.94662557291       -3.94       -2.23    3.1    9.42s
  5   -63.94665950577       -4.47       -3.29    2.4    8.17s
  6   -63.94666010907       -6.22       -3.58    4.0    10.9s
  7   -63.94666034180       -6.63       -4.57    2.9    8.38s
  8   -63.94666034328       -8.83       -4.97    4.0    11.5s
  9   -63.94666034333      -10.33       -5.99    2.7    8.75s
 10   -63.94666034333      -11.52       -6.34    4.0    11.6s
 11   -63.94666034333      -12.97       -7.17    2.7    8.64s
     2    -6.394666e+01     1.687787e-03
 * time: 500.98864793777466
n     Energy            log10(ΔE)   log10(Δρ)   Diag   Δtime
---   ---------------   ---------   ---------   ----   ------
  1   -63.91753850913                   -0.88    9.8    20.3s
  2   -63.92625934528       -2.06       -0.96    2.5    8.16s
  3   -63.94657531187       -1.69       -2.03    4.2    10.0s
  4   -63.94669369581       -3.93       -2.22    3.2    10.0s
  5   -63.94672931414       -4.45       -3.28    2.4    8.05s
  6   -63.94672994250       -6.20       -3.56    3.9    11.0s
  7   -63.94673020376       -6.58       -4.57    2.9    8.03s
  8   -63.94673020520       -8.84       -4.95    4.1    11.3s
  9   -63.94673020526      -10.27       -5.95    2.7    8.91s
 10   -63.94673020526      -11.48       -6.31    4.1    11.5s
 11   -63.94673020526      -12.87       -7.72    2.7    8.84s
n     Energy            log10(ΔE)   log10(Δρ)   Diag   Δtime
---   ---------------   ---------   ---------   ----   ------
  1   -63.91753783518                   -0.88    9.7    20.3s
  2   -63.92620521412       -2.06       -0.96    2.5    7.94s
  3   -63.94657528237       -1.69       -2.04    4.2    10.5s
  4   -63.94669394765       -3.93       -2.23    3.2    9.62s
  5   -63.94672931448       -4.45       -3.28    2.3    8.15s
  6   -63.94672994134       -6.20       -3.56    3.9    10.7s
  7   -63.94673020366       -6.58       -4.58    3.0    7.94s
  8   -63.94673020520       -8.81       -4.94    4.1    11.9s
  9   -63.94673020526      -10.25       -5.95    2.7    8.57s
 10   -63.94673020526      -11.42       -6.31    4.0    11.6s
 11   -63.94673020526      -13.11       -7.74    2.5    8.29s
     3    -6.394673e+01     3.178875e-04
 * time: 769.1193950176239
n     Energy            log10(ΔE)   log10(Δρ)   Diag   Δtime
---   ---------------   ---------   ---------   ----   ------
  1   -63.91745784601                   -0.88    9.7    20.3s
  2   -63.92617298233       -2.06       -0.96    2.4    7.62s
  3   -63.94657845232       -1.69       -2.03    4.1    9.65s
  4   -63.94669590765       -3.93       -2.23    3.1    9.62s
  5   -63.94673201065       -4.44       -3.29    2.3    7.75s
  6   -63.94673263164       -6.21       -3.57    3.9    11.1s
  7   -63.94673288879       -6.59       -4.57    2.7    7.78s
  8   -63.94673289027       -8.83       -4.95    4.1    11.5s
  9   -63.94673289032      -10.28       -5.90    2.6    8.26s
 10   -63.94673289033      -11.42       -6.28    3.9    11.1s
 11   -63.94673289033      -12.92       -7.41    2.8    8.39s
n     Energy            log10(ΔE)   log10(Δρ)   Diag   Δtime
---   ---------------   ---------   ---------   ----   ------
  1   -63.91745891304                   -0.88    9.6    19.9s
  2   -63.92614473060       -2.06       -0.96    2.5    7.77s
  3   -63.94657550134       -1.69       -2.03    4.2    10.1s
  4   -63.94669535133       -3.92       -2.22    3.1    9.25s
  5   -63.94673198094       -4.44       -3.28    2.3    8.17s
  6   -63.94673262390       -6.19       -3.56    3.9    10.6s
  7   -63.94673288853       -6.58       -4.56    2.8    8.22s
  8   -63.94673289026       -8.76       -4.92    4.0    11.1s
  9   -63.94673289032      -10.23       -5.90    2.6    8.48s
 10   -63.94673289033      -11.44       -6.28    4.0    11.1s
 11   -63.94673289033      -13.07       -7.27    2.8    8.62s
     4    -6.394673e+01     1.259795e-05
 * time: 1030.4841120243073
n     Energy            log10(ΔE)   log10(Δρ)   Diag   Δtime
---   ---------------   ---------   ---------   ----   ------
  1   -63.91745564742                   -0.88    9.3    19.6s
  2   -63.92609676497       -2.06       -0.96    2.4    7.68s
  3   -63.94657656877       -1.69       -2.03    4.1    10.1s
  4   -63.94669577807       -3.92       -2.22    3.1    9.53s
  5   -63.94673198842       -4.44       -3.28    2.4    8.37s
  6   -63.94673263246       -6.19       -3.56    3.9    10.6s
  7   -63.94673289305       -6.58       -4.56    2.9    8.22s
  8   -63.94673289455       -8.82       -4.95    4.1    11.3s
  9   -63.94673289461      -10.26       -5.95    2.7    8.61s
 10   -63.94673289461      -11.47       -6.31    4.0    11.8s
 11   -63.94673289461      -13.11       -7.74    2.6    8.50s
n     Energy            log10(ΔE)   log10(Δρ)   Diag   Δtime
---   ---------------   ---------   ---------   ----   ------
  1   -63.91745472345                   -0.88    9.3    19.6s
  2   -63.92612339641       -2.06       -0.96    2.4    7.55s
  3   -63.94657705565       -1.69       -2.03    4.1    9.79s
  4   -63.94669583913       -3.93       -2.22    3.1    9.35s
  5   -63.94673199293       -4.44       -3.28    2.3    7.82s
  6   -63.94673262637       -6.20       -3.56    4.0    10.9s
  7   -63.94673289303       -6.57       -4.56    2.8    8.13s
  8   -63.94673289454       -8.82       -4.90    4.0    11.4s
  9   -63.94673289460      -10.22       -5.85    2.7    8.80s
 10   -63.94673289461      -11.41       -6.21    3.9    11.1s
 11   -63.94673289461      -12.62       -7.54    2.6    8.81s
     5    -6.394673e+01     1.176037e-07
 * time: 1298.8344190120697
 * Status: success

 * Candidate solution
    Final objective value:     -6.394673e+01

 * Found with
    Algorithm:     L-BFGS

 * Convergence measures
    |x - x'|               = 6.72e-04 ≰ -1.0e+00
    |x - x'|/|x'|          = 5.99e-05 ≰ 0.0e+00
    |f(x) - f(x')|         = 4.28e-09 ≤ 1.0e-08
    |f(x) - f(x')|/|f(x')| = 6.70e-11 ≰ 0.0e+00
    |g(x)|                 = 1.18e-07 ≤ 1.0e-06

 * Work counters
    Seconds run:   1299  (vs limit Inf)
    Iterations:    5
    f(x) calls:    6
    ∇f(x) calls:   6

NaCl: 1432.714470 seconds (1.51 G allocations: 421.233 GiB, 5.67% gc time, 0.23% compilation time)
n     Energy            log10(ΔE)   log10(Δρ)   Diag   Δtime
---   ---------------   ---------   ---------   ----   ------
  1   -2.363494715915                   -1.72    5.5    2.04s
  2   -2.364138221792       -3.19       -1.93    1.4    774ms
  3   -2.364732271299       -3.23       -2.44    4.6    1.94s
  4   -2.364820451414       -4.05       -2.98    4.5    1.63s
  5   -2.364824099231       -5.44       -3.34    3.7    1.72s
  6   -2.364825028061       -6.03       -4.07    3.9    1.45s
  7   -2.364825059561       -7.50       -4.08    4.6    1.96s
  8   -2.364825087117       -7.56       -4.48    4.1    1.49s
  9   -2.364825092034       -8.31       -5.89    3.6    1.69s
 10   -2.364825092046      -10.92       -5.99    4.3    1.64s
 11   -2.364825092049      -11.51       -6.26    2.9    1.15s
 12   -2.364825092051      -11.69       -7.66    3.8    1.76s
Iter     Function value   Gradient norm 
     0    -2.364825e+00     2.532024e-02
 * time: 3.814697265625e-6
n     Energy            log10(ΔE)   log10(Δρ)   Diag   Δtime
---   ---------------   ---------   ---------   ----   ------
  1   -2.364167319369                   -1.73    5.4    2.11s
  2   -2.364794917951       -3.20       -1.94    1.3    793ms
  3   -2.365363522011       -3.25       -2.47    4.6    2.02s
  4   -2.365448947862       -4.07       -2.95    4.4    1.68s
  5   -2.365454871255       -5.23       -3.60    3.8    1.77s
  6   -2.365455254048       -6.42       -4.05    3.9    1.55s
  7   -2.365455312521       -7.23       -4.72    3.9    1.79s
  8   -2.365455314280       -8.75       -5.10    4.0    1.57s
  9   -2.365455314529       -9.60       -5.88    3.7    1.74s
 10   -2.365455314542      -10.92       -6.06    4.1    1.58s
 11   -2.365455314543      -11.79       -6.89    3.0    1.51s
 12   -2.365455314543      -13.68       -7.00    3.5    1.40s
 13   -2.365455314543      -13.50       -7.91    3.0    1.28s
n     Energy            log10(ΔE)   log10(Δρ)   Diag   Δtime
---   ---------------   ---------   ---------   ----   ------
  1   -2.364163783209                   -1.73    5.4    2.05s
  2   -2.364792364410       -3.20       -1.94    1.3    748ms
  3   -2.365363307557       -3.24       -2.47    4.4    1.92s
  4   -2.365449110728       -4.07       -2.96    4.5    1.66s
  5   -2.365454842013       -5.24       -3.58    3.8    1.79s
  6   -2.365455253821       -6.39       -4.05    3.9    1.49s
  7   -2.365455312604       -7.23       -4.76    4.0    1.79s
  8   -2.365455314219       -8.79       -5.07    4.0    1.52s
  9   -2.365455314525       -9.51       -5.83    3.8    1.82s
 10   -2.365455314538      -10.90       -5.97    4.2    1.57s
 11   -2.365455314543      -11.26       -6.59    3.4    1.66s
 12   -2.365455314543      -14.15       -7.04    3.4    1.37s
     1    -2.365455e+00     2.446852e-02
 * time: 70.17117285728455
n     Energy            log10(ΔE)   log10(Δρ)   Diag   Δtime
---   ---------------   ---------   ---------   ----   ------
  1   -2.377718758859                   -2.00    5.5    1.51s
  2   -2.378077064037       -3.45       -2.19    1.2    907ms
  3   -2.378314592714       -3.62       -2.83    4.6    1.40s
  4   -2.378325471041       -4.96       -3.09    3.9    1.49s
  5   -2.378329921953       -5.35       -3.53    3.9    1.19s
  6   -2.378330636062       -6.15       -3.95    4.1    1.53s
  7   -2.378330686635       -7.30       -4.43    3.6    1.11s
  8   -2.378330694929       -8.08       -5.13    3.9    1.48s
  9   -2.378330695350       -9.38       -5.48    4.0    1.21s
 10   -2.378330695390      -10.40       -6.01    3.7    1.43s
 11   -2.378330695398      -11.11       -6.34    4.1    1.23s
 12   -2.378330695398      -12.23       -7.11    3.5    1.39s
n     Energy            log10(ΔE)   log10(Δρ)   Diag   Δtime
---   ---------------   ---------   ---------   ----   ------
  1   -2.377717215139                   -2.00    5.5    1.80s
  2   -2.378076351997       -3.44       -2.19    1.2    620ms
  3   -2.378314463468       -3.62       -2.83    4.6    1.70s
  4   -2.378325452595       -4.96       -3.09    3.9    1.22s
  5   -2.378329915025       -5.35       -3.53    3.8    1.50s
  6   -2.378330636511       -6.14       -3.96    4.1    1.27s
  7   -2.378330686311       -7.30       -4.42    3.6    1.44s
  8   -2.378330694871       -8.07       -5.09    4.0    1.23s
  9   -2.378330695341       -9.33       -5.44    4.0    1.55s
 10   -2.378330695389      -10.31       -5.99    3.8    1.16s
 11   -2.378330695398      -11.08       -6.35    4.0    1.54s
 12   -2.378330695398      -12.23       -7.18    3.5    1.10s
     2    -2.378331e+00     1.365027e-02
 * time: 133.2111268043518
n     Energy            log10(ΔE)   log10(Δρ)   Diag   Δtime
---   ---------------   ---------   ---------   ----   ------
  1   -2.387517398777                   -2.00    6.2    4.06s
  2   -2.387689350634       -3.76       -2.23    1.3    1.83s
  3   -2.387754299016       -4.19       -3.04    3.9    2.91s
  4   -2.387756449485       -5.67       -3.27    3.7    3.01s
  5   -2.387757622664       -5.93       -3.70    3.6    3.04s
  6   -2.387757634857       -7.91       -3.79    3.0    2.36s
  7   -2.387757689496       -7.26       -4.42    3.1    2.73s
  8   -2.387757691759       -8.65       -4.92    3.0    2.65s
  9   -2.387757691946       -9.73       -5.53    2.6    2.12s
 10   -2.387757691956      -10.98       -5.99    2.7    2.46s
 11   -2.387757691957      -12.01       -6.84    2.7    2.26s
 12   -2.387757691957      -13.38       -7.74    3.8    3.02s
n     Energy            log10(ΔE)   log10(Δρ)   Diag   Δtime
---   ---------------   ---------   ---------   ----   ------
  1   -2.387512751130                   -2.00    6.2    4.05s
  2   -2.387689684221       -3.75       -2.23    1.3    1.82s
  3   -2.387754306686       -4.19       -3.04    3.8    2.86s
  4   -2.387756484539       -5.66       -3.27    3.6    2.93s
  5   -2.387757625978       -5.94       -3.72    3.6    2.96s
  6   -2.387757636021       -8.00       -3.79    2.9    2.30s
  7   -2.387757689633       -7.27       -4.43    3.1    2.76s
  8   -2.387757691759       -8.67       -4.92    3.0    2.74s
  9   -2.387757691946       -9.73       -5.53    2.6    2.13s
 10   -2.387757691956      -10.98       -6.00    2.6    2.43s
 11   -2.387757691957      -12.02       -6.83    2.7    2.50s
 12   -2.387757691957      -13.44       -7.75    3.8    2.78s
     3    -2.387758e+00     7.010183e-03
 * time: 232.18556094169617
n     Energy            log10(ΔE)   log10(Δρ)   Diag   Δtime
---   ---------------   ---------   ---------   ----   ------
  1   -2.391538634106                   -1.98    6.0    3.60s
  2   -2.391642754151       -3.98       -2.21    1.2    1.51s
  3   -2.391680845841       -4.42       -3.11    3.6    2.19s
  4   -2.391682547692       -5.77       -3.47    3.4    2.37s
  5   -2.391682755966       -6.68       -4.06    2.9    2.16s
  6   -2.391682796877       -7.39       -4.56    3.3    2.23s
  7   -2.391682799239       -8.63       -4.96    2.9    2.10s
  8   -2.391682799690       -9.35       -5.44    2.8    1.79s
  9   -2.391682799724      -10.46       -6.16    2.7    2.02s
 10   -2.391682799726      -11.66       -6.60    2.8    2.11s
 11   -2.391682799727      -12.49       -7.27    2.5    2.04s
n     Energy            log10(ΔE)   log10(Δρ)   Diag   Δtime
---   ---------------   ---------   ---------   ----   ------
  1   -2.391537034701                   -1.98    5.9    3.29s
  2   -2.391642771442       -3.98       -2.21    1.2    1.51s
  3   -2.391680853646       -4.42       -3.11    3.6    2.49s
  4   -2.391682535394       -5.77       -3.46    3.5    2.07s
  5   -2.391682755301       -6.66       -4.06    2.9    2.09s
  6   -2.391682796879       -7.38       -4.56    3.3    2.16s
  7   -2.391682799181       -8.64       -4.94    2.9    1.98s
  8   -2.391682799688       -9.29       -5.43    2.8    1.98s
  9   -2.391682799724      -10.45       -6.15    2.7    1.67s
 10   -2.391682799726      -11.65       -6.59    2.8    2.04s
 11   -2.391682799727      -12.44       -7.25    2.6    2.17s
     4    -2.391683e+00     1.338447e-03
 * time: 316.7974328994751
n     Energy            log10(ΔE)   log10(Δρ)   Diag   Δtime
---   ---------------   ---------   ---------   ----   ------
  1   -2.391732132357                   -1.99    6.0    3.39s
  2   -2.391825169519       -4.03       -2.22    1.2    1.52s
  3   -2.391862432926       -4.43       -3.08    3.5    2.49s
  4   -2.391864097616       -5.78       -3.51    3.4    2.37s
  5   -2.391864266398       -6.77       -4.12    2.9    1.79s
  6   -2.391864296471       -7.52       -4.48    3.4    2.25s
  7   -2.391864298949       -8.61       -5.03    2.4    1.93s
  8   -2.391864299320       -9.43       -5.50    3.2    2.21s
  9   -2.391864299340      -10.70       -6.20    2.4    1.66s
 10   -2.391864299341      -11.83       -6.48    2.7    2.03s
 11   -2.391864299341      -12.80       -7.40    2.0    1.81s
n     Energy            log10(ΔE)   log10(Δρ)   Diag   Δtime
---   ---------------   ---------   ---------   ----   ------
  1   -2.391730370323                   -1.99    6.0    3.43s
  2   -2.391824839459       -4.02       -2.22    1.2    1.52s
  3   -2.391862404601       -4.43       -3.09    3.6    2.51s
  4   -2.391864084286       -5.77       -3.50    3.4    2.35s
  5   -2.391864265187       -6.74       -4.11    2.8    1.81s
  6   -2.391864296396       -7.51       -4.47    3.4    2.27s
  7   -2.391864298911       -8.60       -5.01    2.4    1.91s
  8   -2.391864299318       -9.39       -5.48    3.2    2.18s
  9   -2.391864299340      -10.67       -6.12    2.5    1.64s
 10   -2.391864299341      -11.88       -6.46    2.4    1.86s
 11   -2.391864299341      -12.78       -7.34    2.1    1.75s
     5    -2.391864e+00     2.739961e-04
 * time: 399.78142976760864
n     Energy            log10(ΔE)   log10(Δρ)   Diag   Δtime
---   ---------------   ---------   ---------   ----   ------
  1   -2.391748822462                   -2.00    6.1    6.16s
  2   -2.391834607465       -4.07       -2.23    1.2    2.71s
  3   -2.391871169392       -4.44       -3.11    3.6    4.56s
  4   -2.391872772932       -5.79       -3.48    3.4    4.43s
  5   -2.391872963115       -6.72       -4.12    2.8    3.82s
  6   -2.391872992966       -7.53       -4.44    3.5    4.32s
  7   -2.391872995401       -8.61       -5.03    2.4    3.57s
  8   -2.391872995783       -9.42       -5.51    3.2    4.10s
  9   -2.391872995802      -10.72       -6.13    2.5    3.59s
 10   -2.391872995803      -11.83       -6.46    2.5    3.54s
 11   -2.391872995803      -12.75       -7.39    2.1    3.31s
n     Energy            log10(ΔE)   log10(Δρ)   Diag   Δtime
---   ---------------   ---------   ---------   ----   ------
  1   -2.391749323864                   -2.00    6.1    6.26s
  2   -2.391835232791       -4.07       -2.23    1.2    2.72s
  3   -2.391871190154       -4.44       -3.11    3.5    4.57s
  4   -2.391872772396       -5.80       -3.47    3.4    4.31s
  5   -2.391872963626       -6.72       -4.12    2.7    3.83s
  6   -2.391872992998       -7.53       -4.44    3.6    4.39s
  7   -2.391872995391       -8.62       -5.03    2.3    3.49s
  8   -2.391872995783       -9.41       -5.54    3.2    4.03s
  9   -2.391872995802      -10.74       -6.22    2.4    3.46s
 10   -2.391872995803      -11.82       -6.49    2.7    3.72s
 11   -2.391872995803      -12.78       -7.42    2.0    3.29s
     6    -2.391873e+00     2.295583e-05
 * time: 525.5844328403473
n     Energy            log10(ΔE)   log10(Δρ)   Diag   Δtime
---   ---------------   ---------   ---------   ----   ------
  1   -2.391742999262                   -2.00    6.2    6.49s
  2   -2.391834796632       -4.04       -2.23    1.3    2.76s
  3   -2.391871232490       -4.44       -3.12    3.7    4.69s
  4   -2.391872826948       -5.80       -3.46    3.5    4.31s
  5   -2.391873026542       -6.70       -4.12    2.8    3.74s
  6   -2.391873055783       -7.53       -4.43    3.5    4.28s
  7   -2.391873058215       -8.61       -5.02    2.3    3.43s
  8   -2.391873058629       -9.38       -5.51    3.1    3.97s
  9   -2.391873058647      -10.72       -6.20    2.4    3.51s
 10   -2.391873058649      -11.80       -6.44    2.7    3.67s
 11   -2.391873058649      -12.76       -7.37    2.1    3.33s
n     Energy            log10(ΔE)   log10(Δρ)   Diag   Δtime
---   ---------------   ---------   ---------   ----   ------
  1   -2.391742523641                   -2.00    6.2    6.41s
  2   -2.391834358754       -4.04       -2.23    1.3    2.79s
  3   -2.391871256044       -4.43       -3.11    3.7    4.69s
  4   -2.391872831298       -5.80       -3.47    3.4    4.41s
  5   -2.391873026519       -6.71       -4.12    2.8    3.95s
  6   -2.391873055816       -7.53       -4.43    3.5    4.41s
  7   -2.391873058219       -8.62       -5.02    2.3    3.52s
  8   -2.391873058628       -9.39       -5.50    3.2    4.03s
  9   -2.391873058647      -10.72       -6.20    2.4    3.53s
 10   -2.391873058649      -11.78       -6.43    2.8    3.70s
 11   -2.391873058649      -12.76       -7.39    2.1    3.30s
     7    -2.391873e+00     4.328575e-07
 * time: 651.8902399539948
 * Status: success

 * Candidate solution
    Final objective value:     -2.391873e+00

 * Found with
    Algorithm:     L-BFGS

 * Convergence measures
    |x - x'|               = 5.38e-03 ≰ -1.0e+00
    |x - x'|/|x'|          = 5.09e-04 ≰ 0.0e+00
    |f(x) - f(x')|         = 6.28e-08 ≰ 1.0e-08
    |f(x) - f(x')|/|f(x')| = 2.63e-08 ≰ 0.0e+00
    |g(x)|                 = 4.33e-07 ≤ 1.0e-06

 * Work counters
    Seconds run:   652  (vs limit Inf)
    Iterations:    7
    f(x) calls:    8
    ∇f(x) calls:   8

Al: 691.768545 seconds (668.70 M allocations: 187.072 GiB, 7.63% gc time, 0.00% compilation time)
n     Energy            log10(ΔE)   log10(Δρ)   Diag   Δtime
---   ---------------   ---------   ---------   ----   ------
  1   -75.10528680694                   -1.13    9.1    9.19s
  2   -75.10666808419       -2.86       -1.25    3.5    4.23s
  3   -75.10824071007       -2.80       -1.84    6.6    6.83s
  4   -75.10826379313       -4.64       -2.53    4.4    4.71s
  5   -75.10826550102       -5.77       -2.68    4.6    5.50s
  6   -75.10826825595       -5.56       -2.90    4.0    4.67s
  7   -75.10826950268       -5.90       -3.22    4.3    5.06s
  8   -75.10826974182       -6.62       -3.57    4.4    5.23s
  9   -75.10826978910       -7.33       -3.99    5.0    5.51s
 10   -75.10826979070       -8.80       -4.11    2.9    3.79s
 11   -75.10826979458       -8.41       -4.90    4.4    5.00s
 12   -75.10826979453   +  -10.35       -5.01    4.4    5.01s
 13   -75.10826979457      -10.37       -5.16    3.1    4.07s
 14   -75.10826979461      -10.40       -5.77    4.1    4.85s
 15   -75.10826979462      -11.70       -6.27    4.4    5.26s
 16   -75.10826979462      -12.34       -6.79    5.0    5.57s
 17   -75.10826979462      -13.85       -7.95    4.6    5.23s
Iter     Function value   Gradient norm 
     0    -7.510827e+01     5.352151e-02
 * time: 4.0531158447265625e-6
n     Energy            log10(ΔE)   log10(Δρ)   Diag   Δtime
---   ---------------   ---------   ---------   ----   ------
  1   -75.10770003818                   -1.13    9.5    9.55s
  2   -75.10914630276       -2.84       -1.24    3.6    4.33s
  3   -75.11085784649       -2.77       -1.80    6.8    7.37s
  4   -75.11088577878       -4.55       -2.48    4.4    4.68s
  5   -75.11088805596       -5.64       -2.64    4.7    5.50s
  6   -75.11089145210       -5.47       -2.85    4.2    4.83s
  7   -75.11089301669       -5.81       -3.15    4.4    5.04s
  8   -75.11089336037       -6.46       -3.51    4.6    5.25s
  9   -75.11089342614       -7.18       -3.96    5.2    5.64s
 10   -75.11089342267   +   -8.46       -3.93    4.7    4.92s
 11   -75.11089342934       -8.18       -4.24    3.6    4.25s
 12   -75.11089343145       -8.68       -5.26    5.1    5.39s
 13   -75.11089343143   +  -10.72       -5.12    6.2    6.80s
 14   -75.11089343146      -10.49       -5.42    3.8    4.40s
 15   -75.11089343147      -11.02       -6.44    4.2    4.77s
 16   -75.11089343147      -12.64       -6.89    6.5    6.70s
 17   -75.11089343147      -13.55       -7.14    3.3    3.97s
n     Energy            log10(ΔE)   log10(Δρ)   Diag   Δtime
---   ---------------   ---------   ---------   ----   ------
  1   -75.10769667499                   -1.13    9.5    9.52s
  2   -75.10915640983       -2.84       -1.24    3.6    4.27s
  3   -75.11085740201       -2.77       -1.80    6.7    6.83s
  4   -75.11088612424       -4.54       -2.49    4.5    4.70s
  5   -75.11088803872       -5.72       -2.63    4.6    5.35s
  6   -75.11089148235       -5.46       -2.85    4.2    4.74s
  7   -75.11089302686       -5.81       -3.15    4.4    5.18s
  8   -75.11089335502       -6.48       -3.50    4.6    5.11s
  9   -75.11089342634       -7.15       -3.97    5.3    5.51s
 10   -75.11089342315   +   -8.50       -3.94    4.6    4.83s
 11   -75.11089342940       -8.20       -4.24    3.5    4.14s
 12   -75.11089343145       -8.69       -5.34    5.1    5.34s
 13   -75.11089343143   +  -10.79       -5.16    5.4    6.20s
 14   -75.11089343146      -10.55       -5.47    4.3    4.60s
 15   -75.11089343147      -11.15       -6.42    4.1    4.58s
 16   -75.11089343147      -13.55       -6.32    6.5    6.59s
 17   -75.11089343147      -12.70       -7.18    3.5    4.25s
     1    -7.511089e+01     4.462436e-02
 * time: 245.1523380279541
n     Energy            log10(ΔE)   log10(Δρ)   Diag   Δtime
---   ---------------   ---------   ---------   ----   ------
  1   -75.11304989376                   -1.09    9.7    18.0s
  2   -75.11508865789       -2.69       -1.19    3.5    8.26s
  3   -75.11766569891       -2.59       -1.61    7.0    13.6s
  4   -75.11778062666       -3.94       -2.27    4.3    9.11s
  5   -75.11778688568       -5.20       -2.42    4.8    10.8s
  6   -75.11779727133       -4.98       -2.63    4.2    9.25s
  7   -75.11780154815       -5.37       -2.86    4.3    9.50s
  8   -75.11780294538       -5.85       -3.31    4.7    10.3s
  9   -75.11780306566       -6.92       -3.50    4.0    8.92s
 10   -75.11780311940       -7.27       -3.79    3.8    8.74s
 11   -75.11780313106       -7.93       -4.37    4.6    9.94s
 12   -75.11780313127       -9.67       -4.86    3.5    8.53s
 13   -75.11780313133      -10.21       -5.27    4.3    9.36s
 14   -75.11780313136      -10.62       -5.43    5.5    10.7s
 15   -75.11780313137      -10.94       -5.71    5.0    10.1s
 16   -75.11780313137      -12.57       -6.18    4.8    10.0s
 17   -75.11780313137      -12.38       -6.92    4.4    9.53s
 18   -75.11780313137      -12.94       -7.23    4.3    10.3s
n     Energy            log10(ΔE)   log10(Δρ)   Diag   Δtime
---   ---------------   ---------   ---------   ----   ------
  1   -75.11304394662                   -1.09    9.8    17.9s
  2   -75.11509716570       -2.69       -1.19    3.6    8.12s
  3   -75.11766532555       -2.59       -1.61    6.9    13.5s
  4   -75.11778001131       -3.94       -2.27    4.3    9.05s
  5   -75.11778762047       -5.12       -2.43    4.7    10.1s
  6   -75.11779717651       -5.02       -2.62    4.2    8.91s
  7   -75.11780159968       -5.35       -2.87    4.3    9.33s
  8   -75.11780293860       -5.87       -3.31    4.5    10.1s
  9   -75.11780308376       -6.84       -3.56    4.6    9.70s
 10   -75.11780312846       -7.35       -3.95    4.1    8.92s
 11   -75.11780313112       -8.58       -4.51    4.2    9.22s
 12   -75.11780313095   +   -9.76       -4.64    4.3    8.87s
 13   -75.11780313127       -9.49       -5.03    3.9    8.31s
 14   -75.11780313137      -10.03       -5.73    5.4    10.7s
 15   -75.11780313137      -11.59       -5.94    5.2    10.5s
 16   -75.11780313137      -12.67       -6.76    5.5    10.2s
 17   -75.11780313137      -13.85       -6.96    4.3    9.53s
 18   -75.11780313137   +  -12.70       -7.54    4.3    9.17s
     2    -7.511780e+01     9.156092e-03
 * time: 673.7081780433655
n     Energy            log10(ΔE)   log10(Δρ)   Diag   Δtime
---   ---------------   ---------   ---------   ----   ------
  1   -75.11285416773                   -1.07    9.9    18.3s
  2   -75.11511875248       -2.65       -1.17    3.6    8.32s
  3   -75.11799830666       -2.54       -1.56    7.1    13.9s
  4   -75.11815863272       -3.79       -2.20    4.7    9.43s
  5   -75.11817604653       -4.76       -2.42    4.5    9.71s
  6   -75.11818561354       -5.02       -2.60    4.2    9.24s
  7   -75.11819052118       -5.31       -2.85    4.1    8.95s
  8   -75.11819190326       -5.86       -3.22    4.4    9.69s
  9   -75.11819212495       -6.65       -3.50    4.6    10.0s
 10   -75.11819218470       -7.22       -4.02    4.7    9.51s
 11   -75.11819218654       -8.74       -4.43    4.3    9.19s
 12   -75.11819218654      -11.24       -4.54    4.2    8.80s
 13   -75.11819218670       -9.81       -4.82    2.3    6.53s
 14   -75.11819218687       -9.76       -5.26    4.5    9.51s
 15   -75.11819218689      -10.70       -5.61    5.4    10.7s
 16   -75.11819218689      -11.79       -6.72    4.9    10.0s
 17   -75.11819218689      -12.30       -6.77    6.6    12.8s
 18   -75.11819218689      -12.57       -7.16    4.1    8.93s
n     Energy            log10(ΔE)   log10(Δρ)   Diag   Δtime
---   ---------------   ---------   ---------   ----   ------
  1   -75.11285390166                   -1.07    9.9    18.1s
  2   -75.11513042139       -2.64       -1.17    3.9    8.52s
  3   -75.11799692740       -2.54       -1.56    7.1    13.4s
  4   -75.11815974880       -3.79       -2.20    4.7    9.46s
  5   -75.11817604307       -4.79       -2.42    4.5    9.66s
  6   -75.11818558723       -5.02       -2.60    4.2    8.85s
  7   -75.11819054167       -5.31       -2.85    4.3    9.39s
  8   -75.11819193709       -5.86       -3.24    4.5    9.68s
  9   -75.11819210666       -6.77       -3.46    4.3    9.22s
 10   -75.11819218272       -7.12       -3.94    4.4    9.32s
 11   -75.11819218567       -8.53       -4.18    4.5    9.06s
 12   -75.11819218650       -9.08       -4.60    3.6    7.85s
 13   -75.11819218678       -9.56       -4.92    4.6    9.53s
 14   -75.11819218686      -10.08       -5.49    5.1    10.2s
 15   -75.11819218689      -10.52       -6.00    5.6    10.5s
 16   -75.11819218689   +  -12.10       -6.21    5.0    10.4s
 17   -75.11819218689      -11.93       -6.87    4.1    8.42s
 18   -75.11819218689   +  -13.25       -7.16    4.5    9.18s
     3    -7.511819e+01     2.226845e-03
 * time: 1098.996903181076
n     Energy            log10(ΔE)   log10(Δρ)   Diag   Δtime
---   ---------------   ---------   ---------   ----   ------
  1   -75.11267228915                   -1.07   10.0    18.1s
  2   -75.11501507069       -2.63       -1.17    3.8    8.36s
  3   -75.11800098179       -2.52       -1.54    7.1    13.5s
  4   -75.11818218855       -3.74       -2.18    4.8    9.87s
  5   -75.11820267438       -4.69       -2.42    4.6    9.69s
  6   -75.11821207420       -5.03       -2.59    4.1    8.93s
  7   -75.11821729262       -5.28       -2.85    4.1    9.00s
  8   -75.11821868303       -5.86       -3.21    4.4    9.86s
  9   -75.11821889856       -6.67       -3.46    4.6    9.65s
 10   -75.11821898440       -7.07       -4.00    4.5    9.51s
 11   -75.11821898686       -8.61       -4.27    4.6    9.32s
 12   -75.11821898670   +   -9.78       -4.46    1.8    5.63s
 13   -75.11821898694       -9.62       -4.80    2.0    6.01s
 14   -75.11821898711       -9.75       -5.22    4.2    9.29s
 15   -75.11821898714      -10.54       -5.61    5.1    9.89s
 16   -75.11821898715      -11.48       -6.12    5.6    11.0s
 17   -75.11821898715      -12.18       -6.70    4.8    9.62s
 18   -75.11821898715      -13.37       -7.01    4.9    10.1s
n     Energy            log10(ΔE)   log10(Δρ)   Diag   Δtime
---   ---------------   ---------   ---------   ----   ------
  1   -75.11267735102                   -1.07   10.0    18.2s
  2   -75.11501780541       -2.63       -1.17    3.7    8.37s
  3   -75.11800012611       -2.53       -1.54    7.1    13.6s
  4   -75.11818217940       -3.74       -2.18    4.8    9.82s
  5   -75.11820262223       -4.69       -2.42    4.5    9.53s
  6   -75.11821204755       -5.03       -2.59    4.1    8.90s
  7   -75.11821727159       -5.28       -2.85    4.2    9.05s
  8   -75.11821864206       -5.86       -3.19    4.4    9.82s
  9   -75.11821891070       -6.57       -3.49    4.8    9.91s
 10   -75.11821898424       -7.13       -3.98    4.6    9.64s
 11   -75.11821898643       -8.66       -4.34    4.6    9.70s
 12   -75.11821898689       -9.34       -4.55    4.3    8.99s
 13   -75.11821898692      -10.47       -4.78    1.8    5.79s
 14   -75.11821898710       -9.74       -5.13    4.3    9.12s
 15   -75.11821898715      -10.33       -5.73    5.2    10.1s
 16   -75.11821898715      -11.91       -6.53    5.1    10.4s
 17   -75.11821898715      -12.77       -6.76    5.7    11.3s
 18   -75.11821898715      -13.00       -7.00    3.9    8.37s
 19   -75.11821898715   +  -12.77       -7.63    4.3    8.93s
     4    -7.511822e+01     1.928563e-04
 * time: 1527.4953031539917
n     Energy            log10(ΔE)   log10(Δρ)   Diag   Δtime
---   ---------------   ---------   ---------   ----   ------
  1   -75.11265414820                   -1.07    9.7    17.5s
  2   -75.11499953335       -2.63       -1.17    3.6    8.07s
  3   -75.11799856004       -2.52       -1.54    7.1    13.4s
  4   -75.11818241340       -3.74       -2.18    4.8    9.71s
  5   -75.11820254846       -4.70       -2.42    4.5    9.55s
  6   -75.11821226775       -5.01       -2.59    4.2    9.09s
  7   -75.11821748880       -5.28       -2.85    4.1    8.94s
  8   -75.11821890581       -5.85       -3.22    4.4    9.58s
  9   -75.11821910601       -6.70       -3.44    4.4    9.56s
 10   -75.11821919202       -7.07       -3.96    4.6    9.30s
 11   -75.11821919456       -8.60       -4.21    4.5    9.08s
 12   -75.11821919475       -9.74       -4.47    2.3    6.54s
 13   -75.11821919489       -9.83       -4.73    2.7    6.82s
 14   -75.11821919517       -9.56       -5.48    4.9    9.83s
 15   -75.11821919519      -10.82       -6.06    6.1    11.5s
 16   -75.11821919519      -12.45       -6.26    4.3    9.46s
 17   -75.11821919519      -12.49       -6.86    4.6    9.32s
 18   -75.11821919519   +  -13.07       -6.94    3.6    8.33s
 19   -75.11821919519      -13.85       -8.06    4.5    9.57s
n     Energy            log10(ΔE)   log10(Δρ)   Diag   Δtime
---   ---------------   ---------   ---------   ----   ------
  1   -75.11265768425                   -1.07    9.8    17.8s
  2   -75.11501328307       -2.63       -1.17    3.7    8.17s
  3   -75.11799777750       -2.53       -1.54    7.0    13.3s
  4   -75.11818065253       -3.74       -2.17    4.8    9.66s
  5   -75.11820353511       -4.64       -2.43    4.4    9.37s
  6   -75.11821245376       -5.05       -2.59    4.1    8.77s
  7   -75.11821759763       -5.29       -2.86    4.1    9.08s
  8   -75.11821886022       -5.90       -3.19    4.5    9.55s
  9   -75.11821911732       -6.59       -3.47    4.6    9.42s
 10   -75.11821919308       -7.12       -4.03    4.9    9.56s
 11   -75.11821919486       -8.75       -4.29    4.3    9.27s
 12   -75.11821919465   +   -9.67       -4.46    3.2    7.43s
 13   -75.11821919495       -9.52       -4.78    1.8    5.60s
 14   -75.11821919515       -9.71       -5.19    4.2    8.87s
 15   -75.11821919518      -10.49       -5.50    4.7    9.55s
 16   -75.11821919519      -11.26       -6.08    5.0    10.1s
 17   -75.11821919519      -12.10       -6.47    4.6    9.40s
 18   -75.11821919519      -13.15       -6.83    4.4    9.47s
 19   -75.11821919519   +  -13.15       -7.99    5.1    10.2s
     5    -7.511822e+01     4.349208e-06
 * time: 1957.773213148117
n     Energy            log10(ΔE)   log10(Δρ)   Diag   Δtime
---   ---------------   ---------   ---------   ----   ------
  1   -75.11265147973                   -1.07    9.7    17.5s
  2   -75.11499937620       -2.63       -1.17    3.4    7.98s
  3   -75.11799886739       -2.52       -1.54    7.1    13.7s
  4   -75.11818363697       -3.73       -2.18    4.8    9.47s
  5   -75.11820190878       -4.74       -2.41    4.4    9.47s
  6   -75.11821214826       -4.99       -2.59    4.2    8.84s
  7   -75.11821743092       -5.28       -2.84    4.3    9.30s
  8   -75.11821890903       -5.83       -3.22    4.4    9.63s
  9   -75.11821909758       -6.72       -3.43    4.3    9.41s
 10   -75.11821918895       -7.04       -3.87    4.4    9.20s
 11   -75.11821919428       -8.27       -4.17    4.3    8.98s
 12   -75.11821919496       -9.16       -4.54    3.4    7.87s
 13   -75.11821919511       -9.84       -4.84    3.9    8.45s
 14   -75.11821919527       -9.77       -5.56    5.1    10.2s
 15   -75.11821919529      -10.81       -5.91    6.1    11.3s
 16   -75.11821919529      -12.59       -6.19    4.8    10.0s
 17   -75.11821919529      -12.70       -6.77    4.3    8.86s
 18   -75.11821919529      -13.25       -7.01    4.3    8.98s
n     Energy            log10(ΔE)   log10(Δρ)   Diag   Δtime
---   ---------------   ---------   ---------   ----   ------
  1   -75.11265477284                   -1.07    9.7    17.8s
  2   -75.11500826273       -2.63       -1.17    3.6    8.20s
  3   -75.11799871707       -2.52       -1.54    7.0    13.4s
  4   -75.11818072844       -3.74       -2.17    4.8    9.82s
  5   -75.11820329246       -4.65       -2.43    4.3    9.24s
  6   -75.11821242564       -5.04       -2.59    4.1    8.70s
  7   -75.11821759305       -5.29       -2.86    4.1    9.09s
  8   -75.11821886670       -5.89       -3.19    4.4    9.46s
  9   -75.11821912183       -6.59       -3.48    4.5    9.41s
 10   -75.11821919316       -7.15       -4.03    4.7    9.33s
 11   -75.11821919498       -8.74       -4.30    4.3    9.25s
 12   -75.11821919477   +   -9.69       -4.47    3.2    7.29s
 13   -75.11821919508       -9.51       -4.80    1.7    5.51s
 14   -75.11821919525       -9.76       -5.18    4.0    8.66s
 15   -75.11821919528      -10.49       -5.52    4.6    9.16s
 16   -75.11821919529      -11.31       -6.05    5.0    9.93s
 17   -75.11821919529      -12.00       -6.52    4.5    9.11s
 18   -75.11821919529   +  -13.55       -6.82    4.6    9.50s
 19   -75.11821919529   +    -Inf       -7.73    4.9    9.49s
     6    -7.511822e+01     1.694468e-08
 * time: 2381.010929107666
┌ Info: Threading setup: 
│   Threads.nthreads() = 1
│   n_DFTK = 1
│   n_fft = 1
└   n_blas = 1
┌ Info: 2025-05-14T12:15:06.442
│   name = "Si"
│   Ecut = 18.0
│   kgrid = MonkhorstPack([14, 14, 14])
│   p0 = ComponentVector{Float64}(a = 10.347246312603742)
│   temperature = 0.001
└   smearing = DFTK.Smearing.Gaussian()
┌ Info: 2025-05-14T12:21:11.700
│   name = "NaCl"
│   Ecut = 44.0
│   kgrid = MonkhorstPack([13, 13, 13])
│   p0 = ComponentVector{Float64}(a = 10.746130571470083)
│   temperature = 0
└   smearing = DFTK.Smearing.None()
┌ Info: 2025-05-14T12:45:04.482
│   name = "Al"
│   Ecut = 20.0
│   kgrid = MonkhorstPack([18, 18, 18])
│   p0 = ComponentVector{Float64}(a = 7.641925528121933)
│   temperature = 0.001
└   smearing = DFTK.Smearing.Gaussian()
┌ Info: 2025-05-14T12:56:36.251
│   name = "V"
│   Ecut = 42.0
│   kgrid = MonkhorstPack([20, 20, 20])
│   p0 = ComponentVector{Float64}(a = 5.699267600684394)
│   temperature = 0.001
└   smearing = DFTK.Smearing.Gaussian()
┌ Warning: Negative ρcore detected: -3.4151886922104144e-8
└ @ DFTK ~/.julia/packages/DFTK/n2IL4/src/terms/xc.jl:39
┌ Warning: Negative ρcore detected: Dual{ForwardDiff.Tag{var"#19#21"{@NamedTuple{ham::Hamiltonian, basis::PlaneWaveBasis{Float64, Float64, DFTK.CPU, FFTGrid{Float64, Float64, Array{StaticArraysCore.SVector{3, Int64}, 3}, Array{StaticArraysCore.SVector{3, Float64}, 3}}, Vector{StaticArraysCore.SVector{3, Int64}}}, energies::Energies{Float64}, converged::Bool, occupation_threshold::Float64, ρ::Array{Float64, 4}, τ::Nothing, α::Float64, eigenvalues::Vector{Vector{Float64}}, occupation::Vector{Vector{Float64}}, εF::Float64, n_bands_converge::Int64, n_iter::Int64, n_matvec::Int64, ψ::Vector{Matrix{ComplexF64}}, diagonalization::Vector{@NamedTuple{λ::Vector{Vector{Float64}}, X::Vector{Matrix{ComplexF64}}, residual_norms::Vector{Vector{Float64}}, n_iter::Vector{Int64}, converged::Bool, n_matvec::Int64}}, stage::Symbol, history_Δρ::Vector{Float64}, history_Etot::Vector{Float64}, timedout::Bool, runtime_ns::UInt64, algorithm::String}, Model{Float64, Float64}, Float64, MonkhorstPack, var"#case#4"{Matrix{Float64}, Float64, MonkhorstPack, Vector{StaticArraysCore.SVector{3, Float64}}, Vector{ElementPsp{PspUpf{Float64, Interpolations.Extrapolation{Float64, 1, Interpolations.GriddedInterpolation{Float64, 1, Vector{Float64}, Interpolations.Gridded{Interpolations.Linear{Interpolations.Throw{Interpolations.OnGrid}}}, Tuple{Vector{Float64}}}, Interpolations.Gridded{Interpolations.Linear{Interpolations.Throw{Interpolations.OnGrid}}}, Interpolations.Throw{Nothing}}}}}, Float64, Float64, String}}, Float64}}(-3.4151886922104144e-8,-1.2413273474001241e-8)
└ @ DFTK ~/.julia/packages/DFTK/n2IL4/src/terms/xc.jl:39
┌ Warning: Negative ρcore detected: -3.3744873962076636e-8
└ @ DFTK ~/.julia/packages/DFTK/n2IL4/src/terms/xc.jl:39
┌ Warning: Negative ρcore detected: -3.3744873962076636e-8
└ @ DFTK ~/.julia/packages/DFTK/n2IL4/src/terms/xc.jl:39
┌ Warning: Negative ρcore detected: Dual{ForwardDiff.Tag{var"#19#21"{@NamedTuple{ham::Hamiltonian, basis::PlaneWaveBasis{Float64, Float64, DFTK.CPU, FFTGrid{Float64, Float64, Array{StaticArraysCore.SVector{3, Int64}, 3}, Array{StaticArraysCore.SVector{3, Float64}, 3}}, Vector{StaticArraysCore.SVector{3, Int64}}}, energies::Energies{Float64}, converged::Bool, occupation_threshold::Float64, ρ::Array{Float64, 4}, τ::Nothing, α::Float64, eigenvalues::Vector{Vector{Float64}}, occupation::Vector{Vector{Float64}}, εF::Float64, n_bands_converge::Int64, n_iter::Int64, n_matvec::Int64, ψ::Vector{Matrix{ComplexF64}}, diagonalization::Vector{@NamedTuple{λ::Vector{Vector{Float64}}, X::Vector{Matrix{ComplexF64}}, residual_norms::Vector{Vector{Float64}}, n_iter::Vector{Int64}, converged::Bool, n_matvec::Int64}}, stage::Symbol, history_Δρ::Vector{Float64}, history_Etot::Vector{Float64}, timedout::Bool, runtime_ns::UInt64, algorithm::String}, Model{Float64, Float64}, Float64, MonkhorstPack, var"#case#4"{Matrix{Float64}, Float64, MonkhorstPack, Vector{StaticArraysCore.SVector{3, Float64}}, Vector{ElementPsp{PspUpf{Float64, Interpolations.Extrapolation{Float64, 1, Interpolations.GriddedInterpolation{Float64, 1, Vector{Float64}, Interpolations.Gridded{Interpolations.Linear{Interpolations.Throw{Interpolations.OnGrid}}}, Tuple{Vector{Float64}}}, Interpolations.Gridded{Interpolations.Linear{Interpolations.Throw{Interpolations.OnGrid}}}, Interpolations.Throw{Nothing}}}}}, Float64, Float64, String}}, Float64}}(-3.3744873962076636e-8,-1.9342335088023928e-7)
└ @ DFTK ~/.julia/packages/DFTK/n2IL4/src/terms/xc.jl:39
┌ Warning: Negative ρcore detected: -2.7856727834745462e-8
└ @ DFTK ~/.julia/packages/DFTK/n2IL4/src/terms/xc.jl:39
┌ Warning: Negative ρcore detected: -2.7856727834745462e-8
└ @ DFTK ~/.julia/packages/DFTK/n2IL4/src/terms/xc.jl:39
┌ Warning: Negative ρcore detected: Dual{ForwardDiff.Tag{var"#19#21"{@NamedTuple{ham::Hamiltonian, basis::PlaneWaveBasis{Float64, Float64, DFTK.CPU, FFTGrid{Float64, Float64, Array{StaticArraysCore.SVector{3, Int64}, 3}, Array{StaticArraysCore.SVector{3, Float64}, 3}}, Vector{StaticArraysCore.SVector{3, Int64}}}, energies::Energies{Float64}, converged::Bool, occupation_threshold::Float64, ρ::Array{Float64, 4}, τ::Nothing, α::Float64, eigenvalues::Vector{Vector{Float64}}, occupation::Vector{Vector{Float64}}, εF::Float64, n_bands_converge::Int64, n_iter::Int64, n_matvec::Int64, ψ::Vector{Matrix{ComplexF64}}, diagonalization::Vector{@NamedTuple{λ::Vector{Vector{Float64}}, X::Vector{Matrix{ComplexF64}}, residual_norms::Vector{Vector{Float64}}, n_iter::Vector{Int64}, converged::Bool, n_matvec::Int64}}, stage::Symbol, history_Δρ::Vector{Float64}, history_Etot::Vector{Float64}, timedout::Bool, runtime_ns::UInt64, algorithm::String}, Model{Float64, Float64}, Float64, MonkhorstPack, var"#case#4"{Matrix{Float64}, Float64, MonkhorstPack, Vector{StaticArraysCore.SVector{3, Float64}}, Vector{ElementPsp{PspUpf{Float64, Interpolations.Extrapolation{Float64, 1, Interpolations.GriddedInterpolation{Float64, 1, Vector{Float64}, Interpolations.Gridded{Interpolations.Linear{Interpolations.Throw{Interpolations.OnGrid}}}, Tuple{Vector{Float64}}}, Interpolations.Gridded{Interpolations.Linear{Interpolations.Throw{Interpolations.OnGrid}}}, Interpolations.Throw{Nothing}}}}}, Float64, Float64, String}}, Float64}}(-2.7856727834745462e-8,-1.1571148654503482e-7)
└ @ DFTK ~/.julia/packages/DFTK/n2IL4/src/terms/xc.jl:39
┌ Warning: Negative ρcore detected: -2.9422636043402936e-8
└ @ DFTK ~/.julia/packages/DFTK/n2IL4/src/terms/xc.jl:39
┌ Warning: Negative ρcore detected: -2.9422636043402936e-8
└ @ DFTK ~/.julia/packages/DFTK/n2IL4/src/terms/xc.jl:39
┌ Warning: Negative ρcore detected: Dual{ForwardDiff.Tag{var"#19#21"{@NamedTuple{ham::Hamiltonian, basis::PlaneWaveBasis{Float64, Float64, DFTK.CPU, FFTGrid{Float64, Float64, Array{StaticArraysCore.SVector{3, Int64}, 3}, Array{StaticArraysCore.SVector{3, Float64}, 3}}, Vector{StaticArraysCore.SVector{3, Int64}}}, energies::Energies{Float64}, converged::Bool, occupation_threshold::Float64, ρ::Array{Float64, 4}, τ::Nothing, α::Float64, eigenvalues::Vector{Vector{Float64}}, occupation::Vector{Vector{Float64}}, εF::Float64, n_bands_converge::Int64, n_iter::Int64, n_matvec::Int64, ψ::Vector{Matrix{ComplexF64}}, diagonalization::Vector{@NamedTuple{λ::Vector{Vector{Float64}}, X::Vector{Matrix{ComplexF64}}, residual_norms::Vector{Vector{Float64}}, n_iter::Vector{Int64}, converged::Bool, n_matvec::Int64}}, stage::Symbol, history_Δρ::Vector{Float64}, history_Etot::Vector{Float64}, timedout::Bool, runtime_ns::UInt64, algorithm::String}, Model{Float64, Float64}, Float64, MonkhorstPack, var"#case#4"{Matrix{Float64}, Float64, MonkhorstPack, Vector{StaticArraysCore.SVector{3, Float64}}, Vector{ElementPsp{PspUpf{Float64, Interpolations.Extrapolation{Float64, 1, Interpolations.GriddedInterpolation{Float64, 1, Vector{Float64}, Interpolations.Gridded{Interpolations.Linear{Interpolations.Throw{Interpolations.OnGrid}}}, Tuple{Vector{Float64}}}, Interpolations.Gridded{Interpolations.Linear{Interpolations.Throw{Interpolations.OnGrid}}}, Interpolations.Throw{Nothing}}}}}, Float64, Float64, String}}, Float64}}(-2.9422636043402936e-8,-8.658325634129196e-9)
└ @ DFTK ~/.julia/packages/DFTK/n2IL4/src/terms/xc.jl:39
┌ Warning: Negative ρcore detected: -3.071848951523545e-8
└ @ DFTK ~/.julia/packages/DFTK/n2IL4/src/terms/xc.jl:39
┌ Warning: Negative ρcore detected: -3.071848951523545e-8
└ @ DFTK ~/.julia/packages/DFTK/n2IL4/src/terms/xc.jl:39
┌ Warning: Negative ρcore detected: Dual{ForwardDiff.Tag{var"#19#21"{@NamedTuple{ham::Hamiltonian, basis::PlaneWaveBasis{Float64, Float64, DFTK.CPU, FFTGrid{Float64, Float64, Array{StaticArraysCore.SVector{3, Int64}, 3}, Array{StaticArraysCore.SVector{3, Float64}, 3}}, Vector{StaticArraysCore.SVector{3, Int64}}}, energies::Energies{Float64}, converged::Bool, occupation_threshold::Float64, ρ::Array{Float64, 4}, τ::Nothing, α::Float64, eigenvalues::Vector{Vector{Float64}}, occupation::Vector{Vector{Float64}}, εF::Float64, n_bands_converge::Int64, n_iter::Int64, n_matvec::Int64, ψ::Vector{Matrix{ComplexF64}}, diagonalization::Vector{@NamedTuple{λ::Vector{Vector{Float64}}, X::Vector{Matrix{ComplexF64}}, residual_norms::Vector{Vector{Float64}}, n_iter::Vector{Int64}, converged::Bool, n_matvec::Int64}}, stage::Symbol, history_Δρ::Vector{Float64}, history_Etot::Vector{Float64}, timedout::Bool, runtime_ns::UInt64, algorithm::String}, Model{Float64, Float64}, Float64, MonkhorstPack, var"#case#4"{Matrix{Float64}, Float64, MonkhorstPack, Vector{StaticArraysCore.SVector{3, Float64}}, Vector{ElementPsp{PspUpf{Float64, Interpolations.Extrapolation{Float64, 1, Interpolations.GriddedInterpolation{Float64, 1, Vector{Float64}, Interpolations.Gridded{Interpolations.Linear{Interpolations.Throw{Interpolations.OnGrid}}}, Tuple{Vector{Float64}}}, Interpolations.Gridded{Interpolations.Linear{Interpolations.Throw{Interpolations.OnGrid}}}, Interpolations.Throw{Nothing}}}}}, Float64, Float64, String}}, Float64}}(-3.071848951523545e-8,-9.693271813000976e-8)
└ @ DFTK ~/.julia/packages/DFTK/n2IL4/src/terms/xc.jl:39
┌ Warning: Negative ρcore detected: -3.0914066174876175e-8
└ @ DFTK ~/.julia/packages/DFTK/n2IL4/src/terms/xc.jl:39
┌ Warning: Negative ρcore detected: -3.0914066174876175e-8
└ @ DFTK ~/.julia/packages/DFTK/n2IL4/src/terms/xc.jl:39
┌ Warning: Negative ρcore detected: Dual{ForwardDiff.Tag{var"#19#21"{@NamedTuple{ham::Hamiltonian, basis::PlaneWaveBasis{Float64, Float64, DFTK.CPU, FFTGrid{Float64, Float64, Array{StaticArraysCore.SVector{3, Int64}, 3}, Array{StaticArraysCore.SVector{3, Float64}, 3}}, Vector{StaticArraysCore.SVector{3, Int64}}}, energies::Energies{Float64}, converged::Bool, occupation_threshold::Float64, ρ::Array{Float64, 4}, τ::Nothing, α::Float64, eigenvalues::Vector{Vector{Float64}}, occupation::Vector{Vector{Float64}}, εF::Float64, n_bands_converge::Int64, n_iter::Int64, n_matvec::Int64, ψ::Vector{Matrix{ComplexF64}}, diagonalization::Vector{@NamedTuple{λ::Vector{Vector{Float64}}, X::Vector{Matrix{ComplexF64}}, residual_norms::Vector{Vector{Float64}}, n_iter::Vector{Int64}, converged::Bool, n_matvec::Int64}}, stage::Symbol, history_Δρ::Vector{Float64}, history_Etot::Vector{Float64}, timedout::Bool, runtime_ns::UInt64, algorithm::String}, Model{Float64, Float64}, Float64, MonkhorstPack, var"#case#4"{Matrix{Float64}, Float64, MonkhorstPack, Vector{StaticArraysCore.SVector{3, Float64}}, Vector{ElementPsp{PspUpf{Float64, Interpolations.Extrapolation{Float64, 1, Interpolations.GriddedInterpolation{Float64, 1, Vector{Float64}, Interpolations.Gridded{Interpolations.Linear{Interpolations.Throw{Interpolations.OnGrid}}}, Tuple{Vector{Float64}}}, Interpolations.Gridded{Interpolations.Linear{Interpolations.Throw{Interpolations.OnGrid}}}, Interpolations.Throw{Nothing}}}}}, Float64, Float64, String}}, Float64}}(-3.0914066174876175e-8,-8.832705664860889e-8)
└ @ DFTK ~/.julia/packages/DFTK/n2IL4/src/terms/xc.jl:39
┌ Warning: Negative ρcore detected: -3.091836435969646e-8
└ @ DFTK ~/.julia/packages/DFTK/n2IL4/src/terms/xc.jl:39
┌ Warning: Negative ρcore detected: -3.091836435969646e-8
└ @ DFTK ~/.julia/packages/DFTK/n2IL4/src/terms/xc.jl:39
┌ Warning: Negative ρcore detected: Dual{ForwardDiff.Tag{var"#19#21"{@NamedTuple{ham::Hamiltonian, basis::PlaneWaveBasis{Float64, Float64, DFTK.CPU, FFTGrid{Float64, Float64, Array{StaticArraysCore.SVector{3, Int64}, 3}, Array{StaticArraysCore.SVector{3, Float64}, 3}}, Vector{StaticArraysCore.SVector{3, Int64}}}, energies::Energies{Float64}, converged::Bool, occupation_threshold::Float64, ρ::Array{Float64, 4}, τ::Nothing, α::Float64, eigenvalues::Vector{Vector{Float64}}, occupation::Vector{Vector{Float64}}, εF::Float64, n_bands_converge::Int64, n_iter::Int64, n_matvec::Int64, ψ::Vector{Matrix{ComplexF64}}, diagonalization::Vector{@NamedTuple{λ::Vector{Vector{Float64}}, X::Vector{Matrix{ComplexF64}}, residual_norms::Vector{Vector{Float64}}, n_iter::Vector{Int64}, converged::Bool, n_matvec::Int64}}, stage::Symbol, history_Δρ::Vector{Float64}, history_Etot::Vector{Float64}, timedout::Bool, runtime_ns::UInt64, algorithm::String}, Model{Float64, Float64}, Float64, MonkhorstPack, var"#case#4"{Matrix{Float64}, Float64, MonkhorstPack, Vector{StaticArraysCore.SVector{3, Float64}}, Vector{ElementPsp{PspUpf{Float64, Interpolations.Extrapolation{Float64, 1, Interpolations.GriddedInterpolation{Float64, 1, Vector{Float64}, Interpolations.Gridded{Interpolations.Linear{Interpolations.Throw{Interpolations.OnGrid}}}, Tuple{Vector{Float64}}}, Interpolations.Gridded{Interpolations.Linear{Interpolations.Throw{Interpolations.OnGrid}}}, Interpolations.Throw{Nothing}}}}}, Float64, Float64, String}}, Float64}}(-3.091836435969646e-8,-8.812981182913522e-8)
└ @ DFTK ~/.julia/packages/DFTK/n2IL4/src/terms/xc.jl:39
 * Status: success

 * Candidate solution
    Final objective value:     -7.511822e+01

 * Found with
    Algorithm:     L-BFGS

 * Convergence measures
    |x - x'|               = 4.87e-05 ≰ -1.0e+00
    |x - x'|/|x'|          = 7.97e-06 ≰ 0.0e+00
    |f(x) - f(x')|         = 1.04e-10 ≤ 1.0e-08
    |f(x) - f(x')|/|f(x')| = 1.39e-12 ≰ 0.0e+00
    |g(x)|                 = 1.69e-08 ≤ 1.0e-06

 * Work counters
    Seconds run:   2381  (vs limit Inf)
    Iterations:    6
    f(x) calls:    7
    ∇f(x) calls:   7

V: 2512.050495 seconds (1.43 G allocations: 690.354 GiB, 4.58% gc time, 0.00% compilation time)
